[0.028s] Invoking command in '/home/takumi/souzoukougaku14/src/build/cat_messages': CMAKE_PREFIX_PATH=${CMAKE_PREFIX_PATH}:/home/takumi/souzoukougaku14/src/install/cat:/opt/ros/humble /usr/bin/cmake --build /home/takumi/souzoukougaku14/src/build/cat_messages -- -j8 -l8
[0.123s] [  2%] Built target cat_messages__cpp
[0.146s] [ 12%] Built target cat_messages__rosidl_generator_c
[0.151s] [ 12%] Built target ament_cmake_python_copy_cat_messages
[0.181s] [ 23%] Built target cat_messages__rosidl_typesupport_cpp
[0.186s] [ 34%] Built target cat_messages__rosidl_typesupport_introspection_cpp
[0.193s] [ 44%] Built target cat_messages__rosidl_typesupport_fastrtps_cpp
[0.200s] [ 55%] Built target cat_messages__rosidl_typesupport_c
[0.201s] [ 65%] Built target cat_messages__rosidl_typesupport_fastrtps_c
[0.202s] [ 76%] Built target cat_messages__rosidl_typesupport_introspection_c
[0.237s] [ 76%] Built target cat_messages
[0.270s] [ 78%] Built target cat_messages__py
[0.314s] [ 87%] Built target cat_messages__rosidl_generator_py
[0.361s] [ 91%] Built target cat_messages__rosidl_typesupport_fastrtps_c__pyext
[0.361s] [ 97%] Built target cat_messages__rosidl_typesupport_c__pyext
[0.361s] [100%] Built target cat_messages__rosidl_typesupport_introspection_c__pyext
[0.709s] running egg_info
[0.710s] writing cat_messages.egg-info/PKG-INFO
[0.711s] writing dependency_links to cat_messages.egg-info/dependency_links.txt
[0.711s] writing top-level names to cat_messages.egg-info/top_level.txt
[0.715s] reading manifest file 'cat_messages.egg-info/SOURCES.txt'
[0.716s] writing manifest file 'cat_messages.egg-info/SOURCES.txt'
[0.768s] [100%] Built target ament_cmake_python_build_cat_messages_egg
[0.791s] Invoked command in '/home/takumi/souzoukougaku14/src/build/cat_messages' returned '0': CMAKE_PREFIX_PATH=${CMAKE_PREFIX_PATH}:/home/takumi/souzoukougaku14/src/install/cat:/opt/ros/humble /usr/bin/cmake --build /home/takumi/souzoukougaku14/src/build/cat_messages -- -j8 -l8
[1.032s] Invoking command in '/home/takumi/souzoukougaku14/src/build/cat_messages': CMAKE_PREFIX_PATH=${CMAKE_PREFIX_PATH}:/home/takumi/souzoukougaku14/src/install/cat:/opt/ros/humble /usr/bin/cmake --install /home/takumi/souzoukougaku14/src/build/cat_messages
[1.046s] -- Install configuration: ""
[1.047s] -- Up-to-date: /home/takumi/souzoukougaku14/src/install/cat_messages/share/ament_index/resource_index/rosidl_interfaces/cat_messages
[1.047s] -- Up-to-date: /home/takumi/souzoukougaku14/src/install/cat_messages/include/cat_messages/cat_messages
[1.047s] -- Up-to-date: /home/takumi/souzoukougaku14/src/install/cat_messages/include/cat_messages/cat_messages/msg
[1.047s] -- Up-to-date: /home/takumi/souzoukougaku14/src/install/cat_messages/include/cat_messages/cat_messages/msg/senser.h
[1.047s] -- Up-to-date: /home/takumi/souzoukougaku14/src/install/cat_messages/include/cat_messages/cat_messages/msg/detail
[1.048s] -- Up-to-date: /home/takumi/souzoukougaku14/src/install/cat_messages/include/cat_messages/cat_messages/msg/detail/senser__type_support.h
[1.048s] -- Up-to-date: /home/takumi/souzoukougaku14/src/install/cat_messages/include/cat_messages/cat_messages/msg/detail/senser__struct.h
[1.048s] -- Up-to-date: /home/takumi/souzoukougaku14/src/install/cat_messages/include/cat_messages/cat_messages/msg/detail/vel__type_support.h
[1.048s] -- Up-to-date: /home/takumi/souzoukougaku14/src/install/cat_messages/include/cat_messages/cat_messages/msg/detail/joy_cat__functions.c
[1.048s] -- Up-to-date: /home/takumi/souzoukougaku14/src/install/cat_messages/include/cat_messages/cat_messages/msg/detail/joy_cat__type_support.h
[1.048s] -- Up-to-date: /home/takumi/souzoukougaku14/src/install/cat_messages/include/cat_messages/cat_messages/msg/detail/joy_cat__struct.h
[1.048s] -- Up-to-date: /home/takumi/souzoukougaku14/src/install/cat_messages/include/cat_messages/cat_messages/msg/detail/vel__functions.c
[1.048s] -- Up-to-date: /home/takumi/souzoukougaku14/src/install/cat_messages/include/cat_messages/cat_messages/msg/detail/vel__functions.h
[1.048s] -- Up-to-date: /home/takumi/souzoukougaku14/src/install/cat_messages/include/cat_messages/cat_messages/msg/detail/senser__functions.h
[1.049s] -- Up-to-date: /home/takumi/souzoukougaku14/src/install/cat_messages/include/cat_messages/cat_messages/msg/detail/joy_cat__functions.h
[1.049s] -- Up-to-date: /home/takumi/souzoukougaku14/src/install/cat_messages/include/cat_messages/cat_messages/msg/detail/senser__functions.c
[1.049s] -- Up-to-date: /home/takumi/souzoukougaku14/src/install/cat_messages/include/cat_messages/cat_messages/msg/detail/vel__struct.h
[1.049s] -- Up-to-date: /home/takumi/souzoukougaku14/src/install/cat_messages/include/cat_messages/cat_messages/msg/vel.h
[1.049s] -- Up-to-date: /home/takumi/souzoukougaku14/src/install/cat_messages/include/cat_messages/cat_messages/msg/joy_cat.h
[1.050s] -- Up-to-date: /home/takumi/souzoukougaku14/src/install/cat_messages/include/cat_messages/cat_messages/msg/rosidl_generator_c__visibility_control.h
[1.050s] -- Up-to-date: /home/takumi/souzoukougaku14/src/install/cat_messages/share/cat_messages/environment/library_path.sh
[1.050s] -- Up-to-date: /home/takumi/souzoukougaku14/src/install/cat_messages/share/cat_messages/environment/library_path.dsv
[1.050s] -- Up-to-date: /home/takumi/souzoukougaku14/src/install/cat_messages/lib/libcat_messages__rosidl_generator_c.so
[1.050s] -- Up-to-date: /home/takumi/souzoukougaku14/src/install/cat_messages/include/cat_messages/cat_messages
[1.050s] -- Up-to-date: /home/takumi/souzoukougaku14/src/install/cat_messages/include/cat_messages/cat_messages/msg
[1.051s] -- Up-to-date: /home/takumi/souzoukougaku14/src/install/cat_messages/include/cat_messages/cat_messages/msg/rosidl_typesupport_fastrtps_c__visibility_control.h
[1.051s] -- Up-to-date: /home/takumi/souzoukougaku14/src/install/cat_messages/include/cat_messages/cat_messages/msg/detail
[1.051s] -- Up-to-date: /home/takumi/souzoukougaku14/src/install/cat_messages/include/cat_messages/cat_messages/msg/detail/vel__rosidl_typesupport_fastrtps_c.h
[1.051s] -- Up-to-date: /home/takumi/souzoukougaku14/src/install/cat_messages/include/cat_messages/cat_messages/msg/detail/joy_cat__rosidl_typesupport_fastrtps_c.h
[1.051s] -- Up-to-date: /home/takumi/souzoukougaku14/src/install/cat_messages/include/cat_messages/cat_messages/msg/detail/senser__rosidl_typesupport_fastrtps_c.h
[1.051s] -- Up-to-date: /home/takumi/souzoukougaku14/src/install/cat_messages/lib/libcat_messages__rosidl_typesupport_fastrtps_c.so
[1.052s] -- Up-to-date: /home/takumi/souzoukougaku14/src/install/cat_messages/include/cat_messages/cat_messages
[1.052s] -- Up-to-date: /home/takumi/souzoukougaku14/src/install/cat_messages/include/cat_messages/cat_messages/msg
[1.052s] -- Up-to-date: /home/takumi/souzoukougaku14/src/install/cat_messages/include/cat_messages/cat_messages/msg/detail
[1.052s] -- Up-to-date: /home/takumi/souzoukougaku14/src/install/cat_messages/include/cat_messages/cat_messages/msg/detail/senser__type_support.c
[1.053s] -- Up-to-date: /home/takumi/souzoukougaku14/src/install/cat_messages/include/cat_messages/cat_messages/msg/detail/vel__rosidl_typesupport_introspection_c.h
[1.053s] -- Up-to-date: /home/takumi/souzoukougaku14/src/install/cat_messages/include/cat_messages/cat_messages/msg/detail/joy_cat__rosidl_typesupport_introspection_c.h
[1.053s] -- Up-to-date: /home/takumi/souzoukougaku14/src/install/cat_messages/include/cat_messages/cat_messages/msg/detail/vel__type_support.c
[1.053s] -- Up-to-date: /home/takumi/souzoukougaku14/src/install/cat_messages/include/cat_messages/cat_messages/msg/detail/joy_cat__type_support.c
[1.053s] -- Up-to-date: /home/takumi/souzoukougaku14/src/install/cat_messages/include/cat_messages/cat_messages/msg/detail/senser__rosidl_typesupport_introspection_c.h
[1.053s] -- Up-to-date: /home/takumi/souzoukougaku14/src/install/cat_messages/include/cat_messages/cat_messages/msg/rosidl_typesupport_introspection_c__visibility_control.h
[1.053s] -- Up-to-date: /home/takumi/souzoukougaku14/src/install/cat_messages/lib/libcat_messages__rosidl_typesupport_introspection_c.so
[1.053s] -- Up-to-date: /home/takumi/souzoukougaku14/src/install/cat_messages/lib/libcat_messages__rosidl_typesupport_c.so
[1.054s] -- Up-to-date: /home/takumi/souzoukougaku14/src/install/cat_messages/include/cat_messages/cat_messages
[1.054s] -- Up-to-date: /home/takumi/souzoukougaku14/src/install/cat_messages/include/cat_messages/cat_messages/msg
[1.054s] -- Up-to-date: /home/takumi/souzoukougaku14/src/install/cat_messages/include/cat_messages/cat_messages/msg/vel.hpp
[1.054s] -- Up-to-date: /home/takumi/souzoukougaku14/src/install/cat_messages/include/cat_messages/cat_messages/msg/detail
[1.054s] -- Up-to-date: /home/takumi/souzoukougaku14/src/install/cat_messages/include/cat_messages/cat_messages/msg/detail/vel__struct.hpp
[1.054s] -- Up-to-date: /home/takumi/souzoukougaku14/src/install/cat_messages/include/cat_messages/cat_messages/msg/detail/joy_cat__struct.hpp
[1.054s] -- Up-to-date: /home/takumi/souzoukougaku14/src/install/cat_messages/include/cat_messages/cat_messages/msg/detail/joy_cat__builder.hpp
[1.055s] -- Up-to-date: /home/takumi/souzoukougaku14/src/install/cat_messages/include/cat_messages/cat_messages/msg/detail/vel__traits.hpp
[1.055s] -- Up-to-date: /home/takumi/souzoukougaku14/src/install/cat_messages/include/cat_messages/cat_messages/msg/detail/joy_cat__traits.hpp
[1.055s] -- Up-to-date: /home/takumi/souzoukougaku14/src/install/cat_messages/include/cat_messages/cat_messages/msg/detail/senser__builder.hpp
[1.055s] -- Up-to-date: /home/takumi/souzoukougaku14/src/install/cat_messages/include/cat_messages/cat_messages/msg/detail/senser__struct.hpp
[1.056s] -- Up-to-date: /home/takumi/souzoukougaku14/src/install/cat_messages/include/cat_messages/cat_messages/msg/detail/vel__builder.hpp
[1.056s] -- Up-to-date: /home/takumi/souzoukougaku14/src/install/cat_messages/include/cat_messages/cat_messages/msg/detail/senser__traits.hpp
[1.056s] -- Up-to-date: /home/takumi/souzoukougaku14/src/install/cat_messages/include/cat_messages/cat_messages/msg/senser.hpp
[1.056s] -- Up-to-date: /home/takumi/souzoukougaku14/src/install/cat_messages/include/cat_messages/cat_messages/msg/joy_cat.hpp
[1.057s] -- Up-to-date: /home/takumi/souzoukougaku14/src/install/cat_messages/include/cat_messages/cat_messages
[1.057s] -- Up-to-date: /home/takumi/souzoukougaku14/src/install/cat_messages/include/cat_messages/cat_messages/msg
[1.057s] -- Up-to-date: /home/takumi/souzoukougaku14/src/install/cat_messages/include/cat_messages/cat_messages/msg/detail
[1.057s] -- Up-to-date: /home/takumi/souzoukougaku14/src/install/cat_messages/include/cat_messages/cat_messages/msg/detail/senser__rosidl_typesupport_fastrtps_cpp.hpp
[1.058s] -- Up-to-date: /home/takumi/souzoukougaku14/src/install/cat_messages/include/cat_messages/cat_messages/msg/detail/dds_fastrtps
[1.058s] -- Up-to-date: /home/takumi/souzoukougaku14/src/install/cat_messages/include/cat_messages/cat_messages/msg/detail/vel__rosidl_typesupport_fastrtps_cpp.hpp
[1.058s] -- Up-to-date: /home/takumi/souzoukougaku14/src/install/cat_messages/include/cat_messages/cat_messages/msg/detail/joy_cat__rosidl_typesupport_fastrtps_cpp.hpp
[1.058s] -- Up-to-date: /home/takumi/souzoukougaku14/src/install/cat_messages/include/cat_messages/cat_messages/msg/rosidl_typesupport_fastrtps_cpp__visibility_control.h
[1.058s] -- Up-to-date: /home/takumi/souzoukougaku14/src/install/cat_messages/lib/libcat_messages__rosidl_typesupport_fastrtps_cpp.so
[1.059s] -- Up-to-date: /home/takumi/souzoukougaku14/src/install/cat_messages/include/cat_messages/cat_messages
[1.059s] -- Up-to-date: /home/takumi/souzoukougaku14/src/install/cat_messages/include/cat_messages/cat_messages/msg
[1.059s] -- Up-to-date: /home/takumi/souzoukougaku14/src/install/cat_messages/include/cat_messages/cat_messages/msg/detail
[1.060s] -- Up-to-date: /home/takumi/souzoukougaku14/src/install/cat_messages/include/cat_messages/cat_messages/msg/detail/senser__rosidl_typesupport_introspection_cpp.hpp
[1.061s] -- Up-to-date: /home/takumi/souzoukougaku14/src/install/cat_messages/include/cat_messages/cat_messages/msg/detail/joy_cat__type_support.cpp
[1.062s] -- Up-to-date: /home/takumi/souzoukougaku14/src/install/cat_messages/include/cat_messages/cat_messages/msg/detail/joy_cat__rosidl_typesupport_introspection_cpp.hpp
[1.062s] -- Up-to-date: /home/takumi/souzoukougaku14/src/install/cat_messages/include/cat_messages/cat_messages/msg/detail/vel__rosidl_typesupport_introspection_cpp.hpp
[1.062s] -- Up-to-date: /home/takumi/souzoukougaku14/src/install/cat_messages/include/cat_messages/cat_messages/msg/detail/senser__type_support.cpp
[1.062s] -- Up-to-date: /home/takumi/souzoukougaku14/src/install/cat_messages/include/cat_messages/cat_messages/msg/detail/vel__type_support.cpp
[1.062s] -- Up-to-date: /home/takumi/souzoukougaku14/src/install/cat_messages/lib/libcat_messages__rosidl_typesupport_introspection_cpp.so
[1.063s] -- Up-to-date: /home/takumi/souzoukougaku14/src/install/cat_messages/lib/libcat_messages__rosidl_typesupport_cpp.so
[1.063s] -- Up-to-date: /home/takumi/souzoukougaku14/src/install/cat_messages/share/cat_messages/environment/pythonpath.sh
[1.063s] -- Up-to-date: /home/takumi/souzoukougaku14/src/install/cat_messages/share/cat_messages/environment/pythonpath.dsv
[1.063s] -- Up-to-date: /home/takumi/souzoukougaku14/src/install/cat_messages/local/lib/python3.10/dist-packages/cat_messages-0.0.0-py3.10.egg-info
[1.063s] -- Installing: /home/takumi/souzoukougaku14/src/install/cat_messages/local/lib/python3.10/dist-packages/cat_messages-0.0.0-py3.10.egg-info/PKG-INFO
[1.063s] -- Installing: /home/takumi/souzoukougaku14/src/install/cat_messages/local/lib/python3.10/dist-packages/cat_messages-0.0.0-py3.10.egg-info/dependency_links.txt
[1.063s] -- Installing: /home/takumi/souzoukougaku14/src/install/cat_messages/local/lib/python3.10/dist-packages/cat_messages-0.0.0-py3.10.egg-info/top_level.txt
[1.063s] -- Installing: /home/takumi/souzoukougaku14/src/install/cat_messages/local/lib/python3.10/dist-packages/cat_messages-0.0.0-py3.10.egg-info/SOURCES.txt
[1.063s] -- Up-to-date: /home/takumi/souzoukougaku14/src/install/cat_messages/local/lib/python3.10/dist-packages/cat_messages
[1.063s] -- Up-to-date: /home/takumi/souzoukougaku14/src/install/cat_messages/local/lib/python3.10/dist-packages/cat_messages/cat_messages_s__rosidl_typesupport_introspection_c.cpython-310-x86_64-linux-gnu.so
[1.063s] -- Up-to-date: /home/takumi/souzoukougaku14/src/install/cat_messages/local/lib/python3.10/dist-packages/cat_messages/msg
[1.063s] -- Up-to-date: /home/takumi/souzoukougaku14/src/install/cat_messages/local/lib/python3.10/dist-packages/cat_messages/msg/_vel.py
[1.064s] -- Up-to-date: /home/takumi/souzoukougaku14/src/install/cat_messages/local/lib/python3.10/dist-packages/cat_messages/msg/_senser_s.c
[1.064s] -- Up-to-date: /home/takumi/souzoukougaku14/src/install/cat_messages/local/lib/python3.10/dist-packages/cat_messages/msg/_joy_cat_s.c
[1.064s] -- Up-to-date: /home/takumi/souzoukougaku14/src/install/cat_messages/local/lib/python3.10/dist-packages/cat_messages/msg/_vel_s.c
[1.064s] -- Up-to-date: /home/takumi/souzoukougaku14/src/install/cat_messages/local/lib/python3.10/dist-packages/cat_messages/msg/_joy_cat.py
[1.064s] -- Up-to-date: /home/takumi/souzoukougaku14/src/install/cat_messages/local/lib/python3.10/dist-packages/cat_messages/msg/__init__.py
[1.064s] -- Up-to-date: /home/takumi/souzoukougaku14/src/install/cat_messages/local/lib/python3.10/dist-packages/cat_messages/msg/_senser.py
[1.064s] -- Up-to-date: /home/takumi/souzoukougaku14/src/install/cat_messages/local/lib/python3.10/dist-packages/cat_messages/cat_messages_s__rosidl_typesupport_c.cpython-310-x86_64-linux-gnu.so
[1.064s] -- Up-to-date: /home/takumi/souzoukougaku14/src/install/cat_messages/local/lib/python3.10/dist-packages/cat_messages/cat_messages_s__rosidl_typesupport_fastrtps_c.cpython-310-x86_64-linux-gnu.so
[1.064s] -- Up-to-date: /home/takumi/souzoukougaku14/src/install/cat_messages/local/lib/python3.10/dist-packages/cat_messages/_cat_messages_s.ep.rosidl_typesupport_introspection_c.c
[1.064s] -- Up-to-date: /home/takumi/souzoukougaku14/src/install/cat_messages/local/lib/python3.10/dist-packages/cat_messages/_cat_messages_s.ep.rosidl_typesupport_c.c
[1.065s] -- Up-to-date: /home/takumi/souzoukougaku14/src/install/cat_messages/local/lib/python3.10/dist-packages/cat_messages/_cat_messages_s.ep.rosidl_typesupport_fastrtps_c.c
[1.065s] -- Up-to-date: /home/takumi/souzoukougaku14/src/install/cat_messages/local/lib/python3.10/dist-packages/cat_messages/libcat_messages__rosidl_generator_py.so
[1.065s] -- Up-to-date: /home/takumi/souzoukougaku14/src/install/cat_messages/local/lib/python3.10/dist-packages/cat_messages/__init__.py
[1.113s] Listing '/home/takumi/souzoukougaku14/src/install/cat_messages/local/lib/python3.10/dist-packages/cat_messages'...
[1.114s] Listing '/home/takumi/souzoukougaku14/src/install/cat_messages/local/lib/python3.10/dist-packages/cat_messages/msg'...
[1.121s] -- Up-to-date: /home/takumi/souzoukougaku14/src/install/cat_messages/local/lib/python3.10/dist-packages/cat_messages/cat_messages_s__rosidl_typesupport_fastrtps_c.cpython-310-x86_64-linux-gnu.so
[1.121s] -- Up-to-date: /home/takumi/souzoukougaku14/src/install/cat_messages/local/lib/python3.10/dist-packages/cat_messages/cat_messages_s__rosidl_typesupport_introspection_c.cpython-310-x86_64-linux-gnu.so
[1.121s] -- Up-to-date: /home/takumi/souzoukougaku14/src/install/cat_messages/local/lib/python3.10/dist-packages/cat_messages/cat_messages_s__rosidl_typesupport_c.cpython-310-x86_64-linux-gnu.so
[1.122s] -- Up-to-date: /home/takumi/souzoukougaku14/src/install/cat_messages/lib/libcat_messages__rosidl_generator_py.so
[1.122s] -- Up-to-date: /home/takumi/souzoukougaku14/src/install/cat_messages/share/cat_messages/msg/JoyCat.idl
[1.122s] -- Up-to-date: /home/takumi/souzoukougaku14/src/install/cat_messages/share/cat_messages/msg/Senser.idl
[1.127s] -- Up-to-date: /home/takumi/souzoukougaku14/src/install/cat_messages/share/cat_messages/msg/Vel.idl
[1.127s] -- Up-to-date: /home/takumi/souzoukougaku14/src/install/cat_messages/share/cat_messages/msg/JoyCat.msg
[1.127s] -- Up-to-date: /home/takumi/souzoukougaku14/src/install/cat_messages/share/cat_messages/msg/Senser.msg
[1.128s] -- Up-to-date: /home/takumi/souzoukougaku14/src/install/cat_messages/share/cat_messages/msg/Vel.msg
[1.128s] -- Up-to-date: /home/takumi/souzoukougaku14/src/install/cat_messages/share/ament_index/resource_index/package_run_dependencies/cat_messages
[1.128s] -- Up-to-date: /home/takumi/souzoukougaku14/src/install/cat_messages/share/ament_index/resource_index/parent_prefix_path/cat_messages
[1.128s] -- Up-to-date: /home/takumi/souzoukougaku14/src/install/cat_messages/share/cat_messages/environment/ament_prefix_path.sh
[1.128s] -- Up-to-date: /home/takumi/souzoukougaku14/src/install/cat_messages/share/cat_messages/environment/ament_prefix_path.dsv
[1.128s] -- Up-to-date: /home/takumi/souzoukougaku14/src/install/cat_messages/share/cat_messages/environment/path.sh
[1.128s] -- Up-to-date: /home/takumi/souzoukougaku14/src/install/cat_messages/share/cat_messages/environment/path.dsv
[1.128s] -- Up-to-date: /home/takumi/souzoukougaku14/src/install/cat_messages/share/cat_messages/local_setup.bash
[1.128s] -- Up-to-date: /home/takumi/souzoukougaku14/src/install/cat_messages/share/cat_messages/local_setup.sh
[1.129s] -- Up-to-date: /home/takumi/souzoukougaku14/src/install/cat_messages/share/cat_messages/local_setup.zsh
[1.129s] -- Up-to-date: /home/takumi/souzoukougaku14/src/install/cat_messages/share/cat_messages/local_setup.dsv
[1.130s] -- Installing: /home/takumi/souzoukougaku14/src/install/cat_messages/share/cat_messages/package.dsv
[1.131s] -- Up-to-date: /home/takumi/souzoukougaku14/src/install/cat_messages/share/ament_index/resource_index/packages/cat_messages
[1.131s] -- Up-to-date: /home/takumi/souzoukougaku14/src/install/cat_messages/share/cat_messages/cmake/export_cat_messages__rosidl_generator_cExport.cmake
[1.131s] -- Up-to-date: /home/takumi/souzoukougaku14/src/install/cat_messages/share/cat_messages/cmake/export_cat_messages__rosidl_generator_cExport-noconfig.cmake
[1.131s] -- Up-to-date: /home/takumi/souzoukougaku14/src/install/cat_messages/share/cat_messages/cmake/export_cat_messages__rosidl_typesupport_fastrtps_cExport.cmake
[1.131s] -- Up-to-date: /home/takumi/souzoukougaku14/src/install/cat_messages/share/cat_messages/cmake/export_cat_messages__rosidl_typesupport_fastrtps_cExport-noconfig.cmake
[1.132s] -- Up-to-date: /home/takumi/souzoukougaku14/src/install/cat_messages/share/cat_messages/cmake/cat_messages__rosidl_typesupport_introspection_cExport.cmake
[1.132s] -- Up-to-date: /home/takumi/souzoukougaku14/src/install/cat_messages/share/cat_messages/cmake/cat_messages__rosidl_typesupport_introspection_cExport-noconfig.cmake
[1.132s] -- Up-to-date: /home/takumi/souzoukougaku14/src/install/cat_messages/share/cat_messages/cmake/cat_messages__rosidl_typesupport_cExport.cmake
[1.133s] -- Up-to-date: /home/takumi/souzoukougaku14/src/install/cat_messages/share/cat_messages/cmake/cat_messages__rosidl_typesupport_cExport-noconfig.cmake
[1.133s] -- Up-to-date: /home/takumi/souzoukougaku14/src/install/cat_messages/share/cat_messages/cmake/export_cat_messages__rosidl_generator_cppExport.cmake
[1.133s] -- Up-to-date: /home/takumi/souzoukougaku14/src/install/cat_messages/share/cat_messages/cmake/export_cat_messages__rosidl_typesupport_fastrtps_cppExport.cmake
[1.133s] -- Up-to-date: /home/takumi/souzoukougaku14/src/install/cat_messages/share/cat_messages/cmake/export_cat_messages__rosidl_typesupport_fastrtps_cppExport-noconfig.cmake
[1.134s] -- Up-to-date: /home/takumi/souzoukougaku14/src/install/cat_messages/share/cat_messages/cmake/cat_messages__rosidl_typesupport_introspection_cppExport.cmake
[1.134s] -- Up-to-date: /home/takumi/souzoukougaku14/src/install/cat_messages/share/cat_messages/cmake/cat_messages__rosidl_typesupport_introspection_cppExport-noconfig.cmake
[1.135s] -- Up-to-date: /home/takumi/souzoukougaku14/src/install/cat_messages/share/cat_messages/cmake/cat_messages__rosidl_typesupport_cppExport.cmake
[1.135s] -- Up-to-date: /home/takumi/souzoukougaku14/src/install/cat_messages/share/cat_messages/cmake/cat_messages__rosidl_typesupport_cppExport-noconfig.cmake
[1.135s] -- Up-to-date: /home/takumi/souzoukougaku14/src/install/cat_messages/share/cat_messages/cmake/export_cat_messages__rosidl_generator_pyExport.cmake
[1.135s] -- Up-to-date: /home/takumi/souzoukougaku14/src/install/cat_messages/share/cat_messages/cmake/export_cat_messages__rosidl_generator_pyExport-noconfig.cmake
[1.135s] -- Up-to-date: /home/takumi/souzoukougaku14/src/install/cat_messages/share/cat_messages/cmake/rosidl_cmake-extras.cmake
[1.136s] -- Up-to-date: /home/takumi/souzoukougaku14/src/install/cat_messages/share/cat_messages/cmake/ament_cmake_export_include_directories-extras.cmake
[1.136s] -- Up-to-date: /home/takumi/souzoukougaku14/src/install/cat_messages/share/cat_messages/cmake/ament_cmake_export_libraries-extras.cmake
[1.136s] -- Up-to-date: /home/takumi/souzoukougaku14/src/install/cat_messages/share/cat_messages/cmake/ament_cmake_export_targets-extras.cmake
[1.137s] -- Up-to-date: /home/takumi/souzoukougaku14/src/install/cat_messages/share/cat_messages/cmake/rosidl_cmake_export_typesupport_targets-extras.cmake
[1.137s] -- Up-to-date: /home/takumi/souzoukougaku14/src/install/cat_messages/share/cat_messages/cmake/ament_cmake_export_dependencies-extras.cmake
[1.138s] -- Up-to-date: /home/takumi/souzoukougaku14/src/install/cat_messages/share/cat_messages/cmake/rosidl_cmake_export_typesupport_libraries-extras.cmake
[1.138s] -- Up-to-date: /home/takumi/souzoukougaku14/src/install/cat_messages/share/cat_messages/cmake/cat_messagesConfig.cmake
[1.139s] -- Up-to-date: /home/takumi/souzoukougaku14/src/install/cat_messages/share/cat_messages/cmake/cat_messagesConfig-version.cmake
[1.139s] -- Up-to-date: /home/takumi/souzoukougaku14/src/install/cat_messages/share/cat_messages/package.xml
[1.140s] Invoked command in '/home/takumi/souzoukougaku14/src/build/cat_messages' returned '0': CMAKE_PREFIX_PATH=${CMAKE_PREFIX_PATH}:/home/takumi/souzoukougaku14/src/install/cat:/opt/ros/humble /usr/bin/cmake --install /home/takumi/souzoukougaku14/src/build/cat_messages
