[0.064s] DEBUG:colcon:Command line arguments: ['/usr/bin/colcon', 'build']
[0.064s] DEBUG:colcon:Parsed command line arguments: Namespace(log_base=None, log_level=None, verb_name='build', build_base='build', install_base='install', merge_install=False, symlink_install=False, test_result_base=None, continue_on_error=False, executor='parallel', parallel_workers=8, event_handlers=None, ignore_user_meta=False, metas=['./colcon.meta'], base_paths=['.'], packages_ignore=None, packages_ignore_regex=None, paths=None, packages_up_to=None, packages_up_to_regex=None, packages_above=None, packages_above_and_dependencies=None, packages_above_depth=None, packages_select_by_dep=None, packages_skip_by_dep=None, packages_skip_up_to=None, packages_select_build_failed=False, packages_skip_build_finished=False, packages_select_test_failures=False, packages_skip_test_passed=False, packages_select=None, packages_skip=None, packages_select_regex=None, packages_skip_regex=None, packages_start=None, packages_end=None, allow_overriding=[], cmake_args=None, cmake_target=None, cmake_target_skip_unavailable=False, cmake_clean_cache=False, cmake_clean_first=False, cmake_force_configure=False, ament_cmake_args=None, catkin_cmake_args=None, catkin_skip_building_tests=False, mixin_files=None, mixin=None, verb_parser=<colcon_mixin.mixin.mixin_argument.MixinArgumentDecorator object at 0x790dba7b2020>, verb_extension=<colcon_core.verb.build.BuildVerb object at 0x790dba7b1b70>, main=<bound method BuildVerb.main of <colcon_core.verb.build.BuildVerb object at 0x790dba7b1b70>>, mixin_verb=('build',))
[0.154s] Level 1:colcon.colcon_core.package_discovery:discover_packages(colcon_meta) check parameters
[0.155s] Level 1:colcon.colcon_core.package_discovery:discover_packages(recursive) check parameters
[0.155s] Level 1:colcon.colcon_core.package_discovery:discover_packages(ignore) check parameters
[0.155s] Level 1:colcon.colcon_core.package_discovery:discover_packages(path) check parameters
[0.155s] Level 1:colcon.colcon_core.package_discovery:discover_packages(colcon_meta) discover
[0.155s] Level 1:colcon.colcon_core.package_discovery:discover_packages(recursive) discover
[0.155s] INFO:colcon.colcon_core.package_discovery:Crawling recursively for packages in '/home/hamilton/souzou/src'
[0.155s] Level 1:colcon.colcon_core.package_identification:_identify(.) by extensions ['ignore', 'ignore_ament_install']
[0.155s] Level 1:colcon.colcon_core.package_identification:_identify(.) by extension 'ignore'
[0.155s] Level 1:colcon.colcon_core.package_identification:_identify(.) by extension 'ignore_ament_install'
[0.155s] Level 1:colcon.colcon_core.package_identification:_identify(.) by extensions ['colcon_pkg']
[0.155s] Level 1:colcon.colcon_core.package_identification:_identify(.) by extension 'colcon_pkg'
[0.155s] Level 1:colcon.colcon_core.package_identification:_identify(.) by extensions ['colcon_meta']
[0.155s] Level 1:colcon.colcon_core.package_identification:_identify(.) by extension 'colcon_meta'
[0.155s] Level 1:colcon.colcon_core.package_identification:_identify(.) by extensions ['ros']
[0.155s] Level 1:colcon.colcon_core.package_identification:_identify(.) by extension 'ros'
[0.162s] Level 1:colcon.colcon_core.package_identification:_identify(.) by extensions ['cmake', 'python']
[0.162s] Level 1:colcon.colcon_core.package_identification:_identify(.) by extension 'cmake'
[0.162s] Level 1:colcon.colcon_core.package_identification:_identify(.) by extension 'python'
[0.162s] Level 1:colcon.colcon_core.package_identification:_identify(.) by extensions ['python_setup_py']
[0.162s] Level 1:colcon.colcon_core.package_identification:_identify(.) by extension 'python_setup_py'
[0.162s] Level 1:colcon.colcon_core.package_identification:_identify(build) by extensions ['ignore', 'ignore_ament_install']
[0.162s] Level 1:colcon.colcon_core.package_identification:_identify(build) by extension 'ignore'
[0.162s] Level 1:colcon.colcon_core.package_identification:_identify(build) ignored
[0.163s] Level 1:colcon.colcon_core.package_identification:_identify(cat) by extensions ['ignore', 'ignore_ament_install']
[0.163s] Level 1:colcon.colcon_core.package_identification:_identify(cat) by extension 'ignore'
[0.163s] Level 1:colcon.colcon_core.package_identification:_identify(cat) by extension 'ignore_ament_install'
[0.163s] Level 1:colcon.colcon_core.package_identification:_identify(cat) by extensions ['colcon_pkg']
[0.163s] Level 1:colcon.colcon_core.package_identification:_identify(cat) by extension 'colcon_pkg'
[0.163s] Level 1:colcon.colcon_core.package_identification:_identify(cat) by extensions ['colcon_meta']
[0.163s] Level 1:colcon.colcon_core.package_identification:_identify(cat) by extension 'colcon_meta'
[0.163s] Level 1:colcon.colcon_core.package_identification:_identify(cat) by extensions ['ros']
[0.163s] Level 1:colcon.colcon_core.package_identification:_identify(cat) by extension 'ros'
[0.164s] DEBUG:colcon.colcon_core.package_identification:Package 'cat' with type 'ros.ament_python' and name 'cat'
[0.164s] Level 1:colcon.colcon_core.package_identification:_identify(cat_messages) by extensions ['ignore', 'ignore_ament_install']
[0.165s] Level 1:colcon.colcon_core.package_identification:_identify(cat_messages) by extension 'ignore'
[0.165s] Level 1:colcon.colcon_core.package_identification:_identify(cat_messages) by extension 'ignore_ament_install'
[0.165s] Level 1:colcon.colcon_core.package_identification:_identify(cat_messages) by extensions ['colcon_pkg']
[0.165s] Level 1:colcon.colcon_core.package_identification:_identify(cat_messages) by extension 'colcon_pkg'
[0.165s] Level 1:colcon.colcon_core.package_identification:_identify(cat_messages) by extensions ['colcon_meta']
[0.165s] Level 1:colcon.colcon_core.package_identification:_identify(cat_messages) by extension 'colcon_meta'
[0.165s] Level 1:colcon.colcon_core.package_identification:_identify(cat_messages) by extensions ['ros']
[0.165s] Level 1:colcon.colcon_core.package_identification:_identify(cat_messages) by extension 'ros'
[0.165s] DEBUG:colcon.colcon_core.package_identification:Package 'cat_messages' with type 'ros.ament_cmake' and name 'cat_messages'
[0.165s] Level 1:colcon.colcon_core.package_identification:_identify(install) by extensions ['ignore', 'ignore_ament_install']
[0.165s] Level 1:colcon.colcon_core.package_identification:_identify(install) by extension 'ignore'
[0.165s] Level 1:colcon.colcon_core.package_identification:_identify(install) ignored
[0.166s] Level 1:colcon.colcon_core.package_identification:_identify(log) by extensions ['ignore', 'ignore_ament_install']
[0.166s] Level 1:colcon.colcon_core.package_identification:_identify(log) by extension 'ignore'
[0.166s] Level 1:colcon.colcon_core.package_identification:_identify(log) ignored
[0.166s] Level 1:colcon.colcon_core.package_discovery:discover_packages(recursive) using defaults
[0.166s] Level 1:colcon.colcon_core.package_discovery:discover_packages(ignore) discover
[0.166s] Level 1:colcon.colcon_core.package_discovery:discover_packages(ignore) using defaults
[0.166s] Level 1:colcon.colcon_core.package_discovery:discover_packages(path) discover
[0.166s] Level 1:colcon.colcon_core.package_discovery:discover_packages(path) using defaults
[0.185s] Level 1:colcon.colcon_core.package_discovery:discover_packages(prefix_path) check parameters
[0.185s] Level 1:colcon.colcon_core.package_discovery:discover_packages(prefix_path) discover
[0.187s] DEBUG:colcon.colcon_installed_package_information.package_discovery:Found 309 installed packages in /opt/ros/humble
[0.188s] Level 1:colcon.colcon_core.package_discovery:discover_packages(prefix_path) using defaults
[0.209s] Level 5:colcon.colcon_core.verb:set package 'cat_messages' build argument 'cmake_args' from command line to 'None'
[0.209s] Level 5:colcon.colcon_core.verb:set package 'cat_messages' build argument 'cmake_target' from command line to 'None'
[0.209s] Level 5:colcon.colcon_core.verb:set package 'cat_messages' build argument 'cmake_target_skip_unavailable' from command line to 'False'
[0.209s] Level 5:colcon.colcon_core.verb:set package 'cat_messages' build argument 'cmake_clean_cache' from command line to 'False'
[0.209s] Level 5:colcon.colcon_core.verb:set package 'cat_messages' build argument 'cmake_clean_first' from command line to 'False'
[0.209s] Level 5:colcon.colcon_core.verb:set package 'cat_messages' build argument 'cmake_force_configure' from command line to 'False'
[0.209s] Level 5:colcon.colcon_core.verb:set package 'cat_messages' build argument 'ament_cmake_args' from command line to 'None'
[0.209s] Level 5:colcon.colcon_core.verb:set package 'cat_messages' build argument 'catkin_cmake_args' from command line to 'None'
[0.209s] Level 5:colcon.colcon_core.verb:set package 'cat_messages' build argument 'catkin_skip_building_tests' from command line to 'False'
[0.209s] DEBUG:colcon.colcon_core.verb:Building package 'cat_messages' with the following arguments: {'ament_cmake_args': None, 'build_base': '/home/hamilton/souzou/src/build/cat_messages', 'catkin_cmake_args': None, 'catkin_skip_building_tests': False, 'cmake_args': None, 'cmake_clean_cache': False, 'cmake_clean_first': False, 'cmake_force_configure': False, 'cmake_target': None, 'cmake_target_skip_unavailable': False, 'install_base': '/home/hamilton/souzou/src/install/cat_messages', 'merge_install': False, 'path': '/home/hamilton/souzou/src/cat_messages', 'symlink_install': False, 'test_result_base': None}
[0.210s] Level 5:colcon.colcon_core.verb:set package 'cat' build argument 'cmake_args' from command line to 'None'
[0.210s] Level 5:colcon.colcon_core.verb:set package 'cat' build argument 'cmake_target' from command line to 'None'
[0.210s] Level 5:colcon.colcon_core.verb:set package 'cat' build argument 'cmake_target_skip_unavailable' from command line to 'False'
[0.210s] Level 5:colcon.colcon_core.verb:set package 'cat' build argument 'cmake_clean_cache' from command line to 'False'
[0.210s] Level 5:colcon.colcon_core.verb:set package 'cat' build argument 'cmake_clean_first' from command line to 'False'
[0.210s] Level 5:colcon.colcon_core.verb:set package 'cat' build argument 'cmake_force_configure' from command line to 'False'
[0.210s] Level 5:colcon.colcon_core.verb:set package 'cat' build argument 'ament_cmake_args' from command line to 'None'
[0.210s] Level 5:colcon.colcon_core.verb:set package 'cat' build argument 'catkin_cmake_args' from command line to 'None'
[0.210s] Level 5:colcon.colcon_core.verb:set package 'cat' build argument 'catkin_skip_building_tests' from command line to 'False'
[0.210s] DEBUG:colcon.colcon_core.verb:Building package 'cat' with the following arguments: {'ament_cmake_args': None, 'build_base': '/home/hamilton/souzou/src/build/cat', 'catkin_cmake_args': None, 'catkin_skip_building_tests': False, 'cmake_args': None, 'cmake_clean_cache': False, 'cmake_clean_first': False, 'cmake_force_configure': False, 'cmake_target': None, 'cmake_target_skip_unavailable': False, 'install_base': '/home/hamilton/souzou/src/install/cat', 'merge_install': False, 'path': '/home/hamilton/souzou/src/cat', 'symlink_install': False, 'test_result_base': None}
[0.210s] INFO:colcon.colcon_core.executor:Executing jobs using 'parallel' executor
[0.211s] DEBUG:colcon.colcon_parallel_executor.executor.parallel:run_until_complete
[0.211s] INFO:colcon.colcon_ros.task.ament_cmake.build:Building ROS package in '/home/hamilton/souzou/src/cat_messages' with build type 'ament_cmake'
[0.212s] INFO:colcon.colcon_cmake.task.cmake.build:Building CMake package in '/home/hamilton/souzou/src/cat_messages'
[0.213s] INFO:colcon.colcon_core.plugin_system:Skipping extension 'colcon_core.shell.bat': Not used on non-Windows systems
[0.214s] INFO:colcon.colcon_core.shell:Skip shell extension 'powershell' for command environment: Not usable outside of PowerShell
[0.214s] DEBUG:colcon.colcon_core.shell:Skip shell extension 'dsv' for command environment
[0.222s] DEBUG:colcon.colcon_core.event_handler.log_command:Invoking command in '/home/hamilton/souzou/src/build/cat_messages': CMAKE_PREFIX_PATH=/opt/ros/humble CONDA_PROMPT_MODIFIER=(souzou) /usr/bin/cmake --build /home/hamilton/souzou/src/build/cat_messages -- -j8 -l8
[0.461s] DEBUG:colcon.colcon_core.event_handler.log_command:Invoked command in '/home/hamilton/souzou/src/build/cat_messages' returned '0': CMAKE_PREFIX_PATH=/opt/ros/humble CONDA_PROMPT_MODIFIER=(souzou) /usr/bin/cmake --build /home/hamilton/souzou/src/build/cat_messages -- -j8 -l8
[0.539s] DEBUG:colcon.colcon_core.event_handler.log_command:Invoking command in '/home/hamilton/souzou/src/build/cat_messages': CMAKE_PREFIX_PATH=/opt/ros/humble CONDA_PROMPT_MODIFIER=(souzou) /usr/bin/cmake --install /home/hamilton/souzou/src/build/cat_messages
[0.590s] Level 1:colcon.colcon_core.environment:create_environment_scripts_only(cat_messages)
[0.591s] DEBUG:colcon.colcon_core.event_handler.log_command:Invoked command in '/home/hamilton/souzou/src/build/cat_messages' returned '0': CMAKE_PREFIX_PATH=/opt/ros/humble CONDA_PROMPT_MODIFIER=(souzou) /usr/bin/cmake --install /home/hamilton/souzou/src/build/cat_messages
[0.593s] Level 1:colcon.colcon_core.environment:checking '/home/hamilton/souzou/src/install/cat_messages' for CMake module files
[0.593s] Level 1:colcon.colcon_core.environment:checking '/home/hamilton/souzou/src/install/cat_messages' for CMake config files
[0.594s] Level 1:colcon.colcon_core.shell:create_environment_hook('cat_messages', 'cmake_prefix_path')
[0.594s] INFO:colcon.colcon_core.shell:Creating environment hook '/home/hamilton/souzou/src/install/cat_messages/share/cat_messages/hook/cmake_prefix_path.ps1'
[0.595s] INFO:colcon.colcon_core.shell:Creating environment descriptor '/home/hamilton/souzou/src/install/cat_messages/share/cat_messages/hook/cmake_prefix_path.dsv'
[0.595s] INFO:colcon.colcon_core.shell:Creating environment hook '/home/hamilton/souzou/src/install/cat_messages/share/cat_messages/hook/cmake_prefix_path.sh'
[0.596s] Level 1:colcon.colcon_core.environment:checking '/home/hamilton/souzou/src/install/cat_messages/lib'
[0.596s] Level 1:colcon.colcon_core.shell:create_environment_hook('cat_messages', 'ld_library_path_lib')
[0.596s] INFO:colcon.colcon_core.shell:Creating environment hook '/home/hamilton/souzou/src/install/cat_messages/share/cat_messages/hook/ld_library_path_lib.ps1'
[0.597s] INFO:colcon.colcon_core.shell:Creating environment descriptor '/home/hamilton/souzou/src/install/cat_messages/share/cat_messages/hook/ld_library_path_lib.dsv'
[0.597s] INFO:colcon.colcon_core.shell:Creating environment hook '/home/hamilton/souzou/src/install/cat_messages/share/cat_messages/hook/ld_library_path_lib.sh'
[0.597s] Level 1:colcon.colcon_core.environment:checking '/home/hamilton/souzou/src/install/cat_messages/bin'
[0.597s] Level 1:colcon.colcon_core.environment:checking '/home/hamilton/souzou/src/install/cat_messages/lib/pkgconfig/cat_messages.pc'
[0.598s] Level 1:colcon.colcon_core.environment:checking '/home/hamilton/souzou/src/install/cat_messages/lib/python3.10/site-packages'
[0.598s] Level 1:colcon.colcon_core.environment:checking '/home/hamilton/souzou/src/install/cat_messages/bin'
[0.598s] INFO:colcon.colcon_core.shell:Creating package script '/home/hamilton/souzou/src/install/cat_messages/share/cat_messages/package.ps1'
[0.599s] INFO:colcon.colcon_core.shell:Creating package descriptor '/home/hamilton/souzou/src/install/cat_messages/share/cat_messages/package.dsv'
[0.599s] INFO:colcon.colcon_core.shell:Creating package script '/home/hamilton/souzou/src/install/cat_messages/share/cat_messages/package.sh'
[0.600s] INFO:colcon.colcon_core.shell:Creating package script '/home/hamilton/souzou/src/install/cat_messages/share/cat_messages/package.bash'
[0.600s] INFO:colcon.colcon_core.shell:Creating package script '/home/hamilton/souzou/src/install/cat_messages/share/cat_messages/package.zsh'
[0.601s] Level 1:colcon.colcon_core.environment:create_file_with_runtime_dependencies(/home/hamilton/souzou/src/install/cat_messages/share/colcon-core/packages/cat_messages)
[0.671s] Level 1:colcon.colcon_core.environment:create_environment_scripts_only(cat_messages)
[0.671s] Level 1:colcon.colcon_core.environment:checking '/home/hamilton/souzou/src/install/cat_messages' for CMake module files
[0.671s] Level 1:colcon.colcon_core.environment:checking '/home/hamilton/souzou/src/install/cat_messages' for CMake config files
[0.672s] Level 1:colcon.colcon_core.shell:create_environment_hook('cat_messages', 'cmake_prefix_path')
[0.672s] INFO:colcon.colcon_core.shell:Creating environment hook '/home/hamilton/souzou/src/install/cat_messages/share/cat_messages/hook/cmake_prefix_path.ps1'
[0.673s] INFO:colcon.colcon_core.shell:Creating environment descriptor '/home/hamilton/souzou/src/install/cat_messages/share/cat_messages/hook/cmake_prefix_path.dsv'
[0.673s] INFO:colcon.colcon_core.shell:Creating environment hook '/home/hamilton/souzou/src/install/cat_messages/share/cat_messages/hook/cmake_prefix_path.sh'
[0.673s] Level 1:colcon.colcon_core.environment:checking '/home/hamilton/souzou/src/install/cat_messages/lib'
[0.673s] Level 1:colcon.colcon_core.shell:create_environment_hook('cat_messages', 'ld_library_path_lib')
[0.673s] INFO:colcon.colcon_core.shell:Creating environment hook '/home/hamilton/souzou/src/install/cat_messages/share/cat_messages/hook/ld_library_path_lib.ps1'
[0.674s] INFO:colcon.colcon_core.shell:Creating environment descriptor '/home/hamilton/souzou/src/install/cat_messages/share/cat_messages/hook/ld_library_path_lib.dsv'
[0.674s] INFO:colcon.colcon_core.shell:Creating environment hook '/home/hamilton/souzou/src/install/cat_messages/share/cat_messages/hook/ld_library_path_lib.sh'
[0.674s] Level 1:colcon.colcon_core.environment:checking '/home/hamilton/souzou/src/install/cat_messages/bin'
[0.674s] Level 1:colcon.colcon_core.environment:checking '/home/hamilton/souzou/src/install/cat_messages/lib/pkgconfig/cat_messages.pc'
[0.674s] Level 1:colcon.colcon_core.environment:checking '/home/hamilton/souzou/src/install/cat_messages/lib/python3.10/site-packages'
[0.675s] Level 1:colcon.colcon_core.environment:checking '/home/hamilton/souzou/src/install/cat_messages/bin'
[0.675s] INFO:colcon.colcon_core.shell:Creating package script '/home/hamilton/souzou/src/install/cat_messages/share/cat_messages/package.ps1'
[0.675s] INFO:colcon.colcon_core.shell:Creating package descriptor '/home/hamilton/souzou/src/install/cat_messages/share/cat_messages/package.dsv'
[0.675s] INFO:colcon.colcon_core.shell:Creating package script '/home/hamilton/souzou/src/install/cat_messages/share/cat_messages/package.sh'
[0.676s] INFO:colcon.colcon_core.shell:Creating package script '/home/hamilton/souzou/src/install/cat_messages/share/cat_messages/package.bash'
[0.676s] INFO:colcon.colcon_core.shell:Creating package script '/home/hamilton/souzou/src/install/cat_messages/share/cat_messages/package.zsh'
[0.676s] Level 1:colcon.colcon_core.environment:create_file_with_runtime_dependencies(/home/hamilton/souzou/src/install/cat_messages/share/colcon-core/packages/cat_messages)
[0.677s] INFO:colcon.colcon_ros.task.ament_python.build:Building ROS package in '/home/hamilton/souzou/src/cat' with build type 'ament_python'
[0.677s] Level 1:colcon.colcon_core.shell:create_environment_hook('cat', 'ament_prefix_path')
[0.677s] INFO:colcon.colcon_core.shell:Creating environment hook '/home/hamilton/souzou/src/install/cat/share/cat/hook/ament_prefix_path.ps1'
[0.677s] INFO:colcon.colcon_core.shell:Creating environment descriptor '/home/hamilton/souzou/src/install/cat/share/cat/hook/ament_prefix_path.dsv'
[0.678s] INFO:colcon.colcon_core.shell:Creating environment hook '/home/hamilton/souzou/src/install/cat/share/cat/hook/ament_prefix_path.sh'
[0.678s] INFO:colcon.colcon_core.shell:Skip shell extension 'powershell' for command environment: Not usable outside of PowerShell
[0.678s] DEBUG:colcon.colcon_core.shell:Skip shell extension 'dsv' for command environment
[0.832s] INFO:colcon.colcon_core.task.python.build:Building Python package in '/home/hamilton/souzou/src/cat'
[0.832s] INFO:colcon.colcon_core.shell:Skip shell extension 'powershell' for command environment: Not usable outside of PowerShell
[0.832s] DEBUG:colcon.colcon_core.shell:Skip shell extension 'dsv' for command environment
[1.030s] DEBUG:colcon.colcon_core.event_handler.log_command:Invoking command in '/home/hamilton/souzou/src/cat': AMENT_PREFIX_PATH=/home/hamilton/souzou/src/install/cat_messages:${AMENT_PREFIX_PATH} CMAKE_PREFIX_PATH=/home/hamilton/souzou/src/install/cat_messages CONDA_PROMPT_MODIFIER=(souzou) LD_LIBRARY_PATH=/home/hamilton/souzou/src/install/cat_messages/lib:${LD_LIBRARY_PATH} PYTHONPATH=/home/hamilton/souzou/src/build/cat/prefix_override:/usr/lib/python3/dist-packages/colcon_core/task/python/colcon_distutils_commands:/home/hamilton/souzou/src/install/cat/lib/python3.10/site-packages:/home/hamilton/souzou/src/install/cat_messages/local/lib/python3.10/dist-packages:${PYTHONPATH} /usr/bin/python3 -W ignore:setup.py install is deprecated setup.py egg_info --egg-base ../build/cat build --build-base /home/hamilton/souzou/src/build/cat/build install --record /home/hamilton/souzou/src/build/cat/install.log --single-version-externally-managed install_data
[1.202s] Level 1:colcon.colcon_core.environment:checking '/home/hamilton/souzou/src/install/cat' for CMake module files
[1.203s] DEBUG:colcon.colcon_core.event_handler.log_command:Invoked command in '/home/hamilton/souzou/src/cat' returned '0': AMENT_PREFIX_PATH=/home/hamilton/souzou/src/install/cat_messages:${AMENT_PREFIX_PATH} CMAKE_PREFIX_PATH=/home/hamilton/souzou/src/install/cat_messages CONDA_PROMPT_MODIFIER=(souzou) LD_LIBRARY_PATH=/home/hamilton/souzou/src/install/cat_messages/lib:${LD_LIBRARY_PATH} PYTHONPATH=/home/hamilton/souzou/src/build/cat/prefix_override:/usr/lib/python3/dist-packages/colcon_core/task/python/colcon_distutils_commands:/home/hamilton/souzou/src/install/cat/lib/python3.10/site-packages:/home/hamilton/souzou/src/install/cat_messages/local/lib/python3.10/dist-packages:${PYTHONPATH} /usr/bin/python3 -W ignore:setup.py install is deprecated setup.py egg_info --egg-base ../build/cat build --build-base /home/hamilton/souzou/src/build/cat/build install --record /home/hamilton/souzou/src/build/cat/install.log --single-version-externally-managed install_data
[1.203s] Level 1:colcon.colcon_core.environment:checking '/home/hamilton/souzou/src/install/cat' for CMake config files
[1.203s] Level 1:colcon.colcon_core.environment:checking '/home/hamilton/souzou/src/install/cat/lib'
[1.203s] Level 1:colcon.colcon_core.environment:checking '/home/hamilton/souzou/src/install/cat/bin'
[1.203s] Level 1:colcon.colcon_core.environment:checking '/home/hamilton/souzou/src/install/cat/lib/pkgconfig/cat.pc'
[1.204s] Level 1:colcon.colcon_core.environment:checking '/home/hamilton/souzou/src/install/cat/lib/python3.10/site-packages'
[1.204s] Level 1:colcon.colcon_core.shell:create_environment_hook('cat', 'pythonpath')
[1.204s] INFO:colcon.colcon_core.shell:Creating environment hook '/home/hamilton/souzou/src/install/cat/share/cat/hook/pythonpath.ps1'
[1.204s] INFO:colcon.colcon_core.shell:Creating environment descriptor '/home/hamilton/souzou/src/install/cat/share/cat/hook/pythonpath.dsv'
[1.204s] INFO:colcon.colcon_core.shell:Creating environment hook '/home/hamilton/souzou/src/install/cat/share/cat/hook/pythonpath.sh'
[1.205s] Level 1:colcon.colcon_core.environment:checking '/home/hamilton/souzou/src/install/cat/bin'
[1.205s] Level 1:colcon.colcon_core.environment:create_environment_scripts_only(cat)
[1.205s] INFO:colcon.colcon_core.shell:Creating package script '/home/hamilton/souzou/src/install/cat/share/cat/package.ps1'
[1.205s] INFO:colcon.colcon_core.shell:Creating package descriptor '/home/hamilton/souzou/src/install/cat/share/cat/package.dsv'
[1.206s] INFO:colcon.colcon_core.shell:Creating package script '/home/hamilton/souzou/src/install/cat/share/cat/package.sh'
[1.206s] INFO:colcon.colcon_core.shell:Creating package script '/home/hamilton/souzou/src/install/cat/share/cat/package.bash'
[1.206s] INFO:colcon.colcon_core.shell:Creating package script '/home/hamilton/souzou/src/install/cat/share/cat/package.zsh'
[1.207s] Level 1:colcon.colcon_core.environment:create_file_with_runtime_dependencies(/home/hamilton/souzou/src/install/cat/share/colcon-core/packages/cat)
[1.207s] DEBUG:colcon.colcon_parallel_executor.executor.parallel:closing loop
[1.207s] DEBUG:colcon.colcon_parallel_executor.executor.parallel:loop closed
[1.207s] DEBUG:colcon.colcon_parallel_executor.executor.parallel:run_until_complete finished with '0'
[1.207s] DEBUG:colcon.colcon_core.event_reactor:joining thread
[1.210s] INFO:colcon.colcon_core.plugin_system:Skipping extension 'colcon_notification.desktop_notification.terminal_notifier': Not used on non-Darwin systems
[1.210s] INFO:colcon.colcon_core.plugin_system:Skipping extension 'colcon_notification.desktop_notification.win32': Not used on non-Windows systems
[1.210s] INFO:colcon.colcon_notification.desktop_notification:Sending desktop notification using 'notify2'
[1.219s] DEBUG:colcon.colcon_core.event_reactor:joined thread
[1.220s] INFO:colcon.colcon_core.shell:Creating prefix script '/home/hamilton/souzou/src/install/local_setup.ps1'
[1.220s] INFO:colcon.colcon_core.shell:Creating prefix util module '/home/hamilton/souzou/src/install/_local_setup_util_ps1.py'
[1.221s] INFO:colcon.colcon_core.shell:Creating prefix chain script '/home/hamilton/souzou/src/install/setup.ps1'
[1.222s] INFO:colcon.colcon_core.shell:Creating prefix script '/home/hamilton/souzou/src/install/local_setup.sh'
[1.222s] INFO:colcon.colcon_core.shell:Creating prefix util module '/home/hamilton/souzou/src/install/_local_setup_util_sh.py'
[1.223s] INFO:colcon.colcon_core.shell:Creating prefix chain script '/home/hamilton/souzou/src/install/setup.sh'
[1.223s] INFO:colcon.colcon_core.shell:Creating prefix script '/home/hamilton/souzou/src/install/local_setup.bash'
[1.224s] INFO:colcon.colcon_core.shell:Creating prefix chain script '/home/hamilton/souzou/src/install/setup.bash'
[1.224s] INFO:colcon.colcon_core.shell:Creating prefix script '/home/hamilton/souzou/src/install/local_setup.zsh'
[1.225s] INFO:colcon.colcon_core.shell:Creating prefix chain script '/home/hamilton/souzou/src/install/setup.zsh'
