[0.152s] DEBUG:colcon:Command line arguments: ['/usr/bin/colcon', 'build']
[0.152s] DEBUG:colcon:Parsed command line arguments: Namespace(log_base=None, log_level=None, verb_name='build', build_base='build', install_base='install', merge_install=False, symlink_install=False, test_result_base=None, continue_on_error=False, executor='parallel', parallel_workers=8, event_handlers=None, ignore_user_meta=False, metas=['./colcon.meta'], base_paths=['.'], packages_ignore=None, packages_ignore_regex=None, paths=None, packages_up_to=None, packages_up_to_regex=None, packages_above=None, packages_above_and_dependencies=None, packages_above_depth=None, packages_select_by_dep=None, packages_skip_by_dep=None, packages_skip_up_to=None, packages_select_build_failed=False, packages_skip_build_finished=False, packages_select_test_failures=False, packages_skip_test_passed=False, packages_select=None, packages_skip=None, packages_select_regex=None, packages_skip_regex=None, packages_start=None, packages_end=None, allow_overriding=[], cmake_args=None, cmake_target=None, cmake_target_skip_unavailable=False, cmake_clean_cache=False, cmake_clean_first=False, cmake_force_configure=False, ament_cmake_args=None, catkin_cmake_args=None, catkin_skip_building_tests=False, mixin_files=None, mixin=None, verb_parser=<colcon_mixin.mixin.mixin_argument.MixinArgumentDecorator object at 0x7f4caf3821a0>, verb_extension=<colcon_core.verb.build.BuildVerb object at 0x7f4caf4f6680>, main=<bound method BuildVerb.main of <colcon_core.verb.build.BuildVerb object at 0x7f4caf4f6680>>, mixin_verb=('build',))
[0.224s] Level 1:colcon.colcon_core.package_discovery:discover_packages(colcon_meta) check parameters
[0.224s] Level 1:colcon.colcon_core.package_discovery:discover_packages(recursive) check parameters
[0.224s] Level 1:colcon.colcon_core.package_discovery:discover_packages(ignore) check parameters
[0.224s] Level 1:colcon.colcon_core.package_discovery:discover_packages(path) check parameters
[0.224s] Level 1:colcon.colcon_core.package_discovery:discover_packages(colcon_meta) discover
[0.224s] Level 1:colcon.colcon_core.package_discovery:discover_packages(recursive) discover
[0.224s] INFO:colcon.colcon_core.package_discovery:Crawling recursively for packages in '/home/hamilton/souzou'
[0.224s] Level 1:colcon.colcon_core.package_identification:_identify(.) by extensions ['ignore', 'ignore_ament_install']
[0.224s] Level 1:colcon.colcon_core.package_identification:_identify(.) by extension 'ignore'
[0.224s] Level 1:colcon.colcon_core.package_identification:_identify(.) by extension 'ignore_ament_install'
[0.224s] Level 1:colcon.colcon_core.package_identification:_identify(.) by extensions ['colcon_pkg']
[0.224s] Level 1:colcon.colcon_core.package_identification:_identify(.) by extension 'colcon_pkg'
[0.224s] Level 1:colcon.colcon_core.package_identification:_identify(.) by extensions ['colcon_meta']
[0.224s] Level 1:colcon.colcon_core.package_identification:_identify(.) by extension 'colcon_meta'
[0.224s] Level 1:colcon.colcon_core.package_identification:_identify(.) by extensions ['ros']
[0.225s] Level 1:colcon.colcon_core.package_identification:_identify(.) by extension 'ros'
[0.249s] Level 1:colcon.colcon_core.package_identification:_identify(.) by extensions ['cmake', 'python']
[0.249s] Level 1:colcon.colcon_core.package_identification:_identify(.) by extension 'cmake'
[0.249s] Level 1:colcon.colcon_core.package_identification:_identify(.) by extension 'python'
[0.249s] Level 1:colcon.colcon_core.package_identification:_identify(.) by extensions ['python_setup_py']
[0.249s] Level 1:colcon.colcon_core.package_identification:_identify(.) by extension 'python_setup_py'
[0.249s] Level 1:colcon.colcon_core.package_identification:_identify(build) by extensions ['ignore', 'ignore_ament_install']
[0.249s] Level 1:colcon.colcon_core.package_identification:_identify(build) by extension 'ignore'
[0.249s] Level 1:colcon.colcon_core.package_identification:_identify(build) ignored
[0.249s] Level 1:colcon.colcon_core.package_identification:_identify(calibrationdata) by extensions ['ignore', 'ignore_ament_install']
[0.249s] Level 1:colcon.colcon_core.package_identification:_identify(calibrationdata) by extension 'ignore'
[0.249s] Level 1:colcon.colcon_core.package_identification:_identify(calibrationdata) by extension 'ignore_ament_install'
[0.249s] Level 1:colcon.colcon_core.package_identification:_identify(calibrationdata) by extensions ['colcon_pkg']
[0.249s] Level 1:colcon.colcon_core.package_identification:_identify(calibrationdata) by extension 'colcon_pkg'
[0.249s] Level 1:colcon.colcon_core.package_identification:_identify(calibrationdata) by extensions ['colcon_meta']
[0.249s] Level 1:colcon.colcon_core.package_identification:_identify(calibrationdata) by extension 'colcon_meta'
[0.249s] Level 1:colcon.colcon_core.package_identification:_identify(calibrationdata) by extensions ['ros']
[0.249s] Level 1:colcon.colcon_core.package_identification:_identify(calibrationdata) by extension 'ros'
[0.249s] Level 1:colcon.colcon_core.package_identification:_identify(calibrationdata) by extensions ['cmake', 'python']
[0.249s] Level 1:colcon.colcon_core.package_identification:_identify(calibrationdata) by extension 'cmake'
[0.249s] Level 1:colcon.colcon_core.package_identification:_identify(calibrationdata) by extension 'python'
[0.249s] Level 1:colcon.colcon_core.package_identification:_identify(calibrationdata) by extensions ['python_setup_py']
[0.249s] Level 1:colcon.colcon_core.package_identification:_identify(calibrationdata) by extension 'python_setup_py'
[0.250s] Level 1:colcon.colcon_core.package_identification:_identify(install) by extensions ['ignore', 'ignore_ament_install']
[0.250s] Level 1:colcon.colcon_core.package_identification:_identify(install) by extension 'ignore'
[0.250s] Level 1:colcon.colcon_core.package_identification:_identify(install) ignored
[0.250s] Level 1:colcon.colcon_core.package_identification:_identify(log) by extensions ['ignore', 'ignore_ament_install']
[0.250s] Level 1:colcon.colcon_core.package_identification:_identify(log) by extension 'ignore'
[0.250s] Level 1:colcon.colcon_core.package_identification:_identify(log) ignored
[0.250s] Level 1:colcon.colcon_core.package_identification:_identify(ros2_aruco) by extensions ['ignore', 'ignore_ament_install']
[0.250s] Level 1:colcon.colcon_core.package_identification:_identify(ros2_aruco) by extension 'ignore'
[0.250s] Level 1:colcon.colcon_core.package_identification:_identify(ros2_aruco) by extension 'ignore_ament_install'
[0.250s] Level 1:colcon.colcon_core.package_identification:_identify(ros2_aruco) by extensions ['colcon_pkg']
[0.250s] Level 1:colcon.colcon_core.package_identification:_identify(ros2_aruco) by extension 'colcon_pkg'
[0.250s] Level 1:colcon.colcon_core.package_identification:_identify(ros2_aruco) by extensions ['colcon_meta']
[0.250s] Level 1:colcon.colcon_core.package_identification:_identify(ros2_aruco) by extension 'colcon_meta'
[0.250s] Level 1:colcon.colcon_core.package_identification:_identify(ros2_aruco) by extensions ['ros']
[0.250s] Level 1:colcon.colcon_core.package_identification:_identify(ros2_aruco) by extension 'ros'
[0.250s] Level 1:colcon.colcon_core.package_identification:_identify(ros2_aruco) by extensions ['cmake', 'python']
[0.250s] Level 1:colcon.colcon_core.package_identification:_identify(ros2_aruco) by extension 'cmake'
[0.250s] Level 1:colcon.colcon_core.package_identification:_identify(ros2_aruco) by extension 'python'
[0.250s] Level 1:colcon.colcon_core.package_identification:_identify(ros2_aruco) by extensions ['python_setup_py']
[0.250s] Level 1:colcon.colcon_core.package_identification:_identify(ros2_aruco) by extension 'python_setup_py'
[0.250s] Level 1:colcon.colcon_core.package_identification:_identify(ros2_aruco/ros2_aruco) by extensions ['ignore', 'ignore_ament_install']
[0.250s] Level 1:colcon.colcon_core.package_identification:_identify(ros2_aruco/ros2_aruco) by extension 'ignore'
[0.250s] Level 1:colcon.colcon_core.package_identification:_identify(ros2_aruco/ros2_aruco) by extension 'ignore_ament_install'
[0.250s] Level 1:colcon.colcon_core.package_identification:_identify(ros2_aruco/ros2_aruco) by extensions ['colcon_pkg']
[0.250s] Level 1:colcon.colcon_core.package_identification:_identify(ros2_aruco/ros2_aruco) by extension 'colcon_pkg'
[0.250s] Level 1:colcon.colcon_core.package_identification:_identify(ros2_aruco/ros2_aruco) by extensions ['colcon_meta']
[0.250s] Level 1:colcon.colcon_core.package_identification:_identify(ros2_aruco/ros2_aruco) by extension 'colcon_meta'
[0.250s] Level 1:colcon.colcon_core.package_identification:_identify(ros2_aruco/ros2_aruco) by extensions ['ros']
[0.250s] Level 1:colcon.colcon_core.package_identification:_identify(ros2_aruco/ros2_aruco) by extension 'ros'
[0.253s] DEBUG:colcon.colcon_core.package_identification:Package 'ros2_aruco/ros2_aruco' with type 'ros.ament_python' and name 'ros2_aruco'
[0.254s] Level 1:colcon.colcon_core.package_identification:_identify(ros2_aruco/ros2_aruco_interfaces) by extensions ['ignore', 'ignore_ament_install']
[0.254s] Level 1:colcon.colcon_core.package_identification:_identify(ros2_aruco/ros2_aruco_interfaces) by extension 'ignore'
[0.254s] Level 1:colcon.colcon_core.package_identification:_identify(ros2_aruco/ros2_aruco_interfaces) by extension 'ignore_ament_install'
[0.254s] Level 1:colcon.colcon_core.package_identification:_identify(ros2_aruco/ros2_aruco_interfaces) by extensions ['colcon_pkg']
[0.254s] Level 1:colcon.colcon_core.package_identification:_identify(ros2_aruco/ros2_aruco_interfaces) by extension 'colcon_pkg'
[0.254s] Level 1:colcon.colcon_core.package_identification:_identify(ros2_aruco/ros2_aruco_interfaces) by extensions ['colcon_meta']
[0.254s] Level 1:colcon.colcon_core.package_identification:_identify(ros2_aruco/ros2_aruco_interfaces) by extension 'colcon_meta'
[0.254s] Level 1:colcon.colcon_core.package_identification:_identify(ros2_aruco/ros2_aruco_interfaces) by extensions ['ros']
[0.254s] Level 1:colcon.colcon_core.package_identification:_identify(ros2_aruco/ros2_aruco_interfaces) by extension 'ros'
[0.255s] DEBUG:colcon.colcon_core.package_identification:Package 'ros2_aruco/ros2_aruco_interfaces' with type 'ros.ament_cmake' and name 'ros2_aruco_interfaces'
[0.255s] Level 1:colcon.colcon_core.package_identification:_identify(souzoukougaku14) by extensions ['ignore', 'ignore_ament_install']
[0.255s] Level 1:colcon.colcon_core.package_identification:_identify(souzoukougaku14) by extension 'ignore'
[0.255s] Level 1:colcon.colcon_core.package_identification:_identify(souzoukougaku14) by extension 'ignore_ament_install'
[0.255s] Level 1:colcon.colcon_core.package_identification:_identify(souzoukougaku14) by extensions ['colcon_pkg']
[0.255s] Level 1:colcon.colcon_core.package_identification:_identify(souzoukougaku14) by extension 'colcon_pkg'
[0.255s] Level 1:colcon.colcon_core.package_identification:_identify(souzoukougaku14) by extensions ['colcon_meta']
[0.255s] Level 1:colcon.colcon_core.package_identification:_identify(souzoukougaku14) by extension 'colcon_meta'
[0.255s] Level 1:colcon.colcon_core.package_identification:_identify(souzoukougaku14) by extensions ['ros']
[0.255s] Level 1:colcon.colcon_core.package_identification:_identify(souzoukougaku14) by extension 'ros'
[0.255s] Level 1:colcon.colcon_core.package_identification:_identify(souzoukougaku14) by extensions ['cmake', 'python']
[0.255s] Level 1:colcon.colcon_core.package_identification:_identify(souzoukougaku14) by extension 'cmake'
[0.255s] Level 1:colcon.colcon_core.package_identification:_identify(souzoukougaku14) by extension 'python'
[0.255s] Level 1:colcon.colcon_core.package_identification:_identify(souzoukougaku14) by extensions ['python_setup_py']
[0.255s] Level 1:colcon.colcon_core.package_identification:_identify(souzoukougaku14) by extension 'python_setup_py'
[0.255s] Level 1:colcon.colcon_core.package_identification:_identify(souzoukougaku14/Arduino) by extensions ['ignore', 'ignore_ament_install']
[0.255s] Level 1:colcon.colcon_core.package_identification:_identify(souzoukougaku14/Arduino) by extension 'ignore'
[0.255s] Level 1:colcon.colcon_core.package_identification:_identify(souzoukougaku14/Arduino) by extension 'ignore_ament_install'
[0.255s] Level 1:colcon.colcon_core.package_identification:_identify(souzoukougaku14/Arduino) by extensions ['colcon_pkg']
[0.255s] Level 1:colcon.colcon_core.package_identification:_identify(souzoukougaku14/Arduino) by extension 'colcon_pkg'
[0.255s] Level 1:colcon.colcon_core.package_identification:_identify(souzoukougaku14/Arduino) by extensions ['colcon_meta']
[0.255s] Level 1:colcon.colcon_core.package_identification:_identify(souzoukougaku14/Arduino) by extension 'colcon_meta'
[0.255s] Level 1:colcon.colcon_core.package_identification:_identify(souzoukougaku14/Arduino) by extensions ['ros']
[0.255s] Level 1:colcon.colcon_core.package_identification:_identify(souzoukougaku14/Arduino) by extension 'ros'
[0.255s] Level 1:colcon.colcon_core.package_identification:_identify(souzoukougaku14/Arduino) by extensions ['cmake', 'python']
[0.255s] Level 1:colcon.colcon_core.package_identification:_identify(souzoukougaku14/Arduino) by extension 'cmake'
[0.255s] Level 1:colcon.colcon_core.package_identification:_identify(souzoukougaku14/Arduino) by extension 'python'
[0.255s] Level 1:colcon.colcon_core.package_identification:_identify(souzoukougaku14/Arduino) by extensions ['python_setup_py']
[0.255s] Level 1:colcon.colcon_core.package_identification:_identify(souzoukougaku14/Arduino) by extension 'python_setup_py'
[0.255s] Level 1:colcon.colcon_core.package_identification:_identify(souzoukougaku14/Arduino/Fsp_sample) by extensions ['ignore', 'ignore_ament_install']
[0.255s] Level 1:colcon.colcon_core.package_identification:_identify(souzoukougaku14/Arduino/Fsp_sample) by extension 'ignore'
[0.255s] Level 1:colcon.colcon_core.package_identification:_identify(souzoukougaku14/Arduino/Fsp_sample) by extension 'ignore_ament_install'
[0.256s] Level 1:colcon.colcon_core.package_identification:_identify(souzoukougaku14/Arduino/Fsp_sample) by extensions ['colcon_pkg']
[0.256s] Level 1:colcon.colcon_core.package_identification:_identify(souzoukougaku14/Arduino/Fsp_sample) by extension 'colcon_pkg'
[0.256s] Level 1:colcon.colcon_core.package_identification:_identify(souzoukougaku14/Arduino/Fsp_sample) by extensions ['colcon_meta']
[0.256s] Level 1:colcon.colcon_core.package_identification:_identify(souzoukougaku14/Arduino/Fsp_sample) by extension 'colcon_meta'
[0.256s] Level 1:colcon.colcon_core.package_identification:_identify(souzoukougaku14/Arduino/Fsp_sample) by extensions ['ros']
[0.256s] Level 1:colcon.colcon_core.package_identification:_identify(souzoukougaku14/Arduino/Fsp_sample) by extension 'ros'
[0.256s] Level 1:colcon.colcon_core.package_identification:_identify(souzoukougaku14/Arduino/Fsp_sample) by extensions ['cmake', 'python']
[0.256s] Level 1:colcon.colcon_core.package_identification:_identify(souzoukougaku14/Arduino/Fsp_sample) by extension 'cmake'
[0.256s] Level 1:colcon.colcon_core.package_identification:_identify(souzoukougaku14/Arduino/Fsp_sample) by extension 'python'
[0.256s] Level 1:colcon.colcon_core.package_identification:_identify(souzoukougaku14/Arduino/Fsp_sample) by extensions ['python_setup_py']
[0.256s] Level 1:colcon.colcon_core.package_identification:_identify(souzoukougaku14/Arduino/Fsp_sample) by extension 'python_setup_py'
[0.256s] Level 1:colcon.colcon_core.package_identification:_identify(souzoukougaku14/Arduino/cat_main) by extensions ['ignore', 'ignore_ament_install']
[0.256s] Level 1:colcon.colcon_core.package_identification:_identify(souzoukougaku14/Arduino/cat_main) by extension 'ignore'
[0.256s] Level 1:colcon.colcon_core.package_identification:_identify(souzoukougaku14/Arduino/cat_main) by extension 'ignore_ament_install'
[0.256s] Level 1:colcon.colcon_core.package_identification:_identify(souzoukougaku14/Arduino/cat_main) by extensions ['colcon_pkg']
[0.256s] Level 1:colcon.colcon_core.package_identification:_identify(souzoukougaku14/Arduino/cat_main) by extension 'colcon_pkg'
[0.256s] Level 1:colcon.colcon_core.package_identification:_identify(souzoukougaku14/Arduino/cat_main) by extensions ['colcon_meta']
[0.256s] Level 1:colcon.colcon_core.package_identification:_identify(souzoukougaku14/Arduino/cat_main) by extension 'colcon_meta'
[0.256s] Level 1:colcon.colcon_core.package_identification:_identify(souzoukougaku14/Arduino/cat_main) by extensions ['ros']
[0.256s] Level 1:colcon.colcon_core.package_identification:_identify(souzoukougaku14/Arduino/cat_main) by extension 'ros'
[0.256s] Level 1:colcon.colcon_core.package_identification:_identify(souzoukougaku14/Arduino/cat_main) by extensions ['cmake', 'python']
[0.256s] Level 1:colcon.colcon_core.package_identification:_identify(souzoukougaku14/Arduino/cat_main) by extension 'cmake'
[0.256s] Level 1:colcon.colcon_core.package_identification:_identify(souzoukougaku14/Arduino/cat_main) by extension 'python'
[0.256s] Level 1:colcon.colcon_core.package_identification:_identify(souzoukougaku14/Arduino/cat_main) by extensions ['python_setup_py']
[0.256s] Level 1:colcon.colcon_core.package_identification:_identify(souzoukougaku14/Arduino/cat_main) by extension 'python_setup_py'
[0.256s] Level 1:colcon.colcon_core.package_identification:_identify(souzoukougaku14/Arduino/cat_main_udp) by extensions ['ignore', 'ignore_ament_install']
[0.256s] Level 1:colcon.colcon_core.package_identification:_identify(souzoukougaku14/Arduino/cat_main_udp) by extension 'ignore'
[0.256s] Level 1:colcon.colcon_core.package_identification:_identify(souzoukougaku14/Arduino/cat_main_udp) by extension 'ignore_ament_install'
[0.256s] Level 1:colcon.colcon_core.package_identification:_identify(souzoukougaku14/Arduino/cat_main_udp) by extensions ['colcon_pkg']
[0.256s] Level 1:colcon.colcon_core.package_identification:_identify(souzoukougaku14/Arduino/cat_main_udp) by extension 'colcon_pkg'
[0.256s] Level 1:colcon.colcon_core.package_identification:_identify(souzoukougaku14/Arduino/cat_main_udp) by extensions ['colcon_meta']
[0.256s] Level 1:colcon.colcon_core.package_identification:_identify(souzoukougaku14/Arduino/cat_main_udp) by extension 'colcon_meta'
[0.256s] Level 1:colcon.colcon_core.package_identification:_identify(souzoukougaku14/Arduino/cat_main_udp) by extensions ['ros']
[0.256s] Level 1:colcon.colcon_core.package_identification:_identify(souzoukougaku14/Arduino/cat_main_udp) by extension 'ros'
[0.256s] Level 1:colcon.colcon_core.package_identification:_identify(souzoukougaku14/Arduino/cat_main_udp) by extensions ['cmake', 'python']
[0.256s] Level 1:colcon.colcon_core.package_identification:_identify(souzoukougaku14/Arduino/cat_main_udp) by extension 'cmake'
[0.257s] Level 1:colcon.colcon_core.package_identification:_identify(souzoukougaku14/Arduino/cat_main_udp) by extension 'python'
[0.257s] Level 1:colcon.colcon_core.package_identification:_identify(souzoukougaku14/Arduino/cat_main_udp) by extensions ['python_setup_py']
[0.257s] Level 1:colcon.colcon_core.package_identification:_identify(souzoukougaku14/Arduino/cat_main_udp) by extension 'python_setup_py'
[0.257s] Level 1:colcon.colcon_core.package_identification:_identify(souzoukougaku14/Arduino/hairetu_jyusinn) by extensions ['ignore', 'ignore_ament_install']
[0.257s] Level 1:colcon.colcon_core.package_identification:_identify(souzoukougaku14/Arduino/hairetu_jyusinn) by extension 'ignore'
[0.257s] Level 1:colcon.colcon_core.package_identification:_identify(souzoukougaku14/Arduino/hairetu_jyusinn) by extension 'ignore_ament_install'
[0.257s] Level 1:colcon.colcon_core.package_identification:_identify(souzoukougaku14/Arduino/hairetu_jyusinn) by extensions ['colcon_pkg']
[0.257s] Level 1:colcon.colcon_core.package_identification:_identify(souzoukougaku14/Arduino/hairetu_jyusinn) by extension 'colcon_pkg'
[0.257s] Level 1:colcon.colcon_core.package_identification:_identify(souzoukougaku14/Arduino/hairetu_jyusinn) by extensions ['colcon_meta']
[0.257s] Level 1:colcon.colcon_core.package_identification:_identify(souzoukougaku14/Arduino/hairetu_jyusinn) by extension 'colcon_meta'
[0.257s] Level 1:colcon.colcon_core.package_identification:_identify(souzoukougaku14/Arduino/hairetu_jyusinn) by extensions ['ros']
[0.257s] Level 1:colcon.colcon_core.package_identification:_identify(souzoukougaku14/Arduino/hairetu_jyusinn) by extension 'ros'
[0.257s] Level 1:colcon.colcon_core.package_identification:_identify(souzoukougaku14/Arduino/hairetu_jyusinn) by extensions ['cmake', 'python']
[0.257s] Level 1:colcon.colcon_core.package_identification:_identify(souzoukougaku14/Arduino/hairetu_jyusinn) by extension 'cmake'
[0.257s] Level 1:colcon.colcon_core.package_identification:_identify(souzoukougaku14/Arduino/hairetu_jyusinn) by extension 'python'
[0.257s] Level 1:colcon.colcon_core.package_identification:_identify(souzoukougaku14/Arduino/hairetu_jyusinn) by extensions ['python_setup_py']
[0.257s] Level 1:colcon.colcon_core.package_identification:_identify(souzoukougaku14/Arduino/hairetu_jyusinn) by extension 'python_setup_py'
[0.257s] Level 1:colcon.colcon_core.package_identification:_identify(souzoukougaku14/Arduino/hairetu_sousinn) by extensions ['ignore', 'ignore_ament_install']
[0.257s] Level 1:colcon.colcon_core.package_identification:_identify(souzoukougaku14/Arduino/hairetu_sousinn) by extension 'ignore'
[0.257s] Level 1:colcon.colcon_core.package_identification:_identify(souzoukougaku14/Arduino/hairetu_sousinn) by extension 'ignore_ament_install'
[0.257s] Level 1:colcon.colcon_core.package_identification:_identify(souzoukougaku14/Arduino/hairetu_sousinn) by extensions ['colcon_pkg']
[0.257s] Level 1:colcon.colcon_core.package_identification:_identify(souzoukougaku14/Arduino/hairetu_sousinn) by extension 'colcon_pkg'
[0.257s] Level 1:colcon.colcon_core.package_identification:_identify(souzoukougaku14/Arduino/hairetu_sousinn) by extensions ['colcon_meta']
[0.257s] Level 1:colcon.colcon_core.package_identification:_identify(souzoukougaku14/Arduino/hairetu_sousinn) by extension 'colcon_meta'
[0.257s] Level 1:colcon.colcon_core.package_identification:_identify(souzoukougaku14/Arduino/hairetu_sousinn) by extensions ['ros']
[0.257s] Level 1:colcon.colcon_core.package_identification:_identify(souzoukougaku14/Arduino/hairetu_sousinn) by extension 'ros'
[0.257s] Level 1:colcon.colcon_core.package_identification:_identify(souzoukougaku14/Arduino/hairetu_sousinn) by extensions ['cmake', 'python']
[0.257s] Level 1:colcon.colcon_core.package_identification:_identify(souzoukougaku14/Arduino/hairetu_sousinn) by extension 'cmake'
[0.257s] Level 1:colcon.colcon_core.package_identification:_identify(souzoukougaku14/Arduino/hairetu_sousinn) by extension 'python'
[0.257s] Level 1:colcon.colcon_core.package_identification:_identify(souzoukougaku14/Arduino/hairetu_sousinn) by extensions ['python_setup_py']
[0.257s] Level 1:colcon.colcon_core.package_identification:_identify(souzoukougaku14/Arduino/hairetu_sousinn) by extension 'python_setup_py'
[0.257s] Level 1:colcon.colcon_core.package_identification:_identify(souzoukougaku14/Arduino/new_cat_main) by extensions ['ignore', 'ignore_ament_install']
[0.257s] Level 1:colcon.colcon_core.package_identification:_identify(souzoukougaku14/Arduino/new_cat_main) by extension 'ignore'
[0.257s] Level 1:colcon.colcon_core.package_identification:_identify(souzoukougaku14/Arduino/new_cat_main) by extension 'ignore_ament_install'
[0.257s] Level 1:colcon.colcon_core.package_identification:_identify(souzoukougaku14/Arduino/new_cat_main) by extensions ['colcon_pkg']
[0.257s] Level 1:colcon.colcon_core.package_identification:_identify(souzoukougaku14/Arduino/new_cat_main) by extension 'colcon_pkg'
[0.258s] Level 1:colcon.colcon_core.package_identification:_identify(souzoukougaku14/Arduino/new_cat_main) by extensions ['colcon_meta']
[0.258s] Level 1:colcon.colcon_core.package_identification:_identify(souzoukougaku14/Arduino/new_cat_main) by extension 'colcon_meta'
[0.258s] Level 1:colcon.colcon_core.package_identification:_identify(souzoukougaku14/Arduino/new_cat_main) by extensions ['ros']
[0.258s] Level 1:colcon.colcon_core.package_identification:_identify(souzoukougaku14/Arduino/new_cat_main) by extension 'ros'
[0.258s] Level 1:colcon.colcon_core.package_identification:_identify(souzoukougaku14/Arduino/new_cat_main) by extensions ['cmake', 'python']
[0.258s] Level 1:colcon.colcon_core.package_identification:_identify(souzoukougaku14/Arduino/new_cat_main) by extension 'cmake'
[0.258s] Level 1:colcon.colcon_core.package_identification:_identify(souzoukougaku14/Arduino/new_cat_main) by extension 'python'
[0.258s] Level 1:colcon.colcon_core.package_identification:_identify(souzoukougaku14/Arduino/new_cat_main) by extensions ['python_setup_py']
[0.258s] Level 1:colcon.colcon_core.package_identification:_identify(souzoukougaku14/Arduino/new_cat_main) by extension 'python_setup_py'
[0.258s] Level 1:colcon.colcon_core.package_identification:_identify(souzoukougaku14/Arduino/r4_model) by extensions ['ignore', 'ignore_ament_install']
[0.258s] Level 1:colcon.colcon_core.package_identification:_identify(souzoukougaku14/Arduino/r4_model) by extension 'ignore'
[0.258s] Level 1:colcon.colcon_core.package_identification:_identify(souzoukougaku14/Arduino/r4_model) by extension 'ignore_ament_install'
[0.258s] Level 1:colcon.colcon_core.package_identification:_identify(souzoukougaku14/Arduino/r4_model) by extensions ['colcon_pkg']
[0.258s] Level 1:colcon.colcon_core.package_identification:_identify(souzoukougaku14/Arduino/r4_model) by extension 'colcon_pkg'
[0.258s] Level 1:colcon.colcon_core.package_identification:_identify(souzoukougaku14/Arduino/r4_model) by extensions ['colcon_meta']
[0.258s] Level 1:colcon.colcon_core.package_identification:_identify(souzoukougaku14/Arduino/r4_model) by extension 'colcon_meta'
[0.258s] Level 1:colcon.colcon_core.package_identification:_identify(souzoukougaku14/Arduino/r4_model) by extensions ['ros']
[0.258s] Level 1:colcon.colcon_core.package_identification:_identify(souzoukougaku14/Arduino/r4_model) by extension 'ros'
[0.258s] Level 1:colcon.colcon_core.package_identification:_identify(souzoukougaku14/Arduino/r4_model) by extensions ['cmake', 'python']
[0.258s] Level 1:colcon.colcon_core.package_identification:_identify(souzoukougaku14/Arduino/r4_model) by extension 'cmake'
[0.258s] Level 1:colcon.colcon_core.package_identification:_identify(souzoukougaku14/Arduino/r4_model) by extension 'python'
[0.258s] Level 1:colcon.colcon_core.package_identification:_identify(souzoukougaku14/Arduino/r4_model) by extensions ['python_setup_py']
[0.258s] Level 1:colcon.colcon_core.package_identification:_identify(souzoukougaku14/Arduino/r4_model) by extension 'python_setup_py'
[0.258s] Level 1:colcon.colcon_core.package_identification:_identify(souzoukougaku14/Arduino/r4_wifi_test_receive) by extensions ['ignore', 'ignore_ament_install']
[0.258s] Level 1:colcon.colcon_core.package_identification:_identify(souzoukougaku14/Arduino/r4_wifi_test_receive) by extension 'ignore'
[0.258s] Level 1:colcon.colcon_core.package_identification:_identify(souzoukougaku14/Arduino/r4_wifi_test_receive) by extension 'ignore_ament_install'
[0.258s] Level 1:colcon.colcon_core.package_identification:_identify(souzoukougaku14/Arduino/r4_wifi_test_receive) by extensions ['colcon_pkg']
[0.258s] Level 1:colcon.colcon_core.package_identification:_identify(souzoukougaku14/Arduino/r4_wifi_test_receive) by extension 'colcon_pkg'
[0.258s] Level 1:colcon.colcon_core.package_identification:_identify(souzoukougaku14/Arduino/r4_wifi_test_receive) by extensions ['colcon_meta']
[0.258s] Level 1:colcon.colcon_core.package_identification:_identify(souzoukougaku14/Arduino/r4_wifi_test_receive) by extension 'colcon_meta'
[0.258s] Level 1:colcon.colcon_core.package_identification:_identify(souzoukougaku14/Arduino/r4_wifi_test_receive) by extensions ['ros']
[0.258s] Level 1:colcon.colcon_core.package_identification:_identify(souzoukougaku14/Arduino/r4_wifi_test_receive) by extension 'ros'
[0.258s] Level 1:colcon.colcon_core.package_identification:_identify(souzoukougaku14/Arduino/r4_wifi_test_receive) by extensions ['cmake', 'python']
[0.258s] Level 1:colcon.colcon_core.package_identification:_identify(souzoukougaku14/Arduino/r4_wifi_test_receive) by extension 'cmake'
[0.258s] Level 1:colcon.colcon_core.package_identification:_identify(souzoukougaku14/Arduino/r4_wifi_test_receive) by extension 'python'
[0.258s] Level 1:colcon.colcon_core.package_identification:_identify(souzoukougaku14/Arduino/r4_wifi_test_receive) by extensions ['python_setup_py']
[0.259s] Level 1:colcon.colcon_core.package_identification:_identify(souzoukougaku14/Arduino/r4_wifi_test_receive) by extension 'python_setup_py'
[0.259s] Level 1:colcon.colcon_core.package_identification:_identify(souzoukougaku14/Arduino/r4_wifi_test_send) by extensions ['ignore', 'ignore_ament_install']
[0.259s] Level 1:colcon.colcon_core.package_identification:_identify(souzoukougaku14/Arduino/r4_wifi_test_send) by extension 'ignore'
[0.259s] Level 1:colcon.colcon_core.package_identification:_identify(souzoukougaku14/Arduino/r4_wifi_test_send) by extension 'ignore_ament_install'
[0.259s] Level 1:colcon.colcon_core.package_identification:_identify(souzoukougaku14/Arduino/r4_wifi_test_send) by extensions ['colcon_pkg']
[0.259s] Level 1:colcon.colcon_core.package_identification:_identify(souzoukougaku14/Arduino/r4_wifi_test_send) by extension 'colcon_pkg'
[0.259s] Level 1:colcon.colcon_core.package_identification:_identify(souzoukougaku14/Arduino/r4_wifi_test_send) by extensions ['colcon_meta']
[0.259s] Level 1:colcon.colcon_core.package_identification:_identify(souzoukougaku14/Arduino/r4_wifi_test_send) by extension 'colcon_meta'
[0.259s] Level 1:colcon.colcon_core.package_identification:_identify(souzoukougaku14/Arduino/r4_wifi_test_send) by extensions ['ros']
[0.259s] Level 1:colcon.colcon_core.package_identification:_identify(souzoukougaku14/Arduino/r4_wifi_test_send) by extension 'ros'
[0.259s] Level 1:colcon.colcon_core.package_identification:_identify(souzoukougaku14/Arduino/r4_wifi_test_send) by extensions ['cmake', 'python']
[0.259s] Level 1:colcon.colcon_core.package_identification:_identify(souzoukougaku14/Arduino/r4_wifi_test_send) by extension 'cmake'
[0.259s] Level 1:colcon.colcon_core.package_identification:_identify(souzoukougaku14/Arduino/r4_wifi_test_send) by extension 'python'
[0.259s] Level 1:colcon.colcon_core.package_identification:_identify(souzoukougaku14/Arduino/r4_wifi_test_send) by extensions ['python_setup_py']
[0.259s] Level 1:colcon.colcon_core.package_identification:_identify(souzoukougaku14/Arduino/r4_wifi_test_send) by extension 'python_setup_py'
[0.259s] Level 1:colcon.colcon_core.package_identification:_identify(souzoukougaku14/Arduino/serial_receive) by extensions ['ignore', 'ignore_ament_install']
[0.259s] Level 1:colcon.colcon_core.package_identification:_identify(souzoukougaku14/Arduino/serial_receive) by extension 'ignore'
[0.259s] Level 1:colcon.colcon_core.package_identification:_identify(souzoukougaku14/Arduino/serial_receive) by extension 'ignore_ament_install'
[0.259s] Level 1:colcon.colcon_core.package_identification:_identify(souzoukougaku14/Arduino/serial_receive) by extensions ['colcon_pkg']
[0.259s] Level 1:colcon.colcon_core.package_identification:_identify(souzoukougaku14/Arduino/serial_receive) by extension 'colcon_pkg'
[0.259s] Level 1:colcon.colcon_core.package_identification:_identify(souzoukougaku14/Arduino/serial_receive) by extensions ['colcon_meta']
[0.259s] Level 1:colcon.colcon_core.package_identification:_identify(souzoukougaku14/Arduino/serial_receive) by extension 'colcon_meta'
[0.259s] Level 1:colcon.colcon_core.package_identification:_identify(souzoukougaku14/Arduino/serial_receive) by extensions ['ros']
[0.259s] Level 1:colcon.colcon_core.package_identification:_identify(souzoukougaku14/Arduino/serial_receive) by extension 'ros'
[0.259s] Level 1:colcon.colcon_core.package_identification:_identify(souzoukougaku14/Arduino/serial_receive) by extensions ['cmake', 'python']
[0.259s] Level 1:colcon.colcon_core.package_identification:_identify(souzoukougaku14/Arduino/serial_receive) by extension 'cmake'
[0.259s] Level 1:colcon.colcon_core.package_identification:_identify(souzoukougaku14/Arduino/serial_receive) by extension 'python'
[0.259s] Level 1:colcon.colcon_core.package_identification:_identify(souzoukougaku14/Arduino/serial_receive) by extensions ['python_setup_py']
[0.259s] Level 1:colcon.colcon_core.package_identification:_identify(souzoukougaku14/Arduino/serial_receive) by extension 'python_setup_py'
[0.259s] Level 1:colcon.colcon_core.package_identification:_identify(souzoukougaku14/Arduino/serial_send) by extensions ['ignore', 'ignore_ament_install']
[0.259s] Level 1:colcon.colcon_core.package_identification:_identify(souzoukougaku14/Arduino/serial_send) by extension 'ignore'
[0.259s] Level 1:colcon.colcon_core.package_identification:_identify(souzoukougaku14/Arduino/serial_send) by extension 'ignore_ament_install'
[0.259s] Level 1:colcon.colcon_core.package_identification:_identify(souzoukougaku14/Arduino/serial_send) by extensions ['colcon_pkg']
[0.259s] Level 1:colcon.colcon_core.package_identification:_identify(souzoukougaku14/Arduino/serial_send) by extension 'colcon_pkg'
[0.259s] Level 1:colcon.colcon_core.package_identification:_identify(souzoukougaku14/Arduino/serial_send) by extensions ['colcon_meta']
[0.259s] Level 1:colcon.colcon_core.package_identification:_identify(souzoukougaku14/Arduino/serial_send) by extension 'colcon_meta'
[0.260s] Level 1:colcon.colcon_core.package_identification:_identify(souzoukougaku14/Arduino/serial_send) by extensions ['ros']
[0.260s] Level 1:colcon.colcon_core.package_identification:_identify(souzoukougaku14/Arduino/serial_send) by extension 'ros'
[0.260s] Level 1:colcon.colcon_core.package_identification:_identify(souzoukougaku14/Arduino/serial_send) by extensions ['cmake', 'python']
[0.260s] Level 1:colcon.colcon_core.package_identification:_identify(souzoukougaku14/Arduino/serial_send) by extension 'cmake'
[0.260s] Level 1:colcon.colcon_core.package_identification:_identify(souzoukougaku14/Arduino/serial_send) by extension 'python'
[0.260s] Level 1:colcon.colcon_core.package_identification:_identify(souzoukougaku14/Arduino/serial_send) by extensions ['python_setup_py']
[0.260s] Level 1:colcon.colcon_core.package_identification:_identify(souzoukougaku14/Arduino/serial_send) by extension 'python_setup_py'
[0.260s] Level 1:colcon.colcon_core.package_identification:_identify(souzoukougaku14/Arduino/udp_sample) by extensions ['ignore', 'ignore_ament_install']
[0.260s] Level 1:colcon.colcon_core.package_identification:_identify(souzoukougaku14/Arduino/udp_sample) by extension 'ignore'
[0.260s] Level 1:colcon.colcon_core.package_identification:_identify(souzoukougaku14/Arduino/udp_sample) by extension 'ignore_ament_install'
[0.260s] Level 1:colcon.colcon_core.package_identification:_identify(souzoukougaku14/Arduino/udp_sample) by extensions ['colcon_pkg']
[0.260s] Level 1:colcon.colcon_core.package_identification:_identify(souzoukougaku14/Arduino/udp_sample) by extension 'colcon_pkg'
[0.260s] Level 1:colcon.colcon_core.package_identification:_identify(souzoukougaku14/Arduino/udp_sample) by extensions ['colcon_meta']
[0.260s] Level 1:colcon.colcon_core.package_identification:_identify(souzoukougaku14/Arduino/udp_sample) by extension 'colcon_meta'
[0.260s] Level 1:colcon.colcon_core.package_identification:_identify(souzoukougaku14/Arduino/udp_sample) by extensions ['ros']
[0.260s] Level 1:colcon.colcon_core.package_identification:_identify(souzoukougaku14/Arduino/udp_sample) by extension 'ros'
[0.260s] Level 1:colcon.colcon_core.package_identification:_identify(souzoukougaku14/Arduino/udp_sample) by extensions ['cmake', 'python']
[0.260s] Level 1:colcon.colcon_core.package_identification:_identify(souzoukougaku14/Arduino/udp_sample) by extension 'cmake'
[0.260s] Level 1:colcon.colcon_core.package_identification:_identify(souzoukougaku14/Arduino/udp_sample) by extension 'python'
[0.260s] Level 1:colcon.colcon_core.package_identification:_identify(souzoukougaku14/Arduino/udp_sample) by extensions ['python_setup_py']
[0.260s] Level 1:colcon.colcon_core.package_identification:_identify(souzoukougaku14/Arduino/udp_sample) by extension 'python_setup_py'
[0.260s] Level 1:colcon.colcon_core.package_identification:_identify(souzoukougaku14/src) by extensions ['ignore', 'ignore_ament_install']
[0.260s] Level 1:colcon.colcon_core.package_identification:_identify(souzoukougaku14/src) by extension 'ignore'
[0.260s] Level 1:colcon.colcon_core.package_identification:_identify(souzoukougaku14/src) by extension 'ignore_ament_install'
[0.260s] Level 1:colcon.colcon_core.package_identification:_identify(souzoukougaku14/src) by extensions ['colcon_pkg']
[0.260s] Level 1:colcon.colcon_core.package_identification:_identify(souzoukougaku14/src) by extension 'colcon_pkg'
[0.260s] Level 1:colcon.colcon_core.package_identification:_identify(souzoukougaku14/src) by extensions ['colcon_meta']
[0.260s] Level 1:colcon.colcon_core.package_identification:_identify(souzoukougaku14/src) by extension 'colcon_meta'
[0.260s] Level 1:colcon.colcon_core.package_identification:_identify(souzoukougaku14/src) by extensions ['ros']
[0.260s] Level 1:colcon.colcon_core.package_identification:_identify(souzoukougaku14/src) by extension 'ros'
[0.260s] Level 1:colcon.colcon_core.package_identification:_identify(souzoukougaku14/src) by extensions ['cmake', 'python']
[0.260s] Level 1:colcon.colcon_core.package_identification:_identify(souzoukougaku14/src) by extension 'cmake'
[0.260s] Level 1:colcon.colcon_core.package_identification:_identify(souzoukougaku14/src) by extension 'python'
[0.260s] Level 1:colcon.colcon_core.package_identification:_identify(souzoukougaku14/src) by extensions ['python_setup_py']
[0.260s] Level 1:colcon.colcon_core.package_identification:_identify(souzoukougaku14/src) by extension 'python_setup_py'
[0.260s] Level 1:colcon.colcon_core.package_identification:_identify(souzoukougaku14/src/build) by extensions ['ignore', 'ignore_ament_install']
[0.261s] Level 1:colcon.colcon_core.package_identification:_identify(souzoukougaku14/src/build) by extension 'ignore'
[0.261s] Level 1:colcon.colcon_core.package_identification:_identify(souzoukougaku14/src/build) ignored
[0.261s] Level 1:colcon.colcon_core.package_identification:_identify(souzoukougaku14/src/cat) by extensions ['ignore', 'ignore_ament_install']
[0.261s] Level 1:colcon.colcon_core.package_identification:_identify(souzoukougaku14/src/cat) by extension 'ignore'
[0.261s] Level 1:colcon.colcon_core.package_identification:_identify(souzoukougaku14/src/cat) by extension 'ignore_ament_install'
[0.261s] Level 1:colcon.colcon_core.package_identification:_identify(souzoukougaku14/src/cat) by extensions ['colcon_pkg']
[0.261s] Level 1:colcon.colcon_core.package_identification:_identify(souzoukougaku14/src/cat) by extension 'colcon_pkg'
[0.261s] Level 1:colcon.colcon_core.package_identification:_identify(souzoukougaku14/src/cat) by extensions ['colcon_meta']
[0.261s] Level 1:colcon.colcon_core.package_identification:_identify(souzoukougaku14/src/cat) by extension 'colcon_meta'
[0.261s] Level 1:colcon.colcon_core.package_identification:_identify(souzoukougaku14/src/cat) by extensions ['ros']
[0.261s] Level 1:colcon.colcon_core.package_identification:_identify(souzoukougaku14/src/cat) by extension 'ros'
[0.262s] DEBUG:colcon.colcon_core.package_identification:Package 'souzoukougaku14/src/cat' with type 'ros.ament_python' and name 'cat'
[0.262s] Level 1:colcon.colcon_core.package_identification:_identify(souzoukougaku14/src/cat_messages) by extensions ['ignore', 'ignore_ament_install']
[0.262s] Level 1:colcon.colcon_core.package_identification:_identify(souzoukougaku14/src/cat_messages) by extension 'ignore'
[0.262s] Level 1:colcon.colcon_core.package_identification:_identify(souzoukougaku14/src/cat_messages) by extension 'ignore_ament_install'
[0.262s] Level 1:colcon.colcon_core.package_identification:_identify(souzoukougaku14/src/cat_messages) by extensions ['colcon_pkg']
[0.262s] Level 1:colcon.colcon_core.package_identification:_identify(souzoukougaku14/src/cat_messages) by extension 'colcon_pkg'
[0.262s] Level 1:colcon.colcon_core.package_identification:_identify(souzoukougaku14/src/cat_messages) by extensions ['colcon_meta']
[0.262s] Level 1:colcon.colcon_core.package_identification:_identify(souzoukougaku14/src/cat_messages) by extension 'colcon_meta'
[0.262s] Level 1:colcon.colcon_core.package_identification:_identify(souzoukougaku14/src/cat_messages) by extensions ['ros']
[0.262s] Level 1:colcon.colcon_core.package_identification:_identify(souzoukougaku14/src/cat_messages) by extension 'ros'
[0.263s] DEBUG:colcon.colcon_core.package_identification:Package 'souzoukougaku14/src/cat_messages' with type 'ros.ament_cmake' and name 'cat_messages'
[0.263s] Level 1:colcon.colcon_core.package_identification:_identify(souzoukougaku14/src/install) by extensions ['ignore', 'ignore_ament_install']
[0.263s] Level 1:colcon.colcon_core.package_identification:_identify(souzoukougaku14/src/install) by extension 'ignore'
[0.263s] Level 1:colcon.colcon_core.package_identification:_identify(souzoukougaku14/src/install) ignored
[0.263s] Level 1:colcon.colcon_core.package_identification:_identify(souzoukougaku14/src/log) by extensions ['ignore', 'ignore_ament_install']
[0.263s] Level 1:colcon.colcon_core.package_identification:_identify(souzoukougaku14/src/log) by extension 'ignore'
[0.263s] Level 1:colcon.colcon_core.package_identification:_identify(souzoukougaku14/src/log) ignored
[0.263s] Level 1:colcon.colcon_core.package_identification:_identify(souzoukougaku14/test) by extensions ['ignore', 'ignore_ament_install']
[0.263s] Level 1:colcon.colcon_core.package_identification:_identify(souzoukougaku14/test) by extension 'ignore'
[0.263s] Level 1:colcon.colcon_core.package_identification:_identify(souzoukougaku14/test) by extension 'ignore_ament_install'
[0.263s] Level 1:colcon.colcon_core.package_identification:_identify(souzoukougaku14/test) by extensions ['colcon_pkg']
[0.263s] Level 1:colcon.colcon_core.package_identification:_identify(souzoukougaku14/test) by extension 'colcon_pkg'
[0.263s] Level 1:colcon.colcon_core.package_identification:_identify(souzoukougaku14/test) by extensions ['colcon_meta']
[0.263s] Level 1:colcon.colcon_core.package_identification:_identify(souzoukougaku14/test) by extension 'colcon_meta'
[0.263s] Level 1:colcon.colcon_core.package_identification:_identify(souzoukougaku14/test) by extensions ['ros']
[0.263s] Level 1:colcon.colcon_core.package_identification:_identify(souzoukougaku14/test) by extension 'ros'
[0.263s] Level 1:colcon.colcon_core.package_identification:_identify(souzoukougaku14/test) by extensions ['cmake', 'python']
[0.263s] Level 1:colcon.colcon_core.package_identification:_identify(souzoukougaku14/test) by extension 'cmake'
[0.263s] Level 1:colcon.colcon_core.package_identification:_identify(souzoukougaku14/test) by extension 'python'
[0.263s] Level 1:colcon.colcon_core.package_identification:_identify(souzoukougaku14/test) by extensions ['python_setup_py']
[0.263s] Level 1:colcon.colcon_core.package_identification:_identify(souzoukougaku14/test) by extension 'python_setup_py'
[0.263s] Level 1:colcon.colcon_core.package_identification:_identify(souzoukougaku14/test/__pycache__) by extensions ['ignore', 'ignore_ament_install']
[0.264s] Level 1:colcon.colcon_core.package_identification:_identify(souzoukougaku14/test/__pycache__) by extension 'ignore'
[0.264s] Level 1:colcon.colcon_core.package_identification:_identify(souzoukougaku14/test/__pycache__) by extension 'ignore_ament_install'
[0.264s] Level 1:colcon.colcon_core.package_identification:_identify(souzoukougaku14/test/__pycache__) by extensions ['colcon_pkg']
[0.264s] Level 1:colcon.colcon_core.package_identification:_identify(souzoukougaku14/test/__pycache__) by extension 'colcon_pkg'
[0.264s] Level 1:colcon.colcon_core.package_identification:_identify(souzoukougaku14/test/__pycache__) by extensions ['colcon_meta']
[0.264s] Level 1:colcon.colcon_core.package_identification:_identify(souzoukougaku14/test/__pycache__) by extension 'colcon_meta'
[0.264s] Level 1:colcon.colcon_core.package_identification:_identify(souzoukougaku14/test/__pycache__) by extensions ['ros']
[0.264s] Level 1:colcon.colcon_core.package_identification:_identify(souzoukougaku14/test/__pycache__) by extension 'ros'
[0.264s] Level 1:colcon.colcon_core.package_identification:_identify(souzoukougaku14/test/__pycache__) by extensions ['cmake', 'python']
[0.264s] Level 1:colcon.colcon_core.package_identification:_identify(souzoukougaku14/test/__pycache__) by extension 'cmake'
[0.264s] Level 1:colcon.colcon_core.package_identification:_identify(souzoukougaku14/test/__pycache__) by extension 'python'
[0.264s] Level 1:colcon.colcon_core.package_identification:_identify(souzoukougaku14/test/__pycache__) by extensions ['python_setup_py']
[0.264s] Level 1:colcon.colcon_core.package_identification:_identify(souzoukougaku14/test/__pycache__) by extension 'python_setup_py'
[0.264s] Level 1:colcon.colcon_core.package_discovery:discover_packages(recursive) using defaults
[0.264s] Level 1:colcon.colcon_core.package_discovery:discover_packages(ignore) discover
[0.264s] Level 1:colcon.colcon_core.package_discovery:discover_packages(ignore) using defaults
[0.264s] Level 1:colcon.colcon_core.package_discovery:discover_packages(path) discover
[0.264s] Level 1:colcon.colcon_core.package_discovery:discover_packages(path) using defaults
[0.285s] Level 1:colcon.colcon_core.package_discovery:discover_packages(prefix_path) check parameters
[0.285s] Level 1:colcon.colcon_core.package_discovery:discover_packages(prefix_path) discover
[0.289s] DEBUG:colcon.colcon_installed_package_information.package_discovery:Found 477 installed packages in /opt/ros/humble
[0.291s] Level 1:colcon.colcon_core.package_discovery:discover_packages(prefix_path) using defaults
[0.329s] Level 5:colcon.colcon_core.verb:set package 'cat_messages' build argument 'cmake_args' from command line to 'None'
[0.330s] Level 5:colcon.colcon_core.verb:set package 'cat_messages' build argument 'cmake_target' from command line to 'None'
[0.330s] Level 5:colcon.colcon_core.verb:set package 'cat_messages' build argument 'cmake_target_skip_unavailable' from command line to 'False'
[0.330s] Level 5:colcon.colcon_core.verb:set package 'cat_messages' build argument 'cmake_clean_cache' from command line to 'False'
[0.330s] Level 5:colcon.colcon_core.verb:set package 'cat_messages' build argument 'cmake_clean_first' from command line to 'False'
[0.330s] Level 5:colcon.colcon_core.verb:set package 'cat_messages' build argument 'cmake_force_configure' from command line to 'False'
[0.330s] Level 5:colcon.colcon_core.verb:set package 'cat_messages' build argument 'ament_cmake_args' from command line to 'None'
[0.330s] Level 5:colcon.colcon_core.verb:set package 'cat_messages' build argument 'catkin_cmake_args' from command line to 'None'
[0.330s] Level 5:colcon.colcon_core.verb:set package 'cat_messages' build argument 'catkin_skip_building_tests' from command line to 'False'
[0.330s] DEBUG:colcon.colcon_core.verb:Building package 'cat_messages' with the following arguments: {'ament_cmake_args': None, 'build_base': '/home/hamilton/souzou/build/cat_messages', 'catkin_cmake_args': None, 'catkin_skip_building_tests': False, 'cmake_args': None, 'cmake_clean_cache': False, 'cmake_clean_first': False, 'cmake_force_configure': False, 'cmake_target': None, 'cmake_target_skip_unavailable': False, 'install_base': '/home/hamilton/souzou/install/cat_messages', 'merge_install': False, 'path': '/home/hamilton/souzou/souzoukougaku14/src/cat_messages', 'symlink_install': False, 'test_result_base': None}
[0.330s] Level 5:colcon.colcon_core.verb:set package 'ros2_aruco' build argument 'cmake_args' from command line to 'None'
[0.330s] Level 5:colcon.colcon_core.verb:set package 'ros2_aruco' build argument 'cmake_target' from command line to 'None'
[0.330s] Level 5:colcon.colcon_core.verb:set package 'ros2_aruco' build argument 'cmake_target_skip_unavailable' from command line to 'False'
[0.330s] Level 5:colcon.colcon_core.verb:set package 'ros2_aruco' build argument 'cmake_clean_cache' from command line to 'False'
[0.330s] Level 5:colcon.colcon_core.verb:set package 'ros2_aruco' build argument 'cmake_clean_first' from command line to 'False'
[0.330s] Level 5:colcon.colcon_core.verb:set package 'ros2_aruco' build argument 'cmake_force_configure' from command line to 'False'
[0.330s] Level 5:colcon.colcon_core.verb:set package 'ros2_aruco' build argument 'ament_cmake_args' from command line to 'None'
[0.330s] Level 5:colcon.colcon_core.verb:set package 'ros2_aruco' build argument 'catkin_cmake_args' from command line to 'None'
[0.330s] Level 5:colcon.colcon_core.verb:set package 'ros2_aruco' build argument 'catkin_skip_building_tests' from command line to 'False'
[0.330s] DEBUG:colcon.colcon_core.verb:Building package 'ros2_aruco' with the following arguments: {'ament_cmake_args': None, 'build_base': '/home/hamilton/souzou/build/ros2_aruco', 'catkin_cmake_args': None, 'catkin_skip_building_tests': False, 'cmake_args': None, 'cmake_clean_cache': False, 'cmake_clean_first': False, 'cmake_force_configure': False, 'cmake_target': None, 'cmake_target_skip_unavailable': False, 'install_base': '/home/hamilton/souzou/install/ros2_aruco', 'merge_install': False, 'path': '/home/hamilton/souzou/ros2_aruco/ros2_aruco', 'symlink_install': False, 'test_result_base': None}
[0.330s] Level 5:colcon.colcon_core.verb:set package 'ros2_aruco_interfaces' build argument 'cmake_args' from command line to 'None'
[0.330s] Level 5:colcon.colcon_core.verb:set package 'ros2_aruco_interfaces' build argument 'cmake_target' from command line to 'None'
[0.330s] Level 5:colcon.colcon_core.verb:set package 'ros2_aruco_interfaces' build argument 'cmake_target_skip_unavailable' from command line to 'False'
[0.330s] Level 5:colcon.colcon_core.verb:set package 'ros2_aruco_interfaces' build argument 'cmake_clean_cache' from command line to 'False'
[0.330s] Level 5:colcon.colcon_core.verb:set package 'ros2_aruco_interfaces' build argument 'cmake_clean_first' from command line to 'False'
[0.330s] Level 5:colcon.colcon_core.verb:set package 'ros2_aruco_interfaces' build argument 'cmake_force_configure' from command line to 'False'
[0.330s] Level 5:colcon.colcon_core.verb:set package 'ros2_aruco_interfaces' build argument 'ament_cmake_args' from command line to 'None'
[0.330s] Level 5:colcon.colcon_core.verb:set package 'ros2_aruco_interfaces' build argument 'catkin_cmake_args' from command line to 'None'
[0.330s] Level 5:colcon.colcon_core.verb:set package 'ros2_aruco_interfaces' build argument 'catkin_skip_building_tests' from command line to 'False'
[0.330s] DEBUG:colcon.colcon_core.verb:Building package 'ros2_aruco_interfaces' with the following arguments: {'ament_cmake_args': None, 'build_base': '/home/hamilton/souzou/build/ros2_aruco_interfaces', 'catkin_cmake_args': None, 'catkin_skip_building_tests': False, 'cmake_args': None, 'cmake_clean_cache': False, 'cmake_clean_first': False, 'cmake_force_configure': False, 'cmake_target': None, 'cmake_target_skip_unavailable': False, 'install_base': '/home/hamilton/souzou/install/ros2_aruco_interfaces', 'merge_install': False, 'path': '/home/hamilton/souzou/ros2_aruco/ros2_aruco_interfaces', 'symlink_install': False, 'test_result_base': None}
[0.331s] Level 5:colcon.colcon_core.verb:set package 'cat' build argument 'cmake_args' from command line to 'None'
[0.331s] Level 5:colcon.colcon_core.verb:set package 'cat' build argument 'cmake_target' from command line to 'None'
[0.331s] Level 5:colcon.colcon_core.verb:set package 'cat' build argument 'cmake_target_skip_unavailable' from command line to 'False'
[0.331s] Level 5:colcon.colcon_core.verb:set package 'cat' build argument 'cmake_clean_cache' from command line to 'False'
[0.331s] Level 5:colcon.colcon_core.verb:set package 'cat' build argument 'cmake_clean_first' from command line to 'False'
[0.331s] Level 5:colcon.colcon_core.verb:set package 'cat' build argument 'cmake_force_configure' from command line to 'False'
[0.331s] Level 5:colcon.colcon_core.verb:set package 'cat' build argument 'ament_cmake_args' from command line to 'None'
[0.331s] Level 5:colcon.colcon_core.verb:set package 'cat' build argument 'catkin_cmake_args' from command line to 'None'
[0.331s] Level 5:colcon.colcon_core.verb:set package 'cat' build argument 'catkin_skip_building_tests' from command line to 'False'
[0.331s] DEBUG:colcon.colcon_core.verb:Building package 'cat' with the following arguments: {'ament_cmake_args': None, 'build_base': '/home/hamilton/souzou/build/cat', 'catkin_cmake_args': None, 'catkin_skip_building_tests': False, 'cmake_args': None, 'cmake_clean_cache': False, 'cmake_clean_first': False, 'cmake_force_configure': False, 'cmake_target': None, 'cmake_target_skip_unavailable': False, 'install_base': '/home/hamilton/souzou/install/cat', 'merge_install': False, 'path': '/home/hamilton/souzou/souzoukougaku14/src/cat', 'symlink_install': False, 'test_result_base': None}
[0.331s] INFO:colcon.colcon_core.executor:Executing jobs using 'parallel' executor
[0.332s] DEBUG:colcon.colcon_parallel_executor.executor.parallel:run_until_complete
[0.332s] INFO:colcon.colcon_ros.task.ament_cmake.build:Building ROS package in '/home/hamilton/souzou/souzoukougaku14/src/cat_messages' with build type 'ament_cmake'
[0.332s] INFO:colcon.colcon_cmake.task.cmake.build:Building CMake package in '/home/hamilton/souzou/souzoukougaku14/src/cat_messages'
[0.336s] INFO:colcon.colcon_core.plugin_system:Skipping extension 'colcon_core.shell.bat': Not used on non-Windows systems
[0.336s] INFO:colcon.colcon_core.shell:Skip shell extension 'powershell' for command environment: Not usable outside of PowerShell
[0.336s] DEBUG:colcon.colcon_core.shell:Skip shell extension 'dsv' for command environment
[0.339s] INFO:colcon.colcon_ros.task.ament_python.build:Building ROS package in '/home/hamilton/souzou/ros2_aruco/ros2_aruco' with build type 'ament_python'
[0.339s] Level 1:colcon.colcon_core.shell:create_environment_hook('ros2_aruco', 'ament_prefix_path')
[0.339s] INFO:colcon.colcon_core.shell:Creating environment hook '/home/hamilton/souzou/install/ros2_aruco/share/ros2_aruco/hook/ament_prefix_path.ps1'
[0.341s] INFO:colcon.colcon_core.shell:Creating environment descriptor '/home/hamilton/souzou/install/ros2_aruco/share/ros2_aruco/hook/ament_prefix_path.dsv'
[0.341s] INFO:colcon.colcon_core.shell:Creating environment hook '/home/hamilton/souzou/install/ros2_aruco/share/ros2_aruco/hook/ament_prefix_path.sh'
[0.342s] INFO:colcon.colcon_core.shell:Skip shell extension 'powershell' for command environment: Not usable outside of PowerShell
[0.342s] DEBUG:colcon.colcon_core.shell:Skip shell extension 'dsv' for command environment
[0.344s] INFO:colcon.colcon_ros.task.ament_cmake.build:Building ROS package in '/home/hamilton/souzou/ros2_aruco/ros2_aruco_interfaces' with build type 'ament_cmake'
[0.344s] INFO:colcon.colcon_cmake.task.cmake.build:Building CMake package in '/home/hamilton/souzou/ros2_aruco/ros2_aruco_interfaces'
[0.344s] INFO:colcon.colcon_core.shell:Skip shell extension 'powershell' for command environment: Not usable outside of PowerShell
[0.344s] DEBUG:colcon.colcon_core.shell:Skip shell extension 'dsv' for command environment
[0.351s] DEBUG:colcon.colcon_core.event_handler.log_command:Invoking command in '/home/hamilton/souzou/build/cat_messages': CMAKE_PREFIX_PATH=/opt/ros/humble /usr/local/bin/cmake /home/hamilton/souzou/souzoukougaku14/src/cat_messages -DCMAKE_INSTALL_PREFIX=/home/hamilton/souzou/install/cat_messages
[0.523s] INFO:colcon.colcon_core.task.python.build:Building Python package in '/home/hamilton/souzou/ros2_aruco/ros2_aruco'
[0.523s] INFO:colcon.colcon_core.shell:Skip shell extension 'powershell' for command environment: Not usable outside of PowerShell
[0.523s] DEBUG:colcon.colcon_core.shell:Skip shell extension 'dsv' for command environment
[0.533s] DEBUG:colcon.colcon_core.event_handler.log_command:Invoking command in '/home/hamilton/souzou/build/ros2_aruco_interfaces': CMAKE_PREFIX_PATH=/opt/ros/humble /usr/local/bin/cmake /home/hamilton/souzou/ros2_aruco/ros2_aruco_interfaces -DCMAKE_INSTALL_PREFIX=/home/hamilton/souzou/install/ros2_aruco_interfaces
[1.523s] DEBUG:colcon.colcon_core.event_handler.log_command:Invoking command in '/home/hamilton/souzou/build/ros2_aruco': PYTHONPATH=/home/hamilton/souzou/build/ros2_aruco/prefix_override:/usr/lib/python3/dist-packages/colcon_core/task/python/colcon_distutils_commands:/home/hamilton/souzou/install/ros2_aruco/lib/python3.10/site-packages:${PYTHONPATH} /usr/bin/python3 -W ignore:setup.py install is deprecated -W ignore:easy_install command is deprecated setup.py develop --uninstall --editable --build-directory /home/hamilton/souzou/build/ros2_aruco/build
[2.074s] DEBUG:colcon.colcon_core.event_handler.log_command:Invoked command in '/home/hamilton/souzou/build/ros2_aruco' returned '0': PYTHONPATH=/home/hamilton/souzou/build/ros2_aruco/prefix_override:/usr/lib/python3/dist-packages/colcon_core/task/python/colcon_distutils_commands:/home/hamilton/souzou/install/ros2_aruco/lib/python3.10/site-packages:${PYTHONPATH} /usr/bin/python3 -W ignore:setup.py install is deprecated -W ignore:easy_install command is deprecated setup.py develop --uninstall --editable --build-directory /home/hamilton/souzou/build/ros2_aruco/build
[2.076s] DEBUG:colcon.colcon_core.event_handler.log_command:Invoking command in '/home/hamilton/souzou/ros2_aruco/ros2_aruco': PYTHONPATH=/home/hamilton/souzou/build/ros2_aruco/prefix_override:/usr/lib/python3/dist-packages/colcon_core/task/python/colcon_distutils_commands:/home/hamilton/souzou/install/ros2_aruco/lib/python3.10/site-packages:${PYTHONPATH} /usr/bin/python3 -W ignore:setup.py install is deprecated -W ignore:easy_install command is deprecated setup.py egg_info --egg-base ../../build/ros2_aruco build --build-base /home/hamilton/souzou/build/ros2_aruco/build install --record /home/hamilton/souzou/build/ros2_aruco/install.log --single-version-externally-managed install_data --force
[2.545s] DEBUG:colcon.colcon_core.event_handler.log_command:Invoked command in '/home/hamilton/souzou/ros2_aruco/ros2_aruco' returned '0': PYTHONPATH=/home/hamilton/souzou/build/ros2_aruco/prefix_override:/usr/lib/python3/dist-packages/colcon_core/task/python/colcon_distutils_commands:/home/hamilton/souzou/install/ros2_aruco/lib/python3.10/site-packages:${PYTHONPATH} /usr/bin/python3 -W ignore:setup.py install is deprecated -W ignore:easy_install command is deprecated setup.py egg_info --egg-base ../../build/ros2_aruco build --build-base /home/hamilton/souzou/build/ros2_aruco/build install --record /home/hamilton/souzou/build/ros2_aruco/install.log --single-version-externally-managed install_data --force
[2.553s] Level 1:colcon.colcon_core.environment:checking '/home/hamilton/souzou/install/ros2_aruco' for CMake module files
[2.554s] Level 1:colcon.colcon_core.environment:checking '/home/hamilton/souzou/install/ros2_aruco' for CMake config files
[2.557s] Level 1:colcon.colcon_core.environment:checking '/home/hamilton/souzou/install/ros2_aruco/lib'
[2.557s] Level 1:colcon.colcon_core.environment:checking '/home/hamilton/souzou/install/ros2_aruco/bin'
[2.557s] Level 1:colcon.colcon_core.environment:checking '/home/hamilton/souzou/install/ros2_aruco/lib/pkgconfig/ros2_aruco.pc'
[2.557s] Level 1:colcon.colcon_core.environment:checking '/home/hamilton/souzou/install/ros2_aruco/lib/python3.10/site-packages'
[2.557s] Level 1:colcon.colcon_core.shell:create_environment_hook('ros2_aruco', 'pythonpath')
[2.558s] INFO:colcon.colcon_core.shell:Creating environment hook '/home/hamilton/souzou/install/ros2_aruco/share/ros2_aruco/hook/pythonpath.ps1'
[2.558s] INFO:colcon.colcon_core.shell:Creating environment descriptor '/home/hamilton/souzou/install/ros2_aruco/share/ros2_aruco/hook/pythonpath.dsv'
[2.558s] INFO:colcon.colcon_core.shell:Creating environment hook '/home/hamilton/souzou/install/ros2_aruco/share/ros2_aruco/hook/pythonpath.sh'
[2.559s] Level 1:colcon.colcon_core.environment:checking '/home/hamilton/souzou/install/ros2_aruco/bin'
[2.559s] Level 1:colcon.colcon_core.environment:create_environment_scripts_only(ros2_aruco)
[2.559s] INFO:colcon.colcon_core.shell:Creating package script '/home/hamilton/souzou/install/ros2_aruco/share/ros2_aruco/package.ps1'
[2.560s] INFO:colcon.colcon_core.shell:Creating package descriptor '/home/hamilton/souzou/install/ros2_aruco/share/ros2_aruco/package.dsv'
[2.561s] INFO:colcon.colcon_core.shell:Creating package script '/home/hamilton/souzou/install/ros2_aruco/share/ros2_aruco/package.sh'
[2.562s] INFO:colcon.colcon_core.shell:Creating package script '/home/hamilton/souzou/install/ros2_aruco/share/ros2_aruco/package.bash'
[2.564s] INFO:colcon.colcon_core.shell:Creating package script '/home/hamilton/souzou/install/ros2_aruco/share/ros2_aruco/package.zsh'
[2.565s] Level 1:colcon.colcon_core.environment:create_file_with_runtime_dependencies(/home/hamilton/souzou/install/ros2_aruco/share/colcon-core/packages/ros2_aruco)
[2.656s] DEBUG:colcon.colcon_core.event_handler.log_command:Invoked command in '/home/hamilton/souzou/build/cat_messages' returned '0': CMAKE_PREFIX_PATH=/opt/ros/humble /usr/local/bin/cmake /home/hamilton/souzou/souzoukougaku14/src/cat_messages -DCMAKE_INSTALL_PREFIX=/home/hamilton/souzou/install/cat_messages
[2.658s] DEBUG:colcon.colcon_core.event_handler.log_command:Invoking command in '/home/hamilton/souzou/build/cat_messages': CMAKE_PREFIX_PATH=/opt/ros/humble /usr/local/bin/cmake --build /home/hamilton/souzou/build/cat_messages -- -j8 -l8
[3.145s] DEBUG:colcon.colcon_core.event_handler.log_command:Invoked command in '/home/hamilton/souzou/build/ros2_aruco_interfaces' returned '0': CMAKE_PREFIX_PATH=/opt/ros/humble /usr/local/bin/cmake /home/hamilton/souzou/ros2_aruco/ros2_aruco_interfaces -DCMAKE_INSTALL_PREFIX=/home/hamilton/souzou/install/ros2_aruco_interfaces
[3.149s] DEBUG:colcon.colcon_core.event_handler.log_command:Invoking command in '/home/hamilton/souzou/build/ros2_aruco_interfaces': CMAKE_PREFIX_PATH=/opt/ros/humble /usr/local/bin/cmake --build /home/hamilton/souzou/build/ros2_aruco_interfaces -- -j8 -l8
[4.763s] DEBUG:colcon.colcon_core.event_handler.log_command:Invoked command in '/home/hamilton/souzou/build/cat_messages' returned '0': CMAKE_PREFIX_PATH=/opt/ros/humble /usr/local/bin/cmake --build /home/hamilton/souzou/build/cat_messages -- -j8 -l8
[4.769s] DEBUG:colcon.colcon_core.event_handler.log_command:Invoking command in '/home/hamilton/souzou/build/cat_messages': CMAKE_PREFIX_PATH=/opt/ros/humble /usr/local/bin/cmake --install /home/hamilton/souzou/build/cat_messages
[4.852s] Level 1:colcon.colcon_core.environment:create_environment_scripts_only(cat_messages)
[4.852s] Level 1:colcon.colcon_core.environment:checking '/home/hamilton/souzou/install/cat_messages' for CMake module files
[4.853s] DEBUG:colcon.colcon_core.event_handler.log_command:Invoked command in '/home/hamilton/souzou/build/cat_messages' returned '0': CMAKE_PREFIX_PATH=/opt/ros/humble /usr/local/bin/cmake --install /home/hamilton/souzou/build/cat_messages
[4.854s] Level 1:colcon.colcon_core.environment:checking '/home/hamilton/souzou/install/cat_messages' for CMake config files
[4.855s] Level 1:colcon.colcon_core.shell:create_environment_hook('cat_messages', 'cmake_prefix_path')
[4.855s] INFO:colcon.colcon_core.shell:Creating environment hook '/home/hamilton/souzou/install/cat_messages/share/cat_messages/hook/cmake_prefix_path.ps1'
[4.856s] INFO:colcon.colcon_core.shell:Creating environment descriptor '/home/hamilton/souzou/install/cat_messages/share/cat_messages/hook/cmake_prefix_path.dsv'
[4.857s] INFO:colcon.colcon_core.shell:Creating environment hook '/home/hamilton/souzou/install/cat_messages/share/cat_messages/hook/cmake_prefix_path.sh'
[4.857s] Level 1:colcon.colcon_core.environment:checking '/home/hamilton/souzou/install/cat_messages/lib'
[4.857s] Level 1:colcon.colcon_core.shell:create_environment_hook('cat_messages', 'ld_library_path_lib')
[4.858s] INFO:colcon.colcon_core.shell:Creating environment hook '/home/hamilton/souzou/install/cat_messages/share/cat_messages/hook/ld_library_path_lib.ps1'
[4.858s] INFO:colcon.colcon_core.shell:Creating environment descriptor '/home/hamilton/souzou/install/cat_messages/share/cat_messages/hook/ld_library_path_lib.dsv'
[4.858s] INFO:colcon.colcon_core.shell:Creating environment hook '/home/hamilton/souzou/install/cat_messages/share/cat_messages/hook/ld_library_path_lib.sh'
[4.859s] Level 1:colcon.colcon_core.environment:checking '/home/hamilton/souzou/install/cat_messages/bin'
[4.859s] Level 1:colcon.colcon_core.environment:checking '/home/hamilton/souzou/install/cat_messages/lib/pkgconfig/cat_messages.pc'
[4.859s] Level 1:colcon.colcon_core.environment:checking '/home/hamilton/souzou/install/cat_messages/lib/python3.10/site-packages'
[4.859s] Level 1:colcon.colcon_core.environment:checking '/home/hamilton/souzou/install/cat_messages/bin'
[4.860s] INFO:colcon.colcon_core.shell:Creating package script '/home/hamilton/souzou/install/cat_messages/share/cat_messages/package.ps1'
[4.860s] INFO:colcon.colcon_core.shell:Creating package descriptor '/home/hamilton/souzou/install/cat_messages/share/cat_messages/package.dsv'
[4.861s] INFO:colcon.colcon_core.shell:Creating package script '/home/hamilton/souzou/install/cat_messages/share/cat_messages/package.sh'
[4.861s] INFO:colcon.colcon_core.shell:Creating package script '/home/hamilton/souzou/install/cat_messages/share/cat_messages/package.bash'
[4.861s] INFO:colcon.colcon_core.shell:Creating package script '/home/hamilton/souzou/install/cat_messages/share/cat_messages/package.zsh'
[4.861s] Level 1:colcon.colcon_core.environment:create_file_with_runtime_dependencies(/home/hamilton/souzou/install/cat_messages/share/colcon-core/packages/cat_messages)
[4.862s] Level 1:colcon.colcon_core.environment:create_environment_scripts_only(cat_messages)
[4.862s] Level 1:colcon.colcon_core.environment:checking '/home/hamilton/souzou/install/cat_messages' for CMake module files
[4.863s] Level 1:colcon.colcon_core.environment:checking '/home/hamilton/souzou/install/cat_messages' for CMake config files
[4.864s] Level 1:colcon.colcon_core.shell:create_environment_hook('cat_messages', 'cmake_prefix_path')
[4.864s] INFO:colcon.colcon_core.shell:Creating environment hook '/home/hamilton/souzou/install/cat_messages/share/cat_messages/hook/cmake_prefix_path.ps1'
[4.865s] INFO:colcon.colcon_core.shell:Creating environment descriptor '/home/hamilton/souzou/install/cat_messages/share/cat_messages/hook/cmake_prefix_path.dsv'
[4.865s] INFO:colcon.colcon_core.shell:Creating environment hook '/home/hamilton/souzou/install/cat_messages/share/cat_messages/hook/cmake_prefix_path.sh'
[4.866s] Level 1:colcon.colcon_core.environment:checking '/home/hamilton/souzou/install/cat_messages/lib'
[4.866s] Level 1:colcon.colcon_core.shell:create_environment_hook('cat_messages', 'ld_library_path_lib')
[4.866s] INFO:colcon.colcon_core.shell:Creating environment hook '/home/hamilton/souzou/install/cat_messages/share/cat_messages/hook/ld_library_path_lib.ps1'
[4.867s] INFO:colcon.colcon_core.shell:Creating environment descriptor '/home/hamilton/souzou/install/cat_messages/share/cat_messages/hook/ld_library_path_lib.dsv'
[4.867s] INFO:colcon.colcon_core.shell:Creating environment hook '/home/hamilton/souzou/install/cat_messages/share/cat_messages/hook/ld_library_path_lib.sh'
[4.868s] Level 1:colcon.colcon_core.environment:checking '/home/hamilton/souzou/install/cat_messages/bin'
[4.868s] Level 1:colcon.colcon_core.environment:checking '/home/hamilton/souzou/install/cat_messages/lib/pkgconfig/cat_messages.pc'
[4.868s] Level 1:colcon.colcon_core.environment:checking '/home/hamilton/souzou/install/cat_messages/lib/python3.10/site-packages'
[4.868s] Level 1:colcon.colcon_core.environment:checking '/home/hamilton/souzou/install/cat_messages/bin'
[4.869s] INFO:colcon.colcon_core.shell:Creating package script '/home/hamilton/souzou/install/cat_messages/share/cat_messages/package.ps1'
[4.869s] INFO:colcon.colcon_core.shell:Creating package descriptor '/home/hamilton/souzou/install/cat_messages/share/cat_messages/package.dsv'
[4.870s] INFO:colcon.colcon_core.shell:Creating package script '/home/hamilton/souzou/install/cat_messages/share/cat_messages/package.sh'
[4.871s] INFO:colcon.colcon_core.shell:Creating package script '/home/hamilton/souzou/install/cat_messages/share/cat_messages/package.bash'
[4.871s] INFO:colcon.colcon_core.shell:Creating package script '/home/hamilton/souzou/install/cat_messages/share/cat_messages/package.zsh'
[4.871s] Level 1:colcon.colcon_core.environment:create_file_with_runtime_dependencies(/home/hamilton/souzou/install/cat_messages/share/colcon-core/packages/cat_messages)
[4.871s] INFO:colcon.colcon_ros.task.ament_python.build:Building ROS package in '/home/hamilton/souzou/souzoukougaku14/src/cat' with build type 'ament_python'
[4.871s] Level 1:colcon.colcon_core.shell:create_environment_hook('cat', 'ament_prefix_path')
[4.872s] INFO:colcon.colcon_core.shell:Creating environment hook '/home/hamilton/souzou/install/cat/share/cat/hook/ament_prefix_path.ps1'
[4.873s] INFO:colcon.colcon_core.shell:Creating environment descriptor '/home/hamilton/souzou/install/cat/share/cat/hook/ament_prefix_path.dsv'
[4.873s] INFO:colcon.colcon_core.shell:Creating environment hook '/home/hamilton/souzou/install/cat/share/cat/hook/ament_prefix_path.sh'
[4.873s] INFO:colcon.colcon_core.shell:Skip shell extension 'powershell' for command environment: Not usable outside of PowerShell
[4.873s] DEBUG:colcon.colcon_core.shell:Skip shell extension 'dsv' for command environment
[5.174s] INFO:colcon.colcon_core.task.python.build:Building Python package in '/home/hamilton/souzou/souzoukougaku14/src/cat'
[5.174s] INFO:colcon.colcon_core.shell:Skip shell extension 'powershell' for command environment: Not usable outside of PowerShell
[5.174s] DEBUG:colcon.colcon_core.shell:Skip shell extension 'dsv' for command environment
[5.179s] DEBUG:colcon.colcon_core.event_handler.log_command:Invoked command in '/home/hamilton/souzou/build/ros2_aruco_interfaces' returned '0': CMAKE_PREFIX_PATH=/opt/ros/humble /usr/local/bin/cmake --build /home/hamilton/souzou/build/ros2_aruco_interfaces -- -j8 -l8
[5.180s] DEBUG:colcon.colcon_core.event_handler.log_command:Invoking command in '/home/hamilton/souzou/build/ros2_aruco_interfaces': CMAKE_PREFIX_PATH=/opt/ros/humble /usr/local/bin/cmake --install /home/hamilton/souzou/build/ros2_aruco_interfaces
[5.243s] Level 1:colcon.colcon_core.environment:create_environment_scripts_only(ros2_aruco_interfaces)
[5.243s] Level 1:colcon.colcon_core.environment:checking '/home/hamilton/souzou/install/ros2_aruco_interfaces' for CMake module files
[5.244s] DEBUG:colcon.colcon_core.event_handler.log_command:Invoked command in '/home/hamilton/souzou/build/ros2_aruco_interfaces' returned '0': CMAKE_PREFIX_PATH=/opt/ros/humble /usr/local/bin/cmake --install /home/hamilton/souzou/build/ros2_aruco_interfaces
[5.244s] Level 1:colcon.colcon_core.environment:checking '/home/hamilton/souzou/install/ros2_aruco_interfaces' for CMake config files
[5.246s] Level 1:colcon.colcon_core.shell:create_environment_hook('ros2_aruco_interfaces', 'cmake_prefix_path')
[5.246s] INFO:colcon.colcon_core.shell:Creating environment hook '/home/hamilton/souzou/install/ros2_aruco_interfaces/share/ros2_aruco_interfaces/hook/cmake_prefix_path.ps1'
[5.246s] INFO:colcon.colcon_core.shell:Creating environment descriptor '/home/hamilton/souzou/install/ros2_aruco_interfaces/share/ros2_aruco_interfaces/hook/cmake_prefix_path.dsv'
[5.247s] INFO:colcon.colcon_core.shell:Creating environment hook '/home/hamilton/souzou/install/ros2_aruco_interfaces/share/ros2_aruco_interfaces/hook/cmake_prefix_path.sh'
[5.248s] Level 1:colcon.colcon_core.environment:checking '/home/hamilton/souzou/install/ros2_aruco_interfaces/lib'
[5.248s] Level 1:colcon.colcon_core.shell:create_environment_hook('ros2_aruco_interfaces', 'ld_library_path_lib')
[5.248s] INFO:colcon.colcon_core.shell:Creating environment hook '/home/hamilton/souzou/install/ros2_aruco_interfaces/share/ros2_aruco_interfaces/hook/ld_library_path_lib.ps1'
[5.249s] INFO:colcon.colcon_core.shell:Creating environment descriptor '/home/hamilton/souzou/install/ros2_aruco_interfaces/share/ros2_aruco_interfaces/hook/ld_library_path_lib.dsv'
[5.249s] INFO:colcon.colcon_core.shell:Creating environment hook '/home/hamilton/souzou/install/ros2_aruco_interfaces/share/ros2_aruco_interfaces/hook/ld_library_path_lib.sh'
[5.250s] Level 1:colcon.colcon_core.environment:checking '/home/hamilton/souzou/install/ros2_aruco_interfaces/bin'
[5.250s] Level 1:colcon.colcon_core.environment:checking '/home/hamilton/souzou/install/ros2_aruco_interfaces/lib/pkgconfig/ros2_aruco_interfaces.pc'
[5.250s] Level 1:colcon.colcon_core.environment:checking '/home/hamilton/souzou/install/ros2_aruco_interfaces/lib/python3.10/site-packages'
[5.250s] Level 1:colcon.colcon_core.environment:checking '/home/hamilton/souzou/install/ros2_aruco_interfaces/bin'
[5.251s] INFO:colcon.colcon_core.shell:Creating package script '/home/hamilton/souzou/install/ros2_aruco_interfaces/share/ros2_aruco_interfaces/package.ps1'
[5.251s] INFO:colcon.colcon_core.shell:Creating package descriptor '/home/hamilton/souzou/install/ros2_aruco_interfaces/share/ros2_aruco_interfaces/package.dsv'
[5.252s] INFO:colcon.colcon_core.shell:Creating package script '/home/hamilton/souzou/install/ros2_aruco_interfaces/share/ros2_aruco_interfaces/package.sh'
[5.252s] INFO:colcon.colcon_core.shell:Creating package script '/home/hamilton/souzou/install/ros2_aruco_interfaces/share/ros2_aruco_interfaces/package.bash'
[5.253s] INFO:colcon.colcon_core.shell:Creating package script '/home/hamilton/souzou/install/ros2_aruco_interfaces/share/ros2_aruco_interfaces/package.zsh'
[5.253s] Level 1:colcon.colcon_core.environment:create_file_with_runtime_dependencies(/home/hamilton/souzou/install/ros2_aruco_interfaces/share/colcon-core/packages/ros2_aruco_interfaces)
[5.254s] Level 1:colcon.colcon_core.environment:create_environment_scripts_only(ros2_aruco_interfaces)
[5.254s] Level 1:colcon.colcon_core.environment:checking '/home/hamilton/souzou/install/ros2_aruco_interfaces' for CMake module files
[5.255s] Level 1:colcon.colcon_core.environment:checking '/home/hamilton/souzou/install/ros2_aruco_interfaces' for CMake config files
[5.256s] Level 1:colcon.colcon_core.shell:create_environment_hook('ros2_aruco_interfaces', 'cmake_prefix_path')
[5.256s] INFO:colcon.colcon_core.shell:Creating environment hook '/home/hamilton/souzou/install/ros2_aruco_interfaces/share/ros2_aruco_interfaces/hook/cmake_prefix_path.ps1'
[5.257s] INFO:colcon.colcon_core.shell:Creating environment descriptor '/home/hamilton/souzou/install/ros2_aruco_interfaces/share/ros2_aruco_interfaces/hook/cmake_prefix_path.dsv'
[5.257s] INFO:colcon.colcon_core.shell:Creating environment hook '/home/hamilton/souzou/install/ros2_aruco_interfaces/share/ros2_aruco_interfaces/hook/cmake_prefix_path.sh'
[5.257s] Level 1:colcon.colcon_core.environment:checking '/home/hamilton/souzou/install/ros2_aruco_interfaces/lib'
[5.258s] Level 1:colcon.colcon_core.shell:create_environment_hook('ros2_aruco_interfaces', 'ld_library_path_lib')
[5.258s] INFO:colcon.colcon_core.shell:Creating environment hook '/home/hamilton/souzou/install/ros2_aruco_interfaces/share/ros2_aruco_interfaces/hook/ld_library_path_lib.ps1'
[5.258s] INFO:colcon.colcon_core.shell:Creating environment descriptor '/home/hamilton/souzou/install/ros2_aruco_interfaces/share/ros2_aruco_interfaces/hook/ld_library_path_lib.dsv'
[5.259s] INFO:colcon.colcon_core.shell:Creating environment hook '/home/hamilton/souzou/install/ros2_aruco_interfaces/share/ros2_aruco_interfaces/hook/ld_library_path_lib.sh'
[5.259s] Level 1:colcon.colcon_core.environment:checking '/home/hamilton/souzou/install/ros2_aruco_interfaces/bin'
[5.259s] Level 1:colcon.colcon_core.environment:checking '/home/hamilton/souzou/install/ros2_aruco_interfaces/lib/pkgconfig/ros2_aruco_interfaces.pc'
[5.259s] Level 1:colcon.colcon_core.environment:checking '/home/hamilton/souzou/install/ros2_aruco_interfaces/lib/python3.10/site-packages'
[5.260s] Level 1:colcon.colcon_core.environment:checking '/home/hamilton/souzou/install/ros2_aruco_interfaces/bin'
[5.260s] INFO:colcon.colcon_core.shell:Creating package script '/home/hamilton/souzou/install/ros2_aruco_interfaces/share/ros2_aruco_interfaces/package.ps1'
[5.260s] INFO:colcon.colcon_core.shell:Creating package descriptor '/home/hamilton/souzou/install/ros2_aruco_interfaces/share/ros2_aruco_interfaces/package.dsv'
[5.260s] INFO:colcon.colcon_core.shell:Creating package script '/home/hamilton/souzou/install/ros2_aruco_interfaces/share/ros2_aruco_interfaces/package.sh'
[5.261s] INFO:colcon.colcon_core.shell:Creating package script '/home/hamilton/souzou/install/ros2_aruco_interfaces/share/ros2_aruco_interfaces/package.bash'
[5.261s] INFO:colcon.colcon_core.shell:Creating package script '/home/hamilton/souzou/install/ros2_aruco_interfaces/share/ros2_aruco_interfaces/package.zsh'
[5.261s] Level 1:colcon.colcon_core.environment:create_file_with_runtime_dependencies(/home/hamilton/souzou/install/ros2_aruco_interfaces/share/colcon-core/packages/ros2_aruco_interfaces)
[5.676s] DEBUG:colcon.colcon_core.event_handler.log_command:Invoking command in '/home/hamilton/souzou/build/cat': AMENT_PREFIX_PATH=/home/hamilton/souzou/install/cat_messages:${AMENT_PREFIX_PATH} CMAKE_PREFIX_PATH=/home/hamilton/souzou/install/cat_messages LD_LIBRARY_PATH=/home/hamilton/souzou/install/cat_messages/lib:/usr/local/lib:/usr/local/cuda/lib64:/usr/lib/x86_64-linux-gnu/gazebo-11/plugins:/opt/ros/humble/opt/rviz_ogre_vendor/lib:/opt/ros/humble/lib/x86_64-linux-gnu:/opt/ros/humble/opt/openvdb_vendor/lib:/opt/ros/humble/lib:/home/hamilton/miniconda3/envs/base/lib:/usr/share/gazebo/../../lib/x86_64-linux-gnu/gazebo-11/plugins:/usr/local/cuda/lib64 PYTHONPATH=/home/hamilton/souzou/build/cat/prefix_override:/usr/lib/python3/dist-packages/colcon_core/task/python/colcon_distutils_commands:/home/hamilton/souzou/install/cat/lib/python3.10/site-packages:/home/hamilton/souzou/install/cat_messages/local/lib/python3.10/dist-packages:${PYTHONPATH} /usr/bin/python3 -W ignore:setup.py install is deprecated -W ignore:easy_install command is deprecated setup.py develop --uninstall --editable --build-directory /home/hamilton/souzou/build/cat/build
[6.214s] DEBUG:colcon.colcon_core.event_handler.log_command:Invoked command in '/home/hamilton/souzou/build/cat' returned '0': AMENT_PREFIX_PATH=/home/hamilton/souzou/install/cat_messages:${AMENT_PREFIX_PATH} CMAKE_PREFIX_PATH=/home/hamilton/souzou/install/cat_messages LD_LIBRARY_PATH=/home/hamilton/souzou/install/cat_messages/lib:/usr/local/lib:/usr/local/cuda/lib64:/usr/lib/x86_64-linux-gnu/gazebo-11/plugins:/opt/ros/humble/opt/rviz_ogre_vendor/lib:/opt/ros/humble/lib/x86_64-linux-gnu:/opt/ros/humble/opt/openvdb_vendor/lib:/opt/ros/humble/lib:/home/hamilton/miniconda3/envs/base/lib:/usr/share/gazebo/../../lib/x86_64-linux-gnu/gazebo-11/plugins:/usr/local/cuda/lib64 PYTHONPATH=/home/hamilton/souzou/build/cat/prefix_override:/usr/lib/python3/dist-packages/colcon_core/task/python/colcon_distutils_commands:/home/hamilton/souzou/install/cat/lib/python3.10/site-packages:/home/hamilton/souzou/install/cat_messages/local/lib/python3.10/dist-packages:${PYTHONPATH} /usr/bin/python3 -W ignore:setup.py install is deprecated -W ignore:easy_install command is deprecated setup.py develop --uninstall --editable --build-directory /home/hamilton/souzou/build/cat/build
[6.215s] DEBUG:colcon.colcon_core.event_handler.log_command:Invoking command in '/home/hamilton/souzou/souzoukougaku14/src/cat': AMENT_PREFIX_PATH=/home/hamilton/souzou/install/cat_messages:${AMENT_PREFIX_PATH} CMAKE_PREFIX_PATH=/home/hamilton/souzou/install/cat_messages LD_LIBRARY_PATH=/home/hamilton/souzou/install/cat_messages/lib:/usr/local/lib:/usr/local/cuda/lib64:/usr/lib/x86_64-linux-gnu/gazebo-11/plugins:/opt/ros/humble/opt/rviz_ogre_vendor/lib:/opt/ros/humble/lib/x86_64-linux-gnu:/opt/ros/humble/opt/openvdb_vendor/lib:/opt/ros/humble/lib:/home/hamilton/miniconda3/envs/base/lib:/usr/share/gazebo/../../lib/x86_64-linux-gnu/gazebo-11/plugins:/usr/local/cuda/lib64 PYTHONPATH=/home/hamilton/souzou/build/cat/prefix_override:/usr/lib/python3/dist-packages/colcon_core/task/python/colcon_distutils_commands:/home/hamilton/souzou/install/cat/lib/python3.10/site-packages:/home/hamilton/souzou/install/cat_messages/local/lib/python3.10/dist-packages:${PYTHONPATH} /usr/bin/python3 -W ignore:setup.py install is deprecated -W ignore:easy_install command is deprecated setup.py egg_info --egg-base ../../../build/cat build --build-base /home/hamilton/souzou/build/cat/build install --record /home/hamilton/souzou/build/cat/install.log --single-version-externally-managed install_data --force
[6.650s] Level 1:colcon.colcon_core.environment:checking '/home/hamilton/souzou/install/cat' for CMake module files
[6.650s] DEBUG:colcon.colcon_core.event_handler.log_command:Invoked command in '/home/hamilton/souzou/souzoukougaku14/src/cat' returned '0': AMENT_PREFIX_PATH=/home/hamilton/souzou/install/cat_messages:${AMENT_PREFIX_PATH} CMAKE_PREFIX_PATH=/home/hamilton/souzou/install/cat_messages LD_LIBRARY_PATH=/home/hamilton/souzou/install/cat_messages/lib:/usr/local/lib:/usr/local/cuda/lib64:/usr/lib/x86_64-linux-gnu/gazebo-11/plugins:/opt/ros/humble/opt/rviz_ogre_vendor/lib:/opt/ros/humble/lib/x86_64-linux-gnu:/opt/ros/humble/opt/openvdb_vendor/lib:/opt/ros/humble/lib:/home/hamilton/miniconda3/envs/base/lib:/usr/share/gazebo/../../lib/x86_64-linux-gnu/gazebo-11/plugins:/usr/local/cuda/lib64 PYTHONPATH=/home/hamilton/souzou/build/cat/prefix_override:/usr/lib/python3/dist-packages/colcon_core/task/python/colcon_distutils_commands:/home/hamilton/souzou/install/cat/lib/python3.10/site-packages:/home/hamilton/souzou/install/cat_messages/local/lib/python3.10/dist-packages:${PYTHONPATH} /usr/bin/python3 -W ignore:setup.py install is deprecated -W ignore:easy_install command is deprecated setup.py egg_info --egg-base ../../../build/cat build --build-base /home/hamilton/souzou/build/cat/build install --record /home/hamilton/souzou/build/cat/install.log --single-version-externally-managed install_data --force
[6.650s] Level 1:colcon.colcon_core.environment:checking '/home/hamilton/souzou/install/cat' for CMake config files
[6.651s] Level 1:colcon.colcon_core.environment:checking '/home/hamilton/souzou/install/cat/lib'
[6.651s] Level 1:colcon.colcon_core.environment:checking '/home/hamilton/souzou/install/cat/bin'
[6.651s] Level 1:colcon.colcon_core.environment:checking '/home/hamilton/souzou/install/cat/lib/pkgconfig/cat.pc'
[6.651s] Level 1:colcon.colcon_core.environment:checking '/home/hamilton/souzou/install/cat/lib/python3.10/site-packages'
[6.651s] Level 1:colcon.colcon_core.shell:create_environment_hook('cat', 'pythonpath')
[6.651s] INFO:colcon.colcon_core.shell:Creating environment hook '/home/hamilton/souzou/install/cat/share/cat/hook/pythonpath.ps1'
[6.652s] INFO:colcon.colcon_core.shell:Creating environment descriptor '/home/hamilton/souzou/install/cat/share/cat/hook/pythonpath.dsv'
[6.652s] INFO:colcon.colcon_core.shell:Creating environment hook '/home/hamilton/souzou/install/cat/share/cat/hook/pythonpath.sh'
[6.652s] Level 1:colcon.colcon_core.environment:checking '/home/hamilton/souzou/install/cat/bin'
[6.652s] Level 1:colcon.colcon_core.environment:create_environment_scripts_only(cat)
[6.653s] INFO:colcon.colcon_core.shell:Creating package script '/home/hamilton/souzou/install/cat/share/cat/package.ps1'
[6.653s] INFO:colcon.colcon_core.shell:Creating package descriptor '/home/hamilton/souzou/install/cat/share/cat/package.dsv'
[6.653s] INFO:colcon.colcon_core.shell:Creating package script '/home/hamilton/souzou/install/cat/share/cat/package.sh'
[6.654s] INFO:colcon.colcon_core.shell:Creating package script '/home/hamilton/souzou/install/cat/share/cat/package.bash'
[6.654s] INFO:colcon.colcon_core.shell:Creating package script '/home/hamilton/souzou/install/cat/share/cat/package.zsh'
[6.654s] Level 1:colcon.colcon_core.environment:create_file_with_runtime_dependencies(/home/hamilton/souzou/install/cat/share/colcon-core/packages/cat)
[6.654s] DEBUG:colcon.colcon_parallel_executor.executor.parallel:closing loop
[6.655s] DEBUG:colcon.colcon_parallel_executor.executor.parallel:loop closed
[6.655s] DEBUG:colcon.colcon_parallel_executor.executor.parallel:run_until_complete finished with '0'
[6.655s] DEBUG:colcon.colcon_core.event_reactor:joining thread
[6.666s] INFO:colcon.colcon_core.plugin_system:Skipping extension 'colcon_notification.desktop_notification.terminal_notifier': Not used on non-Darwin systems
[6.666s] INFO:colcon.colcon_core.plugin_system:Skipping extension 'colcon_notification.desktop_notification.win32': Not used on non-Windows systems
[6.666s] INFO:colcon.colcon_notification.desktop_notification:Sending desktop notification using 'notify2'
[6.678s] DEBUG:colcon.colcon_core.event_reactor:joined thread
[6.679s] INFO:colcon.colcon_core.shell:Creating prefix script '/home/hamilton/souzou/install/local_setup.ps1'
[6.680s] INFO:colcon.colcon_core.shell:Creating prefix util module '/home/hamilton/souzou/install/_local_setup_util_ps1.py'
[6.682s] INFO:colcon.colcon_core.shell:Creating prefix chain script '/home/hamilton/souzou/install/setup.ps1'
[6.683s] INFO:colcon.colcon_core.shell:Creating prefix script '/home/hamilton/souzou/install/local_setup.sh'
[6.684s] INFO:colcon.colcon_core.shell:Creating prefix util module '/home/hamilton/souzou/install/_local_setup_util_sh.py'
[6.684s] INFO:colcon.colcon_core.shell:Creating prefix chain script '/home/hamilton/souzou/install/setup.sh'
[6.685s] INFO:colcon.colcon_core.shell:Creating prefix script '/home/hamilton/souzou/install/local_setup.bash'
[6.686s] INFO:colcon.colcon_core.shell:Creating prefix chain script '/home/hamilton/souzou/install/setup.bash'
[6.687s] INFO:colcon.colcon_core.shell:Creating prefix script '/home/hamilton/souzou/install/local_setup.zsh'
[6.688s] INFO:colcon.colcon_core.shell:Creating prefix chain script '/home/hamilton/souzou/install/setup.zsh'
