[0.040s] Invoking command in '/home/takumi/souzoukougaku14/src/build/cat_messages': CMAKE_PREFIX_PATH=${CMAKE_PREFIX_PATH}:/home/takumi/souzoukougaku14/src/install/cat:/opt/ros/humble /usr/bin/cmake --build /home/takumi/souzoukougaku14/src/build/cat_messages -- -j8 -l8
[0.159s] [  0%] Built target ament_cmake_python_copy_cat_messages
[0.159s] [  2%] Built target cat_messages__cpp
[0.159s] [ 12%] Built target cat_messages__rosidl_generator_c
[0.254s] [ 23%] Built target cat_messages__rosidl_typesupport_c
[0.254s] [ 34%] Built target cat_messages__rosidl_typesupport_fastrtps_c
[0.260s] [ 44%] Built target cat_messages__rosidl_typesupport_cpp
[0.269s] [ 55%] Built target cat_messages__rosidl_typesupport_introspection_cpp
[0.271s] [ 65%] Built target cat_messages__rosidl_typesupport_introspection_c
[0.278s] [ 76%] Built target cat_messages__rosidl_typesupport_fastrtps_cpp
[0.321s] [ 76%] Built target cat_messages
[0.362s] [ 78%] Built target cat_messages__py
[0.414s] [ 87%] Built target cat_messages__rosidl_generator_py
[0.463s] [ 91%] Built target cat_messages__rosidl_typesupport_introspection_c__pyext
[0.464s] [100%] Built target cat_messages__rosidl_typesupport_fastrtps_c__pyext
[0.465s] [100%] Built target cat_messages__rosidl_typesupport_c__pyext
[0.776s] running egg_info
[0.779s] writing cat_messages.egg-info/PKG-INFO
[0.780s] writing dependency_links to cat_messages.egg-info/dependency_links.txt
[0.781s] writing top-level names to cat_messages.egg-info/top_level.txt
[0.786s] reading manifest file 'cat_messages.egg-info/SOURCES.txt'
[0.787s] writing manifest file 'cat_messages.egg-info/SOURCES.txt'
[0.833s] [100%] Built target ament_cmake_python_build_cat_messages_egg
[0.853s] Invoked command in '/home/takumi/souzoukougaku14/src/build/cat_messages' returned '0': CMAKE_PREFIX_PATH=${CMAKE_PREFIX_PATH}:/home/takumi/souzoukougaku14/src/install/cat:/opt/ros/humble /usr/bin/cmake --build /home/takumi/souzoukougaku14/src/build/cat_messages -- -j8 -l8
[1.044s] Invoking command in '/home/takumi/souzoukougaku14/src/build/cat_messages': CMAKE_PREFIX_PATH=${CMAKE_PREFIX_PATH}:/home/takumi/souzoukougaku14/src/install/cat:/opt/ros/humble /usr/bin/cmake --install /home/takumi/souzoukougaku14/src/build/cat_messages
[1.057s] -- Install configuration: ""
[1.058s] -- Up-to-date: /home/takumi/souzoukougaku14/src/install/cat_messages/share/ament_index/resource_index/rosidl_interfaces/cat_messages
[1.058s] -- Up-to-date: /home/takumi/souzoukougaku14/src/install/cat_messages/include/cat_messages/cat_messages
[1.058s] -- Up-to-date: /home/takumi/souzoukougaku14/src/install/cat_messages/include/cat_messages/cat_messages/msg
[1.058s] -- Up-to-date: /home/takumi/souzoukougaku14/src/install/cat_messages/include/cat_messages/cat_messages/msg/senser.h
[1.059s] -- Up-to-date: /home/takumi/souzoukougaku14/src/install/cat_messages/include/cat_messages/cat_messages/msg/detail
[1.059s] -- Up-to-date: /home/takumi/souzoukougaku14/src/install/cat_messages/include/cat_messages/cat_messages/msg/detail/senser__type_support.h
[1.059s] -- Up-to-date: /home/takumi/souzoukougaku14/src/install/cat_messages/include/cat_messages/cat_messages/msg/detail/senser__struct.h
[1.060s] -- Up-to-date: /home/takumi/souzoukougaku14/src/install/cat_messages/include/cat_messages/cat_messages/msg/detail/vel__type_support.h
[1.060s] -- Up-to-date: /home/takumi/souzoukougaku14/src/install/cat_messages/include/cat_messages/cat_messages/msg/detail/joy_cat__functions.c
[1.060s] -- Up-to-date: /home/takumi/souzoukougaku14/src/install/cat_messages/include/cat_messages/cat_messages/msg/detail/joy_cat__type_support.h
[1.060s] -- Up-to-date: /home/takumi/souzoukougaku14/src/install/cat_messages/include/cat_messages/cat_messages/msg/detail/joy_cat__struct.h
[1.060s] -- Up-to-date: /home/takumi/souzoukougaku14/src/install/cat_messages/include/cat_messages/cat_messages/msg/detail/vel__functions.c
[1.060s] -- Up-to-date: /home/takumi/souzoukougaku14/src/install/cat_messages/include/cat_messages/cat_messages/msg/detail/vel__functions.h
[1.060s] -- Up-to-date: /home/takumi/souzoukougaku14/src/install/cat_messages/include/cat_messages/cat_messages/msg/detail/senser__functions.h
[1.061s] -- Up-to-date: /home/takumi/souzoukougaku14/src/install/cat_messages/include/cat_messages/cat_messages/msg/detail/joy_cat__functions.h
[1.061s] -- Up-to-date: /home/takumi/souzoukougaku14/src/install/cat_messages/include/cat_messages/cat_messages/msg/detail/senser__functions.c
[1.061s] -- Up-to-date: /home/takumi/souzoukougaku14/src/install/cat_messages/include/cat_messages/cat_messages/msg/detail/vel__struct.h
[1.061s] -- Up-to-date: /home/takumi/souzoukougaku14/src/install/cat_messages/include/cat_messages/cat_messages/msg/vel.h
[1.061s] -- Up-to-date: /home/takumi/souzoukougaku14/src/install/cat_messages/include/cat_messages/cat_messages/msg/joy_cat.h
[1.061s] -- Up-to-date: /home/takumi/souzoukougaku14/src/install/cat_messages/include/cat_messages/cat_messages/msg/rosidl_generator_c__visibility_control.h
[1.061s] -- Up-to-date: /home/takumi/souzoukougaku14/src/install/cat_messages/share/cat_messages/environment/library_path.sh
[1.062s] -- Up-to-date: /home/takumi/souzoukougaku14/src/install/cat_messages/share/cat_messages/environment/library_path.dsv
[1.062s] -- Up-to-date: /home/takumi/souzoukougaku14/src/install/cat_messages/lib/libcat_messages__rosidl_generator_c.so
[1.062s] -- Up-to-date: /home/takumi/souzoukougaku14/src/install/cat_messages/include/cat_messages/cat_messages
[1.063s] -- Up-to-date: /home/takumi/souzoukougaku14/src/install/cat_messages/include/cat_messages/cat_messages/msg
[1.063s] -- Up-to-date: /home/takumi/souzoukougaku14/src/install/cat_messages/include/cat_messages/cat_messages/msg/rosidl_typesupport_fastrtps_c__visibility_control.h
[1.063s] -- Up-to-date: /home/takumi/souzoukougaku14/src/install/cat_messages/include/cat_messages/cat_messages/msg/detail
[1.063s] -- Up-to-date: /home/takumi/souzoukougaku14/src/install/cat_messages/include/cat_messages/cat_messages/msg/detail/vel__rosidl_typesupport_fastrtps_c.h
[1.063s] -- Up-to-date: /home/takumi/souzoukougaku14/src/install/cat_messages/include/cat_messages/cat_messages/msg/detail/joy_cat__rosidl_typesupport_fastrtps_c.h
[1.064s] -- Up-to-date: /home/takumi/souzoukougaku14/src/install/cat_messages/include/cat_messages/cat_messages/msg/detail/senser__rosidl_typesupport_fastrtps_c.h
[1.064s] -- Up-to-date: /home/takumi/souzoukougaku14/src/install/cat_messages/lib/libcat_messages__rosidl_typesupport_fastrtps_c.so
[1.064s] -- Up-to-date: /home/takumi/souzoukougaku14/src/install/cat_messages/include/cat_messages/cat_messages
[1.064s] -- Up-to-date: /home/takumi/souzoukougaku14/src/install/cat_messages/include/cat_messages/cat_messages/msg
[1.064s] -- Up-to-date: /home/takumi/souzoukougaku14/src/install/cat_messages/include/cat_messages/cat_messages/msg/detail
[1.064s] -- Up-to-date: /home/takumi/souzoukougaku14/src/install/cat_messages/include/cat_messages/cat_messages/msg/detail/senser__type_support.c
[1.065s] -- Up-to-date: /home/takumi/souzoukougaku14/src/install/cat_messages/include/cat_messages/cat_messages/msg/detail/vel__rosidl_typesupport_introspection_c.h
[1.065s] -- Up-to-date: /home/takumi/souzoukougaku14/src/install/cat_messages/include/cat_messages/cat_messages/msg/detail/joy_cat__rosidl_typesupport_introspection_c.h
[1.065s] -- Up-to-date: /home/takumi/souzoukougaku14/src/install/cat_messages/include/cat_messages/cat_messages/msg/detail/vel__type_support.c
[1.065s] -- Up-to-date: /home/takumi/souzoukougaku14/src/install/cat_messages/include/cat_messages/cat_messages/msg/detail/joy_cat__type_support.c
[1.065s] -- Up-to-date: /home/takumi/souzoukougaku14/src/install/cat_messages/include/cat_messages/cat_messages/msg/detail/senser__rosidl_typesupport_introspection_c.h
[1.066s] -- Up-to-date: /home/takumi/souzoukougaku14/src/install/cat_messages/include/cat_messages/cat_messages/msg/rosidl_typesupport_introspection_c__visibility_control.h
[1.066s] -- Up-to-date: /home/takumi/souzoukougaku14/src/install/cat_messages/lib/libcat_messages__rosidl_typesupport_introspection_c.so
[1.066s] -- Up-to-date: /home/takumi/souzoukougaku14/src/install/cat_messages/lib/libcat_messages__rosidl_typesupport_c.so
[1.066s] -- Up-to-date: /home/takumi/souzoukougaku14/src/install/cat_messages/include/cat_messages/cat_messages
[1.067s] -- Up-to-date: /home/takumi/souzoukougaku14/src/install/cat_messages/include/cat_messages/cat_messages/msg
[1.067s] -- Up-to-date: /home/takumi/souzoukougaku14/src/install/cat_messages/include/cat_messages/cat_messages/msg/vel.hpp
[1.067s] -- Up-to-date: /home/takumi/souzoukougaku14/src/install/cat_messages/include/cat_messages/cat_messages/msg/detail
[1.067s] -- Up-to-date: /home/takumi/souzoukougaku14/src/install/cat_messages/include/cat_messages/cat_messages/msg/detail/vel__struct.hpp
[1.068s] -- Up-to-date: /home/takumi/souzoukougaku14/src/install/cat_messages/include/cat_messages/cat_messages/msg/detail/joy_cat__struct.hpp
[1.069s] -- Up-to-date: /home/takumi/souzoukougaku14/src/install/cat_messages/include/cat_messages/cat_messages/msg/detail/joy_cat__builder.hpp
[1.069s] -- Up-to-date: /home/takumi/souzoukougaku14/src/install/cat_messages/include/cat_messages/cat_messages/msg/detail/vel__traits.hpp
[1.069s] -- Up-to-date: /home/takumi/souzoukougaku14/src/install/cat_messages/include/cat_messages/cat_messages/msg/detail/joy_cat__traits.hpp
[1.069s] -- Up-to-date: /home/takumi/souzoukougaku14/src/install/cat_messages/include/cat_messages/cat_messages/msg/detail/senser__builder.hpp
[1.069s] -- Up-to-date: /home/takumi/souzoukougaku14/src/install/cat_messages/include/cat_messages/cat_messages/msg/detail/senser__struct.hpp
[1.069s] -- Up-to-date: /home/takumi/souzoukougaku14/src/install/cat_messages/include/cat_messages/cat_messages/msg/detail/vel__builder.hpp
[1.070s] -- Up-to-date: /home/takumi/souzoukougaku14/src/install/cat_messages/include/cat_messages/cat_messages/msg/detail/senser__traits.hpp
[1.070s] -- Up-to-date: /home/takumi/souzoukougaku14/src/install/cat_messages/include/cat_messages/cat_messages/msg/senser.hpp
[1.070s] -- Up-to-date: /home/takumi/souzoukougaku14/src/install/cat_messages/include/cat_messages/cat_messages/msg/joy_cat.hpp
[1.070s] -- Up-to-date: /home/takumi/souzoukougaku14/src/install/cat_messages/include/cat_messages/cat_messages
[1.070s] -- Up-to-date: /home/takumi/souzoukougaku14/src/install/cat_messages/include/cat_messages/cat_messages/msg
[1.070s] -- Up-to-date: /home/takumi/souzoukougaku14/src/install/cat_messages/include/cat_messages/cat_messages/msg/detail
[1.071s] -- Up-to-date: /home/takumi/souzoukougaku14/src/install/cat_messages/include/cat_messages/cat_messages/msg/detail/senser__rosidl_typesupport_fastrtps_cpp.hpp
[1.071s] -- Up-to-date: /home/takumi/souzoukougaku14/src/install/cat_messages/include/cat_messages/cat_messages/msg/detail/dds_fastrtps
[1.071s] -- Up-to-date: /home/takumi/souzoukougaku14/src/install/cat_messages/include/cat_messages/cat_messages/msg/detail/vel__rosidl_typesupport_fastrtps_cpp.hpp
[1.071s] -- Up-to-date: /home/takumi/souzoukougaku14/src/install/cat_messages/include/cat_messages/cat_messages/msg/detail/joy_cat__rosidl_typesupport_fastrtps_cpp.hpp
[1.071s] -- Up-to-date: /home/takumi/souzoukougaku14/src/install/cat_messages/include/cat_messages/cat_messages/msg/rosidl_typesupport_fastrtps_cpp__visibility_control.h
[1.071s] -- Up-to-date: /home/takumi/souzoukougaku14/src/install/cat_messages/lib/libcat_messages__rosidl_typesupport_fastrtps_cpp.so
[1.071s] -- Up-to-date: /home/takumi/souzoukougaku14/src/install/cat_messages/include/cat_messages/cat_messages
[1.071s] -- Up-to-date: /home/takumi/souzoukougaku14/src/install/cat_messages/include/cat_messages/cat_messages/msg
[1.071s] -- Up-to-date: /home/takumi/souzoukougaku14/src/install/cat_messages/include/cat_messages/cat_messages/msg/detail
[1.072s] -- Up-to-date: /home/takumi/souzoukougaku14/src/install/cat_messages/include/cat_messages/cat_messages/msg/detail/senser__rosidl_typesupport_introspection_cpp.hpp
[1.072s] -- Up-to-date: /home/takumi/souzoukougaku14/src/install/cat_messages/include/cat_messages/cat_messages/msg/detail/joy_cat__type_support.cpp
[1.072s] -- Up-to-date: /home/takumi/souzoukougaku14/src/install/cat_messages/include/cat_messages/cat_messages/msg/detail/joy_cat__rosidl_typesupport_introspection_cpp.hpp
[1.072s] -- Up-to-date: /home/takumi/souzoukougaku14/src/install/cat_messages/include/cat_messages/cat_messages/msg/detail/vel__rosidl_typesupport_introspection_cpp.hpp
[1.072s] -- Up-to-date: /home/takumi/souzoukougaku14/src/install/cat_messages/include/cat_messages/cat_messages/msg/detail/senser__type_support.cpp
[1.072s] -- Up-to-date: /home/takumi/souzoukougaku14/src/install/cat_messages/include/cat_messages/cat_messages/msg/detail/vel__type_support.cpp
[1.072s] -- Up-to-date: /home/takumi/souzoukougaku14/src/install/cat_messages/lib/libcat_messages__rosidl_typesupport_introspection_cpp.so
[1.072s] -- Up-to-date: /home/takumi/souzoukougaku14/src/install/cat_messages/lib/libcat_messages__rosidl_typesupport_cpp.so
[1.072s] -- Up-to-date: /home/takumi/souzoukougaku14/src/install/cat_messages/share/cat_messages/environment/pythonpath.sh
[1.073s] -- Up-to-date: /home/takumi/souzoukougaku14/src/install/cat_messages/share/cat_messages/environment/pythonpath.dsv
[1.073s] -- Up-to-date: /home/takumi/souzoukougaku14/src/install/cat_messages/local/lib/python3.10/dist-packages/cat_messages-0.0.0-py3.10.egg-info
[1.073s] -- Installing: /home/takumi/souzoukougaku14/src/install/cat_messages/local/lib/python3.10/dist-packages/cat_messages-0.0.0-py3.10.egg-info/PKG-INFO
[1.073s] -- Installing: /home/takumi/souzoukougaku14/src/install/cat_messages/local/lib/python3.10/dist-packages/cat_messages-0.0.0-py3.10.egg-info/dependency_links.txt
[1.074s] -- Installing: /home/takumi/souzoukougaku14/src/install/cat_messages/local/lib/python3.10/dist-packages/cat_messages-0.0.0-py3.10.egg-info/top_level.txt
[1.074s] -- Installing: /home/takumi/souzoukougaku14/src/install/cat_messages/local/lib/python3.10/dist-packages/cat_messages-0.0.0-py3.10.egg-info/SOURCES.txt
[1.074s] -- Up-to-date: /home/takumi/souzoukougaku14/src/install/cat_messages/local/lib/python3.10/dist-packages/cat_messages
[1.074s] -- Up-to-date: /home/takumi/souzoukougaku14/src/install/cat_messages/local/lib/python3.10/dist-packages/cat_messages/cat_messages_s__rosidl_typesupport_introspection_c.cpython-310-x86_64-linux-gnu.so
[1.075s] -- Up-to-date: /home/takumi/souzoukougaku14/src/install/cat_messages/local/lib/python3.10/dist-packages/cat_messages/msg
[1.075s] -- Up-to-date: /home/takumi/souzoukougaku14/src/install/cat_messages/local/lib/python3.10/dist-packages/cat_messages/msg/_vel.py
[1.075s] -- Up-to-date: /home/takumi/souzoukougaku14/src/install/cat_messages/local/lib/python3.10/dist-packages/cat_messages/msg/_senser_s.c
[1.076s] -- Up-to-date: /home/takumi/souzoukougaku14/src/install/cat_messages/local/lib/python3.10/dist-packages/cat_messages/msg/_joy_cat_s.c
[1.076s] -- Up-to-date: /home/takumi/souzoukougaku14/src/install/cat_messages/local/lib/python3.10/dist-packages/cat_messages/msg/_vel_s.c
[1.076s] -- Up-to-date: /home/takumi/souzoukougaku14/src/install/cat_messages/local/lib/python3.10/dist-packages/cat_messages/msg/_joy_cat.py
[1.076s] -- Up-to-date: /home/takumi/souzoukougaku14/src/install/cat_messages/local/lib/python3.10/dist-packages/cat_messages/msg/__init__.py
[1.076s] -- Up-to-date: /home/takumi/souzoukougaku14/src/install/cat_messages/local/lib/python3.10/dist-packages/cat_messages/msg/_senser.py
[1.076s] -- Up-to-date: /home/takumi/souzoukougaku14/src/install/cat_messages/local/lib/python3.10/dist-packages/cat_messages/cat_messages_s__rosidl_typesupport_c.cpython-310-x86_64-linux-gnu.so
[1.076s] -- Up-to-date: /home/takumi/souzoukougaku14/src/install/cat_messages/local/lib/python3.10/dist-packages/cat_messages/cat_messages_s__rosidl_typesupport_fastrtps_c.cpython-310-x86_64-linux-gnu.so
[1.077s] -- Up-to-date: /home/takumi/souzoukougaku14/src/install/cat_messages/local/lib/python3.10/dist-packages/cat_messages/_cat_messages_s.ep.rosidl_typesupport_introspection_c.c
[1.077s] -- Up-to-date: /home/takumi/souzoukougaku14/src/install/cat_messages/local/lib/python3.10/dist-packages/cat_messages/_cat_messages_s.ep.rosidl_typesupport_c.c
[1.077s] -- Up-to-date: /home/takumi/souzoukougaku14/src/install/cat_messages/local/lib/python3.10/dist-packages/cat_messages/_cat_messages_s.ep.rosidl_typesupport_fastrtps_c.c
[1.077s] -- Up-to-date: /home/takumi/souzoukougaku14/src/install/cat_messages/local/lib/python3.10/dist-packages/cat_messages/libcat_messages__rosidl_generator_py.so
[1.077s] -- Up-to-date: /home/takumi/souzoukougaku14/src/install/cat_messages/local/lib/python3.10/dist-packages/cat_messages/__init__.py
[1.132s] Listing '/home/takumi/souzoukougaku14/src/install/cat_messages/local/lib/python3.10/dist-packages/cat_messages'...
[1.132s] Listing '/home/takumi/souzoukougaku14/src/install/cat_messages/local/lib/python3.10/dist-packages/cat_messages/msg'...
[1.140s] -- Up-to-date: /home/takumi/souzoukougaku14/src/install/cat_messages/local/lib/python3.10/dist-packages/cat_messages/cat_messages_s__rosidl_typesupport_fastrtps_c.cpython-310-x86_64-linux-gnu.so
[1.140s] -- Up-to-date: /home/takumi/souzoukougaku14/src/install/cat_messages/local/lib/python3.10/dist-packages/cat_messages/cat_messages_s__rosidl_typesupport_introspection_c.cpython-310-x86_64-linux-gnu.so
[1.141s] -- Up-to-date: /home/takumi/souzoukougaku14/src/install/cat_messages/local/lib/python3.10/dist-packages/cat_messages/cat_messages_s__rosidl_typesupport_c.cpython-310-x86_64-linux-gnu.so
[1.141s] -- Up-to-date: /home/takumi/souzoukougaku14/src/install/cat_messages/lib/libcat_messages__rosidl_generator_py.so
[1.142s] -- Up-to-date: /home/takumi/souzoukougaku14/src/install/cat_messages/share/cat_messages/msg/JoyCat.idl
[1.142s] -- Up-to-date: /home/takumi/souzoukougaku14/src/install/cat_messages/share/cat_messages/msg/Senser.idl
[1.142s] -- Up-to-date: /home/takumi/souzoukougaku14/src/install/cat_messages/share/cat_messages/msg/Vel.idl
[1.142s] -- Up-to-date: /home/takumi/souzoukougaku14/src/install/cat_messages/share/cat_messages/msg/JoyCat.msg
[1.143s] -- Up-to-date: /home/takumi/souzoukougaku14/src/install/cat_messages/share/cat_messages/msg/Senser.msg
[1.144s] -- Up-to-date: /home/takumi/souzoukougaku14/src/install/cat_messages/share/cat_messages/msg/Vel.msg
[1.145s] -- Up-to-date: /home/takumi/souzoukougaku14/src/install/cat_messages/share/ament_index/resource_index/package_run_dependencies/cat_messages
[1.145s] -- Up-to-date: /home/takumi/souzoukougaku14/src/install/cat_messages/share/ament_index/resource_index/parent_prefix_path/cat_messages
[1.145s] -- Up-to-date: /home/takumi/souzoukougaku14/src/install/cat_messages/share/cat_messages/environment/ament_prefix_path.sh
[1.145s] -- Up-to-date: /home/takumi/souzoukougaku14/src/install/cat_messages/share/cat_messages/environment/ament_prefix_path.dsv
[1.145s] -- Up-to-date: /home/takumi/souzoukougaku14/src/install/cat_messages/share/cat_messages/environment/path.sh
[1.145s] -- Up-to-date: /home/takumi/souzoukougaku14/src/install/cat_messages/share/cat_messages/environment/path.dsv
[1.145s] -- Up-to-date: /home/takumi/souzoukougaku14/src/install/cat_messages/share/cat_messages/local_setup.bash
[1.145s] -- Up-to-date: /home/takumi/souzoukougaku14/src/install/cat_messages/share/cat_messages/local_setup.sh
[1.146s] -- Up-to-date: /home/takumi/souzoukougaku14/src/install/cat_messages/share/cat_messages/local_setup.zsh
[1.146s] -- Up-to-date: /home/takumi/souzoukougaku14/src/install/cat_messages/share/cat_messages/local_setup.dsv
[1.146s] -- Installing: /home/takumi/souzoukougaku14/src/install/cat_messages/share/cat_messages/package.dsv
[1.147s] -- Up-to-date: /home/takumi/souzoukougaku14/src/install/cat_messages/share/ament_index/resource_index/packages/cat_messages
[1.147s] -- Up-to-date: /home/takumi/souzoukougaku14/src/install/cat_messages/share/cat_messages/cmake/export_cat_messages__rosidl_generator_cExport.cmake
[1.147s] -- Up-to-date: /home/takumi/souzoukougaku14/src/install/cat_messages/share/cat_messages/cmake/export_cat_messages__rosidl_generator_cExport-noconfig.cmake
[1.147s] -- Up-to-date: /home/takumi/souzoukougaku14/src/install/cat_messages/share/cat_messages/cmake/export_cat_messages__rosidl_typesupport_fastrtps_cExport.cmake
[1.147s] -- Up-to-date: /home/takumi/souzoukougaku14/src/install/cat_messages/share/cat_messages/cmake/export_cat_messages__rosidl_typesupport_fastrtps_cExport-noconfig.cmake
[1.147s] -- Up-to-date: /home/takumi/souzoukougaku14/src/install/cat_messages/share/cat_messages/cmake/cat_messages__rosidl_typesupport_introspection_cExport.cmake
[1.147s] -- Up-to-date: /home/takumi/souzoukougaku14/src/install/cat_messages/share/cat_messages/cmake/cat_messages__rosidl_typesupport_introspection_cExport-noconfig.cmake
[1.147s] -- Up-to-date: /home/takumi/souzoukougaku14/src/install/cat_messages/share/cat_messages/cmake/cat_messages__rosidl_typesupport_cExport.cmake
[1.148s] -- Up-to-date: /home/takumi/souzoukougaku14/src/install/cat_messages/share/cat_messages/cmake/cat_messages__rosidl_typesupport_cExport-noconfig.cmake
[1.148s] -- Up-to-date: /home/takumi/souzoukougaku14/src/install/cat_messages/share/cat_messages/cmake/export_cat_messages__rosidl_generator_cppExport.cmake
[1.148s] -- Up-to-date: /home/takumi/souzoukougaku14/src/install/cat_messages/share/cat_messages/cmake/export_cat_messages__rosidl_typesupport_fastrtps_cppExport.cmake
[1.148s] -- Up-to-date: /home/takumi/souzoukougaku14/src/install/cat_messages/share/cat_messages/cmake/export_cat_messages__rosidl_typesupport_fastrtps_cppExport-noconfig.cmake
[1.148s] -- Up-to-date: /home/takumi/souzoukougaku14/src/install/cat_messages/share/cat_messages/cmake/cat_messages__rosidl_typesupport_introspection_cppExport.cmake
[1.148s] -- Up-to-date: /home/takumi/souzoukougaku14/src/install/cat_messages/share/cat_messages/cmake/cat_messages__rosidl_typesupport_introspection_cppExport-noconfig.cmake
[1.148s] -- Up-to-date: /home/takumi/souzoukougaku14/src/install/cat_messages/share/cat_messages/cmake/cat_messages__rosidl_typesupport_cppExport.cmake
[1.148s] -- Up-to-date: /home/takumi/souzoukougaku14/src/install/cat_messages/share/cat_messages/cmake/cat_messages__rosidl_typesupport_cppExport-noconfig.cmake
[1.148s] -- Up-to-date: /home/takumi/souzoukougaku14/src/install/cat_messages/share/cat_messages/cmake/export_cat_messages__rosidl_generator_pyExport.cmake
[1.149s] -- Up-to-date: /home/takumi/souzoukougaku14/src/install/cat_messages/share/cat_messages/cmake/export_cat_messages__rosidl_generator_pyExport-noconfig.cmake
[1.149s] -- Up-to-date: /home/takumi/souzoukougaku14/src/install/cat_messages/share/cat_messages/cmake/rosidl_cmake-extras.cmake
[1.149s] -- Up-to-date: /home/takumi/souzoukougaku14/src/install/cat_messages/share/cat_messages/cmake/ament_cmake_export_include_directories-extras.cmake
[1.149s] -- Up-to-date: /home/takumi/souzoukougaku14/src/install/cat_messages/share/cat_messages/cmake/ament_cmake_export_libraries-extras.cmake
[1.149s] -- Up-to-date: /home/takumi/souzoukougaku14/src/install/cat_messages/share/cat_messages/cmake/ament_cmake_export_targets-extras.cmake
[1.149s] -- Up-to-date: /home/takumi/souzoukougaku14/src/install/cat_messages/share/cat_messages/cmake/rosidl_cmake_export_typesupport_targets-extras.cmake
[1.149s] -- Up-to-date: /home/takumi/souzoukougaku14/src/install/cat_messages/share/cat_messages/cmake/ament_cmake_export_dependencies-extras.cmake
[1.149s] -- Up-to-date: /home/takumi/souzoukougaku14/src/install/cat_messages/share/cat_messages/cmake/rosidl_cmake_export_typesupport_libraries-extras.cmake
[1.150s] -- Up-to-date: /home/takumi/souzoukougaku14/src/install/cat_messages/share/cat_messages/cmake/cat_messagesConfig.cmake
[1.150s] -- Up-to-date: /home/takumi/souzoukougaku14/src/install/cat_messages/share/cat_messages/cmake/cat_messagesConfig-version.cmake
[1.150s] -- Up-to-date: /home/takumi/souzoukougaku14/src/install/cat_messages/share/cat_messages/package.xml
[1.158s] Invoked command in '/home/takumi/souzoukougaku14/src/build/cat_messages' returned '0': CMAKE_PREFIX_PATH=${CMAKE_PREFIX_PATH}:/home/takumi/souzoukougaku14/src/install/cat:/opt/ros/humble /usr/bin/cmake --install /home/takumi/souzoukougaku14/src/build/cat_messages
