[0.016s] Invoking command in '/home/takumi/souzoukougaku14/src/build/cat_messages': CMAKE_PREFIX_PATH=${CMAKE_PREFIX_PATH}:/home/takumi/souzoukougaku14/install/cat:/home/takumi/souzoukougaku14/src/install/cat:/opt/ros/humble /usr/bin/cmake --build /home/takumi/souzoukougaku14/src/build/cat_messages -- -j8 -l8
[0.068s] [  5%] Built target cat_messages__cpp
[0.068s] [ 12%] Built target cat_messages__rosidl_generator_c
[0.081s] [ 12%] Built target ament_cmake_python_copy_cat_messages
[0.097s] [ 23%] Built target cat_messages__rosidl_typesupport_cpp
[0.097s] [ 33%] Built target cat_messages__rosidl_typesupport_fastrtps_cpp
[0.097s] [ 43%] Built target cat_messages__rosidl_typesupport_introspection_cpp
[0.098s] [ 53%] Built target cat_messages__rosidl_typesupport_fastrtps_c
[0.104s] [ 64%] Built target cat_messages__rosidl_typesupport_introspection_c
[0.106s] [ 74%] Built target cat_messages__rosidl_typesupport_c
[0.126s] [ 74%] Built target cat_messages
[0.145s] [ 76%] Built target cat_messages__py
[0.164s] [ 84%] Built target cat_messages__rosidl_generator_py
[0.189s] [ 89%] Built target cat_messages__rosidl_typesupport_c__pyext
[0.190s] [100%] Built target cat_messages__rosidl_typesupport_introspection_c__pyext
[0.190s] [100%] Built target cat_messages__rosidl_typesupport_fastrtps_c__pyext
[0.328s] running egg_info
[0.329s] writing cat_messages.egg-info/PKG-INFO
[0.330s] writing dependency_links to cat_messages.egg-info/dependency_links.txt
[0.330s] writing top-level names to cat_messages.egg-info/top_level.txt
[0.333s] reading manifest file 'cat_messages.egg-info/SOURCES.txt'
[0.333s] writing manifest file 'cat_messages.egg-info/SOURCES.txt'
[0.368s] [100%] Built target ament_cmake_python_build_cat_messages_egg
[0.382s] Invoked command in '/home/takumi/souzoukougaku14/src/build/cat_messages' returned '0': CMAKE_PREFIX_PATH=${CMAKE_PREFIX_PATH}:/home/takumi/souzoukougaku14/install/cat:/home/takumi/souzoukougaku14/src/install/cat:/opt/ros/humble /usr/bin/cmake --build /home/takumi/souzoukougaku14/src/build/cat_messages -- -j8 -l8
[0.474s] Invoking command in '/home/takumi/souzoukougaku14/src/build/cat_messages': CMAKE_PREFIX_PATH=${CMAKE_PREFIX_PATH}:/home/takumi/souzoukougaku14/install/cat:/home/takumi/souzoukougaku14/src/install/cat:/opt/ros/humble /usr/bin/cmake --install /home/takumi/souzoukougaku14/src/build/cat_messages
[0.484s] -- Install configuration: ""
[0.484s] -- Up-to-date: /home/takumi/souzoukougaku14/src/install/cat_messages/share/ament_index/resource_index/rosidl_interfaces/cat_messages
[0.485s] -- Up-to-date: /home/takumi/souzoukougaku14/src/install/cat_messages/include/cat_messages/cat_messages
[0.485s] -- Up-to-date: /home/takumi/souzoukougaku14/src/install/cat_messages/include/cat_messages/cat_messages/msg
[0.485s] -- Up-to-date: /home/takumi/souzoukougaku14/src/install/cat_messages/include/cat_messages/cat_messages/msg/senser.h
[0.485s] -- Up-to-date: /home/takumi/souzoukougaku14/src/install/cat_messages/include/cat_messages/cat_messages/msg/detail
[0.485s] -- Up-to-date: /home/takumi/souzoukougaku14/src/install/cat_messages/include/cat_messages/cat_messages/msg/detail/senser__type_support.h
[0.485s] -- Up-to-date: /home/takumi/souzoukougaku14/src/install/cat_messages/include/cat_messages/cat_messages/msg/detail/senser__struct.h
[0.485s] -- Up-to-date: /home/takumi/souzoukougaku14/src/install/cat_messages/include/cat_messages/cat_messages/msg/detail/joy_cat__functions.c
[0.485s] -- Up-to-date: /home/takumi/souzoukougaku14/src/install/cat_messages/include/cat_messages/cat_messages/msg/detail/joy_cat__type_support.h
[0.485s] -- Up-to-date: /home/takumi/souzoukougaku14/src/install/cat_messages/include/cat_messages/cat_messages/msg/detail/joy_cat__struct.h
[0.485s] -- Up-to-date: /home/takumi/souzoukougaku14/src/install/cat_messages/include/cat_messages/cat_messages/msg/detail/senser__functions.h
[0.485s] -- Up-to-date: /home/takumi/souzoukougaku14/src/install/cat_messages/include/cat_messages/cat_messages/msg/detail/joy_cat__functions.h
[0.485s] -- Up-to-date: /home/takumi/souzoukougaku14/src/install/cat_messages/include/cat_messages/cat_messages/msg/detail/senser__functions.c
[0.485s] -- Up-to-date: /home/takumi/souzoukougaku14/src/install/cat_messages/include/cat_messages/cat_messages/msg/joy_cat.h
[0.486s] -- Up-to-date: /home/takumi/souzoukougaku14/src/install/cat_messages/include/cat_messages/cat_messages/msg/rosidl_generator_c__visibility_control.h
[0.486s] -- Up-to-date: /home/takumi/souzoukougaku14/src/install/cat_messages/share/cat_messages/environment/library_path.sh
[0.486s] -- Up-to-date: /home/takumi/souzoukougaku14/src/install/cat_messages/share/cat_messages/environment/library_path.dsv
[0.486s] -- Up-to-date: /home/takumi/souzoukougaku14/src/install/cat_messages/lib/libcat_messages__rosidl_generator_c.so
[0.486s] -- Up-to-date: /home/takumi/souzoukougaku14/src/install/cat_messages/include/cat_messages/cat_messages
[0.487s] -- Up-to-date: /home/takumi/souzoukougaku14/src/install/cat_messages/include/cat_messages/cat_messages/msg
[0.488s] -- Up-to-date: /home/takumi/souzoukougaku14/src/install/cat_messages/include/cat_messages/cat_messages/msg/rosidl_typesupport_fastrtps_c__visibility_control.h
[0.488s] -- Up-to-date: /home/takumi/souzoukougaku14/src/install/cat_messages/include/cat_messages/cat_messages/msg/detail
[0.488s] -- Up-to-date: /home/takumi/souzoukougaku14/src/install/cat_messages/include/cat_messages/cat_messages/msg/detail/joy_cat__rosidl_typesupport_fastrtps_c.h
[0.488s] -- Up-to-date: /home/takumi/souzoukougaku14/src/install/cat_messages/include/cat_messages/cat_messages/msg/detail/senser__rosidl_typesupport_fastrtps_c.h
[0.488s] -- Up-to-date: /home/takumi/souzoukougaku14/src/install/cat_messages/lib/libcat_messages__rosidl_typesupport_fastrtps_c.so
[0.488s] -- Up-to-date: /home/takumi/souzoukougaku14/src/install/cat_messages/include/cat_messages/cat_messages
[0.488s] -- Up-to-date: /home/takumi/souzoukougaku14/src/install/cat_messages/include/cat_messages/cat_messages/msg
[0.489s] -- Up-to-date: /home/takumi/souzoukougaku14/src/install/cat_messages/include/cat_messages/cat_messages/msg/detail
[0.489s] -- Up-to-date: /home/takumi/souzoukougaku14/src/install/cat_messages/include/cat_messages/cat_messages/msg/detail/senser__type_support.c
[0.489s] -- Up-to-date: /home/takumi/souzoukougaku14/src/install/cat_messages/include/cat_messages/cat_messages/msg/detail/joy_cat__rosidl_typesupport_introspection_c.h
[0.489s] -- Up-to-date: /home/takumi/souzoukougaku14/src/install/cat_messages/include/cat_messages/cat_messages/msg/detail/joy_cat__type_support.c
[0.489s] -- Up-to-date: /home/takumi/souzoukougaku14/src/install/cat_messages/include/cat_messages/cat_messages/msg/detail/senser__rosidl_typesupport_introspection_c.h
[0.489s] -- Up-to-date: /home/takumi/souzoukougaku14/src/install/cat_messages/include/cat_messages/cat_messages/msg/rosidl_typesupport_introspection_c__visibility_control.h
[0.490s] -- Up-to-date: /home/takumi/souzoukougaku14/src/install/cat_messages/lib/libcat_messages__rosidl_typesupport_introspection_c.so
[0.490s] -- Up-to-date: /home/takumi/souzoukougaku14/src/install/cat_messages/lib/libcat_messages__rosidl_typesupport_c.so
[0.490s] -- Up-to-date: /home/takumi/souzoukougaku14/src/install/cat_messages/include/cat_messages/cat_messages
[0.490s] -- Up-to-date: /home/takumi/souzoukougaku14/src/install/cat_messages/include/cat_messages/cat_messages/msg
[0.490s] -- Up-to-date: /home/takumi/souzoukougaku14/src/install/cat_messages/include/cat_messages/cat_messages/msg/detail
[0.490s] -- Up-to-date: /home/takumi/souzoukougaku14/src/install/cat_messages/include/cat_messages/cat_messages/msg/detail/joy_cat__struct.hpp
[0.491s] -- Up-to-date: /home/takumi/souzoukougaku14/src/install/cat_messages/include/cat_messages/cat_messages/msg/detail/joy_cat__builder.hpp
[0.491s] -- Up-to-date: /home/takumi/souzoukougaku14/src/install/cat_messages/include/cat_messages/cat_messages/msg/detail/joy_cat__traits.hpp
[0.491s] -- Up-to-date: /home/takumi/souzoukougaku14/src/install/cat_messages/include/cat_messages/cat_messages/msg/detail/senser__builder.hpp
[0.492s] -- Up-to-date: /home/takumi/souzoukougaku14/src/install/cat_messages/include/cat_messages/cat_messages/msg/detail/senser__struct.hpp
[0.492s] -- Up-to-date: /home/takumi/souzoukougaku14/src/install/cat_messages/include/cat_messages/cat_messages/msg/detail/senser__traits.hpp
[0.492s] -- Up-to-date: /home/takumi/souzoukougaku14/src/install/cat_messages/include/cat_messages/cat_messages/msg/senser.hpp
[0.492s] -- Up-to-date: /home/takumi/souzoukougaku14/src/install/cat_messages/include/cat_messages/cat_messages/msg/joy_cat.hpp
[0.493s] -- Up-to-date: /home/takumi/souzoukougaku14/src/install/cat_messages/include/cat_messages/cat_messages
[0.493s] -- Up-to-date: /home/takumi/souzoukougaku14/src/install/cat_messages/include/cat_messages/cat_messages/msg
[0.493s] -- Up-to-date: /home/takumi/souzoukougaku14/src/install/cat_messages/include/cat_messages/cat_messages/msg/detail
[0.493s] -- Up-to-date: /home/takumi/souzoukougaku14/src/install/cat_messages/include/cat_messages/cat_messages/msg/detail/senser__rosidl_typesupport_fastrtps_cpp.hpp
[0.493s] -- Up-to-date: /home/takumi/souzoukougaku14/src/install/cat_messages/include/cat_messages/cat_messages/msg/detail/dds_fastrtps
[0.493s] -- Up-to-date: /home/takumi/souzoukougaku14/src/install/cat_messages/include/cat_messages/cat_messages/msg/detail/joy_cat__rosidl_typesupport_fastrtps_cpp.hpp
[0.494s] -- Up-to-date: /home/takumi/souzoukougaku14/src/install/cat_messages/include/cat_messages/cat_messages/msg/rosidl_typesupport_fastrtps_cpp__visibility_control.h
[0.494s] -- Up-to-date: /home/takumi/souzoukougaku14/src/install/cat_messages/lib/libcat_messages__rosidl_typesupport_fastrtps_cpp.so
[0.494s] -- Up-to-date: /home/takumi/souzoukougaku14/src/install/cat_messages/include/cat_messages/cat_messages
[0.494s] -- Up-to-date: /home/takumi/souzoukougaku14/src/install/cat_messages/include/cat_messages/cat_messages/msg
[0.494s] -- Up-to-date: /home/takumi/souzoukougaku14/src/install/cat_messages/include/cat_messages/cat_messages/msg/detail
[0.494s] -- Up-to-date: /home/takumi/souzoukougaku14/src/install/cat_messages/include/cat_messages/cat_messages/msg/detail/senser__rosidl_typesupport_introspection_cpp.hpp
[0.495s] -- Up-to-date: /home/takumi/souzoukougaku14/src/install/cat_messages/include/cat_messages/cat_messages/msg/detail/joy_cat__type_support.cpp
[0.495s] -- Up-to-date: /home/takumi/souzoukougaku14/src/install/cat_messages/include/cat_messages/cat_messages/msg/detail/joy_cat__rosidl_typesupport_introspection_cpp.hpp
[0.495s] -- Up-to-date: /home/takumi/souzoukougaku14/src/install/cat_messages/include/cat_messages/cat_messages/msg/detail/senser__type_support.cpp
[0.495s] -- Up-to-date: /home/takumi/souzoukougaku14/src/install/cat_messages/lib/libcat_messages__rosidl_typesupport_introspection_cpp.so
[0.495s] -- Up-to-date: /home/takumi/souzoukougaku14/src/install/cat_messages/lib/libcat_messages__rosidl_typesupport_cpp.so
[0.495s] -- Up-to-date: /home/takumi/souzoukougaku14/src/install/cat_messages/share/cat_messages/environment/pythonpath.sh
[0.495s] -- Up-to-date: /home/takumi/souzoukougaku14/src/install/cat_messages/share/cat_messages/environment/pythonpath.dsv
[0.496s] -- Up-to-date: /home/takumi/souzoukougaku14/src/install/cat_messages/local/lib/python3.10/dist-packages/cat_messages-0.0.0-py3.10.egg-info
[0.496s] -- Installing: /home/takumi/souzoukougaku14/src/install/cat_messages/local/lib/python3.10/dist-packages/cat_messages-0.0.0-py3.10.egg-info/PKG-INFO
[0.496s] -- Installing: /home/takumi/souzoukougaku14/src/install/cat_messages/local/lib/python3.10/dist-packages/cat_messages-0.0.0-py3.10.egg-info/dependency_links.txt
[0.496s] -- Installing: /home/takumi/souzoukougaku14/src/install/cat_messages/local/lib/python3.10/dist-packages/cat_messages-0.0.0-py3.10.egg-info/top_level.txt
[0.496s] -- Installing: /home/takumi/souzoukougaku14/src/install/cat_messages/local/lib/python3.10/dist-packages/cat_messages-0.0.0-py3.10.egg-info/SOURCES.txt
[0.496s] -- Up-to-date: /home/takumi/souzoukougaku14/src/install/cat_messages/local/lib/python3.10/dist-packages/cat_messages
[0.496s] -- Up-to-date: /home/takumi/souzoukougaku14/src/install/cat_messages/local/lib/python3.10/dist-packages/cat_messages/cat_messages_s__rosidl_typesupport_introspection_c.cpython-310-x86_64-linux-gnu.so
[0.496s] -- Up-to-date: /home/takumi/souzoukougaku14/src/install/cat_messages/local/lib/python3.10/dist-packages/cat_messages/msg
[0.496s] -- Up-to-date: /home/takumi/souzoukougaku14/src/install/cat_messages/local/lib/python3.10/dist-packages/cat_messages/msg/_senser_s.c
[0.496s] -- Up-to-date: /home/takumi/souzoukougaku14/src/install/cat_messages/local/lib/python3.10/dist-packages/cat_messages/msg/_joy_cat_s.c
[0.496s] -- Up-to-date: /home/takumi/souzoukougaku14/src/install/cat_messages/local/lib/python3.10/dist-packages/cat_messages/msg/_joy_cat.py
[0.496s] -- Up-to-date: /home/takumi/souzoukougaku14/src/install/cat_messages/local/lib/python3.10/dist-packages/cat_messages/msg/__init__.py
[0.496s] -- Up-to-date: /home/takumi/souzoukougaku14/src/install/cat_messages/local/lib/python3.10/dist-packages/cat_messages/msg/_senser.py
[0.496s] -- Up-to-date: /home/takumi/souzoukougaku14/src/install/cat_messages/local/lib/python3.10/dist-packages/cat_messages/cat_messages_s__rosidl_typesupport_c.cpython-310-x86_64-linux-gnu.so
[0.496s] -- Up-to-date: /home/takumi/souzoukougaku14/src/install/cat_messages/local/lib/python3.10/dist-packages/cat_messages/cat_messages_s__rosidl_typesupport_fastrtps_c.cpython-310-x86_64-linux-gnu.so
[0.496s] -- Up-to-date: /home/takumi/souzoukougaku14/src/install/cat_messages/local/lib/python3.10/dist-packages/cat_messages/_cat_messages_s.ep.rosidl_typesupport_introspection_c.c
[0.496s] -- Up-to-date: /home/takumi/souzoukougaku14/src/install/cat_messages/local/lib/python3.10/dist-packages/cat_messages/_cat_messages_s.ep.rosidl_typesupport_c.c
[0.497s] -- Up-to-date: /home/takumi/souzoukougaku14/src/install/cat_messages/local/lib/python3.10/dist-packages/cat_messages/_cat_messages_s.ep.rosidl_typesupport_fastrtps_c.c
[0.497s] -- Up-to-date: /home/takumi/souzoukougaku14/src/install/cat_messages/local/lib/python3.10/dist-packages/cat_messages/libcat_messages__rosidl_generator_py.so
[0.497s] -- Up-to-date: /home/takumi/souzoukougaku14/src/install/cat_messages/local/lib/python3.10/dist-packages/cat_messages/__init__.py
[0.522s] Listing '/home/takumi/souzoukougaku14/src/install/cat_messages/local/lib/python3.10/dist-packages/cat_messages'...
[0.522s] Listing '/home/takumi/souzoukougaku14/src/install/cat_messages/local/lib/python3.10/dist-packages/cat_messages/msg'...
[0.526s] -- Up-to-date: /home/takumi/souzoukougaku14/src/install/cat_messages/local/lib/python3.10/dist-packages/cat_messages/cat_messages_s__rosidl_typesupport_fastrtps_c.cpython-310-x86_64-linux-gnu.so
[0.526s] -- Up-to-date: /home/takumi/souzoukougaku14/src/install/cat_messages/local/lib/python3.10/dist-packages/cat_messages/cat_messages_s__rosidl_typesupport_introspection_c.cpython-310-x86_64-linux-gnu.so
[0.527s] -- Up-to-date: /home/takumi/souzoukougaku14/src/install/cat_messages/local/lib/python3.10/dist-packages/cat_messages/cat_messages_s__rosidl_typesupport_c.cpython-310-x86_64-linux-gnu.so
[0.527s] -- Up-to-date: /home/takumi/souzoukougaku14/src/install/cat_messages/lib/libcat_messages__rosidl_generator_py.so
[0.527s] -- Up-to-date: /home/takumi/souzoukougaku14/src/install/cat_messages/share/cat_messages/msg/JoyCat.idl
[0.527s] -- Up-to-date: /home/takumi/souzoukougaku14/src/install/cat_messages/share/cat_messages/msg/Senser.idl
[0.527s] -- Up-to-date: /home/takumi/souzoukougaku14/src/install/cat_messages/share/cat_messages/msg/JoyCat.msg
[0.527s] -- Up-to-date: /home/takumi/souzoukougaku14/src/install/cat_messages/share/cat_messages/msg/Senser.msg
[0.528s] -- Up-to-date: /home/takumi/souzoukougaku14/src/install/cat_messages/share/ament_index/resource_index/package_run_dependencies/cat_messages
[0.528s] -- Up-to-date: /home/takumi/souzoukougaku14/src/install/cat_messages/share/ament_index/resource_index/parent_prefix_path/cat_messages
[0.528s] -- Up-to-date: /home/takumi/souzoukougaku14/src/install/cat_messages/share/cat_messages/environment/ament_prefix_path.sh
[0.528s] -- Up-to-date: /home/takumi/souzoukougaku14/src/install/cat_messages/share/cat_messages/environment/ament_prefix_path.dsv
[0.528s] -- Up-to-date: /home/takumi/souzoukougaku14/src/install/cat_messages/share/cat_messages/environment/path.sh
[0.529s] -- Up-to-date: /home/takumi/souzoukougaku14/src/install/cat_messages/share/cat_messages/environment/path.dsv
[0.529s] -- Up-to-date: /home/takumi/souzoukougaku14/src/install/cat_messages/share/cat_messages/local_setup.bash
[0.529s] -- Up-to-date: /home/takumi/souzoukougaku14/src/install/cat_messages/share/cat_messages/local_setup.sh
[0.529s] -- Up-to-date: /home/takumi/souzoukougaku14/src/install/cat_messages/share/cat_messages/local_setup.zsh
[0.529s] -- Up-to-date: /home/takumi/souzoukougaku14/src/install/cat_messages/share/cat_messages/local_setup.dsv
[0.529s] -- Installing: /home/takumi/souzoukougaku14/src/install/cat_messages/share/cat_messages/package.dsv
[0.529s] -- Up-to-date: /home/takumi/souzoukougaku14/src/install/cat_messages/share/ament_index/resource_index/packages/cat_messages
[0.529s] -- Up-to-date: /home/takumi/souzoukougaku14/src/install/cat_messages/share/cat_messages/cmake/export_cat_messages__rosidl_generator_cExport.cmake
[0.530s] -- Up-to-date: /home/takumi/souzoukougaku14/src/install/cat_messages/share/cat_messages/cmake/export_cat_messages__rosidl_generator_cExport-noconfig.cmake
[0.530s] -- Up-to-date: /home/takumi/souzoukougaku14/src/install/cat_messages/share/cat_messages/cmake/export_cat_messages__rosidl_typesupport_fastrtps_cExport.cmake
[0.530s] -- Up-to-date: /home/takumi/souzoukougaku14/src/install/cat_messages/share/cat_messages/cmake/export_cat_messages__rosidl_typesupport_fastrtps_cExport-noconfig.cmake
[0.530s] -- Up-to-date: /home/takumi/souzoukougaku14/src/install/cat_messages/share/cat_messages/cmake/cat_messages__rosidl_typesupport_introspection_cExport.cmake
[0.530s] -- Up-to-date: /home/takumi/souzoukougaku14/src/install/cat_messages/share/cat_messages/cmake/cat_messages__rosidl_typesupport_introspection_cExport-noconfig.cmake
[0.531s] -- Up-to-date: /home/takumi/souzoukougaku14/src/install/cat_messages/share/cat_messages/cmake/cat_messages__rosidl_typesupport_cExport.cmake
[0.531s] -- Up-to-date: /home/takumi/souzoukougaku14/src/install/cat_messages/share/cat_messages/cmake/cat_messages__rosidl_typesupport_cExport-noconfig.cmake
[0.531s] -- Up-to-date: /home/takumi/souzoukougaku14/src/install/cat_messages/share/cat_messages/cmake/export_cat_messages__rosidl_generator_cppExport.cmake
[0.531s] -- Up-to-date: /home/takumi/souzoukougaku14/src/install/cat_messages/share/cat_messages/cmake/export_cat_messages__rosidl_typesupport_fastrtps_cppExport.cmake
[0.531s] -- Up-to-date: /home/takumi/souzoukougaku14/src/install/cat_messages/share/cat_messages/cmake/export_cat_messages__rosidl_typesupport_fastrtps_cppExport-noconfig.cmake
[0.531s] -- Up-to-date: /home/takumi/souzoukougaku14/src/install/cat_messages/share/cat_messages/cmake/cat_messages__rosidl_typesupport_introspection_cppExport.cmake
[0.531s] -- Up-to-date: /home/takumi/souzoukougaku14/src/install/cat_messages/share/cat_messages/cmake/cat_messages__rosidl_typesupport_introspection_cppExport-noconfig.cmake
[0.531s] -- Up-to-date: /home/takumi/souzoukougaku14/src/install/cat_messages/share/cat_messages/cmake/cat_messages__rosidl_typesupport_cppExport.cmake
[0.531s] -- Up-to-date: /home/takumi/souzoukougaku14/src/install/cat_messages/share/cat_messages/cmake/cat_messages__rosidl_typesupport_cppExport-noconfig.cmake
[0.532s] -- Up-to-date: /home/takumi/souzoukougaku14/src/install/cat_messages/share/cat_messages/cmake/export_cat_messages__rosidl_generator_pyExport.cmake
[0.532s] -- Up-to-date: /home/takumi/souzoukougaku14/src/install/cat_messages/share/cat_messages/cmake/export_cat_messages__rosidl_generator_pyExport-noconfig.cmake
[0.532s] -- Up-to-date: /home/takumi/souzoukougaku14/src/install/cat_messages/share/cat_messages/cmake/rosidl_cmake-extras.cmake
[0.532s] -- Up-to-date: /home/takumi/souzoukougaku14/src/install/cat_messages/share/cat_messages/cmake/ament_cmake_export_include_directories-extras.cmake
[0.532s] -- Up-to-date: /home/takumi/souzoukougaku14/src/install/cat_messages/share/cat_messages/cmake/ament_cmake_export_libraries-extras.cmake
[0.532s] -- Up-to-date: /home/takumi/souzoukougaku14/src/install/cat_messages/share/cat_messages/cmake/ament_cmake_export_targets-extras.cmake
[0.532s] -- Up-to-date: /home/takumi/souzoukougaku14/src/install/cat_messages/share/cat_messages/cmake/rosidl_cmake_export_typesupport_targets-extras.cmake
[0.532s] -- Up-to-date: /home/takumi/souzoukougaku14/src/install/cat_messages/share/cat_messages/cmake/ament_cmake_export_dependencies-extras.cmake
[0.532s] -- Up-to-date: /home/takumi/souzoukougaku14/src/install/cat_messages/share/cat_messages/cmake/rosidl_cmake_export_typesupport_libraries-extras.cmake
[0.532s] -- Up-to-date: /home/takumi/souzoukougaku14/src/install/cat_messages/share/cat_messages/cmake/cat_messagesConfig.cmake
[0.532s] -- Up-to-date: /home/takumi/souzoukougaku14/src/install/cat_messages/share/cat_messages/cmake/cat_messagesConfig-version.cmake
[0.532s] -- Up-to-date: /home/takumi/souzoukougaku14/src/install/cat_messages/share/cat_messages/package.xml
[0.535s] Invoked command in '/home/takumi/souzoukougaku14/src/build/cat_messages' returned '0': CMAKE_PREFIX_PATH=${CMAKE_PREFIX_PATH}:/home/takumi/souzoukougaku14/install/cat:/home/takumi/souzoukougaku14/src/install/cat:/opt/ros/humble /usr/bin/cmake --install /home/takumi/souzoukougaku14/src/build/cat_messages
