[0.502s] Invoking command in '/home/hamilton/souzou/build/cat': AMENT_PREFIX_PATH=/home/hamilton/souzou/install/cat_messages:${AMENT_PREFIX_PATH} CMAKE_PREFIX_PATH=/home/hamilton/souzou/install/cat_messages LD_LIBRARY_PATH=/home/hamilton/souzou/install/cat_messages/lib:/usr/lib/x86_64-linux-gnu/gazebo-11/plugins:/opt/ros/humble/opt/rviz_ogre_vendor/lib:/opt/ros/humble/lib/x86_64-linux-gnu:/opt/ros/humble/opt/openvdb_vendor/lib:/opt/ros/humble/lib:/home/hamilton/miniconda3/envs/base/lib:/usr/share/gazebo/../../lib/x86_64-linux-gnu/gazebo-11/plugins PYTHONPATH=/home/hamilton/souzou/build/cat/prefix_override:/usr/lib/python3/dist-packages/colcon_core/task/python/colcon_distutils_commands:/home/hamilton/souzou/install/cat/lib/python3.10/site-packages:/home/hamilton/souzou/install/cat_messages/local/lib/python3.10/dist-packages:${PYTHONPATH} /usr/bin/python3 -W ignore:setup.py install is deprecated -W ignore:easy_install command is deprecated setup.py develop --editable --build-directory /home/hamilton/souzou/build/cat/build --no-deps symlink_data
[0.709s] running develop
[0.850s] running egg_info
[0.850s] creating cat.egg-info
[0.850s] writing cat.egg-info/PKG-INFO
[0.850s] writing dependency_links to cat.egg-info/dependency_links.txt
[0.850s] writing entry points to cat.egg-info/entry_points.txt
[0.850s] writing requirements to cat.egg-info/requires.txt
[0.850s] writing top-level names to cat.egg-info/top_level.txt
[0.851s] writing manifest file 'cat.egg-info/SOURCES.txt'
[0.852s] reading manifest file 'cat.egg-info/SOURCES.txt'
[0.852s] writing manifest file 'cat.egg-info/SOURCES.txt'
[0.853s] running build_ext
[0.854s] Creating /home/hamilton/souzou/install/cat/lib/python3.10/site-packages/cat.egg-link (link to .)
[0.854s] Installing aruco_node_tf script to /home/hamilton/souzou/install/cat/lib/cat
[0.854s] Installing odom_test_node script to /home/hamilton/souzou/install/cat/lib/cat
[0.854s] Installing pc_controller script to /home/hamilton/souzou/install/cat/lib/cat
[0.854s] Installing ps4_controller_node script to /home/hamilton/souzou/install/cat/lib/cat
[0.855s] Installing ps4_joy_node script to /home/hamilton/souzou/install/cat/lib/cat
[0.855s] Installing state_machine script to /home/hamilton/souzou/install/cat/lib/cat
[0.855s] Installing tcp_receive_node script to /home/hamilton/souzou/install/cat/lib/cat
[0.855s] Installing tcp_send_node script to /home/hamilton/souzou/install/cat/lib/cat
[0.855s] Installing udp_receive_node script to /home/hamilton/souzou/install/cat/lib/cat
[0.855s] Installing udp_send_node script to /home/hamilton/souzou/install/cat/lib/cat
[0.855s] 
[0.855s] Installed /home/hamilton/souzou/build/cat
[0.855s] running symlink_data
[0.855s] creating /home/hamilton/souzou/install/cat/share/ament_index
[0.855s] creating /home/hamilton/souzou/install/cat/share/ament_index/resource_index
[0.855s] creating /home/hamilton/souzou/install/cat/share/ament_index/resource_index/packages
[0.855s] symbolically linking /home/hamilton/souzou/build/cat/resource/cat -> /home/hamilton/souzou/install/cat/share/ament_index/resource_index/packages
[0.856s] symbolically linking /home/hamilton/souzou/build/cat/package.xml -> /home/hamilton/souzou/install/cat/share/cat
[0.856s] creating /home/hamilton/souzou/install/cat/share/cat/launch
[0.856s] symbolically linking /home/hamilton/souzou/build/cat/launch/cat_launch.py -> /home/hamilton/souzou/install/cat/share/cat/launch/
[0.856s] creating /home/hamilton/souzou/install/cat/share/cat/launch/__pycache__
[0.856s] symbolically linking /home/hamilton/souzou/build/cat/launch/__pycache__/cat_launch.cpython-310.pyc -> /home/hamilton/souzou/install/cat/share/cat/launch/__pycache__
[0.875s] Invoked command in '/home/hamilton/souzou/build/cat' returned '0': AMENT_PREFIX_PATH=/home/hamilton/souzou/install/cat_messages:${AMENT_PREFIX_PATH} CMAKE_PREFIX_PATH=/home/hamilton/souzou/install/cat_messages LD_LIBRARY_PATH=/home/hamilton/souzou/install/cat_messages/lib:/usr/lib/x86_64-linux-gnu/gazebo-11/plugins:/opt/ros/humble/opt/rviz_ogre_vendor/lib:/opt/ros/humble/lib/x86_64-linux-gnu:/opt/ros/humble/opt/openvdb_vendor/lib:/opt/ros/humble/lib:/home/hamilton/miniconda3/envs/base/lib:/usr/share/gazebo/../../lib/x86_64-linux-gnu/gazebo-11/plugins PYTHONPATH=/home/hamilton/souzou/build/cat/prefix_override:/usr/lib/python3/dist-packages/colcon_core/task/python/colcon_distutils_commands:/home/hamilton/souzou/install/cat/lib/python3.10/site-packages:/home/hamilton/souzou/install/cat_messages/local/lib/python3.10/dist-packages:${PYTHONPATH} /usr/bin/python3 -W ignore:setup.py install is deprecated -W ignore:easy_install command is deprecated setup.py develop --editable --build-directory /home/hamilton/souzou/build/cat/build --no-deps symlink_data
