[0.006s] Invoking command in '/home/hamilton/souzou/src/build/cat_messages': CMAKE_PREFIX_PATH=/home/hamilton/souzou/src/install/cat:/opt/ros/humble /usr/bin/cmake /home/hamilton/souzou/src/cat_messages -DAMENT_CMAKE_SYMLINK_INSTALL=1 -DCMAKE_INSTALL_PREFIX=/home/hamilton/souzou/src/install/cat_messages
[0.014s] -- Found ament_cmake: 1.3.10 (/opt/ros/humble/share/ament_cmake/cmake)
[0.086s] -- Override CMake install command with custom implementation using symlinks instead of copying resources
[0.089s] -- Found rosidl_default_generators: 1.2.0 (/opt/ros/humble/share/rosidl_default_generators/cmake)
[0.090s] -- Using all available rosidl_typesupport_c: rosidl_typesupport_fastrtps_c;rosidl_typesupport_introspection_c
[0.092s] -- Found rosidl_adapter: 3.1.5 (/opt/ros/humble/share/rosidl_adapter/cmake)
[0.108s] -- Using all available rosidl_typesupport_cpp: rosidl_typesupport_fastrtps_cpp;rosidl_typesupport_introspection_cpp
[0.276s] -- Found ament_cmake_ros: 0.10.0 (/opt/ros/humble/share/ament_cmake_ros/cmake)
[0.401s] -- Using all available rosidl_typesupport_c: rosidl_typesupport_fastrtps_c;rosidl_typesupport_introspection_c
[0.551s] -- Using all available rosidl_typesupport_cpp: rosidl_typesupport_fastrtps_cpp;rosidl_typesupport_introspection_cpp
[0.566s] -- Found PythonInterp: /usr/bin/python3 (found suitable version "3.10.12", minimum required is "3.6") 
[0.568s] -- Found python_cmake_module: 0.10.0 (/opt/ros/humble/share/python_cmake_module/cmake)
[0.588s] -- Found PythonLibs: /usr/lib/x86_64-linux-gnu/libpython3.10.so (found suitable version "3.10.12", minimum required is "3.5") 
[0.588s] -- Using PYTHON_EXECUTABLE: /usr/bin/python3
[0.588s] -- Using PYTHON_INCLUDE_DIRS: /usr/include/python3.10
[0.588s] -- Using PYTHON_LIBRARIES: /usr/lib/x86_64-linux-gnu/libpython3.10.so
[0.602s] -- Found PythonExtra: .so  
[0.625s] -- Found ament_lint_auto: 0.12.11 (/opt/ros/humble/share/ament_lint_auto/cmake)
[0.652s] -- Added test 'lint_cmake' to check CMake code style
[0.653s] -- Added test 'xmllint' to check XML markup files
[0.657s] -- Configuring done
[0.676s] -- Generating done
[0.677s] -- Build files have been written to: /home/hamilton/souzou/src/build/cat_messages
[0.682s] Invoked command in '/home/hamilton/souzou/src/build/cat_messages' returned '0': CMAKE_PREFIX_PATH=/home/hamilton/souzou/src/install/cat:/opt/ros/humble /usr/bin/cmake /home/hamilton/souzou/src/cat_messages -DAMENT_CMAKE_SYMLINK_INSTALL=1 -DCMAKE_INSTALL_PREFIX=/home/hamilton/souzou/src/install/cat_messages
[0.683s] Invoking command in '/home/hamilton/souzou/src/build/cat_messages': CMAKE_PREFIX_PATH=/home/hamilton/souzou/src/install/cat:/opt/ros/humble /usr/bin/cmake --build /home/hamilton/souzou/src/build/cat_messages -- -j8 -l8
[0.707s] [  3%] [34m[1mGenerating C code for ROS interfaces[0m
[0.713s] [  6%] [34m[1mGenerating C++ code for ROS interfaces[0m
[0.718s] [  6%] Built target ament_cmake_python_symlink_cat_messages
[0.868s] running egg_info
[0.868s] creating cat_messages.egg-info
[0.868s] writing cat_messages.egg-info/PKG-INFO
[0.868s] writing dependency_links to cat_messages.egg-info/dependency_links.txt
[0.868s] writing top-level names to cat_messages.egg-info/top_level.txt
[0.868s] writing manifest file 'cat_messages.egg-info/SOURCES.txt'
[0.870s] reading manifest file 'cat_messages.egg-info/SOURCES.txt'
[0.870s] writing manifest file 'cat_messages.egg-info/SOURCES.txt'
[0.889s] [  6%] Built target ament_cmake_python_build_cat_messages_egg
[0.896s] [  6%] Built target cat_messages__cpp
[0.902s] [ 12%] [34m[1mGenerating C++ type support for eProsima Fast-RTPS[0m
[0.903s] [ 12%] [34m[1mGenerating C++ type support dispatch for ROS interfaces[0m
[0.903s] [ 16%] [34m[1mGenerating C++ introspection for ROS interfaces[0m
[0.906s] [ 19%] [32mBuilding C object CMakeFiles/cat_messages__rosidl_generator_c.dir/rosidl_generator_c/cat_messages/msg/detail/joy_cat__functions.c.o[0m
[0.981s] [ 22%] [32m[1mLinking C shared library libcat_messages__rosidl_generator_c.so[0m
[1.005s] [ 22%] Built target cat_messages__rosidl_generator_c
[1.012s] [ 25%] [34m[1mGenerating C introspection for ROS interfaces[0m
[1.014s] [ 32%] [34m[1mGenerating C type support dispatch for ROS interfaces[0m
[1.014s] [ 32%] [34m[1mGenerating C type support for eProsima Fast-RTPS[0m
[1.076s] [ 35%] [32mBuilding CXX object CMakeFiles/cat_messages__rosidl_typesupport_introspection_cpp.dir/rosidl_typesupport_introspection_cpp/cat_messages/msg/detail/joy_cat__type_support.cpp.o[0m
[1.077s] [ 38%] [32mBuilding CXX object CMakeFiles/cat_messages__rosidl_typesupport_cpp.dir/rosidl_typesupport_cpp/cat_messages/msg/joy_cat__type_support.cpp.o[0m
[1.133s] [ 41%] [32mBuilding CXX object CMakeFiles/cat_messages__rosidl_typesupport_fastrtps_cpp.dir/rosidl_typesupport_fastrtps_cpp/cat_messages/msg/detail/dds_fastrtps/joy_cat__type_support.cpp.o[0m
[1.242s] [ 45%] [32mBuilding CXX object CMakeFiles/cat_messages__rosidl_typesupport_c.dir/rosidl_typesupport_c/cat_messages/msg/joy_cat__type_support.cpp.o[0m
[1.266s] [ 48%] [32mBuilding C object CMakeFiles/cat_messages__rosidl_typesupport_introspection_c.dir/rosidl_typesupport_introspection_c/cat_messages/msg/detail/joy_cat__type_support.c.o[0m
[1.273s] [ 51%] [32m[1mLinking CXX shared library libcat_messages__rosidl_typesupport_c.so[0m
[1.290s] [ 54%] [32mBuilding CXX object CMakeFiles/cat_messages__rosidl_typesupport_fastrtps_c.dir/rosidl_typesupport_fastrtps_c/cat_messages/msg/detail/joy_cat__type_support_c.cpp.o[0m
[1.290s] [ 58%] [32m[1mLinking C shared library libcat_messages__rosidl_typesupport_introspection_c.so[0m
[1.310s] [ 58%] Built target cat_messages__rosidl_typesupport_c
[1.318s] [ 58%] Built target cat_messages__rosidl_typesupport_introspection_c
[1.348s] [ 61%] [32m[1mLinking CXX shared library libcat_messages__rosidl_typesupport_cpp.so[0m
[1.375s] [ 61%] Built target cat_messages__rosidl_typesupport_cpp
[1.406s] [ 64%] [32m[1mLinking CXX shared library libcat_messages__rosidl_typesupport_introspection_cpp.so[0m
[1.434s] [ 64%] Built target cat_messages__rosidl_typesupport_introspection_cpp
[1.476s] [ 67%] [32m[1mLinking CXX shared library libcat_messages__rosidl_typesupport_fastrtps_cpp.so[0m
[1.527s] [ 67%] Built target cat_messages__rosidl_typesupport_fastrtps_cpp
[1.529s] [ 70%] [32m[1mLinking CXX shared library libcat_messages__rosidl_typesupport_fastrtps_c.so[0m
[1.575s] [ 70%] Built target cat_messages__rosidl_typesupport_fastrtps_c
[1.587s] [ 70%] Built target cat_messages
[1.601s] [ 74%] [34m[1mGenerating Python code for ROS interfaces[0m
[1.788s] [ 74%] Built target cat_messages__py
[1.800s] [ 77%] [32mBuilding C object CMakeFiles/cat_messages__rosidl_generator_py.dir/rosidl_generator_py/cat_messages/msg/_joy_cat_s.c.o[0m
[1.917s] [ 80%] [32m[1mLinking C shared library rosidl_generator_py/cat_messages/libcat_messages__rosidl_generator_py.so[0m
[1.946s] [ 80%] Built target cat_messages__rosidl_generator_py
[1.958s] [ 83%] [32mBuilding C object CMakeFiles/cat_messages__rosidl_typesupport_fastrtps_c__pyext.dir/rosidl_generator_py/cat_messages/_cat_messages_s.ep.rosidl_typesupport_fastrtps_c.c.o[0m
[1.958s] [ 90%] [32mBuilding C object CMakeFiles/cat_messages__rosidl_typesupport_introspection_c__pyext.dir/rosidl_generator_py/cat_messages/_cat_messages_s.ep.rosidl_typesupport_introspection_c.c.o[0m
[1.959s] [ 90%] [32mBuilding C object CMakeFiles/cat_messages__rosidl_typesupport_c__pyext.dir/rosidl_generator_py/cat_messages/_cat_messages_s.ep.rosidl_typesupport_c.c.o[0m
[2.018s] [ 96%] [32m[1mLinking C shared library rosidl_generator_py/cat_messages/cat_messages_s__rosidl_typesupport_c.cpython-310-x86_64-linux-gnu.so[0m
[2.018s] [ 96%] [32m[1mLinking C shared library rosidl_generator_py/cat_messages/cat_messages_s__rosidl_typesupport_introspection_c.cpython-310-x86_64-linux-gnu.so[0m
[2.018s] [100%] [32m[1mLinking C shared library rosidl_generator_py/cat_messages/cat_messages_s__rosidl_typesupport_fastrtps_c.cpython-310-x86_64-linux-gnu.so[0m
[2.040s] [100%] Built target cat_messages__rosidl_typesupport_fastrtps_c__pyext
[2.040s] [100%] Built target cat_messages__rosidl_typesupport_c__pyext
[2.040s] [100%] Built target cat_messages__rosidl_typesupport_introspection_c__pyext
[2.048s] Invoked command in '/home/hamilton/souzou/src/build/cat_messages' returned '0': CMAKE_PREFIX_PATH=/home/hamilton/souzou/src/install/cat:/opt/ros/humble /usr/bin/cmake --build /home/hamilton/souzou/src/build/cat_messages -- -j8 -l8
[2.089s] Invoking command in '/home/hamilton/souzou/src/build/cat_messages': CMAKE_PREFIX_PATH=/home/hamilton/souzou/src/install/cat:/opt/ros/humble /usr/bin/cmake --install /home/hamilton/souzou/src/build/cat_messages
[2.094s] -- Install configuration: ""
[2.094s] -- Execute custom install script
[2.094s] -- Symlinking: /home/hamilton/souzou/src/install/cat_messages/share/ament_index/resource_index/rosidl_interfaces/cat_messages
[2.100s] -- Symlinking: /home/hamilton/souzou/src/install/cat_messages/include/cat_messages/cat_messages/msg/detail/joy_cat__functions.h
[2.105s] -- Symlinking: /home/hamilton/souzou/src/install/cat_messages/include/cat_messages/cat_messages/msg/detail/joy_cat__struct.h
[2.112s] -- Symlinking: /home/hamilton/souzou/src/install/cat_messages/include/cat_messages/cat_messages/msg/detail/joy_cat__type_support.h
[2.117s] -- Symlinking: /home/hamilton/souzou/src/install/cat_messages/include/cat_messages/cat_messages/msg/joy_cat.h
[2.125s] -- Symlinking: /home/hamilton/souzou/src/install/cat_messages/include/cat_messages/cat_messages/msg/rosidl_generator_c__visibility_control.h
[2.132s] -- Symlinking: /home/hamilton/souzou/src/install/cat_messages/share/cat_messages/environment/library_path.sh
[2.137s] -- Symlinking: /home/hamilton/souzou/src/install/cat_messages/share/cat_messages/environment/library_path.dsv
[2.143s] -- Symlinking: /home/hamilton/souzou/src/install/cat_messages/include/cat_messages/cat_messages/msg/detail/joy_cat__rosidl_typesupport_fastrtps_c.h
[2.148s] -- Symlinking: /home/hamilton/souzou/src/install/cat_messages/include/cat_messages/cat_messages/msg/rosidl_typesupport_fastrtps_c__visibility_control.h
[2.154s] -- Symlinking: /home/hamilton/souzou/src/install/cat_messages/include/cat_messages/cat_messages/msg/detail/joy_cat__rosidl_typesupport_introspection_c.h
[2.160s] -- Symlinking: /home/hamilton/souzou/src/install/cat_messages/include/cat_messages/cat_messages/msg/rosidl_typesupport_introspection_c__visibility_control.h
[2.165s] -- Symlinking: /home/hamilton/souzou/src/install/cat_messages/include/cat_messages/cat_messages/msg/detail/joy_cat__builder.hpp
[2.170s] -- Symlinking: /home/hamilton/souzou/src/install/cat_messages/include/cat_messages/cat_messages/msg/detail/joy_cat__struct.hpp
[2.175s] -- Symlinking: /home/hamilton/souzou/src/install/cat_messages/include/cat_messages/cat_messages/msg/detail/joy_cat__traits.hpp
[2.180s] -- Symlinking: /home/hamilton/souzou/src/install/cat_messages/include/cat_messages/cat_messages/msg/joy_cat.hpp
[2.186s] -- Symlinking: /home/hamilton/souzou/src/install/cat_messages/include/cat_messages/cat_messages/msg/detail/joy_cat__rosidl_typesupport_fastrtps_cpp.hpp
[2.191s] -- Symlinking: /home/hamilton/souzou/src/install/cat_messages/include/cat_messages/cat_messages/msg/rosidl_typesupport_fastrtps_cpp__visibility_control.h
[2.196s] -- Symlinking: /home/hamilton/souzou/src/install/cat_messages/include/cat_messages/cat_messages/msg/detail/joy_cat__rosidl_typesupport_introspection_cpp.hpp
[2.201s] -- Symlinking: /home/hamilton/souzou/src/install/cat_messages/share/cat_messages/environment/pythonpath.sh
[2.206s] -- Symlinking: /home/hamilton/souzou/src/install/cat_messages/share/cat_messages/environment/pythonpath.dsv
[2.211s] -- Symlinking: /home/hamilton/souzou/src/install/cat_messages/local/lib/python3.10/dist-packages/cat_messages-0.0.0-py3.10.egg-info/PKG-INFO
[2.216s] -- Symlinking: /home/hamilton/souzou/src/install/cat_messages/local/lib/python3.10/dist-packages/cat_messages-0.0.0-py3.10.egg-info/SOURCES.txt
[2.221s] -- Symlinking: /home/hamilton/souzou/src/install/cat_messages/local/lib/python3.10/dist-packages/cat_messages-0.0.0-py3.10.egg-info/dependency_links.txt
[2.226s] -- Symlinking: /home/hamilton/souzou/src/install/cat_messages/local/lib/python3.10/dist-packages/cat_messages-0.0.0-py3.10.egg-info/top_level.txt
[2.232s] -- Symlinking: /home/hamilton/souzou/src/install/cat_messages/local/lib/python3.10/dist-packages/cat_messages/__init__.py
[2.238s] -- Symlinking: /home/hamilton/souzou/src/install/cat_messages/local/lib/python3.10/dist-packages/cat_messages/_cat_messages_s.ep.rosidl_typesupport_c.c
[2.244s] -- Symlinking: /home/hamilton/souzou/src/install/cat_messages/local/lib/python3.10/dist-packages/cat_messages/_cat_messages_s.ep.rosidl_typesupport_fastrtps_c.c
[2.248s] -- Symlinking: /home/hamilton/souzou/src/install/cat_messages/local/lib/python3.10/dist-packages/cat_messages/_cat_messages_s.ep.rosidl_typesupport_introspection_c.c
[2.253s] -- Symlinking: /home/hamilton/souzou/src/install/cat_messages/local/lib/python3.10/dist-packages/cat_messages/cat_messages_s__rosidl_typesupport_c.cpython-310-x86_64-linux-gnu.so
[2.258s] -- Symlinking: /home/hamilton/souzou/src/install/cat_messages/local/lib/python3.10/dist-packages/cat_messages/cat_messages_s__rosidl_typesupport_fastrtps_c.cpython-310-x86_64-linux-gnu.so
[2.263s] -- Symlinking: /home/hamilton/souzou/src/install/cat_messages/local/lib/python3.10/dist-packages/cat_messages/cat_messages_s__rosidl_typesupport_introspection_c.cpython-310-x86_64-linux-gnu.so
[2.268s] -- Symlinking: /home/hamilton/souzou/src/install/cat_messages/local/lib/python3.10/dist-packages/cat_messages/libcat_messages__rosidl_generator_py.so
[2.272s] -- Symlinking: /home/hamilton/souzou/src/install/cat_messages/local/lib/python3.10/dist-packages/cat_messages/msg/__init__.py
[2.277s] -- Symlinking: /home/hamilton/souzou/src/install/cat_messages/local/lib/python3.10/dist-packages/cat_messages/msg/_joy_cat.py
[2.282s] -- Symlinking: /home/hamilton/souzou/src/install/cat_messages/local/lib/python3.10/dist-packages/cat_messages/msg/_joy_cat_s.c
[2.287s] -- Up-to-date symlink: /home/hamilton/souzou/src/install/cat_messages/local/lib/python3.10/dist-packages/cat_messages/cat_messages_s__rosidl_typesupport_fastrtps_c.cpython-310-x86_64-linux-gnu.so
[2.287s] -- Up-to-date symlink: /home/hamilton/souzou/src/install/cat_messages/local/lib/python3.10/dist-packages/cat_messages/cat_messages_s__rosidl_typesupport_introspection_c.cpython-310-x86_64-linux-gnu.so
[2.287s] -- Up-to-date symlink: /home/hamilton/souzou/src/install/cat_messages/local/lib/python3.10/dist-packages/cat_messages/cat_messages_s__rosidl_typesupport_c.cpython-310-x86_64-linux-gnu.so
[2.288s] -- Symlinking: /home/hamilton/souzou/src/install/cat_messages/share/cat_messages/msg/JoyCat.idl
[2.293s] -- Symlinking: /home/hamilton/souzou/src/install/cat_messages/share/cat_messages/msg/JoyCat.msg
[2.298s] -- Symlinking: /home/hamilton/souzou/src/install/cat_messages/share/ament_index/resource_index/package_run_dependencies/cat_messages
[2.303s] -- Symlinking: /home/hamilton/souzou/src/install/cat_messages/share/ament_index/resource_index/parent_prefix_path/cat_messages
[2.308s] -- Symlinking: /home/hamilton/souzou/src/install/cat_messages/share/cat_messages/environment/ament_prefix_path.sh
[2.313s] -- Symlinking: /home/hamilton/souzou/src/install/cat_messages/share/cat_messages/environment/ament_prefix_path.dsv
[2.319s] -- Symlinking: /home/hamilton/souzou/src/install/cat_messages/share/cat_messages/environment/path.sh
[2.324s] -- Symlinking: /home/hamilton/souzou/src/install/cat_messages/share/cat_messages/environment/path.dsv
[2.329s] -- Symlinking: /home/hamilton/souzou/src/install/cat_messages/share/cat_messages/local_setup.bash
[2.335s] -- Symlinking: /home/hamilton/souzou/src/install/cat_messages/share/cat_messages/local_setup.sh
[2.340s] -- Symlinking: /home/hamilton/souzou/src/install/cat_messages/share/cat_messages/local_setup.zsh
[2.346s] -- Symlinking: /home/hamilton/souzou/src/install/cat_messages/share/cat_messages/local_setup.dsv
[2.351s] -- Symlinking: /home/hamilton/souzou/src/install/cat_messages/share/cat_messages/package.dsv
[2.357s] -- Symlinking: /home/hamilton/souzou/src/install/cat_messages/share/ament_index/resource_index/packages/cat_messages
[2.362s] -- Symlinking: /home/hamilton/souzou/src/install/cat_messages/share/cat_messages/cmake/rosidl_cmake-extras.cmake
[2.367s] -- Symlinking: /home/hamilton/souzou/src/install/cat_messages/share/cat_messages/cmake/ament_cmake_export_include_directories-extras.cmake
[2.373s] -- Symlinking: /home/hamilton/souzou/src/install/cat_messages/share/cat_messages/cmake/ament_cmake_export_libraries-extras.cmake
[2.378s] -- Symlinking: /home/hamilton/souzou/src/install/cat_messages/share/cat_messages/cmake/ament_cmake_export_targets-extras.cmake
[2.384s] -- Symlinking: /home/hamilton/souzou/src/install/cat_messages/share/cat_messages/cmake/rosidl_cmake_export_typesupport_targets-extras.cmake
[2.391s] -- Symlinking: /home/hamilton/souzou/src/install/cat_messages/share/cat_messages/cmake/ament_cmake_export_dependencies-extras.cmake
[2.396s] -- Symlinking: /home/hamilton/souzou/src/install/cat_messages/share/cat_messages/cmake/rosidl_cmake_export_typesupport_libraries-extras.cmake
[2.401s] -- Symlinking: /home/hamilton/souzou/src/install/cat_messages/share/cat_messages/cmake/cat_messagesConfig.cmake
[2.407s] -- Symlinking: /home/hamilton/souzou/src/install/cat_messages/share/cat_messages/cmake/cat_messagesConfig-version.cmake
[2.412s] -- Symlinking: /home/hamilton/souzou/src/install/cat_messages/share/cat_messages/package.xml
[2.417s] -- Installing: /home/hamilton/souzou/src/install/cat_messages/lib/libcat_messages__rosidl_generator_c.so
[2.417s] -- Set runtime path of "/home/hamilton/souzou/src/install/cat_messages/lib/libcat_messages__rosidl_generator_c.so" to ""
[2.417s] -- Installing: /home/hamilton/souzou/src/install/cat_messages/lib/libcat_messages__rosidl_typesupport_fastrtps_c.so
[2.417s] -- Set runtime path of "/home/hamilton/souzou/src/install/cat_messages/lib/libcat_messages__rosidl_typesupport_fastrtps_c.so" to ""
[2.417s] -- Installing: /home/hamilton/souzou/src/install/cat_messages/lib/libcat_messages__rosidl_typesupport_introspection_c.so
[2.418s] -- Set runtime path of "/home/hamilton/souzou/src/install/cat_messages/lib/libcat_messages__rosidl_typesupport_introspection_c.so" to ""
[2.418s] -- Installing: /home/hamilton/souzou/src/install/cat_messages/lib/libcat_messages__rosidl_typesupport_c.so
[2.418s] -- Set runtime path of "/home/hamilton/souzou/src/install/cat_messages/lib/libcat_messages__rosidl_typesupport_c.so" to ""
[2.418s] -- Installing: /home/hamilton/souzou/src/install/cat_messages/lib/libcat_messages__rosidl_typesupport_fastrtps_cpp.so
[2.418s] -- Set runtime path of "/home/hamilton/souzou/src/install/cat_messages/lib/libcat_messages__rosidl_typesupport_fastrtps_cpp.so" to ""
[2.418s] -- Installing: /home/hamilton/souzou/src/install/cat_messages/lib/libcat_messages__rosidl_typesupport_introspection_cpp.so
[2.418s] -- Set runtime path of "/home/hamilton/souzou/src/install/cat_messages/lib/libcat_messages__rosidl_typesupport_introspection_cpp.so" to ""
[2.418s] -- Installing: /home/hamilton/souzou/src/install/cat_messages/lib/libcat_messages__rosidl_typesupport_cpp.so
[2.418s] -- Set runtime path of "/home/hamilton/souzou/src/install/cat_messages/lib/libcat_messages__rosidl_typesupport_cpp.so" to ""
[2.444s] Listing '/home/hamilton/souzou/src/install/cat_messages/local/lib/python3.10/dist-packages/cat_messages'...
[2.444s] Compiling '/home/hamilton/souzou/src/install/cat_messages/local/lib/python3.10/dist-packages/cat_messages/__init__.py'...
[2.444s] Listing '/home/hamilton/souzou/src/install/cat_messages/local/lib/python3.10/dist-packages/cat_messages/msg'...
[2.444s] Compiling '/home/hamilton/souzou/src/install/cat_messages/local/lib/python3.10/dist-packages/cat_messages/msg/__init__.py'...
[2.444s] Compiling '/home/hamilton/souzou/src/install/cat_messages/local/lib/python3.10/dist-packages/cat_messages/msg/_joy_cat.py'...
[2.447s] -- Installing: /home/hamilton/souzou/src/install/cat_messages/lib/libcat_messages__rosidl_generator_py.so
[2.447s] -- Set runtime path of "/home/hamilton/souzou/src/install/cat_messages/lib/libcat_messages__rosidl_generator_py.so" to ""
[2.447s] -- Installing: /home/hamilton/souzou/src/install/cat_messages/share/cat_messages/cmake/export_cat_messages__rosidl_generator_cExport.cmake
[2.447s] -- Installing: /home/hamilton/souzou/src/install/cat_messages/share/cat_messages/cmake/export_cat_messages__rosidl_generator_cExport-noconfig.cmake
[2.447s] -- Installing: /home/hamilton/souzou/src/install/cat_messages/share/cat_messages/cmake/export_cat_messages__rosidl_typesupport_fastrtps_cExport.cmake
[2.447s] -- Installing: /home/hamilton/souzou/src/install/cat_messages/share/cat_messages/cmake/export_cat_messages__rosidl_typesupport_fastrtps_cExport-noconfig.cmake
[2.447s] -- Installing: /home/hamilton/souzou/src/install/cat_messages/share/cat_messages/cmake/cat_messages__rosidl_typesupport_introspection_cExport.cmake
[2.447s] -- Installing: /home/hamilton/souzou/src/install/cat_messages/share/cat_messages/cmake/cat_messages__rosidl_typesupport_introspection_cExport-noconfig.cmake
[2.447s] -- Installing: /home/hamilton/souzou/src/install/cat_messages/share/cat_messages/cmake/cat_messages__rosidl_typesupport_cExport.cmake
[2.447s] -- Installing: /home/hamilton/souzou/src/install/cat_messages/share/cat_messages/cmake/cat_messages__rosidl_typesupport_cExport-noconfig.cmake
[2.447s] -- Installing: /home/hamilton/souzou/src/install/cat_messages/share/cat_messages/cmake/export_cat_messages__rosidl_generator_cppExport.cmake
[2.448s] -- Installing: /home/hamilton/souzou/src/install/cat_messages/share/cat_messages/cmake/export_cat_messages__rosidl_typesupport_fastrtps_cppExport.cmake
[2.448s] -- Installing: /home/hamilton/souzou/src/install/cat_messages/share/cat_messages/cmake/export_cat_messages__rosidl_typesupport_fastrtps_cppExport-noconfig.cmake
[2.448s] -- Installing: /home/hamilton/souzou/src/install/cat_messages/share/cat_messages/cmake/cat_messages__rosidl_typesupport_introspection_cppExport.cmake
[2.448s] -- Installing: /home/hamilton/souzou/src/install/cat_messages/share/cat_messages/cmake/cat_messages__rosidl_typesupport_introspection_cppExport-noconfig.cmake
[2.448s] -- Installing: /home/hamilton/souzou/src/install/cat_messages/share/cat_messages/cmake/cat_messages__rosidl_typesupport_cppExport.cmake
[2.448s] -- Installing: /home/hamilton/souzou/src/install/cat_messages/share/cat_messages/cmake/cat_messages__rosidl_typesupport_cppExport-noconfig.cmake
[2.448s] -- Installing: /home/hamilton/souzou/src/install/cat_messages/share/cat_messages/cmake/export_cat_messages__rosidl_generator_pyExport.cmake
[2.448s] -- Installing: /home/hamilton/souzou/src/install/cat_messages/share/cat_messages/cmake/export_cat_messages__rosidl_generator_pyExport-noconfig.cmake
[2.450s] Invoked command in '/home/hamilton/souzou/src/build/cat_messages' returned '0': CMAKE_PREFIX_PATH=/home/hamilton/souzou/src/install/cat:/opt/ros/humble /usr/bin/cmake --install /home/hamilton/souzou/src/build/cat_messages
