[0.195s] Invoking command in '/home/hamilton/souzou/build/ros2_aruco_interfaces': CMAKE_PREFIX_PATH=/opt/ros/humble /usr/local/bin/cmake --build /home/hamilton/souzou/build/ros2_aruco_interfaces -- -j8 -l8
[0.216s] [  3%] Built target ros2_aruco_interfaces__cpp
[0.225s] [  3%] Built target ament_cmake_python_symlink_ros2_aruco_interfaces
[0.225s] [ 12%] Built target ros2_aruco_interfaces__rosidl_generator_c
[0.238s] [ 22%] Built target ros2_aruco_interfaces__rosidl_typesupport_introspection_cpp
[0.243s] [ 32%] Built target ros2_aruco_interfaces__rosidl_typesupport_cpp
[0.243s] [ 41%] Built target ros2_aruco_interfaces__rosidl_typesupport_fastrtps_cpp
[0.243s] [ 51%] Built target ros2_aruco_interfaces__rosidl_typesupport_introspection_c
[0.243s] [ 61%] Built target ros2_aruco_interfaces__rosidl_typesupport_fastrtps_c
[0.245s] [ 70%] Built target ros2_aruco_interfaces__rosidl_typesupport_c
[0.259s] [ 70%] Built target ros2_aruco_interfaces
[0.272s] [ 74%] Built target ros2_aruco_interfaces__py
[0.290s] [ 80%] Built target ros2_aruco_interfaces__rosidl_generator_py
[0.307s] [ 93%] Built target ros2_aruco_interfaces__rosidl_typesupport_c__pyext
[0.307s] [ 93%] Built target ros2_aruco_interfaces__rosidl_typesupport_fastrtps_c__pyext
[0.308s] [100%] Built target ros2_aruco_interfaces__rosidl_typesupport_introspection_c__pyext
[0.514s] running egg_info
[0.546s] writing ros2_aruco_interfaces.egg-info/PKG-INFO
[0.546s] writing dependency_links to ros2_aruco_interfaces.egg-info/dependency_links.txt
[0.547s] writing top-level names to ros2_aruco_interfaces.egg-info/top_level.txt
[0.643s] reading manifest file 'ros2_aruco_interfaces.egg-info/SOURCES.txt'
[0.644s] writing manifest file 'ros2_aruco_interfaces.egg-info/SOURCES.txt'
[0.671s] [100%] Built target ament_cmake_python_build_ros2_aruco_interfaces_egg
[0.678s] Invoked command in '/home/hamilton/souzou/build/ros2_aruco_interfaces' returned '0': CMAKE_PREFIX_PATH=/opt/ros/humble /usr/local/bin/cmake --build /home/hamilton/souzou/build/ros2_aruco_interfaces -- -j8 -l8
[0.680s] Invoking command in '/home/hamilton/souzou/build/ros2_aruco_interfaces': CMAKE_PREFIX_PATH=/opt/ros/humble /usr/local/bin/cmake --install /home/hamilton/souzou/build/ros2_aruco_interfaces
[0.684s] -- Install configuration: ""
[0.685s] -- Execute custom install script
[0.685s] -- Up-to-date symlink: /home/hamilton/souzou/install/ros2_aruco_interfaces/share/ament_index/resource_index/rosidl_interfaces/ros2_aruco_interfaces
[0.686s] -- Up-to-date symlink: /home/hamilton/souzou/install/ros2_aruco_interfaces/include/ros2_aruco_interfaces/ros2_aruco_interfaces/msg/aruco_markers.h
[0.686s] -- Up-to-date symlink: /home/hamilton/souzou/install/ros2_aruco_interfaces/include/ros2_aruco_interfaces/ros2_aruco_interfaces/msg/detail/aruco_markers__functions.h
[0.686s] -- Up-to-date symlink: /home/hamilton/souzou/install/ros2_aruco_interfaces/include/ros2_aruco_interfaces/ros2_aruco_interfaces/msg/detail/aruco_markers__struct.h
[0.686s] -- Up-to-date symlink: /home/hamilton/souzou/install/ros2_aruco_interfaces/include/ros2_aruco_interfaces/ros2_aruco_interfaces/msg/detail/aruco_markers__type_support.h
[0.686s] -- Up-to-date symlink: /home/hamilton/souzou/install/ros2_aruco_interfaces/include/ros2_aruco_interfaces/ros2_aruco_interfaces/msg/rosidl_generator_c__visibility_control.h
[0.686s] -- Up-to-date symlink: /home/hamilton/souzou/install/ros2_aruco_interfaces/share/ros2_aruco_interfaces/environment/library_path.sh
[0.686s] -- Up-to-date symlink: /home/hamilton/souzou/install/ros2_aruco_interfaces/share/ros2_aruco_interfaces/environment/library_path.dsv
[0.687s] -- Up-to-date symlink: /home/hamilton/souzou/install/ros2_aruco_interfaces/include/ros2_aruco_interfaces/ros2_aruco_interfaces/msg/detail/aruco_markers__rosidl_typesupport_fastrtps_c.h
[0.687s] -- Up-to-date symlink: /home/hamilton/souzou/install/ros2_aruco_interfaces/include/ros2_aruco_interfaces/ros2_aruco_interfaces/msg/rosidl_typesupport_fastrtps_c__visibility_control.h
[0.688s] -- Up-to-date symlink: /home/hamilton/souzou/install/ros2_aruco_interfaces/include/ros2_aruco_interfaces/ros2_aruco_interfaces/msg/aruco_markers.hpp
[0.688s] -- Up-to-date symlink: /home/hamilton/souzou/install/ros2_aruco_interfaces/include/ros2_aruco_interfaces/ros2_aruco_interfaces/msg/detail/aruco_markers__builder.hpp
[0.688s] -- Up-to-date symlink: /home/hamilton/souzou/install/ros2_aruco_interfaces/include/ros2_aruco_interfaces/ros2_aruco_interfaces/msg/detail/aruco_markers__struct.hpp
[0.688s] -- Up-to-date symlink: /home/hamilton/souzou/install/ros2_aruco_interfaces/include/ros2_aruco_interfaces/ros2_aruco_interfaces/msg/detail/aruco_markers__traits.hpp
[0.688s] -- Up-to-date symlink: /home/hamilton/souzou/install/ros2_aruco_interfaces/include/ros2_aruco_interfaces/ros2_aruco_interfaces/msg/detail/aruco_markers__type_support.hpp
[0.688s] -- Up-to-date symlink: /home/hamilton/souzou/install/ros2_aruco_interfaces/include/ros2_aruco_interfaces/ros2_aruco_interfaces/msg/rosidl_generator_cpp__visibility_control.hpp
[0.689s] -- Up-to-date symlink: /home/hamilton/souzou/install/ros2_aruco_interfaces/include/ros2_aruco_interfaces/ros2_aruco_interfaces/msg/detail/aruco_markers__rosidl_typesupport_fastrtps_cpp.hpp
[0.689s] -- Up-to-date symlink: /home/hamilton/souzou/install/ros2_aruco_interfaces/include/ros2_aruco_interfaces/ros2_aruco_interfaces/msg/rosidl_typesupport_fastrtps_cpp__visibility_control.h
[0.689s] -- Up-to-date symlink: /home/hamilton/souzou/install/ros2_aruco_interfaces/include/ros2_aruco_interfaces/ros2_aruco_interfaces/msg/detail/aruco_markers__rosidl_typesupport_introspection_c.h
[0.689s] -- Up-to-date symlink: /home/hamilton/souzou/install/ros2_aruco_interfaces/include/ros2_aruco_interfaces/ros2_aruco_interfaces/msg/rosidl_typesupport_introspection_c__visibility_control.h
[0.690s] -- Up-to-date symlink: /home/hamilton/souzou/install/ros2_aruco_interfaces/include/ros2_aruco_interfaces/ros2_aruco_interfaces/msg/detail/aruco_markers__rosidl_typesupport_introspection_cpp.hpp
[0.690s] -- Up-to-date symlink: /home/hamilton/souzou/install/ros2_aruco_interfaces/share/ros2_aruco_interfaces/environment/pythonpath.sh
[0.690s] -- Up-to-date symlink: /home/hamilton/souzou/install/ros2_aruco_interfaces/share/ros2_aruco_interfaces/environment/pythonpath.dsv
[0.691s] -- Up-to-date symlink: /home/hamilton/souzou/install/ros2_aruco_interfaces/local/lib/python3.10/dist-packages/ros2_aruco_interfaces-0.1.0-py3.10.egg-info/PKG-INFO
[0.691s] -- Up-to-date symlink: /home/hamilton/souzou/install/ros2_aruco_interfaces/local/lib/python3.10/dist-packages/ros2_aruco_interfaces-0.1.0-py3.10.egg-info/SOURCES.txt
[0.691s] -- Up-to-date symlink: /home/hamilton/souzou/install/ros2_aruco_interfaces/local/lib/python3.10/dist-packages/ros2_aruco_interfaces-0.1.0-py3.10.egg-info/dependency_links.txt
[0.691s] -- Up-to-date symlink: /home/hamilton/souzou/install/ros2_aruco_interfaces/local/lib/python3.10/dist-packages/ros2_aruco_interfaces-0.1.0-py3.10.egg-info/top_level.txt
[0.692s] -- Up-to-date symlink: /home/hamilton/souzou/install/ros2_aruco_interfaces/local/lib/python3.10/dist-packages/ros2_aruco_interfaces/__init__.py
[0.692s] -- Up-to-date symlink: /home/hamilton/souzou/install/ros2_aruco_interfaces/local/lib/python3.10/dist-packages/ros2_aruco_interfaces/_ros2_aruco_interfaces_s.ep.rosidl_typesupport_c.c
[0.692s] -- Up-to-date symlink: /home/hamilton/souzou/install/ros2_aruco_interfaces/local/lib/python3.10/dist-packages/ros2_aruco_interfaces/_ros2_aruco_interfaces_s.ep.rosidl_typesupport_fastrtps_c.c
[0.692s] -- Up-to-date symlink: /home/hamilton/souzou/install/ros2_aruco_interfaces/local/lib/python3.10/dist-packages/ros2_aruco_interfaces/_ros2_aruco_interfaces_s.ep.rosidl_typesupport_introspection_c.c
[0.692s] -- Up-to-date symlink: /home/hamilton/souzou/install/ros2_aruco_interfaces/local/lib/python3.10/dist-packages/ros2_aruco_interfaces/libros2_aruco_interfaces__rosidl_generator_py.so
[0.692s] -- Up-to-date symlink: /home/hamilton/souzou/install/ros2_aruco_interfaces/local/lib/python3.10/dist-packages/ros2_aruco_interfaces/msg/__init__.py
[0.693s] -- Up-to-date symlink: /home/hamilton/souzou/install/ros2_aruco_interfaces/local/lib/python3.10/dist-packages/ros2_aruco_interfaces/msg/_aruco_markers.py
[0.693s] -- Up-to-date symlink: /home/hamilton/souzou/install/ros2_aruco_interfaces/local/lib/python3.10/dist-packages/ros2_aruco_interfaces/msg/_aruco_markers_s.c
[0.693s] -- Up-to-date symlink: /home/hamilton/souzou/install/ros2_aruco_interfaces/local/lib/python3.10/dist-packages/ros2_aruco_interfaces/ros2_aruco_interfaces_s__rosidl_typesupport_c.cpython-310-x86_64-linux-gnu.so
[0.693s] -- Up-to-date symlink: /home/hamilton/souzou/install/ros2_aruco_interfaces/local/lib/python3.10/dist-packages/ros2_aruco_interfaces/ros2_aruco_interfaces_s__rosidl_typesupport_fastrtps_c.cpython-310-x86_64-linux-gnu.so
[0.693s] -- Up-to-date symlink: /home/hamilton/souzou/install/ros2_aruco_interfaces/local/lib/python3.10/dist-packages/ros2_aruco_interfaces/ros2_aruco_interfaces_s__rosidl_typesupport_introspection_c.cpython-310-x86_64-linux-gnu.so
[0.693s] -- Up-to-date symlink: /home/hamilton/souzou/install/ros2_aruco_interfaces/local/lib/python3.10/dist-packages/ros2_aruco_interfaces/ros2_aruco_interfaces_s__rosidl_typesupport_fastrtps_c.cpython-310-x86_64-linux-gnu.so
[0.694s] -- Up-to-date symlink: /home/hamilton/souzou/install/ros2_aruco_interfaces/local/lib/python3.10/dist-packages/ros2_aruco_interfaces/ros2_aruco_interfaces_s__rosidl_typesupport_introspection_c.cpython-310-x86_64-linux-gnu.so
[0.694s] -- Up-to-date symlink: /home/hamilton/souzou/install/ros2_aruco_interfaces/local/lib/python3.10/dist-packages/ros2_aruco_interfaces/ros2_aruco_interfaces_s__rosidl_typesupport_c.cpython-310-x86_64-linux-gnu.so
[0.694s] -- Up-to-date symlink: /home/hamilton/souzou/install/ros2_aruco_interfaces/share/ros2_aruco_interfaces/msg/ArucoMarkers.idl
[0.694s] -- Up-to-date symlink: /home/hamilton/souzou/install/ros2_aruco_interfaces/share/ros2_aruco_interfaces/msg/ArucoMarkers.msg
[0.694s] -- Up-to-date symlink: /home/hamilton/souzou/install/ros2_aruco_interfaces/share/ament_index/resource_index/package_run_dependencies/ros2_aruco_interfaces
[0.694s] -- Up-to-date symlink: /home/hamilton/souzou/install/ros2_aruco_interfaces/share/ament_index/resource_index/parent_prefix_path/ros2_aruco_interfaces
[0.695s] -- Up-to-date symlink: /home/hamilton/souzou/install/ros2_aruco_interfaces/share/ros2_aruco_interfaces/environment/ament_prefix_path.sh
[0.695s] -- Up-to-date symlink: /home/hamilton/souzou/install/ros2_aruco_interfaces/share/ros2_aruco_interfaces/environment/ament_prefix_path.dsv
[0.695s] -- Up-to-date symlink: /home/hamilton/souzou/install/ros2_aruco_interfaces/share/ros2_aruco_interfaces/environment/path.sh
[0.695s] -- Up-to-date symlink: /home/hamilton/souzou/install/ros2_aruco_interfaces/share/ros2_aruco_interfaces/environment/path.dsv
[0.695s] -- Up-to-date symlink: /home/hamilton/souzou/install/ros2_aruco_interfaces/share/ros2_aruco_interfaces/local_setup.bash
[0.696s] -- Up-to-date symlink: /home/hamilton/souzou/install/ros2_aruco_interfaces/share/ros2_aruco_interfaces/local_setup.sh
[0.696s] -- Up-to-date symlink: /home/hamilton/souzou/install/ros2_aruco_interfaces/share/ros2_aruco_interfaces/local_setup.zsh
[0.696s] -- Up-to-date symlink: /home/hamilton/souzou/install/ros2_aruco_interfaces/share/ros2_aruco_interfaces/local_setup.dsv
[0.696s] -- Symlinking: /home/hamilton/souzou/install/ros2_aruco_interfaces/share/ros2_aruco_interfaces/package.dsv
[0.701s] -- Up-to-date symlink: /home/hamilton/souzou/install/ros2_aruco_interfaces/share/ament_index/resource_index/packages/ros2_aruco_interfaces
[0.701s] -- Up-to-date symlink: /home/hamilton/souzou/install/ros2_aruco_interfaces/share/ros2_aruco_interfaces/cmake/rosidl_cmake-extras.cmake
[0.701s] -- Up-to-date symlink: /home/hamilton/souzou/install/ros2_aruco_interfaces/share/ros2_aruco_interfaces/cmake/ament_cmake_export_dependencies-extras.cmake
[0.702s] -- Up-to-date symlink: /home/hamilton/souzou/install/ros2_aruco_interfaces/share/ros2_aruco_interfaces/cmake/ament_cmake_export_include_directories-extras.cmake
[0.702s] -- Up-to-date symlink: /home/hamilton/souzou/install/ros2_aruco_interfaces/share/ros2_aruco_interfaces/cmake/ament_cmake_export_libraries-extras.cmake
[0.702s] -- Up-to-date symlink: /home/hamilton/souzou/install/ros2_aruco_interfaces/share/ros2_aruco_interfaces/cmake/ament_cmake_export_targets-extras.cmake
[0.702s] -- Up-to-date symlink: /home/hamilton/souzou/install/ros2_aruco_interfaces/share/ros2_aruco_interfaces/cmake/rosidl_cmake_export_typesupport_targets-extras.cmake
[0.702s] -- Up-to-date symlink: /home/hamilton/souzou/install/ros2_aruco_interfaces/share/ros2_aruco_interfaces/cmake/rosidl_cmake_export_typesupport_libraries-extras.cmake
[0.703s] -- Up-to-date symlink: /home/hamilton/souzou/install/ros2_aruco_interfaces/share/ros2_aruco_interfaces/cmake/ros2_aruco_interfacesConfig.cmake
[0.703s] -- Up-to-date symlink: /home/hamilton/souzou/install/ros2_aruco_interfaces/share/ros2_aruco_interfaces/cmake/ros2_aruco_interfacesConfig-version.cmake
[0.703s] -- Up-to-date symlink: /home/hamilton/souzou/install/ros2_aruco_interfaces/share/ros2_aruco_interfaces/package.xml
[0.703s] -- Up-to-date: /home/hamilton/souzou/install/ros2_aruco_interfaces/lib/libros2_aruco_interfaces__rosidl_generator_c.so
[0.703s] -- Up-to-date: /home/hamilton/souzou/install/ros2_aruco_interfaces/lib/libros2_aruco_interfaces__rosidl_typesupport_fastrtps_c.so
[0.704s] -- Up-to-date: /home/hamilton/souzou/install/ros2_aruco_interfaces/lib/libros2_aruco_interfaces__rosidl_typesupport_fastrtps_cpp.so
[0.704s] -- Up-to-date: /home/hamilton/souzou/install/ros2_aruco_interfaces/lib/libros2_aruco_interfaces__rosidl_typesupport_introspection_c.so
[0.704s] -- Up-to-date: /home/hamilton/souzou/install/ros2_aruco_interfaces/lib/libros2_aruco_interfaces__rosidl_typesupport_c.so
[0.705s] -- Up-to-date: /home/hamilton/souzou/install/ros2_aruco_interfaces/lib/libros2_aruco_interfaces__rosidl_typesupport_introspection_cpp.so
[0.705s] -- Up-to-date: /home/hamilton/souzou/install/ros2_aruco_interfaces/lib/libros2_aruco_interfaces__rosidl_typesupport_cpp.so
[0.741s] Listing '/home/hamilton/souzou/install/ros2_aruco_interfaces/local/lib/python3.10/dist-packages/ros2_aruco_interfaces'...
[0.741s] Listing '/home/hamilton/souzou/install/ros2_aruco_interfaces/local/lib/python3.10/dist-packages/ros2_aruco_interfaces/msg'...
[0.746s] -- Up-to-date: /home/hamilton/souzou/install/ros2_aruco_interfaces/lib/libros2_aruco_interfaces__rosidl_generator_py.so
[0.746s] -- Up-to-date: /home/hamilton/souzou/install/ros2_aruco_interfaces/share/ros2_aruco_interfaces/cmake/export_ros2_aruco_interfaces__rosidl_generator_cExport.cmake
[0.746s] -- Up-to-date: /home/hamilton/souzou/install/ros2_aruco_interfaces/share/ros2_aruco_interfaces/cmake/export_ros2_aruco_interfaces__rosidl_generator_cExport-noconfig.cmake
[0.746s] -- Up-to-date: /home/hamilton/souzou/install/ros2_aruco_interfaces/share/ros2_aruco_interfaces/cmake/export_ros2_aruco_interfaces__rosidl_typesupport_fastrtps_cExport.cmake
[0.746s] -- Up-to-date: /home/hamilton/souzou/install/ros2_aruco_interfaces/share/ros2_aruco_interfaces/cmake/export_ros2_aruco_interfaces__rosidl_typesupport_fastrtps_cExport-noconfig.cmake
[0.746s] -- Up-to-date: /home/hamilton/souzou/install/ros2_aruco_interfaces/share/ros2_aruco_interfaces/cmake/export_ros2_aruco_interfaces__rosidl_generator_cppExport.cmake
[0.747s] -- Up-to-date: /home/hamilton/souzou/install/ros2_aruco_interfaces/share/ros2_aruco_interfaces/cmake/export_ros2_aruco_interfaces__rosidl_typesupport_fastrtps_cppExport.cmake
[0.747s] -- Up-to-date: /home/hamilton/souzou/install/ros2_aruco_interfaces/share/ros2_aruco_interfaces/cmake/export_ros2_aruco_interfaces__rosidl_typesupport_fastrtps_cppExport-noconfig.cmake
[0.747s] -- Up-to-date: /home/hamilton/souzou/install/ros2_aruco_interfaces/share/ros2_aruco_interfaces/cmake/ros2_aruco_interfaces__rosidl_typesupport_introspection_cExport.cmake
[0.747s] -- Up-to-date: /home/hamilton/souzou/install/ros2_aruco_interfaces/share/ros2_aruco_interfaces/cmake/ros2_aruco_interfaces__rosidl_typesupport_introspection_cExport-noconfig.cmake
[0.747s] -- Up-to-date: /home/hamilton/souzou/install/ros2_aruco_interfaces/share/ros2_aruco_interfaces/cmake/ros2_aruco_interfaces__rosidl_typesupport_cExport.cmake
[0.747s] -- Up-to-date: /home/hamilton/souzou/install/ros2_aruco_interfaces/share/ros2_aruco_interfaces/cmake/ros2_aruco_interfaces__rosidl_typesupport_cExport-noconfig.cmake
[0.747s] -- Up-to-date: /home/hamilton/souzou/install/ros2_aruco_interfaces/share/ros2_aruco_interfaces/cmake/ros2_aruco_interfaces__rosidl_typesupport_introspection_cppExport.cmake
[0.747s] -- Up-to-date: /home/hamilton/souzou/install/ros2_aruco_interfaces/share/ros2_aruco_interfaces/cmake/ros2_aruco_interfaces__rosidl_typesupport_introspection_cppExport-noconfig.cmake
[0.747s] -- Up-to-date: /home/hamilton/souzou/install/ros2_aruco_interfaces/share/ros2_aruco_interfaces/cmake/ros2_aruco_interfaces__rosidl_typesupport_cppExport.cmake
[0.747s] -- Up-to-date: /home/hamilton/souzou/install/ros2_aruco_interfaces/share/ros2_aruco_interfaces/cmake/ros2_aruco_interfaces__rosidl_typesupport_cppExport-noconfig.cmake
[0.747s] -- Up-to-date: /home/hamilton/souzou/install/ros2_aruco_interfaces/share/ros2_aruco_interfaces/cmake/export_ros2_aruco_interfaces__rosidl_generator_pyExport.cmake
[0.748s] -- Up-to-date: /home/hamilton/souzou/install/ros2_aruco_interfaces/share/ros2_aruco_interfaces/cmake/export_ros2_aruco_interfaces__rosidl_generator_pyExport-noconfig.cmake
[0.750s] Invoked command in '/home/hamilton/souzou/build/ros2_aruco_interfaces' returned '0': CMAKE_PREFIX_PATH=/opt/ros/humble /usr/local/bin/cmake --install /home/hamilton/souzou/build/ros2_aruco_interfaces
