[0.377s] Invoking command in '/home/hamilton/souzou/src/cat': PYTHONPATH=/home/hamilton/souzou/src/build/cat/prefix_override:/usr/lib/python3/dist-packages/colcon_core/task/python/colcon_distutils_commands:/home/hamilton/souzou/src/install/cat/lib/python3.10/site-packages:${PYTHONPATH} /usr/bin/python3 -W ignore:setup.py install is deprecated setup.py egg_info --egg-base ../build/cat build --build-base /home/hamilton/souzou/src/build/cat/build install --record /home/hamilton/souzou/src/build/cat/install.log --single-version-externally-managed install_data
[0.506s] running egg_info
[0.506s] creating ../build/cat/cat.egg-info
[0.506s] writing ../build/cat/cat.egg-info/PKG-INFO
[0.506s] writing dependency_links to ../build/cat/cat.egg-info/dependency_links.txt
[0.507s] writing entry points to ../build/cat/cat.egg-info/entry_points.txt
[0.507s] writing requirements to ../build/cat/cat.egg-info/requires.txt
[0.507s] writing top-level names to ../build/cat/cat.egg-info/top_level.txt
[0.507s] writing manifest file '../build/cat/cat.egg-info/SOURCES.txt'
[0.508s] reading manifest file '../build/cat/cat.egg-info/SOURCES.txt'
[0.508s] writing manifest file '../build/cat/cat.egg-info/SOURCES.txt'
[0.508s] running build
[0.508s] running build_py
[0.508s] creating /home/hamilton/souzou/src/build/cat/build
[0.508s] creating /home/hamilton/souzou/src/build/cat/build/lib
[0.508s] creating /home/hamilton/souzou/src/build/cat/build/lib/cat
[0.509s] copying cat/__init__.py -> /home/hamilton/souzou/src/build/cat/build/lib/cat
[0.509s] copying cat/pc_controller.py -> /home/hamilton/souzou/src/build/cat/build/lib/cat
[0.509s] running install
[0.509s] running install_lib
[0.509s] creating /home/hamilton/souzou/src/install/cat/lib/python3.10/site-packages/cat
[0.509s] copying /home/hamilton/souzou/src/build/cat/build/lib/cat/__init__.py -> /home/hamilton/souzou/src/install/cat/lib/python3.10/site-packages/cat
[0.509s] copying /home/hamilton/souzou/src/build/cat/build/lib/cat/pc_controller.py -> /home/hamilton/souzou/src/install/cat/lib/python3.10/site-packages/cat
[0.510s] byte-compiling /home/hamilton/souzou/src/install/cat/lib/python3.10/site-packages/cat/__init__.py to __init__.cpython-310.pyc
[0.510s] byte-compiling /home/hamilton/souzou/src/install/cat/lib/python3.10/site-packages/cat/pc_controller.py to pc_controller.cpython-310.pyc
[0.510s] running install_data
[0.510s] creating /home/hamilton/souzou/src/install/cat/share/ament_index
[0.510s] creating /home/hamilton/souzou/src/install/cat/share/ament_index/resource_index
[0.510s] creating /home/hamilton/souzou/src/install/cat/share/ament_index/resource_index/packages
[0.510s] copying resource/cat -> /home/hamilton/souzou/src/install/cat/share/ament_index/resource_index/packages
[0.510s] copying package.xml -> /home/hamilton/souzou/src/install/cat/share/cat
[0.510s] running install_egg_info
[0.511s] Copying ../build/cat/cat.egg-info to /home/hamilton/souzou/src/install/cat/lib/python3.10/site-packages/cat-0.0.0-py3.10.egg-info
[0.511s] running install_scripts
[0.524s] Installing pc_controller script to /home/hamilton/souzou/src/install/cat/lib/cat
[0.524s] writing list of installed files to '/home/hamilton/souzou/src/build/cat/install.log'
[0.539s] Invoked command in '/home/hamilton/souzou/src/cat' returned '0': PYTHONPATH=/home/hamilton/souzou/src/build/cat/prefix_override:/usr/lib/python3/dist-packages/colcon_core/task/python/colcon_distutils_commands:/home/hamilton/souzou/src/install/cat/lib/python3.10/site-packages:${PYTHONPATH} /usr/bin/python3 -W ignore:setup.py install is deprecated setup.py egg_info --egg-base ../build/cat build --build-base /home/hamilton/souzou/src/build/cat/build install --record /home/hamilton/souzou/src/build/cat/install.log --single-version-externally-managed install_data
