[0.831s] Invoking command in '/home/hamilton/souzou/build/cat': CMAKE_PREFIX_PATH=/home/hamilton/souzou/install/cat_messages:/home/hamilton/souzou/install/ros2_aruco_interfaces LD_LIBRARY_PATH=/home/hamilton/souzou/install/cat_messages/lib:/home/hamilton/souzou/install/ros2_aruco_interfaces/lib:/usr/local/lib:/usr/local/cuda/lib64:/usr/lib/x86_64-linux-gnu/gazebo-11/plugins:/opt/ros/humble/opt/rviz_ogre_vendor/lib:/opt/ros/humble/lib/x86_64-linux-gnu:/opt/ros/humble/opt/openvdb_vendor/lib:/opt/ros/humble/lib:/home/hamilton/miniconda3/envs/base/lib:/usr/share/gazebo/../../lib/x86_64-linux-gnu/gazebo-11/plugins:/usr/local/cuda/lib64 PYTHONPATH=/home/hamilton/souzou/build/cat/prefix_override:/usr/lib/python3/dist-packages/colcon_core/task/python/colcon_distutils_commands:/home/hamilton/souzou/install/cat/lib/python3.10/site-packages:${PYTHONPATH} /usr/bin/python3 -W ignore:setup.py install is deprecated -W ignore:easy_install command is deprecated setup.py develop --editable --build-directory /home/hamilton/souzou/build/cat/build --no-deps symlink_data --force
[0.989s] /home/hamilton/.local/lib/python3.10/site-packages/setuptools/_distutils/dist.py:261: UserWarning: Unknown distribution option: 'tests_require'
[0.990s]   warnings.warn(msg)
[1.168s] running develop
[1.402s] running egg_info
[1.419s] writing cat.egg-info/PKG-INFO
[1.420s] writing dependency_links to cat.egg-info/dependency_links.txt
[1.420s] writing entry points to cat.egg-info/entry_points.txt
[1.420s] writing requirements to cat.egg-info/requires.txt
[1.422s] writing top-level names to cat.egg-info/top_level.txt
[1.462s] reading manifest file 'cat.egg-info/SOURCES.txt'
[1.463s] writing manifest file 'cat.egg-info/SOURCES.txt'
[1.481s] running build_ext
[1.481s] Creating /home/hamilton/souzou/install/cat/lib/python3.10/site-packages/cat.egg-link (link to .)
[1.481s] Installing aruco_node_tf script to /home/hamilton/souzou/install/cat/lib/cat
[1.481s] Installing cam_node script to /home/hamilton/souzou/install/cat/lib/cat
[1.481s] Installing odom_test_node script to /home/hamilton/souzou/install/cat/lib/cat
[1.482s] Installing pc_controller script to /home/hamilton/souzou/install/cat/lib/cat
[1.482s] Installing ps4_controller_node script to /home/hamilton/souzou/install/cat/lib/cat
[1.482s] Installing ps4_joy_node script to /home/hamilton/souzou/install/cat/lib/cat
[1.482s] Installing state_machine script to /home/hamilton/souzou/install/cat/lib/cat
[1.482s] Installing tcp_receive_node script to /home/hamilton/souzou/install/cat/lib/cat
[1.482s] Installing tcp_send_node script to /home/hamilton/souzou/install/cat/lib/cat
[1.482s] Installing udp_receive_node script to /home/hamilton/souzou/install/cat/lib/cat
[1.482s] Installing udp_send_node script to /home/hamilton/souzou/install/cat/lib/cat
[1.482s] 
[1.482s] Installed /home/hamilton/souzou/build/cat
[1.482s] running symlink_data
[1.482s] symbolically linking /home/hamilton/souzou/build/cat/resource/cat -> /home/hamilton/souzou/install/cat/share/ament_index/resource_index/packages
[1.483s] symbolically linking /home/hamilton/souzou/build/cat/package.xml -> /home/hamilton/souzou/install/cat/share/cat
[1.483s] symbolically linking /home/hamilton/souzou/build/cat/launch/cat_launch.py -> /home/hamilton/souzou/install/cat/share/cat/launch
[1.483s] symbolically linking /home/hamilton/souzou/build/cat/launch/__pycache__/cat_launch.cpython-310.pyc -> /home/hamilton/souzou/install/cat/share/cat/launch/__pycache__
[1.509s] Invoked command in '/home/hamilton/souzou/build/cat' returned '0': CMAKE_PREFIX_PATH=/home/hamilton/souzou/install/cat_messages:/home/hamilton/souzou/install/ros2_aruco_interfaces LD_LIBRARY_PATH=/home/hamilton/souzou/install/cat_messages/lib:/home/hamilton/souzou/install/ros2_aruco_interfaces/lib:/usr/local/lib:/usr/local/cuda/lib64:/usr/lib/x86_64-linux-gnu/gazebo-11/plugins:/opt/ros/humble/opt/rviz_ogre_vendor/lib:/opt/ros/humble/lib/x86_64-linux-gnu:/opt/ros/humble/opt/openvdb_vendor/lib:/opt/ros/humble/lib:/home/hamilton/miniconda3/envs/base/lib:/usr/share/gazebo/../../lib/x86_64-linux-gnu/gazebo-11/plugins:/usr/local/cuda/lib64 PYTHONPATH=/home/hamilton/souzou/build/cat/prefix_override:/usr/lib/python3/dist-packages/colcon_core/task/python/colcon_distutils_commands:/home/hamilton/souzou/install/cat/lib/python3.10/site-packages:${PYTHONPATH} /usr/bin/python3 -W ignore:setup.py install is deprecated -W ignore:easy_install command is deprecated setup.py develop --editable --build-directory /home/hamilton/souzou/build/cat/build --no-deps symlink_data --force
