[0.019s] Invoking command in '/home/takumi/souzoukougaku14/src/build/cat_messages': CMAKE_PREFIX_PATH=${CMAKE_PREFIX_PATH}:/home/takumi/souzoukougaku14/src/install/cat:/opt/ros/humble /usr/bin/cmake --build /home/takumi/souzoukougaku14/src/build/cat_messages -- -j8 -l8
[0.068s] -- Found ament_cmake: 1.3.10 (/opt/ros/humble/share/ament_cmake/cmake)
[0.214s] -- Found rosidl_default_generators: 1.2.0 (/opt/ros/humble/share/rosidl_default_generators/cmake)
[0.220s] -- Using all available rosidl_typesupport_c: rosidl_typesupport_fastrtps_c;rosidl_typesupport_introspection_c
[0.224s] -- Found rosidl_adapter: 3.1.5 (/opt/ros/humble/share/rosidl_adapter/cmake)
[0.352s] -- Using all available rosidl_typesupport_cpp: rosidl_typesupport_fastrtps_cpp;rosidl_typesupport_introspection_cpp
[0.587s] -- Found ament_cmake_ros: 0.10.0 (/opt/ros/humble/share/ament_cmake_ros/cmake)
[0.731s] -- Using all available rosidl_typesupport_c: rosidl_typesupport_fastrtps_c;rosidl_typesupport_introspection_c
[0.908s] -- Using all available rosidl_typesupport_cpp: rosidl_typesupport_fastrtps_cpp;rosidl_typesupport_introspection_cpp
[0.928s] -- Found python_cmake_module: 0.10.0 (/opt/ros/humble/share/python_cmake_module/cmake)
[0.949s] -- Using PYTHON_EXECUTABLE: /usr/bin/python3
[0.949s] -- Using PYTHON_INCLUDE_DIRS: /usr/include/python3.10
[0.950s] -- Using PYTHON_LIBRARIES: /usr/lib/x86_64-linux-gnu/libpython3.10.so
[0.961s] -- Found ament_lint_auto: 0.12.11 (/opt/ros/humble/share/ament_lint_auto/cmake)
[0.985s] -- Added test 'lint_cmake' to check CMake code style
[0.986s] -- Added test 'xmllint' to check XML markup files
[0.990s] -- Configuring done
[1.045s] -- Generating done
[1.050s] -- Build files have been written to: /home/takumi/souzoukougaku14/src/build/cat_messages
[1.070s] [  2%] [34m[1mGenerating C code for ROS interfaces[0m
[1.082s] [  4%] [34m[1mGenerating C++ code for ROS interfaces[0m
[1.098s] [  4%] Built target ament_cmake_python_copy_cat_messages
[1.335s] running egg_info
[1.335s] writing cat_messages.egg-info/PKG-INFO
[1.336s] writing dependency_links to cat_messages.egg-info/dependency_links.txt
[1.336s] writing top-level names to cat_messages.egg-info/top_level.txt
[1.338s] reading manifest file 'cat_messages.egg-info/SOURCES.txt'
[1.339s] writing manifest file 'cat_messages.egg-info/SOURCES.txt'
[1.360s] [  4%] Built target ament_cmake_python_build_cat_messages_egg
[1.389s] [  4%] Built target cat_messages__cpp
[1.401s] [  8%] [34m[1mGenerating C++ type support for eProsima Fast-RTPS[0m
[1.401s] [ 10%] [34m[1mGenerating C++ type support dispatch for ROS interfaces[0m
[1.407s] [ 10%] [34m[1mGenerating C++ introspection for ROS interfaces[0m
[1.444s] [35m[1mConsolidate compiler generated dependencies of target cat_messages__rosidl_generator_c[0m
[1.455s] [ 12%] [32mBuilding C object CMakeFiles/cat_messages__rosidl_generator_c.dir/rosidl_generator_c/cat_messages/msg/detail/joy_cat__functions.c.o[0m
[1.458s] [ 14%] [32mBuilding C object CMakeFiles/cat_messages__rosidl_generator_c.dir/rosidl_generator_c/cat_messages/msg/detail/senser__functions.c.o[0m
[1.458s] [ 17%] [32mBuilding C object CMakeFiles/cat_messages__rosidl_generator_c.dir/rosidl_generator_c/cat_messages/msg/detail/vel__functions.c.o[0m
[1.609s] [ 19%] [32m[1mLinking C shared library libcat_messages__rosidl_generator_c.so[0m
[1.705s] [ 19%] Built target cat_messages__rosidl_generator_c
[1.716s] [ 21%] [34m[1mGenerating C type support dispatch for ROS interfaces[0m
[1.717s] [ 23%] [34m[1mGenerating C type support for eProsima Fast-RTPS[0m
[1.719s] [ 25%] [34m[1mGenerating C introspection for ROS interfaces[0m
[1.733s] [35m[1mConsolidate compiler generated dependencies of target cat_messages__rosidl_typesupport_cpp[0m
[1.750s] [ 27%] [32mBuilding CXX object CMakeFiles/cat_messages__rosidl_typesupport_cpp.dir/rosidl_typesupport_cpp/cat_messages/msg/joy_cat__type_support.cpp.o[0m
[1.750s] [ 29%] [32mBuilding CXX object CMakeFiles/cat_messages__rosidl_typesupport_cpp.dir/rosidl_typesupport_cpp/cat_messages/msg/senser__type_support.cpp.o[0m
[1.752s] [ 31%] [32mBuilding CXX object CMakeFiles/cat_messages__rosidl_typesupport_cpp.dir/rosidl_typesupport_cpp/cat_messages/msg/vel__type_support.cpp.o[0m
[1.755s] [35m[1mConsolidate compiler generated dependencies of target cat_messages__rosidl_typesupport_introspection_cpp[0m
[1.769s] [ 34%] [32mBuilding CXX object CMakeFiles/cat_messages__rosidl_typesupport_introspection_cpp.dir/rosidl_typesupport_introspection_cpp/cat_messages/msg/detail/joy_cat__type_support.cpp.o[0m
[1.810s] [35m[1mConsolidate compiler generated dependencies of target cat_messages__rosidl_typesupport_fastrtps_cpp[0m
[1.829s] [ 36%] [32mBuilding CXX object CMakeFiles/cat_messages__rosidl_typesupport_fastrtps_cpp.dir/rosidl_typesupport_fastrtps_cpp/cat_messages/msg/detail/dds_fastrtps/joy_cat__type_support.cpp.o[0m
[2.088s] [35m[1mConsolidate compiler generated dependencies of target cat_messages__rosidl_typesupport_c[0m
[2.103s] [ 38%] [32mBuilding CXX object CMakeFiles/cat_messages__rosidl_typesupport_c.dir/rosidl_typesupport_c/cat_messages/msg/joy_cat__type_support.cpp.o[0m
[2.178s] [ 40%] [32mBuilding CXX object CMakeFiles/cat_messages__rosidl_typesupport_c.dir/rosidl_typesupport_c/cat_messages/msg/senser__type_support.cpp.o[0m
[2.220s] [35m[1mConsolidate compiler generated dependencies of target cat_messages__rosidl_typesupport_introspection_c[0m
[2.220s] [ 42%] [32mBuilding CXX object CMakeFiles/cat_messages__rosidl_typesupport_c.dir/rosidl_typesupport_c/cat_messages/msg/vel__type_support.cpp.o[0m
[2.229s] [ 46%] [32m[1mLinking CXX shared library libcat_messages__rosidl_typesupport_cpp.so[0m
[2.229s] [ 46%] [32mBuilding CXX object CMakeFiles/cat_messages__rosidl_typesupport_fastrtps_cpp.dir/rosidl_typesupport_fastrtps_cpp/cat_messages/msg/detail/dds_fastrtps/senser__type_support.cpp.o[0m
[2.240s] [ 48%] [32mBuilding C object CMakeFiles/cat_messages__rosidl_typesupport_introspection_c.dir/rosidl_typesupport_introspection_c/cat_messages/msg/detail/joy_cat__type_support.c.o[0m
[2.243s] [ 51%] [32mBuilding CXX object CMakeFiles/cat_messages__rosidl_typesupport_introspection_cpp.dir/rosidl_typesupport_introspection_cpp/cat_messages/msg/detail/senser__type_support.cpp.o[0m
[2.251s] [35m[1mConsolidate compiler generated dependencies of target cat_messages__rosidl_typesupport_fastrtps_c[0m
[2.264s] [ 53%] [32m[1mLinking CXX shared library libcat_messages__rosidl_typesupport_c.so[0m
[2.269s] [ 55%] [32mBuilding CXX object CMakeFiles/cat_messages__rosidl_typesupport_fastrtps_c.dir/rosidl_typesupport_fastrtps_c/cat_messages/msg/detail/joy_cat__type_support_c.cpp.o[0m
[2.288s] [ 57%] [32mBuilding C object CMakeFiles/cat_messages__rosidl_typesupport_introspection_c.dir/rosidl_typesupport_introspection_c/cat_messages/msg/detail/senser__type_support.c.o[0m
[2.332s] [ 59%] [32mBuilding C object CMakeFiles/cat_messages__rosidl_typesupport_introspection_c.dir/rosidl_typesupport_introspection_c/cat_messages/msg/detail/vel__type_support.c.o[0m
[2.365s] [ 59%] Built target cat_messages__rosidl_typesupport_cpp
[2.378s] [ 61%] [32mBuilding CXX object CMakeFiles/cat_messages__rosidl_typesupport_fastrtps_c.dir/rosidl_typesupport_fastrtps_c/cat_messages/msg/detail/senser__type_support_c.cpp.o[0m
[2.386s] [ 63%] [32m[1mLinking C shared library libcat_messages__rosidl_typesupport_introspection_c.so[0m
[2.392s] [ 65%] [32mBuilding CXX object CMakeFiles/cat_messages__rosidl_typesupport_fastrtps_c.dir/rosidl_typesupport_fastrtps_c/cat_messages/msg/detail/vel__type_support_c.cpp.o[0m
[2.408s] [ 68%] [32mBuilding CXX object CMakeFiles/cat_messages__rosidl_typesupport_fastrtps_cpp.dir/rosidl_typesupport_fastrtps_cpp/cat_messages/msg/detail/dds_fastrtps/vel__type_support.cpp.o[0m
[2.413s] [ 68%] Built target cat_messages__rosidl_typesupport_c
[2.426s] [ 70%] [32mBuilding CXX object CMakeFiles/cat_messages__rosidl_typesupport_introspection_cpp.dir/rosidl_typesupport_introspection_cpp/cat_messages/msg/detail/vel__type_support.cpp.o[0m
[2.494s] [ 70%] Built target cat_messages__rosidl_typesupport_introspection_c
[2.841s] [ 72%] [32m[1mLinking CXX shared library libcat_messages__rosidl_typesupport_fastrtps_c.so[0m
[2.891s] [ 74%] [32m[1mLinking CXX shared library libcat_messages__rosidl_typesupport_introspection_cpp.so[0m
[2.904s] [ 76%] [32m[1mLinking CXX shared library libcat_messages__rosidl_typesupport_fastrtps_cpp.so[0m
[2.950s] [ 76%] Built target cat_messages__rosidl_typesupport_fastrtps_c
[2.968s] [ 76%] Built target cat_messages__rosidl_typesupport_introspection_cpp
[2.999s] [ 76%] Built target cat_messages__rosidl_typesupport_fastrtps_cpp
[3.017s] [ 76%] Built target cat_messages
[3.036s] [ 78%] [34m[1mGenerating Python code for ROS interfaces[0m
[3.400s] [ 78%] Built target cat_messages__py
[3.409s] [35m[1mConsolidate compiler generated dependencies of target cat_messages__rosidl_generator_py[0m
[3.421s] [ 80%] [32mBuilding C object CMakeFiles/cat_messages__rosidl_generator_py.dir/rosidl_generator_py/cat_messages/msg/_senser_s.c.o[0m
[3.423s] [ 82%] [32mBuilding C object CMakeFiles/cat_messages__rosidl_generator_py.dir/rosidl_generator_py/cat_messages/msg/_joy_cat_s.c.o[0m
[3.423s] [ 85%] [32mBuilding C object CMakeFiles/cat_messages__rosidl_generator_py.dir/rosidl_generator_py/cat_messages/msg/_vel_s.c.o[0m
[3.570s] [ 87%] [32m[1mLinking C shared library rosidl_generator_py/cat_messages/libcat_messages__rosidl_generator_py.so[0m
[3.647s] [ 87%] Built target cat_messages__rosidl_generator_py
[3.660s] [35m[1mConsolidate compiler generated dependencies of target cat_messages__rosidl_typesupport_introspection_c__pyext[0m
[3.660s] [35m[1mConsolidate compiler generated dependencies of target cat_messages__rosidl_typesupport_c__pyext[0m
[3.660s] [35m[1mConsolidate compiler generated dependencies of target cat_messages__rosidl_typesupport_fastrtps_c__pyext[0m
[3.674s] [ 89%] [32mBuilding C object CMakeFiles/cat_messages__rosidl_typesupport_introspection_c__pyext.dir/rosidl_generator_py/cat_messages/_cat_messages_s.ep.rosidl_typesupport_introspection_c.c.o[0m
[3.675s] [ 91%] [32mBuilding C object CMakeFiles/cat_messages__rosidl_typesupport_c__pyext.dir/rosidl_generator_py/cat_messages/_cat_messages_s.ep.rosidl_typesupport_c.c.o[0m
[3.675s] [ 93%] [32mBuilding C object CMakeFiles/cat_messages__rosidl_typesupport_fastrtps_c__pyext.dir/rosidl_generator_py/cat_messages/_cat_messages_s.ep.rosidl_typesupport_fastrtps_c.c.o[0m
[3.804s] [ 95%] [32m[1mLinking C shared library rosidl_generator_py/cat_messages/cat_messages_s__rosidl_typesupport_introspection_c.cpython-310-x86_64-linux-gnu.so[0m
[3.807s] [ 97%] [32m[1mLinking C shared library rosidl_generator_py/cat_messages/cat_messages_s__rosidl_typesupport_c.cpython-310-x86_64-linux-gnu.so[0m
[3.807s] [100%] [32m[1mLinking C shared library rosidl_generator_py/cat_messages/cat_messages_s__rosidl_typesupport_fastrtps_c.cpython-310-x86_64-linux-gnu.so[0m
[3.860s] [100%] Built target cat_messages__rosidl_typesupport_fastrtps_c__pyext
[3.860s] [100%] Built target cat_messages__rosidl_typesupport_introspection_c__pyext
[3.860s] [100%] Built target cat_messages__rosidl_typesupport_c__pyext
[3.870s] Invoked command in '/home/takumi/souzoukougaku14/src/build/cat_messages' returned '0': CMAKE_PREFIX_PATH=${CMAKE_PREFIX_PATH}:/home/takumi/souzoukougaku14/src/install/cat:/opt/ros/humble /usr/bin/cmake --build /home/takumi/souzoukougaku14/src/build/cat_messages -- -j8 -l8
[3.974s] Invoking command in '/home/takumi/souzoukougaku14/src/build/cat_messages': CMAKE_PREFIX_PATH=${CMAKE_PREFIX_PATH}:/home/takumi/souzoukougaku14/src/install/cat:/opt/ros/humble /usr/bin/cmake --install /home/takumi/souzoukougaku14/src/build/cat_messages
[3.980s] -- Install configuration: ""
[3.980s] -- Installing: /home/takumi/souzoukougaku14/src/install/cat_messages/share/ament_index/resource_index/rosidl_interfaces/cat_messages
[3.980s] -- Up-to-date: /home/takumi/souzoukougaku14/src/install/cat_messages/include/cat_messages/cat_messages
[3.980s] -- Up-to-date: /home/takumi/souzoukougaku14/src/install/cat_messages/include/cat_messages/cat_messages/msg
[3.980s] -- Installing: /home/takumi/souzoukougaku14/src/install/cat_messages/include/cat_messages/cat_messages/msg/senser.h
[3.980s] -- Up-to-date: /home/takumi/souzoukougaku14/src/install/cat_messages/include/cat_messages/cat_messages/msg/detail
[3.981s] -- Installing: /home/takumi/souzoukougaku14/src/install/cat_messages/include/cat_messages/cat_messages/msg/detail/senser__type_support.h
[3.981s] -- Installing: /home/takumi/souzoukougaku14/src/install/cat_messages/include/cat_messages/cat_messages/msg/detail/senser__struct.h
[3.981s] -- Installing: /home/takumi/souzoukougaku14/src/install/cat_messages/include/cat_messages/cat_messages/msg/detail/vel__type_support.h
[3.981s] -- Installing: /home/takumi/souzoukougaku14/src/install/cat_messages/include/cat_messages/cat_messages/msg/detail/joy_cat__functions.c
[3.981s] -- Installing: /home/takumi/souzoukougaku14/src/install/cat_messages/include/cat_messages/cat_messages/msg/detail/joy_cat__type_support.h
[3.981s] -- Installing: /home/takumi/souzoukougaku14/src/install/cat_messages/include/cat_messages/cat_messages/msg/detail/joy_cat__struct.h
[3.981s] -- Installing: /home/takumi/souzoukougaku14/src/install/cat_messages/include/cat_messages/cat_messages/msg/detail/vel__functions.c
[3.981s] -- Installing: /home/takumi/souzoukougaku14/src/install/cat_messages/include/cat_messages/cat_messages/msg/detail/vel__functions.h
[3.981s] -- Installing: /home/takumi/souzoukougaku14/src/install/cat_messages/include/cat_messages/cat_messages/msg/detail/senser__functions.h
[3.982s] -- Installing: /home/takumi/souzoukougaku14/src/install/cat_messages/include/cat_messages/cat_messages/msg/detail/joy_cat__functions.h
[3.982s] -- Installing: /home/takumi/souzoukougaku14/src/install/cat_messages/include/cat_messages/cat_messages/msg/detail/senser__functions.c
[3.982s] -- Installing: /home/takumi/souzoukougaku14/src/install/cat_messages/include/cat_messages/cat_messages/msg/detail/vel__struct.h
[3.982s] -- Installing: /home/takumi/souzoukougaku14/src/install/cat_messages/include/cat_messages/cat_messages/msg/vel.h
[3.982s] -- Installing: /home/takumi/souzoukougaku14/src/install/cat_messages/include/cat_messages/cat_messages/msg/joy_cat.h
[3.983s] -- Up-to-date: /home/takumi/souzoukougaku14/src/install/cat_messages/include/cat_messages/cat_messages/msg/rosidl_generator_c__visibility_control.h
[3.983s] -- Up-to-date: /home/takumi/souzoukougaku14/src/install/cat_messages/share/cat_messages/environment/library_path.sh
[3.983s] -- Installing: /home/takumi/souzoukougaku14/src/install/cat_messages/share/cat_messages/environment/library_path.dsv
[3.983s] -- Installing: /home/takumi/souzoukougaku14/src/install/cat_messages/lib/libcat_messages__rosidl_generator_c.so
[3.984s] -- Set runtime path of "/home/takumi/souzoukougaku14/src/install/cat_messages/lib/libcat_messages__rosidl_generator_c.so" to ""
[3.984s] -- Up-to-date: /home/takumi/souzoukougaku14/src/install/cat_messages/include/cat_messages/cat_messages
[3.984s] -- Up-to-date: /home/takumi/souzoukougaku14/src/install/cat_messages/include/cat_messages/cat_messages/msg
[3.984s] -- Up-to-date: /home/takumi/souzoukougaku14/src/install/cat_messages/include/cat_messages/cat_messages/msg/rosidl_typesupport_fastrtps_c__visibility_control.h
[3.984s] -- Up-to-date: /home/takumi/souzoukougaku14/src/install/cat_messages/include/cat_messages/cat_messages/msg/detail
[3.984s] -- Installing: /home/takumi/souzoukougaku14/src/install/cat_messages/include/cat_messages/cat_messages/msg/detail/vel__rosidl_typesupport_fastrtps_c.h
[3.984s] -- Installing: /home/takumi/souzoukougaku14/src/install/cat_messages/include/cat_messages/cat_messages/msg/detail/joy_cat__rosidl_typesupport_fastrtps_c.h
[3.984s] -- Installing: /home/takumi/souzoukougaku14/src/install/cat_messages/include/cat_messages/cat_messages/msg/detail/senser__rosidl_typesupport_fastrtps_c.h
[3.985s] -- Installing: /home/takumi/souzoukougaku14/src/install/cat_messages/lib/libcat_messages__rosidl_typesupport_fastrtps_c.so
[3.985s] -- Set runtime path of "/home/takumi/souzoukougaku14/src/install/cat_messages/lib/libcat_messages__rosidl_typesupport_fastrtps_c.so" to ""
[3.985s] -- Up-to-date: /home/takumi/souzoukougaku14/src/install/cat_messages/include/cat_messages/cat_messages
[3.985s] -- Up-to-date: /home/takumi/souzoukougaku14/src/install/cat_messages/include/cat_messages/cat_messages/msg
[3.985s] -- Up-to-date: /home/takumi/souzoukougaku14/src/install/cat_messages/include/cat_messages/cat_messages/msg/detail
[3.985s] -- Installing: /home/takumi/souzoukougaku14/src/install/cat_messages/include/cat_messages/cat_messages/msg/detail/senser__type_support.c
[3.985s] -- Installing: /home/takumi/souzoukougaku14/src/install/cat_messages/include/cat_messages/cat_messages/msg/detail/vel__rosidl_typesupport_introspection_c.h
[3.985s] -- Installing: /home/takumi/souzoukougaku14/src/install/cat_messages/include/cat_messages/cat_messages/msg/detail/joy_cat__rosidl_typesupport_introspection_c.h
[3.986s] -- Installing: /home/takumi/souzoukougaku14/src/install/cat_messages/include/cat_messages/cat_messages/msg/detail/vel__type_support.c
[3.986s] -- Installing: /home/takumi/souzoukougaku14/src/install/cat_messages/include/cat_messages/cat_messages/msg/detail/joy_cat__type_support.c
[3.986s] -- Installing: /home/takumi/souzoukougaku14/src/install/cat_messages/include/cat_messages/cat_messages/msg/detail/senser__rosidl_typesupport_introspection_c.h
[3.986s] -- Up-to-date: /home/takumi/souzoukougaku14/src/install/cat_messages/include/cat_messages/cat_messages/msg/rosidl_typesupport_introspection_c__visibility_control.h
[3.986s] -- Installing: /home/takumi/souzoukougaku14/src/install/cat_messages/lib/libcat_messages__rosidl_typesupport_introspection_c.so
[3.986s] -- Set runtime path of "/home/takumi/souzoukougaku14/src/install/cat_messages/lib/libcat_messages__rosidl_typesupport_introspection_c.so" to ""
[3.986s] -- Installing: /home/takumi/souzoukougaku14/src/install/cat_messages/lib/libcat_messages__rosidl_typesupport_c.so
[3.987s] -- Set runtime path of "/home/takumi/souzoukougaku14/src/install/cat_messages/lib/libcat_messages__rosidl_typesupport_c.so" to ""
[3.987s] -- Up-to-date: /home/takumi/souzoukougaku14/src/install/cat_messages/include/cat_messages/cat_messages
[3.987s] -- Up-to-date: /home/takumi/souzoukougaku14/src/install/cat_messages/include/cat_messages/cat_messages/msg
[3.987s] -- Installing: /home/takumi/souzoukougaku14/src/install/cat_messages/include/cat_messages/cat_messages/msg/vel.hpp
[3.987s] -- Up-to-date: /home/takumi/souzoukougaku14/src/install/cat_messages/include/cat_messages/cat_messages/msg/detail
[3.987s] -- Installing: /home/takumi/souzoukougaku14/src/install/cat_messages/include/cat_messages/cat_messages/msg/detail/vel__struct.hpp
[3.987s] -- Installing: /home/takumi/souzoukougaku14/src/install/cat_messages/include/cat_messages/cat_messages/msg/detail/joy_cat__struct.hpp
[3.988s] -- Installing: /home/takumi/souzoukougaku14/src/install/cat_messages/include/cat_messages/cat_messages/msg/detail/joy_cat__builder.hpp
[3.988s] -- Installing: /home/takumi/souzoukougaku14/src/install/cat_messages/include/cat_messages/cat_messages/msg/detail/vel__traits.hpp
[3.988s] -- Installing: /home/takumi/souzoukougaku14/src/install/cat_messages/include/cat_messages/cat_messages/msg/detail/joy_cat__traits.hpp
[3.988s] -- Installing: /home/takumi/souzoukougaku14/src/install/cat_messages/include/cat_messages/cat_messages/msg/detail/senser__builder.hpp
[3.988s] -- Installing: /home/takumi/souzoukougaku14/src/install/cat_messages/include/cat_messages/cat_messages/msg/detail/senser__struct.hpp
[3.988s] -- Installing: /home/takumi/souzoukougaku14/src/install/cat_messages/include/cat_messages/cat_messages/msg/detail/vel__builder.hpp
[3.989s] -- Installing: /home/takumi/souzoukougaku14/src/install/cat_messages/include/cat_messages/cat_messages/msg/detail/senser__traits.hpp
[3.989s] -- Installing: /home/takumi/souzoukougaku14/src/install/cat_messages/include/cat_messages/cat_messages/msg/senser.hpp
[3.989s] -- Installing: /home/takumi/souzoukougaku14/src/install/cat_messages/include/cat_messages/cat_messages/msg/joy_cat.hpp
[3.989s] -- Up-to-date: /home/takumi/souzoukougaku14/src/install/cat_messages/include/cat_messages/cat_messages
[3.989s] -- Up-to-date: /home/takumi/souzoukougaku14/src/install/cat_messages/include/cat_messages/cat_messages/msg
[3.990s] -- Up-to-date: /home/takumi/souzoukougaku14/src/install/cat_messages/include/cat_messages/cat_messages/msg/detail
[3.990s] -- Installing: /home/takumi/souzoukougaku14/src/install/cat_messages/include/cat_messages/cat_messages/msg/detail/senser__rosidl_typesupport_fastrtps_cpp.hpp
[3.990s] -- Up-to-date: /home/takumi/souzoukougaku14/src/install/cat_messages/include/cat_messages/cat_messages/msg/detail/dds_fastrtps
[3.990s] -- Installing: /home/takumi/souzoukougaku14/src/install/cat_messages/include/cat_messages/cat_messages/msg/detail/vel__rosidl_typesupport_fastrtps_cpp.hpp
[3.990s] -- Installing: /home/takumi/souzoukougaku14/src/install/cat_messages/include/cat_messages/cat_messages/msg/detail/joy_cat__rosidl_typesupport_fastrtps_cpp.hpp
[3.991s] -- Up-to-date: /home/takumi/souzoukougaku14/src/install/cat_messages/include/cat_messages/cat_messages/msg/rosidl_typesupport_fastrtps_cpp__visibility_control.h
[3.991s] -- Installing: /home/takumi/souzoukougaku14/src/install/cat_messages/lib/libcat_messages__rosidl_typesupport_fastrtps_cpp.so
[3.991s] -- Set runtime path of "/home/takumi/souzoukougaku14/src/install/cat_messages/lib/libcat_messages__rosidl_typesupport_fastrtps_cpp.so" to ""
[3.991s] -- Up-to-date: /home/takumi/souzoukougaku14/src/install/cat_messages/include/cat_messages/cat_messages
[3.991s] -- Up-to-date: /home/takumi/souzoukougaku14/src/install/cat_messages/include/cat_messages/cat_messages/msg
[3.991s] -- Up-to-date: /home/takumi/souzoukougaku14/src/install/cat_messages/include/cat_messages/cat_messages/msg/detail
[3.991s] -- Installing: /home/takumi/souzoukougaku14/src/install/cat_messages/include/cat_messages/cat_messages/msg/detail/senser__rosidl_typesupport_introspection_cpp.hpp
[3.992s] -- Installing: /home/takumi/souzoukougaku14/src/install/cat_messages/include/cat_messages/cat_messages/msg/detail/joy_cat__type_support.cpp
[3.992s] -- Installing: /home/takumi/souzoukougaku14/src/install/cat_messages/include/cat_messages/cat_messages/msg/detail/joy_cat__rosidl_typesupport_introspection_cpp.hpp
[3.992s] -- Installing: /home/takumi/souzoukougaku14/src/install/cat_messages/include/cat_messages/cat_messages/msg/detail/vel__rosidl_typesupport_introspection_cpp.hpp
[3.992s] -- Installing: /home/takumi/souzoukougaku14/src/install/cat_messages/include/cat_messages/cat_messages/msg/detail/senser__type_support.cpp
[3.992s] -- Installing: /home/takumi/souzoukougaku14/src/install/cat_messages/include/cat_messages/cat_messages/msg/detail/vel__type_support.cpp
[3.992s] -- Installing: /home/takumi/souzoukougaku14/src/install/cat_messages/lib/libcat_messages__rosidl_typesupport_introspection_cpp.so
[3.992s] -- Set runtime path of "/home/takumi/souzoukougaku14/src/install/cat_messages/lib/libcat_messages__rosidl_typesupport_introspection_cpp.so" to ""
[3.992s] -- Installing: /home/takumi/souzoukougaku14/src/install/cat_messages/lib/libcat_messages__rosidl_typesupport_cpp.so
[3.993s] -- Set runtime path of "/home/takumi/souzoukougaku14/src/install/cat_messages/lib/libcat_messages__rosidl_typesupport_cpp.so" to ""
[3.993s] -- Up-to-date: /home/takumi/souzoukougaku14/src/install/cat_messages/share/cat_messages/environment/pythonpath.sh
[3.993s] -- Installing: /home/takumi/souzoukougaku14/src/install/cat_messages/share/cat_messages/environment/pythonpath.dsv
[3.994s] -- Up-to-date: /home/takumi/souzoukougaku14/src/install/cat_messages/local/lib/python3.10/dist-packages/cat_messages-0.0.0-py3.10.egg-info
[3.994s] -- Installing: /home/takumi/souzoukougaku14/src/install/cat_messages/local/lib/python3.10/dist-packages/cat_messages-0.0.0-py3.10.egg-info/PKG-INFO
[3.994s] -- Installing: /home/takumi/souzoukougaku14/src/install/cat_messages/local/lib/python3.10/dist-packages/cat_messages-0.0.0-py3.10.egg-info/dependency_links.txt
[3.994s] -- Installing: /home/takumi/souzoukougaku14/src/install/cat_messages/local/lib/python3.10/dist-packages/cat_messages-0.0.0-py3.10.egg-info/top_level.txt
[3.994s] -- Installing: /home/takumi/souzoukougaku14/src/install/cat_messages/local/lib/python3.10/dist-packages/cat_messages-0.0.0-py3.10.egg-info/SOURCES.txt
[3.994s] -- Up-to-date: /home/takumi/souzoukougaku14/src/install/cat_messages/local/lib/python3.10/dist-packages/cat_messages
[3.994s] -- Installing: /home/takumi/souzoukougaku14/src/install/cat_messages/local/lib/python3.10/dist-packages/cat_messages/cat_messages_s__rosidl_typesupport_introspection_c.cpython-310-x86_64-linux-gnu.so
[3.995s] -- Up-to-date: /home/takumi/souzoukougaku14/src/install/cat_messages/local/lib/python3.10/dist-packages/cat_messages/msg
[3.995s] -- Installing: /home/takumi/souzoukougaku14/src/install/cat_messages/local/lib/python3.10/dist-packages/cat_messages/msg/_vel.py
[3.995s] -- Installing: /home/takumi/souzoukougaku14/src/install/cat_messages/local/lib/python3.10/dist-packages/cat_messages/msg/_senser_s.c
[3.995s] -- Installing: /home/takumi/souzoukougaku14/src/install/cat_messages/local/lib/python3.10/dist-packages/cat_messages/msg/_joy_cat_s.c
[3.996s] -- Installing: /home/takumi/souzoukougaku14/src/install/cat_messages/local/lib/python3.10/dist-packages/cat_messages/msg/_vel_s.c
[3.996s] -- Installing: /home/takumi/souzoukougaku14/src/install/cat_messages/local/lib/python3.10/dist-packages/cat_messages/msg/_joy_cat.py
[3.996s] -- Installing: /home/takumi/souzoukougaku14/src/install/cat_messages/local/lib/python3.10/dist-packages/cat_messages/msg/__init__.py
[3.997s] -- Installing: /home/takumi/souzoukougaku14/src/install/cat_messages/local/lib/python3.10/dist-packages/cat_messages/msg/_senser.py
[3.997s] -- Installing: /home/takumi/souzoukougaku14/src/install/cat_messages/local/lib/python3.10/dist-packages/cat_messages/cat_messages_s__rosidl_typesupport_c.cpython-310-x86_64-linux-gnu.so
[3.997s] -- Installing: /home/takumi/souzoukougaku14/src/install/cat_messages/local/lib/python3.10/dist-packages/cat_messages/cat_messages_s__rosidl_typesupport_fastrtps_c.cpython-310-x86_64-linux-gnu.so
[3.997s] -- Installing: /home/takumi/souzoukougaku14/src/install/cat_messages/local/lib/python3.10/dist-packages/cat_messages/_cat_messages_s.ep.rosidl_typesupport_introspection_c.c
[3.997s] -- Installing: /home/takumi/souzoukougaku14/src/install/cat_messages/local/lib/python3.10/dist-packages/cat_messages/_cat_messages_s.ep.rosidl_typesupport_c.c
[3.997s] -- Installing: /home/takumi/souzoukougaku14/src/install/cat_messages/local/lib/python3.10/dist-packages/cat_messages/_cat_messages_s.ep.rosidl_typesupport_fastrtps_c.c
[3.997s] -- Installing: /home/takumi/souzoukougaku14/src/install/cat_messages/local/lib/python3.10/dist-packages/cat_messages/libcat_messages__rosidl_generator_py.so
[3.997s] -- Installing: /home/takumi/souzoukougaku14/src/install/cat_messages/local/lib/python3.10/dist-packages/cat_messages/__init__.py
[4.030s] Listing '/home/takumi/souzoukougaku14/src/install/cat_messages/local/lib/python3.10/dist-packages/cat_messages'...
[4.031s] Compiling '/home/takumi/souzoukougaku14/src/install/cat_messages/local/lib/python3.10/dist-packages/cat_messages/__init__.py'...
[4.031s] Listing '/home/takumi/souzoukougaku14/src/install/cat_messages/local/lib/python3.10/dist-packages/cat_messages/msg'...
[4.031s] Compiling '/home/takumi/souzoukougaku14/src/install/cat_messages/local/lib/python3.10/dist-packages/cat_messages/msg/__init__.py'...
[4.031s] Compiling '/home/takumi/souzoukougaku14/src/install/cat_messages/local/lib/python3.10/dist-packages/cat_messages/msg/_joy_cat.py'...
[4.031s] Compiling '/home/takumi/souzoukougaku14/src/install/cat_messages/local/lib/python3.10/dist-packages/cat_messages/msg/_senser.py'...
[4.031s] Compiling '/home/takumi/souzoukougaku14/src/install/cat_messages/local/lib/python3.10/dist-packages/cat_messages/msg/_vel.py'...
[4.034s] -- Installing: /home/takumi/souzoukougaku14/src/install/cat_messages/local/lib/python3.10/dist-packages/cat_messages/cat_messages_s__rosidl_typesupport_fastrtps_c.cpython-310-x86_64-linux-gnu.so
[4.035s] -- Set runtime path of "/home/takumi/souzoukougaku14/src/install/cat_messages/local/lib/python3.10/dist-packages/cat_messages/cat_messages_s__rosidl_typesupport_fastrtps_c.cpython-310-x86_64-linux-gnu.so" to ""
[4.035s] -- Installing: /home/takumi/souzoukougaku14/src/install/cat_messages/local/lib/python3.10/dist-packages/cat_messages/cat_messages_s__rosidl_typesupport_introspection_c.cpython-310-x86_64-linux-gnu.so
[4.035s] -- Set runtime path of "/home/takumi/souzoukougaku14/src/install/cat_messages/local/lib/python3.10/dist-packages/cat_messages/cat_messages_s__rosidl_typesupport_introspection_c.cpython-310-x86_64-linux-gnu.so" to ""
[4.035s] -- Installing: /home/takumi/souzoukougaku14/src/install/cat_messages/local/lib/python3.10/dist-packages/cat_messages/cat_messages_s__rosidl_typesupport_c.cpython-310-x86_64-linux-gnu.so
[4.035s] -- Set runtime path of "/home/takumi/souzoukougaku14/src/install/cat_messages/local/lib/python3.10/dist-packages/cat_messages/cat_messages_s__rosidl_typesupport_c.cpython-310-x86_64-linux-gnu.so" to ""
[4.036s] -- Installing: /home/takumi/souzoukougaku14/src/install/cat_messages/lib/libcat_messages__rosidl_generator_py.so
[4.036s] -- Set runtime path of "/home/takumi/souzoukougaku14/src/install/cat_messages/lib/libcat_messages__rosidl_generator_py.so" to ""
[4.036s] -- Up-to-date: /home/takumi/souzoukougaku14/src/install/cat_messages/share/cat_messages/msg/JoyCat.idl
[4.036s] -- Up-to-date: /home/takumi/souzoukougaku14/src/install/cat_messages/share/cat_messages/msg/Senser.idl
[4.036s] -- Installing: /home/takumi/souzoukougaku14/src/install/cat_messages/share/cat_messages/msg/Vel.idl
[4.037s] -- Up-to-date: /home/takumi/souzoukougaku14/src/install/cat_messages/share/cat_messages/msg/JoyCat.msg
[4.037s] -- Installing: /home/takumi/souzoukougaku14/src/install/cat_messages/share/cat_messages/msg/Senser.msg
[4.037s] -- Installing: /home/takumi/souzoukougaku14/src/install/cat_messages/share/cat_messages/msg/Vel.msg
[4.037s] -- Up-to-date: /home/takumi/souzoukougaku14/src/install/cat_messages/share/ament_index/resource_index/package_run_dependencies/cat_messages
[4.037s] -- Installing: /home/takumi/souzoukougaku14/src/install/cat_messages/share/ament_index/resource_index/parent_prefix_path/cat_messages
[4.037s] -- Up-to-date: /home/takumi/souzoukougaku14/src/install/cat_messages/share/cat_messages/environment/ament_prefix_path.sh
[4.037s] -- Installing: /home/takumi/souzoukougaku14/src/install/cat_messages/share/cat_messages/environment/ament_prefix_path.dsv
[4.038s] -- Up-to-date: /home/takumi/souzoukougaku14/src/install/cat_messages/share/cat_messages/environment/path.sh
[4.038s] -- Installing: /home/takumi/souzoukougaku14/src/install/cat_messages/share/cat_messages/environment/path.dsv
[4.038s] -- Up-to-date: /home/takumi/souzoukougaku14/src/install/cat_messages/share/cat_messages/local_setup.bash
[4.038s] -- Up-to-date: /home/takumi/souzoukougaku14/src/install/cat_messages/share/cat_messages/local_setup.sh
[4.038s] -- Up-to-date: /home/takumi/souzoukougaku14/src/install/cat_messages/share/cat_messages/local_setup.zsh
[4.038s] -- Installing: /home/takumi/souzoukougaku14/src/install/cat_messages/share/cat_messages/local_setup.dsv
[4.038s] -- Installing: /home/takumi/souzoukougaku14/src/install/cat_messages/share/cat_messages/package.dsv
[4.038s] -- Up-to-date: /home/takumi/souzoukougaku14/src/install/cat_messages/share/ament_index/resource_index/packages/cat_messages
[4.038s] -- Up-to-date: /home/takumi/souzoukougaku14/src/install/cat_messages/share/cat_messages/cmake/export_cat_messages__rosidl_generator_cExport.cmake
[4.039s] -- Up-to-date: /home/takumi/souzoukougaku14/src/install/cat_messages/share/cat_messages/cmake/export_cat_messages__rosidl_generator_cExport-noconfig.cmake
[4.039s] -- Up-to-date: /home/takumi/souzoukougaku14/src/install/cat_messages/share/cat_messages/cmake/export_cat_messages__rosidl_typesupport_fastrtps_cExport.cmake
[4.039s] -- Up-to-date: /home/takumi/souzoukougaku14/src/install/cat_messages/share/cat_messages/cmake/export_cat_messages__rosidl_typesupport_fastrtps_cExport-noconfig.cmake
[4.039s] -- Up-to-date: /home/takumi/souzoukougaku14/src/install/cat_messages/share/cat_messages/cmake/cat_messages__rosidl_typesupport_introspection_cExport.cmake
[4.039s] -- Up-to-date: /home/takumi/souzoukougaku14/src/install/cat_messages/share/cat_messages/cmake/cat_messages__rosidl_typesupport_introspection_cExport-noconfig.cmake
[4.039s] -- Up-to-date: /home/takumi/souzoukougaku14/src/install/cat_messages/share/cat_messages/cmake/cat_messages__rosidl_typesupport_cExport.cmake
[4.039s] -- Up-to-date: /home/takumi/souzoukougaku14/src/install/cat_messages/share/cat_messages/cmake/cat_messages__rosidl_typesupport_cExport-noconfig.cmake
[4.039s] -- Up-to-date: /home/takumi/souzoukougaku14/src/install/cat_messages/share/cat_messages/cmake/export_cat_messages__rosidl_generator_cppExport.cmake
[4.039s] -- Up-to-date: /home/takumi/souzoukougaku14/src/install/cat_messages/share/cat_messages/cmake/export_cat_messages__rosidl_typesupport_fastrtps_cppExport.cmake
[4.039s] -- Up-to-date: /home/takumi/souzoukougaku14/src/install/cat_messages/share/cat_messages/cmake/export_cat_messages__rosidl_typesupport_fastrtps_cppExport-noconfig.cmake
[4.039s] -- Up-to-date: /home/takumi/souzoukougaku14/src/install/cat_messages/share/cat_messages/cmake/cat_messages__rosidl_typesupport_introspection_cppExport.cmake
[4.040s] -- Up-to-date: /home/takumi/souzoukougaku14/src/install/cat_messages/share/cat_messages/cmake/cat_messages__rosidl_typesupport_introspection_cppExport-noconfig.cmake
[4.040s] -- Up-to-date: /home/takumi/souzoukougaku14/src/install/cat_messages/share/cat_messages/cmake/cat_messages__rosidl_typesupport_cppExport.cmake
[4.040s] -- Up-to-date: /home/takumi/souzoukougaku14/src/install/cat_messages/share/cat_messages/cmake/cat_messages__rosidl_typesupport_cppExport-noconfig.cmake
[4.040s] -- Up-to-date: /home/takumi/souzoukougaku14/src/install/cat_messages/share/cat_messages/cmake/export_cat_messages__rosidl_generator_pyExport.cmake
[4.040s] -- Up-to-date: /home/takumi/souzoukougaku14/src/install/cat_messages/share/cat_messages/cmake/export_cat_messages__rosidl_generator_pyExport-noconfig.cmake
[4.040s] -- Installing: /home/takumi/souzoukougaku14/src/install/cat_messages/share/cat_messages/cmake/rosidl_cmake-extras.cmake
[4.040s] -- Up-to-date: /home/takumi/souzoukougaku14/src/install/cat_messages/share/cat_messages/cmake/ament_cmake_export_include_directories-extras.cmake
[4.040s] -- Up-to-date: /home/takumi/souzoukougaku14/src/install/cat_messages/share/cat_messages/cmake/ament_cmake_export_libraries-extras.cmake
[4.040s] -- Up-to-date: /home/takumi/souzoukougaku14/src/install/cat_messages/share/cat_messages/cmake/ament_cmake_export_targets-extras.cmake
[4.041s] -- Up-to-date: /home/takumi/souzoukougaku14/src/install/cat_messages/share/cat_messages/cmake/rosidl_cmake_export_typesupport_targets-extras.cmake
[4.041s] -- Up-to-date: /home/takumi/souzoukougaku14/src/install/cat_messages/share/cat_messages/cmake/ament_cmake_export_dependencies-extras.cmake
[4.041s] -- Up-to-date: /home/takumi/souzoukougaku14/src/install/cat_messages/share/cat_messages/cmake/rosidl_cmake_export_typesupport_libraries-extras.cmake
[4.041s] -- Up-to-date: /home/takumi/souzoukougaku14/src/install/cat_messages/share/cat_messages/cmake/cat_messagesConfig.cmake
[4.041s] -- Up-to-date: /home/takumi/souzoukougaku14/src/install/cat_messages/share/cat_messages/cmake/cat_messagesConfig-version.cmake
[4.041s] -- Installing: /home/takumi/souzoukougaku14/src/install/cat_messages/share/cat_messages/package.xml
[4.042s] Invoked command in '/home/takumi/souzoukougaku14/src/build/cat_messages' returned '0': CMAKE_PREFIX_PATH=${CMAKE_PREFIX_PATH}:/home/takumi/souzoukougaku14/src/install/cat:/opt/ros/humble /usr/bin/cmake --install /home/takumi/souzoukougaku14/src/build/cat_messages
