[0.513s] Invoking command in '/home/hamilton/souzou/build/cat': CMAKE_PREFIX_PATH=/home/hamilton/souzou/install/cat_messages:/home/hamilton/souzou/install/ros2_aruco_interfaces LD_LIBRARY_PATH=/home/hamilton/souzou/install/cat_messages/lib:/home/hamilton/souzou/install/ros2_aruco_interfaces/lib:/usr/lib/x86_64-linux-gnu/gazebo-11/plugins:/opt/ros/humble/opt/rviz_ogre_vendor/lib:/opt/ros/humble/lib/x86_64-linux-gnu:/opt/ros/humble/opt/openvdb_vendor/lib:/opt/ros/humble/lib:/home/hamilton/miniconda3/envs/base/lib:/usr/share/gazebo/../../lib/x86_64-linux-gnu/gazebo-11/plugins PYTHONPATH=/home/hamilton/souzou/build/cat/prefix_override:/usr/lib/python3/dist-packages/colcon_core/task/python/colcon_distutils_commands:/home/hamilton/souzou/install/cat/lib/python3.10/site-packages:${PYTHONPATH} /usr/bin/python3 -W ignore:setup.py install is deprecated -W ignore:easy_install command is deprecated setup.py develop --editable --build-directory /home/hamilton/souzou/build/cat/build --no-deps symlink_data
[0.772s] running develop
[0.950s] running egg_info
[0.950s] writing cat.egg-info/PKG-INFO
[0.950s] writing dependency_links to cat.egg-info/dependency_links.txt
[0.950s] writing entry points to cat.egg-info/entry_points.txt
[0.952s] writing requirements to cat.egg-info/requires.txt
[0.952s] writing top-level names to cat.egg-info/top_level.txt
[0.954s] reading manifest file 'cat.egg-info/SOURCES.txt'
[0.954s] writing manifest file 'cat.egg-info/SOURCES.txt'
[0.955s] running build_ext
[0.956s] Creating /home/hamilton/souzou/install/cat/lib/python3.10/site-packages/cat.egg-link (link to .)
[0.956s] Installing aruco_node_tf script to /home/hamilton/souzou/install/cat/lib/cat
[0.956s] Installing cam_node script to /home/hamilton/souzou/install/cat/lib/cat
[0.956s] Installing odom_test_node script to /home/hamilton/souzou/install/cat/lib/cat
[0.957s] Installing pc_controller script to /home/hamilton/souzou/install/cat/lib/cat
[0.957s] Installing ps4_controller_node script to /home/hamilton/souzou/install/cat/lib/cat
[0.957s] Installing ps4_joy_node script to /home/hamilton/souzou/install/cat/lib/cat
[0.957s] Installing state_machine script to /home/hamilton/souzou/install/cat/lib/cat
[0.957s] Installing tcp_receive_node script to /home/hamilton/souzou/install/cat/lib/cat
[0.957s] Installing tcp_send_node script to /home/hamilton/souzou/install/cat/lib/cat
[0.957s] Installing udp_receive_node script to /home/hamilton/souzou/install/cat/lib/cat
[0.957s] Installing udp_send_node script to /home/hamilton/souzou/install/cat/lib/cat
[0.957s] 
[0.957s] Installed /home/hamilton/souzou/build/cat
[0.958s] running symlink_data
[0.979s] Invoked command in '/home/hamilton/souzou/build/cat' returned '0': CMAKE_PREFIX_PATH=/home/hamilton/souzou/install/cat_messages:/home/hamilton/souzou/install/ros2_aruco_interfaces LD_LIBRARY_PATH=/home/hamilton/souzou/install/cat_messages/lib:/home/hamilton/souzou/install/ros2_aruco_interfaces/lib:/usr/lib/x86_64-linux-gnu/gazebo-11/plugins:/opt/ros/humble/opt/rviz_ogre_vendor/lib:/opt/ros/humble/lib/x86_64-linux-gnu:/opt/ros/humble/opt/openvdb_vendor/lib:/opt/ros/humble/lib:/home/hamilton/miniconda3/envs/base/lib:/usr/share/gazebo/../../lib/x86_64-linux-gnu/gazebo-11/plugins PYTHONPATH=/home/hamilton/souzou/build/cat/prefix_override:/usr/lib/python3/dist-packages/colcon_core/task/python/colcon_distutils_commands:/home/hamilton/souzou/install/cat/lib/python3.10/site-packages:${PYTHONPATH} /usr/bin/python3 -W ignore:setup.py install is deprecated -W ignore:easy_install command is deprecated setup.py develop --editable --build-directory /home/hamilton/souzou/build/cat/build --no-deps symlink_data
