[3.567s] Invoking command in '/home/takumi/souzoukougaku14/src/cat': PYTHONPATH=/home/takumi/souzoukougaku14/src/build/cat/prefix_override:/usr/lib/python3/dist-packages/colcon_core/task/python/colcon_distutils_commands:/home/takumi/souzoukougaku14/src/install/cat/lib/python3.10/site-packages:${PYTHONPATH} /usr/bin/python3 -W ignore:setup.py install is deprecated setup.py egg_info --egg-base ../build/cat build --build-base /home/takumi/souzoukougaku14/src/build/cat/build install --record /home/takumi/souzoukougaku14/src/build/cat/install.log --single-version-externally-managed install_data
[4.725s] running egg_info
[4.726s] writing ../build/cat/cat.egg-info/PKG-INFO
[4.726s] writing dependency_links to ../build/cat/cat.egg-info/dependency_links.txt
[4.727s] writing entry points to ../build/cat/cat.egg-info/entry_points.txt
[4.727s] writing requirements to ../build/cat/cat.egg-info/requires.txt
[4.730s] writing top-level names to ../build/cat/cat.egg-info/top_level.txt
[4.736s] reading manifest file '../build/cat/cat.egg-info/SOURCES.txt'
[4.770s] writing manifest file '../build/cat/cat.egg-info/SOURCES.txt'
[4.770s] running build
[4.771s] running build_py
[4.771s] copying cat/state_machine.py -> /home/takumi/souzoukougaku14/src/build/cat/build/lib/cat
[4.776s] running install
[4.776s] running install_lib
[4.777s] copying /home/takumi/souzoukougaku14/src/build/cat/build/lib/cat/state_machine.py -> /home/takumi/souzoukougaku14/src/install/cat/lib/python3.10/site-packages/cat
[4.784s] byte-compiling /home/takumi/souzoukougaku14/src/install/cat/lib/python3.10/site-packages/cat/state_machine.py to state_machine.cpython-310.pyc
[4.818s] running install_data
[4.839s] running install_egg_info
[4.839s] removing '/home/takumi/souzoukougaku14/src/install/cat/lib/python3.10/site-packages/cat-0.0.0-py3.10.egg-info' (and everything under it)
[4.839s] Copying ../build/cat/cat.egg-info to /home/takumi/souzoukougaku14/src/install/cat/lib/python3.10/site-packages/cat-0.0.0-py3.10.egg-info
[4.843s] running install_scripts
[4.964s] Installing odom_test_node script to /home/takumi/souzoukougaku14/src/install/cat/lib/cat
[4.965s] Installing pc_controller script to /home/takumi/souzoukougaku14/src/install/cat/lib/cat
[4.965s] Installing ps4_controller_node script to /home/takumi/souzoukougaku14/src/install/cat/lib/cat
[4.965s] Installing ps4_joy_node script to /home/takumi/souzoukougaku14/src/install/cat/lib/cat
[4.965s] Installing state_machine script to /home/takumi/souzoukougaku14/src/install/cat/lib/cat
[4.965s] Installing tcp_receive_node script to /home/takumi/souzoukougaku14/src/install/cat/lib/cat
[4.965s] Installing tcp_send_node script to /home/takumi/souzoukougaku14/src/install/cat/lib/cat
[4.965s] Installing udp_receive_node script to /home/takumi/souzoukougaku14/src/install/cat/lib/cat
[4.968s] Installing udp_send_node script to /home/takumi/souzoukougaku14/src/install/cat/lib/cat
[4.968s] writing list of installed files to '/home/takumi/souzoukougaku14/src/build/cat/install.log'
[5.108s] Invoked command in '/home/takumi/souzoukougaku14/src/cat' returned '0': PYTHONPATH=/home/takumi/souzoukougaku14/src/build/cat/prefix_override:/usr/lib/python3/dist-packages/colcon_core/task/python/colcon_distutils_commands:/home/takumi/souzoukougaku14/src/install/cat/lib/python3.10/site-packages:${PYTHONPATH} /usr/bin/python3 -W ignore:setup.py install is deprecated setup.py egg_info --egg-base ../build/cat build --build-base /home/takumi/souzoukougaku14/src/build/cat/build install --record /home/takumi/souzoukougaku14/src/build/cat/install.log --single-version-externally-managed install_data
