[0.007s] Invoking command in '/home/hamilton/souzou/src/build/cat_messages': CMAKE_PREFIX_PATH=/opt/ros/humble CONDA_PROMPT_MODIFIER=(souzou) /usr/bin/cmake /home/hamilton/souzou/src/cat_messages -DCMAKE_INSTALL_PREFIX=/home/hamilton/souzou/src/install/cat_messages
[0.038s] -- Found ament_cmake: 1.3.10 (/opt/ros/humble/share/ament_cmake/cmake)
[0.157s] -- Override CMake install command with custom implementation using symlinks instead of copying resources
[0.180s] -- Found rosidl_default_generators: 1.2.0 (/opt/ros/humble/share/rosidl_default_generators/cmake)
[0.186s] -- Using all available rosidl_typesupport_c: rosidl_typesupport_fastrtps_c;rosidl_typesupport_introspection_c
[0.195s] -- Found rosidl_adapter: 3.1.5 (/opt/ros/humble/share/rosidl_adapter/cmake)
[0.246s] -- Using all available rosidl_typesupport_cpp: rosidl_typesupport_fastrtps_cpp;rosidl_typesupport_introspection_cpp
[0.431s] -- Found ament_cmake_ros: 0.10.0 (/opt/ros/humble/share/ament_cmake_ros/cmake)
[0.582s] -- Using all available rosidl_typesupport_c: rosidl_typesupport_fastrtps_c;rosidl_typesupport_introspection_c
[0.774s] -- Using all available rosidl_typesupport_cpp: rosidl_typesupport_fastrtps_cpp;rosidl_typesupport_introspection_cpp
[0.794s] -- Found python_cmake_module: 0.10.0 (/opt/ros/humble/share/python_cmake_module/cmake)
[0.811s] -- Using PYTHON_EXECUTABLE: /usr/bin/python3
[0.811s] -- Using PYTHON_INCLUDE_DIRS: /usr/include/python3.10
[0.811s] -- Using PYTHON_LIBRARIES: /usr/lib/x86_64-linux-gnu/libpython3.10.so
[0.820s] -- Found ament_lint_auto: 0.12.11 (/opt/ros/humble/share/ament_lint_auto/cmake)
[0.849s] -- Added test 'lint_cmake' to check CMake code style
[0.850s] -- Added test 'xmllint' to check XML markup files
[0.862s] -- Configuring done
[0.902s] -- Generating done
[0.904s] -- Build files have been written to: /home/hamilton/souzou/src/build/cat_messages
[0.908s] Invoked command in '/home/hamilton/souzou/src/build/cat_messages' returned '0': CMAKE_PREFIX_PATH=/opt/ros/humble CONDA_PROMPT_MODIFIER=(souzou) /usr/bin/cmake /home/hamilton/souzou/src/cat_messages -DCMAKE_INSTALL_PREFIX=/home/hamilton/souzou/src/install/cat_messages
[0.909s] Invoking command in '/home/hamilton/souzou/src/build/cat_messages': CMAKE_PREFIX_PATH=/opt/ros/humble CONDA_PROMPT_MODIFIER=(souzou) /usr/bin/cmake --build /home/hamilton/souzou/src/build/cat_messages -- -j16 -l16
[0.947s] [  3%] [34m[1mGenerating C code for ROS interfaces[0m
[0.954s] [  6%] [34m[1mGenerating C++ code for ROS interfaces[0m
[0.962s] [  6%] Built target ament_cmake_python_symlink_cat_messages
[1.089s] running egg_info
[1.089s] writing cat_messages.egg-info/PKG-INFO
[1.089s] writing dependency_links to cat_messages.egg-info/dependency_links.txt
[1.089s] writing top-level names to cat_messages.egg-info/top_level.txt
[1.092s] reading manifest file 'cat_messages.egg-info/SOURCES.txt'
[1.092s] writing manifest file 'cat_messages.egg-info/SOURCES.txt'
[1.096s] [  6%] Built target cat_messages__cpp
[1.096s] [35m[1mConsolidate compiler generated dependencies of target cat_messages__rosidl_generator_c[0m
[1.101s] [  9%] [34m[1mGenerating C++ introspection for ROS interfaces[0m
[1.101s] [ 12%] [34m[1mGenerating C++ type support dispatch for ROS interfaces[0m
[1.103s] [ 16%] [34m[1mGenerating C++ type support for eProsima Fast-RTPS[0m
[1.107s] [ 19%] [32mBuilding C object CMakeFiles/cat_messages__rosidl_generator_c.dir/rosidl_generator_c/cat_messages/msg/detail/joy_cat__functions.c.o[0m
[1.110s] [ 19%] Built target ament_cmake_python_build_cat_messages_egg
[1.229s] [35m[1mConsolidate compiler generated dependencies of target cat_messages__rosidl_typesupport_cpp[0m
[1.236s] [35m[1mConsolidate compiler generated dependencies of target cat_messages__rosidl_typesupport_introspection_cpp[0m
[1.247s] [35m[1mConsolidate compiler generated dependencies of target cat_messages__rosidl_typesupport_fastrtps_cpp[0m
[1.247s] [ 22%] [32mBuilding CXX object CMakeFiles/cat_messages__rosidl_typesupport_cpp.dir/rosidl_typesupport_cpp/cat_messages/msg/joy_cat__type_support.cpp.o[0m
[1.250s] [ 25%] [32mBuilding CXX object CMakeFiles/cat_messages__rosidl_typesupport_introspection_cpp.dir/rosidl_typesupport_introspection_cpp/cat_messages/msg/detail/joy_cat__type_support.cpp.o[0m
[1.255s] [ 29%] [32m[1mLinking C shared library libcat_messages__rosidl_generator_c.so[0m
[1.259s] [ 32%] [32mBuilding CXX object CMakeFiles/cat_messages__rosidl_typesupport_fastrtps_cpp.dir/rosidl_typesupport_fastrtps_cpp/cat_messages/msg/detail/dds_fastrtps/joy_cat__type_support.cpp.o[0m
[1.323s] [ 32%] Built target cat_messages__rosidl_generator_c
[1.335s] [ 35%] [34m[1mGenerating C type support dispatch for ROS interfaces[0m
[1.335s] [ 38%] [34m[1mGenerating C type support for eProsima Fast-RTPS[0m
[1.337s] [ 41%] [34m[1mGenerating C introspection for ROS interfaces[0m
[1.461s] [35m[1mConsolidate compiler generated dependencies of target cat_messages__rosidl_typesupport_c[0m
[1.468s] [ 45%] [32mBuilding CXX object CMakeFiles/cat_messages__rosidl_typesupport_c.dir/rosidl_typesupport_c/cat_messages/msg/joy_cat__type_support.cpp.o[0m
[1.476s] [35m[1mConsolidate compiler generated dependencies of target cat_messages__rosidl_typesupport_introspection_c[0m
[1.482s] [35m[1mConsolidate compiler generated dependencies of target cat_messages__rosidl_typesupport_fastrtps_c[0m
[1.485s] [ 48%] [32mBuilding C object CMakeFiles/cat_messages__rosidl_typesupport_introspection_c.dir/rosidl_typesupport_introspection_c/cat_messages/msg/detail/joy_cat__type_support.c.o[0m
[1.494s] [ 51%] [32mBuilding CXX object CMakeFiles/cat_messages__rosidl_typesupport_fastrtps_c.dir/rosidl_typesupport_fastrtps_c/cat_messages/msg/detail/joy_cat__type_support_c.cpp.o[0m
[1.499s] [ 54%] [32m[1mLinking CXX shared library libcat_messages__rosidl_typesupport_c.so[0m
[1.507s] [ 58%] [32m[1mLinking C shared library libcat_messages__rosidl_typesupport_introspection_c.so[0m
[1.512s] [ 61%] [32m[1mLinking CXX shared library libcat_messages__rosidl_typesupport_cpp.so[0m
[1.525s] [ 61%] Built target cat_messages__rosidl_typesupport_c
[1.530s] [ 61%] Built target cat_messages__rosidl_typesupport_introspection_c
[1.543s] [ 61%] Built target cat_messages__rosidl_typesupport_cpp
[1.572s] [ 64%] [32m[1mLinking CXX shared library libcat_messages__rosidl_typesupport_introspection_cpp.so[0m
[1.575s] [ 67%] [32m[1mLinking CXX shared library libcat_messages__rosidl_typesupport_fastrtps_cpp.so[0m
[1.599s] [ 67%] Built target cat_messages__rosidl_typesupport_introspection_cpp
[1.622s] [ 67%] Built target cat_messages__rosidl_typesupport_fastrtps_cpp
[1.667s] [ 70%] [32m[1mLinking CXX shared library libcat_messages__rosidl_typesupport_fastrtps_c.so[0m
[1.715s] [ 70%] Built target cat_messages__rosidl_typesupport_fastrtps_c
[1.729s] [ 70%] Built target cat_messages
[1.747s] [ 74%] [34m[1mGenerating Python code for ROS interfaces[0m
[1.923s] [ 74%] Built target cat_messages__py
[1.930s] [35m[1mConsolidate compiler generated dependencies of target cat_messages__rosidl_generator_py[0m
[1.940s] [ 77%] [32mBuilding C object CMakeFiles/cat_messages__rosidl_generator_py.dir/rosidl_generator_py/cat_messages/msg/_joy_cat_s.c.o[0m
[2.045s] [ 80%] [32m[1mLinking C shared library rosidl_generator_py/cat_messages/libcat_messages__rosidl_generator_py.so[0m
[2.075s] [ 80%] Built target cat_messages__rosidl_generator_py
[2.081s] [35m[1mConsolidate compiler generated dependencies of target cat_messages__rosidl_typesupport_c__pyext[0m
[2.084s] [35m[1mConsolidate compiler generated dependencies of target cat_messages__rosidl_typesupport_fastrtps_c__pyext[0m
[2.084s] [35m[1mConsolidate compiler generated dependencies of target cat_messages__rosidl_typesupport_introspection_c__pyext[0m
[2.091s] [ 83%] [32mBuilding C object CMakeFiles/cat_messages__rosidl_typesupport_c__pyext.dir/rosidl_generator_py/cat_messages/_cat_messages_s.ep.rosidl_typesupport_c.c.o[0m
[2.094s] [ 87%] [32mBuilding C object CMakeFiles/cat_messages__rosidl_typesupport_fastrtps_c__pyext.dir/rosidl_generator_py/cat_messages/_cat_messages_s.ep.rosidl_typesupport_fastrtps_c.c.o[0m
[2.095s] [ 90%] [32mBuilding C object CMakeFiles/cat_messages__rosidl_typesupport_introspection_c__pyext.dir/rosidl_generator_py/cat_messages/_cat_messages_s.ep.rosidl_typesupport_introspection_c.c.o[0m
[2.141s] [ 93%] [32m[1mLinking C shared library rosidl_generator_py/cat_messages/cat_messages_s__rosidl_typesupport_c.cpython-310-x86_64-linux-gnu.so[0m
[2.145s] [ 96%] [32m[1mLinking C shared library rosidl_generator_py/cat_messages/cat_messages_s__rosidl_typesupport_fastrtps_c.cpython-310-x86_64-linux-gnu.so[0m
[2.145s] [100%] [32m[1mLinking C shared library rosidl_generator_py/cat_messages/cat_messages_s__rosidl_typesupport_introspection_c.cpython-310-x86_64-linux-gnu.so[0m
[2.159s] [100%] Built target cat_messages__rosidl_typesupport_c__pyext
[2.166s] [100%] Built target cat_messages__rosidl_typesupport_fastrtps_c__pyext
[2.166s] [100%] Built target cat_messages__rosidl_typesupport_introspection_c__pyext
[2.174s] Invoked command in '/home/hamilton/souzou/src/build/cat_messages' returned '0': CMAKE_PREFIX_PATH=/opt/ros/humble CONDA_PROMPT_MODIFIER=(souzou) /usr/bin/cmake --build /home/hamilton/souzou/src/build/cat_messages -- -j16 -l16
[2.278s] Invoking command in '/home/hamilton/souzou/src/build/cat_messages': CMAKE_PREFIX_PATH=/opt/ros/humble CONDA_PROMPT_MODIFIER=(souzou) /usr/bin/cmake --install /home/hamilton/souzou/src/build/cat_messages
[2.292s] -- Install configuration: ""
[2.293s] -- Execute custom install script
[2.294s] -- Up-to-date symlink: /home/hamilton/souzou/src/install/cat_messages/share/ament_index/resource_index/rosidl_interfaces/cat_messages
[2.294s] -- Up-to-date symlink: /home/hamilton/souzou/src/install/cat_messages/include/cat_messages/cat_messages/msg/detail/joy_cat__functions.h
[2.294s] -- Up-to-date symlink: /home/hamilton/souzou/src/install/cat_messages/include/cat_messages/cat_messages/msg/detail/joy_cat__struct.h
[2.294s] -- Up-to-date symlink: /home/hamilton/souzou/src/install/cat_messages/include/cat_messages/cat_messages/msg/detail/joy_cat__type_support.h
[2.294s] -- Up-to-date symlink: /home/hamilton/souzou/src/install/cat_messages/include/cat_messages/cat_messages/msg/joy_cat.h
[2.295s] -- Up-to-date symlink: /home/hamilton/souzou/src/install/cat_messages/include/cat_messages/cat_messages/msg/rosidl_generator_c__visibility_control.h
[2.295s] -- Up-to-date symlink: /home/hamilton/souzou/src/install/cat_messages/share/cat_messages/environment/library_path.sh
[2.295s] -- Up-to-date symlink: /home/hamilton/souzou/src/install/cat_messages/share/cat_messages/environment/library_path.dsv
[2.295s] -- Up-to-date symlink: /home/hamilton/souzou/src/install/cat_messages/include/cat_messages/cat_messages/msg/detail/joy_cat__rosidl_typesupport_fastrtps_c.h
[2.295s] -- Up-to-date symlink: /home/hamilton/souzou/src/install/cat_messages/include/cat_messages/cat_messages/msg/rosidl_typesupport_fastrtps_c__visibility_control.h
[2.295s] -- Up-to-date symlink: /home/hamilton/souzou/src/install/cat_messages/include/cat_messages/cat_messages/msg/detail/joy_cat__rosidl_typesupport_introspection_c.h
[2.295s] -- Up-to-date symlink: /home/hamilton/souzou/src/install/cat_messages/include/cat_messages/cat_messages/msg/rosidl_typesupport_introspection_c__visibility_control.h
[2.296s] -- Up-to-date symlink: /home/hamilton/souzou/src/install/cat_messages/include/cat_messages/cat_messages/msg/detail/joy_cat__builder.hpp
[2.296s] -- Up-to-date symlink: /home/hamilton/souzou/src/install/cat_messages/include/cat_messages/cat_messages/msg/detail/joy_cat__struct.hpp
[2.296s] -- Up-to-date symlink: /home/hamilton/souzou/src/install/cat_messages/include/cat_messages/cat_messages/msg/detail/joy_cat__traits.hpp
[2.296s] -- Up-to-date symlink: /home/hamilton/souzou/src/install/cat_messages/include/cat_messages/cat_messages/msg/joy_cat.hpp
[2.296s] -- Up-to-date symlink: /home/hamilton/souzou/src/install/cat_messages/include/cat_messages/cat_messages/msg/detail/joy_cat__rosidl_typesupport_fastrtps_cpp.hpp
[2.296s] -- Up-to-date symlink: /home/hamilton/souzou/src/install/cat_messages/include/cat_messages/cat_messages/msg/rosidl_typesupport_fastrtps_cpp__visibility_control.h
[2.297s] -- Up-to-date symlink: /home/hamilton/souzou/src/install/cat_messages/include/cat_messages/cat_messages/msg/detail/joy_cat__rosidl_typesupport_introspection_cpp.hpp
[2.297s] -- Up-to-date symlink: /home/hamilton/souzou/src/install/cat_messages/share/cat_messages/environment/pythonpath.sh
[2.297s] -- Up-to-date symlink: /home/hamilton/souzou/src/install/cat_messages/share/cat_messages/environment/pythonpath.dsv
[2.297s] -- Up-to-date symlink: /home/hamilton/souzou/src/install/cat_messages/local/lib/python3.10/dist-packages/cat_messages-0.0.0-py3.10.egg-info/PKG-INFO
[2.297s] -- Up-to-date symlink: /home/hamilton/souzou/src/install/cat_messages/local/lib/python3.10/dist-packages/cat_messages-0.0.0-py3.10.egg-info/SOURCES.txt
[2.297s] -- Up-to-date symlink: /home/hamilton/souzou/src/install/cat_messages/local/lib/python3.10/dist-packages/cat_messages-0.0.0-py3.10.egg-info/dependency_links.txt
[2.297s] -- Up-to-date symlink: /home/hamilton/souzou/src/install/cat_messages/local/lib/python3.10/dist-packages/cat_messages-0.0.0-py3.10.egg-info/top_level.txt
[2.297s] -- Up-to-date symlink: /home/hamilton/souzou/src/install/cat_messages/local/lib/python3.10/dist-packages/cat_messages/__init__.py
[2.298s] -- Up-to-date symlink: /home/hamilton/souzou/src/install/cat_messages/local/lib/python3.10/dist-packages/cat_messages/_cat_messages_s.ep.rosidl_typesupport_c.c
[2.298s] -- Up-to-date symlink: /home/hamilton/souzou/src/install/cat_messages/local/lib/python3.10/dist-packages/cat_messages/_cat_messages_s.ep.rosidl_typesupport_fastrtps_c.c
[2.298s] -- Up-to-date symlink: /home/hamilton/souzou/src/install/cat_messages/local/lib/python3.10/dist-packages/cat_messages/_cat_messages_s.ep.rosidl_typesupport_introspection_c.c
[2.298s] -- Up-to-date symlink: /home/hamilton/souzou/src/install/cat_messages/local/lib/python3.10/dist-packages/cat_messages/cat_messages_s__rosidl_typesupport_c.cpython-310-x86_64-linux-gnu.so
[2.298s] -- Up-to-date symlink: /home/hamilton/souzou/src/install/cat_messages/local/lib/python3.10/dist-packages/cat_messages/cat_messages_s__rosidl_typesupport_fastrtps_c.cpython-310-x86_64-linux-gnu.so
[2.298s] -- Up-to-date symlink: /home/hamilton/souzou/src/install/cat_messages/local/lib/python3.10/dist-packages/cat_messages/cat_messages_s__rosidl_typesupport_introspection_c.cpython-310-x86_64-linux-gnu.so
[2.298s] -- Up-to-date symlink: /home/hamilton/souzou/src/install/cat_messages/local/lib/python3.10/dist-packages/cat_messages/libcat_messages__rosidl_generator_py.so
[2.298s] -- Up-to-date symlink: /home/hamilton/souzou/src/install/cat_messages/local/lib/python3.10/dist-packages/cat_messages/msg/__init__.py
[2.298s] -- Up-to-date symlink: /home/hamilton/souzou/src/install/cat_messages/local/lib/python3.10/dist-packages/cat_messages/msg/_joy_cat.py
[2.298s] -- Up-to-date symlink: /home/hamilton/souzou/src/install/cat_messages/local/lib/python3.10/dist-packages/cat_messages/msg/_joy_cat_s.c
[2.298s] -- Up-to-date symlink: /home/hamilton/souzou/src/install/cat_messages/local/lib/python3.10/dist-packages/cat_messages/cat_messages_s__rosidl_typesupport_fastrtps_c.cpython-310-x86_64-linux-gnu.so
[2.298s] -- Up-to-date symlink: /home/hamilton/souzou/src/install/cat_messages/local/lib/python3.10/dist-packages/cat_messages/cat_messages_s__rosidl_typesupport_introspection_c.cpython-310-x86_64-linux-gnu.so
[2.298s] -- Up-to-date symlink: /home/hamilton/souzou/src/install/cat_messages/local/lib/python3.10/dist-packages/cat_messages/cat_messages_s__rosidl_typesupport_c.cpython-310-x86_64-linux-gnu.so
[2.298s] -- Up-to-date symlink: /home/hamilton/souzou/src/install/cat_messages/share/cat_messages/msg/JoyCat.idl
[2.299s] -- Up-to-date symlink: /home/hamilton/souzou/src/install/cat_messages/share/cat_messages/msg/JoyCat.msg
[2.299s] -- Up-to-date symlink: /home/hamilton/souzou/src/install/cat_messages/share/ament_index/resource_index/package_run_dependencies/cat_messages
[2.299s] -- Up-to-date symlink: /home/hamilton/souzou/src/install/cat_messages/share/ament_index/resource_index/parent_prefix_path/cat_messages
[2.299s] -- Up-to-date symlink: /home/hamilton/souzou/src/install/cat_messages/share/cat_messages/environment/ament_prefix_path.sh
[2.299s] -- Up-to-date symlink: /home/hamilton/souzou/src/install/cat_messages/share/cat_messages/environment/ament_prefix_path.dsv
[2.299s] -- Up-to-date symlink: /home/hamilton/souzou/src/install/cat_messages/share/cat_messages/environment/path.sh
[2.299s] -- Up-to-date symlink: /home/hamilton/souzou/src/install/cat_messages/share/cat_messages/environment/path.dsv
[2.299s] -- Up-to-date symlink: /home/hamilton/souzou/src/install/cat_messages/share/cat_messages/local_setup.bash
[2.299s] -- Up-to-date symlink: /home/hamilton/souzou/src/install/cat_messages/share/cat_messages/local_setup.sh
[2.299s] -- Up-to-date symlink: /home/hamilton/souzou/src/install/cat_messages/share/cat_messages/local_setup.zsh
[2.299s] -- Up-to-date symlink: /home/hamilton/souzou/src/install/cat_messages/share/cat_messages/local_setup.dsv
[2.299s] -- Symlinking: /home/hamilton/souzou/src/install/cat_messages/share/cat_messages/package.dsv
[2.306s] -- Up-to-date symlink: /home/hamilton/souzou/src/install/cat_messages/share/ament_index/resource_index/packages/cat_messages
[2.306s] -- Up-to-date symlink: /home/hamilton/souzou/src/install/cat_messages/share/cat_messages/cmake/rosidl_cmake-extras.cmake
[2.306s] -- Up-to-date symlink: /home/hamilton/souzou/src/install/cat_messages/share/cat_messages/cmake/ament_cmake_export_include_directories-extras.cmake
[2.306s] -- Up-to-date symlink: /home/hamilton/souzou/src/install/cat_messages/share/cat_messages/cmake/ament_cmake_export_libraries-extras.cmake
[2.307s] -- Up-to-date symlink: /home/hamilton/souzou/src/install/cat_messages/share/cat_messages/cmake/ament_cmake_export_targets-extras.cmake
[2.307s] -- Up-to-date symlink: /home/hamilton/souzou/src/install/cat_messages/share/cat_messages/cmake/rosidl_cmake_export_typesupport_targets-extras.cmake
[2.307s] -- Up-to-date symlink: /home/hamilton/souzou/src/install/cat_messages/share/cat_messages/cmake/ament_cmake_export_dependencies-extras.cmake
[2.307s] -- Up-to-date symlink: /home/hamilton/souzou/src/install/cat_messages/share/cat_messages/cmake/rosidl_cmake_export_typesupport_libraries-extras.cmake
[2.307s] -- Up-to-date symlink: /home/hamilton/souzou/src/install/cat_messages/share/cat_messages/cmake/cat_messagesConfig.cmake
[2.307s] -- Up-to-date symlink: /home/hamilton/souzou/src/install/cat_messages/share/cat_messages/cmake/cat_messagesConfig-version.cmake
[2.307s] -- Up-to-date symlink: /home/hamilton/souzou/src/install/cat_messages/share/cat_messages/package.xml
[2.310s] -- Installing: /home/hamilton/souzou/src/install/cat_messages/lib/libcat_messages__rosidl_generator_c.so
[2.310s] -- Set runtime path of "/home/hamilton/souzou/src/install/cat_messages/lib/libcat_messages__rosidl_generator_c.so" to ""
[2.311s] -- Installing: /home/hamilton/souzou/src/install/cat_messages/lib/libcat_messages__rosidl_typesupport_fastrtps_c.so
[2.311s] -- Set runtime path of "/home/hamilton/souzou/src/install/cat_messages/lib/libcat_messages__rosidl_typesupport_fastrtps_c.so" to ""
[2.311s] -- Installing: /home/hamilton/souzou/src/install/cat_messages/lib/libcat_messages__rosidl_typesupport_introspection_c.so
[2.311s] -- Set runtime path of "/home/hamilton/souzou/src/install/cat_messages/lib/libcat_messages__rosidl_typesupport_introspection_c.so" to ""
[2.312s] -- Installing: /home/hamilton/souzou/src/install/cat_messages/lib/libcat_messages__rosidl_typesupport_c.so
[2.312s] -- Set runtime path of "/home/hamilton/souzou/src/install/cat_messages/lib/libcat_messages__rosidl_typesupport_c.so" to ""
[2.312s] -- Installing: /home/hamilton/souzou/src/install/cat_messages/lib/libcat_messages__rosidl_typesupport_fastrtps_cpp.so
[2.312s] -- Set runtime path of "/home/hamilton/souzou/src/install/cat_messages/lib/libcat_messages__rosidl_typesupport_fastrtps_cpp.so" to ""
[2.313s] -- Installing: /home/hamilton/souzou/src/install/cat_messages/lib/libcat_messages__rosidl_typesupport_introspection_cpp.so
[2.313s] -- Set runtime path of "/home/hamilton/souzou/src/install/cat_messages/lib/libcat_messages__rosidl_typesupport_introspection_cpp.so" to ""
[2.313s] -- Installing: /home/hamilton/souzou/src/install/cat_messages/lib/libcat_messages__rosidl_typesupport_cpp.so
[2.313s] -- Set runtime path of "/home/hamilton/souzou/src/install/cat_messages/lib/libcat_messages__rosidl_typesupport_cpp.so" to ""
[2.336s] Listing '/home/hamilton/souzou/src/install/cat_messages/local/lib/python3.10/dist-packages/cat_messages'...
[2.336s] Compiling '/home/hamilton/souzou/src/install/cat_messages/local/lib/python3.10/dist-packages/cat_messages/__init__.py'...
[2.336s] Listing '/home/hamilton/souzou/src/install/cat_messages/local/lib/python3.10/dist-packages/cat_messages/msg'...
[2.336s] Compiling '/home/hamilton/souzou/src/install/cat_messages/local/lib/python3.10/dist-packages/cat_messages/msg/__init__.py'...
[2.336s] Compiling '/home/hamilton/souzou/src/install/cat_messages/local/lib/python3.10/dist-packages/cat_messages/msg/_joy_cat.py'...
[2.339s] -- Installing: /home/hamilton/souzou/src/install/cat_messages/lib/libcat_messages__rosidl_generator_py.so
[2.339s] -- Set runtime path of "/home/hamilton/souzou/src/install/cat_messages/lib/libcat_messages__rosidl_generator_py.so" to ""
[2.339s] -- Up-to-date: /home/hamilton/souzou/src/install/cat_messages/share/cat_messages/cmake/export_cat_messages__rosidl_generator_cExport.cmake
[2.339s] -- Up-to-date: /home/hamilton/souzou/src/install/cat_messages/share/cat_messages/cmake/export_cat_messages__rosidl_generator_cExport-noconfig.cmake
[2.339s] -- Up-to-date: /home/hamilton/souzou/src/install/cat_messages/share/cat_messages/cmake/export_cat_messages__rosidl_typesupport_fastrtps_cExport.cmake
[2.339s] -- Up-to-date: /home/hamilton/souzou/src/install/cat_messages/share/cat_messages/cmake/export_cat_messages__rosidl_typesupport_fastrtps_cExport-noconfig.cmake
[2.340s] -- Up-to-date: /home/hamilton/souzou/src/install/cat_messages/share/cat_messages/cmake/cat_messages__rosidl_typesupport_introspection_cExport.cmake
[2.340s] -- Up-to-date: /home/hamilton/souzou/src/install/cat_messages/share/cat_messages/cmake/cat_messages__rosidl_typesupport_introspection_cExport-noconfig.cmake
[2.340s] -- Up-to-date: /home/hamilton/souzou/src/install/cat_messages/share/cat_messages/cmake/cat_messages__rosidl_typesupport_cExport.cmake
[2.340s] -- Up-to-date: /home/hamilton/souzou/src/install/cat_messages/share/cat_messages/cmake/cat_messages__rosidl_typesupport_cExport-noconfig.cmake
[2.340s] -- Up-to-date: /home/hamilton/souzou/src/install/cat_messages/share/cat_messages/cmake/export_cat_messages__rosidl_generator_cppExport.cmake
[2.340s] -- Up-to-date: /home/hamilton/souzou/src/install/cat_messages/share/cat_messages/cmake/export_cat_messages__rosidl_typesupport_fastrtps_cppExport.cmake
[2.340s] -- Up-to-date: /home/hamilton/souzou/src/install/cat_messages/share/cat_messages/cmake/export_cat_messages__rosidl_typesupport_fastrtps_cppExport-noconfig.cmake
[2.340s] -- Up-to-date: /home/hamilton/souzou/src/install/cat_messages/share/cat_messages/cmake/cat_messages__rosidl_typesupport_introspection_cppExport.cmake
[2.340s] -- Up-to-date: /home/hamilton/souzou/src/install/cat_messages/share/cat_messages/cmake/cat_messages__rosidl_typesupport_introspection_cppExport-noconfig.cmake
[2.341s] -- Up-to-date: /home/hamilton/souzou/src/install/cat_messages/share/cat_messages/cmake/cat_messages__rosidl_typesupport_cppExport.cmake
[2.341s] -- Up-to-date: /home/hamilton/souzou/src/install/cat_messages/share/cat_messages/cmake/cat_messages__rosidl_typesupport_cppExport-noconfig.cmake
[2.341s] -- Up-to-date: /home/hamilton/souzou/src/install/cat_messages/share/cat_messages/cmake/export_cat_messages__rosidl_generator_pyExport.cmake
[2.341s] -- Up-to-date: /home/hamilton/souzou/src/install/cat_messages/share/cat_messages/cmake/export_cat_messages__rosidl_generator_pyExport-noconfig.cmake
[2.342s] Invoked command in '/home/hamilton/souzou/src/build/cat_messages' returned '0': CMAKE_PREFIX_PATH=/opt/ros/humble CONDA_PROMPT_MODIFIER=(souzou) /usr/bin/cmake --install /home/hamilton/souzou/src/build/cat_messages
