[0.298s] Invoking command in '/home/hamilton/souzou/src/cat': CONDA_PROMPT_MODIFIER=(souzou) PYTHONPATH=/home/hamilton/souzou/src/build/cat/prefix_override:/usr/lib/python3/dist-packages/colcon_core/task/python/colcon_distutils_commands:/home/hamilton/souzou/src/install/cat/lib/python3.10/site-packages:${PYTHONPATH} /usr/bin/python3 -W ignore:setup.py install is deprecated setup.py egg_info --egg-base ../build/cat build --build-base /home/hamilton/souzou/src/build/cat/build install --record /home/hamilton/souzou/src/build/cat/install.log --single-version-externally-managed install_data
[0.411s] running egg_info
[0.411s] writing ../build/cat/cat.egg-info/PKG-INFO
[0.411s] writing dependency_links to ../build/cat/cat.egg-info/dependency_links.txt
[0.412s] writing entry points to ../build/cat/cat.egg-info/entry_points.txt
[0.412s] writing requirements to ../build/cat/cat.egg-info/requires.txt
[0.414s] writing top-level names to ../build/cat/cat.egg-info/top_level.txt
[0.415s] reading manifest file '../build/cat/cat.egg-info/SOURCES.txt'
[0.415s] writing manifest file '../build/cat/cat.egg-info/SOURCES.txt'
[0.415s] running build
[0.415s] running build_py
[0.415s] copying cat/state_machine.py -> /home/hamilton/souzou/src/build/cat/build/lib/cat
[0.415s] running install
[0.416s] running install_lib
[0.416s] copying /home/hamilton/souzou/src/build/cat/build/lib/cat/state_machine.py -> /home/hamilton/souzou/src/install/cat/lib/python3.10/site-packages/cat
[0.416s] byte-compiling /home/hamilton/souzou/src/install/cat/lib/python3.10/site-packages/cat/state_machine.py to state_machine.cpython-310.pyc
[0.416s] running install_data
[0.416s] running install_egg_info
[0.417s] removing '/home/hamilton/souzou/src/install/cat/lib/python3.10/site-packages/cat-0.0.0-py3.10.egg-info' (and everything under it)
[0.418s] Copying ../build/cat/cat.egg-info to /home/hamilton/souzou/src/install/cat/lib/python3.10/site-packages/cat-0.0.0-py3.10.egg-info
[0.418s] running install_scripts
[0.430s] Installing pc_controller script to /home/hamilton/souzou/src/install/cat/lib/cat
[0.431s] Installing state_machine script to /home/hamilton/souzou/src/install/cat/lib/cat
[0.431s] writing list of installed files to '/home/hamilton/souzou/src/build/cat/install.log'
[0.443s] Invoked command in '/home/hamilton/souzou/src/cat' returned '0': CONDA_PROMPT_MODIFIER=(souzou) PYTHONPATH=/home/hamilton/souzou/src/build/cat/prefix_override:/usr/lib/python3/dist-packages/colcon_core/task/python/colcon_distutils_commands:/home/hamilton/souzou/src/install/cat/lib/python3.10/site-packages:${PYTHONPATH} /usr/bin/python3 -W ignore:setup.py install is deprecated setup.py egg_info --egg-base ../build/cat build --build-base /home/hamilton/souzou/src/build/cat/build install --record /home/hamilton/souzou/src/build/cat/install.log --single-version-externally-managed install_data
