[0.016s] Invoking command in '/home/takumi/souzoukougaku14/src/build/cat_messages': CMAKE_PREFIX_PATH=/opt/ros/humble /usr/bin/cmake /home/takumi/souzoukougaku14/src/cat_messages -DCMAKE_INSTALL_PREFIX=/home/takumi/souzoukougaku14/src/install/cat_messages
[0.274s] -- The C compiler identification is GNU 11.4.0
[0.588s] -- The CXX compiler identification is GNU 11.4.0
[0.748s] -- Detecting C compiler ABI info
[0.860s] -- Detecting C compiler ABI info - done
[0.865s] -- Check for working C compiler: /usr/bin/cc - skipped
[0.866s] -- Detecting C compile features
[0.867s] -- Detecting C compile features - done
[0.871s] -- Detecting CXX compiler ABI info
[0.967s] -- Detecting CXX compiler ABI info - done
[0.972s] -- Check for working CXX compiler: /usr/bin/c++ - skipped
[0.972s] -- Detecting CXX compile features
[0.973s] -- Detecting CXX compile features - done
[1.020s] -- Found ament_cmake: 1.3.10 (/opt/ros/humble/share/ament_cmake/cmake)
[1.142s] -- Found Python3: /usr/bin/python3 (found version "3.10.12") found components: Interpreter 
[1.273s] -- Found rosidl_default_generators: 1.2.0 (/opt/ros/humble/share/rosidl_default_generators/cmake)
[1.283s] -- Using all available rosidl_typesupport_c: rosidl_typesupport_fastrtps_c;rosidl_typesupport_introspection_c
[1.297s] -- Found rosidl_adapter: 3.1.5 (/opt/ros/humble/share/rosidl_adapter/cmake)
[1.449s] -- Using all available rosidl_typesupport_cpp: rosidl_typesupport_fastrtps_cpp;rosidl_typesupport_introspection_cpp
[1.704s] -- Found ament_cmake_ros: 0.10.0 (/opt/ros/humble/share/ament_cmake_ros/cmake)
[1.851s] -- Using all available rosidl_typesupport_c: rosidl_typesupport_fastrtps_c;rosidl_typesupport_introspection_c
[2.027s] -- Using all available rosidl_typesupport_cpp: rosidl_typesupport_fastrtps_cpp;rosidl_typesupport_introspection_cpp
[2.101s] -- Found PythonInterp: /usr/bin/python3 (found suitable version "3.10.12", minimum required is "3.6") 
[2.104s] -- Found python_cmake_module: 0.10.0 (/opt/ros/humble/share/python_cmake_module/cmake)
[2.290s] -- Found PythonLibs: /usr/lib/x86_64-linux-gnu/libpython3.10.so (found suitable version "3.10.12", minimum required is "3.5") 
[2.290s] -- Using PYTHON_EXECUTABLE: /usr/bin/python3
[2.290s] -- Using PYTHON_INCLUDE_DIRS: /usr/include/python3.10
[2.290s] -- Using PYTHON_LIBRARIES: /usr/lib/x86_64-linux-gnu/libpython3.10.so
[2.306s] -- Found PythonExtra: .so  
[2.360s] -- Found ament_lint_auto: 0.12.11 (/opt/ros/humble/share/ament_lint_auto/cmake)
[2.402s] -- Added test 'lint_cmake' to check CMake code style
[2.404s] -- Added test 'xmllint' to check XML markup files
[2.409s] -- Configuring done
[2.462s] -- Generating done
[2.465s] -- Build files have been written to: /home/takumi/souzoukougaku14/src/build/cat_messages
[2.472s] Invoked command in '/home/takumi/souzoukougaku14/src/build/cat_messages' returned '0': CMAKE_PREFIX_PATH=/opt/ros/humble /usr/bin/cmake /home/takumi/souzoukougaku14/src/cat_messages -DCMAKE_INSTALL_PREFIX=/home/takumi/souzoukougaku14/src/install/cat_messages
[2.476s] Invoking command in '/home/takumi/souzoukougaku14/src/build/cat_messages': CMAKE_PREFIX_PATH=/opt/ros/humble /usr/bin/cmake --build /home/takumi/souzoukougaku14/src/build/cat_messages -- -j8 -l8
[2.505s] [  3%] [34m[1mGenerating C code for ROS interfaces[0m
[2.515s] [  6%] [34m[1mGenerating C++ code for ROS interfaces[0m
[2.528s] [  6%] Built target ament_cmake_python_copy_cat_messages
[2.762s] running egg_info
[2.763s] creating cat_messages.egg-info
[2.764s] writing cat_messages.egg-info/PKG-INFO
[2.764s] writing dependency_links to cat_messages.egg-info/dependency_links.txt
[2.764s] writing top-level names to cat_messages.egg-info/top_level.txt
[2.765s] writing manifest file 'cat_messages.egg-info/SOURCES.txt'
[2.768s] [  6%] Built target cat_messages__cpp
[2.768s] reading manifest file 'cat_messages.egg-info/SOURCES.txt'
[2.769s] writing manifest file 'cat_messages.egg-info/SOURCES.txt'
[2.771s] [  9%] [32mBuilding C object CMakeFiles/cat_messages__rosidl_generator_c.dir/rosidl_generator_c/cat_messages/msg/detail/joy_cat__functions.c.o[0m
[2.779s] [ 12%] [34m[1mGenerating C++ introspection for ROS interfaces[0m
[2.779s] [ 19%] [34m[1mGenerating C++ type support for eProsima Fast-RTPS[0m
[2.779s] [ 19%] [34m[1mGenerating C++ type support dispatch for ROS interfaces[0m
[2.800s] [ 19%] Built target ament_cmake_python_build_cat_messages_egg
[2.850s] [ 22%] [32m[1mLinking C shared library libcat_messages__rosidl_generator_c.so[0m
[2.930s] [ 22%] Built target cat_messages__rosidl_generator_c
[2.941s] [ 25%] [34m[1mGenerating C type support for eProsima Fast-RTPS[0m
[2.942s] [ 32%] [34m[1mGenerating C introspection for ROS interfaces[0m
[2.942s] [ 32%] [34m[1mGenerating C type support dispatch for ROS interfaces[0m
[3.018s] [ 35%] [32mBuilding CXX object CMakeFiles/cat_messages__rosidl_typesupport_cpp.dir/rosidl_typesupport_cpp/cat_messages/msg/joy_cat__type_support.cpp.o[0m
[3.061s] [ 38%] [32mBuilding CXX object CMakeFiles/cat_messages__rosidl_typesupport_fastrtps_cpp.dir/rosidl_typesupport_fastrtps_cpp/cat_messages/msg/detail/dds_fastrtps/joy_cat__type_support.cpp.o[0m
[3.063s] [ 41%] [32mBuilding CXX object CMakeFiles/cat_messages__rosidl_typesupport_introspection_cpp.dir/rosidl_typesupport_introspection_cpp/cat_messages/msg/detail/joy_cat__type_support.cpp.o[0m
[3.220s] [ 45%] [32mBuilding CXX object CMakeFiles/cat_messages__rosidl_typesupport_c.dir/rosidl_typesupport_c/cat_messages/msg/joy_cat__type_support.cpp.o[0m
[3.262s] [ 51%] [32mBuilding CXX object CMakeFiles/cat_messages__rosidl_typesupport_fastrtps_c.dir/rosidl_typesupport_fastrtps_c/cat_messages/msg/detail/joy_cat__type_support_c.cpp.o[0m
[3.262s] [ 51%] [32m[1mLinking CXX shared library libcat_messages__rosidl_typesupport_c.so[0m
[3.272s] [ 54%] [32mBuilding C object CMakeFiles/cat_messages__rosidl_typesupport_introspection_c.dir/rosidl_typesupport_introspection_c/cat_messages/msg/detail/joy_cat__type_support.c.o[0m
[3.358s] [ 58%] [32m[1mLinking C shared library libcat_messages__rosidl_typesupport_introspection_c.so[0m
[3.460s] [ 58%] Built target cat_messages__rosidl_typesupport_c
[3.462s] [ 58%] Built target cat_messages__rosidl_typesupport_introspection_c
[3.484s] [ 61%] [32m[1mLinking CXX shared library libcat_messages__rosidl_typesupport_cpp.so[0m
[3.554s] [ 61%] Built target cat_messages__rosidl_typesupport_cpp
[3.578s] [ 64%] [32m[1mLinking CXX shared library libcat_messages__rosidl_typesupport_introspection_cpp.so[0m
[3.661s] [ 64%] Built target cat_messages__rosidl_typesupport_introspection_cpp
[3.661s] [ 67%] [32m[1mLinking CXX shared library libcat_messages__rosidl_typesupport_fastrtps_c.so[0m
[3.661s] [ 70%] [32m[1mLinking CXX shared library libcat_messages__rosidl_typesupport_fastrtps_cpp.so[0m
[3.781s] [ 70%] Built target cat_messages__rosidl_typesupport_fastrtps_c
[3.791s] [ 70%] Built target cat_messages__rosidl_typesupport_fastrtps_cpp
[3.811s] [ 70%] Built target cat_messages
[3.833s] [ 74%] [34m[1mGenerating Python code for ROS interfaces[0m
[4.195s] [ 74%] Built target cat_messages__py
[4.219s] [ 77%] [32mBuilding C object CMakeFiles/cat_messages__rosidl_generator_py.dir/rosidl_generator_py/cat_messages/msg/_joy_cat_s.c.o[0m
[4.394s] [ 80%] [32m[1mLinking C shared library rosidl_generator_py/cat_messages/libcat_messages__rosidl_generator_py.so[0m
[4.466s] [ 80%] Built target cat_messages__rosidl_generator_py
[4.487s] [ 87%] [32mBuilding C object CMakeFiles/cat_messages__rosidl_typesupport_introspection_c__pyext.dir/rosidl_generator_py/cat_messages/_cat_messages_s.ep.rosidl_typesupport_introspection_c.c.o[0m
[4.488s] [ 87%] [32mBuilding C object CMakeFiles/cat_messages__rosidl_typesupport_fastrtps_c__pyext.dir/rosidl_generator_py/cat_messages/_cat_messages_s.ep.rosidl_typesupport_fastrtps_c.c.o[0m
[4.488s] [ 90%] [32mBuilding C object CMakeFiles/cat_messages__rosidl_typesupport_c__pyext.dir/rosidl_generator_py/cat_messages/_cat_messages_s.ep.rosidl_typesupport_c.c.o[0m
[4.573s] [ 93%] [32m[1mLinking C shared library rosidl_generator_py/cat_messages/cat_messages_s__rosidl_typesupport_c.cpython-310-x86_64-linux-gnu.so[0m
[4.576s] [ 96%] [32m[1mLinking C shared library rosidl_generator_py/cat_messages/cat_messages_s__rosidl_typesupport_introspection_c.cpython-310-x86_64-linux-gnu.so[0m
[4.583s] [100%] [32m[1mLinking C shared library rosidl_generator_py/cat_messages/cat_messages_s__rosidl_typesupport_fastrtps_c.cpython-310-x86_64-linux-gnu.so[0m
[4.627s] [100%] Built target cat_messages__rosidl_typesupport_c__pyext
[4.627s] [100%] Built target cat_messages__rosidl_typesupport_introspection_c__pyext
[4.660s] [100%] Built target cat_messages__rosidl_typesupport_fastrtps_c__pyext
[4.672s] Invoked command in '/home/takumi/souzoukougaku14/src/build/cat_messages' returned '0': CMAKE_PREFIX_PATH=/opt/ros/humble /usr/bin/cmake --build /home/takumi/souzoukougaku14/src/build/cat_messages -- -j8 -l8
[4.742s] Invoking command in '/home/takumi/souzoukougaku14/src/build/cat_messages': CMAKE_PREFIX_PATH=/opt/ros/humble /usr/bin/cmake --install /home/takumi/souzoukougaku14/src/build/cat_messages
[4.748s] -- Install configuration: ""
[4.749s] -- Installing: /home/takumi/souzoukougaku14/src/install/cat_messages/share/ament_index/resource_index/rosidl_interfaces/cat_messages
[4.749s] -- Installing: /home/takumi/souzoukougaku14/src/install/cat_messages/include/cat_messages/cat_messages
[4.750s] -- Installing: /home/takumi/souzoukougaku14/src/install/cat_messages/include/cat_messages/cat_messages/msg
[4.750s] -- Installing: /home/takumi/souzoukougaku14/src/install/cat_messages/include/cat_messages/cat_messages/msg/detail
[4.750s] -- Installing: /home/takumi/souzoukougaku14/src/install/cat_messages/include/cat_messages/cat_messages/msg/detail/joy_cat__functions.c
[4.750s] -- Installing: /home/takumi/souzoukougaku14/src/install/cat_messages/include/cat_messages/cat_messages/msg/detail/joy_cat__type_support.h
[4.751s] -- Installing: /home/takumi/souzoukougaku14/src/install/cat_messages/include/cat_messages/cat_messages/msg/detail/joy_cat__struct.h
[4.751s] -- Installing: /home/takumi/souzoukougaku14/src/install/cat_messages/include/cat_messages/cat_messages/msg/detail/joy_cat__functions.h
[4.751s] -- Installing: /home/takumi/souzoukougaku14/src/install/cat_messages/include/cat_messages/cat_messages/msg/joy_cat.h
[4.751s] -- Installing: /home/takumi/souzoukougaku14/src/install/cat_messages/include/cat_messages/cat_messages/msg/rosidl_generator_c__visibility_control.h
[4.751s] -- Installing: /home/takumi/souzoukougaku14/src/install/cat_messages/share/cat_messages/environment/library_path.sh
[4.752s] -- Installing: /home/takumi/souzoukougaku14/src/install/cat_messages/share/cat_messages/environment/library_path.dsv
[4.752s] -- Installing: /home/takumi/souzoukougaku14/src/install/cat_messages/lib/libcat_messages__rosidl_generator_c.so
[4.753s] -- Set runtime path of "/home/takumi/souzoukougaku14/src/install/cat_messages/lib/libcat_messages__rosidl_generator_c.so" to ""
[4.753s] -- Up-to-date: /home/takumi/souzoukougaku14/src/install/cat_messages/include/cat_messages/cat_messages
[4.753s] -- Up-to-date: /home/takumi/souzoukougaku14/src/install/cat_messages/include/cat_messages/cat_messages/msg
[4.753s] -- Installing: /home/takumi/souzoukougaku14/src/install/cat_messages/include/cat_messages/cat_messages/msg/rosidl_typesupport_fastrtps_c__visibility_control.h
[4.753s] -- Up-to-date: /home/takumi/souzoukougaku14/src/install/cat_messages/include/cat_messages/cat_messages/msg/detail
[4.753s] -- Installing: /home/takumi/souzoukougaku14/src/install/cat_messages/include/cat_messages/cat_messages/msg/detail/joy_cat__rosidl_typesupport_fastrtps_c.h
[4.753s] -- Installing: /home/takumi/souzoukougaku14/src/install/cat_messages/lib/libcat_messages__rosidl_typesupport_fastrtps_c.so
[4.754s] -- Set runtime path of "/home/takumi/souzoukougaku14/src/install/cat_messages/lib/libcat_messages__rosidl_typesupport_fastrtps_c.so" to ""
[4.754s] -- Up-to-date: /home/takumi/souzoukougaku14/src/install/cat_messages/include/cat_messages/cat_messages
[4.754s] -- Up-to-date: /home/takumi/souzoukougaku14/src/install/cat_messages/include/cat_messages/cat_messages/msg
[4.754s] -- Up-to-date: /home/takumi/souzoukougaku14/src/install/cat_messages/include/cat_messages/cat_messages/msg/detail
[4.754s] -- Installing: /home/takumi/souzoukougaku14/src/install/cat_messages/include/cat_messages/cat_messages/msg/detail/joy_cat__rosidl_typesupport_introspection_c.h
[4.754s] -- Installing: /home/takumi/souzoukougaku14/src/install/cat_messages/include/cat_messages/cat_messages/msg/detail/joy_cat__type_support.c
[4.754s] -- Installing: /home/takumi/souzoukougaku14/src/install/cat_messages/include/cat_messages/cat_messages/msg/rosidl_typesupport_introspection_c__visibility_control.h
[4.754s] -- Installing: /home/takumi/souzoukougaku14/src/install/cat_messages/lib/libcat_messages__rosidl_typesupport_introspection_c.so
[4.755s] -- Set runtime path of "/home/takumi/souzoukougaku14/src/install/cat_messages/lib/libcat_messages__rosidl_typesupport_introspection_c.so" to ""
[4.755s] -- Installing: /home/takumi/souzoukougaku14/src/install/cat_messages/lib/libcat_messages__rosidl_typesupport_c.so
[4.755s] -- Set runtime path of "/home/takumi/souzoukougaku14/src/install/cat_messages/lib/libcat_messages__rosidl_typesupport_c.so" to ""
[4.755s] -- Up-to-date: /home/takumi/souzoukougaku14/src/install/cat_messages/include/cat_messages/cat_messages
[4.756s] -- Up-to-date: /home/takumi/souzoukougaku14/src/install/cat_messages/include/cat_messages/cat_messages/msg
[4.756s] -- Up-to-date: /home/takumi/souzoukougaku14/src/install/cat_messages/include/cat_messages/cat_messages/msg/detail
[4.756s] -- Installing: /home/takumi/souzoukougaku14/src/install/cat_messages/include/cat_messages/cat_messages/msg/detail/joy_cat__struct.hpp
[4.756s] -- Installing: /home/takumi/souzoukougaku14/src/install/cat_messages/include/cat_messages/cat_messages/msg/detail/joy_cat__builder.hpp
[4.756s] -- Installing: /home/takumi/souzoukougaku14/src/install/cat_messages/include/cat_messages/cat_messages/msg/detail/joy_cat__traits.hpp
[4.757s] -- Installing: /home/takumi/souzoukougaku14/src/install/cat_messages/include/cat_messages/cat_messages/msg/joy_cat.hpp
[4.757s] -- Up-to-date: /home/takumi/souzoukougaku14/src/install/cat_messages/include/cat_messages/cat_messages
[4.757s] -- Up-to-date: /home/takumi/souzoukougaku14/src/install/cat_messages/include/cat_messages/cat_messages/msg
[4.757s] -- Up-to-date: /home/takumi/souzoukougaku14/src/install/cat_messages/include/cat_messages/cat_messages/msg/detail
[4.757s] -- Installing: /home/takumi/souzoukougaku14/src/install/cat_messages/include/cat_messages/cat_messages/msg/detail/dds_fastrtps
[4.757s] -- Installing: /home/takumi/souzoukougaku14/src/install/cat_messages/include/cat_messages/cat_messages/msg/detail/joy_cat__rosidl_typesupport_fastrtps_cpp.hpp
[4.757s] -- Installing: /home/takumi/souzoukougaku14/src/install/cat_messages/include/cat_messages/cat_messages/msg/rosidl_typesupport_fastrtps_cpp__visibility_control.h
[4.757s] -- Installing: /home/takumi/souzoukougaku14/src/install/cat_messages/lib/libcat_messages__rosidl_typesupport_fastrtps_cpp.so
[4.758s] -- Set runtime path of "/home/takumi/souzoukougaku14/src/install/cat_messages/lib/libcat_messages__rosidl_typesupport_fastrtps_cpp.so" to ""
[4.758s] -- Up-to-date: /home/takumi/souzoukougaku14/src/install/cat_messages/include/cat_messages/cat_messages
[4.758s] -- Up-to-date: /home/takumi/souzoukougaku14/src/install/cat_messages/include/cat_messages/cat_messages/msg
[4.758s] -- Up-to-date: /home/takumi/souzoukougaku14/src/install/cat_messages/include/cat_messages/cat_messages/msg/detail
[4.758s] -- Installing: /home/takumi/souzoukougaku14/src/install/cat_messages/include/cat_messages/cat_messages/msg/detail/joy_cat__type_support.cpp
[4.758s] -- Installing: /home/takumi/souzoukougaku14/src/install/cat_messages/include/cat_messages/cat_messages/msg/detail/joy_cat__rosidl_typesupport_introspection_cpp.hpp
[4.758s] -- Installing: /home/takumi/souzoukougaku14/src/install/cat_messages/lib/libcat_messages__rosidl_typesupport_introspection_cpp.so
[4.759s] -- Set runtime path of "/home/takumi/souzoukougaku14/src/install/cat_messages/lib/libcat_messages__rosidl_typesupport_introspection_cpp.so" to ""
[4.759s] -- Installing: /home/takumi/souzoukougaku14/src/install/cat_messages/lib/libcat_messages__rosidl_typesupport_cpp.so
[4.759s] -- Set runtime path of "/home/takumi/souzoukougaku14/src/install/cat_messages/lib/libcat_messages__rosidl_typesupport_cpp.so" to ""
[4.759s] -- Installing: /home/takumi/souzoukougaku14/src/install/cat_messages/share/cat_messages/environment/pythonpath.sh
[4.759s] -- Installing: /home/takumi/souzoukougaku14/src/install/cat_messages/share/cat_messages/environment/pythonpath.dsv
[4.759s] -- Installing: /home/takumi/souzoukougaku14/src/install/cat_messages/local/lib/python3.10/dist-packages/cat_messages-0.0.0-py3.10.egg-info
[4.760s] -- Installing: /home/takumi/souzoukougaku14/src/install/cat_messages/local/lib/python3.10/dist-packages/cat_messages-0.0.0-py3.10.egg-info/PKG-INFO
[4.760s] -- Installing: /home/takumi/souzoukougaku14/src/install/cat_messages/local/lib/python3.10/dist-packages/cat_messages-0.0.0-py3.10.egg-info/dependency_links.txt
[4.760s] -- Installing: /home/takumi/souzoukougaku14/src/install/cat_messages/local/lib/python3.10/dist-packages/cat_messages-0.0.0-py3.10.egg-info/top_level.txt
[4.760s] -- Installing: /home/takumi/souzoukougaku14/src/install/cat_messages/local/lib/python3.10/dist-packages/cat_messages-0.0.0-py3.10.egg-info/SOURCES.txt
[4.760s] -- Installing: /home/takumi/souzoukougaku14/src/install/cat_messages/local/lib/python3.10/dist-packages/cat_messages
[4.760s] -- Installing: /home/takumi/souzoukougaku14/src/install/cat_messages/local/lib/python3.10/dist-packages/cat_messages/cat_messages_s__rosidl_typesupport_introspection_c.cpython-310-x86_64-linux-gnu.so
[4.760s] -- Installing: /home/takumi/souzoukougaku14/src/install/cat_messages/local/lib/python3.10/dist-packages/cat_messages/msg
[4.761s] -- Installing: /home/takumi/souzoukougaku14/src/install/cat_messages/local/lib/python3.10/dist-packages/cat_messages/msg/_joy_cat_s.c
[4.761s] -- Installing: /home/takumi/souzoukougaku14/src/install/cat_messages/local/lib/python3.10/dist-packages/cat_messages/msg/_joy_cat.py
[4.762s] -- Installing: /home/takumi/souzoukougaku14/src/install/cat_messages/local/lib/python3.10/dist-packages/cat_messages/msg/__init__.py
[4.762s] -- Installing: /home/takumi/souzoukougaku14/src/install/cat_messages/local/lib/python3.10/dist-packages/cat_messages/cat_messages_s__rosidl_typesupport_c.cpython-310-x86_64-linux-gnu.so
[4.762s] -- Installing: /home/takumi/souzoukougaku14/src/install/cat_messages/local/lib/python3.10/dist-packages/cat_messages/cat_messages_s__rosidl_typesupport_fastrtps_c.cpython-310-x86_64-linux-gnu.so
[4.762s] -- Installing: /home/takumi/souzoukougaku14/src/install/cat_messages/local/lib/python3.10/dist-packages/cat_messages/_cat_messages_s.ep.rosidl_typesupport_introspection_c.c
[4.762s] -- Installing: /home/takumi/souzoukougaku14/src/install/cat_messages/local/lib/python3.10/dist-packages/cat_messages/_cat_messages_s.ep.rosidl_typesupport_c.c
[4.762s] -- Installing: /home/takumi/souzoukougaku14/src/install/cat_messages/local/lib/python3.10/dist-packages/cat_messages/_cat_messages_s.ep.rosidl_typesupport_fastrtps_c.c
[4.762s] -- Installing: /home/takumi/souzoukougaku14/src/install/cat_messages/local/lib/python3.10/dist-packages/cat_messages/libcat_messages__rosidl_generator_py.so
[4.762s] -- Installing: /home/takumi/souzoukougaku14/src/install/cat_messages/local/lib/python3.10/dist-packages/cat_messages/__init__.py
[4.810s] Listing '/home/takumi/souzoukougaku14/src/install/cat_messages/local/lib/python3.10/dist-packages/cat_messages'...
[4.810s] Compiling '/home/takumi/souzoukougaku14/src/install/cat_messages/local/lib/python3.10/dist-packages/cat_messages/__init__.py'...
[4.810s] Listing '/home/takumi/souzoukougaku14/src/install/cat_messages/local/lib/python3.10/dist-packages/cat_messages/msg'...
[4.810s] Compiling '/home/takumi/souzoukougaku14/src/install/cat_messages/local/lib/python3.10/dist-packages/cat_messages/msg/__init__.py'...
[4.810s] Compiling '/home/takumi/souzoukougaku14/src/install/cat_messages/local/lib/python3.10/dist-packages/cat_messages/msg/_joy_cat.py'...
[4.814s] -- Installing: /home/takumi/souzoukougaku14/src/install/cat_messages/local/lib/python3.10/dist-packages/cat_messages/cat_messages_s__rosidl_typesupport_fastrtps_c.cpython-310-x86_64-linux-gnu.so
[4.815s] -- Set runtime path of "/home/takumi/souzoukougaku14/src/install/cat_messages/local/lib/python3.10/dist-packages/cat_messages/cat_messages_s__rosidl_typesupport_fastrtps_c.cpython-310-x86_64-linux-gnu.so" to ""
[4.815s] -- Installing: /home/takumi/souzoukougaku14/src/install/cat_messages/local/lib/python3.10/dist-packages/cat_messages/cat_messages_s__rosidl_typesupport_introspection_c.cpython-310-x86_64-linux-gnu.so
[4.815s] -- Set runtime path of "/home/takumi/souzoukougaku14/src/install/cat_messages/local/lib/python3.10/dist-packages/cat_messages/cat_messages_s__rosidl_typesupport_introspection_c.cpython-310-x86_64-linux-gnu.so" to ""
[4.815s] -- Installing: /home/takumi/souzoukougaku14/src/install/cat_messages/local/lib/python3.10/dist-packages/cat_messages/cat_messages_s__rosidl_typesupport_c.cpython-310-x86_64-linux-gnu.so
[4.816s] -- Set runtime path of "/home/takumi/souzoukougaku14/src/install/cat_messages/local/lib/python3.10/dist-packages/cat_messages/cat_messages_s__rosidl_typesupport_c.cpython-310-x86_64-linux-gnu.so" to ""
[4.816s] -- Installing: /home/takumi/souzoukougaku14/src/install/cat_messages/lib/libcat_messages__rosidl_generator_py.so
[4.816s] -- Set runtime path of "/home/takumi/souzoukougaku14/src/install/cat_messages/lib/libcat_messages__rosidl_generator_py.so" to ""
[4.816s] -- Installing: /home/takumi/souzoukougaku14/src/install/cat_messages/share/cat_messages/msg/JoyCat.idl
[4.816s] -- Installing: /home/takumi/souzoukougaku14/src/install/cat_messages/share/cat_messages/msg/JoyCat.msg
[4.817s] -- Installing: /home/takumi/souzoukougaku14/src/install/cat_messages/share/ament_index/resource_index/package_run_dependencies/cat_messages
[4.818s] -- Installing: /home/takumi/souzoukougaku14/src/install/cat_messages/share/ament_index/resource_index/parent_prefix_path/cat_messages
[4.818s] -- Installing: /home/takumi/souzoukougaku14/src/install/cat_messages/share/cat_messages/environment/ament_prefix_path.sh
[4.818s] -- Installing: /home/takumi/souzoukougaku14/src/install/cat_messages/share/cat_messages/environment/ament_prefix_path.dsv
[4.818s] -- Installing: /home/takumi/souzoukougaku14/src/install/cat_messages/share/cat_messages/environment/path.sh
[4.819s] -- Installing: /home/takumi/souzoukougaku14/src/install/cat_messages/share/cat_messages/environment/path.dsv
[4.819s] -- Installing: /home/takumi/souzoukougaku14/src/install/cat_messages/share/cat_messages/local_setup.bash
[4.819s] -- Installing: /home/takumi/souzoukougaku14/src/install/cat_messages/share/cat_messages/local_setup.sh
[4.819s] -- Installing: /home/takumi/souzoukougaku14/src/install/cat_messages/share/cat_messages/local_setup.zsh
[4.819s] -- Installing: /home/takumi/souzoukougaku14/src/install/cat_messages/share/cat_messages/local_setup.dsv
[4.819s] -- Installing: /home/takumi/souzoukougaku14/src/install/cat_messages/share/cat_messages/package.dsv
[4.820s] -- Installing: /home/takumi/souzoukougaku14/src/install/cat_messages/share/ament_index/resource_index/packages/cat_messages
[4.821s] -- Installing: /home/takumi/souzoukougaku14/src/install/cat_messages/share/cat_messages/cmake/export_cat_messages__rosidl_generator_cExport.cmake
[4.821s] -- Installing: /home/takumi/souzoukougaku14/src/install/cat_messages/share/cat_messages/cmake/export_cat_messages__rosidl_generator_cExport-noconfig.cmake
[4.822s] -- Installing: /home/takumi/souzoukougaku14/src/install/cat_messages/share/cat_messages/cmake/export_cat_messages__rosidl_typesupport_fastrtps_cExport.cmake
[4.822s] -- Installing: /home/takumi/souzoukougaku14/src/install/cat_messages/share/cat_messages/cmake/export_cat_messages__rosidl_typesupport_fastrtps_cExport-noconfig.cmake
[4.823s] -- Installing: /home/takumi/souzoukougaku14/src/install/cat_messages/share/cat_messages/cmake/cat_messages__rosidl_typesupport_introspection_cExport.cmake
[4.823s] -- Installing: /home/takumi/souzoukougaku14/src/install/cat_messages/share/cat_messages/cmake/cat_messages__rosidl_typesupport_introspection_cExport-noconfig.cmake
[4.823s] -- Installing: /home/takumi/souzoukougaku14/src/install/cat_messages/share/cat_messages/cmake/cat_messages__rosidl_typesupport_cExport.cmake
[4.824s] -- Installing: /home/takumi/souzoukougaku14/src/install/cat_messages/share/cat_messages/cmake/cat_messages__rosidl_typesupport_cExport-noconfig.cmake
[4.824s] -- Installing: /home/takumi/souzoukougaku14/src/install/cat_messages/share/cat_messages/cmake/export_cat_messages__rosidl_generator_cppExport.cmake
[4.825s] -- Installing: /home/takumi/souzoukougaku14/src/install/cat_messages/share/cat_messages/cmake/export_cat_messages__rosidl_typesupport_fastrtps_cppExport.cmake
[4.825s] -- Installing: /home/takumi/souzoukougaku14/src/install/cat_messages/share/cat_messages/cmake/export_cat_messages__rosidl_typesupport_fastrtps_cppExport-noconfig.cmake
[4.825s] -- Installing: /home/takumi/souzoukougaku14/src/install/cat_messages/share/cat_messages/cmake/cat_messages__rosidl_typesupport_introspection_cppExport.cmake
[4.825s] -- Installing: /home/takumi/souzoukougaku14/src/install/cat_messages/share/cat_messages/cmake/cat_messages__rosidl_typesupport_introspection_cppExport-noconfig.cmake
[4.825s] -- Installing: /home/takumi/souzoukougaku14/src/install/cat_messages/share/cat_messages/cmake/cat_messages__rosidl_typesupport_cppExport.cmake
[4.826s] -- Installing: /home/takumi/souzoukougaku14/src/install/cat_messages/share/cat_messages/cmake/cat_messages__rosidl_typesupport_cppExport-noconfig.cmake
[4.826s] -- Installing: /home/takumi/souzoukougaku14/src/install/cat_messages/share/cat_messages/cmake/export_cat_messages__rosidl_generator_pyExport.cmake
[4.826s] -- Installing: /home/takumi/souzoukougaku14/src/install/cat_messages/share/cat_messages/cmake/export_cat_messages__rosidl_generator_pyExport-noconfig.cmake
[4.826s] -- Installing: /home/takumi/souzoukougaku14/src/install/cat_messages/share/cat_messages/cmake/rosidl_cmake-extras.cmake
[4.827s] -- Installing: /home/takumi/souzoukougaku14/src/install/cat_messages/share/cat_messages/cmake/ament_cmake_export_include_directories-extras.cmake
[4.827s] -- Installing: /home/takumi/souzoukougaku14/src/install/cat_messages/share/cat_messages/cmake/ament_cmake_export_libraries-extras.cmake
[4.827s] -- Installing: /home/takumi/souzoukougaku14/src/install/cat_messages/share/cat_messages/cmake/ament_cmake_export_targets-extras.cmake
[4.827s] -- Installing: /home/takumi/souzoukougaku14/src/install/cat_messages/share/cat_messages/cmake/rosidl_cmake_export_typesupport_targets-extras.cmake
[4.827s] -- Installing: /home/takumi/souzoukougaku14/src/install/cat_messages/share/cat_messages/cmake/ament_cmake_export_dependencies-extras.cmake
[4.828s] -- Installing: /home/takumi/souzoukougaku14/src/install/cat_messages/share/cat_messages/cmake/rosidl_cmake_export_typesupport_libraries-extras.cmake
[4.828s] -- Installing: /home/takumi/souzoukougaku14/src/install/cat_messages/share/cat_messages/cmake/cat_messagesConfig.cmake
[4.828s] -- Installing: /home/takumi/souzoukougaku14/src/install/cat_messages/share/cat_messages/cmake/cat_messagesConfig-version.cmake
[4.828s] -- Installing: /home/takumi/souzoukougaku14/src/install/cat_messages/share/cat_messages/package.xml
[4.831s] Invoked command in '/home/takumi/souzoukougaku14/src/build/cat_messages' returned '0': CMAKE_PREFIX_PATH=/opt/ros/humble /usr/bin/cmake --install /home/takumi/souzoukougaku14/src/build/cat_messages
