[0.505s] DEBUG:colcon:Command line arguments: ['/usr/bin/colcon', 'build']
[0.505s] DEBUG:colcon:Parsed command line arguments: Namespace(log_base=None, log_level=None, verb_name='build', build_base='build', install_base='install', merge_install=False, symlink_install=False, test_result_base=None, continue_on_error=False, executor='parallel', parallel_workers=8, event_handlers=None, ignore_user_meta=False, metas=['./colcon.meta'], base_paths=['.'], packages_ignore=None, packages_ignore_regex=None, paths=None, packages_up_to=None, packages_up_to_regex=None, packages_above=None, packages_above_and_dependencies=None, packages_above_depth=None, packages_select_by_dep=None, packages_skip_by_dep=None, packages_skip_up_to=None, packages_select_build_failed=False, packages_skip_build_finished=False, packages_select_test_failures=False, packages_skip_test_passed=False, packages_select=None, packages_skip=None, packages_select_regex=None, packages_skip_regex=None, packages_start=None, packages_end=None, allow_overriding=[], cmake_args=None, cmake_target=None, cmake_target_skip_unavailable=False, cmake_clean_cache=False, cmake_clean_first=False, cmake_force_configure=False, ament_cmake_args=None, catkin_cmake_args=None, catkin_skip_building_tests=False, mixin_files=None, mixin=None, verb_parser=<colcon_mixin.mixin.mixin_argument.MixinArgumentDecorator object at 0x7fb987723af0>, verb_extension=<colcon_core.verb.build.BuildVerb object at 0x7fb987723670>, main=<bound method BuildVerb.main of <colcon_core.verb.build.BuildVerb object at 0x7fb987723670>>, mixin_verb=('build',))
[1.076s] Level 1:colcon.colcon_core.package_discovery:discover_packages(colcon_meta) check parameters
[1.076s] Level 1:colcon.colcon_core.package_discovery:discover_packages(recursive) check parameters
[1.076s] Level 1:colcon.colcon_core.package_discovery:discover_packages(ignore) check parameters
[1.076s] Level 1:colcon.colcon_core.package_discovery:discover_packages(path) check parameters
[1.076s] Level 1:colcon.colcon_core.package_discovery:discover_packages(colcon_meta) discover
[1.076s] Level 1:colcon.colcon_core.package_discovery:discover_packages(recursive) discover
[1.077s] INFO:colcon.colcon_core.package_discovery:Crawling recursively for packages in '/home/takumi/souzoukougaku14/src'
[1.077s] Level 1:colcon.colcon_core.package_identification:_identify(.) by extensions ['ignore', 'ignore_ament_install']
[1.077s] Level 1:colcon.colcon_core.package_identification:_identify(.) by extension 'ignore'
[1.077s] Level 1:colcon.colcon_core.package_identification:_identify(.) by extension 'ignore_ament_install'
[1.077s] Level 1:colcon.colcon_core.package_identification:_identify(.) by extensions ['colcon_pkg']
[1.078s] Level 1:colcon.colcon_core.package_identification:_identify(.) by extension 'colcon_pkg'
[1.078s] Level 1:colcon.colcon_core.package_identification:_identify(.) by extensions ['colcon_meta']
[1.078s] Level 1:colcon.colcon_core.package_identification:_identify(.) by extension 'colcon_meta'
[1.078s] Level 1:colcon.colcon_core.package_identification:_identify(.) by extensions ['ros']
[1.078s] Level 1:colcon.colcon_core.package_identification:_identify(.) by extension 'ros'
[1.112s] Level 1:colcon.colcon_core.package_identification:_identify(.) by extensions ['cmake', 'python']
[1.112s] Level 1:colcon.colcon_core.package_identification:_identify(.) by extension 'cmake'
[1.113s] Level 1:colcon.colcon_core.package_identification:_identify(.) by extension 'python'
[1.113s] Level 1:colcon.colcon_core.package_identification:_identify(.) by extensions ['python_setup_py']
[1.113s] Level 1:colcon.colcon_core.package_identification:_identify(.) by extension 'python_setup_py'
[1.113s] Level 1:colcon.colcon_core.package_identification:_identify(build) by extensions ['ignore', 'ignore_ament_install']
[1.114s] Level 1:colcon.colcon_core.package_identification:_identify(build) by extension 'ignore'
[1.114s] Level 1:colcon.colcon_core.package_identification:_identify(build) ignored
[1.114s] Level 1:colcon.colcon_core.package_identification:_identify(cat) by extensions ['ignore', 'ignore_ament_install']
[1.114s] Level 1:colcon.colcon_core.package_identification:_identify(cat) by extension 'ignore'
[1.114s] Level 1:colcon.colcon_core.package_identification:_identify(cat) by extension 'ignore_ament_install'
[1.114s] Level 1:colcon.colcon_core.package_identification:_identify(cat) by extensions ['colcon_pkg']
[1.114s] Level 1:colcon.colcon_core.package_identification:_identify(cat) by extension 'colcon_pkg'
[1.114s] Level 1:colcon.colcon_core.package_identification:_identify(cat) by extensions ['colcon_meta']
[1.114s] Level 1:colcon.colcon_core.package_identification:_identify(cat) by extension 'colcon_meta'
[1.114s] Level 1:colcon.colcon_core.package_identification:_identify(cat) by extensions ['ros']
[1.115s] Level 1:colcon.colcon_core.package_identification:_identify(cat) by extension 'ros'
[1.123s] DEBUG:colcon.colcon_core.package_identification:Package 'cat' with type 'ros.ament_python' and name 'cat'
[1.124s] Level 1:colcon.colcon_core.package_identification:_identify(cat_messages) by extensions ['ignore', 'ignore_ament_install']
[1.124s] Level 1:colcon.colcon_core.package_identification:_identify(cat_messages) by extension 'ignore'
[1.124s] Level 1:colcon.colcon_core.package_identification:_identify(cat_messages) by extension 'ignore_ament_install'
[1.124s] Level 1:colcon.colcon_core.package_identification:_identify(cat_messages) by extensions ['colcon_pkg']
[1.125s] Level 1:colcon.colcon_core.package_identification:_identify(cat_messages) by extension 'colcon_pkg'
[1.125s] Level 1:colcon.colcon_core.package_identification:_identify(cat_messages) by extensions ['colcon_meta']
[1.125s] Level 1:colcon.colcon_core.package_identification:_identify(cat_messages) by extension 'colcon_meta'
[1.125s] Level 1:colcon.colcon_core.package_identification:_identify(cat_messages) by extensions ['ros']
[1.125s] Level 1:colcon.colcon_core.package_identification:_identify(cat_messages) by extension 'ros'
[1.126s] DEBUG:colcon.colcon_core.package_identification:Package 'cat_messages' with type 'ros.ament_cmake' and name 'cat_messages'
[1.126s] Level 1:colcon.colcon_core.package_identification:_identify(install) by extensions ['ignore', 'ignore_ament_install']
[1.126s] Level 1:colcon.colcon_core.package_identification:_identify(install) by extension 'ignore'
[1.127s] Level 1:colcon.colcon_core.package_identification:_identify(install) ignored
[1.127s] Level 1:colcon.colcon_core.package_identification:_identify(launch) by extensions ['ignore', 'ignore_ament_install']
[1.127s] Level 1:colcon.colcon_core.package_identification:_identify(launch) by extension 'ignore'
[1.127s] Level 1:colcon.colcon_core.package_identification:_identify(launch) by extension 'ignore_ament_install'
[1.127s] Level 1:colcon.colcon_core.package_identification:_identify(launch) by extensions ['colcon_pkg']
[1.127s] Level 1:colcon.colcon_core.package_identification:_identify(launch) by extension 'colcon_pkg'
[1.127s] Level 1:colcon.colcon_core.package_identification:_identify(launch) by extensions ['colcon_meta']
[1.127s] Level 1:colcon.colcon_core.package_identification:_identify(launch) by extension 'colcon_meta'
[1.127s] Level 1:colcon.colcon_core.package_identification:_identify(launch) by extensions ['ros']
[1.128s] Level 1:colcon.colcon_core.package_identification:_identify(launch) by extension 'ros'
[1.128s] Level 1:colcon.colcon_core.package_identification:_identify(launch) by extensions ['cmake', 'python']
[1.128s] Level 1:colcon.colcon_core.package_identification:_identify(launch) by extension 'cmake'
[1.128s] Level 1:colcon.colcon_core.package_identification:_identify(launch) by extension 'python'
[1.128s] Level 1:colcon.colcon_core.package_identification:_identify(launch) by extensions ['python_setup_py']
[1.128s] Level 1:colcon.colcon_core.package_identification:_identify(launch) by extension 'python_setup_py'
[1.128s] Level 1:colcon.colcon_core.package_identification:_identify(launch/__pycache__) by extensions ['ignore', 'ignore_ament_install']
[1.129s] Level 1:colcon.colcon_core.package_identification:_identify(launch/__pycache__) by extension 'ignore'
[1.129s] Level 1:colcon.colcon_core.package_identification:_identify(launch/__pycache__) by extension 'ignore_ament_install'
[1.129s] Level 1:colcon.colcon_core.package_identification:_identify(launch/__pycache__) by extensions ['colcon_pkg']
[1.129s] Level 1:colcon.colcon_core.package_identification:_identify(launch/__pycache__) by extension 'colcon_pkg'
[1.129s] Level 1:colcon.colcon_core.package_identification:_identify(launch/__pycache__) by extensions ['colcon_meta']
[1.129s] Level 1:colcon.colcon_core.package_identification:_identify(launch/__pycache__) by extension 'colcon_meta'
[1.129s] Level 1:colcon.colcon_core.package_identification:_identify(launch/__pycache__) by extensions ['ros']
[1.129s] Level 1:colcon.colcon_core.package_identification:_identify(launch/__pycache__) by extension 'ros'
[1.130s] Level 1:colcon.colcon_core.package_identification:_identify(launch/__pycache__) by extensions ['cmake', 'python']
[1.130s] Level 1:colcon.colcon_core.package_identification:_identify(launch/__pycache__) by extension 'cmake'
[1.130s] Level 1:colcon.colcon_core.package_identification:_identify(launch/__pycache__) by extension 'python'
[1.130s] Level 1:colcon.colcon_core.package_identification:_identify(launch/__pycache__) by extensions ['python_setup_py']
[1.130s] Level 1:colcon.colcon_core.package_identification:_identify(launch/__pycache__) by extension 'python_setup_py'
[1.130s] Level 1:colcon.colcon_core.package_identification:_identify(log) by extensions ['ignore', 'ignore_ament_install']
[1.130s] Level 1:colcon.colcon_core.package_identification:_identify(log) by extension 'ignore'
[1.130s] Level 1:colcon.colcon_core.package_identification:_identify(log) ignored
[1.130s] Level 1:colcon.colcon_core.package_discovery:discover_packages(recursive) using defaults
[1.131s] Level 1:colcon.colcon_core.package_discovery:discover_packages(ignore) discover
[1.131s] Level 1:colcon.colcon_core.package_discovery:discover_packages(ignore) using defaults
[1.131s] Level 1:colcon.colcon_core.package_discovery:discover_packages(path) discover
[1.131s] Level 1:colcon.colcon_core.package_discovery:discover_packages(path) using defaults
[1.236s] Level 1:colcon.colcon_core.package_discovery:discover_packages(prefix_path) check parameters
[1.236s] Level 1:colcon.colcon_core.package_discovery:discover_packages(prefix_path) discover
[1.244s] DEBUG:colcon.colcon_installed_package_information.package_discovery:Found 2 installed packages in /home/takumi/souzoukougaku14/src/install
[1.260s] DEBUG:colcon.colcon_installed_package_information.package_discovery:Found 418 installed packages in /opt/ros/humble
[1.266s] Level 1:colcon.colcon_core.package_discovery:discover_packages(prefix_path) using defaults
[1.427s] Level 5:colcon.colcon_core.verb:set package 'cat_messages' build argument 'cmake_args' from command line to 'None'
[1.428s] Level 5:colcon.colcon_core.verb:set package 'cat_messages' build argument 'cmake_target' from command line to 'None'
[1.428s] Level 5:colcon.colcon_core.verb:set package 'cat_messages' build argument 'cmake_target_skip_unavailable' from command line to 'False'
[1.428s] Level 5:colcon.colcon_core.verb:set package 'cat_messages' build argument 'cmake_clean_cache' from command line to 'False'
[1.428s] Level 5:colcon.colcon_core.verb:set package 'cat_messages' build argument 'cmake_clean_first' from command line to 'False'
[1.428s] Level 5:colcon.colcon_core.verb:set package 'cat_messages' build argument 'cmake_force_configure' from command line to 'False'
[1.428s] Level 5:colcon.colcon_core.verb:set package 'cat_messages' build argument 'ament_cmake_args' from command line to 'None'
[1.428s] Level 5:colcon.colcon_core.verb:set package 'cat_messages' build argument 'catkin_cmake_args' from command line to 'None'
[1.428s] Level 5:colcon.colcon_core.verb:set package 'cat_messages' build argument 'catkin_skip_building_tests' from command line to 'False'
[1.428s] DEBUG:colcon.colcon_core.verb:Building package 'cat_messages' with the following arguments: {'ament_cmake_args': None, 'build_base': '/home/takumi/souzoukougaku14/src/build/cat_messages', 'catkin_cmake_args': None, 'catkin_skip_building_tests': False, 'cmake_args': None, 'cmake_clean_cache': False, 'cmake_clean_first': False, 'cmake_force_configure': False, 'cmake_target': None, 'cmake_target_skip_unavailable': False, 'install_base': '/home/takumi/souzoukougaku14/src/install/cat_messages', 'merge_install': False, 'path': '/home/takumi/souzoukougaku14/src/cat_messages', 'symlink_install': False, 'test_result_base': None}
[1.429s] Level 5:colcon.colcon_core.verb:set package 'cat' build argument 'cmake_args' from command line to 'None'
[1.429s] Level 5:colcon.colcon_core.verb:set package 'cat' build argument 'cmake_target' from command line to 'None'
[1.429s] Level 5:colcon.colcon_core.verb:set package 'cat' build argument 'cmake_target_skip_unavailable' from command line to 'False'
[1.429s] Level 5:colcon.colcon_core.verb:set package 'cat' build argument 'cmake_clean_cache' from command line to 'False'
[1.429s] Level 5:colcon.colcon_core.verb:set package 'cat' build argument 'cmake_clean_first' from command line to 'False'
[1.429s] Level 5:colcon.colcon_core.verb:set package 'cat' build argument 'cmake_force_configure' from command line to 'False'
[1.429s] Level 5:colcon.colcon_core.verb:set package 'cat' build argument 'ament_cmake_args' from command line to 'None'
[1.429s] Level 5:colcon.colcon_core.verb:set package 'cat' build argument 'catkin_cmake_args' from command line to 'None'
[1.429s] Level 5:colcon.colcon_core.verb:set package 'cat' build argument 'catkin_skip_building_tests' from command line to 'False'
[1.430s] DEBUG:colcon.colcon_core.verb:Building package 'cat' with the following arguments: {'ament_cmake_args': None, 'build_base': '/home/takumi/souzoukougaku14/src/build/cat', 'catkin_cmake_args': None, 'catkin_skip_building_tests': False, 'cmake_args': None, 'cmake_clean_cache': False, 'cmake_clean_first': False, 'cmake_force_configure': False, 'cmake_target': None, 'cmake_target_skip_unavailable': False, 'install_base': '/home/takumi/souzoukougaku14/src/install/cat', 'merge_install': False, 'path': '/home/takumi/souzoukougaku14/src/cat', 'symlink_install': False, 'test_result_base': None}
[1.430s] INFO:colcon.colcon_core.executor:Executing jobs using 'parallel' executor
[1.432s] DEBUG:colcon.colcon_parallel_executor.executor.parallel:run_until_complete
[1.433s] INFO:colcon.colcon_ros.task.ament_cmake.build:Building ROS package in '/home/takumi/souzoukougaku14/src/cat_messages' with build type 'ament_cmake'
[1.434s] INFO:colcon.colcon_cmake.task.cmake.build:Building CMake package in '/home/takumi/souzoukougaku14/src/cat_messages'
[1.441s] INFO:colcon.colcon_core.plugin_system:Skipping extension 'colcon_core.shell.bat': Not used on non-Windows systems
[1.442s] INFO:colcon.colcon_core.shell:Skip shell extension 'powershell' for command environment: Not usable outside of PowerShell
[1.442s] DEBUG:colcon.colcon_core.shell:Skip shell extension 'dsv' for command environment
[1.469s] DEBUG:colcon.colcon_core.event_handler.log_command:Invoking command in '/home/takumi/souzoukougaku14/src/build/cat_messages': CMAKE_PREFIX_PATH=${CMAKE_PREFIX_PATH}:/home/takumi/souzoukougaku14/src/install/cat:/opt/ros/humble /usr/bin/cmake --build /home/takumi/souzoukougaku14/src/build/cat_messages -- -j8 -l8
[2.543s] DEBUG:colcon.colcon_core.event_handler.log_command:Invoked command in '/home/takumi/souzoukougaku14/src/build/cat_messages' returned '0': CMAKE_PREFIX_PATH=${CMAKE_PREFIX_PATH}:/home/takumi/souzoukougaku14/src/install/cat:/opt/ros/humble /usr/bin/cmake --build /home/takumi/souzoukougaku14/src/build/cat_messages -- -j8 -l8
[2.960s] DEBUG:colcon.colcon_core.event_handler.log_command:Invoking command in '/home/takumi/souzoukougaku14/src/build/cat_messages': CMAKE_PREFIX_PATH=${CMAKE_PREFIX_PATH}:/home/takumi/souzoukougaku14/src/install/cat:/opt/ros/humble /usr/bin/cmake --install /home/takumi/souzoukougaku14/src/build/cat_messages
[3.108s] Level 1:colcon.colcon_core.environment:create_environment_scripts_only(cat_messages)
[3.110s] DEBUG:colcon.colcon_core.event_handler.log_command:Invoked command in '/home/takumi/souzoukougaku14/src/build/cat_messages' returned '0': CMAKE_PREFIX_PATH=${CMAKE_PREFIX_PATH}:/home/takumi/souzoukougaku14/src/install/cat:/opt/ros/humble /usr/bin/cmake --install /home/takumi/souzoukougaku14/src/build/cat_messages
[3.117s] Level 1:colcon.colcon_core.environment:checking '/home/takumi/souzoukougaku14/src/install/cat_messages' for CMake module files
[3.119s] Level 1:colcon.colcon_core.environment:checking '/home/takumi/souzoukougaku14/src/install/cat_messages' for CMake config files
[3.121s] Level 1:colcon.colcon_core.shell:create_environment_hook('cat_messages', 'cmake_prefix_path')
[3.121s] INFO:colcon.colcon_core.shell:Creating environment hook '/home/takumi/souzoukougaku14/src/install/cat_messages/share/cat_messages/hook/cmake_prefix_path.ps1'
[3.122s] INFO:colcon.colcon_core.shell:Creating environment descriptor '/home/takumi/souzoukougaku14/src/install/cat_messages/share/cat_messages/hook/cmake_prefix_path.dsv'
[3.124s] INFO:colcon.colcon_core.shell:Creating environment hook '/home/takumi/souzoukougaku14/src/install/cat_messages/share/cat_messages/hook/cmake_prefix_path.sh'
[3.126s] Level 1:colcon.colcon_core.environment:checking '/home/takumi/souzoukougaku14/src/install/cat_messages/lib'
[3.126s] Level 1:colcon.colcon_core.shell:create_environment_hook('cat_messages', 'ld_library_path_lib')
[3.127s] INFO:colcon.colcon_core.shell:Creating environment hook '/home/takumi/souzoukougaku14/src/install/cat_messages/share/cat_messages/hook/ld_library_path_lib.ps1'
[3.128s] INFO:colcon.colcon_core.shell:Creating environment descriptor '/home/takumi/souzoukougaku14/src/install/cat_messages/share/cat_messages/hook/ld_library_path_lib.dsv'
[3.129s] INFO:colcon.colcon_core.shell:Creating environment hook '/home/takumi/souzoukougaku14/src/install/cat_messages/share/cat_messages/hook/ld_library_path_lib.sh'
[3.130s] Level 1:colcon.colcon_core.environment:checking '/home/takumi/souzoukougaku14/src/install/cat_messages/bin'
[3.131s] Level 1:colcon.colcon_core.environment:checking '/home/takumi/souzoukougaku14/src/install/cat_messages/lib/pkgconfig/cat_messages.pc'
[3.131s] Level 1:colcon.colcon_core.environment:checking '/home/takumi/souzoukougaku14/src/install/cat_messages/lib/python3.10/site-packages'
[3.132s] Level 1:colcon.colcon_core.environment:checking '/home/takumi/souzoukougaku14/src/install/cat_messages/bin'
[3.133s] INFO:colcon.colcon_core.shell:Creating package script '/home/takumi/souzoukougaku14/src/install/cat_messages/share/cat_messages/package.ps1'
[3.135s] INFO:colcon.colcon_core.shell:Creating package descriptor '/home/takumi/souzoukougaku14/src/install/cat_messages/share/cat_messages/package.dsv'
[3.137s] INFO:colcon.colcon_core.shell:Creating package script '/home/takumi/souzoukougaku14/src/install/cat_messages/share/cat_messages/package.sh'
[3.138s] INFO:colcon.colcon_core.shell:Creating package script '/home/takumi/souzoukougaku14/src/install/cat_messages/share/cat_messages/package.bash'
[3.140s] INFO:colcon.colcon_core.shell:Creating package script '/home/takumi/souzoukougaku14/src/install/cat_messages/share/cat_messages/package.zsh'
[3.141s] Level 1:colcon.colcon_core.environment:create_file_with_runtime_dependencies(/home/takumi/souzoukougaku14/src/install/cat_messages/share/colcon-core/packages/cat_messages)
[3.357s] Level 1:colcon.colcon_core.environment:create_environment_scripts_only(cat_messages)
[3.357s] Level 1:colcon.colcon_core.environment:checking '/home/takumi/souzoukougaku14/src/install/cat_messages' for CMake module files
[3.358s] Level 1:colcon.colcon_core.environment:checking '/home/takumi/souzoukougaku14/src/install/cat_messages' for CMake config files
[3.359s] Level 1:colcon.colcon_core.shell:create_environment_hook('cat_messages', 'cmake_prefix_path')
[3.360s] INFO:colcon.colcon_core.shell:Creating environment hook '/home/takumi/souzoukougaku14/src/install/cat_messages/share/cat_messages/hook/cmake_prefix_path.ps1'
[3.361s] INFO:colcon.colcon_core.shell:Creating environment descriptor '/home/takumi/souzoukougaku14/src/install/cat_messages/share/cat_messages/hook/cmake_prefix_path.dsv'
[3.361s] INFO:colcon.colcon_core.shell:Creating environment hook '/home/takumi/souzoukougaku14/src/install/cat_messages/share/cat_messages/hook/cmake_prefix_path.sh'
[3.362s] Level 1:colcon.colcon_core.environment:checking '/home/takumi/souzoukougaku14/src/install/cat_messages/lib'
[3.362s] Level 1:colcon.colcon_core.shell:create_environment_hook('cat_messages', 'ld_library_path_lib')
[3.363s] INFO:colcon.colcon_core.shell:Creating environment hook '/home/takumi/souzoukougaku14/src/install/cat_messages/share/cat_messages/hook/ld_library_path_lib.ps1'
[3.363s] INFO:colcon.colcon_core.shell:Creating environment descriptor '/home/takumi/souzoukougaku14/src/install/cat_messages/share/cat_messages/hook/ld_library_path_lib.dsv'
[3.364s] INFO:colcon.colcon_core.shell:Creating environment hook '/home/takumi/souzoukougaku14/src/install/cat_messages/share/cat_messages/hook/ld_library_path_lib.sh'
[3.365s] Level 1:colcon.colcon_core.environment:checking '/home/takumi/souzoukougaku14/src/install/cat_messages/bin'
[3.365s] Level 1:colcon.colcon_core.environment:checking '/home/takumi/souzoukougaku14/src/install/cat_messages/lib/pkgconfig/cat_messages.pc'
[3.365s] Level 1:colcon.colcon_core.environment:checking '/home/takumi/souzoukougaku14/src/install/cat_messages/lib/python3.10/site-packages'
[3.366s] Level 1:colcon.colcon_core.environment:checking '/home/takumi/souzoukougaku14/src/install/cat_messages/bin'
[3.367s] INFO:colcon.colcon_core.shell:Creating package script '/home/takumi/souzoukougaku14/src/install/cat_messages/share/cat_messages/package.ps1'
[3.369s] INFO:colcon.colcon_core.shell:Creating package descriptor '/home/takumi/souzoukougaku14/src/install/cat_messages/share/cat_messages/package.dsv'
[3.373s] INFO:colcon.colcon_core.shell:Creating package script '/home/takumi/souzoukougaku14/src/install/cat_messages/share/cat_messages/package.sh'
[3.374s] INFO:colcon.colcon_core.shell:Creating package script '/home/takumi/souzoukougaku14/src/install/cat_messages/share/cat_messages/package.bash'
[3.375s] INFO:colcon.colcon_core.shell:Creating package script '/home/takumi/souzoukougaku14/src/install/cat_messages/share/cat_messages/package.zsh'
[3.375s] Level 1:colcon.colcon_core.environment:create_file_with_runtime_dependencies(/home/takumi/souzoukougaku14/src/install/cat_messages/share/colcon-core/packages/cat_messages)
[3.376s] INFO:colcon.colcon_ros.task.ament_python.build:Building ROS package in '/home/takumi/souzoukougaku14/src/cat' with build type 'ament_python'
[3.376s] Level 1:colcon.colcon_core.shell:create_environment_hook('cat', 'ament_prefix_path')
[3.377s] INFO:colcon.colcon_core.shell:Creating environment hook '/home/takumi/souzoukougaku14/src/install/cat/share/cat/hook/ament_prefix_path.ps1'
[3.378s] INFO:colcon.colcon_core.shell:Creating environment descriptor '/home/takumi/souzoukougaku14/src/install/cat/share/cat/hook/ament_prefix_path.dsv'
[3.379s] INFO:colcon.colcon_core.shell:Creating environment hook '/home/takumi/souzoukougaku14/src/install/cat/share/cat/hook/ament_prefix_path.sh'
[3.381s] INFO:colcon.colcon_core.shell:Skip shell extension 'powershell' for command environment: Not usable outside of PowerShell
[3.381s] DEBUG:colcon.colcon_core.shell:Skip shell extension 'dsv' for command environment
[4.403s] INFO:colcon.colcon_core.task.python.build:Building Python package in '/home/takumi/souzoukougaku14/src/cat'
[4.405s] INFO:colcon.colcon_core.shell:Skip shell extension 'powershell' for command environment: Not usable outside of PowerShell
[4.405s] DEBUG:colcon.colcon_core.shell:Skip shell extension 'dsv' for command environment
[5.469s] DEBUG:colcon.colcon_core.event_handler.log_command:Invoking command in '/home/takumi/souzoukougaku14/src/cat': PYTHONPATH=/home/takumi/souzoukougaku14/src/build/cat/prefix_override:/usr/lib/python3/dist-packages/colcon_core/task/python/colcon_distutils_commands:/home/takumi/souzoukougaku14/src/install/cat/lib/python3.10/site-packages:${PYTHONPATH} /usr/bin/python3 -W ignore:setup.py install is deprecated setup.py egg_info --egg-base ../build/cat build --build-base /home/takumi/souzoukougaku14/src/build/cat/build install --record /home/takumi/souzoukougaku14/src/build/cat/install.log --single-version-externally-managed install_data
[6.282s] Level 1:colcon.colcon_core.environment:checking '/home/takumi/souzoukougaku14/src/install/cat' for CMake module files
[6.284s] DEBUG:colcon.colcon_core.event_handler.log_command:Invoked command in '/home/takumi/souzoukougaku14/src/cat' returned '0': PYTHONPATH=/home/takumi/souzoukougaku14/src/build/cat/prefix_override:/usr/lib/python3/dist-packages/colcon_core/task/python/colcon_distutils_commands:/home/takumi/souzoukougaku14/src/install/cat/lib/python3.10/site-packages:${PYTHONPATH} /usr/bin/python3 -W ignore:setup.py install is deprecated setup.py egg_info --egg-base ../build/cat build --build-base /home/takumi/souzoukougaku14/src/build/cat/build install --record /home/takumi/souzoukougaku14/src/build/cat/install.log --single-version-externally-managed install_data
[6.286s] Level 1:colcon.colcon_core.environment:checking '/home/takumi/souzoukougaku14/src/install/cat' for CMake config files
[6.289s] Level 1:colcon.colcon_core.environment:checking '/home/takumi/souzoukougaku14/src/install/cat/lib'
[6.289s] Level 1:colcon.colcon_core.environment:checking '/home/takumi/souzoukougaku14/src/install/cat/bin'
[6.289s] Level 1:colcon.colcon_core.environment:checking '/home/takumi/souzoukougaku14/src/install/cat/lib/pkgconfig/cat.pc'
[6.290s] Level 1:colcon.colcon_core.environment:checking '/home/takumi/souzoukougaku14/src/install/cat/lib/python3.10/site-packages'
[6.290s] Level 1:colcon.colcon_core.shell:create_environment_hook('cat', 'pythonpath')
[6.291s] INFO:colcon.colcon_core.shell:Creating environment hook '/home/takumi/souzoukougaku14/src/install/cat/share/cat/hook/pythonpath.ps1'
[6.292s] INFO:colcon.colcon_core.shell:Creating environment descriptor '/home/takumi/souzoukougaku14/src/install/cat/share/cat/hook/pythonpath.dsv'
[6.293s] INFO:colcon.colcon_core.shell:Creating environment hook '/home/takumi/souzoukougaku14/src/install/cat/share/cat/hook/pythonpath.sh'
[6.295s] Level 1:colcon.colcon_core.environment:checking '/home/takumi/souzoukougaku14/src/install/cat/bin'
[6.295s] Level 1:colcon.colcon_core.environment:create_environment_scripts_only(cat)
[6.295s] INFO:colcon.colcon_core.shell:Creating package script '/home/takumi/souzoukougaku14/src/install/cat/share/cat/package.ps1'
[6.296s] INFO:colcon.colcon_core.shell:Creating package descriptor '/home/takumi/souzoukougaku14/src/install/cat/share/cat/package.dsv'
[6.297s] INFO:colcon.colcon_core.shell:Creating package script '/home/takumi/souzoukougaku14/src/install/cat/share/cat/package.sh'
[6.297s] INFO:colcon.colcon_core.shell:Creating package script '/home/takumi/souzoukougaku14/src/install/cat/share/cat/package.bash'
[6.298s] INFO:colcon.colcon_core.shell:Creating package script '/home/takumi/souzoukougaku14/src/install/cat/share/cat/package.zsh'
[6.298s] Level 1:colcon.colcon_core.environment:create_file_with_runtime_dependencies(/home/takumi/souzoukougaku14/src/install/cat/share/colcon-core/packages/cat)
[6.299s] DEBUG:colcon.colcon_parallel_executor.executor.parallel:closing loop
[6.299s] DEBUG:colcon.colcon_parallel_executor.executor.parallel:loop closed
[6.300s] DEBUG:colcon.colcon_parallel_executor.executor.parallel:run_until_complete finished with '0'
[6.300s] DEBUG:colcon.colcon_core.event_reactor:joining thread
[6.351s] INFO:colcon.colcon_core.plugin_system:Skipping extension 'colcon_notification.desktop_notification.notify_send': Could not find 'notify-send'
[6.352s] INFO:colcon.colcon_core.plugin_system:Skipping extension 'colcon_notification.desktop_notification.terminal_notifier': Not used on non-Darwin systems
[6.352s] INFO:colcon.colcon_core.plugin_system:Skipping extension 'colcon_notification.desktop_notification.win32': Not used on non-Windows systems
[6.352s] INFO:colcon.colcon_notification.desktop_notification:Sending desktop notification using 'notify2'
[6.363s] DEBUG:colcon.colcon_notification.desktop_notification.notify2:Failed to initialize notify2: org.freedesktop.DBus.Error.ServiceUnknown: The name org.freedesktop.Notifications was not provided by any .service files
[6.363s] DEBUG:colcon.colcon_core.event_reactor:joined thread
[6.364s] INFO:colcon.colcon_core.shell:Creating prefix script '/home/takumi/souzoukougaku14/src/install/local_setup.ps1'
[6.368s] INFO:colcon.colcon_core.shell:Creating prefix util module '/home/takumi/souzoukougaku14/src/install/_local_setup_util_ps1.py'
[6.373s] INFO:colcon.colcon_core.shell:Creating prefix chain script '/home/takumi/souzoukougaku14/src/install/setup.ps1'
[6.376s] INFO:colcon.colcon_core.shell:Creating prefix script '/home/takumi/souzoukougaku14/src/install/local_setup.sh'
[6.378s] INFO:colcon.colcon_core.shell:Creating prefix util module '/home/takumi/souzoukougaku14/src/install/_local_setup_util_sh.py'
[6.379s] INFO:colcon.colcon_core.shell:Creating prefix chain script '/home/takumi/souzoukougaku14/src/install/setup.sh'
[6.381s] INFO:colcon.colcon_core.shell:Creating prefix script '/home/takumi/souzoukougaku14/src/install/local_setup.bash'
[6.382s] INFO:colcon.colcon_core.shell:Creating prefix chain script '/home/takumi/souzoukougaku14/src/install/setup.bash'
[6.384s] INFO:colcon.colcon_core.shell:Creating prefix script '/home/takumi/souzoukougaku14/src/install/local_setup.zsh'
[6.385s] INFO:colcon.colcon_core.shell:Creating prefix chain script '/home/takumi/souzoukougaku14/src/install/setup.zsh'
