/home/hamilton/.local/lib/python3.10/site-packages/setuptools/_distutils/dist.py:261: UserWarning: Unknown distribution option: 'tests_require'
  warnings.warn(msg)
running develop
Removing /home/hamilton/souzou/install/cat/lib/python3.10/site-packages/cat.egg-link (link to .)
/home/hamilton/.local/lib/python3.10/site-packages/setuptools/_distutils/dist.py:261: UserWarning: Unknown distribution option: 'tests_require'
  warnings.warn(msg)
running egg_info
writing ../../../build/cat/cat.egg-info/PKG-INFO
writing dependency_links to ../../../build/cat/cat.egg-info/dependency_links.txt
writing entry points to ../../../build/cat/cat.egg-info/entry_points.txt
writing requirements to ../../../build/cat/cat.egg-info/requires.txt
writing top-level names to ../../../build/cat/cat.egg-info/top_level.txt
reading manifest file '../../../build/cat/cat.egg-info/SOURCES.txt'
writing manifest file '../../../build/cat/cat.egg-info/SOURCES.txt'
running build
running build_py
creating /home/hamilton/souzou/build/cat/build/lib/cat
copying cat/state_machine.py -> /home/hamilton/souzou/build/cat/build/lib/cat
copying cat/udp_receive_node.py -> /home/hamilton/souzou/build/cat/build/lib/cat
copying cat/odom_test_node.py -> /home/hamilton/souzou/build/cat/build/lib/cat
copying cat/__init__.py -> /home/hamilton/souzou/build/cat/build/lib/cat
copying cat/ps4_joy_node.py -> /home/hamilton/souzou/build/cat/build/lib/cat
copying cat/serial_sample.py -> /home/hamilton/souzou/build/cat/build/lib/cat
copying cat/tcp_receive_node.py -> /home/hamilton/souzou/build/cat/build/lib/cat
copying cat/ps4_controller_node.py -> /home/hamilton/souzou/build/cat/build/lib/cat
copying cat/tcp_send_node.py -> /home/hamilton/souzou/build/cat/build/lib/cat
copying cat/udp_send_node.py -> /home/hamilton/souzou/build/cat/build/lib/cat
copying cat/pc_controller.py -> /home/hamilton/souzou/build/cat/build/lib/cat
copying cat/cam_node.py -> /home/hamilton/souzou/build/cat/build/lib/cat
running install
running install_lib
creating /home/hamilton/souzou/install/cat/lib/python3.10/site-packages/cat
copying /home/hamilton/souzou/build/cat/build/lib/cat/state_machine.py -> /home/hamilton/souzou/install/cat/lib/python3.10/site-packages/cat
copying /home/hamilton/souzou/build/cat/build/lib/cat/udp_receive_node.py -> /home/hamilton/souzou/install/cat/lib/python3.10/site-packages/cat
copying /home/hamilton/souzou/build/cat/build/lib/cat/odom_test_node.py -> /home/hamilton/souzou/install/cat/lib/python3.10/site-packages/cat
copying /home/hamilton/souzou/build/cat/build/lib/cat/__init__.py -> /home/hamilton/souzou/install/cat/lib/python3.10/site-packages/cat
copying /home/hamilton/souzou/build/cat/build/lib/cat/ps4_joy_node.py -> /home/hamilton/souzou/install/cat/lib/python3.10/site-packages/cat
copying /home/hamilton/souzou/build/cat/build/lib/cat/serial_sample.py -> /home/hamilton/souzou/install/cat/lib/python3.10/site-packages/cat
copying /home/hamilton/souzou/build/cat/build/lib/cat/tcp_receive_node.py -> /home/hamilton/souzou/install/cat/lib/python3.10/site-packages/cat
copying /home/hamilton/souzou/build/cat/build/lib/cat/ps4_controller_node.py -> /home/hamilton/souzou/install/cat/lib/python3.10/site-packages/cat
copying /home/hamilton/souzou/build/cat/build/lib/cat/tcp_send_node.py -> /home/hamilton/souzou/install/cat/lib/python3.10/site-packages/cat
copying /home/hamilton/souzou/build/cat/build/lib/cat/udp_send_node.py -> /home/hamilton/souzou/install/cat/lib/python3.10/site-packages/cat
copying /home/hamilton/souzou/build/cat/build/lib/cat/pc_controller.py -> /home/hamilton/souzou/install/cat/lib/python3.10/site-packages/cat
copying /home/hamilton/souzou/build/cat/build/lib/cat/cam_node.py -> /home/hamilton/souzou/install/cat/lib/python3.10/site-packages/cat
byte-compiling /home/hamilton/souzou/install/cat/lib/python3.10/site-packages/cat/state_machine.py to state_machine.cpython-310.pyc
byte-compiling /home/hamilton/souzou/install/cat/lib/python3.10/site-packages/cat/udp_receive_node.py to udp_receive_node.cpython-310.pyc
byte-compiling /home/hamilton/souzou/install/cat/lib/python3.10/site-packages/cat/odom_test_node.py to odom_test_node.cpython-310.pyc
byte-compiling /home/hamilton/souzou/install/cat/lib/python3.10/site-packages/cat/__init__.py to __init__.cpython-310.pyc
byte-compiling /home/hamilton/souzou/install/cat/lib/python3.10/site-packages/cat/ps4_joy_node.py to ps4_joy_node.cpython-310.pyc
byte-compiling /home/hamilton/souzou/install/cat/lib/python3.10/site-packages/cat/serial_sample.py to serial_sample.cpython-310.pyc
byte-compiling /home/hamilton/souzou/install/cat/lib/python3.10/site-packages/cat/tcp_receive_node.py to tcp_receive_node.cpython-310.pyc
byte-compiling /home/hamilton/souzou/install/cat/lib/python3.10/site-packages/cat/ps4_controller_node.py to ps4_controller_node.cpython-310.pyc
byte-compiling /home/hamilton/souzou/install/cat/lib/python3.10/site-packages/cat/tcp_send_node.py to tcp_send_node.cpython-310.pyc
byte-compiling /home/hamilton/souzou/install/cat/lib/python3.10/site-packages/cat/udp_send_node.py to udp_send_node.cpython-310.pyc
byte-compiling /home/hamilton/souzou/install/cat/lib/python3.10/site-packages/cat/pc_controller.py to pc_controller.cpython-310.pyc
byte-compiling /home/hamilton/souzou/install/cat/lib/python3.10/site-packages/cat/cam_node.py to cam_node.cpython-310.pyc
running install_data
copying resource/cat -> /home/hamilton/souzou/install/cat/share/ament_index/resource_index/packages
copying package.xml -> /home/hamilton/souzou/install/cat/share/cat
copying launch/cat_launch.py -> /home/hamilton/souzou/install/cat/share/cat/launch
copying launch/__pycache__/cat_launch.cpython-310.pyc -> /home/hamilton/souzou/install/cat/share/cat/launch/__pycache__
running install_egg_info
Copying ../../../build/cat/cat.egg-info to /home/hamilton/souzou/install/cat/lib/python3.10/site-packages/cat-0.0.0-py3.10.egg-info
running install_scripts
Installing aruco_node_tf script to /home/hamilton/souzou/install/cat/lib/cat
Installing cam_node script to /home/hamilton/souzou/install/cat/lib/cat
Installing odom_test_node script to /home/hamilton/souzou/install/cat/lib/cat
Installing pc_controller script to /home/hamilton/souzou/install/cat/lib/cat
Installing ps4_controller_node script to /home/hamilton/souzou/install/cat/lib/cat
Installing ps4_joy_node script to /home/hamilton/souzou/install/cat/lib/cat
Installing state_machine script to /home/hamilton/souzou/install/cat/lib/cat
Installing tcp_receive_node script to /home/hamilton/souzou/install/cat/lib/cat
Installing tcp_send_node script to /home/hamilton/souzou/install/cat/lib/cat
Installing udp_receive_node script to /home/hamilton/souzou/install/cat/lib/cat
Installing udp_send_node script to /home/hamilton/souzou/install/cat/lib/cat
writing list of installed files to '/home/hamilton/souzou/build/cat/install.log'
