[0.804s] Invoking command in '/home/hamilton/souzou/build/cat': AMENT_PREFIX_PATH=/home/hamilton/souzou/install/cat_messages:${AMENT_PREFIX_PATH} CMAKE_PREFIX_PATH=/home/hamilton/souzou/install/cat_messages LD_LIBRARY_PATH=/home/hamilton/souzou/install/cat_messages/lib:/usr/local/lib:/usr/local/cuda/lib64:/usr/lib/x86_64-linux-gnu/gazebo-11/plugins:/opt/ros/humble/opt/rviz_ogre_vendor/lib:/opt/ros/humble/lib/x86_64-linux-gnu:/opt/ros/humble/opt/openvdb_vendor/lib:/opt/ros/humble/lib:/home/hamilton/miniconda3/envs/base/lib:/usr/share/gazebo/../../lib/x86_64-linux-gnu/gazebo-11/plugins:/usr/local/cuda/lib64 PYTHONPATH=/home/hamilton/souzou/build/cat/prefix_override:/usr/lib/python3/dist-packages/colcon_core/task/python/colcon_distutils_commands:/home/hamilton/souzou/install/cat/lib/python3.10/site-packages:/home/hamilton/souzou/install/cat_messages/local/lib/python3.10/dist-packages:${PYTHONPATH} /usr/bin/python3 -W ignore:setup.py install is deprecated -W ignore:easy_install command is deprecated setup.py develop --uninstall --editable --build-directory /home/hamilton/souzou/build/cat/build
[0.950s] /home/hamilton/.local/lib/python3.10/site-packages/setuptools/_distutils/dist.py:261: UserWarning: Unknown distribution option: 'tests_require'
[0.950s]   warnings.warn(msg)
[1.137s] running develop
[1.320s] Removing /home/hamilton/souzou/install/cat/lib/python3.10/site-packages/cat.egg-link (link to .)
[1.341s] Invoked command in '/home/hamilton/souzou/build/cat' returned '0': AMENT_PREFIX_PATH=/home/hamilton/souzou/install/cat_messages:${AMENT_PREFIX_PATH} CMAKE_PREFIX_PATH=/home/hamilton/souzou/install/cat_messages LD_LIBRARY_PATH=/home/hamilton/souzou/install/cat_messages/lib:/usr/local/lib:/usr/local/cuda/lib64:/usr/lib/x86_64-linux-gnu/gazebo-11/plugins:/opt/ros/humble/opt/rviz_ogre_vendor/lib:/opt/ros/humble/lib/x86_64-linux-gnu:/opt/ros/humble/opt/openvdb_vendor/lib:/opt/ros/humble/lib:/home/hamilton/miniconda3/envs/base/lib:/usr/share/gazebo/../../lib/x86_64-linux-gnu/gazebo-11/plugins:/usr/local/cuda/lib64 PYTHONPATH=/home/hamilton/souzou/build/cat/prefix_override:/usr/lib/python3/dist-packages/colcon_core/task/python/colcon_distutils_commands:/home/hamilton/souzou/install/cat/lib/python3.10/site-packages:/home/hamilton/souzou/install/cat_messages/local/lib/python3.10/dist-packages:${PYTHONPATH} /usr/bin/python3 -W ignore:setup.py install is deprecated -W ignore:easy_install command is deprecated setup.py develop --uninstall --editable --build-directory /home/hamilton/souzou/build/cat/build
[1.342s] Invoking command in '/home/hamilton/souzou/souzoukougaku14/src/cat': AMENT_PREFIX_PATH=/home/hamilton/souzou/install/cat_messages:${AMENT_PREFIX_PATH} CMAKE_PREFIX_PATH=/home/hamilton/souzou/install/cat_messages LD_LIBRARY_PATH=/home/hamilton/souzou/install/cat_messages/lib:/usr/local/lib:/usr/local/cuda/lib64:/usr/lib/x86_64-linux-gnu/gazebo-11/plugins:/opt/ros/humble/opt/rviz_ogre_vendor/lib:/opt/ros/humble/lib/x86_64-linux-gnu:/opt/ros/humble/opt/openvdb_vendor/lib:/opt/ros/humble/lib:/home/hamilton/miniconda3/envs/base/lib:/usr/share/gazebo/../../lib/x86_64-linux-gnu/gazebo-11/plugins:/usr/local/cuda/lib64 PYTHONPATH=/home/hamilton/souzou/build/cat/prefix_override:/usr/lib/python3/dist-packages/colcon_core/task/python/colcon_distutils_commands:/home/hamilton/souzou/install/cat/lib/python3.10/site-packages:/home/hamilton/souzou/install/cat_messages/local/lib/python3.10/dist-packages:${PYTHONPATH} /usr/bin/python3 -W ignore:setup.py install is deprecated -W ignore:easy_install command is deprecated setup.py egg_info --egg-base ../../../build/cat build --build-base /home/hamilton/souzou/build/cat/build install --record /home/hamilton/souzou/build/cat/install.log --single-version-externally-managed install_data --force
[1.453s] /home/hamilton/.local/lib/python3.10/site-packages/setuptools/_distutils/dist.py:261: UserWarning: Unknown distribution option: 'tests_require'
[1.453s]   warnings.warn(msg)
[1.538s] running egg_info
[1.551s] writing ../../../build/cat/cat.egg-info/PKG-INFO
[1.552s] writing dependency_links to ../../../build/cat/cat.egg-info/dependency_links.txt
[1.552s] writing entry points to ../../../build/cat/cat.egg-info/entry_points.txt
[1.552s] writing requirements to ../../../build/cat/cat.egg-info/requires.txt
[1.553s] writing top-level names to ../../../build/cat/cat.egg-info/top_level.txt
[1.581s] reading manifest file '../../../build/cat/cat.egg-info/SOURCES.txt'
[1.591s] writing manifest file '../../../build/cat/cat.egg-info/SOURCES.txt'
[1.591s] running build
[1.591s] running build_py
[1.591s] creating /home/hamilton/souzou/build/cat/build/lib/cat
[1.592s] copying cat/state_machine.py -> /home/hamilton/souzou/build/cat/build/lib/cat
[1.592s] copying cat/udp_receive_node.py -> /home/hamilton/souzou/build/cat/build/lib/cat
[1.592s] copying cat/odom_test_node.py -> /home/hamilton/souzou/build/cat/build/lib/cat
[1.592s] copying cat/__init__.py -> /home/hamilton/souzou/build/cat/build/lib/cat
[1.592s] copying cat/ps4_joy_node.py -> /home/hamilton/souzou/build/cat/build/lib/cat
[1.592s] copying cat/serial_sample.py -> /home/hamilton/souzou/build/cat/build/lib/cat
[1.592s] copying cat/tcp_receive_node.py -> /home/hamilton/souzou/build/cat/build/lib/cat
[1.592s] copying cat/ps4_controller_node.py -> /home/hamilton/souzou/build/cat/build/lib/cat
[1.592s] copying cat/tcp_send_node.py -> /home/hamilton/souzou/build/cat/build/lib/cat
[1.593s] copying cat/udp_send_node.py -> /home/hamilton/souzou/build/cat/build/lib/cat
[1.593s] copying cat/pc_controller.py -> /home/hamilton/souzou/build/cat/build/lib/cat
[1.593s] copying cat/cam_node.py -> /home/hamilton/souzou/build/cat/build/lib/cat
[1.593s] running install
[1.598s] running install_lib
[1.612s] creating /home/hamilton/souzou/install/cat/lib/python3.10/site-packages/cat
[1.612s] copying /home/hamilton/souzou/build/cat/build/lib/cat/state_machine.py -> /home/hamilton/souzou/install/cat/lib/python3.10/site-packages/cat
[1.612s] copying /home/hamilton/souzou/build/cat/build/lib/cat/udp_receive_node.py -> /home/hamilton/souzou/install/cat/lib/python3.10/site-packages/cat
[1.612s] copying /home/hamilton/souzou/build/cat/build/lib/cat/odom_test_node.py -> /home/hamilton/souzou/install/cat/lib/python3.10/site-packages/cat
[1.613s] copying /home/hamilton/souzou/build/cat/build/lib/cat/__init__.py -> /home/hamilton/souzou/install/cat/lib/python3.10/site-packages/cat
[1.613s] copying /home/hamilton/souzou/build/cat/build/lib/cat/ps4_joy_node.py -> /home/hamilton/souzou/install/cat/lib/python3.10/site-packages/cat
[1.613s] copying /home/hamilton/souzou/build/cat/build/lib/cat/serial_sample.py -> /home/hamilton/souzou/install/cat/lib/python3.10/site-packages/cat
[1.613s] copying /home/hamilton/souzou/build/cat/build/lib/cat/tcp_receive_node.py -> /home/hamilton/souzou/install/cat/lib/python3.10/site-packages/cat
[1.613s] copying /home/hamilton/souzou/build/cat/build/lib/cat/ps4_controller_node.py -> /home/hamilton/souzou/install/cat/lib/python3.10/site-packages/cat
[1.613s] copying /home/hamilton/souzou/build/cat/build/lib/cat/tcp_send_node.py -> /home/hamilton/souzou/install/cat/lib/python3.10/site-packages/cat
[1.613s] copying /home/hamilton/souzou/build/cat/build/lib/cat/udp_send_node.py -> /home/hamilton/souzou/install/cat/lib/python3.10/site-packages/cat
[1.613s] copying /home/hamilton/souzou/build/cat/build/lib/cat/pc_controller.py -> /home/hamilton/souzou/install/cat/lib/python3.10/site-packages/cat
[1.613s] copying /home/hamilton/souzou/build/cat/build/lib/cat/cam_node.py -> /home/hamilton/souzou/install/cat/lib/python3.10/site-packages/cat
[1.614s] byte-compiling /home/hamilton/souzou/install/cat/lib/python3.10/site-packages/cat/state_machine.py to state_machine.cpython-310.pyc
[1.615s] byte-compiling /home/hamilton/souzou/install/cat/lib/python3.10/site-packages/cat/udp_receive_node.py to udp_receive_node.cpython-310.pyc
[1.616s] byte-compiling /home/hamilton/souzou/install/cat/lib/python3.10/site-packages/cat/odom_test_node.py to odom_test_node.cpython-310.pyc
[1.616s] byte-compiling /home/hamilton/souzou/install/cat/lib/python3.10/site-packages/cat/__init__.py to __init__.cpython-310.pyc
[1.616s] byte-compiling /home/hamilton/souzou/install/cat/lib/python3.10/site-packages/cat/ps4_joy_node.py to ps4_joy_node.cpython-310.pyc
[1.617s] byte-compiling /home/hamilton/souzou/install/cat/lib/python3.10/site-packages/cat/serial_sample.py to serial_sample.cpython-310.pyc
[1.617s] byte-compiling /home/hamilton/souzou/install/cat/lib/python3.10/site-packages/cat/tcp_receive_node.py to tcp_receive_node.cpython-310.pyc
[1.618s] byte-compiling /home/hamilton/souzou/install/cat/lib/python3.10/site-packages/cat/ps4_controller_node.py to ps4_controller_node.cpython-310.pyc
[1.618s] byte-compiling /home/hamilton/souzou/install/cat/lib/python3.10/site-packages/cat/tcp_send_node.py to tcp_send_node.cpython-310.pyc
[1.619s] byte-compiling /home/hamilton/souzou/install/cat/lib/python3.10/site-packages/cat/udp_send_node.py to udp_send_node.cpython-310.pyc
[1.619s] byte-compiling /home/hamilton/souzou/install/cat/lib/python3.10/site-packages/cat/pc_controller.py to pc_controller.cpython-310.pyc
[1.620s] byte-compiling /home/hamilton/souzou/install/cat/lib/python3.10/site-packages/cat/cam_node.py to cam_node.cpython-310.pyc
[1.621s] running install_data
[1.621s] copying resource/cat -> /home/hamilton/souzou/install/cat/share/ament_index/resource_index/packages
[1.622s] copying package.xml -> /home/hamilton/souzou/install/cat/share/cat
[1.622s] copying launch/cat_launch.py -> /home/hamilton/souzou/install/cat/share/cat/launch
[1.622s] copying launch/__pycache__/cat_launch.cpython-310.pyc -> /home/hamilton/souzou/install/cat/share/cat/launch/__pycache__
[1.623s] running install_egg_info
[1.639s] Copying ../../../build/cat/cat.egg-info to /home/hamilton/souzou/install/cat/lib/python3.10/site-packages/cat-0.0.0-py3.10.egg-info
[1.640s] running install_scripts
[1.755s] Installing aruco_node_tf script to /home/hamilton/souzou/install/cat/lib/cat
[1.755s] Installing cam_node script to /home/hamilton/souzou/install/cat/lib/cat
[1.755s] Installing odom_test_node script to /home/hamilton/souzou/install/cat/lib/cat
[1.757s] Installing pc_controller script to /home/hamilton/souzou/install/cat/lib/cat
[1.757s] Installing ps4_controller_node script to /home/hamilton/souzou/install/cat/lib/cat
[1.757s] Installing ps4_joy_node script to /home/hamilton/souzou/install/cat/lib/cat
[1.757s] Installing state_machine script to /home/hamilton/souzou/install/cat/lib/cat
[1.757s] Installing tcp_receive_node script to /home/hamilton/souzou/install/cat/lib/cat
[1.757s] Installing tcp_send_node script to /home/hamilton/souzou/install/cat/lib/cat
[1.758s] Installing udp_receive_node script to /home/hamilton/souzou/install/cat/lib/cat
[1.758s] Installing udp_send_node script to /home/hamilton/souzou/install/cat/lib/cat
[1.758s] writing list of installed files to '/home/hamilton/souzou/build/cat/install.log'
[1.778s] Invoked command in '/home/hamilton/souzou/souzoukougaku14/src/cat' returned '0': AMENT_PREFIX_PATH=/home/hamilton/souzou/install/cat_messages:${AMENT_PREFIX_PATH} CMAKE_PREFIX_PATH=/home/hamilton/souzou/install/cat_messages LD_LIBRARY_PATH=/home/hamilton/souzou/install/cat_messages/lib:/usr/local/lib:/usr/local/cuda/lib64:/usr/lib/x86_64-linux-gnu/gazebo-11/plugins:/opt/ros/humble/opt/rviz_ogre_vendor/lib:/opt/ros/humble/lib/x86_64-linux-gnu:/opt/ros/humble/opt/openvdb_vendor/lib:/opt/ros/humble/lib:/home/hamilton/miniconda3/envs/base/lib:/usr/share/gazebo/../../lib/x86_64-linux-gnu/gazebo-11/plugins:/usr/local/cuda/lib64 PYTHONPATH=/home/hamilton/souzou/build/cat/prefix_override:/usr/lib/python3/dist-packages/colcon_core/task/python/colcon_distutils_commands:/home/hamilton/souzou/install/cat/lib/python3.10/site-packages:/home/hamilton/souzou/install/cat_messages/local/lib/python3.10/dist-packages:${PYTHONPATH} /usr/bin/python3 -W ignore:setup.py install is deprecated -W ignore:easy_install command is deprecated setup.py egg_info --egg-base ../../../build/cat build --build-base /home/hamilton/souzou/build/cat/build install --record /home/hamilton/souzou/build/cat/install.log --single-version-externally-managed install_data --force
