[0.012s] Invoking command in '/home/hamilton/souzou/src/build/cat_messages': CMAKE_PREFIX_PATH=/opt/ros/humble CONDA_PROMPT_MODIFIER=(souzou) /usr/bin/cmake --build /home/hamilton/souzou/src/build/cat_messages -- -j8 -l8
[0.095s] [  3%] Built target cat_messages__cpp
[0.100s] [  3%] Built target ament_cmake_python_symlink_cat_messages
[0.105s] [ 12%] Built target cat_messages__rosidl_generator_c
[0.127s] [ 22%] Built target cat_messages__rosidl_typesupport_introspection_cpp
[0.127s] [ 32%] Built target cat_messages__rosidl_typesupport_cpp
[0.127s] [ 41%] Built target cat_messages__rosidl_typesupport_fastrtps_cpp
[0.128s] [ 61%] Built target cat_messages__rosidl_typesupport_c
[0.128s] [ 61%] Built target cat_messages__rosidl_typesupport_introspection_c
[0.128s] [ 70%] Built target cat_messages__rosidl_typesupport_fastrtps_c
[0.146s] [ 70%] Built target cat_messages
[0.163s] [ 74%] Built target cat_messages__py
[0.187s] [ 80%] Built target cat_messages__rosidl_generator_py
[0.206s] [100%] Built target cat_messages__rosidl_typesupport_introspection_c__pyext
[0.206s] [100%] Built target cat_messages__rosidl_typesupport_c__pyext
[0.206s] [100%] Built target cat_messages__rosidl_typesupport_fastrtps_c__pyext
[0.265s] running egg_info
[0.266s] writing cat_messages.egg-info/PKG-INFO
[0.266s] writing dependency_links to cat_messages.egg-info/dependency_links.txt
[0.267s] writing top-level names to cat_messages.egg-info/top_level.txt
[0.269s] reading manifest file 'cat_messages.egg-info/SOURCES.txt'
[0.270s] writing manifest file 'cat_messages.egg-info/SOURCES.txt'
[0.289s] [100%] Built target ament_cmake_python_build_cat_messages_egg
[0.297s] Invoked command in '/home/hamilton/souzou/src/build/cat_messages' returned '0': CMAKE_PREFIX_PATH=/opt/ros/humble CONDA_PROMPT_MODIFIER=(souzou) /usr/bin/cmake --build /home/hamilton/souzou/src/build/cat_messages -- -j8 -l8
[0.379s] Invoking command in '/home/hamilton/souzou/src/build/cat_messages': CMAKE_PREFIX_PATH=/opt/ros/humble CONDA_PROMPT_MODIFIER=(souzou) /usr/bin/cmake --install /home/hamilton/souzou/src/build/cat_messages
[0.391s] -- Install configuration: ""
[0.393s] -- Execute custom install script
[0.393s] -- Up-to-date symlink: /home/hamilton/souzou/src/install/cat_messages/share/ament_index/resource_index/rosidl_interfaces/cat_messages
[0.394s] -- Up-to-date symlink: /home/hamilton/souzou/src/install/cat_messages/include/cat_messages/cat_messages/msg/detail/joy_cat__functions.h
[0.394s] -- Up-to-date symlink: /home/hamilton/souzou/src/install/cat_messages/include/cat_messages/cat_messages/msg/detail/joy_cat__struct.h
[0.394s] -- Up-to-date symlink: /home/hamilton/souzou/src/install/cat_messages/include/cat_messages/cat_messages/msg/detail/joy_cat__type_support.h
[0.394s] -- Up-to-date symlink: /home/hamilton/souzou/src/install/cat_messages/include/cat_messages/cat_messages/msg/joy_cat.h
[0.394s] -- Up-to-date symlink: /home/hamilton/souzou/src/install/cat_messages/include/cat_messages/cat_messages/msg/rosidl_generator_c__visibility_control.h
[0.395s] -- Up-to-date symlink: /home/hamilton/souzou/src/install/cat_messages/share/cat_messages/environment/library_path.sh
[0.395s] -- Up-to-date symlink: /home/hamilton/souzou/src/install/cat_messages/share/cat_messages/environment/library_path.dsv
[0.395s] -- Up-to-date symlink: /home/hamilton/souzou/src/install/cat_messages/include/cat_messages/cat_messages/msg/detail/joy_cat__rosidl_typesupport_fastrtps_c.h
[0.395s] -- Up-to-date symlink: /home/hamilton/souzou/src/install/cat_messages/include/cat_messages/cat_messages/msg/rosidl_typesupport_fastrtps_c__visibility_control.h
[0.395s] -- Up-to-date symlink: /home/hamilton/souzou/src/install/cat_messages/include/cat_messages/cat_messages/msg/detail/joy_cat__rosidl_typesupport_introspection_c.h
[0.395s] -- Up-to-date symlink: /home/hamilton/souzou/src/install/cat_messages/include/cat_messages/cat_messages/msg/rosidl_typesupport_introspection_c__visibility_control.h
[0.396s] -- Up-to-date symlink: /home/hamilton/souzou/src/install/cat_messages/include/cat_messages/cat_messages/msg/detail/joy_cat__builder.hpp
[0.396s] -- Up-to-date symlink: /home/hamilton/souzou/src/install/cat_messages/include/cat_messages/cat_messages/msg/detail/joy_cat__struct.hpp
[0.396s] -- Up-to-date symlink: /home/hamilton/souzou/src/install/cat_messages/include/cat_messages/cat_messages/msg/detail/joy_cat__traits.hpp
[0.396s] -- Up-to-date symlink: /home/hamilton/souzou/src/install/cat_messages/include/cat_messages/cat_messages/msg/joy_cat.hpp
[0.396s] -- Up-to-date symlink: /home/hamilton/souzou/src/install/cat_messages/include/cat_messages/cat_messages/msg/detail/joy_cat__rosidl_typesupport_fastrtps_cpp.hpp
[0.396s] -- Up-to-date symlink: /home/hamilton/souzou/src/install/cat_messages/include/cat_messages/cat_messages/msg/rosidl_typesupport_fastrtps_cpp__visibility_control.h
[0.397s] -- Up-to-date symlink: /home/hamilton/souzou/src/install/cat_messages/include/cat_messages/cat_messages/msg/detail/joy_cat__rosidl_typesupport_introspection_cpp.hpp
[0.397s] -- Up-to-date symlink: /home/hamilton/souzou/src/install/cat_messages/share/cat_messages/environment/pythonpath.sh
[0.397s] -- Up-to-date symlink: /home/hamilton/souzou/src/install/cat_messages/share/cat_messages/environment/pythonpath.dsv
[0.397s] -- Up-to-date symlink: /home/hamilton/souzou/src/install/cat_messages/local/lib/python3.10/dist-packages/cat_messages-0.0.0-py3.10.egg-info/PKG-INFO
[0.397s] -- Up-to-date symlink: /home/hamilton/souzou/src/install/cat_messages/local/lib/python3.10/dist-packages/cat_messages-0.0.0-py3.10.egg-info/SOURCES.txt
[0.397s] -- Up-to-date symlink: /home/hamilton/souzou/src/install/cat_messages/local/lib/python3.10/dist-packages/cat_messages-0.0.0-py3.10.egg-info/dependency_links.txt
[0.397s] -- Up-to-date symlink: /home/hamilton/souzou/src/install/cat_messages/local/lib/python3.10/dist-packages/cat_messages-0.0.0-py3.10.egg-info/top_level.txt
[0.398s] -- Up-to-date symlink: /home/hamilton/souzou/src/install/cat_messages/local/lib/python3.10/dist-packages/cat_messages/__init__.py
[0.398s] -- Up-to-date symlink: /home/hamilton/souzou/src/install/cat_messages/local/lib/python3.10/dist-packages/cat_messages/_cat_messages_s.ep.rosidl_typesupport_c.c
[0.398s] -- Up-to-date symlink: /home/hamilton/souzou/src/install/cat_messages/local/lib/python3.10/dist-packages/cat_messages/_cat_messages_s.ep.rosidl_typesupport_fastrtps_c.c
[0.398s] -- Up-to-date symlink: /home/hamilton/souzou/src/install/cat_messages/local/lib/python3.10/dist-packages/cat_messages/_cat_messages_s.ep.rosidl_typesupport_introspection_c.c
[0.398s] -- Up-to-date symlink: /home/hamilton/souzou/src/install/cat_messages/local/lib/python3.10/dist-packages/cat_messages/cat_messages_s__rosidl_typesupport_c.cpython-310-x86_64-linux-gnu.so
[0.398s] -- Up-to-date symlink: /home/hamilton/souzou/src/install/cat_messages/local/lib/python3.10/dist-packages/cat_messages/cat_messages_s__rosidl_typesupport_fastrtps_c.cpython-310-x86_64-linux-gnu.so
[0.398s] -- Up-to-date symlink: /home/hamilton/souzou/src/install/cat_messages/local/lib/python3.10/dist-packages/cat_messages/cat_messages_s__rosidl_typesupport_introspection_c.cpython-310-x86_64-linux-gnu.so
[0.398s] -- Up-to-date symlink: /home/hamilton/souzou/src/install/cat_messages/local/lib/python3.10/dist-packages/cat_messages/libcat_messages__rosidl_generator_py.so
[0.398s] -- Up-to-date symlink: /home/hamilton/souzou/src/install/cat_messages/local/lib/python3.10/dist-packages/cat_messages/msg/__init__.py
[0.398s] -- Up-to-date symlink: /home/hamilton/souzou/src/install/cat_messages/local/lib/python3.10/dist-packages/cat_messages/msg/_joy_cat.py
[0.398s] -- Up-to-date symlink: /home/hamilton/souzou/src/install/cat_messages/local/lib/python3.10/dist-packages/cat_messages/msg/_joy_cat_s.c
[0.399s] -- Up-to-date symlink: /home/hamilton/souzou/src/install/cat_messages/local/lib/python3.10/dist-packages/cat_messages/cat_messages_s__rosidl_typesupport_fastrtps_c.cpython-310-x86_64-linux-gnu.so
[0.399s] -- Up-to-date symlink: /home/hamilton/souzou/src/install/cat_messages/local/lib/python3.10/dist-packages/cat_messages/cat_messages_s__rosidl_typesupport_introspection_c.cpython-310-x86_64-linux-gnu.so
[0.400s] -- Up-to-date symlink: /home/hamilton/souzou/src/install/cat_messages/local/lib/python3.10/dist-packages/cat_messages/cat_messages_s__rosidl_typesupport_c.cpython-310-x86_64-linux-gnu.so
[0.400s] -- Up-to-date symlink: /home/hamilton/souzou/src/install/cat_messages/share/cat_messages/msg/JoyCat.idl
[0.400s] -- Up-to-date symlink: /home/hamilton/souzou/src/install/cat_messages/share/cat_messages/msg/JoyCat.msg
[0.400s] -- Up-to-date symlink: /home/hamilton/souzou/src/install/cat_messages/share/ament_index/resource_index/package_run_dependencies/cat_messages
[0.400s] -- Up-to-date symlink: /home/hamilton/souzou/src/install/cat_messages/share/ament_index/resource_index/parent_prefix_path/cat_messages
[0.400s] -- Up-to-date symlink: /home/hamilton/souzou/src/install/cat_messages/share/cat_messages/environment/ament_prefix_path.sh
[0.400s] -- Up-to-date symlink: /home/hamilton/souzou/src/install/cat_messages/share/cat_messages/environment/ament_prefix_path.dsv
[0.400s] -- Up-to-date symlink: /home/hamilton/souzou/src/install/cat_messages/share/cat_messages/environment/path.sh
[0.400s] -- Up-to-date symlink: /home/hamilton/souzou/src/install/cat_messages/share/cat_messages/environment/path.dsv
[0.400s] -- Up-to-date symlink: /home/hamilton/souzou/src/install/cat_messages/share/cat_messages/local_setup.bash
[0.400s] -- Up-to-date symlink: /home/hamilton/souzou/src/install/cat_messages/share/cat_messages/local_setup.sh
[0.400s] -- Up-to-date symlink: /home/hamilton/souzou/src/install/cat_messages/share/cat_messages/local_setup.zsh
[0.400s] -- Up-to-date symlink: /home/hamilton/souzou/src/install/cat_messages/share/cat_messages/local_setup.dsv
[0.401s] -- Symlinking: /home/hamilton/souzou/src/install/cat_messages/share/cat_messages/package.dsv
[0.406s] -- Up-to-date symlink: /home/hamilton/souzou/src/install/cat_messages/share/ament_index/resource_index/packages/cat_messages
[0.406s] -- Up-to-date symlink: /home/hamilton/souzou/src/install/cat_messages/share/cat_messages/cmake/rosidl_cmake-extras.cmake
[0.407s] -- Up-to-date symlink: /home/hamilton/souzou/src/install/cat_messages/share/cat_messages/cmake/ament_cmake_export_include_directories-extras.cmake
[0.407s] -- Up-to-date symlink: /home/hamilton/souzou/src/install/cat_messages/share/cat_messages/cmake/ament_cmake_export_libraries-extras.cmake
[0.407s] -- Up-to-date symlink: /home/hamilton/souzou/src/install/cat_messages/share/cat_messages/cmake/ament_cmake_export_targets-extras.cmake
[0.407s] -- Up-to-date symlink: /home/hamilton/souzou/src/install/cat_messages/share/cat_messages/cmake/rosidl_cmake_export_typesupport_targets-extras.cmake
[0.407s] -- Up-to-date symlink: /home/hamilton/souzou/src/install/cat_messages/share/cat_messages/cmake/ament_cmake_export_dependencies-extras.cmake
[0.407s] -- Up-to-date symlink: /home/hamilton/souzou/src/install/cat_messages/share/cat_messages/cmake/rosidl_cmake_export_typesupport_libraries-extras.cmake
[0.407s] -- Up-to-date symlink: /home/hamilton/souzou/src/install/cat_messages/share/cat_messages/cmake/cat_messagesConfig.cmake
[0.407s] -- Up-to-date symlink: /home/hamilton/souzou/src/install/cat_messages/share/cat_messages/cmake/cat_messagesConfig-version.cmake
[0.407s] -- Up-to-date symlink: /home/hamilton/souzou/src/install/cat_messages/share/cat_messages/package.xml
[0.408s] -- Up-to-date: /home/hamilton/souzou/src/install/cat_messages/lib/libcat_messages__rosidl_generator_c.so
[0.409s] -- Up-to-date: /home/hamilton/souzou/src/install/cat_messages/lib/libcat_messages__rosidl_typesupport_fastrtps_c.so
[0.409s] -- Up-to-date: /home/hamilton/souzou/src/install/cat_messages/lib/libcat_messages__rosidl_typesupport_introspection_c.so
[0.410s] -- Up-to-date: /home/hamilton/souzou/src/install/cat_messages/lib/libcat_messages__rosidl_typesupport_c.so
[0.410s] -- Up-to-date: /home/hamilton/souzou/src/install/cat_messages/lib/libcat_messages__rosidl_typesupport_fastrtps_cpp.so
[0.411s] -- Up-to-date: /home/hamilton/souzou/src/install/cat_messages/lib/libcat_messages__rosidl_typesupport_introspection_cpp.so
[0.412s] -- Up-to-date: /home/hamilton/souzou/src/install/cat_messages/lib/libcat_messages__rosidl_typesupport_cpp.so
[0.434s] Listing '/home/hamilton/souzou/src/install/cat_messages/local/lib/python3.10/dist-packages/cat_messages'...
[0.434s] Listing '/home/hamilton/souzou/src/install/cat_messages/local/lib/python3.10/dist-packages/cat_messages/msg'...
[0.438s] -- Up-to-date: /home/hamilton/souzou/src/install/cat_messages/lib/libcat_messages__rosidl_generator_py.so
[0.439s] -- Up-to-date: /home/hamilton/souzou/src/install/cat_messages/share/cat_messages/cmake/export_cat_messages__rosidl_generator_cExport.cmake
[0.439s] -- Up-to-date: /home/hamilton/souzou/src/install/cat_messages/share/cat_messages/cmake/export_cat_messages__rosidl_generator_cExport-noconfig.cmake
[0.439s] -- Up-to-date: /home/hamilton/souzou/src/install/cat_messages/share/cat_messages/cmake/export_cat_messages__rosidl_typesupport_fastrtps_cExport.cmake
[0.439s] -- Up-to-date: /home/hamilton/souzou/src/install/cat_messages/share/cat_messages/cmake/export_cat_messages__rosidl_typesupport_fastrtps_cExport-noconfig.cmake
[0.440s] -- Up-to-date: /home/hamilton/souzou/src/install/cat_messages/share/cat_messages/cmake/cat_messages__rosidl_typesupport_introspection_cExport.cmake
[0.440s] -- Up-to-date: /home/hamilton/souzou/src/install/cat_messages/share/cat_messages/cmake/cat_messages__rosidl_typesupport_introspection_cExport-noconfig.cmake
[0.441s] -- Up-to-date: /home/hamilton/souzou/src/install/cat_messages/share/cat_messages/cmake/cat_messages__rosidl_typesupport_cExport.cmake
[0.441s] -- Up-to-date: /home/hamilton/souzou/src/install/cat_messages/share/cat_messages/cmake/cat_messages__rosidl_typesupport_cExport-noconfig.cmake
[0.441s] -- Up-to-date: /home/hamilton/souzou/src/install/cat_messages/share/cat_messages/cmake/export_cat_messages__rosidl_generator_cppExport.cmake
[0.442s] -- Up-to-date: /home/hamilton/souzou/src/install/cat_messages/share/cat_messages/cmake/export_cat_messages__rosidl_typesupport_fastrtps_cppExport.cmake
[0.442s] -- Up-to-date: /home/hamilton/souzou/src/install/cat_messages/share/cat_messages/cmake/export_cat_messages__rosidl_typesupport_fastrtps_cppExport-noconfig.cmake
[0.442s] -- Up-to-date: /home/hamilton/souzou/src/install/cat_messages/share/cat_messages/cmake/cat_messages__rosidl_typesupport_introspection_cppExport.cmake
[0.442s] -- Up-to-date: /home/hamilton/souzou/src/install/cat_messages/share/cat_messages/cmake/cat_messages__rosidl_typesupport_introspection_cppExport-noconfig.cmake
[0.443s] -- Up-to-date: /home/hamilton/souzou/src/install/cat_messages/share/cat_messages/cmake/cat_messages__rosidl_typesupport_cppExport.cmake
[0.443s] -- Up-to-date: /home/hamilton/souzou/src/install/cat_messages/share/cat_messages/cmake/cat_messages__rosidl_typesupport_cppExport-noconfig.cmake
[0.443s] -- Up-to-date: /home/hamilton/souzou/src/install/cat_messages/share/cat_messages/cmake/export_cat_messages__rosidl_generator_pyExport.cmake
[0.443s] -- Up-to-date: /home/hamilton/souzou/src/install/cat_messages/share/cat_messages/cmake/export_cat_messages__rosidl_generator_pyExport-noconfig.cmake
[0.445s] Invoked command in '/home/hamilton/souzou/src/build/cat_messages' returned '0': CMAKE_PREFIX_PATH=/opt/ros/humble CONDA_PROMPT_MODIFIER=(souzou) /usr/bin/cmake --install /home/hamilton/souzou/src/build/cat_messages
