[0.475s] Invoking command in '/home/hamilton/souzou/src/cat': CONDA_PROMPT_MODIFIER=(souzou) PYTHONPATH=/home/hamilton/souzou/src/build/cat/prefix_override:/usr/lib/python3/dist-packages/colcon_core/task/python/colcon_distutils_commands:/home/hamilton/souzou/src/install/cat/lib/python3.10/site-packages:${PYTHONPATH} /usr/bin/python3 -W ignore:setup.py install is deprecated setup.py egg_info --egg-base ../build/cat build --build-base /home/hamilton/souzou/src/build/cat/build install --record /home/hamilton/souzou/src/build/cat/install.log --single-version-externally-managed install_data
[0.654s] running egg_info
[0.654s] writing ../build/cat/cat.egg-info/PKG-INFO
[0.654s] writing dependency_links to ../build/cat/cat.egg-info/dependency_links.txt
[0.654s] writing entry points to ../build/cat/cat.egg-info/entry_points.txt
[0.655s] writing requirements to ../build/cat/cat.egg-info/requires.txt
[0.656s] writing top-level names to ../build/cat/cat.egg-info/top_level.txt
[0.658s] reading manifest file '../build/cat/cat.egg-info/SOURCES.txt'
[0.658s] writing manifest file '../build/cat/cat.egg-info/SOURCES.txt'
[0.658s] running build
[0.658s] running build_py
[0.659s] running install
[0.659s] running install_lib
[0.660s] running install_data
[0.660s] running install_egg_info
[0.661s] removing '/home/hamilton/souzou/src/install/cat/lib/python3.10/site-packages/cat-0.0.0-py3.10.egg-info' (and everything under it)
[0.661s] Copying ../build/cat/cat.egg-info to /home/hamilton/souzou/src/install/cat/lib/python3.10/site-packages/cat-0.0.0-py3.10.egg-info
[0.662s] running install_scripts
[0.677s] Installing pc_controller script to /home/hamilton/souzou/src/install/cat/lib/cat
[0.677s] Installing state_machine script to /home/hamilton/souzou/src/install/cat/lib/cat
[0.677s] Installing udp_node script to /home/hamilton/souzou/src/install/cat/lib/cat
[0.677s] writing list of installed files to '/home/hamilton/souzou/src/build/cat/install.log'
[0.693s] Invoked command in '/home/hamilton/souzou/src/cat' returned '0': CONDA_PROMPT_MODIFIER=(souzou) PYTHONPATH=/home/hamilton/souzou/src/build/cat/prefix_override:/usr/lib/python3/dist-packages/colcon_core/task/python/colcon_distutils_commands:/home/hamilton/souzou/src/install/cat/lib/python3.10/site-packages:${PYTHONPATH} /usr/bin/python3 -W ignore:setup.py install is deprecated setup.py egg_info --egg-base ../build/cat build --build-base /home/hamilton/souzou/src/build/cat/build install --record /home/hamilton/souzou/src/build/cat/install.log --single-version-externally-managed install_data
