[0.626s] Invoking command in '/home/hamilton/souzou/build/ros2_aruco': PYTHONPATH=/home/hamilton/souzou/build/ros2_aruco/prefix_override:/usr/lib/python3/dist-packages/colcon_core/task/python/colcon_distutils_commands:/home/hamilton/souzou/install/ros2_aruco/lib/python3.10/site-packages:${PYTHONPATH} /usr/bin/python3 -W ignore:setup.py install is deprecated -W ignore:easy_install command is deprecated setup.py develop --uninstall --editable --build-directory /home/hamilton/souzou/build/ros2_aruco/build
[0.747s] /home/hamilton/.local/lib/python3.10/site-packages/setuptools/_distutils/dist.py:261: UserWarning: Unknown distribution option: 'tests_require'
[0.747s]   warnings.warn(msg)
[0.890s] running develop
[1.109s] Removing /home/hamilton/souzou/install/ros2_aruco/lib/python3.10/site-packages/ros2-aruco.egg-link (link to .)
[1.135s] Invoked command in '/home/hamilton/souzou/build/ros2_aruco' returned '0': PYTHONPATH=/home/hamilton/souzou/build/ros2_aruco/prefix_override:/usr/lib/python3/dist-packages/colcon_core/task/python/colcon_distutils_commands:/home/hamilton/souzou/install/ros2_aruco/lib/python3.10/site-packages:${PYTHONPATH} /usr/bin/python3 -W ignore:setup.py install is deprecated -W ignore:easy_install command is deprecated setup.py develop --uninstall --editable --build-directory /home/hamilton/souzou/build/ros2_aruco/build
[1.136s] Invoking command in '/home/hamilton/souzou/ros2_aruco/ros2_aruco': PYTHONPATH=/home/hamilton/souzou/build/ros2_aruco/prefix_override:/usr/lib/python3/dist-packages/colcon_core/task/python/colcon_distutils_commands:/home/hamilton/souzou/install/ros2_aruco/lib/python3.10/site-packages:${PYTHONPATH} /usr/bin/python3 -W ignore:setup.py install is deprecated -W ignore:easy_install command is deprecated setup.py egg_info --egg-base ../../build/ros2_aruco build --build-base /home/hamilton/souzou/build/ros2_aruco/build install --record /home/hamilton/souzou/build/ros2_aruco/install.log --single-version-externally-managed install_data --force
[1.261s] /home/hamilton/.local/lib/python3.10/site-packages/setuptools/_distutils/dist.py:261: UserWarning: Unknown distribution option: 'tests_require'
[1.261s]   warnings.warn(msg)
[1.376s] running egg_info
[1.396s] writing ../../build/ros2_aruco/ros2_aruco.egg-info/PKG-INFO
[1.397s] writing dependency_links to ../../build/ros2_aruco/ros2_aruco.egg-info/dependency_links.txt
[1.397s] writing entry points to ../../build/ros2_aruco/ros2_aruco.egg-info/entry_points.txt
[1.397s] writing requirements to ../../build/ros2_aruco/ros2_aruco.egg-info/requires.txt
[1.397s] writing top-level names to ../../build/ros2_aruco/ros2_aruco.egg-info/top_level.txt
[1.441s] reading manifest file '../../build/ros2_aruco/ros2_aruco.egg-info/SOURCES.txt'
[1.443s] writing manifest file '../../build/ros2_aruco/ros2_aruco.egg-info/SOURCES.txt'
[1.443s] running build
[1.443s] running build_py
[1.443s] copying ros2_aruco/__init__.py -> /home/hamilton/souzou/build/ros2_aruco/build/lib/ros2_aruco
[1.443s] copying ros2_aruco/aruco_generate_marker.py -> /home/hamilton/souzou/build/ros2_aruco/build/lib/ros2_aruco
[1.443s] copying ros2_aruco/aruco_node_tf.py -> /home/hamilton/souzou/build/ros2_aruco/build/lib/ros2_aruco
[1.443s] copying ros2_aruco/aruco_node.py -> /home/hamilton/souzou/build/ros2_aruco/build/lib/ros2_aruco
[1.443s] copying ros2_aruco/transformations.py -> /home/hamilton/souzou/build/ros2_aruco/build/lib/ros2_aruco
[1.444s] running install
[1.451s] running install_lib
[1.469s] creating /home/hamilton/souzou/install/ros2_aruco/lib/python3.10/site-packages/ros2_aruco
[1.469s] copying /home/hamilton/souzou/build/ros2_aruco/build/lib/ros2_aruco/__init__.py -> /home/hamilton/souzou/install/ros2_aruco/lib/python3.10/site-packages/ros2_aruco
[1.469s] copying /home/hamilton/souzou/build/ros2_aruco/build/lib/ros2_aruco/aruco_generate_marker.py -> /home/hamilton/souzou/install/ros2_aruco/lib/python3.10/site-packages/ros2_aruco
[1.469s] copying /home/hamilton/souzou/build/ros2_aruco/build/lib/ros2_aruco/aruco_node_tf.py -> /home/hamilton/souzou/install/ros2_aruco/lib/python3.10/site-packages/ros2_aruco
[1.469s] copying /home/hamilton/souzou/build/ros2_aruco/build/lib/ros2_aruco/aruco_node.py -> /home/hamilton/souzou/install/ros2_aruco/lib/python3.10/site-packages/ros2_aruco
[1.469s] copying /home/hamilton/souzou/build/ros2_aruco/build/lib/ros2_aruco/transformations.py -> /home/hamilton/souzou/install/ros2_aruco/lib/python3.10/site-packages/ros2_aruco
[1.470s] byte-compiling /home/hamilton/souzou/install/ros2_aruco/lib/python3.10/site-packages/ros2_aruco/__init__.py to __init__.cpython-310.pyc
[1.470s] byte-compiling /home/hamilton/souzou/install/ros2_aruco/lib/python3.10/site-packages/ros2_aruco/aruco_generate_marker.py to aruco_generate_marker.cpython-310.pyc
[1.470s] byte-compiling /home/hamilton/souzou/install/ros2_aruco/lib/python3.10/site-packages/ros2_aruco/aruco_node_tf.py to aruco_node_tf.cpython-310.pyc
[1.471s] byte-compiling /home/hamilton/souzou/install/ros2_aruco/lib/python3.10/site-packages/ros2_aruco/aruco_node.py to aruco_node.cpython-310.pyc
[1.472s] byte-compiling /home/hamilton/souzou/install/ros2_aruco/lib/python3.10/site-packages/ros2_aruco/transformations.py to transformations.cpython-310.pyc
[1.478s] running install_data
[1.479s] copying resource/ros2_aruco -> /home/hamilton/souzou/install/ros2_aruco/share/ament_index/resource_index/packages
[1.479s] copying package.xml -> /home/hamilton/souzou/install/ros2_aruco/share/ros2_aruco
[1.479s] copying launch/aruco_recognition.launch.py -> /home/hamilton/souzou/install/ros2_aruco/share/ros2_aruco/launch
[1.479s] copying config/aruco_parameters.yaml -> /home/hamilton/souzou/install/ros2_aruco/share/ros2_aruco/config
[1.479s] running install_egg_info
[1.500s] Copying ../../build/ros2_aruco/ros2_aruco.egg-info to /home/hamilton/souzou/install/ros2_aruco/lib/python3.10/site-packages/ros2_aruco-0.1.0-py3.10.egg-info
[1.501s] running install_scripts
[1.630s] Installing aruco_generate_marker script to /home/hamilton/souzou/install/ros2_aruco/lib/ros2_aruco
[1.630s] Installing aruco_node script to /home/hamilton/souzou/install/ros2_aruco/lib/ros2_aruco
[1.631s] Installing aruco_node_tf script to /home/hamilton/souzou/install/ros2_aruco/lib/ros2_aruco
[1.633s] writing list of installed files to '/home/hamilton/souzou/build/ros2_aruco/install.log'
[1.651s] Invoked command in '/home/hamilton/souzou/ros2_aruco/ros2_aruco' returned '0': PYTHONPATH=/home/hamilton/souzou/build/ros2_aruco/prefix_override:/usr/lib/python3/dist-packages/colcon_core/task/python/colcon_distutils_commands:/home/hamilton/souzou/install/ros2_aruco/lib/python3.10/site-packages:${PYTHONPATH} /usr/bin/python3 -W ignore:setup.py install is deprecated -W ignore:easy_install command is deprecated setup.py egg_info --egg-base ../../build/ros2_aruco build --build-base /home/hamilton/souzou/build/ros2_aruco/build install --record /home/hamilton/souzou/build/ros2_aruco/install.log --single-version-externally-managed install_data --force
