[0.006s] Invoking command in '/home/hamilton/souzou/src/build/cat_messages': CMAKE_PREFIX_PATH=/home/hamilton/souzou/src/install/cat:/opt/ros/humble /usr/bin/cmake /home/hamilton/souzou/src/cat_messages -DAMENT_CMAKE_SYMLINK_INSTALL=1 -DCMAKE_INSTALL_PREFIX=/home/hamilton/souzou/src/install/cat_messages
[0.175s] -- The C compiler identification is GNU 11.4.0
[0.345s] -- The CXX compiler identification is GNU 11.4.0
[0.356s] -- Detecting C compiler ABI info
[0.414s] -- Detecting C compiler ABI info - done
[0.419s] -- Check for working C compiler: /usr/bin/cc - skipped
[0.420s] -- Detecting C compile features
[0.421s] -- Detecting C compile features - done
[0.425s] -- Detecting CXX compiler ABI info
[0.484s] -- Detecting CXX compiler ABI info - done
[0.490s] -- Check for working CXX compiler: /usr/bin/c++ - skipped
[0.490s] -- Detecting CXX compile features
[0.491s] -- Detecting CXX compile features - done
[0.504s] -- Found ament_cmake: 1.3.10 (/opt/ros/humble/share/ament_cmake/cmake)
[0.612s] -- Found Python3: /usr/bin/python3 (found version "3.10.12") found components: Interpreter 
[0.659s] -- Override CMake install command with custom implementation using symlinks instead of copying resources
[0.691s] -- Found rosidl_default_generators: 1.2.0 (/opt/ros/humble/share/rosidl_default_generators/cmake)
[0.696s] -- Using all available rosidl_typesupport_c: rosidl_typesupport_fastrtps_c;rosidl_typesupport_introspection_c
[0.705s] -- Found rosidl_adapter: 3.1.5 (/opt/ros/humble/share/rosidl_adapter/cmake)
[0.756s] -- Using all available rosidl_typesupport_cpp: rosidl_typesupport_fastrtps_cpp;rosidl_typesupport_introspection_cpp
[0.790s] [31mCMake Error at /opt/ros/humble/share/rosidl_cmake/cmake/rosidl_generate_interfaces.cmake:93 (message):
[0.790s]   rosidl_generate_interfaces() the passed file 'msg/JoyCat.msg' doesn't exist
[0.790s]   relative to the CMAKE_CURRENT_SOURCE_DIR
[0.790s]   '/home/hamilton/souzou/src/cat_messages'
[0.790s] Call Stack (most recent call first):
[0.790s]   CMakeLists.txt:14 (rosidl_generate_interfaces)
[0.790s] 
[0.790s] [0m
[0.790s] -- Configuring incomplete, errors occurred!
[0.790s] See also "/home/hamilton/souzou/src/build/cat_messages/CMakeFiles/CMakeOutput.log".
[0.793s] Invoked command in '/home/hamilton/souzou/src/build/cat_messages' returned '1': CMAKE_PREFIX_PATH=/home/hamilton/souzou/src/install/cat:/opt/ros/humble /usr/bin/cmake /home/hamilton/souzou/src/cat_messages -DAMENT_CMAKE_SYMLINK_INSTALL=1 -DCMAKE_INSTALL_PREFIX=/home/hamilton/souzou/src/install/cat_messages
