[0.037s] Invoking command in '/home/hamilton/souzou/build/cat_messages': CMAKE_PREFIX_PATH=/opt/ros/humble /usr/local/bin/cmake --build /home/hamilton/souzou/build/cat_messages -- -j12 -l12
[0.276s] [  2%] Built target cat_messages__cpp
[0.276s] [  4%] Built target ament_cmake_python_symlink_cat_messages
[0.276s] [ 12%] Built target cat_messages__rosidl_generator_c
[0.276s] [ 23%] Built target cat_messages__rosidl_typesupport_c
[0.276s] [ 34%] Built target cat_messages__rosidl_typesupport_introspection_c
[0.277s] [ 55%] Built target cat_messages__rosidl_typesupport_cpp
[0.277s] [ 55%] Built target cat_messages__rosidl_typesupport_introspection_cpp
[0.277s] [ 65%] Built target cat_messages__rosidl_typesupport_fastrtps_c
[0.277s] [ 76%] Built target cat_messages__rosidl_typesupport_fastrtps_cpp
[0.277s] [ 76%] Built target cat_messages
[0.277s] [ 78%] Built target cat_messages__py
[0.277s] [ 87%] Built target cat_messages__rosidl_generator_py
[0.277s] [100%] Built target cat_messages__rosidl_typesupport_fastrtps_c__pyext
[0.277s] [100%] Built target cat_messages__rosidl_typesupport_introspection_c__pyext
[0.277s] [100%] Built target cat_messages__rosidl_typesupport_c__pyext
[0.337s] running egg_info
[0.358s] writing cat_messages.egg-info/PKG-INFO
[0.359s] writing dependency_links to cat_messages.egg-info/dependency_links.txt
[0.359s] writing top-level names to cat_messages.egg-info/top_level.txt
[0.427s] reading manifest file 'cat_messages.egg-info/SOURCES.txt'
[0.428s] writing manifest file 'cat_messages.egg-info/SOURCES.txt'
[0.449s] [100%] Built target ament_cmake_python_build_cat_messages_egg
[0.454s] Invoked command in '/home/hamilton/souzou/build/cat_messages' returned '0': CMAKE_PREFIX_PATH=/opt/ros/humble /usr/local/bin/cmake --build /home/hamilton/souzou/build/cat_messages -- -j12 -l12
[0.460s] Invoking command in '/home/hamilton/souzou/build/cat_messages': CMAKE_PREFIX_PATH=/opt/ros/humble /usr/local/bin/cmake --install /home/hamilton/souzou/build/cat_messages
[0.466s] -- Install configuration: ""
[0.467s] -- Execute custom install script
[0.468s] -- Up-to-date symlink: /home/hamilton/souzou/install/cat_messages/share/ament_index/resource_index/rosidl_interfaces/cat_messages
[0.471s] -- Up-to-date symlink: /home/hamilton/souzou/install/cat_messages/include/cat_messages/cat_messages/msg/detail/joy_cat__functions.h
[0.472s] -- Up-to-date symlink: /home/hamilton/souzou/install/cat_messages/include/cat_messages/cat_messages/msg/detail/joy_cat__struct.h
[0.472s] -- Up-to-date symlink: /home/hamilton/souzou/install/cat_messages/include/cat_messages/cat_messages/msg/detail/joy_cat__type_support.h
[0.472s] -- Up-to-date symlink: /home/hamilton/souzou/install/cat_messages/include/cat_messages/cat_messages/msg/detail/senser__functions.h
[0.472s] -- Up-to-date symlink: /home/hamilton/souzou/install/cat_messages/include/cat_messages/cat_messages/msg/detail/senser__struct.h
[0.473s] -- Up-to-date symlink: /home/hamilton/souzou/install/cat_messages/include/cat_messages/cat_messages/msg/detail/senser__type_support.h
[0.473s] -- Up-to-date symlink: /home/hamilton/souzou/install/cat_messages/include/cat_messages/cat_messages/msg/detail/vel__functions.h
[0.473s] -- Up-to-date symlink: /home/hamilton/souzou/install/cat_messages/include/cat_messages/cat_messages/msg/detail/vel__struct.h
[0.473s] -- Up-to-date symlink: /home/hamilton/souzou/install/cat_messages/include/cat_messages/cat_messages/msg/detail/vel__type_support.h
[0.474s] -- Up-to-date symlink: /home/hamilton/souzou/install/cat_messages/include/cat_messages/cat_messages/msg/joy_cat.h
[0.474s] -- Up-to-date symlink: /home/hamilton/souzou/install/cat_messages/include/cat_messages/cat_messages/msg/rosidl_generator_c__visibility_control.h
[0.474s] -- Up-to-date symlink: /home/hamilton/souzou/install/cat_messages/include/cat_messages/cat_messages/msg/senser.h
[0.475s] -- Up-to-date symlink: /home/hamilton/souzou/install/cat_messages/include/cat_messages/cat_messages/msg/vel.h
[0.475s] -- Up-to-date symlink: /home/hamilton/souzou/install/cat_messages/share/cat_messages/environment/library_path.sh
[0.475s] -- Up-to-date symlink: /home/hamilton/souzou/install/cat_messages/share/cat_messages/environment/library_path.dsv
[0.476s] -- Up-to-date symlink: /home/hamilton/souzou/install/cat_messages/include/cat_messages/cat_messages/msg/detail/joy_cat__rosidl_typesupport_fastrtps_c.h
[0.476s] -- Up-to-date symlink: /home/hamilton/souzou/install/cat_messages/include/cat_messages/cat_messages/msg/detail/senser__rosidl_typesupport_fastrtps_c.h
[0.477s] -- Up-to-date symlink: /home/hamilton/souzou/install/cat_messages/include/cat_messages/cat_messages/msg/detail/vel__rosidl_typesupport_fastrtps_c.h
[0.477s] -- Up-to-date symlink: /home/hamilton/souzou/install/cat_messages/include/cat_messages/cat_messages/msg/rosidl_typesupport_fastrtps_c__visibility_control.h
[0.477s] -- Up-to-date symlink: /home/hamilton/souzou/install/cat_messages/include/cat_messages/cat_messages/msg/detail/joy_cat__rosidl_typesupport_introspection_c.h
[0.478s] -- Up-to-date symlink: /home/hamilton/souzou/install/cat_messages/include/cat_messages/cat_messages/msg/detail/senser__rosidl_typesupport_introspection_c.h
[0.478s] -- Up-to-date symlink: /home/hamilton/souzou/install/cat_messages/include/cat_messages/cat_messages/msg/detail/vel__rosidl_typesupport_introspection_c.h
[0.478s] -- Up-to-date symlink: /home/hamilton/souzou/install/cat_messages/include/cat_messages/cat_messages/msg/rosidl_typesupport_introspection_c__visibility_control.h
[0.479s] -- Up-to-date symlink: /home/hamilton/souzou/install/cat_messages/include/cat_messages/cat_messages/msg/detail/joy_cat__builder.hpp
[0.479s] -- Up-to-date symlink: /home/hamilton/souzou/install/cat_messages/include/cat_messages/cat_messages/msg/detail/joy_cat__struct.hpp
[0.479s] -- Up-to-date symlink: /home/hamilton/souzou/install/cat_messages/include/cat_messages/cat_messages/msg/detail/joy_cat__traits.hpp
[0.480s] -- Up-to-date symlink: /home/hamilton/souzou/install/cat_messages/include/cat_messages/cat_messages/msg/detail/joy_cat__type_support.hpp
[0.480s] -- Up-to-date symlink: /home/hamilton/souzou/install/cat_messages/include/cat_messages/cat_messages/msg/detail/senser__builder.hpp
[0.480s] -- Up-to-date symlink: /home/hamilton/souzou/install/cat_messages/include/cat_messages/cat_messages/msg/detail/senser__struct.hpp
[0.481s] -- Up-to-date symlink: /home/hamilton/souzou/install/cat_messages/include/cat_messages/cat_messages/msg/detail/senser__traits.hpp
[0.481s] -- Up-to-date symlink: /home/hamilton/souzou/install/cat_messages/include/cat_messages/cat_messages/msg/detail/senser__type_support.hpp
[0.481s] -- Up-to-date symlink: /home/hamilton/souzou/install/cat_messages/include/cat_messages/cat_messages/msg/detail/vel__builder.hpp
[0.482s] -- Up-to-date symlink: /home/hamilton/souzou/install/cat_messages/include/cat_messages/cat_messages/msg/detail/vel__struct.hpp
[0.482s] -- Up-to-date symlink: /home/hamilton/souzou/install/cat_messages/include/cat_messages/cat_messages/msg/detail/vel__traits.hpp
[0.482s] -- Up-to-date symlink: /home/hamilton/souzou/install/cat_messages/include/cat_messages/cat_messages/msg/detail/vel__type_support.hpp
[0.483s] -- Up-to-date symlink: /home/hamilton/souzou/install/cat_messages/include/cat_messages/cat_messages/msg/joy_cat.hpp
[0.483s] -- Up-to-date symlink: /home/hamilton/souzou/install/cat_messages/include/cat_messages/cat_messages/msg/rosidl_generator_cpp__visibility_control.hpp
[0.483s] -- Up-to-date symlink: /home/hamilton/souzou/install/cat_messages/include/cat_messages/cat_messages/msg/senser.hpp
[0.483s] -- Up-to-date symlink: /home/hamilton/souzou/install/cat_messages/include/cat_messages/cat_messages/msg/vel.hpp
[0.484s] -- Up-to-date symlink: /home/hamilton/souzou/install/cat_messages/include/cat_messages/cat_messages/msg/detail/joy_cat__rosidl_typesupport_fastrtps_cpp.hpp
[0.484s] -- Up-to-date symlink: /home/hamilton/souzou/install/cat_messages/include/cat_messages/cat_messages/msg/detail/senser__rosidl_typesupport_fastrtps_cpp.hpp
[0.485s] -- Up-to-date symlink: /home/hamilton/souzou/install/cat_messages/include/cat_messages/cat_messages/msg/detail/vel__rosidl_typesupport_fastrtps_cpp.hpp
[0.485s] -- Up-to-date symlink: /home/hamilton/souzou/install/cat_messages/include/cat_messages/cat_messages/msg/rosidl_typesupport_fastrtps_cpp__visibility_control.h
[0.485s] -- Up-to-date symlink: /home/hamilton/souzou/install/cat_messages/include/cat_messages/cat_messages/msg/detail/joy_cat__rosidl_typesupport_introspection_cpp.hpp
[0.486s] -- Up-to-date symlink: /home/hamilton/souzou/install/cat_messages/include/cat_messages/cat_messages/msg/detail/senser__rosidl_typesupport_introspection_cpp.hpp
[0.486s] -- Up-to-date symlink: /home/hamilton/souzou/install/cat_messages/include/cat_messages/cat_messages/msg/detail/vel__rosidl_typesupport_introspection_cpp.hpp
[0.486s] -- Up-to-date symlink: /home/hamilton/souzou/install/cat_messages/share/cat_messages/environment/pythonpath.sh
[0.487s] -- Up-to-date symlink: /home/hamilton/souzou/install/cat_messages/share/cat_messages/environment/pythonpath.dsv
[0.488s] -- Up-to-date symlink: /home/hamilton/souzou/install/cat_messages/local/lib/python3.10/dist-packages/cat_messages-0.0.0-py3.10.egg-info/PKG-INFO
[0.489s] -- Up-to-date symlink: /home/hamilton/souzou/install/cat_messages/local/lib/python3.10/dist-packages/cat_messages-0.0.0-py3.10.egg-info/SOURCES.txt
[0.489s] -- Up-to-date symlink: /home/hamilton/souzou/install/cat_messages/local/lib/python3.10/dist-packages/cat_messages-0.0.0-py3.10.egg-info/dependency_links.txt
[0.489s] -- Up-to-date symlink: /home/hamilton/souzou/install/cat_messages/local/lib/python3.10/dist-packages/cat_messages-0.0.0-py3.10.egg-info/top_level.txt
[0.490s] -- Up-to-date symlink: /home/hamilton/souzou/install/cat_messages/local/lib/python3.10/dist-packages/cat_messages/__init__.py
[0.490s] -- Up-to-date symlink: /home/hamilton/souzou/install/cat_messages/local/lib/python3.10/dist-packages/cat_messages/_cat_messages_s.ep.rosidl_typesupport_c.c
[0.491s] -- Up-to-date symlink: /home/hamilton/souzou/install/cat_messages/local/lib/python3.10/dist-packages/cat_messages/_cat_messages_s.ep.rosidl_typesupport_fastrtps_c.c
[0.491s] -- Up-to-date symlink: /home/hamilton/souzou/install/cat_messages/local/lib/python3.10/dist-packages/cat_messages/_cat_messages_s.ep.rosidl_typesupport_introspection_c.c
[0.491s] -- Up-to-date symlink: /home/hamilton/souzou/install/cat_messages/local/lib/python3.10/dist-packages/cat_messages/cat_messages_s__rosidl_typesupport_c.cpython-310-x86_64-linux-gnu.so
[0.492s] -- Up-to-date symlink: /home/hamilton/souzou/install/cat_messages/local/lib/python3.10/dist-packages/cat_messages/cat_messages_s__rosidl_typesupport_fastrtps_c.cpython-310-x86_64-linux-gnu.so
[0.492s] -- Up-to-date symlink: /home/hamilton/souzou/install/cat_messages/local/lib/python3.10/dist-packages/cat_messages/cat_messages_s__rosidl_typesupport_introspection_c.cpython-310-x86_64-linux-gnu.so
[0.492s] -- Up-to-date symlink: /home/hamilton/souzou/install/cat_messages/local/lib/python3.10/dist-packages/cat_messages/libcat_messages__rosidl_generator_py.so
[0.493s] -- Up-to-date symlink: /home/hamilton/souzou/install/cat_messages/local/lib/python3.10/dist-packages/cat_messages/msg/__init__.py
[0.493s] -- Up-to-date symlink: /home/hamilton/souzou/install/cat_messages/local/lib/python3.10/dist-packages/cat_messages/msg/_joy_cat.py
[0.493s] -- Up-to-date symlink: /home/hamilton/souzou/install/cat_messages/local/lib/python3.10/dist-packages/cat_messages/msg/_joy_cat_s.c
[0.493s] -- Up-to-date symlink: /home/hamilton/souzou/install/cat_messages/local/lib/python3.10/dist-packages/cat_messages/msg/_senser.py
[0.494s] -- Up-to-date symlink: /home/hamilton/souzou/install/cat_messages/local/lib/python3.10/dist-packages/cat_messages/msg/_senser_s.c
[0.494s] -- Up-to-date symlink: /home/hamilton/souzou/install/cat_messages/local/lib/python3.10/dist-packages/cat_messages/msg/_vel.py
[0.494s] -- Up-to-date symlink: /home/hamilton/souzou/install/cat_messages/local/lib/python3.10/dist-packages/cat_messages/msg/_vel_s.c
[0.495s] -- Up-to-date symlink: /home/hamilton/souzou/install/cat_messages/local/lib/python3.10/dist-packages/cat_messages/cat_messages_s__rosidl_typesupport_fastrtps_c.cpython-310-x86_64-linux-gnu.so
[0.495s] -- Up-to-date symlink: /home/hamilton/souzou/install/cat_messages/local/lib/python3.10/dist-packages/cat_messages/cat_messages_s__rosidl_typesupport_introspection_c.cpython-310-x86_64-linux-gnu.so
[0.496s] -- Up-to-date symlink: /home/hamilton/souzou/install/cat_messages/local/lib/python3.10/dist-packages/cat_messages/cat_messages_s__rosidl_typesupport_c.cpython-310-x86_64-linux-gnu.so
[0.496s] -- Up-to-date symlink: /home/hamilton/souzou/install/cat_messages/share/cat_messages/msg/JoyCat.idl
[0.496s] -- Up-to-date symlink: /home/hamilton/souzou/install/cat_messages/share/cat_messages/msg/Senser.idl
[0.497s] -- Up-to-date symlink: /home/hamilton/souzou/install/cat_messages/share/cat_messages/msg/Vel.idl
[0.497s] -- Up-to-date symlink: /home/hamilton/souzou/install/cat_messages/share/cat_messages/msg/JoyCat.msg
[0.498s] -- Up-to-date symlink: /home/hamilton/souzou/install/cat_messages/share/cat_messages/msg/Senser.msg
[0.498s] -- Up-to-date symlink: /home/hamilton/souzou/install/cat_messages/share/cat_messages/msg/Vel.msg
[0.499s] -- Up-to-date symlink: /home/hamilton/souzou/install/cat_messages/share/ament_index/resource_index/package_run_dependencies/cat_messages
[0.499s] -- Up-to-date symlink: /home/hamilton/souzou/install/cat_messages/share/ament_index/resource_index/parent_prefix_path/cat_messages
[0.499s] -- Up-to-date symlink: /home/hamilton/souzou/install/cat_messages/share/cat_messages/environment/ament_prefix_path.sh
[0.499s] -- Up-to-date symlink: /home/hamilton/souzou/install/cat_messages/share/cat_messages/environment/ament_prefix_path.dsv
[0.500s] -- Up-to-date symlink: /home/hamilton/souzou/install/cat_messages/share/cat_messages/environment/path.sh
[0.500s] -- Up-to-date symlink: /home/hamilton/souzou/install/cat_messages/share/cat_messages/environment/path.dsv
[0.500s] -- Up-to-date symlink: /home/hamilton/souzou/install/cat_messages/share/cat_messages/local_setup.bash
[0.501s] -- Up-to-date symlink: /home/hamilton/souzou/install/cat_messages/share/cat_messages/local_setup.sh
[0.501s] -- Up-to-date symlink: /home/hamilton/souzou/install/cat_messages/share/cat_messages/local_setup.zsh
[0.501s] -- Up-to-date symlink: /home/hamilton/souzou/install/cat_messages/share/cat_messages/local_setup.dsv
[0.501s] -- Symlinking: /home/hamilton/souzou/install/cat_messages/share/cat_messages/package.dsv
[0.506s] -- Up-to-date symlink: /home/hamilton/souzou/install/cat_messages/share/ament_index/resource_index/packages/cat_messages
[0.506s] -- Up-to-date symlink: /home/hamilton/souzou/install/cat_messages/share/cat_messages/cmake/rosidl_cmake-extras.cmake
[0.507s] -- Up-to-date symlink: /home/hamilton/souzou/install/cat_messages/share/cat_messages/cmake/ament_cmake_export_include_directories-extras.cmake
[0.507s] -- Up-to-date symlink: /home/hamilton/souzou/install/cat_messages/share/cat_messages/cmake/ament_cmake_export_libraries-extras.cmake
[0.507s] -- Up-to-date symlink: /home/hamilton/souzou/install/cat_messages/share/cat_messages/cmake/ament_cmake_export_targets-extras.cmake
[0.508s] -- Up-to-date symlink: /home/hamilton/souzou/install/cat_messages/share/cat_messages/cmake/rosidl_cmake_export_typesupport_targets-extras.cmake
[0.508s] -- Up-to-date symlink: /home/hamilton/souzou/install/cat_messages/share/cat_messages/cmake/ament_cmake_export_dependencies-extras.cmake
[0.508s] -- Up-to-date symlink: /home/hamilton/souzou/install/cat_messages/share/cat_messages/cmake/rosidl_cmake_export_typesupport_libraries-extras.cmake
[0.509s] -- Up-to-date symlink: /home/hamilton/souzou/install/cat_messages/share/cat_messages/cmake/cat_messagesConfig.cmake
[0.509s] -- Up-to-date symlink: /home/hamilton/souzou/install/cat_messages/share/cat_messages/cmake/cat_messagesConfig-version.cmake
[0.509s] -- Up-to-date symlink: /home/hamilton/souzou/install/cat_messages/share/cat_messages/package.xml
[0.510s] -- Up-to-date: /home/hamilton/souzou/install/cat_messages/lib/libcat_messages__rosidl_generator_c.so
[0.511s] -- Up-to-date: /home/hamilton/souzou/install/cat_messages/lib/libcat_messages__rosidl_typesupport_fastrtps_c.so
[0.512s] -- Up-to-date: /home/hamilton/souzou/install/cat_messages/lib/libcat_messages__rosidl_typesupport_introspection_c.so
[0.512s] -- Up-to-date: /home/hamilton/souzou/install/cat_messages/lib/libcat_messages__rosidl_typesupport_c.so
[0.513s] -- Up-to-date: /home/hamilton/souzou/install/cat_messages/lib/libcat_messages__rosidl_typesupport_fastrtps_cpp.so
[0.514s] -- Up-to-date: /home/hamilton/souzou/install/cat_messages/lib/libcat_messages__rosidl_typesupport_introspection_cpp.so
[0.515s] -- Up-to-date: /home/hamilton/souzou/install/cat_messages/lib/libcat_messages__rosidl_typesupport_cpp.so
[0.545s] Listing '/home/hamilton/souzou/install/cat_messages/local/lib/python3.10/dist-packages/cat_messages'...
[0.546s] Listing '/home/hamilton/souzou/install/cat_messages/local/lib/python3.10/dist-packages/cat_messages/msg'...
[0.550s] -- Up-to-date: /home/hamilton/souzou/install/cat_messages/lib/libcat_messages__rosidl_generator_py.so
[0.552s] -- Up-to-date: /home/hamilton/souzou/install/cat_messages/share/cat_messages/cmake/export_cat_messages__rosidl_generator_cExport.cmake
[0.552s] -- Up-to-date: /home/hamilton/souzou/install/cat_messages/share/cat_messages/cmake/export_cat_messages__rosidl_generator_cExport-noconfig.cmake
[0.552s] -- Up-to-date: /home/hamilton/souzou/install/cat_messages/share/cat_messages/cmake/export_cat_messages__rosidl_typesupport_fastrtps_cExport.cmake
[0.552s] -- Up-to-date: /home/hamilton/souzou/install/cat_messages/share/cat_messages/cmake/export_cat_messages__rosidl_typesupport_fastrtps_cExport-noconfig.cmake
[0.553s] -- Up-to-date: /home/hamilton/souzou/install/cat_messages/share/cat_messages/cmake/cat_messages__rosidl_typesupport_introspection_cExport.cmake
[0.553s] -- Up-to-date: /home/hamilton/souzou/install/cat_messages/share/cat_messages/cmake/cat_messages__rosidl_typesupport_introspection_cExport-noconfig.cmake
[0.554s] -- Up-to-date: /home/hamilton/souzou/install/cat_messages/share/cat_messages/cmake/cat_messages__rosidl_typesupport_cExport.cmake
[0.554s] -- Up-to-date: /home/hamilton/souzou/install/cat_messages/share/cat_messages/cmake/cat_messages__rosidl_typesupport_cExport-noconfig.cmake
[0.554s] -- Up-to-date: /home/hamilton/souzou/install/cat_messages/share/cat_messages/cmake/export_cat_messages__rosidl_generator_cppExport.cmake
[0.555s] -- Up-to-date: /home/hamilton/souzou/install/cat_messages/share/cat_messages/cmake/export_cat_messages__rosidl_typesupport_fastrtps_cppExport.cmake
[0.555s] -- Up-to-date: /home/hamilton/souzou/install/cat_messages/share/cat_messages/cmake/export_cat_messages__rosidl_typesupport_fastrtps_cppExport-noconfig.cmake
[0.556s] -- Up-to-date: /home/hamilton/souzou/install/cat_messages/share/cat_messages/cmake/cat_messages__rosidl_typesupport_introspection_cppExport.cmake
[0.556s] -- Up-to-date: /home/hamilton/souzou/install/cat_messages/share/cat_messages/cmake/cat_messages__rosidl_typesupport_introspection_cppExport-noconfig.cmake
[0.556s] -- Up-to-date: /home/hamilton/souzou/install/cat_messages/share/cat_messages/cmake/cat_messages__rosidl_typesupport_cppExport.cmake
[0.556s] -- Up-to-date: /home/hamilton/souzou/install/cat_messages/share/cat_messages/cmake/cat_messages__rosidl_typesupport_cppExport-noconfig.cmake
[0.557s] -- Up-to-date: /home/hamilton/souzou/install/cat_messages/share/cat_messages/cmake/export_cat_messages__rosidl_generator_pyExport.cmake
[0.557s] -- Up-to-date: /home/hamilton/souzou/install/cat_messages/share/cat_messages/cmake/export_cat_messages__rosidl_generator_pyExport-noconfig.cmake
[0.559s] Invoked command in '/home/hamilton/souzou/build/cat_messages' returned '0': CMAKE_PREFIX_PATH=/opt/ros/humble /usr/local/bin/cmake --install /home/hamilton/souzou/build/cat_messages
