[0.166s] DEBUG:colcon:Command line arguments: ['/usr/bin/colcon', 'build', '--symlink-install']
[0.166s] DEBUG:colcon:Parsed command line arguments: Namespace(log_base=None, log_level=None, verb_name='build', build_base='build', install_base='install', merge_install=False, symlink_install=True, test_result_base=None, continue_on_error=False, executor='parallel', parallel_workers=8, event_handlers=None, ignore_user_meta=False, metas=['./colcon.meta'], base_paths=['.'], packages_ignore=None, packages_ignore_regex=None, paths=None, packages_up_to=None, packages_up_to_regex=None, packages_above=None, packages_above_and_dependencies=None, packages_above_depth=None, packages_select_by_dep=None, packages_skip_by_dep=None, packages_skip_up_to=None, packages_select_build_failed=False, packages_skip_build_finished=False, packages_select_test_failures=False, packages_skip_test_passed=False, packages_select=None, packages_skip=None, packages_select_regex=None, packages_skip_regex=None, packages_start=None, packages_end=None, allow_overriding=[], cmake_args=None, cmake_target=None, cmake_target_skip_unavailable=False, cmake_clean_cache=False, cmake_clean_first=False, cmake_force_configure=False, ament_cmake_args=None, catkin_cmake_args=None, catkin_skip_building_tests=False, mixin_files=None, mixin=None, verb_parser=<colcon_mixin.mixin.mixin_argument.MixinArgumentDecorator object at 0x734636c29780>, verb_extension=<colcon_core.verb.build.BuildVerb object at 0x734636df5c60>, main=<bound method BuildVerb.main of <colcon_core.verb.build.BuildVerb object at 0x734636df5c60>>, mixin_verb=('build',))
[0.407s] Level 1:colcon.colcon_core.package_discovery:discover_packages(colcon_meta) check parameters
[0.407s] Level 1:colcon.colcon_core.package_discovery:discover_packages(recursive) check parameters
[0.407s] Level 1:colcon.colcon_core.package_discovery:discover_packages(ignore) check parameters
[0.407s] Level 1:colcon.colcon_core.package_discovery:discover_packages(path) check parameters
[0.407s] Level 1:colcon.colcon_core.package_discovery:discover_packages(colcon_meta) discover
[0.407s] Level 1:colcon.colcon_core.package_discovery:discover_packages(recursive) discover
[0.408s] INFO:colcon.colcon_core.package_discovery:Crawling recursively for packages in '/home/hamilton/souzou'
[0.408s] Level 1:colcon.colcon_core.package_identification:_identify(.) by extensions ['ignore', 'ignore_ament_install']
[0.408s] Level 1:colcon.colcon_core.package_identification:_identify(.) by extension 'ignore'
[0.408s] Level 1:colcon.colcon_core.package_identification:_identify(.) by extension 'ignore_ament_install'
[0.408s] Level 1:colcon.colcon_core.package_identification:_identify(.) by extensions ['colcon_pkg']
[0.408s] Level 1:colcon.colcon_core.package_identification:_identify(.) by extension 'colcon_pkg'
[0.408s] Level 1:colcon.colcon_core.package_identification:_identify(.) by extensions ['colcon_meta']
[0.408s] Level 1:colcon.colcon_core.package_identification:_identify(.) by extension 'colcon_meta'
[0.408s] Level 1:colcon.colcon_core.package_identification:_identify(.) by extensions ['ros']
[0.408s] Level 1:colcon.colcon_core.package_identification:_identify(.) by extension 'ros'
[0.424s] Level 1:colcon.colcon_core.package_identification:_identify(.) by extensions ['cmake', 'python']
[0.424s] Level 1:colcon.colcon_core.package_identification:_identify(.) by extension 'cmake'
[0.425s] Level 1:colcon.colcon_core.package_identification:_identify(.) by extension 'python'
[0.425s] Level 1:colcon.colcon_core.package_identification:_identify(.) by extensions ['python_setup_py']
[0.425s] Level 1:colcon.colcon_core.package_identification:_identify(.) by extension 'python_setup_py'
[0.425s] Level 1:colcon.colcon_core.package_identification:_identify(build) by extensions ['ignore', 'ignore_ament_install']
[0.425s] Level 1:colcon.colcon_core.package_identification:_identify(build) by extension 'ignore'
[0.425s] Level 1:colcon.colcon_core.package_identification:_identify(build) ignored
[0.426s] Level 1:colcon.colcon_core.package_identification:_identify(calibrationdata) by extensions ['ignore', 'ignore_ament_install']
[0.426s] Level 1:colcon.colcon_core.package_identification:_identify(calibrationdata) by extension 'ignore'
[0.426s] Level 1:colcon.colcon_core.package_identification:_identify(calibrationdata) by extension 'ignore_ament_install'
[0.426s] Level 1:colcon.colcon_core.package_identification:_identify(calibrationdata) by extensions ['colcon_pkg']
[0.426s] Level 1:colcon.colcon_core.package_identification:_identify(calibrationdata) by extension 'colcon_pkg'
[0.426s] Level 1:colcon.colcon_core.package_identification:_identify(calibrationdata) by extensions ['colcon_meta']
[0.426s] Level 1:colcon.colcon_core.package_identification:_identify(calibrationdata) by extension 'colcon_meta'
[0.426s] Level 1:colcon.colcon_core.package_identification:_identify(calibrationdata) by extensions ['ros']
[0.426s] Level 1:colcon.colcon_core.package_identification:_identify(calibrationdata) by extension 'ros'
[0.426s] Level 1:colcon.colcon_core.package_identification:_identify(calibrationdata) by extensions ['cmake', 'python']
[0.426s] Level 1:colcon.colcon_core.package_identification:_identify(calibrationdata) by extension 'cmake'
[0.426s] Level 1:colcon.colcon_core.package_identification:_identify(calibrationdata) by extension 'python'
[0.426s] Level 1:colcon.colcon_core.package_identification:_identify(calibrationdata) by extensions ['python_setup_py']
[0.426s] Level 1:colcon.colcon_core.package_identification:_identify(calibrationdata) by extension 'python_setup_py'
[0.427s] Level 1:colcon.colcon_core.package_identification:_identify(install) by extensions ['ignore', 'ignore_ament_install']
[0.427s] Level 1:colcon.colcon_core.package_identification:_identify(install) by extension 'ignore'
[0.427s] Level 1:colcon.colcon_core.package_identification:_identify(install) ignored
[0.427s] Level 1:colcon.colcon_core.package_identification:_identify(log) by extensions ['ignore', 'ignore_ament_install']
[0.427s] Level 1:colcon.colcon_core.package_identification:_identify(log) by extension 'ignore'
[0.427s] Level 1:colcon.colcon_core.package_identification:_identify(log) ignored
[0.427s] Level 1:colcon.colcon_core.package_identification:_identify(ros2_aruco) by extensions ['ignore', 'ignore_ament_install']
[0.427s] Level 1:colcon.colcon_core.package_identification:_identify(ros2_aruco) by extension 'ignore'
[0.427s] Level 1:colcon.colcon_core.package_identification:_identify(ros2_aruco) by extension 'ignore_ament_install'
[0.427s] Level 1:colcon.colcon_core.package_identification:_identify(ros2_aruco) by extensions ['colcon_pkg']
[0.427s] Level 1:colcon.colcon_core.package_identification:_identify(ros2_aruco) by extension 'colcon_pkg'
[0.427s] Level 1:colcon.colcon_core.package_identification:_identify(ros2_aruco) by extensions ['colcon_meta']
[0.427s] Level 1:colcon.colcon_core.package_identification:_identify(ros2_aruco) by extension 'colcon_meta'
[0.427s] Level 1:colcon.colcon_core.package_identification:_identify(ros2_aruco) by extensions ['ros']
[0.427s] Level 1:colcon.colcon_core.package_identification:_identify(ros2_aruco) by extension 'ros'
[0.427s] Level 1:colcon.colcon_core.package_identification:_identify(ros2_aruco) by extensions ['cmake', 'python']
[0.427s] Level 1:colcon.colcon_core.package_identification:_identify(ros2_aruco) by extension 'cmake'
[0.427s] Level 1:colcon.colcon_core.package_identification:_identify(ros2_aruco) by extension 'python'
[0.427s] Level 1:colcon.colcon_core.package_identification:_identify(ros2_aruco) by extensions ['python_setup_py']
[0.427s] Level 1:colcon.colcon_core.package_identification:_identify(ros2_aruco) by extension 'python_setup_py'
[0.427s] Level 1:colcon.colcon_core.package_identification:_identify(ros2_aruco/ros2_aruco) by extensions ['ignore', 'ignore_ament_install']
[0.427s] Level 1:colcon.colcon_core.package_identification:_identify(ros2_aruco/ros2_aruco) by extension 'ignore'
[0.427s] Level 1:colcon.colcon_core.package_identification:_identify(ros2_aruco/ros2_aruco) by extension 'ignore_ament_install'
[0.427s] Level 1:colcon.colcon_core.package_identification:_identify(ros2_aruco/ros2_aruco) by extensions ['colcon_pkg']
[0.427s] Level 1:colcon.colcon_core.package_identification:_identify(ros2_aruco/ros2_aruco) by extension 'colcon_pkg'
[0.427s] Level 1:colcon.colcon_core.package_identification:_identify(ros2_aruco/ros2_aruco) by extensions ['colcon_meta']
[0.427s] Level 1:colcon.colcon_core.package_identification:_identify(ros2_aruco/ros2_aruco) by extension 'colcon_meta'
[0.427s] Level 1:colcon.colcon_core.package_identification:_identify(ros2_aruco/ros2_aruco) by extensions ['ros']
[0.427s] Level 1:colcon.colcon_core.package_identification:_identify(ros2_aruco/ros2_aruco) by extension 'ros'
[0.430s] DEBUG:colcon.colcon_core.package_identification:Package 'ros2_aruco/ros2_aruco' with type 'ros.ament_python' and name 'ros2_aruco'
[0.430s] Level 1:colcon.colcon_core.package_identification:_identify(ros2_aruco/ros2_aruco_interfaces) by extensions ['ignore', 'ignore_ament_install']
[0.430s] Level 1:colcon.colcon_core.package_identification:_identify(ros2_aruco/ros2_aruco_interfaces) by extension 'ignore'
[0.430s] Level 1:colcon.colcon_core.package_identification:_identify(ros2_aruco/ros2_aruco_interfaces) by extension 'ignore_ament_install'
[0.430s] Level 1:colcon.colcon_core.package_identification:_identify(ros2_aruco/ros2_aruco_interfaces) by extensions ['colcon_pkg']
[0.430s] Level 1:colcon.colcon_core.package_identification:_identify(ros2_aruco/ros2_aruco_interfaces) by extension 'colcon_pkg'
[0.430s] Level 1:colcon.colcon_core.package_identification:_identify(ros2_aruco/ros2_aruco_interfaces) by extensions ['colcon_meta']
[0.430s] Level 1:colcon.colcon_core.package_identification:_identify(ros2_aruco/ros2_aruco_interfaces) by extension 'colcon_meta'
[0.430s] Level 1:colcon.colcon_core.package_identification:_identify(ros2_aruco/ros2_aruco_interfaces) by extensions ['ros']
[0.430s] Level 1:colcon.colcon_core.package_identification:_identify(ros2_aruco/ros2_aruco_interfaces) by extension 'ros'
[0.431s] DEBUG:colcon.colcon_core.package_identification:Package 'ros2_aruco/ros2_aruco_interfaces' with type 'ros.ament_cmake' and name 'ros2_aruco_interfaces'
[0.431s] Level 1:colcon.colcon_core.package_identification:_identify(souzoukougaku14) by extensions ['ignore', 'ignore_ament_install']
[0.431s] Level 1:colcon.colcon_core.package_identification:_identify(souzoukougaku14) by extension 'ignore'
[0.431s] Level 1:colcon.colcon_core.package_identification:_identify(souzoukougaku14) by extension 'ignore_ament_install'
[0.431s] Level 1:colcon.colcon_core.package_identification:_identify(souzoukougaku14) by extensions ['colcon_pkg']
[0.431s] Level 1:colcon.colcon_core.package_identification:_identify(souzoukougaku14) by extension 'colcon_pkg'
[0.431s] Level 1:colcon.colcon_core.package_identification:_identify(souzoukougaku14) by extensions ['colcon_meta']
[0.431s] Level 1:colcon.colcon_core.package_identification:_identify(souzoukougaku14) by extension 'colcon_meta'
[0.431s] Level 1:colcon.colcon_core.package_identification:_identify(souzoukougaku14) by extensions ['ros']
[0.431s] Level 1:colcon.colcon_core.package_identification:_identify(souzoukougaku14) by extension 'ros'
[0.431s] Level 1:colcon.colcon_core.package_identification:_identify(souzoukougaku14) by extensions ['cmake', 'python']
[0.431s] Level 1:colcon.colcon_core.package_identification:_identify(souzoukougaku14) by extension 'cmake'
[0.431s] Level 1:colcon.colcon_core.package_identification:_identify(souzoukougaku14) by extension 'python'
[0.431s] Level 1:colcon.colcon_core.package_identification:_identify(souzoukougaku14) by extensions ['python_setup_py']
[0.431s] Level 1:colcon.colcon_core.package_identification:_identify(souzoukougaku14) by extension 'python_setup_py'
[0.431s] Level 1:colcon.colcon_core.package_identification:_identify(souzoukougaku14/Arduino) by extensions ['ignore', 'ignore_ament_install']
[0.432s] Level 1:colcon.colcon_core.package_identification:_identify(souzoukougaku14/Arduino) by extension 'ignore'
[0.432s] Level 1:colcon.colcon_core.package_identification:_identify(souzoukougaku14/Arduino) by extension 'ignore_ament_install'
[0.432s] Level 1:colcon.colcon_core.package_identification:_identify(souzoukougaku14/Arduino) by extensions ['colcon_pkg']
[0.432s] Level 1:colcon.colcon_core.package_identification:_identify(souzoukougaku14/Arduino) by extension 'colcon_pkg'
[0.432s] Level 1:colcon.colcon_core.package_identification:_identify(souzoukougaku14/Arduino) by extensions ['colcon_meta']
[0.432s] Level 1:colcon.colcon_core.package_identification:_identify(souzoukougaku14/Arduino) by extension 'colcon_meta'
[0.432s] Level 1:colcon.colcon_core.package_identification:_identify(souzoukougaku14/Arduino) by extensions ['ros']
[0.432s] Level 1:colcon.colcon_core.package_identification:_identify(souzoukougaku14/Arduino) by extension 'ros'
[0.432s] Level 1:colcon.colcon_core.package_identification:_identify(souzoukougaku14/Arduino) by extensions ['cmake', 'python']
[0.432s] Level 1:colcon.colcon_core.package_identification:_identify(souzoukougaku14/Arduino) by extension 'cmake'
[0.432s] Level 1:colcon.colcon_core.package_identification:_identify(souzoukougaku14/Arduino) by extension 'python'
[0.432s] Level 1:colcon.colcon_core.package_identification:_identify(souzoukougaku14/Arduino) by extensions ['python_setup_py']
[0.432s] Level 1:colcon.colcon_core.package_identification:_identify(souzoukougaku14/Arduino) by extension 'python_setup_py'
[0.432s] Level 1:colcon.colcon_core.package_identification:_identify(souzoukougaku14/Arduino/Fsp_sample) by extensions ['ignore', 'ignore_ament_install']
[0.432s] Level 1:colcon.colcon_core.package_identification:_identify(souzoukougaku14/Arduino/Fsp_sample) by extension 'ignore'
[0.432s] Level 1:colcon.colcon_core.package_identification:_identify(souzoukougaku14/Arduino/Fsp_sample) by extension 'ignore_ament_install'
[0.432s] Level 1:colcon.colcon_core.package_identification:_identify(souzoukougaku14/Arduino/Fsp_sample) by extensions ['colcon_pkg']
[0.432s] Level 1:colcon.colcon_core.package_identification:_identify(souzoukougaku14/Arduino/Fsp_sample) by extension 'colcon_pkg'
[0.432s] Level 1:colcon.colcon_core.package_identification:_identify(souzoukougaku14/Arduino/Fsp_sample) by extensions ['colcon_meta']
[0.432s] Level 1:colcon.colcon_core.package_identification:_identify(souzoukougaku14/Arduino/Fsp_sample) by extension 'colcon_meta'
[0.432s] Level 1:colcon.colcon_core.package_identification:_identify(souzoukougaku14/Arduino/Fsp_sample) by extensions ['ros']
[0.432s] Level 1:colcon.colcon_core.package_identification:_identify(souzoukougaku14/Arduino/Fsp_sample) by extension 'ros'
[0.432s] Level 1:colcon.colcon_core.package_identification:_identify(souzoukougaku14/Arduino/Fsp_sample) by extensions ['cmake', 'python']
[0.432s] Level 1:colcon.colcon_core.package_identification:_identify(souzoukougaku14/Arduino/Fsp_sample) by extension 'cmake'
[0.432s] Level 1:colcon.colcon_core.package_identification:_identify(souzoukougaku14/Arduino/Fsp_sample) by extension 'python'
[0.432s] Level 1:colcon.colcon_core.package_identification:_identify(souzoukougaku14/Arduino/Fsp_sample) by extensions ['python_setup_py']
[0.432s] Level 1:colcon.colcon_core.package_identification:_identify(souzoukougaku14/Arduino/Fsp_sample) by extension 'python_setup_py'
[0.432s] Level 1:colcon.colcon_core.package_identification:_identify(souzoukougaku14/Arduino/cat_main) by extensions ['ignore', 'ignore_ament_install']
[0.432s] Level 1:colcon.colcon_core.package_identification:_identify(souzoukougaku14/Arduino/cat_main) by extension 'ignore'
[0.432s] Level 1:colcon.colcon_core.package_identification:_identify(souzoukougaku14/Arduino/cat_main) by extension 'ignore_ament_install'
[0.432s] Level 1:colcon.colcon_core.package_identification:_identify(souzoukougaku14/Arduino/cat_main) by extensions ['colcon_pkg']
[0.432s] Level 1:colcon.colcon_core.package_identification:_identify(souzoukougaku14/Arduino/cat_main) by extension 'colcon_pkg'
[0.432s] Level 1:colcon.colcon_core.package_identification:_identify(souzoukougaku14/Arduino/cat_main) by extensions ['colcon_meta']
[0.432s] Level 1:colcon.colcon_core.package_identification:_identify(souzoukougaku14/Arduino/cat_main) by extension 'colcon_meta'
[0.432s] Level 1:colcon.colcon_core.package_identification:_identify(souzoukougaku14/Arduino/cat_main) by extensions ['ros']
[0.433s] Level 1:colcon.colcon_core.package_identification:_identify(souzoukougaku14/Arduino/cat_main) by extension 'ros'
[0.433s] Level 1:colcon.colcon_core.package_identification:_identify(souzoukougaku14/Arduino/cat_main) by extensions ['cmake', 'python']
[0.433s] Level 1:colcon.colcon_core.package_identification:_identify(souzoukougaku14/Arduino/cat_main) by extension 'cmake'
[0.433s] Level 1:colcon.colcon_core.package_identification:_identify(souzoukougaku14/Arduino/cat_main) by extension 'python'
[0.433s] Level 1:colcon.colcon_core.package_identification:_identify(souzoukougaku14/Arduino/cat_main) by extensions ['python_setup_py']
[0.433s] Level 1:colcon.colcon_core.package_identification:_identify(souzoukougaku14/Arduino/cat_main) by extension 'python_setup_py'
[0.433s] Level 1:colcon.colcon_core.package_identification:_identify(souzoukougaku14/Arduino/cat_main_udp) by extensions ['ignore', 'ignore_ament_install']
[0.433s] Level 1:colcon.colcon_core.package_identification:_identify(souzoukougaku14/Arduino/cat_main_udp) by extension 'ignore'
[0.433s] Level 1:colcon.colcon_core.package_identification:_identify(souzoukougaku14/Arduino/cat_main_udp) by extension 'ignore_ament_install'
[0.433s] Level 1:colcon.colcon_core.package_identification:_identify(souzoukougaku14/Arduino/cat_main_udp) by extensions ['colcon_pkg']
[0.433s] Level 1:colcon.colcon_core.package_identification:_identify(souzoukougaku14/Arduino/cat_main_udp) by extension 'colcon_pkg'
[0.433s] Level 1:colcon.colcon_core.package_identification:_identify(souzoukougaku14/Arduino/cat_main_udp) by extensions ['colcon_meta']
[0.433s] Level 1:colcon.colcon_core.package_identification:_identify(souzoukougaku14/Arduino/cat_main_udp) by extension 'colcon_meta'
[0.433s] Level 1:colcon.colcon_core.package_identification:_identify(souzoukougaku14/Arduino/cat_main_udp) by extensions ['ros']
[0.433s] Level 1:colcon.colcon_core.package_identification:_identify(souzoukougaku14/Arduino/cat_main_udp) by extension 'ros'
[0.433s] Level 1:colcon.colcon_core.package_identification:_identify(souzoukougaku14/Arduino/cat_main_udp) by extensions ['cmake', 'python']
[0.433s] Level 1:colcon.colcon_core.package_identification:_identify(souzoukougaku14/Arduino/cat_main_udp) by extension 'cmake'
[0.433s] Level 1:colcon.colcon_core.package_identification:_identify(souzoukougaku14/Arduino/cat_main_udp) by extension 'python'
[0.433s] Level 1:colcon.colcon_core.package_identification:_identify(souzoukougaku14/Arduino/cat_main_udp) by extensions ['python_setup_py']
[0.433s] Level 1:colcon.colcon_core.package_identification:_identify(souzoukougaku14/Arduino/cat_main_udp) by extension 'python_setup_py'
[0.433s] Level 1:colcon.colcon_core.package_identification:_identify(souzoukougaku14/Arduino/hairetu_jyusinn) by extensions ['ignore', 'ignore_ament_install']
[0.433s] Level 1:colcon.colcon_core.package_identification:_identify(souzoukougaku14/Arduino/hairetu_jyusinn) by extension 'ignore'
[0.433s] Level 1:colcon.colcon_core.package_identification:_identify(souzoukougaku14/Arduino/hairetu_jyusinn) by extension 'ignore_ament_install'
[0.433s] Level 1:colcon.colcon_core.package_identification:_identify(souzoukougaku14/Arduino/hairetu_jyusinn) by extensions ['colcon_pkg']
[0.433s] Level 1:colcon.colcon_core.package_identification:_identify(souzoukougaku14/Arduino/hairetu_jyusinn) by extension 'colcon_pkg'
[0.433s] Level 1:colcon.colcon_core.package_identification:_identify(souzoukougaku14/Arduino/hairetu_jyusinn) by extensions ['colcon_meta']
[0.433s] Level 1:colcon.colcon_core.package_identification:_identify(souzoukougaku14/Arduino/hairetu_jyusinn) by extension 'colcon_meta'
[0.433s] Level 1:colcon.colcon_core.package_identification:_identify(souzoukougaku14/Arduino/hairetu_jyusinn) by extensions ['ros']
[0.433s] Level 1:colcon.colcon_core.package_identification:_identify(souzoukougaku14/Arduino/hairetu_jyusinn) by extension 'ros'
[0.433s] Level 1:colcon.colcon_core.package_identification:_identify(souzoukougaku14/Arduino/hairetu_jyusinn) by extensions ['cmake', 'python']
[0.433s] Level 1:colcon.colcon_core.package_identification:_identify(souzoukougaku14/Arduino/hairetu_jyusinn) by extension 'cmake'
[0.433s] Level 1:colcon.colcon_core.package_identification:_identify(souzoukougaku14/Arduino/hairetu_jyusinn) by extension 'python'
[0.433s] Level 1:colcon.colcon_core.package_identification:_identify(souzoukougaku14/Arduino/hairetu_jyusinn) by extensions ['python_setup_py']
[0.433s] Level 1:colcon.colcon_core.package_identification:_identify(souzoukougaku14/Arduino/hairetu_jyusinn) by extension 'python_setup_py'
[0.434s] Level 1:colcon.colcon_core.package_identification:_identify(souzoukougaku14/Arduino/hairetu_sousinn) by extensions ['ignore', 'ignore_ament_install']
[0.434s] Level 1:colcon.colcon_core.package_identification:_identify(souzoukougaku14/Arduino/hairetu_sousinn) by extension 'ignore'
[0.434s] Level 1:colcon.colcon_core.package_identification:_identify(souzoukougaku14/Arduino/hairetu_sousinn) by extension 'ignore_ament_install'
[0.434s] Level 1:colcon.colcon_core.package_identification:_identify(souzoukougaku14/Arduino/hairetu_sousinn) by extensions ['colcon_pkg']
[0.434s] Level 1:colcon.colcon_core.package_identification:_identify(souzoukougaku14/Arduino/hairetu_sousinn) by extension 'colcon_pkg'
[0.434s] Level 1:colcon.colcon_core.package_identification:_identify(souzoukougaku14/Arduino/hairetu_sousinn) by extensions ['colcon_meta']
[0.434s] Level 1:colcon.colcon_core.package_identification:_identify(souzoukougaku14/Arduino/hairetu_sousinn) by extension 'colcon_meta'
[0.434s] Level 1:colcon.colcon_core.package_identification:_identify(souzoukougaku14/Arduino/hairetu_sousinn) by extensions ['ros']
[0.434s] Level 1:colcon.colcon_core.package_identification:_identify(souzoukougaku14/Arduino/hairetu_sousinn) by extension 'ros'
[0.434s] Level 1:colcon.colcon_core.package_identification:_identify(souzoukougaku14/Arduino/hairetu_sousinn) by extensions ['cmake', 'python']
[0.434s] Level 1:colcon.colcon_core.package_identification:_identify(souzoukougaku14/Arduino/hairetu_sousinn) by extension 'cmake'
[0.434s] Level 1:colcon.colcon_core.package_identification:_identify(souzoukougaku14/Arduino/hairetu_sousinn) by extension 'python'
[0.434s] Level 1:colcon.colcon_core.package_identification:_identify(souzoukougaku14/Arduino/hairetu_sousinn) by extensions ['python_setup_py']
[0.434s] Level 1:colcon.colcon_core.package_identification:_identify(souzoukougaku14/Arduino/hairetu_sousinn) by extension 'python_setup_py'
[0.434s] Level 1:colcon.colcon_core.package_identification:_identify(souzoukougaku14/Arduino/r4_model) by extensions ['ignore', 'ignore_ament_install']
[0.434s] Level 1:colcon.colcon_core.package_identification:_identify(souzoukougaku14/Arduino/r4_model) by extension 'ignore'
[0.434s] Level 1:colcon.colcon_core.package_identification:_identify(souzoukougaku14/Arduino/r4_model) by extension 'ignore_ament_install'
[0.434s] Level 1:colcon.colcon_core.package_identification:_identify(souzoukougaku14/Arduino/r4_model) by extensions ['colcon_pkg']
[0.434s] Level 1:colcon.colcon_core.package_identification:_identify(souzoukougaku14/Arduino/r4_model) by extension 'colcon_pkg'
[0.434s] Level 1:colcon.colcon_core.package_identification:_identify(souzoukougaku14/Arduino/r4_model) by extensions ['colcon_meta']
[0.434s] Level 1:colcon.colcon_core.package_identification:_identify(souzoukougaku14/Arduino/r4_model) by extension 'colcon_meta'
[0.434s] Level 1:colcon.colcon_core.package_identification:_identify(souzoukougaku14/Arduino/r4_model) by extensions ['ros']
[0.434s] Level 1:colcon.colcon_core.package_identification:_identify(souzoukougaku14/Arduino/r4_model) by extension 'ros'
[0.434s] Level 1:colcon.colcon_core.package_identification:_identify(souzoukougaku14/Arduino/r4_model) by extensions ['cmake', 'python']
[0.434s] Level 1:colcon.colcon_core.package_identification:_identify(souzoukougaku14/Arduino/r4_model) by extension 'cmake'
[0.434s] Level 1:colcon.colcon_core.package_identification:_identify(souzoukougaku14/Arduino/r4_model) by extension 'python'
[0.434s] Level 1:colcon.colcon_core.package_identification:_identify(souzoukougaku14/Arduino/r4_model) by extensions ['python_setup_py']
[0.434s] Level 1:colcon.colcon_core.package_identification:_identify(souzoukougaku14/Arduino/r4_model) by extension 'python_setup_py'
[0.434s] Level 1:colcon.colcon_core.package_identification:_identify(souzoukougaku14/Arduino/r4_wifi_test_receive) by extensions ['ignore', 'ignore_ament_install']
[0.434s] Level 1:colcon.colcon_core.package_identification:_identify(souzoukougaku14/Arduino/r4_wifi_test_receive) by extension 'ignore'
[0.434s] Level 1:colcon.colcon_core.package_identification:_identify(souzoukougaku14/Arduino/r4_wifi_test_receive) by extension 'ignore_ament_install'
[0.434s] Level 1:colcon.colcon_core.package_identification:_identify(souzoukougaku14/Arduino/r4_wifi_test_receive) by extensions ['colcon_pkg']
[0.434s] Level 1:colcon.colcon_core.package_identification:_identify(souzoukougaku14/Arduino/r4_wifi_test_receive) by extension 'colcon_pkg'
[0.434s] Level 1:colcon.colcon_core.package_identification:_identify(souzoukougaku14/Arduino/r4_wifi_test_receive) by extensions ['colcon_meta']
[0.434s] Level 1:colcon.colcon_core.package_identification:_identify(souzoukougaku14/Arduino/r4_wifi_test_receive) by extension 'colcon_meta'
[0.435s] Level 1:colcon.colcon_core.package_identification:_identify(souzoukougaku14/Arduino/r4_wifi_test_receive) by extensions ['ros']
[0.435s] Level 1:colcon.colcon_core.package_identification:_identify(souzoukougaku14/Arduino/r4_wifi_test_receive) by extension 'ros'
[0.435s] Level 1:colcon.colcon_core.package_identification:_identify(souzoukougaku14/Arduino/r4_wifi_test_receive) by extensions ['cmake', 'python']
[0.435s] Level 1:colcon.colcon_core.package_identification:_identify(souzoukougaku14/Arduino/r4_wifi_test_receive) by extension 'cmake'
[0.435s] Level 1:colcon.colcon_core.package_identification:_identify(souzoukougaku14/Arduino/r4_wifi_test_receive) by extension 'python'
[0.435s] Level 1:colcon.colcon_core.package_identification:_identify(souzoukougaku14/Arduino/r4_wifi_test_receive) by extensions ['python_setup_py']
[0.435s] Level 1:colcon.colcon_core.package_identification:_identify(souzoukougaku14/Arduino/r4_wifi_test_receive) by extension 'python_setup_py'
[0.435s] Level 1:colcon.colcon_core.package_identification:_identify(souzoukougaku14/Arduino/r4_wifi_test_send) by extensions ['ignore', 'ignore_ament_install']
[0.435s] Level 1:colcon.colcon_core.package_identification:_identify(souzoukougaku14/Arduino/r4_wifi_test_send) by extension 'ignore'
[0.435s] Level 1:colcon.colcon_core.package_identification:_identify(souzoukougaku14/Arduino/r4_wifi_test_send) by extension 'ignore_ament_install'
[0.435s] Level 1:colcon.colcon_core.package_identification:_identify(souzoukougaku14/Arduino/r4_wifi_test_send) by extensions ['colcon_pkg']
[0.435s] Level 1:colcon.colcon_core.package_identification:_identify(souzoukougaku14/Arduino/r4_wifi_test_send) by extension 'colcon_pkg'
[0.435s] Level 1:colcon.colcon_core.package_identification:_identify(souzoukougaku14/Arduino/r4_wifi_test_send) by extensions ['colcon_meta']
[0.435s] Level 1:colcon.colcon_core.package_identification:_identify(souzoukougaku14/Arduino/r4_wifi_test_send) by extension 'colcon_meta'
[0.435s] Level 1:colcon.colcon_core.package_identification:_identify(souzoukougaku14/Arduino/r4_wifi_test_send) by extensions ['ros']
[0.435s] Level 1:colcon.colcon_core.package_identification:_identify(souzoukougaku14/Arduino/r4_wifi_test_send) by extension 'ros'
[0.435s] Level 1:colcon.colcon_core.package_identification:_identify(souzoukougaku14/Arduino/r4_wifi_test_send) by extensions ['cmake', 'python']
[0.435s] Level 1:colcon.colcon_core.package_identification:_identify(souzoukougaku14/Arduino/r4_wifi_test_send) by extension 'cmake'
[0.435s] Level 1:colcon.colcon_core.package_identification:_identify(souzoukougaku14/Arduino/r4_wifi_test_send) by extension 'python'
[0.435s] Level 1:colcon.colcon_core.package_identification:_identify(souzoukougaku14/Arduino/r4_wifi_test_send) by extensions ['python_setup_py']
[0.435s] Level 1:colcon.colcon_core.package_identification:_identify(souzoukougaku14/Arduino/r4_wifi_test_send) by extension 'python_setup_py'
[0.435s] Level 1:colcon.colcon_core.package_identification:_identify(souzoukougaku14/Arduino/serial_receive) by extensions ['ignore', 'ignore_ament_install']
[0.435s] Level 1:colcon.colcon_core.package_identification:_identify(souzoukougaku14/Arduino/serial_receive) by extension 'ignore'
[0.435s] Level 1:colcon.colcon_core.package_identification:_identify(souzoukougaku14/Arduino/serial_receive) by extension 'ignore_ament_install'
[0.435s] Level 1:colcon.colcon_core.package_identification:_identify(souzoukougaku14/Arduino/serial_receive) by extensions ['colcon_pkg']
[0.435s] Level 1:colcon.colcon_core.package_identification:_identify(souzoukougaku14/Arduino/serial_receive) by extension 'colcon_pkg'
[0.435s] Level 1:colcon.colcon_core.package_identification:_identify(souzoukougaku14/Arduino/serial_receive) by extensions ['colcon_meta']
[0.435s] Level 1:colcon.colcon_core.package_identification:_identify(souzoukougaku14/Arduino/serial_receive) by extension 'colcon_meta'
[0.435s] Level 1:colcon.colcon_core.package_identification:_identify(souzoukougaku14/Arduino/serial_receive) by extensions ['ros']
[0.435s] Level 1:colcon.colcon_core.package_identification:_identify(souzoukougaku14/Arduino/serial_receive) by extension 'ros'
[0.435s] Level 1:colcon.colcon_core.package_identification:_identify(souzoukougaku14/Arduino/serial_receive) by extensions ['cmake', 'python']
[0.435s] Level 1:colcon.colcon_core.package_identification:_identify(souzoukougaku14/Arduino/serial_receive) by extension 'cmake'
[0.435s] Level 1:colcon.colcon_core.package_identification:_identify(souzoukougaku14/Arduino/serial_receive) by extension 'python'
[0.435s] Level 1:colcon.colcon_core.package_identification:_identify(souzoukougaku14/Arduino/serial_receive) by extensions ['python_setup_py']
[0.435s] Level 1:colcon.colcon_core.package_identification:_identify(souzoukougaku14/Arduino/serial_receive) by extension 'python_setup_py'
[0.436s] Level 1:colcon.colcon_core.package_identification:_identify(souzoukougaku14/Arduino/serial_send) by extensions ['ignore', 'ignore_ament_install']
[0.436s] Level 1:colcon.colcon_core.package_identification:_identify(souzoukougaku14/Arduino/serial_send) by extension 'ignore'
[0.436s] Level 1:colcon.colcon_core.package_identification:_identify(souzoukougaku14/Arduino/serial_send) by extension 'ignore_ament_install'
[0.436s] Level 1:colcon.colcon_core.package_identification:_identify(souzoukougaku14/Arduino/serial_send) by extensions ['colcon_pkg']
[0.436s] Level 1:colcon.colcon_core.package_identification:_identify(souzoukougaku14/Arduino/serial_send) by extension 'colcon_pkg'
[0.436s] Level 1:colcon.colcon_core.package_identification:_identify(souzoukougaku14/Arduino/serial_send) by extensions ['colcon_meta']
[0.436s] Level 1:colcon.colcon_core.package_identification:_identify(souzoukougaku14/Arduino/serial_send) by extension 'colcon_meta'
[0.436s] Level 1:colcon.colcon_core.package_identification:_identify(souzoukougaku14/Arduino/serial_send) by extensions ['ros']
[0.436s] Level 1:colcon.colcon_core.package_identification:_identify(souzoukougaku14/Arduino/serial_send) by extension 'ros'
[0.436s] Level 1:colcon.colcon_core.package_identification:_identify(souzoukougaku14/Arduino/serial_send) by extensions ['cmake', 'python']
[0.436s] Level 1:colcon.colcon_core.package_identification:_identify(souzoukougaku14/Arduino/serial_send) by extension 'cmake'
[0.436s] Level 1:colcon.colcon_core.package_identification:_identify(souzoukougaku14/Arduino/serial_send) by extension 'python'
[0.436s] Level 1:colcon.colcon_core.package_identification:_identify(souzoukougaku14/Arduino/serial_send) by extensions ['python_setup_py']
[0.436s] Level 1:colcon.colcon_core.package_identification:_identify(souzoukougaku14/Arduino/serial_send) by extension 'python_setup_py'
[0.436s] Level 1:colcon.colcon_core.package_identification:_identify(souzoukougaku14/Arduino/udp_sample) by extensions ['ignore', 'ignore_ament_install']
[0.436s] Level 1:colcon.colcon_core.package_identification:_identify(souzoukougaku14/Arduino/udp_sample) by extension 'ignore'
[0.436s] Level 1:colcon.colcon_core.package_identification:_identify(souzoukougaku14/Arduino/udp_sample) by extension 'ignore_ament_install'
[0.436s] Level 1:colcon.colcon_core.package_identification:_identify(souzoukougaku14/Arduino/udp_sample) by extensions ['colcon_pkg']
[0.436s] Level 1:colcon.colcon_core.package_identification:_identify(souzoukougaku14/Arduino/udp_sample) by extension 'colcon_pkg'
[0.436s] Level 1:colcon.colcon_core.package_identification:_identify(souzoukougaku14/Arduino/udp_sample) by extensions ['colcon_meta']
[0.436s] Level 1:colcon.colcon_core.package_identification:_identify(souzoukougaku14/Arduino/udp_sample) by extension 'colcon_meta'
[0.436s] Level 1:colcon.colcon_core.package_identification:_identify(souzoukougaku14/Arduino/udp_sample) by extensions ['ros']
[0.436s] Level 1:colcon.colcon_core.package_identification:_identify(souzoukougaku14/Arduino/udp_sample) by extension 'ros'
[0.436s] Level 1:colcon.colcon_core.package_identification:_identify(souzoukougaku14/Arduino/udp_sample) by extensions ['cmake', 'python']
[0.436s] Level 1:colcon.colcon_core.package_identification:_identify(souzoukougaku14/Arduino/udp_sample) by extension 'cmake'
[0.436s] Level 1:colcon.colcon_core.package_identification:_identify(souzoukougaku14/Arduino/udp_sample) by extension 'python'
[0.436s] Level 1:colcon.colcon_core.package_identification:_identify(souzoukougaku14/Arduino/udp_sample) by extensions ['python_setup_py']
[0.436s] Level 1:colcon.colcon_core.package_identification:_identify(souzoukougaku14/Arduino/udp_sample) by extension 'python_setup_py'
[0.436s] Level 1:colcon.colcon_core.package_identification:_identify(souzoukougaku14/src) by extensions ['ignore', 'ignore_ament_install']
[0.436s] Level 1:colcon.colcon_core.package_identification:_identify(souzoukougaku14/src) by extension 'ignore'
[0.436s] Level 1:colcon.colcon_core.package_identification:_identify(souzoukougaku14/src) by extension 'ignore_ament_install'
[0.436s] Level 1:colcon.colcon_core.package_identification:_identify(souzoukougaku14/src) by extensions ['colcon_pkg']
[0.436s] Level 1:colcon.colcon_core.package_identification:_identify(souzoukougaku14/src) by extension 'colcon_pkg'
[0.436s] Level 1:colcon.colcon_core.package_identification:_identify(souzoukougaku14/src) by extensions ['colcon_meta']
[0.436s] Level 1:colcon.colcon_core.package_identification:_identify(souzoukougaku14/src) by extension 'colcon_meta'
[0.436s] Level 1:colcon.colcon_core.package_identification:_identify(souzoukougaku14/src) by extensions ['ros']
[0.437s] Level 1:colcon.colcon_core.package_identification:_identify(souzoukougaku14/src) by extension 'ros'
[0.437s] Level 1:colcon.colcon_core.package_identification:_identify(souzoukougaku14/src) by extensions ['cmake', 'python']
[0.437s] Level 1:colcon.colcon_core.package_identification:_identify(souzoukougaku14/src) by extension 'cmake'
[0.437s] Level 1:colcon.colcon_core.package_identification:_identify(souzoukougaku14/src) by extension 'python'
[0.437s] Level 1:colcon.colcon_core.package_identification:_identify(souzoukougaku14/src) by extensions ['python_setup_py']
[0.437s] Level 1:colcon.colcon_core.package_identification:_identify(souzoukougaku14/src) by extension 'python_setup_py'
[0.437s] Level 1:colcon.colcon_core.package_identification:_identify(souzoukougaku14/src/build) by extensions ['ignore', 'ignore_ament_install']
[0.437s] Level 1:colcon.colcon_core.package_identification:_identify(souzoukougaku14/src/build) by extension 'ignore'
[0.437s] Level 1:colcon.colcon_core.package_identification:_identify(souzoukougaku14/src/build) ignored
[0.437s] Level 1:colcon.colcon_core.package_identification:_identify(souzoukougaku14/src/cat) by extensions ['ignore', 'ignore_ament_install']
[0.437s] Level 1:colcon.colcon_core.package_identification:_identify(souzoukougaku14/src/cat) by extension 'ignore'
[0.437s] Level 1:colcon.colcon_core.package_identification:_identify(souzoukougaku14/src/cat) by extension 'ignore_ament_install'
[0.437s] Level 1:colcon.colcon_core.package_identification:_identify(souzoukougaku14/src/cat) by extensions ['colcon_pkg']
[0.437s] Level 1:colcon.colcon_core.package_identification:_identify(souzoukougaku14/src/cat) by extension 'colcon_pkg'
[0.437s] Level 1:colcon.colcon_core.package_identification:_identify(souzoukougaku14/src/cat) by extensions ['colcon_meta']
[0.437s] Level 1:colcon.colcon_core.package_identification:_identify(souzoukougaku14/src/cat) by extension 'colcon_meta'
[0.437s] Level 1:colcon.colcon_core.package_identification:_identify(souzoukougaku14/src/cat) by extensions ['ros']
[0.437s] Level 1:colcon.colcon_core.package_identification:_identify(souzoukougaku14/src/cat) by extension 'ros'
[0.438s] DEBUG:colcon.colcon_core.package_identification:Package 'souzoukougaku14/src/cat' with type 'ros.ament_python' and name 'cat'
[0.438s] Level 1:colcon.colcon_core.package_identification:_identify(souzoukougaku14/src/cat_messages) by extensions ['ignore', 'ignore_ament_install']
[0.438s] Level 1:colcon.colcon_core.package_identification:_identify(souzoukougaku14/src/cat_messages) by extension 'ignore'
[0.438s] Level 1:colcon.colcon_core.package_identification:_identify(souzoukougaku14/src/cat_messages) by extension 'ignore_ament_install'
[0.438s] Level 1:colcon.colcon_core.package_identification:_identify(souzoukougaku14/src/cat_messages) by extensions ['colcon_pkg']
[0.438s] Level 1:colcon.colcon_core.package_identification:_identify(souzoukougaku14/src/cat_messages) by extension 'colcon_pkg'
[0.439s] Level 1:colcon.colcon_core.package_identification:_identify(souzoukougaku14/src/cat_messages) by extensions ['colcon_meta']
[0.439s] Level 1:colcon.colcon_core.package_identification:_identify(souzoukougaku14/src/cat_messages) by extension 'colcon_meta'
[0.439s] Level 1:colcon.colcon_core.package_identification:_identify(souzoukougaku14/src/cat_messages) by extensions ['ros']
[0.439s] Level 1:colcon.colcon_core.package_identification:_identify(souzoukougaku14/src/cat_messages) by extension 'ros'
[0.439s] DEBUG:colcon.colcon_core.package_identification:Package 'souzoukougaku14/src/cat_messages' with type 'ros.ament_cmake' and name 'cat_messages'
[0.439s] Level 1:colcon.colcon_core.package_identification:_identify(souzoukougaku14/src/install) by extensions ['ignore', 'ignore_ament_install']
[0.439s] Level 1:colcon.colcon_core.package_identification:_identify(souzoukougaku14/src/install) by extension 'ignore'
[0.439s] Level 1:colcon.colcon_core.package_identification:_identify(souzoukougaku14/src/install) ignored
[0.440s] Level 1:colcon.colcon_core.package_identification:_identify(souzoukougaku14/src/log) by extensions ['ignore', 'ignore_ament_install']
[0.440s] Level 1:colcon.colcon_core.package_identification:_identify(souzoukougaku14/src/log) by extension 'ignore'
[0.440s] Level 1:colcon.colcon_core.package_identification:_identify(souzoukougaku14/src/log) ignored
[0.440s] Level 1:colcon.colcon_core.package_identification:_identify(souzoukougaku14/test) by extensions ['ignore', 'ignore_ament_install']
[0.440s] Level 1:colcon.colcon_core.package_identification:_identify(souzoukougaku14/test) by extension 'ignore'
[0.440s] Level 1:colcon.colcon_core.package_identification:_identify(souzoukougaku14/test) by extension 'ignore_ament_install'
[0.440s] Level 1:colcon.colcon_core.package_identification:_identify(souzoukougaku14/test) by extensions ['colcon_pkg']
[0.440s] Level 1:colcon.colcon_core.package_identification:_identify(souzoukougaku14/test) by extension 'colcon_pkg'
[0.440s] Level 1:colcon.colcon_core.package_identification:_identify(souzoukougaku14/test) by extensions ['colcon_meta']
[0.440s] Level 1:colcon.colcon_core.package_identification:_identify(souzoukougaku14/test) by extension 'colcon_meta'
[0.440s] Level 1:colcon.colcon_core.package_identification:_identify(souzoukougaku14/test) by extensions ['ros']
[0.440s] Level 1:colcon.colcon_core.package_identification:_identify(souzoukougaku14/test) by extension 'ros'
[0.440s] Level 1:colcon.colcon_core.package_identification:_identify(souzoukougaku14/test) by extensions ['cmake', 'python']
[0.440s] Level 1:colcon.colcon_core.package_identification:_identify(souzoukougaku14/test) by extension 'cmake'
[0.440s] Level 1:colcon.colcon_core.package_identification:_identify(souzoukougaku14/test) by extension 'python'
[0.440s] Level 1:colcon.colcon_core.package_identification:_identify(souzoukougaku14/test) by extensions ['python_setup_py']
[0.440s] Level 1:colcon.colcon_core.package_identification:_identify(souzoukougaku14/test) by extension 'python_setup_py'
[0.440s] Level 1:colcon.colcon_core.package_identification:_identify(souzoukougaku14/test/__pycache__) by extensions ['ignore', 'ignore_ament_install']
[0.440s] Level 1:colcon.colcon_core.package_identification:_identify(souzoukougaku14/test/__pycache__) by extension 'ignore'
[0.440s] Level 1:colcon.colcon_core.package_identification:_identify(souzoukougaku14/test/__pycache__) by extension 'ignore_ament_install'
[0.440s] Level 1:colcon.colcon_core.package_identification:_identify(souzoukougaku14/test/__pycache__) by extensions ['colcon_pkg']
[0.440s] Level 1:colcon.colcon_core.package_identification:_identify(souzoukougaku14/test/__pycache__) by extension 'colcon_pkg'
[0.440s] Level 1:colcon.colcon_core.package_identification:_identify(souzoukougaku14/test/__pycache__) by extensions ['colcon_meta']
[0.440s] Level 1:colcon.colcon_core.package_identification:_identify(souzoukougaku14/test/__pycache__) by extension 'colcon_meta'
[0.440s] Level 1:colcon.colcon_core.package_identification:_identify(souzoukougaku14/test/__pycache__) by extensions ['ros']
[0.440s] Level 1:colcon.colcon_core.package_identification:_identify(souzoukougaku14/test/__pycache__) by extension 'ros'
[0.440s] Level 1:colcon.colcon_core.package_identification:_identify(souzoukougaku14/test/__pycache__) by extensions ['cmake', 'python']
[0.440s] Level 1:colcon.colcon_core.package_identification:_identify(souzoukougaku14/test/__pycache__) by extension 'cmake'
[0.440s] Level 1:colcon.colcon_core.package_identification:_identify(souzoukougaku14/test/__pycache__) by extension 'python'
[0.440s] Level 1:colcon.colcon_core.package_identification:_identify(souzoukougaku14/test/__pycache__) by extensions ['python_setup_py']
[0.441s] Level 1:colcon.colcon_core.package_identification:_identify(souzoukougaku14/test/__pycache__) by extension 'python_setup_py'
[0.441s] Level 1:colcon.colcon_core.package_discovery:discover_packages(recursive) using defaults
[0.441s] Level 1:colcon.colcon_core.package_discovery:discover_packages(ignore) discover
[0.441s] Level 1:colcon.colcon_core.package_discovery:discover_packages(ignore) using defaults
[0.441s] Level 1:colcon.colcon_core.package_discovery:discover_packages(path) discover
[0.441s] Level 1:colcon.colcon_core.package_discovery:discover_packages(path) using defaults
[0.466s] Level 1:colcon.colcon_core.package_discovery:discover_packages(prefix_path) check parameters
[0.466s] Level 1:colcon.colcon_core.package_discovery:discover_packages(prefix_path) discover
[0.471s] DEBUG:colcon.colcon_installed_package_information.package_discovery:Found 4 installed packages in /home/hamilton/souzou/install
[0.474s] DEBUG:colcon.colcon_installed_package_information.package_discovery:Found 480 installed packages in /opt/ros/humble
[0.475s] Level 1:colcon.colcon_core.package_discovery:discover_packages(prefix_path) using defaults
[0.658s] Level 5:colcon.colcon_core.verb:set package 'cat_messages' build argument 'cmake_args' from command line to 'None'
[0.658s] Level 5:colcon.colcon_core.verb:set package 'cat_messages' build argument 'cmake_target' from command line to 'None'
[0.658s] Level 5:colcon.colcon_core.verb:set package 'cat_messages' build argument 'cmake_target_skip_unavailable' from command line to 'False'
[0.658s] Level 5:colcon.colcon_core.verb:set package 'cat_messages' build argument 'cmake_clean_cache' from command line to 'False'
[0.658s] Level 5:colcon.colcon_core.verb:set package 'cat_messages' build argument 'cmake_clean_first' from command line to 'False'
[0.658s] Level 5:colcon.colcon_core.verb:set package 'cat_messages' build argument 'cmake_force_configure' from command line to 'False'
[0.658s] Level 5:colcon.colcon_core.verb:set package 'cat_messages' build argument 'ament_cmake_args' from command line to 'None'
[0.658s] Level 5:colcon.colcon_core.verb:set package 'cat_messages' build argument 'catkin_cmake_args' from command line to 'None'
[0.658s] Level 5:colcon.colcon_core.verb:set package 'cat_messages' build argument 'catkin_skip_building_tests' from command line to 'False'
[0.658s] DEBUG:colcon.colcon_core.verb:Building package 'cat_messages' with the following arguments: {'ament_cmake_args': None, 'build_base': '/home/hamilton/souzou/build/cat_messages', 'catkin_cmake_args': None, 'catkin_skip_building_tests': False, 'cmake_args': None, 'cmake_clean_cache': False, 'cmake_clean_first': False, 'cmake_force_configure': False, 'cmake_target': None, 'cmake_target_skip_unavailable': False, 'install_base': '/home/hamilton/souzou/install/cat_messages', 'merge_install': False, 'path': '/home/hamilton/souzou/souzoukougaku14/src/cat_messages', 'symlink_install': True, 'test_result_base': None}
[0.658s] Level 5:colcon.colcon_core.verb:set package 'ros2_aruco' build argument 'cmake_args' from command line to 'None'
[0.658s] Level 5:colcon.colcon_core.verb:set package 'ros2_aruco' build argument 'cmake_target' from command line to 'None'
[0.659s] Level 5:colcon.colcon_core.verb:set package 'ros2_aruco' build argument 'cmake_target_skip_unavailable' from command line to 'False'
[0.659s] Level 5:colcon.colcon_core.verb:set package 'ros2_aruco' build argument 'cmake_clean_cache' from command line to 'False'
[0.659s] Level 5:colcon.colcon_core.verb:set package 'ros2_aruco' build argument 'cmake_clean_first' from command line to 'False'
[0.659s] Level 5:colcon.colcon_core.verb:set package 'ros2_aruco' build argument 'cmake_force_configure' from command line to 'False'
[0.659s] Level 5:colcon.colcon_core.verb:set package 'ros2_aruco' build argument 'ament_cmake_args' from command line to 'None'
[0.659s] Level 5:colcon.colcon_core.verb:set package 'ros2_aruco' build argument 'catkin_cmake_args' from command line to 'None'
[0.659s] Level 5:colcon.colcon_core.verb:set package 'ros2_aruco' build argument 'catkin_skip_building_tests' from command line to 'False'
[0.659s] DEBUG:colcon.colcon_core.verb:Building package 'ros2_aruco' with the following arguments: {'ament_cmake_args': None, 'build_base': '/home/hamilton/souzou/build/ros2_aruco', 'catkin_cmake_args': None, 'catkin_skip_building_tests': False, 'cmake_args': None, 'cmake_clean_cache': False, 'cmake_clean_first': False, 'cmake_force_configure': False, 'cmake_target': None, 'cmake_target_skip_unavailable': False, 'install_base': '/home/hamilton/souzou/install/ros2_aruco', 'merge_install': False, 'path': '/home/hamilton/souzou/ros2_aruco/ros2_aruco', 'symlink_install': True, 'test_result_base': None}
[0.659s] Level 5:colcon.colcon_core.verb:set package 'ros2_aruco_interfaces' build argument 'cmake_args' from command line to 'None'
[0.659s] Level 5:colcon.colcon_core.verb:set package 'ros2_aruco_interfaces' build argument 'cmake_target' from command line to 'None'
[0.659s] Level 5:colcon.colcon_core.verb:set package 'ros2_aruco_interfaces' build argument 'cmake_target_skip_unavailable' from command line to 'False'
[0.659s] Level 5:colcon.colcon_core.verb:set package 'ros2_aruco_interfaces' build argument 'cmake_clean_cache' from command line to 'False'
[0.659s] Level 5:colcon.colcon_core.verb:set package 'ros2_aruco_interfaces' build argument 'cmake_clean_first' from command line to 'False'
[0.659s] Level 5:colcon.colcon_core.verb:set package 'ros2_aruco_interfaces' build argument 'cmake_force_configure' from command line to 'False'
[0.659s] Level 5:colcon.colcon_core.verb:set package 'ros2_aruco_interfaces' build argument 'ament_cmake_args' from command line to 'None'
[0.659s] Level 5:colcon.colcon_core.verb:set package 'ros2_aruco_interfaces' build argument 'catkin_cmake_args' from command line to 'None'
[0.659s] Level 5:colcon.colcon_core.verb:set package 'ros2_aruco_interfaces' build argument 'catkin_skip_building_tests' from command line to 'False'
[0.659s] DEBUG:colcon.colcon_core.verb:Building package 'ros2_aruco_interfaces' with the following arguments: {'ament_cmake_args': None, 'build_base': '/home/hamilton/souzou/build/ros2_aruco_interfaces', 'catkin_cmake_args': None, 'catkin_skip_building_tests': False, 'cmake_args': None, 'cmake_clean_cache': False, 'cmake_clean_first': False, 'cmake_force_configure': False, 'cmake_target': None, 'cmake_target_skip_unavailable': False, 'install_base': '/home/hamilton/souzou/install/ros2_aruco_interfaces', 'merge_install': False, 'path': '/home/hamilton/souzou/ros2_aruco/ros2_aruco_interfaces', 'symlink_install': True, 'test_result_base': None}
[0.659s] Level 5:colcon.colcon_core.verb:set package 'cat' build argument 'cmake_args' from command line to 'None'
[0.659s] Level 5:colcon.colcon_core.verb:set package 'cat' build argument 'cmake_target' from command line to 'None'
[0.659s] Level 5:colcon.colcon_core.verb:set package 'cat' build argument 'cmake_target_skip_unavailable' from command line to 'False'
[0.659s] Level 5:colcon.colcon_core.verb:set package 'cat' build argument 'cmake_clean_cache' from command line to 'False'
[0.659s] Level 5:colcon.colcon_core.verb:set package 'cat' build argument 'cmake_clean_first' from command line to 'False'
[0.659s] Level 5:colcon.colcon_core.verb:set package 'cat' build argument 'cmake_force_configure' from command line to 'False'
[0.659s] Level 5:colcon.colcon_core.verb:set package 'cat' build argument 'ament_cmake_args' from command line to 'None'
[0.659s] Level 5:colcon.colcon_core.verb:set package 'cat' build argument 'catkin_cmake_args' from command line to 'None'
[0.659s] Level 5:colcon.colcon_core.verb:set package 'cat' build argument 'catkin_skip_building_tests' from command line to 'False'
[0.659s] DEBUG:colcon.colcon_core.verb:Building package 'cat' with the following arguments: {'ament_cmake_args': None, 'build_base': '/home/hamilton/souzou/build/cat', 'catkin_cmake_args': None, 'catkin_skip_building_tests': False, 'cmake_args': None, 'cmake_clean_cache': False, 'cmake_clean_first': False, 'cmake_force_configure': False, 'cmake_target': None, 'cmake_target_skip_unavailable': False, 'install_base': '/home/hamilton/souzou/install/cat', 'merge_install': False, 'path': '/home/hamilton/souzou/souzoukougaku14/src/cat', 'symlink_install': True, 'test_result_base': None}
[0.659s] INFO:colcon.colcon_core.executor:Executing jobs using 'parallel' executor
[0.660s] DEBUG:colcon.colcon_parallel_executor.executor.parallel:run_until_complete
[0.660s] INFO:colcon.colcon_ros.task.ament_cmake.build:Building ROS package in '/home/hamilton/souzou/souzoukougaku14/src/cat_messages' with build type 'ament_cmake'
[0.660s] INFO:colcon.colcon_cmake.task.cmake.build:Building CMake package in '/home/hamilton/souzou/souzoukougaku14/src/cat_messages'
[0.665s] INFO:colcon.colcon_core.plugin_system:Skipping extension 'colcon_core.shell.bat': Not used on non-Windows systems
[0.665s] INFO:colcon.colcon_core.shell:Skip shell extension 'powershell' for command environment: Not usable outside of PowerShell
[0.665s] DEBUG:colcon.colcon_core.shell:Skip shell extension 'dsv' for command environment
[0.668s] INFO:colcon.colcon_ros.task.ament_python.build:Building ROS package in '/home/hamilton/souzou/ros2_aruco/ros2_aruco' with build type 'ament_python'
[0.668s] Level 1:colcon.colcon_core.shell:create_environment_hook('ros2_aruco', 'ament_prefix_path')
[0.669s] INFO:colcon.colcon_core.shell:Creating environment hook '/home/hamilton/souzou/install/ros2_aruco/share/ros2_aruco/hook/ament_prefix_path.ps1'
[0.669s] INFO:colcon.colcon_core.shell:Creating environment descriptor '/home/hamilton/souzou/install/ros2_aruco/share/ros2_aruco/hook/ament_prefix_path.dsv'
[0.669s] INFO:colcon.colcon_core.shell:Creating environment hook '/home/hamilton/souzou/install/ros2_aruco/share/ros2_aruco/hook/ament_prefix_path.sh'
[0.670s] INFO:colcon.colcon_core.shell:Skip shell extension 'powershell' for command environment: Not usable outside of PowerShell
[0.670s] DEBUG:colcon.colcon_core.shell:Skip shell extension 'dsv' for command environment
[0.672s] INFO:colcon.colcon_ros.task.ament_cmake.build:Building ROS package in '/home/hamilton/souzou/ros2_aruco/ros2_aruco_interfaces' with build type 'ament_cmake'
[0.672s] INFO:colcon.colcon_cmake.task.cmake.build:Building CMake package in '/home/hamilton/souzou/ros2_aruco/ros2_aruco_interfaces'
[0.672s] INFO:colcon.colcon_core.shell:Skip shell extension 'powershell' for command environment: Not usable outside of PowerShell
[0.672s] DEBUG:colcon.colcon_core.shell:Skip shell extension 'dsv' for command environment
[0.678s] DEBUG:colcon.colcon_core.event_handler.log_command:Invoking command in '/home/hamilton/souzou/build/cat_messages': CMAKE_PREFIX_PATH=${CMAKE_PREFIX_PATH}:/home/hamilton/souzou/install/ros2_aruco:/home/hamilton/souzou/install/cat:/opt/ros/humble /usr/bin/cmake --build /home/hamilton/souzou/build/cat_messages -- -j8 -l8
[0.902s] INFO:colcon.colcon_core.task.python.build:Building Python package in '/home/hamilton/souzou/ros2_aruco/ros2_aruco'
[0.903s] INFO:colcon.colcon_core.shell:Skip shell extension 'powershell' for command environment: Not usable outside of PowerShell
[0.903s] DEBUG:colcon.colcon_core.shell:Skip shell extension 'dsv' for command environment
[0.910s] DEBUG:colcon.colcon_core.event_handler.log_command:Invoking command in '/home/hamilton/souzou/build/ros2_aruco_interfaces': CMAKE_PREFIX_PATH=${CMAKE_PREFIX_PATH}:/home/hamilton/souzou/install/ros2_aruco:/home/hamilton/souzou/install/cat:/opt/ros/humble /usr/bin/cmake --build /home/hamilton/souzou/build/ros2_aruco_interfaces -- -j8 -l8
[1.011s] DEBUG:colcon.colcon_core.event_handler.log_command:Invoked command in '/home/hamilton/souzou/build/cat_messages' returned '0': CMAKE_PREFIX_PATH=${CMAKE_PREFIX_PATH}:/home/hamilton/souzou/install/ros2_aruco:/home/hamilton/souzou/install/cat:/opt/ros/humble /usr/bin/cmake --build /home/hamilton/souzou/build/cat_messages -- -j8 -l8
[1.020s] DEBUG:colcon.colcon_core.event_handler.log_command:Invoking command in '/home/hamilton/souzou/build/cat_messages': CMAKE_PREFIX_PATH=${CMAKE_PREFIX_PATH}:/home/hamilton/souzou/install/ros2_aruco:/home/hamilton/souzou/install/cat:/opt/ros/humble /usr/bin/cmake --install /home/hamilton/souzou/build/cat_messages
[1.109s] Level 1:colcon.colcon_core.environment:create_environment_scripts_only(cat_messages)
[1.109s] DEBUG:colcon.colcon_core.event_handler.log_command:Invoked command in '/home/hamilton/souzou/build/cat_messages' returned '0': CMAKE_PREFIX_PATH=${CMAKE_PREFIX_PATH}:/home/hamilton/souzou/install/ros2_aruco:/home/hamilton/souzou/install/cat:/opt/ros/humble /usr/bin/cmake --install /home/hamilton/souzou/build/cat_messages
[1.113s] Level 1:colcon.colcon_core.environment:checking '/home/hamilton/souzou/install/cat_messages' for CMake module files
[1.114s] Level 1:colcon.colcon_core.environment:checking '/home/hamilton/souzou/install/cat_messages' for CMake config files
[1.118s] Level 1:colcon.colcon_core.shell:create_environment_hook('cat_messages', 'cmake_prefix_path')
[1.118s] INFO:colcon.colcon_core.shell:Creating environment hook '/home/hamilton/souzou/install/cat_messages/share/cat_messages/hook/cmake_prefix_path.ps1'
[1.119s] INFO:colcon.colcon_core.shell:Creating environment descriptor '/home/hamilton/souzou/install/cat_messages/share/cat_messages/hook/cmake_prefix_path.dsv'
[1.119s] INFO:colcon.colcon_core.shell:Creating environment hook '/home/hamilton/souzou/install/cat_messages/share/cat_messages/hook/cmake_prefix_path.sh'
[1.119s] Level 1:colcon.colcon_core.environment:checking '/home/hamilton/souzou/install/cat_messages/lib'
[1.120s] Level 1:colcon.colcon_core.shell:create_environment_hook('cat_messages', 'ld_library_path_lib')
[1.120s] INFO:colcon.colcon_core.shell:Creating environment hook '/home/hamilton/souzou/install/cat_messages/share/cat_messages/hook/ld_library_path_lib.ps1'
[1.120s] INFO:colcon.colcon_core.shell:Creating environment descriptor '/home/hamilton/souzou/install/cat_messages/share/cat_messages/hook/ld_library_path_lib.dsv'
[1.120s] INFO:colcon.colcon_core.shell:Creating environment hook '/home/hamilton/souzou/install/cat_messages/share/cat_messages/hook/ld_library_path_lib.sh'
[1.121s] Level 1:colcon.colcon_core.environment:checking '/home/hamilton/souzou/install/cat_messages/bin'
[1.121s] Level 1:colcon.colcon_core.environment:checking '/home/hamilton/souzou/install/cat_messages/lib/pkgconfig/cat_messages.pc'
[1.121s] Level 1:colcon.colcon_core.environment:checking '/home/hamilton/souzou/install/cat_messages/lib/python3.10/site-packages'
[1.121s] Level 1:colcon.colcon_core.environment:checking '/home/hamilton/souzou/install/cat_messages/bin'
[1.121s] INFO:colcon.colcon_core.shell:Creating package script '/home/hamilton/souzou/install/cat_messages/share/cat_messages/package.ps1'
[1.122s] INFO:colcon.colcon_core.shell:Creating package descriptor '/home/hamilton/souzou/install/cat_messages/share/cat_messages/package.dsv'
[1.122s] INFO:colcon.colcon_core.shell:Creating package script '/home/hamilton/souzou/install/cat_messages/share/cat_messages/package.sh'
[1.122s] INFO:colcon.colcon_core.shell:Creating package script '/home/hamilton/souzou/install/cat_messages/share/cat_messages/package.bash'
[1.123s] INFO:colcon.colcon_core.shell:Creating package script '/home/hamilton/souzou/install/cat_messages/share/cat_messages/package.zsh'
[1.123s] Level 1:colcon.colcon_core.environment:create_file_with_runtime_dependencies(/home/hamilton/souzou/install/cat_messages/share/colcon-core/packages/cat_messages)
[1.124s] Level 1:colcon.colcon_core.environment:create_environment_scripts_only(cat_messages)
[1.124s] Level 1:colcon.colcon_core.environment:checking '/home/hamilton/souzou/install/cat_messages' for CMake module files
[1.124s] Level 1:colcon.colcon_core.environment:checking '/home/hamilton/souzou/install/cat_messages' for CMake config files
[1.125s] Level 1:colcon.colcon_core.shell:create_environment_hook('cat_messages', 'cmake_prefix_path')
[1.125s] INFO:colcon.colcon_core.shell:Creating environment hook '/home/hamilton/souzou/install/cat_messages/share/cat_messages/hook/cmake_prefix_path.ps1'
[1.125s] INFO:colcon.colcon_core.shell:Creating environment descriptor '/home/hamilton/souzou/install/cat_messages/share/cat_messages/hook/cmake_prefix_path.dsv'
[1.126s] INFO:colcon.colcon_core.shell:Creating environment hook '/home/hamilton/souzou/install/cat_messages/share/cat_messages/hook/cmake_prefix_path.sh'
[1.126s] Level 1:colcon.colcon_core.environment:checking '/home/hamilton/souzou/install/cat_messages/lib'
[1.126s] Level 1:colcon.colcon_core.shell:create_environment_hook('cat_messages', 'ld_library_path_lib')
[1.126s] INFO:colcon.colcon_core.shell:Creating environment hook '/home/hamilton/souzou/install/cat_messages/share/cat_messages/hook/ld_library_path_lib.ps1'
[1.126s] INFO:colcon.colcon_core.shell:Creating environment descriptor '/home/hamilton/souzou/install/cat_messages/share/cat_messages/hook/ld_library_path_lib.dsv'
[1.127s] INFO:colcon.colcon_core.shell:Creating environment hook '/home/hamilton/souzou/install/cat_messages/share/cat_messages/hook/ld_library_path_lib.sh'
[1.127s] Level 1:colcon.colcon_core.environment:checking '/home/hamilton/souzou/install/cat_messages/bin'
[1.127s] Level 1:colcon.colcon_core.environment:checking '/home/hamilton/souzou/install/cat_messages/lib/pkgconfig/cat_messages.pc'
[1.127s] Level 1:colcon.colcon_core.environment:checking '/home/hamilton/souzou/install/cat_messages/lib/python3.10/site-packages'
[1.127s] Level 1:colcon.colcon_core.environment:checking '/home/hamilton/souzou/install/cat_messages/bin'
[1.127s] INFO:colcon.colcon_core.shell:Creating package script '/home/hamilton/souzou/install/cat_messages/share/cat_messages/package.ps1'
[1.128s] INFO:colcon.colcon_core.shell:Creating package descriptor '/home/hamilton/souzou/install/cat_messages/share/cat_messages/package.dsv'
[1.128s] INFO:colcon.colcon_core.shell:Creating package script '/home/hamilton/souzou/install/cat_messages/share/cat_messages/package.sh'
[1.128s] INFO:colcon.colcon_core.shell:Creating package script '/home/hamilton/souzou/install/cat_messages/share/cat_messages/package.bash'
[1.129s] INFO:colcon.colcon_core.shell:Creating package script '/home/hamilton/souzou/install/cat_messages/share/cat_messages/package.zsh'
[1.129s] Level 1:colcon.colcon_core.environment:create_file_with_runtime_dependencies(/home/hamilton/souzou/install/cat_messages/share/colcon-core/packages/cat_messages)
[1.129s] INFO:colcon.colcon_ros.task.ament_python.build:Building ROS package in '/home/hamilton/souzou/souzoukougaku14/src/cat' with build type 'ament_python'
[1.129s] Level 1:colcon.colcon_core.shell:create_environment_hook('cat', 'ament_prefix_path')
[1.129s] INFO:colcon.colcon_core.shell:Creating environment hook '/home/hamilton/souzou/install/cat/share/cat/hook/ament_prefix_path.ps1'
[1.130s] INFO:colcon.colcon_core.shell:Creating environment descriptor '/home/hamilton/souzou/install/cat/share/cat/hook/ament_prefix_path.dsv'
[1.130s] INFO:colcon.colcon_core.shell:Creating environment hook '/home/hamilton/souzou/install/cat/share/cat/hook/ament_prefix_path.sh'
[1.130s] INFO:colcon.colcon_core.shell:Skip shell extension 'powershell' for command environment: Not usable outside of PowerShell
[1.130s] DEBUG:colcon.colcon_core.shell:Skip shell extension 'dsv' for command environment
[1.335s] INFO:colcon.colcon_core.task.python.build:Building Python package in '/home/hamilton/souzou/souzoukougaku14/src/cat'
[1.335s] INFO:colcon.colcon_core.shell:Skip shell extension 'powershell' for command environment: Not usable outside of PowerShell
[1.336s] DEBUG:colcon.colcon_core.shell:Skip shell extension 'dsv' for command environment
[1.341s] DEBUG:colcon.colcon_core.event_handler.log_command:Invoking command in '/home/hamilton/souzou/build/ros2_aruco': PYTHONPATH=/home/hamilton/souzou/build/ros2_aruco/prefix_override:/usr/lib/python3/dist-packages/colcon_core/task/python/colcon_distutils_commands:/home/hamilton/souzou/install/ros2_aruco/lib/python3.10/site-packages:${PYTHONPATH} /usr/bin/python3 -W ignore:setup.py install is deprecated -W ignore:easy_install command is deprecated setup.py develop --editable --build-directory /home/hamilton/souzou/build/ros2_aruco/build --no-deps symlink_data
[1.341s] DEBUG:colcon.colcon_core.event_handler.log_command:Invoked command in '/home/hamilton/souzou/build/ros2_aruco_interfaces' returned '0': CMAKE_PREFIX_PATH=${CMAKE_PREFIX_PATH}:/home/hamilton/souzou/install/ros2_aruco:/home/hamilton/souzou/install/cat:/opt/ros/humble /usr/bin/cmake --build /home/hamilton/souzou/build/ros2_aruco_interfaces -- -j8 -l8
[1.342s] DEBUG:colcon.colcon_core.event_handler.log_command:Invoking command in '/home/hamilton/souzou/build/ros2_aruco_interfaces': CMAKE_PREFIX_PATH=${CMAKE_PREFIX_PATH}:/home/hamilton/souzou/install/ros2_aruco:/home/hamilton/souzou/install/cat:/opt/ros/humble /usr/bin/cmake --install /home/hamilton/souzou/build/ros2_aruco_interfaces
[1.418s] Level 1:colcon.colcon_core.environment:create_environment_scripts_only(ros2_aruco_interfaces)
[1.418s] Level 1:colcon.colcon_core.environment:checking '/home/hamilton/souzou/install/ros2_aruco_interfaces' for CMake module files
[1.418s] DEBUG:colcon.colcon_core.event_handler.log_command:Invoked command in '/home/hamilton/souzou/build/ros2_aruco_interfaces' returned '0': CMAKE_PREFIX_PATH=${CMAKE_PREFIX_PATH}:/home/hamilton/souzou/install/ros2_aruco:/home/hamilton/souzou/install/cat:/opt/ros/humble /usr/bin/cmake --install /home/hamilton/souzou/build/ros2_aruco_interfaces
[1.419s] Level 1:colcon.colcon_core.environment:checking '/home/hamilton/souzou/install/ros2_aruco_interfaces' for CMake config files
[1.425s] Level 1:colcon.colcon_core.shell:create_environment_hook('ros2_aruco_interfaces', 'cmake_prefix_path')
[1.425s] INFO:colcon.colcon_core.shell:Creating environment hook '/home/hamilton/souzou/install/ros2_aruco_interfaces/share/ros2_aruco_interfaces/hook/cmake_prefix_path.ps1'
[1.426s] INFO:colcon.colcon_core.shell:Creating environment descriptor '/home/hamilton/souzou/install/ros2_aruco_interfaces/share/ros2_aruco_interfaces/hook/cmake_prefix_path.dsv'
[1.426s] INFO:colcon.colcon_core.shell:Creating environment hook '/home/hamilton/souzou/install/ros2_aruco_interfaces/share/ros2_aruco_interfaces/hook/cmake_prefix_path.sh'
[1.426s] Level 1:colcon.colcon_core.environment:checking '/home/hamilton/souzou/install/ros2_aruco_interfaces/lib'
[1.426s] Level 1:colcon.colcon_core.shell:create_environment_hook('ros2_aruco_interfaces', 'ld_library_path_lib')
[1.427s] INFO:colcon.colcon_core.shell:Creating environment hook '/home/hamilton/souzou/install/ros2_aruco_interfaces/share/ros2_aruco_interfaces/hook/ld_library_path_lib.ps1'
[1.427s] INFO:colcon.colcon_core.shell:Creating environment descriptor '/home/hamilton/souzou/install/ros2_aruco_interfaces/share/ros2_aruco_interfaces/hook/ld_library_path_lib.dsv'
[1.427s] INFO:colcon.colcon_core.shell:Creating environment hook '/home/hamilton/souzou/install/ros2_aruco_interfaces/share/ros2_aruco_interfaces/hook/ld_library_path_lib.sh'
[1.427s] Level 1:colcon.colcon_core.environment:checking '/home/hamilton/souzou/install/ros2_aruco_interfaces/bin'
[1.427s] Level 1:colcon.colcon_core.environment:checking '/home/hamilton/souzou/install/ros2_aruco_interfaces/lib/pkgconfig/ros2_aruco_interfaces.pc'
[1.428s] Level 1:colcon.colcon_core.environment:checking '/home/hamilton/souzou/install/ros2_aruco_interfaces/lib/python3.10/site-packages'
[1.428s] Level 1:colcon.colcon_core.environment:checking '/home/hamilton/souzou/install/ros2_aruco_interfaces/bin'
[1.428s] INFO:colcon.colcon_core.shell:Creating package script '/home/hamilton/souzou/install/ros2_aruco_interfaces/share/ros2_aruco_interfaces/package.ps1'
[1.428s] INFO:colcon.colcon_core.shell:Creating package descriptor '/home/hamilton/souzou/install/ros2_aruco_interfaces/share/ros2_aruco_interfaces/package.dsv'
[1.429s] INFO:colcon.colcon_core.shell:Creating package script '/home/hamilton/souzou/install/ros2_aruco_interfaces/share/ros2_aruco_interfaces/package.sh'
[1.429s] INFO:colcon.colcon_core.shell:Creating package script '/home/hamilton/souzou/install/ros2_aruco_interfaces/share/ros2_aruco_interfaces/package.bash'
[1.429s] INFO:colcon.colcon_core.shell:Creating package script '/home/hamilton/souzou/install/ros2_aruco_interfaces/share/ros2_aruco_interfaces/package.zsh'
[1.429s] Level 1:colcon.colcon_core.environment:create_file_with_runtime_dependencies(/home/hamilton/souzou/install/ros2_aruco_interfaces/share/colcon-core/packages/ros2_aruco_interfaces)
[1.430s] Level 1:colcon.colcon_core.environment:create_environment_scripts_only(ros2_aruco_interfaces)
[1.430s] Level 1:colcon.colcon_core.environment:checking '/home/hamilton/souzou/install/ros2_aruco_interfaces' for CMake module files
[1.430s] Level 1:colcon.colcon_core.environment:checking '/home/hamilton/souzou/install/ros2_aruco_interfaces' for CMake config files
[1.431s] Level 1:colcon.colcon_core.shell:create_environment_hook('ros2_aruco_interfaces', 'cmake_prefix_path')
[1.431s] INFO:colcon.colcon_core.shell:Creating environment hook '/home/hamilton/souzou/install/ros2_aruco_interfaces/share/ros2_aruco_interfaces/hook/cmake_prefix_path.ps1'
[1.431s] INFO:colcon.colcon_core.shell:Creating environment descriptor '/home/hamilton/souzou/install/ros2_aruco_interfaces/share/ros2_aruco_interfaces/hook/cmake_prefix_path.dsv'
[1.432s] INFO:colcon.colcon_core.shell:Creating environment hook '/home/hamilton/souzou/install/ros2_aruco_interfaces/share/ros2_aruco_interfaces/hook/cmake_prefix_path.sh'
[1.432s] Level 1:colcon.colcon_core.environment:checking '/home/hamilton/souzou/install/ros2_aruco_interfaces/lib'
[1.432s] Level 1:colcon.colcon_core.shell:create_environment_hook('ros2_aruco_interfaces', 'ld_library_path_lib')
[1.432s] INFO:colcon.colcon_core.shell:Creating environment hook '/home/hamilton/souzou/install/ros2_aruco_interfaces/share/ros2_aruco_interfaces/hook/ld_library_path_lib.ps1'
[1.433s] INFO:colcon.colcon_core.shell:Creating environment descriptor '/home/hamilton/souzou/install/ros2_aruco_interfaces/share/ros2_aruco_interfaces/hook/ld_library_path_lib.dsv'
[1.433s] INFO:colcon.colcon_core.shell:Creating environment hook '/home/hamilton/souzou/install/ros2_aruco_interfaces/share/ros2_aruco_interfaces/hook/ld_library_path_lib.sh'
[1.433s] Level 1:colcon.colcon_core.environment:checking '/home/hamilton/souzou/install/ros2_aruco_interfaces/bin'
[1.433s] Level 1:colcon.colcon_core.environment:checking '/home/hamilton/souzou/install/ros2_aruco_interfaces/lib/pkgconfig/ros2_aruco_interfaces.pc'
[1.433s] Level 1:colcon.colcon_core.environment:checking '/home/hamilton/souzou/install/ros2_aruco_interfaces/lib/python3.10/site-packages'
[1.433s] Level 1:colcon.colcon_core.environment:checking '/home/hamilton/souzou/install/ros2_aruco_interfaces/bin'
[1.434s] INFO:colcon.colcon_core.shell:Creating package script '/home/hamilton/souzou/install/ros2_aruco_interfaces/share/ros2_aruco_interfaces/package.ps1'
[1.434s] INFO:colcon.colcon_core.shell:Creating package descriptor '/home/hamilton/souzou/install/ros2_aruco_interfaces/share/ros2_aruco_interfaces/package.dsv'
[1.434s] INFO:colcon.colcon_core.shell:Creating package script '/home/hamilton/souzou/install/ros2_aruco_interfaces/share/ros2_aruco_interfaces/package.sh'
[1.435s] INFO:colcon.colcon_core.shell:Creating package script '/home/hamilton/souzou/install/ros2_aruco_interfaces/share/ros2_aruco_interfaces/package.bash'
[1.435s] INFO:colcon.colcon_core.shell:Creating package script '/home/hamilton/souzou/install/ros2_aruco_interfaces/share/ros2_aruco_interfaces/package.zsh'
[1.435s] Level 1:colcon.colcon_core.environment:create_file_with_runtime_dependencies(/home/hamilton/souzou/install/ros2_aruco_interfaces/share/colcon-core/packages/ros2_aruco_interfaces)
[1.645s] DEBUG:colcon.colcon_core.event_handler.log_command:Invoking command in '/home/hamilton/souzou/build/cat': CMAKE_PREFIX_PATH=/home/hamilton/souzou/install/cat_messages:/home/hamilton/souzou/install/ros2_aruco_interfaces LD_LIBRARY_PATH=/home/hamilton/souzou/install/cat_messages/lib:/home/hamilton/souzou/install/ros2_aruco_interfaces/lib:/usr/lib/x86_64-linux-gnu/gazebo-11/plugins:/opt/ros/humble/opt/rviz_ogre_vendor/lib:/opt/ros/humble/lib/x86_64-linux-gnu:/opt/ros/humble/opt/openvdb_vendor/lib:/opt/ros/humble/lib:/home/hamilton/miniconda3/envs/base/lib:/usr/share/gazebo/../../lib/x86_64-linux-gnu/gazebo-11/plugins PYTHONPATH=/home/hamilton/souzou/build/cat/prefix_override:/usr/lib/python3/dist-packages/colcon_core/task/python/colcon_distutils_commands:/home/hamilton/souzou/install/cat/lib/python3.10/site-packages:${PYTHONPATH} /usr/bin/python3 -W ignore:setup.py install is deprecated -W ignore:easy_install command is deprecated setup.py develop --editable --build-directory /home/hamilton/souzou/build/cat/build --no-deps symlink_data
[1.753s] Level 1:colcon.colcon_core.shell:create_environment_hook('ros2_aruco', 'pythonpath_develop')
[1.754s] INFO:colcon.colcon_core.shell:Creating environment hook '/home/hamilton/souzou/build/ros2_aruco/share/ros2_aruco/hook/pythonpath_develop.ps1'
[1.754s] DEBUG:colcon.colcon_core.event_handler.log_command:Invoked command in '/home/hamilton/souzou/build/ros2_aruco' returned '0': PYTHONPATH=/home/hamilton/souzou/build/ros2_aruco/prefix_override:/usr/lib/python3/dist-packages/colcon_core/task/python/colcon_distutils_commands:/home/hamilton/souzou/install/ros2_aruco/lib/python3.10/site-packages:${PYTHONPATH} /usr/bin/python3 -W ignore:setup.py install is deprecated -W ignore:easy_install command is deprecated setup.py develop --editable --build-directory /home/hamilton/souzou/build/ros2_aruco/build --no-deps symlink_data
[1.755s] INFO:colcon.colcon_core.shell:Creating environment descriptor '/home/hamilton/souzou/build/ros2_aruco/share/ros2_aruco/hook/pythonpath_develop.dsv'
[1.755s] INFO:colcon.colcon_core.shell:Creating environment hook '/home/hamilton/souzou/build/ros2_aruco/share/ros2_aruco/hook/pythonpath_develop.sh'
[1.756s] Level 1:colcon.colcon_core.environment:checking '/home/hamilton/souzou/install/ros2_aruco' for CMake module files
[1.756s] Level 1:colcon.colcon_core.environment:checking '/home/hamilton/souzou/install/ros2_aruco' for CMake config files
[1.757s] Level 1:colcon.colcon_core.environment:checking '/home/hamilton/souzou/install/ros2_aruco/lib'
[1.757s] Level 1:colcon.colcon_core.environment:checking '/home/hamilton/souzou/install/ros2_aruco/bin'
[1.757s] Level 1:colcon.colcon_core.environment:checking '/home/hamilton/souzou/install/ros2_aruco/lib/pkgconfig/ros2_aruco.pc'
[1.757s] Level 1:colcon.colcon_core.environment:checking '/home/hamilton/souzou/install/ros2_aruco/lib/python3.10/site-packages'
[1.757s] Level 1:colcon.colcon_core.shell:create_environment_hook('ros2_aruco', 'pythonpath')
[1.758s] INFO:colcon.colcon_core.shell:Creating environment hook '/home/hamilton/souzou/install/ros2_aruco/share/ros2_aruco/hook/pythonpath.ps1'
[1.758s] INFO:colcon.colcon_core.shell:Creating environment descriptor '/home/hamilton/souzou/install/ros2_aruco/share/ros2_aruco/hook/pythonpath.dsv'
[1.758s] INFO:colcon.colcon_core.shell:Creating environment hook '/home/hamilton/souzou/install/ros2_aruco/share/ros2_aruco/hook/pythonpath.sh'
[1.759s] Level 1:colcon.colcon_core.environment:checking '/home/hamilton/souzou/install/ros2_aruco/bin'
[1.759s] Level 1:colcon.colcon_core.environment:create_environment_scripts_only(ros2_aruco)
[1.760s] INFO:colcon.colcon_core.shell:Creating package script '/home/hamilton/souzou/install/ros2_aruco/share/ros2_aruco/package.ps1'
[1.760s] INFO:colcon.colcon_core.shell:Creating package descriptor '/home/hamilton/souzou/install/ros2_aruco/share/ros2_aruco/package.dsv'
[1.761s] INFO:colcon.colcon_core.shell:Creating package script '/home/hamilton/souzou/install/ros2_aruco/share/ros2_aruco/package.sh'
[1.761s] INFO:colcon.colcon_core.shell:Creating package script '/home/hamilton/souzou/install/ros2_aruco/share/ros2_aruco/package.bash'
[1.762s] INFO:colcon.colcon_core.shell:Creating package script '/home/hamilton/souzou/install/ros2_aruco/share/ros2_aruco/package.zsh'
[1.762s] Level 1:colcon.colcon_core.environment:create_file_with_runtime_dependencies(/home/hamilton/souzou/install/ros2_aruco/share/colcon-core/packages/ros2_aruco)
[2.123s] Level 1:colcon.colcon_core.shell:create_environment_hook('cat', 'pythonpath_develop')
[2.123s] INFO:colcon.colcon_core.shell:Creating environment hook '/home/hamilton/souzou/build/cat/share/cat/hook/pythonpath_develop.ps1'
[2.123s] DEBUG:colcon.colcon_core.event_handler.log_command:Invoked command in '/home/hamilton/souzou/build/cat' returned '0': CMAKE_PREFIX_PATH=/home/hamilton/souzou/install/cat_messages:/home/hamilton/souzou/install/ros2_aruco_interfaces LD_LIBRARY_PATH=/home/hamilton/souzou/install/cat_messages/lib:/home/hamilton/souzou/install/ros2_aruco_interfaces/lib:/usr/lib/x86_64-linux-gnu/gazebo-11/plugins:/opt/ros/humble/opt/rviz_ogre_vendor/lib:/opt/ros/humble/lib/x86_64-linux-gnu:/opt/ros/humble/opt/openvdb_vendor/lib:/opt/ros/humble/lib:/home/hamilton/miniconda3/envs/base/lib:/usr/share/gazebo/../../lib/x86_64-linux-gnu/gazebo-11/plugins PYTHONPATH=/home/hamilton/souzou/build/cat/prefix_override:/usr/lib/python3/dist-packages/colcon_core/task/python/colcon_distutils_commands:/home/hamilton/souzou/install/cat/lib/python3.10/site-packages:${PYTHONPATH} /usr/bin/python3 -W ignore:setup.py install is deprecated -W ignore:easy_install command is deprecated setup.py develop --editable --build-directory /home/hamilton/souzou/build/cat/build --no-deps symlink_data
[2.124s] INFO:colcon.colcon_core.shell:Creating environment descriptor '/home/hamilton/souzou/build/cat/share/cat/hook/pythonpath_develop.dsv'
[2.124s] INFO:colcon.colcon_core.shell:Creating environment hook '/home/hamilton/souzou/build/cat/share/cat/hook/pythonpath_develop.sh'
[2.125s] Level 1:colcon.colcon_core.environment:checking '/home/hamilton/souzou/install/cat' for CMake module files
[2.125s] Level 1:colcon.colcon_core.environment:checking '/home/hamilton/souzou/install/cat' for CMake config files
[2.125s] Level 1:colcon.colcon_core.environment:checking '/home/hamilton/souzou/install/cat/lib'
[2.125s] Level 1:colcon.colcon_core.environment:checking '/home/hamilton/souzou/install/cat/bin'
[2.126s] Level 1:colcon.colcon_core.environment:checking '/home/hamilton/souzou/install/cat/lib/pkgconfig/cat.pc'
[2.126s] Level 1:colcon.colcon_core.environment:checking '/home/hamilton/souzou/install/cat/lib/python3.10/site-packages'
[2.126s] Level 1:colcon.colcon_core.shell:create_environment_hook('cat', 'pythonpath')
[2.126s] INFO:colcon.colcon_core.shell:Creating environment hook '/home/hamilton/souzou/install/cat/share/cat/hook/pythonpath.ps1'
[2.126s] INFO:colcon.colcon_core.shell:Creating environment descriptor '/home/hamilton/souzou/install/cat/share/cat/hook/pythonpath.dsv'
[2.127s] INFO:colcon.colcon_core.shell:Creating environment hook '/home/hamilton/souzou/install/cat/share/cat/hook/pythonpath.sh'
[2.127s] Level 1:colcon.colcon_core.environment:checking '/home/hamilton/souzou/install/cat/bin'
[2.127s] Level 1:colcon.colcon_core.environment:create_environment_scripts_only(cat)
[2.127s] INFO:colcon.colcon_core.shell:Creating package script '/home/hamilton/souzou/install/cat/share/cat/package.ps1'
[2.128s] INFO:colcon.colcon_core.shell:Creating package descriptor '/home/hamilton/souzou/install/cat/share/cat/package.dsv'
[2.128s] INFO:colcon.colcon_core.shell:Creating package script '/home/hamilton/souzou/install/cat/share/cat/package.sh'
[2.128s] INFO:colcon.colcon_core.shell:Creating package script '/home/hamilton/souzou/install/cat/share/cat/package.bash'
[2.129s] INFO:colcon.colcon_core.shell:Creating package script '/home/hamilton/souzou/install/cat/share/cat/package.zsh'
[2.129s] Level 1:colcon.colcon_core.environment:create_file_with_runtime_dependencies(/home/hamilton/souzou/install/cat/share/colcon-core/packages/cat)
[2.129s] DEBUG:colcon.colcon_parallel_executor.executor.parallel:closing loop
[2.129s] DEBUG:colcon.colcon_parallel_executor.executor.parallel:loop closed
[2.129s] DEBUG:colcon.colcon_parallel_executor.executor.parallel:run_until_complete finished with '0'
[2.130s] DEBUG:colcon.colcon_core.event_reactor:joining thread
[2.139s] INFO:colcon.colcon_core.plugin_system:Skipping extension 'colcon_notification.desktop_notification.terminal_notifier': Not used on non-Darwin systems
[2.139s] INFO:colcon.colcon_core.plugin_system:Skipping extension 'colcon_notification.desktop_notification.win32': Not used on non-Windows systems
[2.139s] INFO:colcon.colcon_notification.desktop_notification:Sending desktop notification using 'notify2'
[2.148s] DEBUG:colcon.colcon_core.event_reactor:joined thread
[2.148s] INFO:colcon.colcon_core.shell:Creating prefix script '/home/hamilton/souzou/install/local_setup.ps1'
[2.150s] INFO:colcon.colcon_core.shell:Creating prefix util module '/home/hamilton/souzou/install/_local_setup_util_ps1.py'
[2.152s] INFO:colcon.colcon_core.shell:Creating prefix chain script '/home/hamilton/souzou/install/setup.ps1'
[2.154s] INFO:colcon.colcon_core.shell:Creating prefix script '/home/hamilton/souzou/install/local_setup.sh'
[2.155s] INFO:colcon.colcon_core.shell:Creating prefix util module '/home/hamilton/souzou/install/_local_setup_util_sh.py'
[2.155s] INFO:colcon.colcon_core.shell:Creating prefix chain script '/home/hamilton/souzou/install/setup.sh'
[2.156s] INFO:colcon.colcon_core.shell:Creating prefix script '/home/hamilton/souzou/install/local_setup.bash'
[2.157s] INFO:colcon.colcon_core.shell:Creating prefix chain script '/home/hamilton/souzou/install/setup.bash'
[2.158s] INFO:colcon.colcon_core.shell:Creating prefix script '/home/hamilton/souzou/install/local_setup.zsh'
[2.159s] INFO:colcon.colcon_core.shell:Creating prefix chain script '/home/hamilton/souzou/install/setup.zsh'
