[0.871s] Invoking command in '/home/takumi/souzoukougaku14/src/cat': PYTHONPATH=/home/takumi/souzoukougaku14/src/build/cat/prefix_override:/usr/lib/python3/dist-packages/colcon_core/task/python/colcon_distutils_commands:/home/takumi/souzoukougaku14/src/install/cat/lib/python3.10/site-packages:${PYTHONPATH} /usr/bin/python3 -W ignore:setup.py install is deprecated setup.py egg_info --egg-base ../build/cat build --build-base /home/takumi/souzoukougaku14/src/build/cat/build install --record /home/takumi/souzoukougaku14/src/build/cat/install.log --single-version-externally-managed install_data
[1.125s] running egg_info
[1.125s] writing ../build/cat/cat.egg-info/PKG-INFO
[1.125s] writing dependency_links to ../build/cat/cat.egg-info/dependency_links.txt
[1.126s] writing entry points to ../build/cat/cat.egg-info/entry_points.txt
[1.126s] writing requirements to ../build/cat/cat.egg-info/requires.txt
[1.126s] writing top-level names to ../build/cat/cat.egg-info/top_level.txt
[1.129s] reading manifest file '../build/cat/cat.egg-info/SOURCES.txt'
[1.130s] writing manifest file '../build/cat/cat.egg-info/SOURCES.txt'
[1.131s] running build
[1.131s] running build_py
[1.131s] copying cat/state_machine.py -> /home/takumi/souzoukougaku14/src/build/cat/build/lib/cat
[1.134s] running install
[1.134s] running install_lib
[1.136s] copying /home/takumi/souzoukougaku14/src/build/cat/build/lib/cat/state_machine.py -> /home/takumi/souzoukougaku14/src/install/cat/lib/python3.10/site-packages/cat
[1.137s] byte-compiling /home/takumi/souzoukougaku14/src/install/cat/lib/python3.10/site-packages/cat/state_machine.py to state_machine.cpython-310.pyc
[1.140s] running install_data
[1.140s] running install_egg_info
[1.142s] removing '/home/takumi/souzoukougaku14/src/install/cat/lib/python3.10/site-packages/cat-0.0.0-py3.10.egg-info' (and everything under it)
[1.143s] Copying ../build/cat/cat.egg-info to /home/takumi/souzoukougaku14/src/install/cat/lib/python3.10/site-packages/cat-0.0.0-py3.10.egg-info
[1.145s] running install_scripts
[1.168s] Installing odom_test_node script to /home/takumi/souzoukougaku14/src/install/cat/lib/cat
[1.169s] Installing pc_controller script to /home/takumi/souzoukougaku14/src/install/cat/lib/cat
[1.169s] Installing ps4_controller_node script to /home/takumi/souzoukougaku14/src/install/cat/lib/cat
[1.169s] Installing ps4_joy_node script to /home/takumi/souzoukougaku14/src/install/cat/lib/cat
[1.169s] Installing state_machine script to /home/takumi/souzoukougaku14/src/install/cat/lib/cat
[1.169s] Installing tcp_receive_node script to /home/takumi/souzoukougaku14/src/install/cat/lib/cat
[1.170s] Installing tcp_send_node script to /home/takumi/souzoukougaku14/src/install/cat/lib/cat
[1.170s] Installing udp_receive_node script to /home/takumi/souzoukougaku14/src/install/cat/lib/cat
[1.170s] Installing udp_send_node script to /home/takumi/souzoukougaku14/src/install/cat/lib/cat
[1.171s] writing list of installed files to '/home/takumi/souzoukougaku14/src/build/cat/install.log'
[1.203s] Invoked command in '/home/takumi/souzoukougaku14/src/cat' returned '0': PYTHONPATH=/home/takumi/souzoukougaku14/src/build/cat/prefix_override:/usr/lib/python3/dist-packages/colcon_core/task/python/colcon_distutils_commands:/home/takumi/souzoukougaku14/src/install/cat/lib/python3.10/site-packages:${PYTHONPATH} /usr/bin/python3 -W ignore:setup.py install is deprecated setup.py egg_info --egg-base ../build/cat build --build-base /home/takumi/souzoukougaku14/src/build/cat/build install --record /home/takumi/souzoukougaku14/src/build/cat/install.log --single-version-externally-managed install_data
