[0.544s] Invoking command in '/home/takumi/souzoukougaku14/src/cat': PYTHONPATH=/home/takumi/souzoukougaku14/src/build/cat/prefix_override:/usr/lib/python3/dist-packages/colcon_core/task/python/colcon_distutils_commands:/home/takumi/souzoukougaku14/src/install/cat/lib/python3.10/site-packages:${PYTHONPATH} /usr/bin/python3 -W ignore:setup.py install is deprecated setup.py egg_info --egg-base ../build/cat build --build-base /home/takumi/souzoukougaku14/src/build/cat/build install --record /home/takumi/souzoukougaku14/src/build/cat/install.log --single-version-externally-managed install_data
[0.712s] running egg_info
[0.712s] writing ../build/cat/cat.egg-info/PKG-INFO
[0.714s] writing dependency_links to ../build/cat/cat.egg-info/dependency_links.txt
[0.714s] writing entry points to ../build/cat/cat.egg-info/entry_points.txt
[0.714s] writing requirements to ../build/cat/cat.egg-info/requires.txt
[0.714s] writing top-level names to ../build/cat/cat.egg-info/top_level.txt
[0.716s] reading manifest file '../build/cat/cat.egg-info/SOURCES.txt'
[0.716s] writing manifest file '../build/cat/cat.egg-info/SOURCES.txt'
[0.716s] running build
[0.716s] running build_py
[0.717s] copying cat/state_machine.py -> /home/takumi/souzoukougaku14/src/build/cat/build/lib/cat
[0.717s] running install
[0.718s] running install_lib
[0.719s] copying /home/takumi/souzoukougaku14/src/build/cat/build/lib/cat/state_machine.py -> /home/takumi/souzoukougaku14/src/install/cat/lib/python3.10/site-packages/cat
[0.720s] byte-compiling /home/takumi/souzoukougaku14/src/install/cat/lib/python3.10/site-packages/cat/state_machine.py to state_machine.cpython-310.pyc
[0.723s] running install_data
[0.723s] running install_egg_info
[0.724s] removing '/home/takumi/souzoukougaku14/src/install/cat/lib/python3.10/site-packages/cat-0.0.0-py3.10.egg-info' (and everything under it)
[0.725s] Copying ../build/cat/cat.egg-info to /home/takumi/souzoukougaku14/src/install/cat/lib/python3.10/site-packages/cat-0.0.0-py3.10.egg-info
[0.726s] running install_scripts
[0.739s] Installing odom_test_node script to /home/takumi/souzoukougaku14/src/install/cat/lib/cat
[0.740s] Installing pc_controller script to /home/takumi/souzoukougaku14/src/install/cat/lib/cat
[0.740s] Installing ps4_controller_node script to /home/takumi/souzoukougaku14/src/install/cat/lib/cat
[0.740s] Installing ps4_joy_node script to /home/takumi/souzoukougaku14/src/install/cat/lib/cat
[0.741s] Installing state_machine script to /home/takumi/souzoukougaku14/src/install/cat/lib/cat
[0.741s] Installing tcp_receive_node script to /home/takumi/souzoukougaku14/src/install/cat/lib/cat
[0.741s] Installing tcp_send_node script to /home/takumi/souzoukougaku14/src/install/cat/lib/cat
[0.741s] Installing udp_receive_node script to /home/takumi/souzoukougaku14/src/install/cat/lib/cat
[0.741s] Installing udp_send_node script to /home/takumi/souzoukougaku14/src/install/cat/lib/cat
[0.741s] writing list of installed files to '/home/takumi/souzoukougaku14/src/build/cat/install.log'
[0.758s] Invoked command in '/home/takumi/souzoukougaku14/src/cat' returned '0': PYTHONPATH=/home/takumi/souzoukougaku14/src/build/cat/prefix_override:/usr/lib/python3/dist-packages/colcon_core/task/python/colcon_distutils_commands:/home/takumi/souzoukougaku14/src/install/cat/lib/python3.10/site-packages:${PYTHONPATH} /usr/bin/python3 -W ignore:setup.py install is deprecated setup.py egg_info --egg-base ../build/cat build --build-base /home/takumi/souzoukougaku14/src/build/cat/build install --record /home/takumi/souzoukougaku14/src/build/cat/install.log --single-version-externally-managed install_data
