[1.328s] Invoking command in '/home/takumi/souzoukougaku14/src/cat': PYTHONPATH=/home/takumi/souzoukougaku14/src/build/cat/prefix_override:/usr/lib/python3/dist-packages/colcon_core/task/python/colcon_distutils_commands:/home/takumi/souzoukougaku14/src/install/cat/lib/python3.10/site-packages:${PYTHONPATH} /usr/bin/python3 -W ignore:setup.py install is deprecated setup.py egg_info --egg-base ../build/cat build --build-base /home/takumi/souzoukougaku14/src/build/cat/build install --record /home/takumi/souzoukougaku14/src/build/cat/install.log --single-version-externally-managed install_data
[2.098s] running egg_info
[2.104s] writing ../build/cat/cat.egg-info/PKG-INFO
[2.104s] writing dependency_links to ../build/cat/cat.egg-info/dependency_links.txt
[2.104s] writing entry points to ../build/cat/cat.egg-info/entry_points.txt
[2.104s] writing requirements to ../build/cat/cat.egg-info/requires.txt
[2.104s] writing top-level names to ../build/cat/cat.egg-info/top_level.txt
[2.110s] reading manifest file '../build/cat/cat.egg-info/SOURCES.txt'
[2.111s] writing manifest file '../build/cat/cat.egg-info/SOURCES.txt'
[2.112s] running build
[2.113s] running build_py
[2.115s] copying cat/state_machine.py -> /home/takumi/souzoukougaku14/src/build/cat/build/lib/cat
[2.115s] running install
[2.115s] running install_lib
[2.118s] copying /home/takumi/souzoukougaku14/src/build/cat/build/lib/cat/state_machine.py -> /home/takumi/souzoukougaku14/src/install/cat/lib/python3.10/site-packages/cat
[2.126s] byte-compiling /home/takumi/souzoukougaku14/src/install/cat/lib/python3.10/site-packages/cat/state_machine.py to state_machine.cpython-310.pyc
[2.133s] running install_data
[2.133s] running install_egg_info
[2.136s] removing '/home/takumi/souzoukougaku14/src/install/cat/lib/python3.10/site-packages/cat-0.0.0-py3.10.egg-info' (and everything under it)
[2.143s] Copying ../build/cat/cat.egg-info to /home/takumi/souzoukougaku14/src/install/cat/lib/python3.10/site-packages/cat-0.0.0-py3.10.egg-info
[2.143s] running install_scripts
[2.191s] Installing odom_test_node script to /home/takumi/souzoukougaku14/src/install/cat/lib/cat
[2.192s] Installing pc_controller script to /home/takumi/souzoukougaku14/src/install/cat/lib/cat
[2.192s] Installing ps4_controller_node script to /home/takumi/souzoukougaku14/src/install/cat/lib/cat
[2.192s] Installing ps4_joy_node script to /home/takumi/souzoukougaku14/src/install/cat/lib/cat
[2.193s] Installing state_machine script to /home/takumi/souzoukougaku14/src/install/cat/lib/cat
[2.193s] Installing tcp_receive_node script to /home/takumi/souzoukougaku14/src/install/cat/lib/cat
[2.193s] Installing tcp_send_node script to /home/takumi/souzoukougaku14/src/install/cat/lib/cat
[2.197s] Installing udp_receive_node script to /home/takumi/souzoukougaku14/src/install/cat/lib/cat
[2.198s] Installing udp_send_node script to /home/takumi/souzoukougaku14/src/install/cat/lib/cat
[2.198s] writing list of installed files to '/home/takumi/souzoukougaku14/src/build/cat/install.log'
[2.260s] Invoked command in '/home/takumi/souzoukougaku14/src/cat' returned '0': PYTHONPATH=/home/takumi/souzoukougaku14/src/build/cat/prefix_override:/usr/lib/python3/dist-packages/colcon_core/task/python/colcon_distutils_commands:/home/takumi/souzoukougaku14/src/install/cat/lib/python3.10/site-packages:${PYTHONPATH} /usr/bin/python3 -W ignore:setup.py install is deprecated setup.py egg_info --egg-base ../build/cat build --build-base /home/takumi/souzoukougaku14/src/build/cat/build install --record /home/takumi/souzoukougaku14/src/build/cat/install.log --single-version-externally-managed install_data
