[1.911s] Invoking command in '/home/takumi/souzoukougaku14/src/cat': PYTHONPATH=/home/takumi/souzoukougaku14/src/build/cat/prefix_override:/usr/lib/python3/dist-packages/colcon_core/task/python/colcon_distutils_commands:/home/takumi/souzoukougaku14/src/install/cat/lib/python3.10/site-packages:${PYTHONPATH} /usr/bin/python3 -W ignore:setup.py install is deprecated setup.py egg_info --egg-base ../build/cat build --build-base /home/takumi/souzoukougaku14/src/build/cat/build install --record /home/takumi/souzoukougaku14/src/build/cat/install.log --single-version-externally-managed install_data
[2.594s] running egg_info
[2.597s] writing ../build/cat/cat.egg-info/PKG-INFO
[2.598s] writing dependency_links to ../build/cat/cat.egg-info/dependency_links.txt
[2.598s] writing entry points to ../build/cat/cat.egg-info/entry_points.txt
[2.599s] writing requirements to ../build/cat/cat.egg-info/requires.txt
[2.599s] writing top-level names to ../build/cat/cat.egg-info/top_level.txt
[2.603s] reading manifest file '../build/cat/cat.egg-info/SOURCES.txt'
[2.606s] writing manifest file '../build/cat/cat.egg-info/SOURCES.txt'
[2.606s] running build
[2.606s] running build_py
[2.607s] copying cat/ps4_controller_node.py -> /home/takumi/souzoukougaku14/src/build/cat/build/lib/cat
[2.608s] copying cat/state_machine.py -> /home/takumi/souzoukougaku14/src/build/cat/build/lib/cat
[2.610s] running install
[2.614s] running install_lib
[2.616s] copying /home/takumi/souzoukougaku14/src/build/cat/build/lib/cat/ps4_controller_node.py -> /home/takumi/souzoukougaku14/src/install/cat/lib/python3.10/site-packages/cat
[2.618s] copying /home/takumi/souzoukougaku14/src/build/cat/build/lib/cat/state_machine.py -> /home/takumi/souzoukougaku14/src/install/cat/lib/python3.10/site-packages/cat
[2.620s] byte-compiling /home/takumi/souzoukougaku14/src/install/cat/lib/python3.10/site-packages/cat/ps4_controller_node.py to ps4_controller_node.cpython-310.pyc
[2.622s] byte-compiling /home/takumi/souzoukougaku14/src/install/cat/lib/python3.10/site-packages/cat/state_machine.py to state_machine.cpython-310.pyc
[2.628s] running install_data
[2.629s] running install_egg_info
[2.632s] removing '/home/takumi/souzoukougaku14/src/install/cat/lib/python3.10/site-packages/cat-0.0.0-py3.10.egg-info' (and everything under it)
[2.633s] Copying ../build/cat/cat.egg-info to /home/takumi/souzoukougaku14/src/install/cat/lib/python3.10/site-packages/cat-0.0.0-py3.10.egg-info
[2.639s] running install_scripts
[2.685s] Installing odom_test_node script to /home/takumi/souzoukougaku14/src/install/cat/lib/cat
[2.686s] Installing pc_controller script to /home/takumi/souzoukougaku14/src/install/cat/lib/cat
[2.686s] Installing ps4_controller_node script to /home/takumi/souzoukougaku14/src/install/cat/lib/cat
[2.688s] Installing ps4_joy_node script to /home/takumi/souzoukougaku14/src/install/cat/lib/cat
[2.688s] Installing state_machine script to /home/takumi/souzoukougaku14/src/install/cat/lib/cat
[2.688s] Installing tcp_receive_node script to /home/takumi/souzoukougaku14/src/install/cat/lib/cat
[2.688s] Installing tcp_send_node script to /home/takumi/souzoukougaku14/src/install/cat/lib/cat
[2.692s] Installing udp_receive_node script to /home/takumi/souzoukougaku14/src/install/cat/lib/cat
[2.693s] Installing udp_send_node script to /home/takumi/souzoukougaku14/src/install/cat/lib/cat
[2.693s] writing list of installed files to '/home/takumi/souzoukougaku14/src/build/cat/install.log'
[2.766s] Invoked command in '/home/takumi/souzoukougaku14/src/cat' returned '0': PYTHONPATH=/home/takumi/souzoukougaku14/src/build/cat/prefix_override:/usr/lib/python3/dist-packages/colcon_core/task/python/colcon_distutils_commands:/home/takumi/souzoukougaku14/src/install/cat/lib/python3.10/site-packages:${PYTHONPATH} /usr/bin/python3 -W ignore:setup.py install is deprecated setup.py egg_info --egg-base ../build/cat build --build-base /home/takumi/souzoukougaku14/src/build/cat/build install --record /home/takumi/souzoukougaku14/src/build/cat/install.log --single-version-externally-managed install_data
