[0.367s] Invoking command in '/home/hamilton/souzou/src/cat': CONDA_PROMPT_MODIFIER=(base) PYTHONPATH=/home/hamilton/souzou/src/build/cat/prefix_override:/usr/lib/python3/dist-packages/colcon_core/task/python/colcon_distutils_commands:/home/hamilton/souzou/src/install/cat/lib/python3.10/site-packages:${PYTHONPATH} /usr/bin/python3 -W ignore:setup.py install is deprecated setup.py egg_info --egg-base ../build/cat build --build-base /home/hamilton/souzou/src/build/cat/build install --record /home/hamilton/souzou/src/build/cat/install.log --single-version-externally-managed install_data
[0.511s] running egg_info
[0.511s] writing ../build/cat/cat.egg-info/PKG-INFO
[0.512s] writing dependency_links to ../build/cat/cat.egg-info/dependency_links.txt
[0.512s] writing entry points to ../build/cat/cat.egg-info/entry_points.txt
[0.514s] writing requirements to ../build/cat/cat.egg-info/requires.txt
[0.514s] writing top-level names to ../build/cat/cat.egg-info/top_level.txt
[0.515s] reading manifest file '../build/cat/cat.egg-info/SOURCES.txt'
[0.516s] writing manifest file '../build/cat/cat.egg-info/SOURCES.txt'
[0.516s] running build
[0.516s] running build_py
[0.516s] running install
[0.517s] running install_lib
[0.518s] running install_data
[0.518s] running install_egg_info
[0.519s] removing '/home/hamilton/souzou/src/install/cat/lib/python3.10/site-packages/cat-0.0.0-py3.10.egg-info' (and everything under it)
[0.519s] Copying ../build/cat/cat.egg-info to /home/hamilton/souzou/src/install/cat/lib/python3.10/site-packages/cat-0.0.0-py3.10.egg-info
[0.520s] running install_scripts
[0.534s] Installing pc_controller script to /home/hamilton/souzou/src/install/cat/lib/cat
[0.534s] Installing state_machine script to /home/hamilton/souzou/src/install/cat/lib/cat
[0.534s] Installing udp_node script to /home/hamilton/souzou/src/install/cat/lib/cat
[0.534s] writing list of installed files to '/home/hamilton/souzou/src/build/cat/install.log'
[0.552s] Invoked command in '/home/hamilton/souzou/src/cat' returned '0': CONDA_PROMPT_MODIFIER=(base) PYTHONPATH=/home/hamilton/souzou/src/build/cat/prefix_override:/usr/lib/python3/dist-packages/colcon_core/task/python/colcon_distutils_commands:/home/hamilton/souzou/src/install/cat/lib/python3.10/site-packages:${PYTHONPATH} /usr/bin/python3 -W ignore:setup.py install is deprecated setup.py egg_info --egg-base ../build/cat build --build-base /home/hamilton/souzou/src/build/cat/build install --record /home/hamilton/souzou/src/build/cat/install.log --single-version-externally-managed install_data
