running egg_info
writing ../../../build/cat/cat.egg-info/PKG-INFO
writing dependency_links to ../../../build/cat/cat.egg-info/dependency_links.txt
writing entry points to ../../../build/cat/cat.egg-info/entry_points.txt
writing requirements to ../../../build/cat/cat.egg-info/requires.txt
writing top-level names to ../../../build/cat/cat.egg-info/top_level.txt
reading manifest file '../../../build/cat/cat.egg-info/SOURCES.txt'
writing manifest file '../../../build/cat/cat.egg-info/SOURCES.txt'
running build
running build_py
copying cat/state_machine.py -> /home/hamilton/souzou/build/cat/build/lib/cat
copying cat/udp_receive_node.py -> /home/hamilton/souzou/build/cat/build/lib/cat
copying cat/odom_test_node.py -> /home/hamilton/souzou/build/cat/build/lib/cat
copying cat/__init__.py -> /home/hamilton/souzou/build/cat/build/lib/cat
copying cat/ps4_joy_node.py -> /home/hamilton/souzou/build/cat/build/lib/cat
copying cat/serial_sample.py -> /home/hamilton/souzou/build/cat/build/lib/cat
copying cat/tcp_receive_node.py -> /home/hamilton/souzou/build/cat/build/lib/cat
copying cat/ps4_controller_node.py -> /home/hamilton/souzou/build/cat/build/lib/cat
copying cat/tcp_send_node.py -> /home/hamilton/souzou/build/cat/build/lib/cat
copying cat/udp_send_node.py -> /home/hamilton/souzou/build/cat/build/lib/cat
copying cat/pc_controller.py -> /home/hamilton/souzou/build/cat/build/lib/cat
copying cat/cam_node.py -> /home/hamilton/souzou/build/cat/build/lib/cat
running install
running install_lib
running install_data
copying resource/cat -> /home/hamilton/souzou/install/cat/share/ament_index/resource_index/packages
copying package.xml -> /home/hamilton/souzou/install/cat/share/cat
copying launch/cat_launch.py -> /home/hamilton/souzou/install/cat/share/cat/launch
copying launch/__pycache__/cat_launch.cpython-310.pyc -> /home/hamilton/souzou/install/cat/share/cat/launch/__pycache__
running install_egg_info
removing '/home/hamilton/souzou/install/cat/lib/python3.10/site-packages/cat-0.0.0-py3.10.egg-info' (and everything under it)
Copying ../../../build/cat/cat.egg-info to /home/hamilton/souzou/install/cat/lib/python3.10/site-packages/cat-0.0.0-py3.10.egg-info
running install_scripts
Installing aruco_node_tf script to /home/hamilton/souzou/install/cat/lib/cat
Installing cam_node script to /home/hamilton/souzou/install/cat/lib/cat
Installing odom_test_node script to /home/hamilton/souzou/install/cat/lib/cat
Installing pc_controller script to /home/hamilton/souzou/install/cat/lib/cat
Installing ps4_controller_node script to /home/hamilton/souzou/install/cat/lib/cat
Installing ps4_joy_node script to /home/hamilton/souzou/install/cat/lib/cat
Installing state_machine script to /home/hamilton/souzou/install/cat/lib/cat
Installing tcp_receive_node script to /home/hamilton/souzou/install/cat/lib/cat
Installing tcp_send_node script to /home/hamilton/souzou/install/cat/lib/cat
Installing udp_receive_node script to /home/hamilton/souzou/install/cat/lib/cat
Installing udp_send_node script to /home/hamilton/souzou/install/cat/lib/cat
writing list of installed files to '/home/hamilton/souzou/build/cat/install.log'
