[0.780s] Invoking command in '/home/hamilton/souzou/souzoukougaku14/src/cat': AMENT_PREFIX_PATH=/home/hamilton/souzou/install/cat_messages:${AMENT_PREFIX_PATH} CMAKE_PREFIX_PATH=/home/hamilton/souzou/install/cat_messages LD_LIBRARY_PATH=/home/hamilton/souzou/install/cat_messages/lib:/usr/local/lib:/usr/local/cuda/lib64:/usr/lib/x86_64-linux-gnu/gazebo-11/plugins:/opt/ros/humble/opt/rviz_ogre_vendor/lib:/opt/ros/humble/lib/x86_64-linux-gnu:/opt/ros/humble/opt/openvdb_vendor/lib:/opt/ros/humble/lib:/home/hamilton/miniconda3/envs/base/lib:/usr/share/gazebo/../../lib/x86_64-linux-gnu/gazebo-11/plugins:/usr/local/cuda/lib64 PYTHONPATH=/home/hamilton/souzou/build/cat/prefix_override:/usr/lib/python3/dist-packages/colcon_core/task/python/colcon_distutils_commands:/home/hamilton/souzou/install/cat/lib/python3.10/site-packages:/home/hamilton/souzou/install/cat_messages/local/lib/python3.10/dist-packages:${PYTHONPATH} /usr/bin/python3 -W ignore:setup.py install is deprecated -W ignore:easy_install command is deprecated setup.py egg_info --egg-base ../../../build/cat build --build-base /home/hamilton/souzou/build/cat/build install --record /home/hamilton/souzou/build/cat/install.log --single-version-externally-managed install_data
[0.946s] /home/hamilton/.local/lib/python3.10/site-packages/setuptools/_distutils/dist.py:261: UserWarning: Unknown distribution option: 'tests_require'
[0.946s]   warnings.warn(msg)
[1.056s] running egg_info
[1.074s] writing ../../../build/cat/cat.egg-info/PKG-INFO
[1.074s] writing dependency_links to ../../../build/cat/cat.egg-info/dependency_links.txt
[1.075s] writing entry points to ../../../build/cat/cat.egg-info/entry_points.txt
[1.075s] writing requirements to ../../../build/cat/cat.egg-info/requires.txt
[1.075s] writing top-level names to ../../../build/cat/cat.egg-info/top_level.txt
[1.110s] reading manifest file '../../../build/cat/cat.egg-info/SOURCES.txt'
[1.111s] writing manifest file '../../../build/cat/cat.egg-info/SOURCES.txt'
[1.111s] running build
[1.112s] running build_py
[1.112s] copying cat/state_machine.py -> /home/hamilton/souzou/build/cat/build/lib/cat
[1.112s] copying cat/udp_receive_node.py -> /home/hamilton/souzou/build/cat/build/lib/cat
[1.112s] copying cat/odom_test_node.py -> /home/hamilton/souzou/build/cat/build/lib/cat
[1.112s] copying cat/__init__.py -> /home/hamilton/souzou/build/cat/build/lib/cat
[1.112s] copying cat/ps4_joy_node.py -> /home/hamilton/souzou/build/cat/build/lib/cat
[1.112s] copying cat/serial_sample.py -> /home/hamilton/souzou/build/cat/build/lib/cat
[1.113s] copying cat/tcp_receive_node.py -> /home/hamilton/souzou/build/cat/build/lib/cat
[1.113s] copying cat/ps4_controller_node.py -> /home/hamilton/souzou/build/cat/build/lib/cat
[1.113s] copying cat/tcp_send_node.py -> /home/hamilton/souzou/build/cat/build/lib/cat
[1.113s] copying cat/udp_send_node.py -> /home/hamilton/souzou/build/cat/build/lib/cat
[1.113s] copying cat/pc_controller.py -> /home/hamilton/souzou/build/cat/build/lib/cat
[1.113s] copying cat/cam_node.py -> /home/hamilton/souzou/build/cat/build/lib/cat
[1.114s] running install
[1.119s] running install_lib
[1.140s] running install_data
[1.140s] copying resource/cat -> /home/hamilton/souzou/install/cat/share/ament_index/resource_index/packages
[1.141s] copying package.xml -> /home/hamilton/souzou/install/cat/share/cat
[1.141s] copying launch/cat_launch.py -> /home/hamilton/souzou/install/cat/share/cat/launch
[1.141s] copying launch/__pycache__/cat_launch.cpython-310.pyc -> /home/hamilton/souzou/install/cat/share/cat/launch/__pycache__
[1.141s] running install_egg_info
[1.161s] removing '/home/hamilton/souzou/install/cat/lib/python3.10/site-packages/cat-0.0.0-py3.10.egg-info' (and everything under it)
[1.162s] Copying ../../../build/cat/cat.egg-info to /home/hamilton/souzou/install/cat/lib/python3.10/site-packages/cat-0.0.0-py3.10.egg-info
[1.162s] running install_scripts
[1.307s] Installing aruco_node_tf script to /home/hamilton/souzou/install/cat/lib/cat
[1.307s] Installing cam_node script to /home/hamilton/souzou/install/cat/lib/cat
[1.308s] Installing odom_test_node script to /home/hamilton/souzou/install/cat/lib/cat
[1.309s] Installing pc_controller script to /home/hamilton/souzou/install/cat/lib/cat
[1.310s] Installing ps4_controller_node script to /home/hamilton/souzou/install/cat/lib/cat
[1.310s] Installing ps4_joy_node script to /home/hamilton/souzou/install/cat/lib/cat
[1.310s] Installing state_machine script to /home/hamilton/souzou/install/cat/lib/cat
[1.310s] Installing tcp_receive_node script to /home/hamilton/souzou/install/cat/lib/cat
[1.310s] Installing tcp_send_node script to /home/hamilton/souzou/install/cat/lib/cat
[1.311s] Installing udp_receive_node script to /home/hamilton/souzou/install/cat/lib/cat
[1.311s] Installing udp_send_node script to /home/hamilton/souzou/install/cat/lib/cat
[1.311s] writing list of installed files to '/home/hamilton/souzou/build/cat/install.log'
[1.335s] Invoked command in '/home/hamilton/souzou/souzoukougaku14/src/cat' returned '0': AMENT_PREFIX_PATH=/home/hamilton/souzou/install/cat_messages:${AMENT_PREFIX_PATH} CMAKE_PREFIX_PATH=/home/hamilton/souzou/install/cat_messages LD_LIBRARY_PATH=/home/hamilton/souzou/install/cat_messages/lib:/usr/local/lib:/usr/local/cuda/lib64:/usr/lib/x86_64-linux-gnu/gazebo-11/plugins:/opt/ros/humble/opt/rviz_ogre_vendor/lib:/opt/ros/humble/lib/x86_64-linux-gnu:/opt/ros/humble/opt/openvdb_vendor/lib:/opt/ros/humble/lib:/home/hamilton/miniconda3/envs/base/lib:/usr/share/gazebo/../../lib/x86_64-linux-gnu/gazebo-11/plugins:/usr/local/cuda/lib64 PYTHONPATH=/home/hamilton/souzou/build/cat/prefix_override:/usr/lib/python3/dist-packages/colcon_core/task/python/colcon_distutils_commands:/home/hamilton/souzou/install/cat/lib/python3.10/site-packages:/home/hamilton/souzou/install/cat_messages/local/lib/python3.10/dist-packages:${PYTHONPATH} /usr/bin/python3 -W ignore:setup.py install is deprecated -W ignore:easy_install command is deprecated setup.py egg_info --egg-base ../../../build/cat build --build-base /home/hamilton/souzou/build/cat/build install --record /home/hamilton/souzou/build/cat/install.log --single-version-externally-managed install_data
