[1.047s] Invoking command in '/home/hamilton/souzou/build/ros2_aruco': PYTHONPATH=/home/hamilton/souzou/build/ros2_aruco/prefix_override:/usr/lib/python3/dist-packages/colcon_core/task/python/colcon_distutils_commands:/home/hamilton/souzou/install/ros2_aruco/lib/python3.10/site-packages:${PYTHONPATH} /usr/bin/python3 -W ignore:setup.py install is deprecated -W ignore:easy_install command is deprecated setup.py develop --editable --build-directory /home/hamilton/souzou/build/ros2_aruco/build --no-deps symlink_data
[1.158s] /home/hamilton/.local/lib/python3.10/site-packages/setuptools/_distutils/dist.py:261: UserWarning: Unknown distribution option: 'tests_require'
[1.158s]   warnings.warn(msg)
[1.301s] running develop
[1.501s] running egg_info
[1.515s] writing ros2_aruco.egg-info/PKG-INFO
[1.515s] writing dependency_links to ros2_aruco.egg-info/dependency_links.txt
[1.515s] writing entry points to ros2_aruco.egg-info/entry_points.txt
[1.515s] writing requirements to ros2_aruco.egg-info/requires.txt
[1.515s] writing top-level names to ros2_aruco.egg-info/top_level.txt
[1.552s] reading manifest file 'ros2_aruco.egg-info/SOURCES.txt'
[1.553s] writing manifest file 'ros2_aruco.egg-info/SOURCES.txt'
[1.568s] running build_ext
[1.568s] Creating /home/hamilton/souzou/install/ros2_aruco/lib/python3.10/site-packages/ros2-aruco.egg-link (link to .)
[1.569s] Installing aruco_generate_marker script to /home/hamilton/souzou/install/ros2_aruco/lib/ros2_aruco
[1.569s] Installing aruco_node script to /home/hamilton/souzou/install/ros2_aruco/lib/ros2_aruco
[1.569s] Installing aruco_node_tf script to /home/hamilton/souzou/install/ros2_aruco/lib/ros2_aruco
[1.569s] 
[1.569s] Installed /home/hamilton/souzou/build/ros2_aruco
[1.569s] running symlink_data
[1.591s] Invoked command in '/home/hamilton/souzou/build/ros2_aruco' returned '0': PYTHONPATH=/home/hamilton/souzou/build/ros2_aruco/prefix_override:/usr/lib/python3/dist-packages/colcon_core/task/python/colcon_distutils_commands:/home/hamilton/souzou/install/ros2_aruco/lib/python3.10/site-packages:${PYTHONPATH} /usr/bin/python3 -W ignore:setup.py install is deprecated -W ignore:easy_install command is deprecated setup.py develop --editable --build-directory /home/hamilton/souzou/build/ros2_aruco/build --no-deps symlink_data
