[0.007s] Invoking command in '/home/hamilton/souzou/src/build/cat_messages': CMAKE_PREFIX_PATH=/opt/ros/humble CONDA_PROMPT_MODIFIER=(souzou) /usr/bin/cmake --build /home/hamilton/souzou/src/build/cat_messages -- -j16 -l16
[0.045s] [  9%] Built target cat_messages__rosidl_generator_c
[0.050s] [ 12%] Built target cat_messages__cpp
[0.069s] [ 12%] Built target ament_cmake_python_symlink_cat_messages
[0.088s] [ 22%] Built target cat_messages__rosidl_typesupport_c
[0.088s] [ 32%] Built target cat_messages__rosidl_typesupport_introspection_c
[0.090s] [ 41%] Built target cat_messages__rosidl_typesupport_fastrtps_c
[0.094s] [ 51%] Built target cat_messages__rosidl_typesupport_fastrtps_cpp
[0.095s] [ 61%] Built target cat_messages__rosidl_typesupport_cpp
[0.095s] [ 70%] Built target cat_messages__rosidl_typesupport_introspection_cpp
[0.111s] [ 70%] Built target cat_messages
[0.127s] [ 74%] Built target cat_messages__py
[0.145s] [ 80%] Built target cat_messages__rosidl_generator_py
[0.161s] [ 87%] Built target cat_messages__rosidl_typesupport_introspection_c__pyext
[0.161s] [ 93%] Built target cat_messages__rosidl_typesupport_c__pyext
[0.165s] [100%] Built target cat_messages__rosidl_typesupport_fastrtps_c__pyext
[0.219s] running egg_info
[0.219s] writing cat_messages.egg-info/PKG-INFO
[0.219s] writing dependency_links to cat_messages.egg-info/dependency_links.txt
[0.219s] writing top-level names to cat_messages.egg-info/top_level.txt
[0.222s] reading manifest file 'cat_messages.egg-info/SOURCES.txt'
[0.222s] writing manifest file 'cat_messages.egg-info/SOURCES.txt'
[0.239s] [100%] Built target ament_cmake_python_build_cat_messages_egg
[0.247s] Invoked command in '/home/hamilton/souzou/src/build/cat_messages' returned '0': CMAKE_PREFIX_PATH=/opt/ros/humble CONDA_PROMPT_MODIFIER=(souzou) /usr/bin/cmake --build /home/hamilton/souzou/src/build/cat_messages -- -j16 -l16
[0.327s] Invoking command in '/home/hamilton/souzou/src/build/cat_messages': CMAKE_PREFIX_PATH=/opt/ros/humble CONDA_PROMPT_MODIFIER=(souzou) /usr/bin/cmake --install /home/hamilton/souzou/src/build/cat_messages
[0.331s] -- Install configuration: ""
[0.332s] -- Execute custom install script
[0.332s] -- Up-to-date symlink: /home/hamilton/souzou/src/install/cat_messages/share/ament_index/resource_index/rosidl_interfaces/cat_messages
[0.332s] -- Up-to-date symlink: /home/hamilton/souzou/src/install/cat_messages/include/cat_messages/cat_messages/msg/detail/joy_cat__functions.h
[0.332s] -- Up-to-date symlink: /home/hamilton/souzou/src/install/cat_messages/include/cat_messages/cat_messages/msg/detail/joy_cat__struct.h
[0.332s] -- Up-to-date symlink: /home/hamilton/souzou/src/install/cat_messages/include/cat_messages/cat_messages/msg/detail/joy_cat__type_support.h
[0.332s] -- Up-to-date symlink: /home/hamilton/souzou/src/install/cat_messages/include/cat_messages/cat_messages/msg/joy_cat.h
[0.332s] -- Up-to-date symlink: /home/hamilton/souzou/src/install/cat_messages/include/cat_messages/cat_messages/msg/rosidl_generator_c__visibility_control.h
[0.332s] -- Up-to-date symlink: /home/hamilton/souzou/src/install/cat_messages/share/cat_messages/environment/library_path.sh
[0.332s] -- Up-to-date symlink: /home/hamilton/souzou/src/install/cat_messages/share/cat_messages/environment/library_path.dsv
[0.333s] -- Up-to-date symlink: /home/hamilton/souzou/src/install/cat_messages/include/cat_messages/cat_messages/msg/detail/joy_cat__rosidl_typesupport_fastrtps_c.h
[0.333s] -- Up-to-date symlink: /home/hamilton/souzou/src/install/cat_messages/include/cat_messages/cat_messages/msg/rosidl_typesupport_fastrtps_c__visibility_control.h
[0.333s] -- Up-to-date symlink: /home/hamilton/souzou/src/install/cat_messages/include/cat_messages/cat_messages/msg/detail/joy_cat__rosidl_typesupport_introspection_c.h
[0.333s] -- Up-to-date symlink: /home/hamilton/souzou/src/install/cat_messages/include/cat_messages/cat_messages/msg/rosidl_typesupport_introspection_c__visibility_control.h
[0.333s] -- Up-to-date symlink: /home/hamilton/souzou/src/install/cat_messages/include/cat_messages/cat_messages/msg/detail/joy_cat__builder.hpp
[0.333s] -- Up-to-date symlink: /home/hamilton/souzou/src/install/cat_messages/include/cat_messages/cat_messages/msg/detail/joy_cat__struct.hpp
[0.333s] -- Up-to-date symlink: /home/hamilton/souzou/src/install/cat_messages/include/cat_messages/cat_messages/msg/detail/joy_cat__traits.hpp
[0.333s] -- Up-to-date symlink: /home/hamilton/souzou/src/install/cat_messages/include/cat_messages/cat_messages/msg/joy_cat.hpp
[0.333s] -- Up-to-date symlink: /home/hamilton/souzou/src/install/cat_messages/include/cat_messages/cat_messages/msg/detail/joy_cat__rosidl_typesupport_fastrtps_cpp.hpp
[0.333s] -- Up-to-date symlink: /home/hamilton/souzou/src/install/cat_messages/include/cat_messages/cat_messages/msg/rosidl_typesupport_fastrtps_cpp__visibility_control.h
[0.334s] -- Up-to-date symlink: /home/hamilton/souzou/src/install/cat_messages/include/cat_messages/cat_messages/msg/detail/joy_cat__rosidl_typesupport_introspection_cpp.hpp
[0.334s] -- Up-to-date symlink: /home/hamilton/souzou/src/install/cat_messages/share/cat_messages/environment/pythonpath.sh
[0.334s] -- Up-to-date symlink: /home/hamilton/souzou/src/install/cat_messages/share/cat_messages/environment/pythonpath.dsv
[0.334s] -- Up-to-date symlink: /home/hamilton/souzou/src/install/cat_messages/local/lib/python3.10/dist-packages/cat_messages-0.0.0-py3.10.egg-info/PKG-INFO
[0.334s] -- Up-to-date symlink: /home/hamilton/souzou/src/install/cat_messages/local/lib/python3.10/dist-packages/cat_messages-0.0.0-py3.10.egg-info/SOURCES.txt
[0.334s] -- Up-to-date symlink: /home/hamilton/souzou/src/install/cat_messages/local/lib/python3.10/dist-packages/cat_messages-0.0.0-py3.10.egg-info/dependency_links.txt
[0.334s] -- Up-to-date symlink: /home/hamilton/souzou/src/install/cat_messages/local/lib/python3.10/dist-packages/cat_messages-0.0.0-py3.10.egg-info/top_level.txt
[0.334s] -- Up-to-date symlink: /home/hamilton/souzou/src/install/cat_messages/local/lib/python3.10/dist-packages/cat_messages/__init__.py
[0.334s] -- Up-to-date symlink: /home/hamilton/souzou/src/install/cat_messages/local/lib/python3.10/dist-packages/cat_messages/_cat_messages_s.ep.rosidl_typesupport_c.c
[0.334s] -- Up-to-date symlink: /home/hamilton/souzou/src/install/cat_messages/local/lib/python3.10/dist-packages/cat_messages/_cat_messages_s.ep.rosidl_typesupport_fastrtps_c.c
[0.334s] -- Up-to-date symlink: /home/hamilton/souzou/src/install/cat_messages/local/lib/python3.10/dist-packages/cat_messages/_cat_messages_s.ep.rosidl_typesupport_introspection_c.c
[0.335s] -- Up-to-date symlink: /home/hamilton/souzou/src/install/cat_messages/local/lib/python3.10/dist-packages/cat_messages/cat_messages_s__rosidl_typesupport_c.cpython-310-x86_64-linux-gnu.so
[0.335s] -- Up-to-date symlink: /home/hamilton/souzou/src/install/cat_messages/local/lib/python3.10/dist-packages/cat_messages/cat_messages_s__rosidl_typesupport_fastrtps_c.cpython-310-x86_64-linux-gnu.so
[0.335s] -- Up-to-date symlink: /home/hamilton/souzou/src/install/cat_messages/local/lib/python3.10/dist-packages/cat_messages/cat_messages_s__rosidl_typesupport_introspection_c.cpython-310-x86_64-linux-gnu.so
[0.335s] -- Up-to-date symlink: /home/hamilton/souzou/src/install/cat_messages/local/lib/python3.10/dist-packages/cat_messages/libcat_messages__rosidl_generator_py.so
[0.335s] -- Up-to-date symlink: /home/hamilton/souzou/src/install/cat_messages/local/lib/python3.10/dist-packages/cat_messages/msg/__init__.py
[0.335s] -- Up-to-date symlink: /home/hamilton/souzou/src/install/cat_messages/local/lib/python3.10/dist-packages/cat_messages/msg/_joy_cat.py
[0.335s] -- Up-to-date symlink: /home/hamilton/souzou/src/install/cat_messages/local/lib/python3.10/dist-packages/cat_messages/msg/_joy_cat_s.c
[0.335s] -- Up-to-date symlink: /home/hamilton/souzou/src/install/cat_messages/local/lib/python3.10/dist-packages/cat_messages/cat_messages_s__rosidl_typesupport_fastrtps_c.cpython-310-x86_64-linux-gnu.so
[0.335s] -- Up-to-date symlink: /home/hamilton/souzou/src/install/cat_messages/local/lib/python3.10/dist-packages/cat_messages/cat_messages_s__rosidl_typesupport_introspection_c.cpython-310-x86_64-linux-gnu.so
[0.335s] -- Up-to-date symlink: /home/hamilton/souzou/src/install/cat_messages/local/lib/python3.10/dist-packages/cat_messages/cat_messages_s__rosidl_typesupport_c.cpython-310-x86_64-linux-gnu.so
[0.335s] -- Up-to-date symlink: /home/hamilton/souzou/src/install/cat_messages/share/cat_messages/msg/JoyCat.idl
[0.335s] -- Up-to-date symlink: /home/hamilton/souzou/src/install/cat_messages/share/cat_messages/msg/JoyCat.msg
[0.335s] -- Up-to-date symlink: /home/hamilton/souzou/src/install/cat_messages/share/ament_index/resource_index/package_run_dependencies/cat_messages
[0.335s] -- Up-to-date symlink: /home/hamilton/souzou/src/install/cat_messages/share/ament_index/resource_index/parent_prefix_path/cat_messages
[0.335s] -- Up-to-date symlink: /home/hamilton/souzou/src/install/cat_messages/share/cat_messages/environment/ament_prefix_path.sh
[0.335s] -- Up-to-date symlink: /home/hamilton/souzou/src/install/cat_messages/share/cat_messages/environment/ament_prefix_path.dsv
[0.336s] -- Up-to-date symlink: /home/hamilton/souzou/src/install/cat_messages/share/cat_messages/environment/path.sh
[0.336s] -- Up-to-date symlink: /home/hamilton/souzou/src/install/cat_messages/share/cat_messages/environment/path.dsv
[0.336s] -- Up-to-date symlink: /home/hamilton/souzou/src/install/cat_messages/share/cat_messages/local_setup.bash
[0.336s] -- Up-to-date symlink: /home/hamilton/souzou/src/install/cat_messages/share/cat_messages/local_setup.sh
[0.336s] -- Up-to-date symlink: /home/hamilton/souzou/src/install/cat_messages/share/cat_messages/local_setup.zsh
[0.336s] -- Up-to-date symlink: /home/hamilton/souzou/src/install/cat_messages/share/cat_messages/local_setup.dsv
[0.336s] -- Symlinking: /home/hamilton/souzou/src/install/cat_messages/share/cat_messages/package.dsv
[0.341s] -- Up-to-date symlink: /home/hamilton/souzou/src/install/cat_messages/share/ament_index/resource_index/packages/cat_messages
[0.341s] -- Up-to-date symlink: /home/hamilton/souzou/src/install/cat_messages/share/cat_messages/cmake/rosidl_cmake-extras.cmake
[0.341s] -- Up-to-date symlink: /home/hamilton/souzou/src/install/cat_messages/share/cat_messages/cmake/ament_cmake_export_include_directories-extras.cmake
[0.341s] -- Up-to-date symlink: /home/hamilton/souzou/src/install/cat_messages/share/cat_messages/cmake/ament_cmake_export_libraries-extras.cmake
[0.341s] -- Up-to-date symlink: /home/hamilton/souzou/src/install/cat_messages/share/cat_messages/cmake/ament_cmake_export_targets-extras.cmake
[0.341s] -- Up-to-date symlink: /home/hamilton/souzou/src/install/cat_messages/share/cat_messages/cmake/rosidl_cmake_export_typesupport_targets-extras.cmake
[0.342s] -- Up-to-date symlink: /home/hamilton/souzou/src/install/cat_messages/share/cat_messages/cmake/ament_cmake_export_dependencies-extras.cmake
[0.342s] -- Up-to-date symlink: /home/hamilton/souzou/src/install/cat_messages/share/cat_messages/cmake/rosidl_cmake_export_typesupport_libraries-extras.cmake
[0.342s] -- Up-to-date symlink: /home/hamilton/souzou/src/install/cat_messages/share/cat_messages/cmake/cat_messagesConfig.cmake
[0.342s] -- Up-to-date symlink: /home/hamilton/souzou/src/install/cat_messages/share/cat_messages/cmake/cat_messagesConfig-version.cmake
[0.342s] -- Up-to-date symlink: /home/hamilton/souzou/src/install/cat_messages/share/cat_messages/package.xml
[0.342s] -- Up-to-date: /home/hamilton/souzou/src/install/cat_messages/lib/libcat_messages__rosidl_generator_c.so
[0.342s] -- Up-to-date: /home/hamilton/souzou/src/install/cat_messages/lib/libcat_messages__rosidl_typesupport_fastrtps_c.so
[0.342s] -- Up-to-date: /home/hamilton/souzou/src/install/cat_messages/lib/libcat_messages__rosidl_typesupport_introspection_c.so
[0.342s] -- Up-to-date: /home/hamilton/souzou/src/install/cat_messages/lib/libcat_messages__rosidl_typesupport_c.so
[0.342s] -- Up-to-date: /home/hamilton/souzou/src/install/cat_messages/lib/libcat_messages__rosidl_typesupport_fastrtps_cpp.so
[0.342s] -- Up-to-date: /home/hamilton/souzou/src/install/cat_messages/lib/libcat_messages__rosidl_typesupport_introspection_cpp.so
[0.343s] -- Up-to-date: /home/hamilton/souzou/src/install/cat_messages/lib/libcat_messages__rosidl_typesupport_cpp.so
[0.361s] Listing '/home/hamilton/souzou/src/install/cat_messages/local/lib/python3.10/dist-packages/cat_messages'...
[0.361s] Listing '/home/hamilton/souzou/src/install/cat_messages/local/lib/python3.10/dist-packages/cat_messages/msg'...
[0.363s] -- Up-to-date: /home/hamilton/souzou/src/install/cat_messages/lib/libcat_messages__rosidl_generator_py.so
[0.364s] -- Up-to-date: /home/hamilton/souzou/src/install/cat_messages/share/cat_messages/cmake/export_cat_messages__rosidl_generator_cExport.cmake
[0.364s] -- Up-to-date: /home/hamilton/souzou/src/install/cat_messages/share/cat_messages/cmake/export_cat_messages__rosidl_generator_cExport-noconfig.cmake
[0.364s] -- Up-to-date: /home/hamilton/souzou/src/install/cat_messages/share/cat_messages/cmake/export_cat_messages__rosidl_typesupport_fastrtps_cExport.cmake
[0.364s] -- Up-to-date: /home/hamilton/souzou/src/install/cat_messages/share/cat_messages/cmake/export_cat_messages__rosidl_typesupport_fastrtps_cExport-noconfig.cmake
[0.364s] -- Up-to-date: /home/hamilton/souzou/src/install/cat_messages/share/cat_messages/cmake/cat_messages__rosidl_typesupport_introspection_cExport.cmake
[0.364s] -- Up-to-date: /home/hamilton/souzou/src/install/cat_messages/share/cat_messages/cmake/cat_messages__rosidl_typesupport_introspection_cExport-noconfig.cmake
[0.364s] -- Up-to-date: /home/hamilton/souzou/src/install/cat_messages/share/cat_messages/cmake/cat_messages__rosidl_typesupport_cExport.cmake
[0.364s] -- Up-to-date: /home/hamilton/souzou/src/install/cat_messages/share/cat_messages/cmake/cat_messages__rosidl_typesupport_cExport-noconfig.cmake
[0.364s] -- Up-to-date: /home/hamilton/souzou/src/install/cat_messages/share/cat_messages/cmake/export_cat_messages__rosidl_generator_cppExport.cmake
[0.364s] -- Up-to-date: /home/hamilton/souzou/src/install/cat_messages/share/cat_messages/cmake/export_cat_messages__rosidl_typesupport_fastrtps_cppExport.cmake
[0.364s] -- Up-to-date: /home/hamilton/souzou/src/install/cat_messages/share/cat_messages/cmake/export_cat_messages__rosidl_typesupport_fastrtps_cppExport-noconfig.cmake
[0.364s] -- Up-to-date: /home/hamilton/souzou/src/install/cat_messages/share/cat_messages/cmake/cat_messages__rosidl_typesupport_introspection_cppExport.cmake
[0.364s] -- Up-to-date: /home/hamilton/souzou/src/install/cat_messages/share/cat_messages/cmake/cat_messages__rosidl_typesupport_introspection_cppExport-noconfig.cmake
[0.364s] -- Up-to-date: /home/hamilton/souzou/src/install/cat_messages/share/cat_messages/cmake/cat_messages__rosidl_typesupport_cppExport.cmake
[0.364s] -- Up-to-date: /home/hamilton/souzou/src/install/cat_messages/share/cat_messages/cmake/cat_messages__rosidl_typesupport_cppExport-noconfig.cmake
[0.364s] -- Up-to-date: /home/hamilton/souzou/src/install/cat_messages/share/cat_messages/cmake/export_cat_messages__rosidl_generator_pyExport.cmake
[0.364s] -- Up-to-date: /home/hamilton/souzou/src/install/cat_messages/share/cat_messages/cmake/export_cat_messages__rosidl_generator_pyExport-noconfig.cmake
[0.365s] Invoked command in '/home/hamilton/souzou/src/build/cat_messages' returned '0': CMAKE_PREFIX_PATH=/opt/ros/humble CONDA_PROMPT_MODIFIER=(souzou) /usr/bin/cmake --install /home/hamilton/souzou/src/build/cat_messages
