[0.788s] DEBUG:colcon:Command line arguments: ['/usr/bin/colcon', 'build']
[0.789s] DEBUG:colcon:Parsed command line arguments: Namespace(log_base=None, log_level=None, verb_name='build', build_base='build', install_base='install', merge_install=False, symlink_install=False, test_result_base=None, continue_on_error=False, executor='parallel', parallel_workers=8, event_handlers=None, ignore_user_meta=False, metas=['./colcon.meta'], base_paths=['.'], packages_ignore=None, packages_ignore_regex=None, paths=None, packages_up_to=None, packages_up_to_regex=None, packages_above=None, packages_above_and_dependencies=None, packages_above_depth=None, packages_select_by_dep=None, packages_skip_by_dep=None, packages_skip_up_to=None, packages_select_build_failed=False, packages_skip_build_finished=False, packages_select_test_failures=False, packages_skip_test_passed=False, packages_select=None, packages_skip=None, packages_select_regex=None, packages_skip_regex=None, packages_start=None, packages_end=None, allow_overriding=[], cmake_args=None, cmake_target=None, cmake_target_skip_unavailable=False, cmake_clean_cache=False, cmake_clean_first=False, cmake_force_configure=False, ament_cmake_args=None, catkin_cmake_args=None, catkin_skip_building_tests=False, mixin_files=None, mixin=None, verb_parser=<colcon_mixin.mixin.mixin_argument.MixinArgumentDecorator object at 0x7abff684baf0>, verb_extension=<colcon_core.verb.build.BuildVerb object at 0x7abff684b670>, main=<bound method BuildVerb.main of <colcon_core.verb.build.BuildVerb object at 0x7abff684b670>>, mixin_verb=('build',))
[1.382s] Level 1:colcon.colcon_core.package_discovery:discover_packages(colcon_meta) check parameters
[1.383s] Level 1:colcon.colcon_core.package_discovery:discover_packages(recursive) check parameters
[1.383s] Level 1:colcon.colcon_core.package_discovery:discover_packages(ignore) check parameters
[1.383s] Level 1:colcon.colcon_core.package_discovery:discover_packages(path) check parameters
[1.383s] Level 1:colcon.colcon_core.package_discovery:discover_packages(colcon_meta) discover
[1.383s] Level 1:colcon.colcon_core.package_discovery:discover_packages(recursive) discover
[1.383s] INFO:colcon.colcon_core.package_discovery:Crawling recursively for packages in '/home/takumi/souzoukougaku14/src'
[1.383s] Level 1:colcon.colcon_core.package_identification:_identify(.) by extensions ['ignore', 'ignore_ament_install']
[1.384s] Level 1:colcon.colcon_core.package_identification:_identify(.) by extension 'ignore'
[1.384s] Level 1:colcon.colcon_core.package_identification:_identify(.) by extension 'ignore_ament_install'
[1.384s] Level 1:colcon.colcon_core.package_identification:_identify(.) by extensions ['colcon_pkg']
[1.384s] Level 1:colcon.colcon_core.package_identification:_identify(.) by extension 'colcon_pkg'
[1.384s] Level 1:colcon.colcon_core.package_identification:_identify(.) by extensions ['colcon_meta']
[1.384s] Level 1:colcon.colcon_core.package_identification:_identify(.) by extension 'colcon_meta'
[1.384s] Level 1:colcon.colcon_core.package_identification:_identify(.) by extensions ['ros']
[1.384s] Level 1:colcon.colcon_core.package_identification:_identify(.) by extension 'ros'
[1.423s] Level 1:colcon.colcon_core.package_identification:_identify(.) by extensions ['cmake', 'python']
[1.423s] Level 1:colcon.colcon_core.package_identification:_identify(.) by extension 'cmake'
[1.431s] Level 1:colcon.colcon_core.package_identification:_identify(.) by extension 'python'
[1.431s] Level 1:colcon.colcon_core.package_identification:_identify(.) by extensions ['python_setup_py']
[1.431s] Level 1:colcon.colcon_core.package_identification:_identify(.) by extension 'python_setup_py'
[1.432s] Level 1:colcon.colcon_core.package_identification:_identify(build) by extensions ['ignore', 'ignore_ament_install']
[1.432s] Level 1:colcon.colcon_core.package_identification:_identify(build) by extension 'ignore'
[1.432s] Level 1:colcon.colcon_core.package_identification:_identify(build) ignored
[1.432s] Level 1:colcon.colcon_core.package_identification:_identify(cat) by extensions ['ignore', 'ignore_ament_install']
[1.432s] Level 1:colcon.colcon_core.package_identification:_identify(cat) by extension 'ignore'
[1.432s] Level 1:colcon.colcon_core.package_identification:_identify(cat) by extension 'ignore_ament_install'
[1.433s] Level 1:colcon.colcon_core.package_identification:_identify(cat) by extensions ['colcon_pkg']
[1.433s] Level 1:colcon.colcon_core.package_identification:_identify(cat) by extension 'colcon_pkg'
[1.433s] Level 1:colcon.colcon_core.package_identification:_identify(cat) by extensions ['colcon_meta']
[1.433s] Level 1:colcon.colcon_core.package_identification:_identify(cat) by extension 'colcon_meta'
[1.433s] Level 1:colcon.colcon_core.package_identification:_identify(cat) by extensions ['ros']
[1.433s] Level 1:colcon.colcon_core.package_identification:_identify(cat) by extension 'ros'
[1.478s] DEBUG:colcon.colcon_core.package_identification:Package 'cat' with type 'ros.ament_python' and name 'cat'
[1.479s] Level 1:colcon.colcon_core.package_identification:_identify(cat_messages) by extensions ['ignore', 'ignore_ament_install']
[1.479s] Level 1:colcon.colcon_core.package_identification:_identify(cat_messages) by extension 'ignore'
[1.479s] Level 1:colcon.colcon_core.package_identification:_identify(cat_messages) by extension 'ignore_ament_install'
[1.479s] Level 1:colcon.colcon_core.package_identification:_identify(cat_messages) by extensions ['colcon_pkg']
[1.479s] Level 1:colcon.colcon_core.package_identification:_identify(cat_messages) by extension 'colcon_pkg'
[1.479s] Level 1:colcon.colcon_core.package_identification:_identify(cat_messages) by extensions ['colcon_meta']
[1.479s] Level 1:colcon.colcon_core.package_identification:_identify(cat_messages) by extension 'colcon_meta'
[1.480s] Level 1:colcon.colcon_core.package_identification:_identify(cat_messages) by extensions ['ros']
[1.480s] Level 1:colcon.colcon_core.package_identification:_identify(cat_messages) by extension 'ros'
[1.481s] DEBUG:colcon.colcon_core.package_identification:Package 'cat_messages' with type 'ros.ament_cmake' and name 'cat_messages'
[1.482s] Level 1:colcon.colcon_core.package_identification:_identify(install) by extensions ['ignore', 'ignore_ament_install']
[1.482s] Level 1:colcon.colcon_core.package_identification:_identify(install) by extension 'ignore'
[1.482s] Level 1:colcon.colcon_core.package_identification:_identify(install) ignored
[1.483s] Level 1:colcon.colcon_core.package_identification:_identify(launch) by extensions ['ignore', 'ignore_ament_install']
[1.483s] Level 1:colcon.colcon_core.package_identification:_identify(launch) by extension 'ignore'
[1.484s] Level 1:colcon.colcon_core.package_identification:_identify(launch) by extension 'ignore_ament_install'
[1.484s] Level 1:colcon.colcon_core.package_identification:_identify(launch) by extensions ['colcon_pkg']
[1.484s] Level 1:colcon.colcon_core.package_identification:_identify(launch) by extension 'colcon_pkg'
[1.484s] Level 1:colcon.colcon_core.package_identification:_identify(launch) by extensions ['colcon_meta']
[1.484s] Level 1:colcon.colcon_core.package_identification:_identify(launch) by extension 'colcon_meta'
[1.484s] Level 1:colcon.colcon_core.package_identification:_identify(launch) by extensions ['ros']
[1.484s] Level 1:colcon.colcon_core.package_identification:_identify(launch) by extension 'ros'
[1.484s] Level 1:colcon.colcon_core.package_identification:_identify(launch) by extensions ['cmake', 'python']
[1.484s] Level 1:colcon.colcon_core.package_identification:_identify(launch) by extension 'cmake'
[1.484s] Level 1:colcon.colcon_core.package_identification:_identify(launch) by extension 'python'
[1.484s] Level 1:colcon.colcon_core.package_identification:_identify(launch) by extensions ['python_setup_py']
[1.484s] Level 1:colcon.colcon_core.package_identification:_identify(launch) by extension 'python_setup_py'
[1.485s] Level 1:colcon.colcon_core.package_identification:_identify(launch/__pycache__) by extensions ['ignore', 'ignore_ament_install']
[1.486s] Level 1:colcon.colcon_core.package_identification:_identify(launch/__pycache__) by extension 'ignore'
[1.486s] Level 1:colcon.colcon_core.package_identification:_identify(launch/__pycache__) by extension 'ignore_ament_install'
[1.486s] Level 1:colcon.colcon_core.package_identification:_identify(launch/__pycache__) by extensions ['colcon_pkg']
[1.486s] Level 1:colcon.colcon_core.package_identification:_identify(launch/__pycache__) by extension 'colcon_pkg'
[1.486s] Level 1:colcon.colcon_core.package_identification:_identify(launch/__pycache__) by extensions ['colcon_meta']
[1.486s] Level 1:colcon.colcon_core.package_identification:_identify(launch/__pycache__) by extension 'colcon_meta'
[1.486s] Level 1:colcon.colcon_core.package_identification:_identify(launch/__pycache__) by extensions ['ros']
[1.486s] Level 1:colcon.colcon_core.package_identification:_identify(launch/__pycache__) by extension 'ros'
[1.486s] Level 1:colcon.colcon_core.package_identification:_identify(launch/__pycache__) by extensions ['cmake', 'python']
[1.487s] Level 1:colcon.colcon_core.package_identification:_identify(launch/__pycache__) by extension 'cmake'
[1.487s] Level 1:colcon.colcon_core.package_identification:_identify(launch/__pycache__) by extension 'python'
[1.487s] Level 1:colcon.colcon_core.package_identification:_identify(launch/__pycache__) by extensions ['python_setup_py']
[1.487s] Level 1:colcon.colcon_core.package_identification:_identify(launch/__pycache__) by extension 'python_setup_py'
[1.487s] Level 1:colcon.colcon_core.package_identification:_identify(log) by extensions ['ignore', 'ignore_ament_install']
[1.487s] Level 1:colcon.colcon_core.package_identification:_identify(log) by extension 'ignore'
[1.487s] Level 1:colcon.colcon_core.package_identification:_identify(log) ignored
[1.487s] Level 1:colcon.colcon_core.package_discovery:discover_packages(recursive) using defaults
[1.487s] Level 1:colcon.colcon_core.package_discovery:discover_packages(ignore) discover
[1.488s] Level 1:colcon.colcon_core.package_discovery:discover_packages(ignore) using defaults
[1.488s] Level 1:colcon.colcon_core.package_discovery:discover_packages(path) discover
[1.488s] Level 1:colcon.colcon_core.package_discovery:discover_packages(path) using defaults
[1.583s] Level 1:colcon.colcon_core.package_discovery:discover_packages(prefix_path) check parameters
[1.583s] Level 1:colcon.colcon_core.package_discovery:discover_packages(prefix_path) discover
[1.592s] DEBUG:colcon.colcon_installed_package_information.package_discovery:Found 2 installed packages in /home/takumi/souzoukougaku14/src/install
[1.597s] DEBUG:colcon.colcon_installed_package_information.package_discovery:Found 418 installed packages in /opt/ros/humble
[1.600s] Level 1:colcon.colcon_core.package_discovery:discover_packages(prefix_path) using defaults
[1.905s] Level 5:colcon.colcon_core.verb:set package 'cat_messages' build argument 'cmake_args' from command line to 'None'
[1.905s] Level 5:colcon.colcon_core.verb:set package 'cat_messages' build argument 'cmake_target' from command line to 'None'
[1.905s] Level 5:colcon.colcon_core.verb:set package 'cat_messages' build argument 'cmake_target_skip_unavailable' from command line to 'False'
[1.905s] Level 5:colcon.colcon_core.verb:set package 'cat_messages' build argument 'cmake_clean_cache' from command line to 'False'
[1.905s] Level 5:colcon.colcon_core.verb:set package 'cat_messages' build argument 'cmake_clean_first' from command line to 'False'
[1.905s] Level 5:colcon.colcon_core.verb:set package 'cat_messages' build argument 'cmake_force_configure' from command line to 'False'
[1.905s] Level 5:colcon.colcon_core.verb:set package 'cat_messages' build argument 'ament_cmake_args' from command line to 'None'
[1.905s] Level 5:colcon.colcon_core.verb:set package 'cat_messages' build argument 'catkin_cmake_args' from command line to 'None'
[1.905s] Level 5:colcon.colcon_core.verb:set package 'cat_messages' build argument 'catkin_skip_building_tests' from command line to 'False'
[1.905s] DEBUG:colcon.colcon_core.verb:Building package 'cat_messages' with the following arguments: {'ament_cmake_args': None, 'build_base': '/home/takumi/souzoukougaku14/src/build/cat_messages', 'catkin_cmake_args': None, 'catkin_skip_building_tests': False, 'cmake_args': None, 'cmake_clean_cache': False, 'cmake_clean_first': False, 'cmake_force_configure': False, 'cmake_target': None, 'cmake_target_skip_unavailable': False, 'install_base': '/home/takumi/souzoukougaku14/src/install/cat_messages', 'merge_install': False, 'path': '/home/takumi/souzoukougaku14/src/cat_messages', 'symlink_install': False, 'test_result_base': None}
[1.906s] Level 5:colcon.colcon_core.verb:set package 'cat' build argument 'cmake_args' from command line to 'None'
[1.906s] Level 5:colcon.colcon_core.verb:set package 'cat' build argument 'cmake_target' from command line to 'None'
[1.906s] Level 5:colcon.colcon_core.verb:set package 'cat' build argument 'cmake_target_skip_unavailable' from command line to 'False'
[1.906s] Level 5:colcon.colcon_core.verb:set package 'cat' build argument 'cmake_clean_cache' from command line to 'False'
[1.906s] Level 5:colcon.colcon_core.verb:set package 'cat' build argument 'cmake_clean_first' from command line to 'False'
[1.906s] Level 5:colcon.colcon_core.verb:set package 'cat' build argument 'cmake_force_configure' from command line to 'False'
[1.906s] Level 5:colcon.colcon_core.verb:set package 'cat' build argument 'ament_cmake_args' from command line to 'None'
[1.906s] Level 5:colcon.colcon_core.verb:set package 'cat' build argument 'catkin_cmake_args' from command line to 'None'
[1.906s] Level 5:colcon.colcon_core.verb:set package 'cat' build argument 'catkin_skip_building_tests' from command line to 'False'
[1.906s] DEBUG:colcon.colcon_core.verb:Building package 'cat' with the following arguments: {'ament_cmake_args': None, 'build_base': '/home/takumi/souzoukougaku14/src/build/cat', 'catkin_cmake_args': None, 'catkin_skip_building_tests': False, 'cmake_args': None, 'cmake_clean_cache': False, 'cmake_clean_first': False, 'cmake_force_configure': False, 'cmake_target': None, 'cmake_target_skip_unavailable': False, 'install_base': '/home/takumi/souzoukougaku14/src/install/cat', 'merge_install': False, 'path': '/home/takumi/souzoukougaku14/src/cat', 'symlink_install': False, 'test_result_base': None}
[1.906s] INFO:colcon.colcon_core.executor:Executing jobs using 'parallel' executor
[1.908s] DEBUG:colcon.colcon_parallel_executor.executor.parallel:run_until_complete
[1.909s] INFO:colcon.colcon_ros.task.ament_cmake.build:Building ROS package in '/home/takumi/souzoukougaku14/src/cat_messages' with build type 'ament_cmake'
[1.909s] INFO:colcon.colcon_cmake.task.cmake.build:Building CMake package in '/home/takumi/souzoukougaku14/src/cat_messages'
[1.918s] INFO:colcon.colcon_core.plugin_system:Skipping extension 'colcon_core.shell.bat': Not used on non-Windows systems
[1.918s] INFO:colcon.colcon_core.shell:Skip shell extension 'powershell' for command environment: Not usable outside of PowerShell
[1.918s] DEBUG:colcon.colcon_core.shell:Skip shell extension 'dsv' for command environment
[1.942s] DEBUG:colcon.colcon_core.event_handler.log_command:Invoking command in '/home/takumi/souzoukougaku14/src/build/cat_messages': CMAKE_PREFIX_PATH=${CMAKE_PREFIX_PATH}:/home/takumi/souzoukougaku14/src/install/cat:/opt/ros/humble /usr/bin/cmake --build /home/takumi/souzoukougaku14/src/build/cat_messages -- -j8 -l8
[2.908s] DEBUG:colcon.colcon_core.event_handler.log_command:Invoked command in '/home/takumi/souzoukougaku14/src/build/cat_messages' returned '0': CMAKE_PREFIX_PATH=${CMAKE_PREFIX_PATH}:/home/takumi/souzoukougaku14/src/install/cat:/opt/ros/humble /usr/bin/cmake --build /home/takumi/souzoukougaku14/src/build/cat_messages -- -j8 -l8
[3.172s] DEBUG:colcon.colcon_core.event_handler.log_command:Invoking command in '/home/takumi/souzoukougaku14/src/build/cat_messages': CMAKE_PREFIX_PATH=${CMAKE_PREFIX_PATH}:/home/takumi/souzoukougaku14/src/install/cat:/opt/ros/humble /usr/bin/cmake --install /home/takumi/souzoukougaku14/src/build/cat_messages
[3.325s] Level 1:colcon.colcon_core.environment:create_environment_scripts_only(cat_messages)
[3.326s] DEBUG:colcon.colcon_core.event_handler.log_command:Invoked command in '/home/takumi/souzoukougaku14/src/build/cat_messages' returned '0': CMAKE_PREFIX_PATH=${CMAKE_PREFIX_PATH}:/home/takumi/souzoukougaku14/src/install/cat:/opt/ros/humble /usr/bin/cmake --install /home/takumi/souzoukougaku14/src/build/cat_messages
[3.344s] Level 1:colcon.colcon_core.environment:checking '/home/takumi/souzoukougaku14/src/install/cat_messages' for CMake module files
[3.346s] Level 1:colcon.colcon_core.environment:checking '/home/takumi/souzoukougaku14/src/install/cat_messages' for CMake config files
[3.348s] Level 1:colcon.colcon_core.shell:create_environment_hook('cat_messages', 'cmake_prefix_path')
[3.348s] INFO:colcon.colcon_core.shell:Creating environment hook '/home/takumi/souzoukougaku14/src/install/cat_messages/share/cat_messages/hook/cmake_prefix_path.ps1'
[3.351s] INFO:colcon.colcon_core.shell:Creating environment descriptor '/home/takumi/souzoukougaku14/src/install/cat_messages/share/cat_messages/hook/cmake_prefix_path.dsv'
[3.352s] INFO:colcon.colcon_core.shell:Creating environment hook '/home/takumi/souzoukougaku14/src/install/cat_messages/share/cat_messages/hook/cmake_prefix_path.sh'
[3.354s] Level 1:colcon.colcon_core.environment:checking '/home/takumi/souzoukougaku14/src/install/cat_messages/lib'
[3.354s] Level 1:colcon.colcon_core.shell:create_environment_hook('cat_messages', 'ld_library_path_lib')
[3.355s] INFO:colcon.colcon_core.shell:Creating environment hook '/home/takumi/souzoukougaku14/src/install/cat_messages/share/cat_messages/hook/ld_library_path_lib.ps1'
[3.356s] INFO:colcon.colcon_core.shell:Creating environment descriptor '/home/takumi/souzoukougaku14/src/install/cat_messages/share/cat_messages/hook/ld_library_path_lib.dsv'
[3.357s] INFO:colcon.colcon_core.shell:Creating environment hook '/home/takumi/souzoukougaku14/src/install/cat_messages/share/cat_messages/hook/ld_library_path_lib.sh'
[3.357s] Level 1:colcon.colcon_core.environment:checking '/home/takumi/souzoukougaku14/src/install/cat_messages/bin'
[3.358s] Level 1:colcon.colcon_core.environment:checking '/home/takumi/souzoukougaku14/src/install/cat_messages/lib/pkgconfig/cat_messages.pc'
[3.358s] Level 1:colcon.colcon_core.environment:checking '/home/takumi/souzoukougaku14/src/install/cat_messages/lib/python3.10/site-packages'
[3.358s] Level 1:colcon.colcon_core.environment:checking '/home/takumi/souzoukougaku14/src/install/cat_messages/bin'
[3.359s] INFO:colcon.colcon_core.shell:Creating package script '/home/takumi/souzoukougaku14/src/install/cat_messages/share/cat_messages/package.ps1'
[3.362s] INFO:colcon.colcon_core.shell:Creating package descriptor '/home/takumi/souzoukougaku14/src/install/cat_messages/share/cat_messages/package.dsv'
[3.363s] INFO:colcon.colcon_core.shell:Creating package script '/home/takumi/souzoukougaku14/src/install/cat_messages/share/cat_messages/package.sh'
[3.366s] INFO:colcon.colcon_core.shell:Creating package script '/home/takumi/souzoukougaku14/src/install/cat_messages/share/cat_messages/package.bash'
[3.368s] INFO:colcon.colcon_core.shell:Creating package script '/home/takumi/souzoukougaku14/src/install/cat_messages/share/cat_messages/package.zsh'
[3.369s] Level 1:colcon.colcon_core.environment:create_file_with_runtime_dependencies(/home/takumi/souzoukougaku14/src/install/cat_messages/share/colcon-core/packages/cat_messages)
[3.561s] Level 1:colcon.colcon_core.environment:create_environment_scripts_only(cat_messages)
[3.561s] Level 1:colcon.colcon_core.environment:checking '/home/takumi/souzoukougaku14/src/install/cat_messages' for CMake module files
[3.563s] Level 1:colcon.colcon_core.environment:checking '/home/takumi/souzoukougaku14/src/install/cat_messages' for CMake config files
[3.564s] Level 1:colcon.colcon_core.shell:create_environment_hook('cat_messages', 'cmake_prefix_path')
[3.565s] INFO:colcon.colcon_core.shell:Creating environment hook '/home/takumi/souzoukougaku14/src/install/cat_messages/share/cat_messages/hook/cmake_prefix_path.ps1'
[3.566s] INFO:colcon.colcon_core.shell:Creating environment descriptor '/home/takumi/souzoukougaku14/src/install/cat_messages/share/cat_messages/hook/cmake_prefix_path.dsv'
[3.566s] INFO:colcon.colcon_core.shell:Creating environment hook '/home/takumi/souzoukougaku14/src/install/cat_messages/share/cat_messages/hook/cmake_prefix_path.sh'
[3.568s] Level 1:colcon.colcon_core.environment:checking '/home/takumi/souzoukougaku14/src/install/cat_messages/lib'
[3.568s] Level 1:colcon.colcon_core.shell:create_environment_hook('cat_messages', 'ld_library_path_lib')
[3.568s] INFO:colcon.colcon_core.shell:Creating environment hook '/home/takumi/souzoukougaku14/src/install/cat_messages/share/cat_messages/hook/ld_library_path_lib.ps1'
[3.569s] INFO:colcon.colcon_core.shell:Creating environment descriptor '/home/takumi/souzoukougaku14/src/install/cat_messages/share/cat_messages/hook/ld_library_path_lib.dsv'
[3.570s] INFO:colcon.colcon_core.shell:Creating environment hook '/home/takumi/souzoukougaku14/src/install/cat_messages/share/cat_messages/hook/ld_library_path_lib.sh'
[3.570s] Level 1:colcon.colcon_core.environment:checking '/home/takumi/souzoukougaku14/src/install/cat_messages/bin'
[3.570s] Level 1:colcon.colcon_core.environment:checking '/home/takumi/souzoukougaku14/src/install/cat_messages/lib/pkgconfig/cat_messages.pc'
[3.571s] Level 1:colcon.colcon_core.environment:checking '/home/takumi/souzoukougaku14/src/install/cat_messages/lib/python3.10/site-packages'
[3.571s] Level 1:colcon.colcon_core.environment:checking '/home/takumi/souzoukougaku14/src/install/cat_messages/bin'
[3.572s] INFO:colcon.colcon_core.shell:Creating package script '/home/takumi/souzoukougaku14/src/install/cat_messages/share/cat_messages/package.ps1'
[3.574s] INFO:colcon.colcon_core.shell:Creating package descriptor '/home/takumi/souzoukougaku14/src/install/cat_messages/share/cat_messages/package.dsv'
[3.575s] INFO:colcon.colcon_core.shell:Creating package script '/home/takumi/souzoukougaku14/src/install/cat_messages/share/cat_messages/package.sh'
[3.577s] INFO:colcon.colcon_core.shell:Creating package script '/home/takumi/souzoukougaku14/src/install/cat_messages/share/cat_messages/package.bash'
[3.578s] INFO:colcon.colcon_core.shell:Creating package script '/home/takumi/souzoukougaku14/src/install/cat_messages/share/cat_messages/package.zsh'
[3.580s] Level 1:colcon.colcon_core.environment:create_file_with_runtime_dependencies(/home/takumi/souzoukougaku14/src/install/cat_messages/share/colcon-core/packages/cat_messages)
[3.581s] INFO:colcon.colcon_ros.task.ament_python.build:Building ROS package in '/home/takumi/souzoukougaku14/src/cat' with build type 'ament_python'
[3.582s] Level 1:colcon.colcon_core.shell:create_environment_hook('cat', 'ament_prefix_path')
[3.582s] INFO:colcon.colcon_core.shell:Creating environment hook '/home/takumi/souzoukougaku14/src/install/cat/share/cat/hook/ament_prefix_path.ps1'
[3.585s] INFO:colcon.colcon_core.shell:Creating environment descriptor '/home/takumi/souzoukougaku14/src/install/cat/share/cat/hook/ament_prefix_path.dsv'
[3.586s] INFO:colcon.colcon_core.shell:Creating environment hook '/home/takumi/souzoukougaku14/src/install/cat/share/cat/hook/ament_prefix_path.sh'
[3.587s] INFO:colcon.colcon_core.shell:Skip shell extension 'powershell' for command environment: Not usable outside of PowerShell
[3.587s] DEBUG:colcon.colcon_core.shell:Skip shell extension 'dsv' for command environment
[4.199s] INFO:colcon.colcon_core.task.python.build:Building Python package in '/home/takumi/souzoukougaku14/src/cat'
[4.199s] INFO:colcon.colcon_core.shell:Skip shell extension 'powershell' for command environment: Not usable outside of PowerShell
[4.199s] DEBUG:colcon.colcon_core.shell:Skip shell extension 'dsv' for command environment
[5.422s] DEBUG:colcon.colcon_core.event_handler.log_command:Invoking command in '/home/takumi/souzoukougaku14/src/cat': PYTHONPATH=/home/takumi/souzoukougaku14/src/build/cat/prefix_override:/usr/lib/python3/dist-packages/colcon_core/task/python/colcon_distutils_commands:/home/takumi/souzoukougaku14/src/install/cat/lib/python3.10/site-packages:${PYTHONPATH} /usr/bin/python3 -W ignore:setup.py install is deprecated setup.py egg_info --egg-base ../build/cat build --build-base /home/takumi/souzoukougaku14/src/build/cat/build install --record /home/takumi/souzoukougaku14/src/build/cat/install.log --single-version-externally-managed install_data
[6.087s] Level 1:colcon.colcon_core.environment:checking '/home/takumi/souzoukougaku14/src/install/cat' for CMake module files
[6.088s] DEBUG:colcon.colcon_core.event_handler.log_command:Invoked command in '/home/takumi/souzoukougaku14/src/cat' returned '0': PYTHONPATH=/home/takumi/souzoukougaku14/src/build/cat/prefix_override:/usr/lib/python3/dist-packages/colcon_core/task/python/colcon_distutils_commands:/home/takumi/souzoukougaku14/src/install/cat/lib/python3.10/site-packages:${PYTHONPATH} /usr/bin/python3 -W ignore:setup.py install is deprecated setup.py egg_info --egg-base ../build/cat build --build-base /home/takumi/souzoukougaku14/src/build/cat/build install --record /home/takumi/souzoukougaku14/src/build/cat/install.log --single-version-externally-managed install_data
[6.089s] Level 1:colcon.colcon_core.environment:checking '/home/takumi/souzoukougaku14/src/install/cat' for CMake config files
[6.090s] Level 1:colcon.colcon_core.environment:checking '/home/takumi/souzoukougaku14/src/install/cat/lib'
[6.090s] Level 1:colcon.colcon_core.environment:checking '/home/takumi/souzoukougaku14/src/install/cat/bin'
[6.090s] Level 1:colcon.colcon_core.environment:checking '/home/takumi/souzoukougaku14/src/install/cat/lib/pkgconfig/cat.pc'
[6.091s] Level 1:colcon.colcon_core.environment:checking '/home/takumi/souzoukougaku14/src/install/cat/lib/python3.10/site-packages'
[6.091s] Level 1:colcon.colcon_core.shell:create_environment_hook('cat', 'pythonpath')
[6.091s] INFO:colcon.colcon_core.shell:Creating environment hook '/home/takumi/souzoukougaku14/src/install/cat/share/cat/hook/pythonpath.ps1'
[6.092s] INFO:colcon.colcon_core.shell:Creating environment descriptor '/home/takumi/souzoukougaku14/src/install/cat/share/cat/hook/pythonpath.dsv'
[6.093s] INFO:colcon.colcon_core.shell:Creating environment hook '/home/takumi/souzoukougaku14/src/install/cat/share/cat/hook/pythonpath.sh'
[6.094s] Level 1:colcon.colcon_core.environment:checking '/home/takumi/souzoukougaku14/src/install/cat/bin'
[6.094s] Level 1:colcon.colcon_core.environment:create_environment_scripts_only(cat)
[6.095s] INFO:colcon.colcon_core.shell:Creating package script '/home/takumi/souzoukougaku14/src/install/cat/share/cat/package.ps1'
[6.096s] INFO:colcon.colcon_core.shell:Creating package descriptor '/home/takumi/souzoukougaku14/src/install/cat/share/cat/package.dsv'
[6.098s] INFO:colcon.colcon_core.shell:Creating package script '/home/takumi/souzoukougaku14/src/install/cat/share/cat/package.sh'
[6.099s] INFO:colcon.colcon_core.shell:Creating package script '/home/takumi/souzoukougaku14/src/install/cat/share/cat/package.bash'
[6.100s] INFO:colcon.colcon_core.shell:Creating package script '/home/takumi/souzoukougaku14/src/install/cat/share/cat/package.zsh'
[6.101s] Level 1:colcon.colcon_core.environment:create_file_with_runtime_dependencies(/home/takumi/souzoukougaku14/src/install/cat/share/colcon-core/packages/cat)
[6.102s] DEBUG:colcon.colcon_parallel_executor.executor.parallel:closing loop
[6.103s] DEBUG:colcon.colcon_parallel_executor.executor.parallel:loop closed
[6.103s] DEBUG:colcon.colcon_parallel_executor.executor.parallel:run_until_complete finished with '0'
[6.103s] DEBUG:colcon.colcon_core.event_reactor:joining thread
[6.154s] INFO:colcon.colcon_core.plugin_system:Skipping extension 'colcon_notification.desktop_notification.notify_send': Could not find 'notify-send'
[6.154s] INFO:colcon.colcon_core.plugin_system:Skipping extension 'colcon_notification.desktop_notification.terminal_notifier': Not used on non-Darwin systems
[6.154s] INFO:colcon.colcon_core.plugin_system:Skipping extension 'colcon_notification.desktop_notification.win32': Not used on non-Windows systems
[6.155s] INFO:colcon.colcon_notification.desktop_notification:Sending desktop notification using 'notify2'
[6.156s] DEBUG:colcon.colcon_notification.desktop_notification.notify2:Failed to initialize notify2: org.freedesktop.DBus.Error.ServiceUnknown: The name org.freedesktop.Notifications was not provided by any .service files
[6.157s] DEBUG:colcon.colcon_core.event_reactor:joined thread
[6.157s] INFO:colcon.colcon_core.shell:Creating prefix script '/home/takumi/souzoukougaku14/src/install/local_setup.ps1'
[6.159s] INFO:colcon.colcon_core.shell:Creating prefix util module '/home/takumi/souzoukougaku14/src/install/_local_setup_util_ps1.py'
[6.162s] INFO:colcon.colcon_core.shell:Creating prefix chain script '/home/takumi/souzoukougaku14/src/install/setup.ps1'
[6.164s] INFO:colcon.colcon_core.shell:Creating prefix script '/home/takumi/souzoukougaku14/src/install/local_setup.sh'
[6.166s] INFO:colcon.colcon_core.shell:Creating prefix util module '/home/takumi/souzoukougaku14/src/install/_local_setup_util_sh.py'
[6.167s] INFO:colcon.colcon_core.shell:Creating prefix chain script '/home/takumi/souzoukougaku14/src/install/setup.sh'
[6.171s] INFO:colcon.colcon_core.shell:Creating prefix script '/home/takumi/souzoukougaku14/src/install/local_setup.bash'
[6.172s] INFO:colcon.colcon_core.shell:Creating prefix chain script '/home/takumi/souzoukougaku14/src/install/setup.bash'
[6.174s] INFO:colcon.colcon_core.shell:Creating prefix script '/home/takumi/souzoukougaku14/src/install/local_setup.zsh'
[6.175s] INFO:colcon.colcon_core.shell:Creating prefix chain script '/home/takumi/souzoukougaku14/src/install/setup.zsh'
