[0.864s] Invoking command in '/home/takumi/souzoukougaku14/src/cat': PYTHONPATH=/home/takumi/souzoukougaku14/src/build/cat/prefix_override:/usr/lib/python3/dist-packages/colcon_core/task/python/colcon_distutils_commands:/home/takumi/souzoukougaku14/src/install/cat/lib/python3.10/site-packages:${PYTHONPATH} /usr/bin/python3 -W ignore:setup.py install is deprecated setup.py egg_info --egg-base ../build/cat build --build-base /home/takumi/souzoukougaku14/src/build/cat/build install --record /home/takumi/souzoukougaku14/src/build/cat/install.log --single-version-externally-managed install_data
[1.055s] running egg_info
[1.055s] writing ../build/cat/cat.egg-info/PKG-INFO
[1.056s] writing dependency_links to ../build/cat/cat.egg-info/dependency_links.txt
[1.056s] writing entry points to ../build/cat/cat.egg-info/entry_points.txt
[1.056s] writing requirements to ../build/cat/cat.egg-info/requires.txt
[1.056s] writing top-level names to ../build/cat/cat.egg-info/top_level.txt
[1.059s] reading manifest file '../build/cat/cat.egg-info/SOURCES.txt'
[1.060s] writing manifest file '../build/cat/cat.egg-info/SOURCES.txt'
[1.060s] running build
[1.061s] running build_py
[1.061s] copying cat/udp_send_node.py -> /home/takumi/souzoukougaku14/src/build/cat/build/lib/cat
[1.063s] running install
[1.063s] running install_lib
[1.064s] copying /home/takumi/souzoukougaku14/src/build/cat/build/lib/cat/udp_send_node.py -> /home/takumi/souzoukougaku14/src/install/cat/lib/python3.10/site-packages/cat
[1.065s] byte-compiling /home/takumi/souzoukougaku14/src/install/cat/lib/python3.10/site-packages/cat/udp_send_node.py to udp_send_node.cpython-310.pyc
[1.067s] running install_data
[1.067s] running install_egg_info
[1.068s] removing '/home/takumi/souzoukougaku14/src/install/cat/lib/python3.10/site-packages/cat-0.0.0-py3.10.egg-info' (and everything under it)
[1.069s] Copying ../build/cat/cat.egg-info to /home/takumi/souzoukougaku14/src/install/cat/lib/python3.10/site-packages/cat-0.0.0-py3.10.egg-info
[1.071s] running install_scripts
[1.087s] Installing odom_test_node script to /home/takumi/souzoukougaku14/src/install/cat/lib/cat
[1.088s] Installing pc_controller script to /home/takumi/souzoukougaku14/src/install/cat/lib/cat
[1.088s] Installing ps4_controller_node script to /home/takumi/souzoukougaku14/src/install/cat/lib/cat
[1.088s] Installing ps4_joy_node script to /home/takumi/souzoukougaku14/src/install/cat/lib/cat
[1.089s] Installing state_machine script to /home/takumi/souzoukougaku14/src/install/cat/lib/cat
[1.089s] Installing tcp_receive_node script to /home/takumi/souzoukougaku14/src/install/cat/lib/cat
[1.089s] Installing tcp_send_node script to /home/takumi/souzoukougaku14/src/install/cat/lib/cat
[1.090s] Installing udp_receive_node script to /home/takumi/souzoukougaku14/src/install/cat/lib/cat
[1.090s] Installing udp_send_node script to /home/takumi/souzoukougaku14/src/install/cat/lib/cat
[1.091s] writing list of installed files to '/home/takumi/souzoukougaku14/src/build/cat/install.log'
[1.111s] Invoked command in '/home/takumi/souzoukougaku14/src/cat' returned '0': PYTHONPATH=/home/takumi/souzoukougaku14/src/build/cat/prefix_override:/usr/lib/python3/dist-packages/colcon_core/task/python/colcon_distutils_commands:/home/takumi/souzoukougaku14/src/install/cat/lib/python3.10/site-packages:${PYTHONPATH} /usr/bin/python3 -W ignore:setup.py install is deprecated setup.py egg_info --egg-base ../build/cat build --build-base /home/takumi/souzoukougaku14/src/build/cat/build install --record /home/takumi/souzoukougaku14/src/build/cat/install.log --single-version-externally-managed install_data
