[0.702s] Invoking command in '/home/takumi/souzoukougaku14/src/cat': CMAKE_PREFIX_PATH=/home/takumi/souzoukougaku14/src/install/cat_messages:/home/takumi/souzoukougaku14/install/cat_messages LD_LIBRARY_PATH=/home/takumi/souzoukougaku14/src/install/cat_messages/lib:/home/takumi/souzoukougaku14/install/cat_messages/lib:/usr/lib/x86_64-linux-gnu/gazebo-11/plugins:/opt/ros/humble/opt/rviz_ogre_vendor/lib:/opt/ros/humble/lib/x86_64-linux-gnu:/opt/ros/humble/lib PYTHONPATH=/home/takumi/souzoukougaku14/src/build/cat/prefix_override:/usr/lib/python3/dist-packages/colcon_core/task/python/colcon_distutils_commands:/home/takumi/souzoukougaku14/src/install/cat/lib/python3.10/site-packages:${PYTHONPATH} /usr/bin/python3 -W ignore:setup.py install is deprecated setup.py egg_info --egg-base ../build/cat build --build-base /home/takumi/souzoukougaku14/src/build/cat/build install --record /home/takumi/souzoukougaku14/src/build/cat/install.log --single-version-externally-managed install_data
[1.077s] running egg_info
[1.077s] writing ../build/cat/cat.egg-info/PKG-INFO
[1.078s] writing dependency_links to ../build/cat/cat.egg-info/dependency_links.txt
[1.078s] writing entry points to ../build/cat/cat.egg-info/entry_points.txt
[1.078s] writing requirements to ../build/cat/cat.egg-info/requires.txt
[1.078s] writing top-level names to ../build/cat/cat.egg-info/top_level.txt
[1.080s] reading manifest file '../build/cat/cat.egg-info/SOURCES.txt'
[1.081s] writing manifest file '../build/cat/cat.egg-info/SOURCES.txt'
[1.082s] running build
[1.082s] running build_py
[1.083s] running install
[1.083s] running install_lib
[1.086s] running install_data
[1.086s] running install_egg_info
[1.088s] removing '/home/takumi/souzoukougaku14/src/install/cat/lib/python3.10/site-packages/cat-0.0.0-py3.10.egg-info' (and everything under it)
[1.088s] Copying ../build/cat/cat.egg-info to /home/takumi/souzoukougaku14/src/install/cat/lib/python3.10/site-packages/cat-0.0.0-py3.10.egg-info
[1.089s] running install_scripts
[1.114s] Installing odom_test_node script to /home/takumi/souzoukougaku14/src/install/cat/lib/cat
[1.114s] Installing pc_controller script to /home/takumi/souzoukougaku14/src/install/cat/lib/cat
[1.114s] Installing state_machine script to /home/takumi/souzoukougaku14/src/install/cat/lib/cat
[1.115s] Installing tcp_receive_node script to /home/takumi/souzoukougaku14/src/install/cat/lib/cat
[1.115s] Installing tcp_send_node script to /home/takumi/souzoukougaku14/src/install/cat/lib/cat
[1.115s] Installing udp_receive_node script to /home/takumi/souzoukougaku14/src/install/cat/lib/cat
[1.115s] Installing udp_send_node script to /home/takumi/souzoukougaku14/src/install/cat/lib/cat
[1.116s] writing list of installed files to '/home/takumi/souzoukougaku14/src/build/cat/install.log'
[1.145s] Invoked command in '/home/takumi/souzoukougaku14/src/cat' returned '0': CMAKE_PREFIX_PATH=/home/takumi/souzoukougaku14/src/install/cat_messages:/home/takumi/souzoukougaku14/install/cat_messages LD_LIBRARY_PATH=/home/takumi/souzoukougaku14/src/install/cat_messages/lib:/home/takumi/souzoukougaku14/install/cat_messages/lib:/usr/lib/x86_64-linux-gnu/gazebo-11/plugins:/opt/ros/humble/opt/rviz_ogre_vendor/lib:/opt/ros/humble/lib/x86_64-linux-gnu:/opt/ros/humble/lib PYTHONPATH=/home/takumi/souzoukougaku14/src/build/cat/prefix_override:/usr/lib/python3/dist-packages/colcon_core/task/python/colcon_distutils_commands:/home/takumi/souzoukougaku14/src/install/cat/lib/python3.10/site-packages:${PYTHONPATH} /usr/bin/python3 -W ignore:setup.py install is deprecated setup.py egg_info --egg-base ../build/cat build --build-base /home/takumi/souzoukougaku14/src/build/cat/build install --record /home/takumi/souzoukougaku14/src/build/cat/install.log --single-version-externally-managed install_data
