[0.012s] Invoking command in '/home/hamilton/souzou/build/cat_messages': CMAKE_PREFIX_PATH=/opt/ros/humble /usr/bin/cmake /home/hamilton/souzou/souzoukougaku14/src/cat_messages -DAMENT_CMAKE_SYMLINK_INSTALL=1 -DCMAKE_INSTALL_PREFIX=/home/hamilton/souzou/install/cat_messages
[0.224s] -- The C compiler identification is GNU 11.4.0
[0.333s] -- The CXX compiler identification is GNU 11.4.0
[0.343s] -- Detecting C compiler ABI info
[0.393s] -- Detecting C compiler ABI info - done
[0.400s] -- Check for working C compiler: /usr/lib/ccache/gcc - skipped
[0.400s] -- Detecting C compile features
[0.401s] -- Detecting C compile features - done
[0.404s] -- Detecting CXX compiler ABI info
[0.461s] -- Detecting CXX compiler ABI info - done
[0.470s] -- Check for working CXX compiler: /usr/lib/ccache/g++ - skipped
[0.470s] -- Detecting CXX compile features
[0.471s] -- Detecting CXX compile features - done
[0.476s] -- Found ament_cmake: 1.3.11 (/opt/ros/humble/share/ament_cmake/cmake)
[0.591s] -- Found Python3: /usr/bin/python3 (found version "3.10.12") found components: Interpreter 
[0.656s] -- Override CMake install command with custom implementation using symlinks instead of copying resources
[0.678s] -- Found rosidl_default_generators: 1.2.0 (/opt/ros/humble/share/rosidl_default_generators/cmake)
[0.680s] -- Using all available rosidl_typesupport_c: rosidl_typesupport_fastrtps_c;rosidl_typesupport_introspection_c
[0.686s] -- Found rosidl_adapter: 3.1.6 (/opt/ros/humble/share/rosidl_adapter/cmake)
[0.718s] -- Using all available rosidl_typesupport_cpp: rosidl_typesupport_fastrtps_cpp;rosidl_typesupport_introspection_cpp
[0.932s] -- Found ament_cmake_ros: 0.10.0 (/opt/ros/humble/share/ament_cmake_ros/cmake)
[1.081s] -- Using all available rosidl_typesupport_c: rosidl_typesupport_fastrtps_c;rosidl_typesupport_introspection_c
[1.285s] -- Using all available rosidl_typesupport_cpp: rosidl_typesupport_fastrtps_cpp;rosidl_typesupport_introspection_cpp
[1.303s] -- Found PythonInterp: /usr/bin/python3 (found suitable version "3.10.12", minimum required is "3.6") 
[1.305s] -- Found python_cmake_module: 0.10.0 (/opt/ros/humble/share/python_cmake_module/cmake)
[1.330s] -- Found PythonLibs: /usr/lib/x86_64-linux-gnu/libpython3.10.so (found suitable version "3.10.12", minimum required is "3.5") 
[1.330s] -- Using PYTHON_EXECUTABLE: /usr/bin/python3
[1.330s] -- Using PYTHON_INCLUDE_DIRS: /usr/include/python3.10
[1.330s] -- Using PYTHON_LIBRARIES: /usr/lib/x86_64-linux-gnu/libpython3.10.so
[1.348s] -- Found PythonExtra: .so  
[1.379s] -- Found ament_lint_auto: 0.12.11 (/opt/ros/humble/share/ament_lint_auto/cmake)
[1.398s] -- Added test 'lint_cmake' to check CMake code style
[1.399s] -- Added test 'xmllint' to check XML markup files
[1.403s] -- Configuring done
[1.432s] -- Generating done
[1.444s] -- Build files have been written to: /home/hamilton/souzou/build/cat_messages
[1.450s] Invoked command in '/home/hamilton/souzou/build/cat_messages' returned '0': CMAKE_PREFIX_PATH=/opt/ros/humble /usr/bin/cmake /home/hamilton/souzou/souzoukougaku14/src/cat_messages -DAMENT_CMAKE_SYMLINK_INSTALL=1 -DCMAKE_INSTALL_PREFIX=/home/hamilton/souzou/install/cat_messages
[1.452s] Invoking command in '/home/hamilton/souzou/build/cat_messages': CMAKE_PREFIX_PATH=/opt/ros/humble /usr/bin/cmake --build /home/hamilton/souzou/build/cat_messages -- -j8 -l8
[1.488s] [  2%] [34m[1mGenerating C code for ROS interfaces[0m
[1.502s] [  4%] [34m[1mGenerating C++ code for ROS interfaces[0m
[1.511s] [  4%] Built target ament_cmake_python_symlink_cat_messages
[1.857s] running egg_info
[1.858s] creating cat_messages.egg-info
[1.859s] writing cat_messages.egg-info/PKG-INFO
[1.859s] writing dependency_links to cat_messages.egg-info/dependency_links.txt
[1.859s] writing top-level names to cat_messages.egg-info/top_level.txt
[1.860s] writing manifest file 'cat_messages.egg-info/SOURCES.txt'
[1.864s] reading manifest file 'cat_messages.egg-info/SOURCES.txt'
[1.864s] writing manifest file 'cat_messages.egg-info/SOURCES.txt'
[1.915s] [  4%] Built target ament_cmake_python_build_cat_messages_egg
[2.094s] [  4%] Built target cat_messages__cpp
[2.110s] [  6%] [34m[1mGenerating C++ type support dispatch for ROS interfaces[0m
[2.116s] [ 10%] [34m[1mGenerating C++ type support for eProsima Fast-RTPS[0m
[2.116s] [ 10%] [34m[1mGenerating C++ introspection for ROS interfaces[0m
[2.165s] [ 12%] [32mBuilding C object CMakeFiles/cat_messages__rosidl_generator_c.dir/rosidl_generator_c/cat_messages/msg/detail/senser__functions.c.o[0m
[2.174s] [ 14%] [32mBuilding C object CMakeFiles/cat_messages__rosidl_generator_c.dir/rosidl_generator_c/cat_messages/msg/detail/vel__functions.c.o[0m
[2.176s] [ 17%] [32mBuilding C object CMakeFiles/cat_messages__rosidl_generator_c.dir/rosidl_generator_c/cat_messages/msg/detail/joy_cat__functions.c.o[0m
[2.264s] [ 19%] [32m[1mLinking C shared library libcat_messages__rosidl_generator_c.so[0m
[2.339s] [ 19%] Built target cat_messages__rosidl_generator_c
[2.357s] [ 21%] [34m[1mGenerating C type support dispatch for ROS interfaces[0m
[2.363s] [ 23%] [34m[1mGenerating C type support for eProsima Fast-RTPS[0m
[2.365s] [ 25%] [34m[1mGenerating C introspection for ROS interfaces[0m
[2.567s] [ 27%] [32mBuilding CXX object CMakeFiles/cat_messages__rosidl_typesupport_cpp.dir/rosidl_typesupport_cpp/cat_messages/msg/joy_cat__type_support.cpp.o[0m
[2.569s] [ 29%] [32mBuilding CXX object CMakeFiles/cat_messages__rosidl_typesupport_cpp.dir/rosidl_typesupport_cpp/cat_messages/msg/senser__type_support.cpp.o[0m
[2.581s] [ 31%] [32mBuilding CXX object CMakeFiles/cat_messages__rosidl_typesupport_cpp.dir/rosidl_typesupport_cpp/cat_messages/msg/vel__type_support.cpp.o[0m
[2.766s] [ 36%] [32mBuilding CXX object CMakeFiles/cat_messages__rosidl_typesupport_fastrtps_cpp.dir/rosidl_typesupport_fastrtps_cpp/cat_messages/msg/detail/dds_fastrtps/senser__type_support.cpp.o[0m
[2.766s] [ 36%] [32mBuilding CXX object CMakeFiles/cat_messages__rosidl_typesupport_fastrtps_cpp.dir/rosidl_typesupport_fastrtps_cpp/cat_messages/msg/detail/dds_fastrtps/joy_cat__type_support.cpp.o[0m
[2.773s] [ 38%] [32m[1mLinking CXX shared library libcat_messages__rosidl_typesupport_cpp.so[0m
[2.779s] [ 40%] [32mBuilding CXX object CMakeFiles/cat_messages__rosidl_typesupport_fastrtps_cpp.dir/rosidl_typesupport_fastrtps_cpp/cat_messages/msg/detail/dds_fastrtps/vel__type_support.cpp.o[0m
[2.950s] [ 40%] Built target cat_messages__rosidl_typesupport_cpp
[2.960s] [ 42%] [32mBuilding CXX object CMakeFiles/cat_messages__rosidl_typesupport_introspection_cpp.dir/rosidl_typesupport_introspection_cpp/cat_messages/msg/detail/joy_cat__type_support.cpp.o[0m
[2.974s] [ 44%] [32mBuilding CXX object CMakeFiles/cat_messages__rosidl_typesupport_introspection_cpp.dir/rosidl_typesupport_introspection_cpp/cat_messages/msg/detail/senser__type_support.cpp.o[0m
[2.982s] [ 46%] [32mBuilding CXX object CMakeFiles/cat_messages__rosidl_typesupport_c.dir/rosidl_typesupport_c/cat_messages/msg/joy_cat__type_support.cpp.o[0m
[2.993s] [ 48%] [32mBuilding CXX object CMakeFiles/cat_messages__rosidl_typesupport_introspection_cpp.dir/rosidl_typesupport_introspection_cpp/cat_messages/msg/detail/vel__type_support.cpp.o[0m
[3.028s] [ 51%] [32mBuilding CXX object CMakeFiles/cat_messages__rosidl_typesupport_c.dir/rosidl_typesupport_c/cat_messages/msg/vel__type_support.cpp.o[0m
[3.032s] [ 53%] [32mBuilding CXX object CMakeFiles/cat_messages__rosidl_typesupport_c.dir/rosidl_typesupport_c/cat_messages/msg/senser__type_support.cpp.o[0m
[3.051s] [ 55%] [32m[1mLinking CXX shared library libcat_messages__rosidl_typesupport_introspection_cpp.so[0m
[3.076s] [ 59%] [32m[1mLinking CXX shared library libcat_messages__rosidl_typesupport_c.so[0m
[3.076s] [ 59%] [32m[1mLinking CXX shared library libcat_messages__rosidl_typesupport_fastrtps_cpp.so[0m
[3.102s] [ 61%] [32mBuilding CXX object CMakeFiles/cat_messages__rosidl_typesupport_fastrtps_c.dir/rosidl_typesupport_fastrtps_c/cat_messages/msg/detail/senser__type_support_c.cpp.o[0m
[3.106s] [ 63%] [32mBuilding CXX object CMakeFiles/cat_messages__rosidl_typesupport_fastrtps_c.dir/rosidl_typesupport_fastrtps_c/cat_messages/msg/detail/joy_cat__type_support_c.cpp.o[0m
[3.108s] [ 65%] [32mBuilding CXX object CMakeFiles/cat_messages__rosidl_typesupport_fastrtps_c.dir/rosidl_typesupport_fastrtps_c/cat_messages/msg/detail/vel__type_support_c.cpp.o[0m
[3.134s] [ 65%] Built target cat_messages__rosidl_typesupport_introspection_cpp
[3.150s] [ 68%] [32mBuilding C object CMakeFiles/cat_messages__rosidl_typesupport_introspection_c.dir/rosidl_typesupport_introspection_c/cat_messages/msg/detail/joy_cat__type_support.c.o[0m
[3.156s] [ 70%] [32mBuilding C object CMakeFiles/cat_messages__rosidl_typesupport_introspection_c.dir/rosidl_typesupport_introspection_c/cat_messages/msg/detail/senser__type_support.c.o[0m
[3.168s] [ 72%] [32mBuilding C object CMakeFiles/cat_messages__rosidl_typesupport_introspection_c.dir/rosidl_typesupport_introspection_c/cat_messages/msg/detail/vel__type_support.c.o[0m
[3.169s] [ 72%] Built target cat_messages__rosidl_typesupport_c
[3.209s] [ 74%] [32m[1mLinking C shared library libcat_messages__rosidl_typesupport_introspection_c.so[0m
[3.221s] [ 74%] Built target cat_messages__rosidl_typesupport_fastrtps_cpp
[3.242s] [ 74%] Built target cat_messages__rosidl_typesupport_introspection_c
[3.252s] [ 76%] [32m[1mLinking CXX shared library libcat_messages__rosidl_typesupport_fastrtps_c.so[0m
[3.311s] [ 76%] Built target cat_messages__rosidl_typesupport_fastrtps_c
[3.326s] [ 76%] Built target cat_messages
[3.343s] [ 78%] [34m[1mGenerating Python code for ROS interfaces[0m
[3.713s] [ 78%] Built target cat_messages__py
[3.733s] [ 82%] [32mBuilding C object CMakeFiles/cat_messages__rosidl_generator_py.dir/rosidl_generator_py/cat_messages/msg/_joy_cat_s.c.o[0m
[3.733s] [ 82%] [32mBuilding C object CMakeFiles/cat_messages__rosidl_generator_py.dir/rosidl_generator_py/cat_messages/msg/_senser_s.c.o[0m
[3.734s] [ 85%] [32mBuilding C object CMakeFiles/cat_messages__rosidl_generator_py.dir/rosidl_generator_py/cat_messages/msg/_vel_s.c.o[0m
[3.750s] [ 87%] [32m[1mLinking C shared library rosidl_generator_py/cat_messages/libcat_messages__rosidl_generator_py.so[0m
[3.782s] [ 87%] Built target cat_messages__rosidl_generator_py
[3.797s] [ 91%] [32mBuilding C object CMakeFiles/cat_messages__rosidl_typesupport_fastrtps_c__pyext.dir/rosidl_generator_py/cat_messages/_cat_messages_s.ep.rosidl_typesupport_fastrtps_c.c.o[0m
[3.797s] [ 93%] [32mBuilding C object CMakeFiles/cat_messages__rosidl_typesupport_c__pyext.dir/rosidl_generator_py/cat_messages/_cat_messages_s.ep.rosidl_typesupport_c.c.o[0m
[3.797s] [ 93%] [32mBuilding C object CMakeFiles/cat_messages__rosidl_typesupport_introspection_c__pyext.dir/rosidl_generator_py/cat_messages/_cat_messages_s.ep.rosidl_typesupport_introspection_c.c.o[0m
[3.808s] [ 95%] [32m[1mLinking C shared library rosidl_generator_py/cat_messages/cat_messages_s__rosidl_typesupport_fastrtps_c.cpython-310-x86_64-linux-gnu.so[0m
[3.809s] [100%] [32m[1mLinking C shared library rosidl_generator_py/cat_messages/cat_messages_s__rosidl_typesupport_c.cpython-310-x86_64-linux-gnu.so[0m
[3.809s] [100%] [32m[1mLinking C shared library rosidl_generator_py/cat_messages/cat_messages_s__rosidl_typesupport_introspection_c.cpython-310-x86_64-linux-gnu.so[0m
[3.839s] [100%] Built target cat_messages__rosidl_typesupport_introspection_c__pyext
[3.839s] [100%] Built target cat_messages__rosidl_typesupport_fastrtps_c__pyext
[3.839s] [100%] Built target cat_messages__rosidl_typesupport_c__pyext
[3.849s] Invoked command in '/home/hamilton/souzou/build/cat_messages' returned '0': CMAKE_PREFIX_PATH=/opt/ros/humble /usr/bin/cmake --build /home/hamilton/souzou/build/cat_messages -- -j8 -l8
[3.851s] Invoking command in '/home/hamilton/souzou/build/cat_messages': CMAKE_PREFIX_PATH=/opt/ros/humble /usr/bin/cmake --install /home/hamilton/souzou/build/cat_messages
[3.858s] -- Install configuration: ""
[3.858s] -- Execute custom install script
[3.858s] -- Symlinking: /home/hamilton/souzou/install/cat_messages/share/ament_index/resource_index/rosidl_interfaces/cat_messages
[3.865s] -- Symlinking: /home/hamilton/souzou/install/cat_messages/include/cat_messages/cat_messages/msg/detail/joy_cat__functions.h
[3.872s] -- Symlinking: /home/hamilton/souzou/install/cat_messages/include/cat_messages/cat_messages/msg/detail/joy_cat__struct.h
[3.879s] -- Symlinking: /home/hamilton/souzou/install/cat_messages/include/cat_messages/cat_messages/msg/detail/joy_cat__type_support.h
[3.886s] -- Symlinking: /home/hamilton/souzou/install/cat_messages/include/cat_messages/cat_messages/msg/detail/senser__functions.h
[3.892s] -- Symlinking: /home/hamilton/souzou/install/cat_messages/include/cat_messages/cat_messages/msg/detail/senser__struct.h
[3.899s] -- Symlinking: /home/hamilton/souzou/install/cat_messages/include/cat_messages/cat_messages/msg/detail/senser__type_support.h
[3.906s] -- Symlinking: /home/hamilton/souzou/install/cat_messages/include/cat_messages/cat_messages/msg/detail/vel__functions.h
[3.912s] -- Symlinking: /home/hamilton/souzou/install/cat_messages/include/cat_messages/cat_messages/msg/detail/vel__struct.h
[3.919s] -- Symlinking: /home/hamilton/souzou/install/cat_messages/include/cat_messages/cat_messages/msg/detail/vel__type_support.h
[3.925s] -- Symlinking: /home/hamilton/souzou/install/cat_messages/include/cat_messages/cat_messages/msg/joy_cat.h
[3.932s] -- Symlinking: /home/hamilton/souzou/install/cat_messages/include/cat_messages/cat_messages/msg/rosidl_generator_c__visibility_control.h
[3.939s] -- Symlinking: /home/hamilton/souzou/install/cat_messages/include/cat_messages/cat_messages/msg/senser.h
[3.946s] -- Symlinking: /home/hamilton/souzou/install/cat_messages/include/cat_messages/cat_messages/msg/vel.h
[3.953s] -- Symlinking: /home/hamilton/souzou/install/cat_messages/share/cat_messages/environment/library_path.sh
[3.959s] -- Symlinking: /home/hamilton/souzou/install/cat_messages/share/cat_messages/environment/library_path.dsv
[3.966s] -- Symlinking: /home/hamilton/souzou/install/cat_messages/include/cat_messages/cat_messages/msg/detail/joy_cat__rosidl_typesupport_fastrtps_c.h
[3.973s] -- Symlinking: /home/hamilton/souzou/install/cat_messages/include/cat_messages/cat_messages/msg/detail/senser__rosidl_typesupport_fastrtps_c.h
[3.979s] -- Symlinking: /home/hamilton/souzou/install/cat_messages/include/cat_messages/cat_messages/msg/detail/vel__rosidl_typesupport_fastrtps_c.h
[3.986s] -- Symlinking: /home/hamilton/souzou/install/cat_messages/include/cat_messages/cat_messages/msg/rosidl_typesupport_fastrtps_c__visibility_control.h
[3.993s] -- Symlinking: /home/hamilton/souzou/install/cat_messages/include/cat_messages/cat_messages/msg/detail/joy_cat__rosidl_typesupport_introspection_c.h
[4.000s] -- Symlinking: /home/hamilton/souzou/install/cat_messages/include/cat_messages/cat_messages/msg/detail/senser__rosidl_typesupport_introspection_c.h
[4.008s] -- Symlinking: /home/hamilton/souzou/install/cat_messages/include/cat_messages/cat_messages/msg/detail/vel__rosidl_typesupport_introspection_c.h
[4.014s] -- Symlinking: /home/hamilton/souzou/install/cat_messages/include/cat_messages/cat_messages/msg/rosidl_typesupport_introspection_c__visibility_control.h
[4.021s] -- Symlinking: /home/hamilton/souzou/install/cat_messages/include/cat_messages/cat_messages/msg/detail/joy_cat__builder.hpp
[4.027s] -- Symlinking: /home/hamilton/souzou/install/cat_messages/include/cat_messages/cat_messages/msg/detail/joy_cat__struct.hpp
[4.034s] -- Symlinking: /home/hamilton/souzou/install/cat_messages/include/cat_messages/cat_messages/msg/detail/joy_cat__traits.hpp
[4.040s] -- Symlinking: /home/hamilton/souzou/install/cat_messages/include/cat_messages/cat_messages/msg/detail/joy_cat__type_support.hpp
[4.046s] -- Symlinking: /home/hamilton/souzou/install/cat_messages/include/cat_messages/cat_messages/msg/detail/senser__builder.hpp
[4.053s] -- Symlinking: /home/hamilton/souzou/install/cat_messages/include/cat_messages/cat_messages/msg/detail/senser__struct.hpp
[4.059s] -- Symlinking: /home/hamilton/souzou/install/cat_messages/include/cat_messages/cat_messages/msg/detail/senser__traits.hpp
[4.066s] -- Symlinking: /home/hamilton/souzou/install/cat_messages/include/cat_messages/cat_messages/msg/detail/senser__type_support.hpp
[4.072s] -- Symlinking: /home/hamilton/souzou/install/cat_messages/include/cat_messages/cat_messages/msg/detail/vel__builder.hpp
[4.079s] -- Symlinking: /home/hamilton/souzou/install/cat_messages/include/cat_messages/cat_messages/msg/detail/vel__struct.hpp
[4.085s] -- Symlinking: /home/hamilton/souzou/install/cat_messages/include/cat_messages/cat_messages/msg/detail/vel__traits.hpp
[4.092s] -- Symlinking: /home/hamilton/souzou/install/cat_messages/include/cat_messages/cat_messages/msg/detail/vel__type_support.hpp
[4.098s] -- Symlinking: /home/hamilton/souzou/install/cat_messages/include/cat_messages/cat_messages/msg/joy_cat.hpp
[4.104s] -- Symlinking: /home/hamilton/souzou/install/cat_messages/include/cat_messages/cat_messages/msg/rosidl_generator_cpp__visibility_control.hpp
[4.111s] -- Symlinking: /home/hamilton/souzou/install/cat_messages/include/cat_messages/cat_messages/msg/senser.hpp
[4.118s] -- Symlinking: /home/hamilton/souzou/install/cat_messages/include/cat_messages/cat_messages/msg/vel.hpp
[4.124s] -- Symlinking: /home/hamilton/souzou/install/cat_messages/include/cat_messages/cat_messages/msg/detail/joy_cat__rosidl_typesupport_fastrtps_cpp.hpp
[4.132s] -- Symlinking: /home/hamilton/souzou/install/cat_messages/include/cat_messages/cat_messages/msg/detail/senser__rosidl_typesupport_fastrtps_cpp.hpp
[4.139s] -- Symlinking: /home/hamilton/souzou/install/cat_messages/include/cat_messages/cat_messages/msg/detail/vel__rosidl_typesupport_fastrtps_cpp.hpp
[4.145s] -- Symlinking: /home/hamilton/souzou/install/cat_messages/include/cat_messages/cat_messages/msg/rosidl_typesupport_fastrtps_cpp__visibility_control.h
[4.152s] -- Symlinking: /home/hamilton/souzou/install/cat_messages/include/cat_messages/cat_messages/msg/detail/joy_cat__rosidl_typesupport_introspection_cpp.hpp
[4.159s] -- Symlinking: /home/hamilton/souzou/install/cat_messages/include/cat_messages/cat_messages/msg/detail/senser__rosidl_typesupport_introspection_cpp.hpp
[4.166s] -- Symlinking: /home/hamilton/souzou/install/cat_messages/include/cat_messages/cat_messages/msg/detail/vel__rosidl_typesupport_introspection_cpp.hpp
[4.173s] -- Symlinking: /home/hamilton/souzou/install/cat_messages/share/cat_messages/environment/pythonpath.sh
[4.180s] -- Symlinking: /home/hamilton/souzou/install/cat_messages/share/cat_messages/environment/pythonpath.dsv
[4.186s] -- Symlinking: /home/hamilton/souzou/install/cat_messages/local/lib/python3.10/dist-packages/cat_messages-0.0.0-py3.10.egg-info/PKG-INFO
[4.193s] -- Symlinking: /home/hamilton/souzou/install/cat_messages/local/lib/python3.10/dist-packages/cat_messages-0.0.0-py3.10.egg-info/SOURCES.txt
[4.200s] -- Symlinking: /home/hamilton/souzou/install/cat_messages/local/lib/python3.10/dist-packages/cat_messages-0.0.0-py3.10.egg-info/dependency_links.txt
[4.207s] -- Symlinking: /home/hamilton/souzou/install/cat_messages/local/lib/python3.10/dist-packages/cat_messages-0.0.0-py3.10.egg-info/top_level.txt
[4.214s] -- Symlinking: /home/hamilton/souzou/install/cat_messages/local/lib/python3.10/dist-packages/cat_messages/__init__.py
[4.221s] -- Symlinking: /home/hamilton/souzou/install/cat_messages/local/lib/python3.10/dist-packages/cat_messages/_cat_messages_s.ep.rosidl_typesupport_c.c
[4.228s] -- Symlinking: /home/hamilton/souzou/install/cat_messages/local/lib/python3.10/dist-packages/cat_messages/_cat_messages_s.ep.rosidl_typesupport_fastrtps_c.c
[4.235s] -- Symlinking: /home/hamilton/souzou/install/cat_messages/local/lib/python3.10/dist-packages/cat_messages/_cat_messages_s.ep.rosidl_typesupport_introspection_c.c
[4.241s] -- Symlinking: /home/hamilton/souzou/install/cat_messages/local/lib/python3.10/dist-packages/cat_messages/cat_messages_s__rosidl_typesupport_c.cpython-310-x86_64-linux-gnu.so
[4.248s] -- Symlinking: /home/hamilton/souzou/install/cat_messages/local/lib/python3.10/dist-packages/cat_messages/cat_messages_s__rosidl_typesupport_fastrtps_c.cpython-310-x86_64-linux-gnu.so
[4.254s] -- Symlinking: /home/hamilton/souzou/install/cat_messages/local/lib/python3.10/dist-packages/cat_messages/cat_messages_s__rosidl_typesupport_introspection_c.cpython-310-x86_64-linux-gnu.so
[4.260s] -- Symlinking: /home/hamilton/souzou/install/cat_messages/local/lib/python3.10/dist-packages/cat_messages/libcat_messages__rosidl_generator_py.so
[4.267s] -- Symlinking: /home/hamilton/souzou/install/cat_messages/local/lib/python3.10/dist-packages/cat_messages/msg/__init__.py
[4.273s] -- Symlinking: /home/hamilton/souzou/install/cat_messages/local/lib/python3.10/dist-packages/cat_messages/msg/_joy_cat.py
[4.279s] -- Symlinking: /home/hamilton/souzou/install/cat_messages/local/lib/python3.10/dist-packages/cat_messages/msg/_joy_cat_s.c
[4.286s] -- Symlinking: /home/hamilton/souzou/install/cat_messages/local/lib/python3.10/dist-packages/cat_messages/msg/_senser.py
[4.292s] -- Symlinking: /home/hamilton/souzou/install/cat_messages/local/lib/python3.10/dist-packages/cat_messages/msg/_senser_s.c
[4.298s] -- Symlinking: /home/hamilton/souzou/install/cat_messages/local/lib/python3.10/dist-packages/cat_messages/msg/_vel.py
[4.304s] -- Symlinking: /home/hamilton/souzou/install/cat_messages/local/lib/python3.10/dist-packages/cat_messages/msg/_vel_s.c
[4.310s] -- Up-to-date symlink: /home/hamilton/souzou/install/cat_messages/local/lib/python3.10/dist-packages/cat_messages/cat_messages_s__rosidl_typesupport_fastrtps_c.cpython-310-x86_64-linux-gnu.so
[4.311s] -- Up-to-date symlink: /home/hamilton/souzou/install/cat_messages/local/lib/python3.10/dist-packages/cat_messages/cat_messages_s__rosidl_typesupport_introspection_c.cpython-310-x86_64-linux-gnu.so
[4.311s] -- Up-to-date symlink: /home/hamilton/souzou/install/cat_messages/local/lib/python3.10/dist-packages/cat_messages/cat_messages_s__rosidl_typesupport_c.cpython-310-x86_64-linux-gnu.so
[4.311s] -- Symlinking: /home/hamilton/souzou/install/cat_messages/share/cat_messages/msg/JoyCat.idl
[4.317s] -- Symlinking: /home/hamilton/souzou/install/cat_messages/share/cat_messages/msg/Senser.idl
[4.324s] -- Symlinking: /home/hamilton/souzou/install/cat_messages/share/cat_messages/msg/Vel.idl
[4.330s] -- Symlinking: /home/hamilton/souzou/install/cat_messages/share/cat_messages/msg/JoyCat.msg
[4.336s] -- Symlinking: /home/hamilton/souzou/install/cat_messages/share/cat_messages/msg/Senser.msg
[4.343s] -- Symlinking: /home/hamilton/souzou/install/cat_messages/share/cat_messages/msg/Vel.msg
[4.350s] -- Symlinking: /home/hamilton/souzou/install/cat_messages/share/ament_index/resource_index/package_run_dependencies/cat_messages
[4.356s] -- Symlinking: /home/hamilton/souzou/install/cat_messages/share/ament_index/resource_index/parent_prefix_path/cat_messages
[4.363s] -- Symlinking: /home/hamilton/souzou/install/cat_messages/share/cat_messages/environment/ament_prefix_path.sh
[4.369s] -- Symlinking: /home/hamilton/souzou/install/cat_messages/share/cat_messages/environment/ament_prefix_path.dsv
[4.375s] -- Symlinking: /home/hamilton/souzou/install/cat_messages/share/cat_messages/environment/path.sh
[4.382s] -- Symlinking: /home/hamilton/souzou/install/cat_messages/share/cat_messages/environment/path.dsv
[4.388s] -- Symlinking: /home/hamilton/souzou/install/cat_messages/share/cat_messages/local_setup.bash
[4.395s] -- Symlinking: /home/hamilton/souzou/install/cat_messages/share/cat_messages/local_setup.sh
[4.401s] -- Symlinking: /home/hamilton/souzou/install/cat_messages/share/cat_messages/local_setup.zsh
[4.408s] -- Symlinking: /home/hamilton/souzou/install/cat_messages/share/cat_messages/local_setup.dsv
[4.414s] -- Symlinking: /home/hamilton/souzou/install/cat_messages/share/cat_messages/package.dsv
[4.420s] -- Symlinking: /home/hamilton/souzou/install/cat_messages/share/ament_index/resource_index/packages/cat_messages
[4.426s] -- Symlinking: /home/hamilton/souzou/install/cat_messages/share/cat_messages/cmake/rosidl_cmake-extras.cmake
[4.433s] -- Symlinking: /home/hamilton/souzou/install/cat_messages/share/cat_messages/cmake/ament_cmake_export_include_directories-extras.cmake
[4.439s] -- Symlinking: /home/hamilton/souzou/install/cat_messages/share/cat_messages/cmake/ament_cmake_export_libraries-extras.cmake
[4.445s] -- Symlinking: /home/hamilton/souzou/install/cat_messages/share/cat_messages/cmake/ament_cmake_export_targets-extras.cmake
[4.452s] -- Symlinking: /home/hamilton/souzou/install/cat_messages/share/cat_messages/cmake/rosidl_cmake_export_typesupport_targets-extras.cmake
[4.458s] -- Symlinking: /home/hamilton/souzou/install/cat_messages/share/cat_messages/cmake/ament_cmake_export_dependencies-extras.cmake
[4.465s] -- Symlinking: /home/hamilton/souzou/install/cat_messages/share/cat_messages/cmake/rosidl_cmake_export_typesupport_libraries-extras.cmake
[4.471s] -- Symlinking: /home/hamilton/souzou/install/cat_messages/share/cat_messages/cmake/cat_messagesConfig.cmake
[4.477s] -- Symlinking: /home/hamilton/souzou/install/cat_messages/share/cat_messages/cmake/cat_messagesConfig-version.cmake
[4.484s] -- Symlinking: /home/hamilton/souzou/install/cat_messages/share/cat_messages/package.xml
[4.490s] -- Installing: /home/hamilton/souzou/install/cat_messages/lib/libcat_messages__rosidl_generator_c.so
[4.490s] -- Set runtime path of "/home/hamilton/souzou/install/cat_messages/lib/libcat_messages__rosidl_generator_c.so" to ""
[4.490s] -- Installing: /home/hamilton/souzou/install/cat_messages/lib/libcat_messages__rosidl_typesupport_fastrtps_c.so
[4.490s] -- Set runtime path of "/home/hamilton/souzou/install/cat_messages/lib/libcat_messages__rosidl_typesupport_fastrtps_c.so" to ""
[4.490s] -- Installing: /home/hamilton/souzou/install/cat_messages/lib/libcat_messages__rosidl_typesupport_introspection_c.so
[4.490s] -- Set runtime path of "/home/hamilton/souzou/install/cat_messages/lib/libcat_messages__rosidl_typesupport_introspection_c.so" to ""
[4.490s] -- Installing: /home/hamilton/souzou/install/cat_messages/lib/libcat_messages__rosidl_typesupport_c.so
[4.490s] -- Set runtime path of "/home/hamilton/souzou/install/cat_messages/lib/libcat_messages__rosidl_typesupport_c.so" to ""
[4.490s] -- Installing: /home/hamilton/souzou/install/cat_messages/lib/libcat_messages__rosidl_typesupport_fastrtps_cpp.so
[4.491s] -- Set runtime path of "/home/hamilton/souzou/install/cat_messages/lib/libcat_messages__rosidl_typesupport_fastrtps_cpp.so" to ""
[4.491s] -- Installing: /home/hamilton/souzou/install/cat_messages/lib/libcat_messages__rosidl_typesupport_introspection_cpp.so
[4.491s] -- Set runtime path of "/home/hamilton/souzou/install/cat_messages/lib/libcat_messages__rosidl_typesupport_introspection_cpp.so" to ""
[4.491s] -- Installing: /home/hamilton/souzou/install/cat_messages/lib/libcat_messages__rosidl_typesupport_cpp.so
[4.491s] -- Set runtime path of "/home/hamilton/souzou/install/cat_messages/lib/libcat_messages__rosidl_typesupport_cpp.so" to ""
[4.515s] Listing '/home/hamilton/souzou/install/cat_messages/local/lib/python3.10/dist-packages/cat_messages'...
[4.515s] Compiling '/home/hamilton/souzou/install/cat_messages/local/lib/python3.10/dist-packages/cat_messages/__init__.py'...
[4.515s] Listing '/home/hamilton/souzou/install/cat_messages/local/lib/python3.10/dist-packages/cat_messages/msg'...
[4.515s] Compiling '/home/hamilton/souzou/install/cat_messages/local/lib/python3.10/dist-packages/cat_messages/msg/__init__.py'...
[4.515s] Compiling '/home/hamilton/souzou/install/cat_messages/local/lib/python3.10/dist-packages/cat_messages/msg/_joy_cat.py'...
[4.515s] Compiling '/home/hamilton/souzou/install/cat_messages/local/lib/python3.10/dist-packages/cat_messages/msg/_senser.py'...
[4.516s] Compiling '/home/hamilton/souzou/install/cat_messages/local/lib/python3.10/dist-packages/cat_messages/msg/_vel.py'...
[4.519s] -- Installing: /home/hamilton/souzou/install/cat_messages/lib/libcat_messages__rosidl_generator_py.so
[4.519s] -- Set runtime path of "/home/hamilton/souzou/install/cat_messages/lib/libcat_messages__rosidl_generator_py.so" to ""
[4.519s] -- Installing: /home/hamilton/souzou/install/cat_messages/share/cat_messages/cmake/export_cat_messages__rosidl_generator_cExport.cmake
[4.519s] -- Installing: /home/hamilton/souzou/install/cat_messages/share/cat_messages/cmake/export_cat_messages__rosidl_generator_cExport-noconfig.cmake
[4.519s] -- Installing: /home/hamilton/souzou/install/cat_messages/share/cat_messages/cmake/export_cat_messages__rosidl_typesupport_fastrtps_cExport.cmake
[4.519s] -- Installing: /home/hamilton/souzou/install/cat_messages/share/cat_messages/cmake/export_cat_messages__rosidl_typesupport_fastrtps_cExport-noconfig.cmake
[4.519s] -- Installing: /home/hamilton/souzou/install/cat_messages/share/cat_messages/cmake/cat_messages__rosidl_typesupport_introspection_cExport.cmake
[4.519s] -- Installing: /home/hamilton/souzou/install/cat_messages/share/cat_messages/cmake/cat_messages__rosidl_typesupport_introspection_cExport-noconfig.cmake
[4.519s] -- Installing: /home/hamilton/souzou/install/cat_messages/share/cat_messages/cmake/cat_messages__rosidl_typesupport_cExport.cmake
[4.519s] -- Installing: /home/hamilton/souzou/install/cat_messages/share/cat_messages/cmake/cat_messages__rosidl_typesupport_cExport-noconfig.cmake
[4.519s] -- Installing: /home/hamilton/souzou/install/cat_messages/share/cat_messages/cmake/export_cat_messages__rosidl_generator_cppExport.cmake
[4.519s] -- Installing: /home/hamilton/souzou/install/cat_messages/share/cat_messages/cmake/export_cat_messages__rosidl_typesupport_fastrtps_cppExport.cmake
[4.520s] -- Installing: /home/hamilton/souzou/install/cat_messages/share/cat_messages/cmake/export_cat_messages__rosidl_typesupport_fastrtps_cppExport-noconfig.cmake
[4.520s] -- Installing: /home/hamilton/souzou/install/cat_messages/share/cat_messages/cmake/cat_messages__rosidl_typesupport_introspection_cppExport.cmake
[4.520s] -- Installing: /home/hamilton/souzou/install/cat_messages/share/cat_messages/cmake/cat_messages__rosidl_typesupport_introspection_cppExport-noconfig.cmake
[4.520s] -- Installing: /home/hamilton/souzou/install/cat_messages/share/cat_messages/cmake/cat_messages__rosidl_typesupport_cppExport.cmake
[4.520s] -- Installing: /home/hamilton/souzou/install/cat_messages/share/cat_messages/cmake/cat_messages__rosidl_typesupport_cppExport-noconfig.cmake
[4.520s] -- Installing: /home/hamilton/souzou/install/cat_messages/share/cat_messages/cmake/export_cat_messages__rosidl_generator_pyExport.cmake
[4.520s] -- Installing: /home/hamilton/souzou/install/cat_messages/share/cat_messages/cmake/export_cat_messages__rosidl_generator_pyExport-noconfig.cmake
[4.522s] Invoked command in '/home/hamilton/souzou/build/cat_messages' returned '0': CMAKE_PREFIX_PATH=/opt/ros/humble /usr/bin/cmake --install /home/hamilton/souzou/build/cat_messages
