[1.691s] Invoking command in '/home/takumi/souzoukougaku14/src/cat': PYTHONPATH=/home/takumi/souzoukougaku14/src/build/cat/prefix_override:/usr/lib/python3/dist-packages/colcon_core/task/python/colcon_distutils_commands:/home/takumi/souzoukougaku14/src/install/cat/lib/python3.10/site-packages:${PYTHONPATH} /usr/bin/python3 -W ignore:setup.py install is deprecated setup.py egg_info --egg-base ../build/cat build --build-base /home/takumi/souzoukougaku14/src/build/cat/build install --record /home/takumi/souzoukougaku14/src/build/cat/install.log --single-version-externally-managed install_data
[2.246s] running egg_info
[2.247s] writing ../build/cat/cat.egg-info/PKG-INFO
[2.248s] writing dependency_links to ../build/cat/cat.egg-info/dependency_links.txt
[2.248s] writing entry points to ../build/cat/cat.egg-info/entry_points.txt
[2.256s] writing requirements to ../build/cat/cat.egg-info/requires.txt
[2.256s] writing top-level names to ../build/cat/cat.egg-info/top_level.txt
[2.261s] reading manifest file '../build/cat/cat.egg-info/SOURCES.txt'
[2.263s] writing manifest file '../build/cat/cat.egg-info/SOURCES.txt'
[2.274s] running build
[2.275s] running build_py
[2.275s] copying cat/state_machine.py -> /home/takumi/souzoukougaku14/src/build/cat/build/lib/cat
[2.279s] running install
[2.279s] running install_lib
[2.280s] copying /home/takumi/souzoukougaku14/src/build/cat/build/lib/cat/state_machine.py -> /home/takumi/souzoukougaku14/src/install/cat/lib/python3.10/site-packages/cat
[2.285s] byte-compiling /home/takumi/souzoukougaku14/src/install/cat/lib/python3.10/site-packages/cat/state_machine.py to state_machine.cpython-310.pyc
[2.291s] running install_data
[2.291s] running install_egg_info
[2.295s] removing '/home/takumi/souzoukougaku14/src/install/cat/lib/python3.10/site-packages/cat-0.0.0-py3.10.egg-info' (and everything under it)
[2.296s] Copying ../build/cat/cat.egg-info to /home/takumi/souzoukougaku14/src/install/cat/lib/python3.10/site-packages/cat-0.0.0-py3.10.egg-info
[2.298s] running install_scripts
[2.336s] Installing odom_test_node script to /home/takumi/souzoukougaku14/src/install/cat/lib/cat
[2.337s] Installing pc_controller script to /home/takumi/souzoukougaku14/src/install/cat/lib/cat
[2.337s] Installing ps4_controller_node script to /home/takumi/souzoukougaku14/src/install/cat/lib/cat
[2.337s] Installing ps4_joy_node script to /home/takumi/souzoukougaku14/src/install/cat/lib/cat
[2.337s] Installing state_machine script to /home/takumi/souzoukougaku14/src/install/cat/lib/cat
[2.338s] Installing tcp_receive_node script to /home/takumi/souzoukougaku14/src/install/cat/lib/cat
[2.338s] Installing tcp_send_node script to /home/takumi/souzoukougaku14/src/install/cat/lib/cat
[2.338s] Installing udp_receive_node script to /home/takumi/souzoukougaku14/src/install/cat/lib/cat
[2.339s] Installing udp_send_node script to /home/takumi/souzoukougaku14/src/install/cat/lib/cat
[2.340s] writing list of installed files to '/home/takumi/souzoukougaku14/src/build/cat/install.log'
[2.396s] Invoked command in '/home/takumi/souzoukougaku14/src/cat' returned '0': PYTHONPATH=/home/takumi/souzoukougaku14/src/build/cat/prefix_override:/usr/lib/python3/dist-packages/colcon_core/task/python/colcon_distutils_commands:/home/takumi/souzoukougaku14/src/install/cat/lib/python3.10/site-packages:${PYTHONPATH} /usr/bin/python3 -W ignore:setup.py install is deprecated setup.py egg_info --egg-base ../build/cat build --build-base /home/takumi/souzoukougaku14/src/build/cat/build install --record /home/takumi/souzoukougaku14/src/build/cat/install.log --single-version-externally-managed install_data
