[0.538s] Invoking command in '/home/hamilton/souzou/build/ros2_aruco': PYTHONPATH=/home/hamilton/souzou/build/ros2_aruco/prefix_override:/usr/lib/python3/dist-packages/colcon_core/task/python/colcon_distutils_commands:/home/hamilton/souzou/install/ros2_aruco/lib/python3.10/site-packages:${PYTHONPATH} /usr/bin/python3 -W ignore:setup.py install is deprecated -W ignore:easy_install command is deprecated setup.py develop --editable --build-directory /home/hamilton/souzou/build/ros2_aruco/build --no-deps symlink_data
[0.776s] running develop
[0.953s] running egg_info
[0.954s] creating ros2_aruco.egg-info
[0.954s] writing ros2_aruco.egg-info/PKG-INFO
[0.954s] writing dependency_links to ros2_aruco.egg-info/dependency_links.txt
[0.954s] writing entry points to ros2_aruco.egg-info/entry_points.txt
[0.954s] writing requirements to ros2_aruco.egg-info/requires.txt
[0.954s] writing top-level names to ros2_aruco.egg-info/top_level.txt
[0.954s] writing manifest file 'ros2_aruco.egg-info/SOURCES.txt'
[0.955s] reading manifest file 'ros2_aruco.egg-info/SOURCES.txt'
[0.956s] writing manifest file 'ros2_aruco.egg-info/SOURCES.txt'
[0.957s] running build_ext
[0.957s] Creating /home/hamilton/souzou/install/ros2_aruco/lib/python3.10/site-packages/ros2-aruco.egg-link (link to .)
[0.958s] Installing aruco_generate_marker script to /home/hamilton/souzou/install/ros2_aruco/lib/ros2_aruco
[0.958s] Installing aruco_node script to /home/hamilton/souzou/install/ros2_aruco/lib/ros2_aruco
[0.958s] 
[0.958s] Installed /home/hamilton/souzou/build/ros2_aruco
[0.958s] running symlink_data
[0.958s] creating /home/hamilton/souzou/install/ros2_aruco/share/ament_index
[0.958s] creating /home/hamilton/souzou/install/ros2_aruco/share/ament_index/resource_index
[0.958s] creating /home/hamilton/souzou/install/ros2_aruco/share/ament_index/resource_index/packages
[0.958s] symbolically linking /home/hamilton/souzou/build/ros2_aruco/resource/ros2_aruco -> /home/hamilton/souzou/install/ros2_aruco/share/ament_index/resource_index/packages
[0.958s] symbolically linking /home/hamilton/souzou/build/ros2_aruco/package.xml -> /home/hamilton/souzou/install/ros2_aruco/share/ros2_aruco
[0.958s] creating /home/hamilton/souzou/install/ros2_aruco/share/ros2_aruco/launch
[0.959s] symbolically linking /home/hamilton/souzou/build/ros2_aruco/launch/aruco_recognition.launch.py -> /home/hamilton/souzou/install/ros2_aruco/share/ros2_aruco/launch
[0.959s] creating /home/hamilton/souzou/install/ros2_aruco/share/ros2_aruco/config
[0.959s] symbolically linking /home/hamilton/souzou/build/ros2_aruco/config/aruco_parameters.yaml -> /home/hamilton/souzou/install/ros2_aruco/share/ros2_aruco/config
[0.985s] Invoked command in '/home/hamilton/souzou/build/ros2_aruco' returned '0': PYTHONPATH=/home/hamilton/souzou/build/ros2_aruco/prefix_override:/usr/lib/python3/dist-packages/colcon_core/task/python/colcon_distutils_commands:/home/hamilton/souzou/install/ros2_aruco/lib/python3.10/site-packages:${PYTHONPATH} /usr/bin/python3 -W ignore:setup.py install is deprecated -W ignore:easy_install command is deprecated setup.py develop --editable --build-directory /home/hamilton/souzou/build/ros2_aruco/build --no-deps symlink_data
