[1.501s] Invoking command in '/home/takumi/souzoukougaku14/src/cat': PYTHONPATH=/home/takumi/souzoukougaku14/src/build/cat/prefix_override:/usr/lib/python3/dist-packages/colcon_core/task/python/colcon_distutils_commands:/home/takumi/souzoukougaku14/src/install/cat/lib/python3.10/site-packages:${PYTHONPATH} /usr/bin/python3 -W ignore:setup.py install is deprecated setup.py egg_info --egg-base ../build/cat build --build-base /home/takumi/souzoukougaku14/src/build/cat/build install --record /home/takumi/souzoukougaku14/src/build/cat/install.log --single-version-externally-managed install_data
[2.136s] running egg_info
[2.138s] writing ../build/cat/cat.egg-info/PKG-INFO
[2.138s] writing dependency_links to ../build/cat/cat.egg-info/dependency_links.txt
[2.142s] writing entry points to ../build/cat/cat.egg-info/entry_points.txt
[2.142s] writing requirements to ../build/cat/cat.egg-info/requires.txt
[2.142s] writing top-level names to ../build/cat/cat.egg-info/top_level.txt
[2.147s] reading manifest file '../build/cat/cat.egg-info/SOURCES.txt'
[2.148s] writing manifest file '../build/cat/cat.egg-info/SOURCES.txt'
[2.149s] running build
[2.150s] running build_py
[2.152s] copying cat/ps4_controller_node.py -> /home/takumi/souzoukougaku14/src/build/cat/build/lib/cat
[2.153s] running install
[2.153s] running install_lib
[2.155s] copying /home/takumi/souzoukougaku14/src/build/cat/build/lib/cat/ps4_controller_node.py -> /home/takumi/souzoukougaku14/src/install/cat/lib/python3.10/site-packages/cat
[2.158s] byte-compiling /home/takumi/souzoukougaku14/src/install/cat/lib/python3.10/site-packages/cat/ps4_controller_node.py to ps4_controller_node.cpython-310.pyc
[2.161s] running install_data
[2.161s] running install_egg_info
[2.164s] removing '/home/takumi/souzoukougaku14/src/install/cat/lib/python3.10/site-packages/cat-0.0.0-py3.10.egg-info' (and everything under it)
[2.165s] Copying ../build/cat/cat.egg-info to /home/takumi/souzoukougaku14/src/install/cat/lib/python3.10/site-packages/cat-0.0.0-py3.10.egg-info
[2.169s] running install_scripts
[2.215s] Installing odom_test_node script to /home/takumi/souzoukougaku14/src/install/cat/lib/cat
[2.216s] Installing pc_controller script to /home/takumi/souzoukougaku14/src/install/cat/lib/cat
[2.216s] Installing ps4_controller_node script to /home/takumi/souzoukougaku14/src/install/cat/lib/cat
[2.217s] Installing ps4_joy_node script to /home/takumi/souzoukougaku14/src/install/cat/lib/cat
[2.217s] Installing state_machine script to /home/takumi/souzoukougaku14/src/install/cat/lib/cat
[2.217s] Installing tcp_receive_node script to /home/takumi/souzoukougaku14/src/install/cat/lib/cat
[2.218s] Installing tcp_send_node script to /home/takumi/souzoukougaku14/src/install/cat/lib/cat
[2.218s] Installing udp_receive_node script to /home/takumi/souzoukougaku14/src/install/cat/lib/cat
[2.218s] Installing udp_send_node script to /home/takumi/souzoukougaku14/src/install/cat/lib/cat
[2.219s] writing list of installed files to '/home/takumi/souzoukougaku14/src/build/cat/install.log'
[2.280s] Invoked command in '/home/takumi/souzoukougaku14/src/cat' returned '0': PYTHONPATH=/home/takumi/souzoukougaku14/src/build/cat/prefix_override:/usr/lib/python3/dist-packages/colcon_core/task/python/colcon_distutils_commands:/home/takumi/souzoukougaku14/src/install/cat/lib/python3.10/site-packages:${PYTHONPATH} /usr/bin/python3 -W ignore:setup.py install is deprecated setup.py egg_info --egg-base ../build/cat build --build-base /home/takumi/souzoukougaku14/src/build/cat/build install --record /home/takumi/souzoukougaku14/src/build/cat/install.log --single-version-externally-managed install_data
