[0.246s] Invoking command in '/home/hamilton/souzou/build/ros2_aruco_interfaces': CMAKE_PREFIX_PATH=/opt/ros/humble /usr/bin/cmake --build /home/hamilton/souzou/build/ros2_aruco_interfaces -- -j8 -l8
[0.281s] [35m[1mConsolidate compiler generated dependencies of target ros2_aruco_interfaces__rosidl_generator_c[0m
[0.293s] [  9%] Built target ros2_aruco_interfaces__rosidl_generator_c
[0.293s] [ 12%] Built target ros2_aruco_interfaces__cpp
[0.305s] [ 12%] Built target ament_cmake_python_symlink_ros2_aruco_interfaces
[0.307s] [35m[1mConsolidate compiler generated dependencies of target ros2_aruco_interfaces__rosidl_typesupport_cpp[0m
[0.307s] [35m[1mConsolidate compiler generated dependencies of target ros2_aruco_interfaces__rosidl_typesupport_fastrtps_c[0m
[0.309s] [35m[1mConsolidate compiler generated dependencies of target ros2_aruco_interfaces__rosidl_typesupport_introspection_c[0m
[0.310s] [35m[1mConsolidate compiler generated dependencies of target ros2_aruco_interfaces__rosidl_typesupport_fastrtps_cpp[0m
[0.314s] [35m[1mConsolidate compiler generated dependencies of target ros2_aruco_interfaces__rosidl_typesupport_introspection_cpp[0m
[0.315s] [35m[1mConsolidate compiler generated dependencies of target ros2_aruco_interfaces__rosidl_typesupport_c[0m
[0.327s] [ 22%] Built target ros2_aruco_interfaces__rosidl_typesupport_fastrtps_c
[0.327s] [ 32%] Built target ros2_aruco_interfaces__rosidl_typesupport_fastrtps_cpp
[0.329s] [ 41%] Built target ros2_aruco_interfaces__rosidl_typesupport_introspection_c
[0.334s] [ 51%] Built target ros2_aruco_interfaces__rosidl_typesupport_c
[0.335s] [ 61%] Built target ros2_aruco_interfaces__rosidl_typesupport_cpp
[0.338s] [ 70%] Built target ros2_aruco_interfaces__rosidl_typesupport_introspection_cpp
[0.360s] [ 70%] Built target ros2_aruco_interfaces
[0.384s] [ 74%] Built target ros2_aruco_interfaces__py
[0.396s] [35m[1mConsolidate compiler generated dependencies of target ros2_aruco_interfaces__rosidl_generator_py[0m
[0.407s] [ 80%] Built target ros2_aruco_interfaces__rosidl_generator_py
[0.420s] [35m[1mConsolidate compiler generated dependencies of target ros2_aruco_interfaces__rosidl_typesupport_c__pyext[0m
[0.420s] [35m[1mConsolidate compiler generated dependencies of target ros2_aruco_interfaces__rosidl_typesupport_fastrtps_c__pyext[0m
[0.420s] [35m[1mConsolidate compiler generated dependencies of target ros2_aruco_interfaces__rosidl_typesupport_introspection_c__pyext[0m
[0.432s] [ 87%] Built target ros2_aruco_interfaces__rosidl_typesupport_c__pyext
[0.436s] [ 93%] Built target ros2_aruco_interfaces__rosidl_typesupport_introspection_c__pyext
[0.438s] [100%] Built target ros2_aruco_interfaces__rosidl_typesupport_fastrtps_c__pyext
[0.590s] running egg_info
[0.590s] writing ros2_aruco_interfaces.egg-info/PKG-INFO
[0.590s] writing dependency_links to ros2_aruco_interfaces.egg-info/dependency_links.txt
[0.591s] writing top-level names to ros2_aruco_interfaces.egg-info/top_level.txt
[0.595s] reading manifest file 'ros2_aruco_interfaces.egg-info/SOURCES.txt'
[0.596s] writing manifest file 'ros2_aruco_interfaces.egg-info/SOURCES.txt'
[0.614s] [100%] Built target ament_cmake_python_build_ros2_aruco_interfaces_egg
