[0.032s] Invoking command in '/home/takumi/souzoukougaku14/src/build/cat_messages': CMAKE_PREFIX_PATH=${CMAKE_PREFIX_PATH}:/home/takumi/souzoukougaku14/src/install/cat:/opt/ros/humble /usr/bin/cmake --build /home/takumi/souzoukougaku14/src/build/cat_messages -- -j8 -l8
[0.158s] [  2%] Built target cat_messages__cpp
[0.159s] [ 12%] Built target cat_messages__rosidl_generator_c
[0.225s] [ 12%] Built target ament_cmake_python_copy_cat_messages
[0.244s] [ 23%] Built target cat_messages__rosidl_typesupport_c
[0.249s] [ 34%] Built target cat_messages__rosidl_typesupport_fastrtps_c
[0.257s] [ 44%] Built target cat_messages__rosidl_typesupport_introspection_cpp
[0.257s] [ 55%] Built target cat_messages__rosidl_typesupport_introspection_c
[0.261s] [ 65%] Built target cat_messages__rosidl_typesupport_fastrtps_cpp
[0.276s] [ 76%] Built target cat_messages__rosidl_typesupport_cpp
[0.320s] [ 76%] Built target cat_messages
[0.366s] [ 78%] Built target cat_messages__py
[0.471s] [ 87%] Built target cat_messages__rosidl_generator_py
[0.515s] [ 91%] Built target cat_messages__rosidl_typesupport_fastrtps_c__pyext
[0.518s] [ 95%] Built target cat_messages__rosidl_typesupport_introspection_c__pyext
[0.518s] [100%] Built target cat_messages__rosidl_typesupport_c__pyext
[0.886s] running egg_info
[0.888s] writing cat_messages.egg-info/PKG-INFO
[0.890s] writing dependency_links to cat_messages.egg-info/dependency_links.txt
[0.891s] writing top-level names to cat_messages.egg-info/top_level.txt
[0.896s] reading manifest file 'cat_messages.egg-info/SOURCES.txt'
[0.897s] writing manifest file 'cat_messages.egg-info/SOURCES.txt'
[0.951s] [100%] Built target ament_cmake_python_build_cat_messages_egg
[0.973s] Invoked command in '/home/takumi/souzoukougaku14/src/build/cat_messages' returned '0': CMAKE_PREFIX_PATH=${CMAKE_PREFIX_PATH}:/home/takumi/souzoukougaku14/src/install/cat:/opt/ros/humble /usr/bin/cmake --build /home/takumi/souzoukougaku14/src/build/cat_messages -- -j8 -l8
[1.219s] Invoking command in '/home/takumi/souzoukougaku14/src/build/cat_messages': CMAKE_PREFIX_PATH=${CMAKE_PREFIX_PATH}:/home/takumi/souzoukougaku14/src/install/cat:/opt/ros/humble /usr/bin/cmake --install /home/takumi/souzoukougaku14/src/build/cat_messages
[1.231s] -- Install configuration: ""
[1.232s] -- Up-to-date: /home/takumi/souzoukougaku14/src/install/cat_messages/share/ament_index/resource_index/rosidl_interfaces/cat_messages
[1.235s] -- Up-to-date: /home/takumi/souzoukougaku14/src/install/cat_messages/include/cat_messages/cat_messages
[1.235s] -- Up-to-date: /home/takumi/souzoukougaku14/src/install/cat_messages/include/cat_messages/cat_messages/msg
[1.235s] -- Up-to-date: /home/takumi/souzoukougaku14/src/install/cat_messages/include/cat_messages/cat_messages/msg/senser.h
[1.235s] -- Up-to-date: /home/takumi/souzoukougaku14/src/install/cat_messages/include/cat_messages/cat_messages/msg/detail
[1.235s] -- Up-to-date: /home/takumi/souzoukougaku14/src/install/cat_messages/include/cat_messages/cat_messages/msg/detail/senser__type_support.h
[1.235s] -- Up-to-date: /home/takumi/souzoukougaku14/src/install/cat_messages/include/cat_messages/cat_messages/msg/detail/senser__struct.h
[1.236s] -- Up-to-date: /home/takumi/souzoukougaku14/src/install/cat_messages/include/cat_messages/cat_messages/msg/detail/vel__type_support.h
[1.236s] -- Up-to-date: /home/takumi/souzoukougaku14/src/install/cat_messages/include/cat_messages/cat_messages/msg/detail/joy_cat__functions.c
[1.236s] -- Up-to-date: /home/takumi/souzoukougaku14/src/install/cat_messages/include/cat_messages/cat_messages/msg/detail/joy_cat__type_support.h
[1.236s] -- Up-to-date: /home/takumi/souzoukougaku14/src/install/cat_messages/include/cat_messages/cat_messages/msg/detail/joy_cat__struct.h
[1.236s] -- Up-to-date: /home/takumi/souzoukougaku14/src/install/cat_messages/include/cat_messages/cat_messages/msg/detail/vel__functions.c
[1.236s] -- Up-to-date: /home/takumi/souzoukougaku14/src/install/cat_messages/include/cat_messages/cat_messages/msg/detail/vel__functions.h
[1.236s] -- Up-to-date: /home/takumi/souzoukougaku14/src/install/cat_messages/include/cat_messages/cat_messages/msg/detail/senser__functions.h
[1.236s] -- Up-to-date: /home/takumi/souzoukougaku14/src/install/cat_messages/include/cat_messages/cat_messages/msg/detail/joy_cat__functions.h
[1.236s] -- Up-to-date: /home/takumi/souzoukougaku14/src/install/cat_messages/include/cat_messages/cat_messages/msg/detail/senser__functions.c
[1.236s] -- Up-to-date: /home/takumi/souzoukougaku14/src/install/cat_messages/include/cat_messages/cat_messages/msg/detail/vel__struct.h
[1.237s] -- Up-to-date: /home/takumi/souzoukougaku14/src/install/cat_messages/include/cat_messages/cat_messages/msg/vel.h
[1.237s] -- Up-to-date: /home/takumi/souzoukougaku14/src/install/cat_messages/include/cat_messages/cat_messages/msg/joy_cat.h
[1.237s] -- Up-to-date: /home/takumi/souzoukougaku14/src/install/cat_messages/include/cat_messages/cat_messages/msg/rosidl_generator_c__visibility_control.h
[1.238s] -- Up-to-date: /home/takumi/souzoukougaku14/src/install/cat_messages/share/cat_messages/environment/library_path.sh
[1.238s] -- Up-to-date: /home/takumi/souzoukougaku14/src/install/cat_messages/share/cat_messages/environment/library_path.dsv
[1.238s] -- Up-to-date: /home/takumi/souzoukougaku14/src/install/cat_messages/lib/libcat_messages__rosidl_generator_c.so
[1.239s] -- Up-to-date: /home/takumi/souzoukougaku14/src/install/cat_messages/include/cat_messages/cat_messages
[1.239s] -- Up-to-date: /home/takumi/souzoukougaku14/src/install/cat_messages/include/cat_messages/cat_messages/msg
[1.239s] -- Up-to-date: /home/takumi/souzoukougaku14/src/install/cat_messages/include/cat_messages/cat_messages/msg/rosidl_typesupport_fastrtps_c__visibility_control.h
[1.239s] -- Up-to-date: /home/takumi/souzoukougaku14/src/install/cat_messages/include/cat_messages/cat_messages/msg/detail
[1.239s] -- Up-to-date: /home/takumi/souzoukougaku14/src/install/cat_messages/include/cat_messages/cat_messages/msg/detail/vel__rosidl_typesupport_fastrtps_c.h
[1.239s] -- Up-to-date: /home/takumi/souzoukougaku14/src/install/cat_messages/include/cat_messages/cat_messages/msg/detail/joy_cat__rosidl_typesupport_fastrtps_c.h
[1.239s] -- Up-to-date: /home/takumi/souzoukougaku14/src/install/cat_messages/include/cat_messages/cat_messages/msg/detail/senser__rosidl_typesupport_fastrtps_c.h
[1.240s] -- Up-to-date: /home/takumi/souzoukougaku14/src/install/cat_messages/lib/libcat_messages__rosidl_typesupport_fastrtps_c.so
[1.240s] -- Up-to-date: /home/takumi/souzoukougaku14/src/install/cat_messages/include/cat_messages/cat_messages
[1.240s] -- Up-to-date: /home/takumi/souzoukougaku14/src/install/cat_messages/include/cat_messages/cat_messages/msg
[1.240s] -- Up-to-date: /home/takumi/souzoukougaku14/src/install/cat_messages/include/cat_messages/cat_messages/msg/detail
[1.240s] -- Up-to-date: /home/takumi/souzoukougaku14/src/install/cat_messages/include/cat_messages/cat_messages/msg/detail/senser__type_support.c
[1.240s] -- Up-to-date: /home/takumi/souzoukougaku14/src/install/cat_messages/include/cat_messages/cat_messages/msg/detail/vel__rosidl_typesupport_introspection_c.h
[1.240s] -- Up-to-date: /home/takumi/souzoukougaku14/src/install/cat_messages/include/cat_messages/cat_messages/msg/detail/joy_cat__rosidl_typesupport_introspection_c.h
[1.241s] -- Up-to-date: /home/takumi/souzoukougaku14/src/install/cat_messages/include/cat_messages/cat_messages/msg/detail/vel__type_support.c
[1.241s] -- Up-to-date: /home/takumi/souzoukougaku14/src/install/cat_messages/include/cat_messages/cat_messages/msg/detail/joy_cat__type_support.c
[1.241s] -- Up-to-date: /home/takumi/souzoukougaku14/src/install/cat_messages/include/cat_messages/cat_messages/msg/detail/senser__rosidl_typesupport_introspection_c.h
[1.241s] -- Up-to-date: /home/takumi/souzoukougaku14/src/install/cat_messages/include/cat_messages/cat_messages/msg/rosidl_typesupport_introspection_c__visibility_control.h
[1.241s] -- Up-to-date: /home/takumi/souzoukougaku14/src/install/cat_messages/lib/libcat_messages__rosidl_typesupport_introspection_c.so
[1.242s] -- Up-to-date: /home/takumi/souzoukougaku14/src/install/cat_messages/lib/libcat_messages__rosidl_typesupport_c.so
[1.242s] -- Up-to-date: /home/takumi/souzoukougaku14/src/install/cat_messages/include/cat_messages/cat_messages
[1.243s] -- Up-to-date: /home/takumi/souzoukougaku14/src/install/cat_messages/include/cat_messages/cat_messages/msg
[1.243s] -- Up-to-date: /home/takumi/souzoukougaku14/src/install/cat_messages/include/cat_messages/cat_messages/msg/vel.hpp
[1.243s] -- Up-to-date: /home/takumi/souzoukougaku14/src/install/cat_messages/include/cat_messages/cat_messages/msg/detail
[1.243s] -- Up-to-date: /home/takumi/souzoukougaku14/src/install/cat_messages/include/cat_messages/cat_messages/msg/detail/vel__struct.hpp
[1.243s] -- Up-to-date: /home/takumi/souzoukougaku14/src/install/cat_messages/include/cat_messages/cat_messages/msg/detail/joy_cat__struct.hpp
[1.243s] -- Up-to-date: /home/takumi/souzoukougaku14/src/install/cat_messages/include/cat_messages/cat_messages/msg/detail/joy_cat__builder.hpp
[1.243s] -- Up-to-date: /home/takumi/souzoukougaku14/src/install/cat_messages/include/cat_messages/cat_messages/msg/detail/vel__traits.hpp
[1.243s] -- Up-to-date: /home/takumi/souzoukougaku14/src/install/cat_messages/include/cat_messages/cat_messages/msg/detail/joy_cat__traits.hpp
[1.244s] -- Up-to-date: /home/takumi/souzoukougaku14/src/install/cat_messages/include/cat_messages/cat_messages/msg/detail/senser__builder.hpp
[1.244s] -- Up-to-date: /home/takumi/souzoukougaku14/src/install/cat_messages/include/cat_messages/cat_messages/msg/detail/senser__struct.hpp
[1.244s] -- Up-to-date: /home/takumi/souzoukougaku14/src/install/cat_messages/include/cat_messages/cat_messages/msg/detail/vel__builder.hpp
[1.245s] -- Up-to-date: /home/takumi/souzoukougaku14/src/install/cat_messages/include/cat_messages/cat_messages/msg/detail/senser__traits.hpp
[1.245s] -- Up-to-date: /home/takumi/souzoukougaku14/src/install/cat_messages/include/cat_messages/cat_messages/msg/senser.hpp
[1.246s] -- Up-to-date: /home/takumi/souzoukougaku14/src/install/cat_messages/include/cat_messages/cat_messages/msg/joy_cat.hpp
[1.246s] -- Up-to-date: /home/takumi/souzoukougaku14/src/install/cat_messages/include/cat_messages/cat_messages
[1.246s] -- Up-to-date: /home/takumi/souzoukougaku14/src/install/cat_messages/include/cat_messages/cat_messages/msg
[1.247s] -- Up-to-date: /home/takumi/souzoukougaku14/src/install/cat_messages/include/cat_messages/cat_messages/msg/detail
[1.247s] -- Up-to-date: /home/takumi/souzoukougaku14/src/install/cat_messages/include/cat_messages/cat_messages/msg/detail/senser__rosidl_typesupport_fastrtps_cpp.hpp
[1.247s] -- Up-to-date: /home/takumi/souzoukougaku14/src/install/cat_messages/include/cat_messages/cat_messages/msg/detail/dds_fastrtps
[1.247s] -- Up-to-date: /home/takumi/souzoukougaku14/src/install/cat_messages/include/cat_messages/cat_messages/msg/detail/vel__rosidl_typesupport_fastrtps_cpp.hpp
[1.247s] -- Up-to-date: /home/takumi/souzoukougaku14/src/install/cat_messages/include/cat_messages/cat_messages/msg/detail/joy_cat__rosidl_typesupport_fastrtps_cpp.hpp
[1.247s] -- Up-to-date: /home/takumi/souzoukougaku14/src/install/cat_messages/include/cat_messages/cat_messages/msg/rosidl_typesupport_fastrtps_cpp__visibility_control.h
[1.247s] -- Up-to-date: /home/takumi/souzoukougaku14/src/install/cat_messages/lib/libcat_messages__rosidl_typesupport_fastrtps_cpp.so
[1.247s] -- Up-to-date: /home/takumi/souzoukougaku14/src/install/cat_messages/include/cat_messages/cat_messages
[1.247s] -- Up-to-date: /home/takumi/souzoukougaku14/src/install/cat_messages/include/cat_messages/cat_messages/msg
[1.247s] -- Up-to-date: /home/takumi/souzoukougaku14/src/install/cat_messages/include/cat_messages/cat_messages/msg/detail
[1.248s] -- Up-to-date: /home/takumi/souzoukougaku14/src/install/cat_messages/include/cat_messages/cat_messages/msg/detail/senser__rosidl_typesupport_introspection_cpp.hpp
[1.248s] -- Up-to-date: /home/takumi/souzoukougaku14/src/install/cat_messages/include/cat_messages/cat_messages/msg/detail/joy_cat__type_support.cpp
[1.248s] -- Up-to-date: /home/takumi/souzoukougaku14/src/install/cat_messages/include/cat_messages/cat_messages/msg/detail/joy_cat__rosidl_typesupport_introspection_cpp.hpp
[1.248s] -- Up-to-date: /home/takumi/souzoukougaku14/src/install/cat_messages/include/cat_messages/cat_messages/msg/detail/vel__rosidl_typesupport_introspection_cpp.hpp
[1.248s] -- Up-to-date: /home/takumi/souzoukougaku14/src/install/cat_messages/include/cat_messages/cat_messages/msg/detail/senser__type_support.cpp
[1.248s] -- Up-to-date: /home/takumi/souzoukougaku14/src/install/cat_messages/include/cat_messages/cat_messages/msg/detail/vel__type_support.cpp
[1.249s] -- Up-to-date: /home/takumi/souzoukougaku14/src/install/cat_messages/lib/libcat_messages__rosidl_typesupport_introspection_cpp.so
[1.249s] -- Up-to-date: /home/takumi/souzoukougaku14/src/install/cat_messages/lib/libcat_messages__rosidl_typesupport_cpp.so
[1.249s] -- Up-to-date: /home/takumi/souzoukougaku14/src/install/cat_messages/share/cat_messages/environment/pythonpath.sh
[1.249s] -- Up-to-date: /home/takumi/souzoukougaku14/src/install/cat_messages/share/cat_messages/environment/pythonpath.dsv
[1.249s] -- Up-to-date: /home/takumi/souzoukougaku14/src/install/cat_messages/local/lib/python3.10/dist-packages/cat_messages-0.0.0-py3.10.egg-info
[1.249s] -- Installing: /home/takumi/souzoukougaku14/src/install/cat_messages/local/lib/python3.10/dist-packages/cat_messages-0.0.0-py3.10.egg-info/PKG-INFO
[1.250s] -- Installing: /home/takumi/souzoukougaku14/src/install/cat_messages/local/lib/python3.10/dist-packages/cat_messages-0.0.0-py3.10.egg-info/dependency_links.txt
[1.250s] -- Installing: /home/takumi/souzoukougaku14/src/install/cat_messages/local/lib/python3.10/dist-packages/cat_messages-0.0.0-py3.10.egg-info/top_level.txt
[1.250s] -- Installing: /home/takumi/souzoukougaku14/src/install/cat_messages/local/lib/python3.10/dist-packages/cat_messages-0.0.0-py3.10.egg-info/SOURCES.txt
[1.250s] -- Up-to-date: /home/takumi/souzoukougaku14/src/install/cat_messages/local/lib/python3.10/dist-packages/cat_messages
[1.250s] -- Up-to-date: /home/takumi/souzoukougaku14/src/install/cat_messages/local/lib/python3.10/dist-packages/cat_messages/cat_messages_s__rosidl_typesupport_introspection_c.cpython-310-x86_64-linux-gnu.so
[1.251s] -- Up-to-date: /home/takumi/souzoukougaku14/src/install/cat_messages/local/lib/python3.10/dist-packages/cat_messages/msg
[1.251s] -- Up-to-date: /home/takumi/souzoukougaku14/src/install/cat_messages/local/lib/python3.10/dist-packages/cat_messages/msg/_vel.py
[1.251s] -- Up-to-date: /home/takumi/souzoukougaku14/src/install/cat_messages/local/lib/python3.10/dist-packages/cat_messages/msg/_senser_s.c
[1.251s] -- Up-to-date: /home/takumi/souzoukougaku14/src/install/cat_messages/local/lib/python3.10/dist-packages/cat_messages/msg/_joy_cat_s.c
[1.252s] -- Up-to-date: /home/takumi/souzoukougaku14/src/install/cat_messages/local/lib/python3.10/dist-packages/cat_messages/msg/_vel_s.c
[1.252s] -- Up-to-date: /home/takumi/souzoukougaku14/src/install/cat_messages/local/lib/python3.10/dist-packages/cat_messages/msg/_joy_cat.py
[1.252s] -- Up-to-date: /home/takumi/souzoukougaku14/src/install/cat_messages/local/lib/python3.10/dist-packages/cat_messages/msg/__init__.py
[1.252s] -- Up-to-date: /home/takumi/souzoukougaku14/src/install/cat_messages/local/lib/python3.10/dist-packages/cat_messages/msg/_senser.py
[1.252s] -- Up-to-date: /home/takumi/souzoukougaku14/src/install/cat_messages/local/lib/python3.10/dist-packages/cat_messages/cat_messages_s__rosidl_typesupport_c.cpython-310-x86_64-linux-gnu.so
[1.252s] -- Up-to-date: /home/takumi/souzoukougaku14/src/install/cat_messages/local/lib/python3.10/dist-packages/cat_messages/cat_messages_s__rosidl_typesupport_fastrtps_c.cpython-310-x86_64-linux-gnu.so
[1.252s] -- Up-to-date: /home/takumi/souzoukougaku14/src/install/cat_messages/local/lib/python3.10/dist-packages/cat_messages/_cat_messages_s.ep.rosidl_typesupport_introspection_c.c
[1.253s] -- Up-to-date: /home/takumi/souzoukougaku14/src/install/cat_messages/local/lib/python3.10/dist-packages/cat_messages/_cat_messages_s.ep.rosidl_typesupport_c.c
[1.253s] -- Up-to-date: /home/takumi/souzoukougaku14/src/install/cat_messages/local/lib/python3.10/dist-packages/cat_messages/_cat_messages_s.ep.rosidl_typesupport_fastrtps_c.c
[1.253s] -- Up-to-date: /home/takumi/souzoukougaku14/src/install/cat_messages/local/lib/python3.10/dist-packages/cat_messages/libcat_messages__rosidl_generator_py.so
[1.253s] -- Up-to-date: /home/takumi/souzoukougaku14/src/install/cat_messages/local/lib/python3.10/dist-packages/cat_messages/__init__.py
[1.319s] Listing '/home/takumi/souzoukougaku14/src/install/cat_messages/local/lib/python3.10/dist-packages/cat_messages'...
[1.320s] Listing '/home/takumi/souzoukougaku14/src/install/cat_messages/local/lib/python3.10/dist-packages/cat_messages/msg'...
[1.327s] -- Up-to-date: /home/takumi/souzoukougaku14/src/install/cat_messages/local/lib/python3.10/dist-packages/cat_messages/cat_messages_s__rosidl_typesupport_fastrtps_c.cpython-310-x86_64-linux-gnu.so
[1.327s] -- Up-to-date: /home/takumi/souzoukougaku14/src/install/cat_messages/local/lib/python3.10/dist-packages/cat_messages/cat_messages_s__rosidl_typesupport_introspection_c.cpython-310-x86_64-linux-gnu.so
[1.327s] -- Up-to-date: /home/takumi/souzoukougaku14/src/install/cat_messages/local/lib/python3.10/dist-packages/cat_messages/cat_messages_s__rosidl_typesupport_c.cpython-310-x86_64-linux-gnu.so
[1.332s] -- Up-to-date: /home/takumi/souzoukougaku14/src/install/cat_messages/lib/libcat_messages__rosidl_generator_py.so
[1.332s] -- Up-to-date: /home/takumi/souzoukougaku14/src/install/cat_messages/share/cat_messages/msg/JoyCat.idl
[1.333s] -- Up-to-date: /home/takumi/souzoukougaku14/src/install/cat_messages/share/cat_messages/msg/Senser.idl
[1.333s] -- Up-to-date: /home/takumi/souzoukougaku14/src/install/cat_messages/share/cat_messages/msg/Vel.idl
[1.333s] -- Up-to-date: /home/takumi/souzoukougaku14/src/install/cat_messages/share/cat_messages/msg/JoyCat.msg
[1.333s] -- Up-to-date: /home/takumi/souzoukougaku14/src/install/cat_messages/share/cat_messages/msg/Senser.msg
[1.333s] -- Up-to-date: /home/takumi/souzoukougaku14/src/install/cat_messages/share/cat_messages/msg/Vel.msg
[1.334s] -- Up-to-date: /home/takumi/souzoukougaku14/src/install/cat_messages/share/ament_index/resource_index/package_run_dependencies/cat_messages
[1.334s] -- Up-to-date: /home/takumi/souzoukougaku14/src/install/cat_messages/share/ament_index/resource_index/parent_prefix_path/cat_messages
[1.334s] -- Up-to-date: /home/takumi/souzoukougaku14/src/install/cat_messages/share/cat_messages/environment/ament_prefix_path.sh
[1.334s] -- Up-to-date: /home/takumi/souzoukougaku14/src/install/cat_messages/share/cat_messages/environment/ament_prefix_path.dsv
[1.334s] -- Up-to-date: /home/takumi/souzoukougaku14/src/install/cat_messages/share/cat_messages/environment/path.sh
[1.334s] -- Up-to-date: /home/takumi/souzoukougaku14/src/install/cat_messages/share/cat_messages/environment/path.dsv
[1.335s] -- Up-to-date: /home/takumi/souzoukougaku14/src/install/cat_messages/share/cat_messages/local_setup.bash
[1.335s] -- Up-to-date: /home/takumi/souzoukougaku14/src/install/cat_messages/share/cat_messages/local_setup.sh
[1.335s] -- Up-to-date: /home/takumi/souzoukougaku14/src/install/cat_messages/share/cat_messages/local_setup.zsh
[1.335s] -- Up-to-date: /home/takumi/souzoukougaku14/src/install/cat_messages/share/cat_messages/local_setup.dsv
[1.335s] -- Installing: /home/takumi/souzoukougaku14/src/install/cat_messages/share/cat_messages/package.dsv
[1.336s] -- Up-to-date: /home/takumi/souzoukougaku14/src/install/cat_messages/share/ament_index/resource_index/packages/cat_messages
[1.336s] -- Up-to-date: /home/takumi/souzoukougaku14/src/install/cat_messages/share/cat_messages/cmake/export_cat_messages__rosidl_generator_cExport.cmake
[1.336s] -- Up-to-date: /home/takumi/souzoukougaku14/src/install/cat_messages/share/cat_messages/cmake/export_cat_messages__rosidl_generator_cExport-noconfig.cmake
[1.337s] -- Up-to-date: /home/takumi/souzoukougaku14/src/install/cat_messages/share/cat_messages/cmake/export_cat_messages__rosidl_typesupport_fastrtps_cExport.cmake
[1.338s] -- Up-to-date: /home/takumi/souzoukougaku14/src/install/cat_messages/share/cat_messages/cmake/export_cat_messages__rosidl_typesupport_fastrtps_cExport-noconfig.cmake
[1.338s] -- Up-to-date: /home/takumi/souzoukougaku14/src/install/cat_messages/share/cat_messages/cmake/cat_messages__rosidl_typesupport_introspection_cExport.cmake
[1.338s] -- Up-to-date: /home/takumi/souzoukougaku14/src/install/cat_messages/share/cat_messages/cmake/cat_messages__rosidl_typesupport_introspection_cExport-noconfig.cmake
[1.338s] -- Up-to-date: /home/takumi/souzoukougaku14/src/install/cat_messages/share/cat_messages/cmake/cat_messages__rosidl_typesupport_cExport.cmake
[1.339s] -- Up-to-date: /home/takumi/souzoukougaku14/src/install/cat_messages/share/cat_messages/cmake/cat_messages__rosidl_typesupport_cExport-noconfig.cmake
[1.339s] -- Up-to-date: /home/takumi/souzoukougaku14/src/install/cat_messages/share/cat_messages/cmake/export_cat_messages__rosidl_generator_cppExport.cmake
[1.339s] -- Up-to-date: /home/takumi/souzoukougaku14/src/install/cat_messages/share/cat_messages/cmake/export_cat_messages__rosidl_typesupport_fastrtps_cppExport.cmake
[1.339s] -- Up-to-date: /home/takumi/souzoukougaku14/src/install/cat_messages/share/cat_messages/cmake/export_cat_messages__rosidl_typesupport_fastrtps_cppExport-noconfig.cmake
[1.339s] -- Up-to-date: /home/takumi/souzoukougaku14/src/install/cat_messages/share/cat_messages/cmake/cat_messages__rosidl_typesupport_introspection_cppExport.cmake
[1.339s] -- Up-to-date: /home/takumi/souzoukougaku14/src/install/cat_messages/share/cat_messages/cmake/cat_messages__rosidl_typesupport_introspection_cppExport-noconfig.cmake
[1.340s] -- Up-to-date: /home/takumi/souzoukougaku14/src/install/cat_messages/share/cat_messages/cmake/cat_messages__rosidl_typesupport_cppExport.cmake
[1.340s] -- Up-to-date: /home/takumi/souzoukougaku14/src/install/cat_messages/share/cat_messages/cmake/cat_messages__rosidl_typesupport_cppExport-noconfig.cmake
[1.340s] -- Up-to-date: /home/takumi/souzoukougaku14/src/install/cat_messages/share/cat_messages/cmake/export_cat_messages__rosidl_generator_pyExport.cmake
[1.341s] -- Up-to-date: /home/takumi/souzoukougaku14/src/install/cat_messages/share/cat_messages/cmake/export_cat_messages__rosidl_generator_pyExport-noconfig.cmake
[1.341s] -- Up-to-date: /home/takumi/souzoukougaku14/src/install/cat_messages/share/cat_messages/cmake/rosidl_cmake-extras.cmake
[1.341s] -- Up-to-date: /home/takumi/souzoukougaku14/src/install/cat_messages/share/cat_messages/cmake/ament_cmake_export_include_directories-extras.cmake
[1.341s] -- Up-to-date: /home/takumi/souzoukougaku14/src/install/cat_messages/share/cat_messages/cmake/ament_cmake_export_libraries-extras.cmake
[1.342s] -- Up-to-date: /home/takumi/souzoukougaku14/src/install/cat_messages/share/cat_messages/cmake/ament_cmake_export_targets-extras.cmake
[1.342s] -- Up-to-date: /home/takumi/souzoukougaku14/src/install/cat_messages/share/cat_messages/cmake/rosidl_cmake_export_typesupport_targets-extras.cmake
[1.342s] -- Up-to-date: /home/takumi/souzoukougaku14/src/install/cat_messages/share/cat_messages/cmake/ament_cmake_export_dependencies-extras.cmake
[1.343s] -- Up-to-date: /home/takumi/souzoukougaku14/src/install/cat_messages/share/cat_messages/cmake/rosidl_cmake_export_typesupport_libraries-extras.cmake
[1.347s] -- Up-to-date: /home/takumi/souzoukougaku14/src/install/cat_messages/share/cat_messages/cmake/cat_messagesConfig.cmake
[1.347s] -- Up-to-date: /home/takumi/souzoukougaku14/src/install/cat_messages/share/cat_messages/cmake/cat_messagesConfig-version.cmake
[1.347s] -- Up-to-date: /home/takumi/souzoukougaku14/src/install/cat_messages/share/cat_messages/package.xml
[1.348s] Invoked command in '/home/takumi/souzoukougaku14/src/build/cat_messages' returned '0': CMAKE_PREFIX_PATH=${CMAKE_PREFIX_PATH}:/home/takumi/souzoukougaku14/src/install/cat:/opt/ros/humble /usr/bin/cmake --install /home/takumi/souzoukougaku14/src/build/cat_messages
