[0.855s] Invoking command in '/home/hamilton/souzou/ros2_aruco/ros2_aruco': PYTHONPATH=/home/hamilton/souzou/build/ros2_aruco/prefix_override:/usr/lib/python3/dist-packages/colcon_core/task/python/colcon_distutils_commands:/home/hamilton/souzou/install/ros2_aruco/lib/python3.10/site-packages:${PYTHONPATH} /usr/bin/python3 -W ignore:setup.py install is deprecated -W ignore:easy_install command is deprecated setup.py egg_info --egg-base ../../build/ros2_aruco build --build-base /home/hamilton/souzou/build/ros2_aruco/build install --record /home/hamilton/souzou/build/ros2_aruco/install.log --single-version-externally-managed install_data
[1.034s] /home/hamilton/.local/lib/python3.10/site-packages/setuptools/_distutils/dist.py:261: UserWarning: Unknown distribution option: 'tests_require'
[1.034s]   warnings.warn(msg)
[1.153s] running egg_info
[1.172s] writing ../../build/ros2_aruco/ros2_aruco.egg-info/PKG-INFO
[1.172s] writing dependency_links to ../../build/ros2_aruco/ros2_aruco.egg-info/dependency_links.txt
[1.172s] writing entry points to ../../build/ros2_aruco/ros2_aruco.egg-info/entry_points.txt
[1.174s] writing requirements to ../../build/ros2_aruco/ros2_aruco.egg-info/requires.txt
[1.175s] writing top-level names to ../../build/ros2_aruco/ros2_aruco.egg-info/top_level.txt
[1.214s] reading manifest file '../../build/ros2_aruco/ros2_aruco.egg-info/SOURCES.txt'
[1.215s] writing manifest file '../../build/ros2_aruco/ros2_aruco.egg-info/SOURCES.txt'
[1.216s] running build
[1.216s] running build_py
[1.216s] copying ros2_aruco/__init__.py -> /home/hamilton/souzou/build/ros2_aruco/build/lib/ros2_aruco
[1.216s] copying ros2_aruco/aruco_generate_marker.py -> /home/hamilton/souzou/build/ros2_aruco/build/lib/ros2_aruco
[1.216s] copying ros2_aruco/aruco_node_tf.py -> /home/hamilton/souzou/build/ros2_aruco/build/lib/ros2_aruco
[1.216s] copying ros2_aruco/aruco_node.py -> /home/hamilton/souzou/build/ros2_aruco/build/lib/ros2_aruco
[1.216s] copying ros2_aruco/transformations.py -> /home/hamilton/souzou/build/ros2_aruco/build/lib/ros2_aruco
[1.217s] running install
[1.221s] running install_lib
[1.241s] running install_data
[1.241s] copying resource/ros2_aruco -> /home/hamilton/souzou/install/ros2_aruco/share/ament_index/resource_index/packages
[1.241s] copying package.xml -> /home/hamilton/souzou/install/ros2_aruco/share/ros2_aruco
[1.241s] copying launch/aruco_recognition.launch.py -> /home/hamilton/souzou/install/ros2_aruco/share/ros2_aruco/launch
[1.242s] copying config/aruco_parameters.yaml -> /home/hamilton/souzou/install/ros2_aruco/share/ros2_aruco/config
[1.242s] running install_egg_info
[1.262s] removing '/home/hamilton/souzou/install/ros2_aruco/lib/python3.10/site-packages/ros2_aruco-0.1.0-py3.10.egg-info' (and everything under it)
[1.262s] Copying ../../build/ros2_aruco/ros2_aruco.egg-info to /home/hamilton/souzou/install/ros2_aruco/lib/python3.10/site-packages/ros2_aruco-0.1.0-py3.10.egg-info
[1.262s] running install_scripts
[1.399s] Installing aruco_generate_marker script to /home/hamilton/souzou/install/ros2_aruco/lib/ros2_aruco
[1.399s] Installing aruco_node script to /home/hamilton/souzou/install/ros2_aruco/lib/ros2_aruco
[1.399s] Installing aruco_node_tf script to /home/hamilton/souzou/install/ros2_aruco/lib/ros2_aruco
[1.399s] writing list of installed files to '/home/hamilton/souzou/build/ros2_aruco/install.log'
[1.427s] Invoked command in '/home/hamilton/souzou/ros2_aruco/ros2_aruco' returned '0': PYTHONPATH=/home/hamilton/souzou/build/ros2_aruco/prefix_override:/usr/lib/python3/dist-packages/colcon_core/task/python/colcon_distutils_commands:/home/hamilton/souzou/install/ros2_aruco/lib/python3.10/site-packages:${PYTHONPATH} /usr/bin/python3 -W ignore:setup.py install is deprecated -W ignore:easy_install command is deprecated setup.py egg_info --egg-base ../../build/ros2_aruco build --build-base /home/hamilton/souzou/build/ros2_aruco/build install --record /home/hamilton/souzou/build/ros2_aruco/install.log --single-version-externally-managed install_data
