[0.265s] Invoking command in '/home/hamilton/souzou/build/ros2_aruco_interfaces': CMAKE_PREFIX_PATH=${CMAKE_PREFIX_PATH}:/home/hamilton/souzou/install/ros2_aruco:/home/hamilton/souzou/install/cat:/opt/ros/humble /usr/bin/cmake --build /home/hamilton/souzou/build/ros2_aruco_interfaces -- -j8 -l8
[0.306s] [  3%] Built target ros2_aruco_interfaces__cpp
[0.314s] [ 12%] Built target ros2_aruco_interfaces__rosidl_generator_c
[0.315s] [ 12%] Built target ament_cmake_python_symlink_ros2_aruco_interfaces
[0.332s] [ 25%] Built target ros2_aruco_interfaces__rosidl_typesupport_introspection_cpp
[0.333s] [ 32%] Built target ros2_aruco_interfaces__rosidl_typesupport_cpp
[0.339s] [ 41%] Built target ros2_aruco_interfaces__rosidl_typesupport_fastrtps_cpp
[0.341s] [ 51%] Built target ros2_aruco_interfaces__rosidl_typesupport_introspection_c
[0.342s] [ 61%] Built target ros2_aruco_interfaces__rosidl_typesupport_fastrtps_c
[0.343s] [ 70%] Built target ros2_aruco_interfaces__rosidl_typesupport_c
[0.360s] [ 70%] Built target ros2_aruco_interfaces
[0.379s] [ 74%] Built target ros2_aruco_interfaces__py
[0.406s] [ 80%] Built target ros2_aruco_interfaces__rosidl_generator_py
[0.432s] [100%] Built target ros2_aruco_interfaces__rosidl_typesupport_c__pyext
[0.432s] [100%] Built target ros2_aruco_interfaces__rosidl_typesupport_introspection_c__pyext
[0.432s] [100%] Built target ros2_aruco_interfaces__rosidl_typesupport_fastrtps_c__pyext
[0.549s] running egg_info
[0.550s] writing ros2_aruco_interfaces.egg-info/PKG-INFO
[0.550s] writing dependency_links to ros2_aruco_interfaces.egg-info/dependency_links.txt
[0.550s] writing top-level names to ros2_aruco_interfaces.egg-info/top_level.txt
[0.554s] reading manifest file 'ros2_aruco_interfaces.egg-info/SOURCES.txt'
[0.554s] writing manifest file 'ros2_aruco_interfaces.egg-info/SOURCES.txt'
[0.578s] [100%] Built target ament_cmake_python_build_ros2_aruco_interfaces_egg
[0.722s] Invoked command in '/home/hamilton/souzou/build/ros2_aruco_interfaces' returned '0': CMAKE_PREFIX_PATH=${CMAKE_PREFIX_PATH}:/home/hamilton/souzou/install/ros2_aruco:/home/hamilton/souzou/install/cat:/opt/ros/humble /usr/bin/cmake --build /home/hamilton/souzou/build/ros2_aruco_interfaces -- -j8 -l8
[0.724s] Invoking command in '/home/hamilton/souzou/build/ros2_aruco_interfaces': CMAKE_PREFIX_PATH=${CMAKE_PREFIX_PATH}:/home/hamilton/souzou/install/ros2_aruco:/home/hamilton/souzou/install/cat:/opt/ros/humble /usr/bin/cmake --install /home/hamilton/souzou/build/ros2_aruco_interfaces
[0.733s] -- Install configuration: ""
[0.734s] -- Execute custom install script
[0.735s] -- Up-to-date symlink: /home/hamilton/souzou/install/ros2_aruco_interfaces/share/ament_index/resource_index/rosidl_interfaces/ros2_aruco_interfaces
[0.735s] -- Up-to-date symlink: /home/hamilton/souzou/install/ros2_aruco_interfaces/include/ros2_aruco_interfaces/ros2_aruco_interfaces/msg/aruco_markers.h
[0.736s] -- Up-to-date symlink: /home/hamilton/souzou/install/ros2_aruco_interfaces/include/ros2_aruco_interfaces/ros2_aruco_interfaces/msg/detail/aruco_markers__functions.h
[0.736s] -- Up-to-date symlink: /home/hamilton/souzou/install/ros2_aruco_interfaces/include/ros2_aruco_interfaces/ros2_aruco_interfaces/msg/detail/aruco_markers__struct.h
[0.736s] -- Up-to-date symlink: /home/hamilton/souzou/install/ros2_aruco_interfaces/include/ros2_aruco_interfaces/ros2_aruco_interfaces/msg/detail/aruco_markers__type_support.h
[0.736s] -- Up-to-date symlink: /home/hamilton/souzou/install/ros2_aruco_interfaces/include/ros2_aruco_interfaces/ros2_aruco_interfaces/msg/rosidl_generator_c__visibility_control.h
[0.736s] -- Up-to-date symlink: /home/hamilton/souzou/install/ros2_aruco_interfaces/share/ros2_aruco_interfaces/environment/library_path.sh
[0.737s] -- Up-to-date symlink: /home/hamilton/souzou/install/ros2_aruco_interfaces/share/ros2_aruco_interfaces/environment/library_path.dsv
[0.737s] -- Up-to-date symlink: /home/hamilton/souzou/install/ros2_aruco_interfaces/include/ros2_aruco_interfaces/ros2_aruco_interfaces/msg/detail/aruco_markers__rosidl_typesupport_fastrtps_c.h
[0.737s] -- Up-to-date symlink: /home/hamilton/souzou/install/ros2_aruco_interfaces/include/ros2_aruco_interfaces/ros2_aruco_interfaces/msg/rosidl_typesupport_fastrtps_c__visibility_control.h
[0.737s] -- Up-to-date symlink: /home/hamilton/souzou/install/ros2_aruco_interfaces/include/ros2_aruco_interfaces/ros2_aruco_interfaces/msg/aruco_markers.hpp
[0.737s] -- Up-to-date symlink: /home/hamilton/souzou/install/ros2_aruco_interfaces/include/ros2_aruco_interfaces/ros2_aruco_interfaces/msg/detail/aruco_markers__builder.hpp
[0.737s] -- Up-to-date symlink: /home/hamilton/souzou/install/ros2_aruco_interfaces/include/ros2_aruco_interfaces/ros2_aruco_interfaces/msg/detail/aruco_markers__struct.hpp
[0.737s] -- Up-to-date symlink: /home/hamilton/souzou/install/ros2_aruco_interfaces/include/ros2_aruco_interfaces/ros2_aruco_interfaces/msg/detail/aruco_markers__traits.hpp
[0.738s] -- Up-to-date symlink: /home/hamilton/souzou/install/ros2_aruco_interfaces/include/ros2_aruco_interfaces/ros2_aruco_interfaces/msg/detail/aruco_markers__type_support.hpp
[0.738s] -- Up-to-date symlink: /home/hamilton/souzou/install/ros2_aruco_interfaces/include/ros2_aruco_interfaces/ros2_aruco_interfaces/msg/rosidl_generator_cpp__visibility_control.hpp
[0.738s] -- Up-to-date symlink: /home/hamilton/souzou/install/ros2_aruco_interfaces/include/ros2_aruco_interfaces/ros2_aruco_interfaces/msg/detail/aruco_markers__rosidl_typesupport_fastrtps_cpp.hpp
[0.738s] -- Up-to-date symlink: /home/hamilton/souzou/install/ros2_aruco_interfaces/include/ros2_aruco_interfaces/ros2_aruco_interfaces/msg/rosidl_typesupport_fastrtps_cpp__visibility_control.h
[0.738s] -- Up-to-date symlink: /home/hamilton/souzou/install/ros2_aruco_interfaces/include/ros2_aruco_interfaces/ros2_aruco_interfaces/msg/detail/aruco_markers__rosidl_typesupport_introspection_c.h
[0.739s] -- Up-to-date symlink: /home/hamilton/souzou/install/ros2_aruco_interfaces/include/ros2_aruco_interfaces/ros2_aruco_interfaces/msg/rosidl_typesupport_introspection_c__visibility_control.h
[0.739s] -- Up-to-date symlink: /home/hamilton/souzou/install/ros2_aruco_interfaces/include/ros2_aruco_interfaces/ros2_aruco_interfaces/msg/detail/aruco_markers__rosidl_typesupport_introspection_cpp.hpp
[0.739s] -- Up-to-date symlink: /home/hamilton/souzou/install/ros2_aruco_interfaces/share/ros2_aruco_interfaces/environment/pythonpath.sh
[0.739s] -- Up-to-date symlink: /home/hamilton/souzou/install/ros2_aruco_interfaces/share/ros2_aruco_interfaces/environment/pythonpath.dsv
[0.739s] -- Up-to-date symlink: /home/hamilton/souzou/install/ros2_aruco_interfaces/local/lib/python3.10/dist-packages/ros2_aruco_interfaces-0.1.0-py3.10.egg-info/PKG-INFO
[0.739s] -- Up-to-date symlink: /home/hamilton/souzou/install/ros2_aruco_interfaces/local/lib/python3.10/dist-packages/ros2_aruco_interfaces-0.1.0-py3.10.egg-info/SOURCES.txt
[0.739s] -- Up-to-date symlink: /home/hamilton/souzou/install/ros2_aruco_interfaces/local/lib/python3.10/dist-packages/ros2_aruco_interfaces-0.1.0-py3.10.egg-info/dependency_links.txt
[0.740s] -- Up-to-date symlink: /home/hamilton/souzou/install/ros2_aruco_interfaces/local/lib/python3.10/dist-packages/ros2_aruco_interfaces-0.1.0-py3.10.egg-info/top_level.txt
[0.740s] -- Up-to-date symlink: /home/hamilton/souzou/install/ros2_aruco_interfaces/local/lib/python3.10/dist-packages/ros2_aruco_interfaces/__init__.py
[0.740s] -- Up-to-date symlink: /home/hamilton/souzou/install/ros2_aruco_interfaces/local/lib/python3.10/dist-packages/ros2_aruco_interfaces/_ros2_aruco_interfaces_s.ep.rosidl_typesupport_c.c
[0.741s] -- Up-to-date symlink: /home/hamilton/souzou/install/ros2_aruco_interfaces/local/lib/python3.10/dist-packages/ros2_aruco_interfaces/_ros2_aruco_interfaces_s.ep.rosidl_typesupport_fastrtps_c.c
[0.741s] -- Up-to-date symlink: /home/hamilton/souzou/install/ros2_aruco_interfaces/local/lib/python3.10/dist-packages/ros2_aruco_interfaces/_ros2_aruco_interfaces_s.ep.rosidl_typesupport_introspection_c.c
[0.741s] -- Up-to-date symlink: /home/hamilton/souzou/install/ros2_aruco_interfaces/local/lib/python3.10/dist-packages/ros2_aruco_interfaces/libros2_aruco_interfaces__rosidl_generator_py.so
[0.741s] -- Up-to-date symlink: /home/hamilton/souzou/install/ros2_aruco_interfaces/local/lib/python3.10/dist-packages/ros2_aruco_interfaces/msg/__init__.py
[0.741s] -- Up-to-date symlink: /home/hamilton/souzou/install/ros2_aruco_interfaces/local/lib/python3.10/dist-packages/ros2_aruco_interfaces/msg/_aruco_markers.py
[0.741s] -- Up-to-date symlink: /home/hamilton/souzou/install/ros2_aruco_interfaces/local/lib/python3.10/dist-packages/ros2_aruco_interfaces/msg/_aruco_markers_s.c
[0.741s] -- Up-to-date symlink: /home/hamilton/souzou/install/ros2_aruco_interfaces/local/lib/python3.10/dist-packages/ros2_aruco_interfaces/ros2_aruco_interfaces_s__rosidl_typesupport_c.cpython-310-x86_64-linux-gnu.so
[0.741s] -- Up-to-date symlink: /home/hamilton/souzou/install/ros2_aruco_interfaces/local/lib/python3.10/dist-packages/ros2_aruco_interfaces/ros2_aruco_interfaces_s__rosidl_typesupport_fastrtps_c.cpython-310-x86_64-linux-gnu.so
[0.741s] -- Up-to-date symlink: /home/hamilton/souzou/install/ros2_aruco_interfaces/local/lib/python3.10/dist-packages/ros2_aruco_interfaces/ros2_aruco_interfaces_s__rosidl_typesupport_introspection_c.cpython-310-x86_64-linux-gnu.so
[0.741s] -- Up-to-date symlink: /home/hamilton/souzou/install/ros2_aruco_interfaces/local/lib/python3.10/dist-packages/ros2_aruco_interfaces/ros2_aruco_interfaces_s__rosidl_typesupport_fastrtps_c.cpython-310-x86_64-linux-gnu.so
[0.741s] -- Up-to-date symlink: /home/hamilton/souzou/install/ros2_aruco_interfaces/local/lib/python3.10/dist-packages/ros2_aruco_interfaces/ros2_aruco_interfaces_s__rosidl_typesupport_introspection_c.cpython-310-x86_64-linux-gnu.so
[0.742s] -- Up-to-date symlink: /home/hamilton/souzou/install/ros2_aruco_interfaces/local/lib/python3.10/dist-packages/ros2_aruco_interfaces/ros2_aruco_interfaces_s__rosidl_typesupport_c.cpython-310-x86_64-linux-gnu.so
[0.742s] -- Up-to-date symlink: /home/hamilton/souzou/install/ros2_aruco_interfaces/share/ros2_aruco_interfaces/msg/ArucoMarkers.idl
[0.742s] -- Up-to-date symlink: /home/hamilton/souzou/install/ros2_aruco_interfaces/share/ros2_aruco_interfaces/msg/ArucoMarkers.msg
[0.742s] -- Up-to-date symlink: /home/hamilton/souzou/install/ros2_aruco_interfaces/share/ament_index/resource_index/package_run_dependencies/ros2_aruco_interfaces
[0.742s] -- Up-to-date symlink: /home/hamilton/souzou/install/ros2_aruco_interfaces/share/ament_index/resource_index/parent_prefix_path/ros2_aruco_interfaces
[0.742s] -- Up-to-date symlink: /home/hamilton/souzou/install/ros2_aruco_interfaces/share/ros2_aruco_interfaces/environment/ament_prefix_path.sh
[0.742s] -- Up-to-date symlink: /home/hamilton/souzou/install/ros2_aruco_interfaces/share/ros2_aruco_interfaces/environment/ament_prefix_path.dsv
[0.743s] -- Up-to-date symlink: /home/hamilton/souzou/install/ros2_aruco_interfaces/share/ros2_aruco_interfaces/environment/path.sh
[0.743s] -- Up-to-date symlink: /home/hamilton/souzou/install/ros2_aruco_interfaces/share/ros2_aruco_interfaces/environment/path.dsv
[0.743s] -- Up-to-date symlink: /home/hamilton/souzou/install/ros2_aruco_interfaces/share/ros2_aruco_interfaces/local_setup.bash
[0.743s] -- Up-to-date symlink: /home/hamilton/souzou/install/ros2_aruco_interfaces/share/ros2_aruco_interfaces/local_setup.sh
[0.743s] -- Up-to-date symlink: /home/hamilton/souzou/install/ros2_aruco_interfaces/share/ros2_aruco_interfaces/local_setup.zsh
[0.743s] -- Up-to-date symlink: /home/hamilton/souzou/install/ros2_aruco_interfaces/share/ros2_aruco_interfaces/local_setup.dsv
[0.743s] -- Symlinking: /home/hamilton/souzou/install/ros2_aruco_interfaces/share/ros2_aruco_interfaces/package.dsv
[0.751s] -- Up-to-date symlink: /home/hamilton/souzou/install/ros2_aruco_interfaces/share/ament_index/resource_index/packages/ros2_aruco_interfaces
[0.751s] -- Up-to-date symlink: /home/hamilton/souzou/install/ros2_aruco_interfaces/share/ros2_aruco_interfaces/cmake/rosidl_cmake-extras.cmake
[0.751s] -- Up-to-date symlink: /home/hamilton/souzou/install/ros2_aruco_interfaces/share/ros2_aruco_interfaces/cmake/ament_cmake_export_dependencies-extras.cmake
[0.752s] -- Up-to-date symlink: /home/hamilton/souzou/install/ros2_aruco_interfaces/share/ros2_aruco_interfaces/cmake/ament_cmake_export_include_directories-extras.cmake
[0.752s] -- Up-to-date symlink: /home/hamilton/souzou/install/ros2_aruco_interfaces/share/ros2_aruco_interfaces/cmake/ament_cmake_export_libraries-extras.cmake
[0.752s] -- Up-to-date symlink: /home/hamilton/souzou/install/ros2_aruco_interfaces/share/ros2_aruco_interfaces/cmake/ament_cmake_export_targets-extras.cmake
[0.752s] -- Up-to-date symlink: /home/hamilton/souzou/install/ros2_aruco_interfaces/share/ros2_aruco_interfaces/cmake/rosidl_cmake_export_typesupport_targets-extras.cmake
[0.752s] -- Up-to-date symlink: /home/hamilton/souzou/install/ros2_aruco_interfaces/share/ros2_aruco_interfaces/cmake/rosidl_cmake_export_typesupport_libraries-extras.cmake
[0.752s] -- Up-to-date symlink: /home/hamilton/souzou/install/ros2_aruco_interfaces/share/ros2_aruco_interfaces/cmake/ros2_aruco_interfacesConfig.cmake
[0.752s] -- Up-to-date symlink: /home/hamilton/souzou/install/ros2_aruco_interfaces/share/ros2_aruco_interfaces/cmake/ros2_aruco_interfacesConfig-version.cmake
[0.752s] -- Up-to-date symlink: /home/hamilton/souzou/install/ros2_aruco_interfaces/share/ros2_aruco_interfaces/package.xml
[0.752s] -- Up-to-date: /home/hamilton/souzou/install/ros2_aruco_interfaces/lib/libros2_aruco_interfaces__rosidl_generator_c.so
[0.753s] -- Up-to-date: /home/hamilton/souzou/install/ros2_aruco_interfaces/lib/libros2_aruco_interfaces__rosidl_typesupport_fastrtps_c.so
[0.753s] -- Up-to-date: /home/hamilton/souzou/install/ros2_aruco_interfaces/lib/libros2_aruco_interfaces__rosidl_typesupport_fastrtps_cpp.so
[0.753s] -- Up-to-date: /home/hamilton/souzou/install/ros2_aruco_interfaces/lib/libros2_aruco_interfaces__rosidl_typesupport_introspection_c.so
[0.753s] -- Up-to-date: /home/hamilton/souzou/install/ros2_aruco_interfaces/lib/libros2_aruco_interfaces__rosidl_typesupport_c.so
[0.754s] -- Up-to-date: /home/hamilton/souzou/install/ros2_aruco_interfaces/lib/libros2_aruco_interfaces__rosidl_typesupport_introspection_cpp.so
[0.754s] -- Up-to-date: /home/hamilton/souzou/install/ros2_aruco_interfaces/lib/libros2_aruco_interfaces__rosidl_typesupport_cpp.so
[0.781s] Listing '/home/hamilton/souzou/install/ros2_aruco_interfaces/local/lib/python3.10/dist-packages/ros2_aruco_interfaces'...
[0.781s] Listing '/home/hamilton/souzou/install/ros2_aruco_interfaces/local/lib/python3.10/dist-packages/ros2_aruco_interfaces/msg'...
[0.786s] -- Up-to-date: /home/hamilton/souzou/install/ros2_aruco_interfaces/lib/libros2_aruco_interfaces__rosidl_generator_py.so
[0.787s] -- Up-to-date: /home/hamilton/souzou/install/ros2_aruco_interfaces/share/ros2_aruco_interfaces/cmake/export_ros2_aruco_interfaces__rosidl_generator_cExport.cmake
[0.787s] -- Up-to-date: /home/hamilton/souzou/install/ros2_aruco_interfaces/share/ros2_aruco_interfaces/cmake/export_ros2_aruco_interfaces__rosidl_generator_cExport-noconfig.cmake
[0.787s] -- Up-to-date: /home/hamilton/souzou/install/ros2_aruco_interfaces/share/ros2_aruco_interfaces/cmake/export_ros2_aruco_interfaces__rosidl_typesupport_fastrtps_cExport.cmake
[0.787s] -- Up-to-date: /home/hamilton/souzou/install/ros2_aruco_interfaces/share/ros2_aruco_interfaces/cmake/export_ros2_aruco_interfaces__rosidl_typesupport_fastrtps_cExport-noconfig.cmake
[0.787s] -- Up-to-date: /home/hamilton/souzou/install/ros2_aruco_interfaces/share/ros2_aruco_interfaces/cmake/export_ros2_aruco_interfaces__rosidl_generator_cppExport.cmake
[0.787s] -- Up-to-date: /home/hamilton/souzou/install/ros2_aruco_interfaces/share/ros2_aruco_interfaces/cmake/export_ros2_aruco_interfaces__rosidl_typesupport_fastrtps_cppExport.cmake
[0.787s] -- Up-to-date: /home/hamilton/souzou/install/ros2_aruco_interfaces/share/ros2_aruco_interfaces/cmake/export_ros2_aruco_interfaces__rosidl_typesupport_fastrtps_cppExport-noconfig.cmake
[0.787s] -- Up-to-date: /home/hamilton/souzou/install/ros2_aruco_interfaces/share/ros2_aruco_interfaces/cmake/ros2_aruco_interfaces__rosidl_typesupport_introspection_cExport.cmake
[0.787s] -- Up-to-date: /home/hamilton/souzou/install/ros2_aruco_interfaces/share/ros2_aruco_interfaces/cmake/ros2_aruco_interfaces__rosidl_typesupport_introspection_cExport-noconfig.cmake
[0.787s] -- Up-to-date: /home/hamilton/souzou/install/ros2_aruco_interfaces/share/ros2_aruco_interfaces/cmake/ros2_aruco_interfaces__rosidl_typesupport_cExport.cmake
[0.787s] -- Up-to-date: /home/hamilton/souzou/install/ros2_aruco_interfaces/share/ros2_aruco_interfaces/cmake/ros2_aruco_interfaces__rosidl_typesupport_cExport-noconfig.cmake
[0.787s] -- Up-to-date: /home/hamilton/souzou/install/ros2_aruco_interfaces/share/ros2_aruco_interfaces/cmake/ros2_aruco_interfaces__rosidl_typesupport_introspection_cppExport.cmake
[0.788s] -- Up-to-date: /home/hamilton/souzou/install/ros2_aruco_interfaces/share/ros2_aruco_interfaces/cmake/ros2_aruco_interfaces__rosidl_typesupport_introspection_cppExport-noconfig.cmake
[0.788s] -- Up-to-date: /home/hamilton/souzou/install/ros2_aruco_interfaces/share/ros2_aruco_interfaces/cmake/ros2_aruco_interfaces__rosidl_typesupport_cppExport.cmake
[0.788s] -- Up-to-date: /home/hamilton/souzou/install/ros2_aruco_interfaces/share/ros2_aruco_interfaces/cmake/ros2_aruco_interfaces__rosidl_typesupport_cppExport-noconfig.cmake
[0.788s] -- Up-to-date: /home/hamilton/souzou/install/ros2_aruco_interfaces/share/ros2_aruco_interfaces/cmake/export_ros2_aruco_interfaces__rosidl_generator_pyExport.cmake
[0.788s] -- Up-to-date: /home/hamilton/souzou/install/ros2_aruco_interfaces/share/ros2_aruco_interfaces/cmake/export_ros2_aruco_interfaces__rosidl_generator_pyExport-noconfig.cmake
[0.790s] Invoked command in '/home/hamilton/souzou/build/ros2_aruco_interfaces' returned '0': CMAKE_PREFIX_PATH=${CMAKE_PREFIX_PATH}:/home/hamilton/souzou/install/ros2_aruco:/home/hamilton/souzou/install/cat:/opt/ros/humble /usr/bin/cmake --install /home/hamilton/souzou/build/ros2_aruco_interfaces
