[0.756s] DEBUG:colcon:Command line arguments: ['/usr/bin/colcon', 'build', '--symlink-install']
[0.757s] DEBUG:colcon:Parsed command line arguments: Namespace(log_base=None, log_level=None, verb_name='build', build_base='build', install_base='install', merge_install=False, symlink_install=True, test_result_base=None, continue_on_error=False, executor='parallel', parallel_workers=12, event_handlers=None, ignore_user_meta=False, metas=['./colcon.meta'], base_paths=['.'], packages_ignore=None, packages_ignore_regex=None, paths=None, packages_up_to=None, packages_up_to_regex=None, packages_above=None, packages_above_and_dependencies=None, packages_above_depth=None, packages_select_by_dep=None, packages_skip_by_dep=None, packages_skip_up_to=None, packages_select_build_failed=False, packages_skip_build_finished=False, packages_select_test_failures=False, packages_skip_test_passed=False, packages_select=None, packages_skip=None, packages_select_regex=None, packages_skip_regex=None, packages_start=None, packages_end=None, allow_overriding=[], cmake_args=None, cmake_target=None, cmake_target_skip_unavailable=False, cmake_clean_cache=False, cmake_clean_first=False, cmake_force_configure=False, ament_cmake_args=None, catkin_cmake_args=None, catkin_skip_building_tests=False, mixin_files=None, mixin=None, verb_parser=<colcon_mixin.mixin.mixin_argument.MixinArgumentDecorator object at 0x77642be71ba0>, verb_extension=<colcon_core.verb.build.BuildVerb object at 0x77642bfea080>, main=<bound method BuildVerb.main of <colcon_core.verb.build.BuildVerb object at 0x77642bfea080>>, mixin_verb=('build',))
[0.925s] Level 1:colcon.colcon_core.package_discovery:discover_packages(colcon_meta) check parameters
[0.925s] Level 1:colcon.colcon_core.package_discovery:discover_packages(recursive) check parameters
[0.925s] Level 1:colcon.colcon_core.package_discovery:discover_packages(ignore) check parameters
[0.925s] Level 1:colcon.colcon_core.package_discovery:discover_packages(path) check parameters
[0.925s] Level 1:colcon.colcon_core.package_discovery:discover_packages(colcon_meta) discover
[0.925s] Level 1:colcon.colcon_core.package_discovery:discover_packages(recursive) discover
[0.925s] INFO:colcon.colcon_core.package_discovery:Crawling recursively for packages in '/home/hamilton/souzou'
[0.925s] Level 1:colcon.colcon_core.package_identification:_identify(.) by extensions ['ignore', 'ignore_ament_install']
[0.925s] Level 1:colcon.colcon_core.package_identification:_identify(.) by extension 'ignore'
[0.925s] Level 1:colcon.colcon_core.package_identification:_identify(.) by extension 'ignore_ament_install'
[0.925s] Level 1:colcon.colcon_core.package_identification:_identify(.) by extensions ['colcon_pkg']
[0.925s] Level 1:colcon.colcon_core.package_identification:_identify(.) by extension 'colcon_pkg'
[0.925s] Level 1:colcon.colcon_core.package_identification:_identify(.) by extensions ['colcon_meta']
[0.925s] Level 1:colcon.colcon_core.package_identification:_identify(.) by extension 'colcon_meta'
[0.926s] Level 1:colcon.colcon_core.package_identification:_identify(.) by extensions ['ros']
[0.926s] Level 1:colcon.colcon_core.package_identification:_identify(.) by extension 'ros'
[0.976s] Level 1:colcon.colcon_core.package_identification:_identify(.) by extensions ['cmake', 'python']
[0.976s] Level 1:colcon.colcon_core.package_identification:_identify(.) by extension 'cmake'
[0.976s] Level 1:colcon.colcon_core.package_identification:_identify(.) by extension 'python'
[0.976s] Level 1:colcon.colcon_core.package_identification:_identify(.) by extensions ['python_setup_py']
[0.976s] Level 1:colcon.colcon_core.package_identification:_identify(.) by extension 'python_setup_py'
[0.976s] Level 1:colcon.colcon_core.package_identification:_identify(build) by extensions ['ignore', 'ignore_ament_install']
[0.976s] Level 1:colcon.colcon_core.package_identification:_identify(build) by extension 'ignore'
[0.976s] Level 1:colcon.colcon_core.package_identification:_identify(build) ignored
[0.980s] Level 1:colcon.colcon_core.package_identification:_identify(calibrationdata) by extensions ['ignore', 'ignore_ament_install']
[0.980s] Level 1:colcon.colcon_core.package_identification:_identify(calibrationdata) by extension 'ignore'
[0.980s] Level 1:colcon.colcon_core.package_identification:_identify(calibrationdata) by extension 'ignore_ament_install'
[0.980s] Level 1:colcon.colcon_core.package_identification:_identify(calibrationdata) by extensions ['colcon_pkg']
[0.980s] Level 1:colcon.colcon_core.package_identification:_identify(calibrationdata) by extension 'colcon_pkg'
[0.980s] Level 1:colcon.colcon_core.package_identification:_identify(calibrationdata) by extensions ['colcon_meta']
[0.980s] Level 1:colcon.colcon_core.package_identification:_identify(calibrationdata) by extension 'colcon_meta'
[0.980s] Level 1:colcon.colcon_core.package_identification:_identify(calibrationdata) by extensions ['ros']
[0.980s] Level 1:colcon.colcon_core.package_identification:_identify(calibrationdata) by extension 'ros'
[0.980s] Level 1:colcon.colcon_core.package_identification:_identify(calibrationdata) by extensions ['cmake', 'python']
[0.980s] Level 1:colcon.colcon_core.package_identification:_identify(calibrationdata) by extension 'cmake'
[0.980s] Level 1:colcon.colcon_core.package_identification:_identify(calibrationdata) by extension 'python'
[0.980s] Level 1:colcon.colcon_core.package_identification:_identify(calibrationdata) by extensions ['python_setup_py']
[0.980s] Level 1:colcon.colcon_core.package_identification:_identify(calibrationdata) by extension 'python_setup_py'
[0.980s] Level 1:colcon.colcon_core.package_identification:_identify(install) by extensions ['ignore', 'ignore_ament_install']
[0.980s] Level 1:colcon.colcon_core.package_identification:_identify(install) by extension 'ignore'
[0.981s] Level 1:colcon.colcon_core.package_identification:_identify(install) ignored
[0.981s] Level 1:colcon.colcon_core.package_identification:_identify(log) by extensions ['ignore', 'ignore_ament_install']
[0.981s] Level 1:colcon.colcon_core.package_identification:_identify(log) by extension 'ignore'
[0.981s] Level 1:colcon.colcon_core.package_identification:_identify(log) ignored
[0.982s] Level 1:colcon.colcon_core.package_identification:_identify(ros2_aruco) by extensions ['ignore', 'ignore_ament_install']
[0.982s] Level 1:colcon.colcon_core.package_identification:_identify(ros2_aruco) by extension 'ignore'
[0.982s] Level 1:colcon.colcon_core.package_identification:_identify(ros2_aruco) by extension 'ignore_ament_install'
[0.982s] Level 1:colcon.colcon_core.package_identification:_identify(ros2_aruco) by extensions ['colcon_pkg']
[0.982s] Level 1:colcon.colcon_core.package_identification:_identify(ros2_aruco) by extension 'colcon_pkg'
[0.982s] Level 1:colcon.colcon_core.package_identification:_identify(ros2_aruco) by extensions ['colcon_meta']
[0.982s] Level 1:colcon.colcon_core.package_identification:_identify(ros2_aruco) by extension 'colcon_meta'
[0.982s] Level 1:colcon.colcon_core.package_identification:_identify(ros2_aruco) by extensions ['ros']
[0.982s] Level 1:colcon.colcon_core.package_identification:_identify(ros2_aruco) by extension 'ros'
[0.982s] Level 1:colcon.colcon_core.package_identification:_identify(ros2_aruco) by extensions ['cmake', 'python']
[0.982s] Level 1:colcon.colcon_core.package_identification:_identify(ros2_aruco) by extension 'cmake'
[0.982s] Level 1:colcon.colcon_core.package_identification:_identify(ros2_aruco) by extension 'python'
[0.982s] Level 1:colcon.colcon_core.package_identification:_identify(ros2_aruco) by extensions ['python_setup_py']
[0.982s] Level 1:colcon.colcon_core.package_identification:_identify(ros2_aruco) by extension 'python_setup_py'
[0.986s] Level 1:colcon.colcon_core.package_identification:_identify(ros2_aruco/ros2_aruco) by extensions ['ignore', 'ignore_ament_install']
[0.986s] Level 1:colcon.colcon_core.package_identification:_identify(ros2_aruco/ros2_aruco) by extension 'ignore'
[0.986s] Level 1:colcon.colcon_core.package_identification:_identify(ros2_aruco/ros2_aruco) by extension 'ignore_ament_install'
[0.986s] Level 1:colcon.colcon_core.package_identification:_identify(ros2_aruco/ros2_aruco) by extensions ['colcon_pkg']
[0.986s] Level 1:colcon.colcon_core.package_identification:_identify(ros2_aruco/ros2_aruco) by extension 'colcon_pkg'
[0.986s] Level 1:colcon.colcon_core.package_identification:_identify(ros2_aruco/ros2_aruco) by extensions ['colcon_meta']
[0.986s] Level 1:colcon.colcon_core.package_identification:_identify(ros2_aruco/ros2_aruco) by extension 'colcon_meta'
[0.986s] Level 1:colcon.colcon_core.package_identification:_identify(ros2_aruco/ros2_aruco) by extensions ['ros']
[0.986s] Level 1:colcon.colcon_core.package_identification:_identify(ros2_aruco/ros2_aruco) by extension 'ros'
[0.996s] DEBUG:colcon.colcon_core.package_identification:Package 'ros2_aruco/ros2_aruco' with type 'ros.ament_python' and name 'ros2_aruco'
[0.998s] Level 1:colcon.colcon_core.package_identification:_identify(ros2_aruco/ros2_aruco_interfaces) by extensions ['ignore', 'ignore_ament_install']
[0.998s] Level 1:colcon.colcon_core.package_identification:_identify(ros2_aruco/ros2_aruco_interfaces) by extension 'ignore'
[0.998s] Level 1:colcon.colcon_core.package_identification:_identify(ros2_aruco/ros2_aruco_interfaces) by extension 'ignore_ament_install'
[0.998s] Level 1:colcon.colcon_core.package_identification:_identify(ros2_aruco/ros2_aruco_interfaces) by extensions ['colcon_pkg']
[0.998s] Level 1:colcon.colcon_core.package_identification:_identify(ros2_aruco/ros2_aruco_interfaces) by extension 'colcon_pkg'
[0.998s] Level 1:colcon.colcon_core.package_identification:_identify(ros2_aruco/ros2_aruco_interfaces) by extensions ['colcon_meta']
[0.998s] Level 1:colcon.colcon_core.package_identification:_identify(ros2_aruco/ros2_aruco_interfaces) by extension 'colcon_meta'
[0.998s] Level 1:colcon.colcon_core.package_identification:_identify(ros2_aruco/ros2_aruco_interfaces) by extensions ['ros']
[0.998s] Level 1:colcon.colcon_core.package_identification:_identify(ros2_aruco/ros2_aruco_interfaces) by extension 'ros'
[0.999s] DEBUG:colcon.colcon_core.package_identification:Package 'ros2_aruco/ros2_aruco_interfaces' with type 'ros.ament_cmake' and name 'ros2_aruco_interfaces'
[1.000s] Level 1:colcon.colcon_core.package_identification:_identify(souzoukougaku14) by extensions ['ignore', 'ignore_ament_install']
[1.000s] Level 1:colcon.colcon_core.package_identification:_identify(souzoukougaku14) by extension 'ignore'
[1.000s] Level 1:colcon.colcon_core.package_identification:_identify(souzoukougaku14) by extension 'ignore_ament_install'
[1.000s] Level 1:colcon.colcon_core.package_identification:_identify(souzoukougaku14) by extensions ['colcon_pkg']
[1.000s] Level 1:colcon.colcon_core.package_identification:_identify(souzoukougaku14) by extension 'colcon_pkg'
[1.000s] Level 1:colcon.colcon_core.package_identification:_identify(souzoukougaku14) by extensions ['colcon_meta']
[1.000s] Level 1:colcon.colcon_core.package_identification:_identify(souzoukougaku14) by extension 'colcon_meta'
[1.000s] Level 1:colcon.colcon_core.package_identification:_identify(souzoukougaku14) by extensions ['ros']
[1.000s] Level 1:colcon.colcon_core.package_identification:_identify(souzoukougaku14) by extension 'ros'
[1.000s] Level 1:colcon.colcon_core.package_identification:_identify(souzoukougaku14) by extensions ['cmake', 'python']
[1.000s] Level 1:colcon.colcon_core.package_identification:_identify(souzoukougaku14) by extension 'cmake'
[1.000s] Level 1:colcon.colcon_core.package_identification:_identify(souzoukougaku14) by extension 'python'
[1.000s] Level 1:colcon.colcon_core.package_identification:_identify(souzoukougaku14) by extensions ['python_setup_py']
[1.000s] Level 1:colcon.colcon_core.package_identification:_identify(souzoukougaku14) by extension 'python_setup_py'
[1.008s] Level 1:colcon.colcon_core.package_identification:_identify(souzoukougaku14/Arduino) by extensions ['ignore', 'ignore_ament_install']
[1.008s] Level 1:colcon.colcon_core.package_identification:_identify(souzoukougaku14/Arduino) by extension 'ignore'
[1.008s] Level 1:colcon.colcon_core.package_identification:_identify(souzoukougaku14/Arduino) by extension 'ignore_ament_install'
[1.008s] Level 1:colcon.colcon_core.package_identification:_identify(souzoukougaku14/Arduino) by extensions ['colcon_pkg']
[1.008s] Level 1:colcon.colcon_core.package_identification:_identify(souzoukougaku14/Arduino) by extension 'colcon_pkg'
[1.008s] Level 1:colcon.colcon_core.package_identification:_identify(souzoukougaku14/Arduino) by extensions ['colcon_meta']
[1.008s] Level 1:colcon.colcon_core.package_identification:_identify(souzoukougaku14/Arduino) by extension 'colcon_meta'
[1.008s] Level 1:colcon.colcon_core.package_identification:_identify(souzoukougaku14/Arduino) by extensions ['ros']
[1.008s] Level 1:colcon.colcon_core.package_identification:_identify(souzoukougaku14/Arduino) by extension 'ros'
[1.009s] Level 1:colcon.colcon_core.package_identification:_identify(souzoukougaku14/Arduino) by extensions ['cmake', 'python']
[1.009s] Level 1:colcon.colcon_core.package_identification:_identify(souzoukougaku14/Arduino) by extension 'cmake'
[1.009s] Level 1:colcon.colcon_core.package_identification:_identify(souzoukougaku14/Arduino) by extension 'python'
[1.009s] Level 1:colcon.colcon_core.package_identification:_identify(souzoukougaku14/Arduino) by extensions ['python_setup_py']
[1.009s] Level 1:colcon.colcon_core.package_identification:_identify(souzoukougaku14/Arduino) by extension 'python_setup_py'
[1.009s] Level 1:colcon.colcon_core.package_identification:_identify(souzoukougaku14/Arduino/Fsp_sample) by extensions ['ignore', 'ignore_ament_install']
[1.009s] Level 1:colcon.colcon_core.package_identification:_identify(souzoukougaku14/Arduino/Fsp_sample) by extension 'ignore'
[1.009s] Level 1:colcon.colcon_core.package_identification:_identify(souzoukougaku14/Arduino/Fsp_sample) by extension 'ignore_ament_install'
[1.009s] Level 1:colcon.colcon_core.package_identification:_identify(souzoukougaku14/Arduino/Fsp_sample) by extensions ['colcon_pkg']
[1.009s] Level 1:colcon.colcon_core.package_identification:_identify(souzoukougaku14/Arduino/Fsp_sample) by extension 'colcon_pkg'
[1.009s] Level 1:colcon.colcon_core.package_identification:_identify(souzoukougaku14/Arduino/Fsp_sample) by extensions ['colcon_meta']
[1.009s] Level 1:colcon.colcon_core.package_identification:_identify(souzoukougaku14/Arduino/Fsp_sample) by extension 'colcon_meta'
[1.009s] Level 1:colcon.colcon_core.package_identification:_identify(souzoukougaku14/Arduino/Fsp_sample) by extensions ['ros']
[1.009s] Level 1:colcon.colcon_core.package_identification:_identify(souzoukougaku14/Arduino/Fsp_sample) by extension 'ros'
[1.009s] Level 1:colcon.colcon_core.package_identification:_identify(souzoukougaku14/Arduino/Fsp_sample) by extensions ['cmake', 'python']
[1.009s] Level 1:colcon.colcon_core.package_identification:_identify(souzoukougaku14/Arduino/Fsp_sample) by extension 'cmake'
[1.009s] Level 1:colcon.colcon_core.package_identification:_identify(souzoukougaku14/Arduino/Fsp_sample) by extension 'python'
[1.009s] Level 1:colcon.colcon_core.package_identification:_identify(souzoukougaku14/Arduino/Fsp_sample) by extensions ['python_setup_py']
[1.010s] Level 1:colcon.colcon_core.package_identification:_identify(souzoukougaku14/Arduino/Fsp_sample) by extension 'python_setup_py'
[1.010s] Level 1:colcon.colcon_core.package_identification:_identify(souzoukougaku14/Arduino/cat_main) by extensions ['ignore', 'ignore_ament_install']
[1.010s] Level 1:colcon.colcon_core.package_identification:_identify(souzoukougaku14/Arduino/cat_main) by extension 'ignore'
[1.010s] Level 1:colcon.colcon_core.package_identification:_identify(souzoukougaku14/Arduino/cat_main) by extension 'ignore_ament_install'
[1.010s] Level 1:colcon.colcon_core.package_identification:_identify(souzoukougaku14/Arduino/cat_main) by extensions ['colcon_pkg']
[1.010s] Level 1:colcon.colcon_core.package_identification:_identify(souzoukougaku14/Arduino/cat_main) by extension 'colcon_pkg'
[1.010s] Level 1:colcon.colcon_core.package_identification:_identify(souzoukougaku14/Arduino/cat_main) by extensions ['colcon_meta']
[1.010s] Level 1:colcon.colcon_core.package_identification:_identify(souzoukougaku14/Arduino/cat_main) by extension 'colcon_meta'
[1.010s] Level 1:colcon.colcon_core.package_identification:_identify(souzoukougaku14/Arduino/cat_main) by extensions ['ros']
[1.010s] Level 1:colcon.colcon_core.package_identification:_identify(souzoukougaku14/Arduino/cat_main) by extension 'ros'
[1.010s] Level 1:colcon.colcon_core.package_identification:_identify(souzoukougaku14/Arduino/cat_main) by extensions ['cmake', 'python']
[1.011s] Level 1:colcon.colcon_core.package_identification:_identify(souzoukougaku14/Arduino/cat_main) by extension 'cmake'
[1.011s] Level 1:colcon.colcon_core.package_identification:_identify(souzoukougaku14/Arduino/cat_main) by extension 'python'
[1.011s] Level 1:colcon.colcon_core.package_identification:_identify(souzoukougaku14/Arduino/cat_main) by extensions ['python_setup_py']
[1.011s] Level 1:colcon.colcon_core.package_identification:_identify(souzoukougaku14/Arduino/cat_main) by extension 'python_setup_py'
[1.013s] Level 1:colcon.colcon_core.package_identification:_identify(souzoukougaku14/Arduino/cat_main_udp) by extensions ['ignore', 'ignore_ament_install']
[1.013s] Level 1:colcon.colcon_core.package_identification:_identify(souzoukougaku14/Arduino/cat_main_udp) by extension 'ignore'
[1.013s] Level 1:colcon.colcon_core.package_identification:_identify(souzoukougaku14/Arduino/cat_main_udp) by extension 'ignore_ament_install'
[1.013s] Level 1:colcon.colcon_core.package_identification:_identify(souzoukougaku14/Arduino/cat_main_udp) by extensions ['colcon_pkg']
[1.013s] Level 1:colcon.colcon_core.package_identification:_identify(souzoukougaku14/Arduino/cat_main_udp) by extension 'colcon_pkg'
[1.013s] Level 1:colcon.colcon_core.package_identification:_identify(souzoukougaku14/Arduino/cat_main_udp) by extensions ['colcon_meta']
[1.013s] Level 1:colcon.colcon_core.package_identification:_identify(souzoukougaku14/Arduino/cat_main_udp) by extension 'colcon_meta'
[1.013s] Level 1:colcon.colcon_core.package_identification:_identify(souzoukougaku14/Arduino/cat_main_udp) by extensions ['ros']
[1.013s] Level 1:colcon.colcon_core.package_identification:_identify(souzoukougaku14/Arduino/cat_main_udp) by extension 'ros'
[1.013s] Level 1:colcon.colcon_core.package_identification:_identify(souzoukougaku14/Arduino/cat_main_udp) by extensions ['cmake', 'python']
[1.013s] Level 1:colcon.colcon_core.package_identification:_identify(souzoukougaku14/Arduino/cat_main_udp) by extension 'cmake'
[1.013s] Level 1:colcon.colcon_core.package_identification:_identify(souzoukougaku14/Arduino/cat_main_udp) by extension 'python'
[1.013s] Level 1:colcon.colcon_core.package_identification:_identify(souzoukougaku14/Arduino/cat_main_udp) by extensions ['python_setup_py']
[1.013s] Level 1:colcon.colcon_core.package_identification:_identify(souzoukougaku14/Arduino/cat_main_udp) by extension 'python_setup_py'
[1.014s] Level 1:colcon.colcon_core.package_identification:_identify(souzoukougaku14/Arduino/hairetu_jyusinn) by extensions ['ignore', 'ignore_ament_install']
[1.014s] Level 1:colcon.colcon_core.package_identification:_identify(souzoukougaku14/Arduino/hairetu_jyusinn) by extension 'ignore'
[1.014s] Level 1:colcon.colcon_core.package_identification:_identify(souzoukougaku14/Arduino/hairetu_jyusinn) by extension 'ignore_ament_install'
[1.014s] Level 1:colcon.colcon_core.package_identification:_identify(souzoukougaku14/Arduino/hairetu_jyusinn) by extensions ['colcon_pkg']
[1.014s] Level 1:colcon.colcon_core.package_identification:_identify(souzoukougaku14/Arduino/hairetu_jyusinn) by extension 'colcon_pkg'
[1.014s] Level 1:colcon.colcon_core.package_identification:_identify(souzoukougaku14/Arduino/hairetu_jyusinn) by extensions ['colcon_meta']
[1.014s] Level 1:colcon.colcon_core.package_identification:_identify(souzoukougaku14/Arduino/hairetu_jyusinn) by extension 'colcon_meta'
[1.014s] Level 1:colcon.colcon_core.package_identification:_identify(souzoukougaku14/Arduino/hairetu_jyusinn) by extensions ['ros']
[1.014s] Level 1:colcon.colcon_core.package_identification:_identify(souzoukougaku14/Arduino/hairetu_jyusinn) by extension 'ros'
[1.014s] Level 1:colcon.colcon_core.package_identification:_identify(souzoukougaku14/Arduino/hairetu_jyusinn) by extensions ['cmake', 'python']
[1.014s] Level 1:colcon.colcon_core.package_identification:_identify(souzoukougaku14/Arduino/hairetu_jyusinn) by extension 'cmake'
[1.014s] Level 1:colcon.colcon_core.package_identification:_identify(souzoukougaku14/Arduino/hairetu_jyusinn) by extension 'python'
[1.014s] Level 1:colcon.colcon_core.package_identification:_identify(souzoukougaku14/Arduino/hairetu_jyusinn) by extensions ['python_setup_py']
[1.014s] Level 1:colcon.colcon_core.package_identification:_identify(souzoukougaku14/Arduino/hairetu_jyusinn) by extension 'python_setup_py'
[1.015s] Level 1:colcon.colcon_core.package_identification:_identify(souzoukougaku14/Arduino/hairetu_sousinn) by extensions ['ignore', 'ignore_ament_install']
[1.015s] Level 1:colcon.colcon_core.package_identification:_identify(souzoukougaku14/Arduino/hairetu_sousinn) by extension 'ignore'
[1.015s] Level 1:colcon.colcon_core.package_identification:_identify(souzoukougaku14/Arduino/hairetu_sousinn) by extension 'ignore_ament_install'
[1.015s] Level 1:colcon.colcon_core.package_identification:_identify(souzoukougaku14/Arduino/hairetu_sousinn) by extensions ['colcon_pkg']
[1.015s] Level 1:colcon.colcon_core.package_identification:_identify(souzoukougaku14/Arduino/hairetu_sousinn) by extension 'colcon_pkg'
[1.015s] Level 1:colcon.colcon_core.package_identification:_identify(souzoukougaku14/Arduino/hairetu_sousinn) by extensions ['colcon_meta']
[1.015s] Level 1:colcon.colcon_core.package_identification:_identify(souzoukougaku14/Arduino/hairetu_sousinn) by extension 'colcon_meta'
[1.015s] Level 1:colcon.colcon_core.package_identification:_identify(souzoukougaku14/Arduino/hairetu_sousinn) by extensions ['ros']
[1.015s] Level 1:colcon.colcon_core.package_identification:_identify(souzoukougaku14/Arduino/hairetu_sousinn) by extension 'ros'
[1.015s] Level 1:colcon.colcon_core.package_identification:_identify(souzoukougaku14/Arduino/hairetu_sousinn) by extensions ['cmake', 'python']
[1.015s] Level 1:colcon.colcon_core.package_identification:_identify(souzoukougaku14/Arduino/hairetu_sousinn) by extension 'cmake'
[1.015s] Level 1:colcon.colcon_core.package_identification:_identify(souzoukougaku14/Arduino/hairetu_sousinn) by extension 'python'
[1.015s] Level 1:colcon.colcon_core.package_identification:_identify(souzoukougaku14/Arduino/hairetu_sousinn) by extensions ['python_setup_py']
[1.015s] Level 1:colcon.colcon_core.package_identification:_identify(souzoukougaku14/Arduino/hairetu_sousinn) by extension 'python_setup_py'
[1.022s] Level 1:colcon.colcon_core.package_identification:_identify(souzoukougaku14/Arduino/new_cat_main) by extensions ['ignore', 'ignore_ament_install']
[1.022s] Level 1:colcon.colcon_core.package_identification:_identify(souzoukougaku14/Arduino/new_cat_main) by extension 'ignore'
[1.022s] Level 1:colcon.colcon_core.package_identification:_identify(souzoukougaku14/Arduino/new_cat_main) by extension 'ignore_ament_install'
[1.022s] Level 1:colcon.colcon_core.package_identification:_identify(souzoukougaku14/Arduino/new_cat_main) by extensions ['colcon_pkg']
[1.022s] Level 1:colcon.colcon_core.package_identification:_identify(souzoukougaku14/Arduino/new_cat_main) by extension 'colcon_pkg'
[1.022s] Level 1:colcon.colcon_core.package_identification:_identify(souzoukougaku14/Arduino/new_cat_main) by extensions ['colcon_meta']
[1.022s] Level 1:colcon.colcon_core.package_identification:_identify(souzoukougaku14/Arduino/new_cat_main) by extension 'colcon_meta'
[1.022s] Level 1:colcon.colcon_core.package_identification:_identify(souzoukougaku14/Arduino/new_cat_main) by extensions ['ros']
[1.022s] Level 1:colcon.colcon_core.package_identification:_identify(souzoukougaku14/Arduino/new_cat_main) by extension 'ros'
[1.022s] Level 1:colcon.colcon_core.package_identification:_identify(souzoukougaku14/Arduino/new_cat_main) by extensions ['cmake', 'python']
[1.023s] Level 1:colcon.colcon_core.package_identification:_identify(souzoukougaku14/Arduino/new_cat_main) by extension 'cmake'
[1.023s] Level 1:colcon.colcon_core.package_identification:_identify(souzoukougaku14/Arduino/new_cat_main) by extension 'python'
[1.023s] Level 1:colcon.colcon_core.package_identification:_identify(souzoukougaku14/Arduino/new_cat_main) by extensions ['python_setup_py']
[1.023s] Level 1:colcon.colcon_core.package_identification:_identify(souzoukougaku14/Arduino/new_cat_main) by extension 'python_setup_py'
[1.023s] Level 1:colcon.colcon_core.package_identification:_identify(souzoukougaku14/Arduino/r4_model) by extensions ['ignore', 'ignore_ament_install']
[1.023s] Level 1:colcon.colcon_core.package_identification:_identify(souzoukougaku14/Arduino/r4_model) by extension 'ignore'
[1.023s] Level 1:colcon.colcon_core.package_identification:_identify(souzoukougaku14/Arduino/r4_model) by extension 'ignore_ament_install'
[1.023s] Level 1:colcon.colcon_core.package_identification:_identify(souzoukougaku14/Arduino/r4_model) by extensions ['colcon_pkg']
[1.023s] Level 1:colcon.colcon_core.package_identification:_identify(souzoukougaku14/Arduino/r4_model) by extension 'colcon_pkg'
[1.023s] Level 1:colcon.colcon_core.package_identification:_identify(souzoukougaku14/Arduino/r4_model) by extensions ['colcon_meta']
[1.023s] Level 1:colcon.colcon_core.package_identification:_identify(souzoukougaku14/Arduino/r4_model) by extension 'colcon_meta'
[1.023s] Level 1:colcon.colcon_core.package_identification:_identify(souzoukougaku14/Arduino/r4_model) by extensions ['ros']
[1.023s] Level 1:colcon.colcon_core.package_identification:_identify(souzoukougaku14/Arduino/r4_model) by extension 'ros'
[1.023s] Level 1:colcon.colcon_core.package_identification:_identify(souzoukougaku14/Arduino/r4_model) by extensions ['cmake', 'python']
[1.023s] Level 1:colcon.colcon_core.package_identification:_identify(souzoukougaku14/Arduino/r4_model) by extension 'cmake'
[1.023s] Level 1:colcon.colcon_core.package_identification:_identify(souzoukougaku14/Arduino/r4_model) by extension 'python'
[1.024s] Level 1:colcon.colcon_core.package_identification:_identify(souzoukougaku14/Arduino/r4_model) by extensions ['python_setup_py']
[1.024s] Level 1:colcon.colcon_core.package_identification:_identify(souzoukougaku14/Arduino/r4_model) by extension 'python_setup_py'
[1.024s] Level 1:colcon.colcon_core.package_identification:_identify(souzoukougaku14/Arduino/r4_wifi_test_receive) by extensions ['ignore', 'ignore_ament_install']
[1.025s] Level 1:colcon.colcon_core.package_identification:_identify(souzoukougaku14/Arduino/r4_wifi_test_receive) by extension 'ignore'
[1.025s] Level 1:colcon.colcon_core.package_identification:_identify(souzoukougaku14/Arduino/r4_wifi_test_receive) by extension 'ignore_ament_install'
[1.025s] Level 1:colcon.colcon_core.package_identification:_identify(souzoukougaku14/Arduino/r4_wifi_test_receive) by extensions ['colcon_pkg']
[1.025s] Level 1:colcon.colcon_core.package_identification:_identify(souzoukougaku14/Arduino/r4_wifi_test_receive) by extension 'colcon_pkg'
[1.025s] Level 1:colcon.colcon_core.package_identification:_identify(souzoukougaku14/Arduino/r4_wifi_test_receive) by extensions ['colcon_meta']
[1.025s] Level 1:colcon.colcon_core.package_identification:_identify(souzoukougaku14/Arduino/r4_wifi_test_receive) by extension 'colcon_meta'
[1.025s] Level 1:colcon.colcon_core.package_identification:_identify(souzoukougaku14/Arduino/r4_wifi_test_receive) by extensions ['ros']
[1.025s] Level 1:colcon.colcon_core.package_identification:_identify(souzoukougaku14/Arduino/r4_wifi_test_receive) by extension 'ros'
[1.025s] Level 1:colcon.colcon_core.package_identification:_identify(souzoukougaku14/Arduino/r4_wifi_test_receive) by extensions ['cmake', 'python']
[1.025s] Level 1:colcon.colcon_core.package_identification:_identify(souzoukougaku14/Arduino/r4_wifi_test_receive) by extension 'cmake'
[1.025s] Level 1:colcon.colcon_core.package_identification:_identify(souzoukougaku14/Arduino/r4_wifi_test_receive) by extension 'python'
[1.025s] Level 1:colcon.colcon_core.package_identification:_identify(souzoukougaku14/Arduino/r4_wifi_test_receive) by extensions ['python_setup_py']
[1.025s] Level 1:colcon.colcon_core.package_identification:_identify(souzoukougaku14/Arduino/r4_wifi_test_receive) by extension 'python_setup_py'
[1.027s] Level 1:colcon.colcon_core.package_identification:_identify(souzoukougaku14/Arduino/r4_wifi_test_send) by extensions ['ignore', 'ignore_ament_install']
[1.027s] Level 1:colcon.colcon_core.package_identification:_identify(souzoukougaku14/Arduino/r4_wifi_test_send) by extension 'ignore'
[1.027s] Level 1:colcon.colcon_core.package_identification:_identify(souzoukougaku14/Arduino/r4_wifi_test_send) by extension 'ignore_ament_install'
[1.027s] Level 1:colcon.colcon_core.package_identification:_identify(souzoukougaku14/Arduino/r4_wifi_test_send) by extensions ['colcon_pkg']
[1.027s] Level 1:colcon.colcon_core.package_identification:_identify(souzoukougaku14/Arduino/r4_wifi_test_send) by extension 'colcon_pkg'
[1.027s] Level 1:colcon.colcon_core.package_identification:_identify(souzoukougaku14/Arduino/r4_wifi_test_send) by extensions ['colcon_meta']
[1.027s] Level 1:colcon.colcon_core.package_identification:_identify(souzoukougaku14/Arduino/r4_wifi_test_send) by extension 'colcon_meta'
[1.027s] Level 1:colcon.colcon_core.package_identification:_identify(souzoukougaku14/Arduino/r4_wifi_test_send) by extensions ['ros']
[1.027s] Level 1:colcon.colcon_core.package_identification:_identify(souzoukougaku14/Arduino/r4_wifi_test_send) by extension 'ros'
[1.027s] Level 1:colcon.colcon_core.package_identification:_identify(souzoukougaku14/Arduino/r4_wifi_test_send) by extensions ['cmake', 'python']
[1.027s] Level 1:colcon.colcon_core.package_identification:_identify(souzoukougaku14/Arduino/r4_wifi_test_send) by extension 'cmake'
[1.027s] Level 1:colcon.colcon_core.package_identification:_identify(souzoukougaku14/Arduino/r4_wifi_test_send) by extension 'python'
[1.027s] Level 1:colcon.colcon_core.package_identification:_identify(souzoukougaku14/Arduino/r4_wifi_test_send) by extensions ['python_setup_py']
[1.027s] Level 1:colcon.colcon_core.package_identification:_identify(souzoukougaku14/Arduino/r4_wifi_test_send) by extension 'python_setup_py'
[1.028s] Level 1:colcon.colcon_core.package_identification:_identify(souzoukougaku14/Arduino/serial_receive) by extensions ['ignore', 'ignore_ament_install']
[1.028s] Level 1:colcon.colcon_core.package_identification:_identify(souzoukougaku14/Arduino/serial_receive) by extension 'ignore'
[1.028s] Level 1:colcon.colcon_core.package_identification:_identify(souzoukougaku14/Arduino/serial_receive) by extension 'ignore_ament_install'
[1.028s] Level 1:colcon.colcon_core.package_identification:_identify(souzoukougaku14/Arduino/serial_receive) by extensions ['colcon_pkg']
[1.028s] Level 1:colcon.colcon_core.package_identification:_identify(souzoukougaku14/Arduino/serial_receive) by extension 'colcon_pkg'
[1.028s] Level 1:colcon.colcon_core.package_identification:_identify(souzoukougaku14/Arduino/serial_receive) by extensions ['colcon_meta']
[1.028s] Level 1:colcon.colcon_core.package_identification:_identify(souzoukougaku14/Arduino/serial_receive) by extension 'colcon_meta'
[1.028s] Level 1:colcon.colcon_core.package_identification:_identify(souzoukougaku14/Arduino/serial_receive) by extensions ['ros']
[1.028s] Level 1:colcon.colcon_core.package_identification:_identify(souzoukougaku14/Arduino/serial_receive) by extension 'ros'
[1.028s] Level 1:colcon.colcon_core.package_identification:_identify(souzoukougaku14/Arduino/serial_receive) by extensions ['cmake', 'python']
[1.028s] Level 1:colcon.colcon_core.package_identification:_identify(souzoukougaku14/Arduino/serial_receive) by extension 'cmake'
[1.028s] Level 1:colcon.colcon_core.package_identification:_identify(souzoukougaku14/Arduino/serial_receive) by extension 'python'
[1.028s] Level 1:colcon.colcon_core.package_identification:_identify(souzoukougaku14/Arduino/serial_receive) by extensions ['python_setup_py']
[1.028s] Level 1:colcon.colcon_core.package_identification:_identify(souzoukougaku14/Arduino/serial_receive) by extension 'python_setup_py'
[1.029s] Level 1:colcon.colcon_core.package_identification:_identify(souzoukougaku14/Arduino/serial_send) by extensions ['ignore', 'ignore_ament_install']
[1.029s] Level 1:colcon.colcon_core.package_identification:_identify(souzoukougaku14/Arduino/serial_send) by extension 'ignore'
[1.029s] Level 1:colcon.colcon_core.package_identification:_identify(souzoukougaku14/Arduino/serial_send) by extension 'ignore_ament_install'
[1.029s] Level 1:colcon.colcon_core.package_identification:_identify(souzoukougaku14/Arduino/serial_send) by extensions ['colcon_pkg']
[1.029s] Level 1:colcon.colcon_core.package_identification:_identify(souzoukougaku14/Arduino/serial_send) by extension 'colcon_pkg'
[1.029s] Level 1:colcon.colcon_core.package_identification:_identify(souzoukougaku14/Arduino/serial_send) by extensions ['colcon_meta']
[1.029s] Level 1:colcon.colcon_core.package_identification:_identify(souzoukougaku14/Arduino/serial_send) by extension 'colcon_meta'
[1.029s] Level 1:colcon.colcon_core.package_identification:_identify(souzoukougaku14/Arduino/serial_send) by extensions ['ros']
[1.029s] Level 1:colcon.colcon_core.package_identification:_identify(souzoukougaku14/Arduino/serial_send) by extension 'ros'
[1.029s] Level 1:colcon.colcon_core.package_identification:_identify(souzoukougaku14/Arduino/serial_send) by extensions ['cmake', 'python']
[1.029s] Level 1:colcon.colcon_core.package_identification:_identify(souzoukougaku14/Arduino/serial_send) by extension 'cmake'
[1.029s] Level 1:colcon.colcon_core.package_identification:_identify(souzoukougaku14/Arduino/serial_send) by extension 'python'
[1.029s] Level 1:colcon.colcon_core.package_identification:_identify(souzoukougaku14/Arduino/serial_send) by extensions ['python_setup_py']
[1.029s] Level 1:colcon.colcon_core.package_identification:_identify(souzoukougaku14/Arduino/serial_send) by extension 'python_setup_py'
[1.036s] Level 1:colcon.colcon_core.package_identification:_identify(souzoukougaku14/Arduino/udp_sample) by extensions ['ignore', 'ignore_ament_install']
[1.036s] Level 1:colcon.colcon_core.package_identification:_identify(souzoukougaku14/Arduino/udp_sample) by extension 'ignore'
[1.036s] Level 1:colcon.colcon_core.package_identification:_identify(souzoukougaku14/Arduino/udp_sample) by extension 'ignore_ament_install'
[1.036s] Level 1:colcon.colcon_core.package_identification:_identify(souzoukougaku14/Arduino/udp_sample) by extensions ['colcon_pkg']
[1.036s] Level 1:colcon.colcon_core.package_identification:_identify(souzoukougaku14/Arduino/udp_sample) by extension 'colcon_pkg'
[1.036s] Level 1:colcon.colcon_core.package_identification:_identify(souzoukougaku14/Arduino/udp_sample) by extensions ['colcon_meta']
[1.036s] Level 1:colcon.colcon_core.package_identification:_identify(souzoukougaku14/Arduino/udp_sample) by extension 'colcon_meta'
[1.036s] Level 1:colcon.colcon_core.package_identification:_identify(souzoukougaku14/Arduino/udp_sample) by extensions ['ros']
[1.036s] Level 1:colcon.colcon_core.package_identification:_identify(souzoukougaku14/Arduino/udp_sample) by extension 'ros'
[1.036s] Level 1:colcon.colcon_core.package_identification:_identify(souzoukougaku14/Arduino/udp_sample) by extensions ['cmake', 'python']
[1.036s] Level 1:colcon.colcon_core.package_identification:_identify(souzoukougaku14/Arduino/udp_sample) by extension 'cmake'
[1.036s] Level 1:colcon.colcon_core.package_identification:_identify(souzoukougaku14/Arduino/udp_sample) by extension 'python'
[1.037s] Level 1:colcon.colcon_core.package_identification:_identify(souzoukougaku14/Arduino/udp_sample) by extensions ['python_setup_py']
[1.037s] Level 1:colcon.colcon_core.package_identification:_identify(souzoukougaku14/Arduino/udp_sample) by extension 'python_setup_py'
[1.037s] Level 1:colcon.colcon_core.package_identification:_identify(souzoukougaku14/src) by extensions ['ignore', 'ignore_ament_install']
[1.037s] Level 1:colcon.colcon_core.package_identification:_identify(souzoukougaku14/src) by extension 'ignore'
[1.037s] Level 1:colcon.colcon_core.package_identification:_identify(souzoukougaku14/src) by extension 'ignore_ament_install'
[1.037s] Level 1:colcon.colcon_core.package_identification:_identify(souzoukougaku14/src) by extensions ['colcon_pkg']
[1.037s] Level 1:colcon.colcon_core.package_identification:_identify(souzoukougaku14/src) by extension 'colcon_pkg'
[1.037s] Level 1:colcon.colcon_core.package_identification:_identify(souzoukougaku14/src) by extensions ['colcon_meta']
[1.037s] Level 1:colcon.colcon_core.package_identification:_identify(souzoukougaku14/src) by extension 'colcon_meta'
[1.037s] Level 1:colcon.colcon_core.package_identification:_identify(souzoukougaku14/src) by extensions ['ros']
[1.037s] Level 1:colcon.colcon_core.package_identification:_identify(souzoukougaku14/src) by extension 'ros'
[1.038s] Level 1:colcon.colcon_core.package_identification:_identify(souzoukougaku14/src) by extensions ['cmake', 'python']
[1.038s] Level 1:colcon.colcon_core.package_identification:_identify(souzoukougaku14/src) by extension 'cmake'
[1.038s] Level 1:colcon.colcon_core.package_identification:_identify(souzoukougaku14/src) by extension 'python'
[1.038s] Level 1:colcon.colcon_core.package_identification:_identify(souzoukougaku14/src) by extensions ['python_setup_py']
[1.038s] Level 1:colcon.colcon_core.package_identification:_identify(souzoukougaku14/src) by extension 'python_setup_py'
[1.038s] Level 1:colcon.colcon_core.package_identification:_identify(souzoukougaku14/src/build) by extensions ['ignore', 'ignore_ament_install']
[1.038s] Level 1:colcon.colcon_core.package_identification:_identify(souzoukougaku14/src/build) by extension 'ignore'
[1.039s] Level 1:colcon.colcon_core.package_identification:_identify(souzoukougaku14/src/build) ignored
[1.041s] Level 1:colcon.colcon_core.package_identification:_identify(souzoukougaku14/src/cat) by extensions ['ignore', 'ignore_ament_install']
[1.042s] Level 1:colcon.colcon_core.package_identification:_identify(souzoukougaku14/src/cat) by extension 'ignore'
[1.042s] Level 1:colcon.colcon_core.package_identification:_identify(souzoukougaku14/src/cat) by extension 'ignore_ament_install'
[1.042s] Level 1:colcon.colcon_core.package_identification:_identify(souzoukougaku14/src/cat) by extensions ['colcon_pkg']
[1.042s] Level 1:colcon.colcon_core.package_identification:_identify(souzoukougaku14/src/cat) by extension 'colcon_pkg'
[1.042s] Level 1:colcon.colcon_core.package_identification:_identify(souzoukougaku14/src/cat) by extensions ['colcon_meta']
[1.042s] Level 1:colcon.colcon_core.package_identification:_identify(souzoukougaku14/src/cat) by extension 'colcon_meta'
[1.042s] Level 1:colcon.colcon_core.package_identification:_identify(souzoukougaku14/src/cat) by extensions ['ros']
[1.042s] Level 1:colcon.colcon_core.package_identification:_identify(souzoukougaku14/src/cat) by extension 'ros'
[1.043s] DEBUG:colcon.colcon_core.package_identification:Package 'souzoukougaku14/src/cat' with type 'ros.ament_python' and name 'cat'
[1.050s] Level 1:colcon.colcon_core.package_identification:_identify(souzoukougaku14/src/cat_messages) by extensions ['ignore', 'ignore_ament_install']
[1.050s] Level 1:colcon.colcon_core.package_identification:_identify(souzoukougaku14/src/cat_messages) by extension 'ignore'
[1.050s] Level 1:colcon.colcon_core.package_identification:_identify(souzoukougaku14/src/cat_messages) by extension 'ignore_ament_install'
[1.050s] Level 1:colcon.colcon_core.package_identification:_identify(souzoukougaku14/src/cat_messages) by extensions ['colcon_pkg']
[1.050s] Level 1:colcon.colcon_core.package_identification:_identify(souzoukougaku14/src/cat_messages) by extension 'colcon_pkg'
[1.050s] Level 1:colcon.colcon_core.package_identification:_identify(souzoukougaku14/src/cat_messages) by extensions ['colcon_meta']
[1.050s] Level 1:colcon.colcon_core.package_identification:_identify(souzoukougaku14/src/cat_messages) by extension 'colcon_meta'
[1.050s] Level 1:colcon.colcon_core.package_identification:_identify(souzoukougaku14/src/cat_messages) by extensions ['ros']
[1.050s] Level 1:colcon.colcon_core.package_identification:_identify(souzoukougaku14/src/cat_messages) by extension 'ros'
[1.051s] DEBUG:colcon.colcon_core.package_identification:Package 'souzoukougaku14/src/cat_messages' with type 'ros.ament_cmake' and name 'cat_messages'
[1.052s] Level 1:colcon.colcon_core.package_identification:_identify(souzoukougaku14/src/install) by extensions ['ignore', 'ignore_ament_install']
[1.052s] Level 1:colcon.colcon_core.package_identification:_identify(souzoukougaku14/src/install) by extension 'ignore'
[1.052s] Level 1:colcon.colcon_core.package_identification:_identify(souzoukougaku14/src/install) ignored
[1.055s] Level 1:colcon.colcon_core.package_identification:_identify(souzoukougaku14/src/log) by extensions ['ignore', 'ignore_ament_install']
[1.055s] Level 1:colcon.colcon_core.package_identification:_identify(souzoukougaku14/src/log) by extension 'ignore'
[1.055s] Level 1:colcon.colcon_core.package_identification:_identify(souzoukougaku14/src/log) ignored
[1.056s] Level 1:colcon.colcon_core.package_identification:_identify(souzoukougaku14/test) by extensions ['ignore', 'ignore_ament_install']
[1.056s] Level 1:colcon.colcon_core.package_identification:_identify(souzoukougaku14/test) by extension 'ignore'
[1.056s] Level 1:colcon.colcon_core.package_identification:_identify(souzoukougaku14/test) by extension 'ignore_ament_install'
[1.056s] Level 1:colcon.colcon_core.package_identification:_identify(souzoukougaku14/test) by extensions ['colcon_pkg']
[1.056s] Level 1:colcon.colcon_core.package_identification:_identify(souzoukougaku14/test) by extension 'colcon_pkg'
[1.056s] Level 1:colcon.colcon_core.package_identification:_identify(souzoukougaku14/test) by extensions ['colcon_meta']
[1.056s] Level 1:colcon.colcon_core.package_identification:_identify(souzoukougaku14/test) by extension 'colcon_meta'
[1.056s] Level 1:colcon.colcon_core.package_identification:_identify(souzoukougaku14/test) by extensions ['ros']
[1.056s] Level 1:colcon.colcon_core.package_identification:_identify(souzoukougaku14/test) by extension 'ros'
[1.056s] Level 1:colcon.colcon_core.package_identification:_identify(souzoukougaku14/test) by extensions ['cmake', 'python']
[1.056s] Level 1:colcon.colcon_core.package_identification:_identify(souzoukougaku14/test) by extension 'cmake'
[1.056s] Level 1:colcon.colcon_core.package_identification:_identify(souzoukougaku14/test) by extension 'python'
[1.056s] Level 1:colcon.colcon_core.package_identification:_identify(souzoukougaku14/test) by extensions ['python_setup_py']
[1.056s] Level 1:colcon.colcon_core.package_identification:_identify(souzoukougaku14/test) by extension 'python_setup_py'
[1.057s] Level 1:colcon.colcon_core.package_identification:_identify(souzoukougaku14/test/__pycache__) by extensions ['ignore', 'ignore_ament_install']
[1.057s] Level 1:colcon.colcon_core.package_identification:_identify(souzoukougaku14/test/__pycache__) by extension 'ignore'
[1.057s] Level 1:colcon.colcon_core.package_identification:_identify(souzoukougaku14/test/__pycache__) by extension 'ignore_ament_install'
[1.057s] Level 1:colcon.colcon_core.package_identification:_identify(souzoukougaku14/test/__pycache__) by extensions ['colcon_pkg']
[1.057s] Level 1:colcon.colcon_core.package_identification:_identify(souzoukougaku14/test/__pycache__) by extension 'colcon_pkg'
[1.057s] Level 1:colcon.colcon_core.package_identification:_identify(souzoukougaku14/test/__pycache__) by extensions ['colcon_meta']
[1.057s] Level 1:colcon.colcon_core.package_identification:_identify(souzoukougaku14/test/__pycache__) by extension 'colcon_meta'
[1.057s] Level 1:colcon.colcon_core.package_identification:_identify(souzoukougaku14/test/__pycache__) by extensions ['ros']
[1.057s] Level 1:colcon.colcon_core.package_identification:_identify(souzoukougaku14/test/__pycache__) by extension 'ros'
[1.057s] Level 1:colcon.colcon_core.package_identification:_identify(souzoukougaku14/test/__pycache__) by extensions ['cmake', 'python']
[1.057s] Level 1:colcon.colcon_core.package_identification:_identify(souzoukougaku14/test/__pycache__) by extension 'cmake'
[1.057s] Level 1:colcon.colcon_core.package_identification:_identify(souzoukougaku14/test/__pycache__) by extension 'python'
[1.057s] Level 1:colcon.colcon_core.package_identification:_identify(souzoukougaku14/test/__pycache__) by extensions ['python_setup_py']
[1.057s] Level 1:colcon.colcon_core.package_identification:_identify(souzoukougaku14/test/__pycache__) by extension 'python_setup_py'
[1.057s] Level 1:colcon.colcon_core.package_discovery:discover_packages(recursive) using defaults
[1.057s] Level 1:colcon.colcon_core.package_discovery:discover_packages(ignore) discover
[1.057s] Level 1:colcon.colcon_core.package_discovery:discover_packages(ignore) using defaults
[1.057s] Level 1:colcon.colcon_core.package_discovery:discover_packages(path) discover
[1.057s] Level 1:colcon.colcon_core.package_discovery:discover_packages(path) using defaults
[1.113s] Level 1:colcon.colcon_core.package_discovery:discover_packages(prefix_path) check parameters
[1.113s] Level 1:colcon.colcon_core.package_discovery:discover_packages(prefix_path) discover
[1.125s] DEBUG:colcon.colcon_installed_package_information.package_discovery:Found 332 installed packages in /opt/ros/humble
[1.127s] Level 1:colcon.colcon_core.package_discovery:discover_packages(prefix_path) using defaults
[1.174s] Level 5:colcon.colcon_core.verb:set package 'cat_messages' build argument 'cmake_args' from command line to 'None'
[1.174s] Level 5:colcon.colcon_core.verb:set package 'cat_messages' build argument 'cmake_target' from command line to 'None'
[1.174s] Level 5:colcon.colcon_core.verb:set package 'cat_messages' build argument 'cmake_target_skip_unavailable' from command line to 'False'
[1.174s] Level 5:colcon.colcon_core.verb:set package 'cat_messages' build argument 'cmake_clean_cache' from command line to 'False'
[1.174s] Level 5:colcon.colcon_core.verb:set package 'cat_messages' build argument 'cmake_clean_first' from command line to 'False'
[1.174s] Level 5:colcon.colcon_core.verb:set package 'cat_messages' build argument 'cmake_force_configure' from command line to 'False'
[1.174s] Level 5:colcon.colcon_core.verb:set package 'cat_messages' build argument 'ament_cmake_args' from command line to 'None'
[1.174s] Level 5:colcon.colcon_core.verb:set package 'cat_messages' build argument 'catkin_cmake_args' from command line to 'None'
[1.174s] Level 5:colcon.colcon_core.verb:set package 'cat_messages' build argument 'catkin_skip_building_tests' from command line to 'False'
[1.174s] DEBUG:colcon.colcon_core.verb:Building package 'cat_messages' with the following arguments: {'ament_cmake_args': None, 'build_base': '/home/hamilton/souzou/build/cat_messages', 'catkin_cmake_args': None, 'catkin_skip_building_tests': False, 'cmake_args': None, 'cmake_clean_cache': False, 'cmake_clean_first': False, 'cmake_force_configure': False, 'cmake_target': None, 'cmake_target_skip_unavailable': False, 'install_base': '/home/hamilton/souzou/install/cat_messages', 'merge_install': False, 'path': '/home/hamilton/souzou/souzoukougaku14/src/cat_messages', 'symlink_install': True, 'test_result_base': None}
[1.175s] Level 5:colcon.colcon_core.verb:set package 'ros2_aruco' build argument 'cmake_args' from command line to 'None'
[1.175s] Level 5:colcon.colcon_core.verb:set package 'ros2_aruco' build argument 'cmake_target' from command line to 'None'
[1.175s] Level 5:colcon.colcon_core.verb:set package 'ros2_aruco' build argument 'cmake_target_skip_unavailable' from command line to 'False'
[1.175s] Level 5:colcon.colcon_core.verb:set package 'ros2_aruco' build argument 'cmake_clean_cache' from command line to 'False'
[1.175s] Level 5:colcon.colcon_core.verb:set package 'ros2_aruco' build argument 'cmake_clean_first' from command line to 'False'
[1.175s] Level 5:colcon.colcon_core.verb:set package 'ros2_aruco' build argument 'cmake_force_configure' from command line to 'False'
[1.175s] Level 5:colcon.colcon_core.verb:set package 'ros2_aruco' build argument 'ament_cmake_args' from command line to 'None'
[1.175s] Level 5:colcon.colcon_core.verb:set package 'ros2_aruco' build argument 'catkin_cmake_args' from command line to 'None'
[1.175s] Level 5:colcon.colcon_core.verb:set package 'ros2_aruco' build argument 'catkin_skip_building_tests' from command line to 'False'
[1.175s] DEBUG:colcon.colcon_core.verb:Building package 'ros2_aruco' with the following arguments: {'ament_cmake_args': None, 'build_base': '/home/hamilton/souzou/build/ros2_aruco', 'catkin_cmake_args': None, 'catkin_skip_building_tests': False, 'cmake_args': None, 'cmake_clean_cache': False, 'cmake_clean_first': False, 'cmake_force_configure': False, 'cmake_target': None, 'cmake_target_skip_unavailable': False, 'install_base': '/home/hamilton/souzou/install/ros2_aruco', 'merge_install': False, 'path': '/home/hamilton/souzou/ros2_aruco/ros2_aruco', 'symlink_install': True, 'test_result_base': None}
[1.175s] Level 5:colcon.colcon_core.verb:set package 'ros2_aruco_interfaces' build argument 'cmake_args' from command line to 'None'
[1.175s] Level 5:colcon.colcon_core.verb:set package 'ros2_aruco_interfaces' build argument 'cmake_target' from command line to 'None'
[1.175s] Level 5:colcon.colcon_core.verb:set package 'ros2_aruco_interfaces' build argument 'cmake_target_skip_unavailable' from command line to 'False'
[1.175s] Level 5:colcon.colcon_core.verb:set package 'ros2_aruco_interfaces' build argument 'cmake_clean_cache' from command line to 'False'
[1.175s] Level 5:colcon.colcon_core.verb:set package 'ros2_aruco_interfaces' build argument 'cmake_clean_first' from command line to 'False'
[1.175s] Level 5:colcon.colcon_core.verb:set package 'ros2_aruco_interfaces' build argument 'cmake_force_configure' from command line to 'False'
[1.175s] Level 5:colcon.colcon_core.verb:set package 'ros2_aruco_interfaces' build argument 'ament_cmake_args' from command line to 'None'
[1.175s] Level 5:colcon.colcon_core.verb:set package 'ros2_aruco_interfaces' build argument 'catkin_cmake_args' from command line to 'None'
[1.175s] Level 5:colcon.colcon_core.verb:set package 'ros2_aruco_interfaces' build argument 'catkin_skip_building_tests' from command line to 'False'
[1.175s] DEBUG:colcon.colcon_core.verb:Building package 'ros2_aruco_interfaces' with the following arguments: {'ament_cmake_args': None, 'build_base': '/home/hamilton/souzou/build/ros2_aruco_interfaces', 'catkin_cmake_args': None, 'catkin_skip_building_tests': False, 'cmake_args': None, 'cmake_clean_cache': False, 'cmake_clean_first': False, 'cmake_force_configure': False, 'cmake_target': None, 'cmake_target_skip_unavailable': False, 'install_base': '/home/hamilton/souzou/install/ros2_aruco_interfaces', 'merge_install': False, 'path': '/home/hamilton/souzou/ros2_aruco/ros2_aruco_interfaces', 'symlink_install': True, 'test_result_base': None}
[1.176s] Level 5:colcon.colcon_core.verb:set package 'cat' build argument 'cmake_args' from command line to 'None'
[1.176s] Level 5:colcon.colcon_core.verb:set package 'cat' build argument 'cmake_target' from command line to 'None'
[1.176s] Level 5:colcon.colcon_core.verb:set package 'cat' build argument 'cmake_target_skip_unavailable' from command line to 'False'
[1.176s] Level 5:colcon.colcon_core.verb:set package 'cat' build argument 'cmake_clean_cache' from command line to 'False'
[1.176s] Level 5:colcon.colcon_core.verb:set package 'cat' build argument 'cmake_clean_first' from command line to 'False'
[1.176s] Level 5:colcon.colcon_core.verb:set package 'cat' build argument 'cmake_force_configure' from command line to 'False'
[1.176s] Level 5:colcon.colcon_core.verb:set package 'cat' build argument 'ament_cmake_args' from command line to 'None'
[1.176s] Level 5:colcon.colcon_core.verb:set package 'cat' build argument 'catkin_cmake_args' from command line to 'None'
[1.176s] Level 5:colcon.colcon_core.verb:set package 'cat' build argument 'catkin_skip_building_tests' from command line to 'False'
[1.176s] DEBUG:colcon.colcon_core.verb:Building package 'cat' with the following arguments: {'ament_cmake_args': None, 'build_base': '/home/hamilton/souzou/build/cat', 'catkin_cmake_args': None, 'catkin_skip_building_tests': False, 'cmake_args': None, 'cmake_clean_cache': False, 'cmake_clean_first': False, 'cmake_force_configure': False, 'cmake_target': None, 'cmake_target_skip_unavailable': False, 'install_base': '/home/hamilton/souzou/install/cat', 'merge_install': False, 'path': '/home/hamilton/souzou/souzoukougaku14/src/cat', 'symlink_install': True, 'test_result_base': None}
[1.176s] INFO:colcon.colcon_core.executor:Executing jobs using 'parallel' executor
[1.177s] DEBUG:colcon.colcon_parallel_executor.executor.parallel:run_until_complete
[1.177s] INFO:colcon.colcon_ros.task.ament_cmake.build:Building ROS package in '/home/hamilton/souzou/souzoukougaku14/src/cat_messages' with build type 'ament_cmake'
[1.177s] INFO:colcon.colcon_cmake.task.cmake.build:Building CMake package in '/home/hamilton/souzou/souzoukougaku14/src/cat_messages'
[1.190s] INFO:colcon.colcon_core.plugin_system:Skipping extension 'colcon_core.shell.bat': Not used on non-Windows systems
[1.191s] INFO:colcon.colcon_core.shell:Skip shell extension 'powershell' for command environment: Not usable outside of PowerShell
[1.191s] DEBUG:colcon.colcon_core.shell:Skip shell extension 'dsv' for command environment
[1.195s] INFO:colcon.colcon_ros.task.ament_python.build:Building ROS package in '/home/hamilton/souzou/ros2_aruco/ros2_aruco' with build type 'ament_python'
[1.196s] Level 1:colcon.colcon_core.shell:create_environment_hook('ros2_aruco', 'ament_prefix_path')
[1.196s] INFO:colcon.colcon_core.shell:Creating environment hook '/home/hamilton/souzou/install/ros2_aruco/share/ros2_aruco/hook/ament_prefix_path.ps1'
[1.203s] INFO:colcon.colcon_core.shell:Creating environment descriptor '/home/hamilton/souzou/install/ros2_aruco/share/ros2_aruco/hook/ament_prefix_path.dsv'
[1.204s] INFO:colcon.colcon_core.shell:Creating environment hook '/home/hamilton/souzou/install/ros2_aruco/share/ros2_aruco/hook/ament_prefix_path.sh'
[1.205s] INFO:colcon.colcon_core.shell:Skip shell extension 'powershell' for command environment: Not usable outside of PowerShell
[1.205s] DEBUG:colcon.colcon_core.shell:Skip shell extension 'dsv' for command environment
[1.207s] INFO:colcon.colcon_ros.task.ament_cmake.build:Building ROS package in '/home/hamilton/souzou/ros2_aruco/ros2_aruco_interfaces' with build type 'ament_cmake'
[1.208s] INFO:colcon.colcon_cmake.task.cmake.build:Building CMake package in '/home/hamilton/souzou/ros2_aruco/ros2_aruco_interfaces'
[1.208s] INFO:colcon.colcon_core.shell:Skip shell extension 'powershell' for command environment: Not usable outside of PowerShell
[1.208s] DEBUG:colcon.colcon_core.shell:Skip shell extension 'dsv' for command environment
[1.215s] DEBUG:colcon.colcon_core.event_handler.log_command:Invoking command in '/home/hamilton/souzou/build/cat_messages': CMAKE_PREFIX_PATH=/opt/ros/humble /usr/local/bin/cmake --build /home/hamilton/souzou/build/cat_messages -- -j12 -l12
[1.450s] INFO:colcon.colcon_core.task.python.build:Building Python package in '/home/hamilton/souzou/ros2_aruco/ros2_aruco'
[1.450s] INFO:colcon.colcon_core.shell:Skip shell extension 'powershell' for command environment: Not usable outside of PowerShell
[1.450s] DEBUG:colcon.colcon_core.shell:Skip shell extension 'dsv' for command environment
[1.459s] DEBUG:colcon.colcon_core.event_handler.log_command:Invoking command in '/home/hamilton/souzou/build/ros2_aruco_interfaces': CMAKE_PREFIX_PATH=/opt/ros/humble /usr/local/bin/cmake --build /home/hamilton/souzou/build/ros2_aruco_interfaces -- -j12 -l12
[1.632s] DEBUG:colcon.colcon_core.event_handler.log_command:Invoked command in '/home/hamilton/souzou/build/cat_messages' returned '0': CMAKE_PREFIX_PATH=/opt/ros/humble /usr/local/bin/cmake --build /home/hamilton/souzou/build/cat_messages -- -j12 -l12
[1.638s] DEBUG:colcon.colcon_core.event_handler.log_command:Invoking command in '/home/hamilton/souzou/build/cat_messages': CMAKE_PREFIX_PATH=/opt/ros/humble /usr/local/bin/cmake --install /home/hamilton/souzou/build/cat_messages
[1.736s] Level 1:colcon.colcon_core.environment:create_environment_scripts_only(cat_messages)
[1.737s] DEBUG:colcon.colcon_core.event_handler.log_command:Invoked command in '/home/hamilton/souzou/build/cat_messages' returned '0': CMAKE_PREFIX_PATH=/opt/ros/humble /usr/local/bin/cmake --install /home/hamilton/souzou/build/cat_messages
[1.741s] Level 1:colcon.colcon_core.environment:checking '/home/hamilton/souzou/install/cat_messages' for CMake module files
[1.742s] Level 1:colcon.colcon_core.environment:checking '/home/hamilton/souzou/install/cat_messages' for CMake config files
[1.742s] Level 1:colcon.colcon_core.shell:create_environment_hook('cat_messages', 'cmake_prefix_path')
[1.743s] INFO:colcon.colcon_core.shell:Creating environment hook '/home/hamilton/souzou/install/cat_messages/share/cat_messages/hook/cmake_prefix_path.ps1'
[1.743s] INFO:colcon.colcon_core.shell:Creating environment descriptor '/home/hamilton/souzou/install/cat_messages/share/cat_messages/hook/cmake_prefix_path.dsv'
[1.743s] INFO:colcon.colcon_core.shell:Creating environment hook '/home/hamilton/souzou/install/cat_messages/share/cat_messages/hook/cmake_prefix_path.sh'
[1.744s] Level 1:colcon.colcon_core.environment:checking '/home/hamilton/souzou/install/cat_messages/lib'
[1.744s] Level 1:colcon.colcon_core.shell:create_environment_hook('cat_messages', 'ld_library_path_lib')
[1.744s] INFO:colcon.colcon_core.shell:Creating environment hook '/home/hamilton/souzou/install/cat_messages/share/cat_messages/hook/ld_library_path_lib.ps1'
[1.745s] INFO:colcon.colcon_core.shell:Creating environment descriptor '/home/hamilton/souzou/install/cat_messages/share/cat_messages/hook/ld_library_path_lib.dsv'
[1.745s] INFO:colcon.colcon_core.shell:Creating environment hook '/home/hamilton/souzou/install/cat_messages/share/cat_messages/hook/ld_library_path_lib.sh'
[1.745s] Level 1:colcon.colcon_core.environment:checking '/home/hamilton/souzou/install/cat_messages/bin'
[1.745s] Level 1:colcon.colcon_core.environment:checking '/home/hamilton/souzou/install/cat_messages/lib/pkgconfig/cat_messages.pc'
[1.746s] Level 1:colcon.colcon_core.environment:checking '/home/hamilton/souzou/install/cat_messages/lib/python3.10/site-packages'
[1.746s] Level 1:colcon.colcon_core.environment:checking '/home/hamilton/souzou/install/cat_messages/bin'
[1.746s] INFO:colcon.colcon_core.shell:Creating package script '/home/hamilton/souzou/install/cat_messages/share/cat_messages/package.ps1'
[1.747s] INFO:colcon.colcon_core.shell:Creating package descriptor '/home/hamilton/souzou/install/cat_messages/share/cat_messages/package.dsv'
[1.748s] INFO:colcon.colcon_core.shell:Creating package script '/home/hamilton/souzou/install/cat_messages/share/cat_messages/package.sh'
[1.749s] INFO:colcon.colcon_core.shell:Creating package script '/home/hamilton/souzou/install/cat_messages/share/cat_messages/package.bash'
[1.750s] INFO:colcon.colcon_core.shell:Creating package script '/home/hamilton/souzou/install/cat_messages/share/cat_messages/package.zsh'
[1.751s] Level 1:colcon.colcon_core.environment:create_file_with_runtime_dependencies(/home/hamilton/souzou/install/cat_messages/share/colcon-core/packages/cat_messages)
[1.752s] Level 1:colcon.colcon_core.environment:create_environment_scripts_only(cat_messages)
[1.752s] Level 1:colcon.colcon_core.environment:checking '/home/hamilton/souzou/install/cat_messages' for CMake module files
[1.752s] Level 1:colcon.colcon_core.environment:checking '/home/hamilton/souzou/install/cat_messages' for CMake config files
[1.753s] Level 1:colcon.colcon_core.shell:create_environment_hook('cat_messages', 'cmake_prefix_path')
[1.753s] INFO:colcon.colcon_core.shell:Creating environment hook '/home/hamilton/souzou/install/cat_messages/share/cat_messages/hook/cmake_prefix_path.ps1'
[1.753s] INFO:colcon.colcon_core.shell:Creating environment descriptor '/home/hamilton/souzou/install/cat_messages/share/cat_messages/hook/cmake_prefix_path.dsv'
[1.754s] INFO:colcon.colcon_core.shell:Creating environment hook '/home/hamilton/souzou/install/cat_messages/share/cat_messages/hook/cmake_prefix_path.sh'
[1.754s] Level 1:colcon.colcon_core.environment:checking '/home/hamilton/souzou/install/cat_messages/lib'
[1.754s] Level 1:colcon.colcon_core.shell:create_environment_hook('cat_messages', 'ld_library_path_lib')
[1.754s] INFO:colcon.colcon_core.shell:Creating environment hook '/home/hamilton/souzou/install/cat_messages/share/cat_messages/hook/ld_library_path_lib.ps1'
[1.755s] INFO:colcon.colcon_core.shell:Creating environment descriptor '/home/hamilton/souzou/install/cat_messages/share/cat_messages/hook/ld_library_path_lib.dsv'
[1.755s] INFO:colcon.colcon_core.shell:Creating environment hook '/home/hamilton/souzou/install/cat_messages/share/cat_messages/hook/ld_library_path_lib.sh'
[1.755s] Level 1:colcon.colcon_core.environment:checking '/home/hamilton/souzou/install/cat_messages/bin'
[1.755s] Level 1:colcon.colcon_core.environment:checking '/home/hamilton/souzou/install/cat_messages/lib/pkgconfig/cat_messages.pc'
[1.756s] Level 1:colcon.colcon_core.environment:checking '/home/hamilton/souzou/install/cat_messages/lib/python3.10/site-packages'
[1.756s] Level 1:colcon.colcon_core.environment:checking '/home/hamilton/souzou/install/cat_messages/bin'
[1.756s] INFO:colcon.colcon_core.shell:Creating package script '/home/hamilton/souzou/install/cat_messages/share/cat_messages/package.ps1'
[1.756s] INFO:colcon.colcon_core.shell:Creating package descriptor '/home/hamilton/souzou/install/cat_messages/share/cat_messages/package.dsv'
[1.757s] INFO:colcon.colcon_core.shell:Creating package script '/home/hamilton/souzou/install/cat_messages/share/cat_messages/package.sh'
[1.757s] INFO:colcon.colcon_core.shell:Creating package script '/home/hamilton/souzou/install/cat_messages/share/cat_messages/package.bash'
[1.758s] INFO:colcon.colcon_core.shell:Creating package script '/home/hamilton/souzou/install/cat_messages/share/cat_messages/package.zsh'
[1.758s] Level 1:colcon.colcon_core.environment:create_file_with_runtime_dependencies(/home/hamilton/souzou/install/cat_messages/share/colcon-core/packages/cat_messages)
[1.758s] INFO:colcon.colcon_ros.task.ament_python.build:Building ROS package in '/home/hamilton/souzou/souzoukougaku14/src/cat' with build type 'ament_python'
[1.758s] Level 1:colcon.colcon_core.shell:create_environment_hook('cat', 'ament_prefix_path')
[1.758s] INFO:colcon.colcon_core.shell:Creating environment hook '/home/hamilton/souzou/install/cat/share/cat/hook/ament_prefix_path.ps1'
[1.759s] INFO:colcon.colcon_core.shell:Creating environment descriptor '/home/hamilton/souzou/install/cat/share/cat/hook/ament_prefix_path.dsv'
[1.759s] INFO:colcon.colcon_core.shell:Creating environment hook '/home/hamilton/souzou/install/cat/share/cat/hook/ament_prefix_path.sh'
[1.760s] INFO:colcon.colcon_core.shell:Skip shell extension 'powershell' for command environment: Not usable outside of PowerShell
[1.760s] DEBUG:colcon.colcon_core.shell:Skip shell extension 'dsv' for command environment
[1.971s] INFO:colcon.colcon_core.task.python.build:Building Python package in '/home/hamilton/souzou/souzoukougaku14/src/cat'
[1.972s] INFO:colcon.colcon_core.shell:Skip shell extension 'powershell' for command environment: Not usable outside of PowerShell
[1.972s] DEBUG:colcon.colcon_core.shell:Skip shell extension 'dsv' for command environment
[1.975s] DEBUG:colcon.colcon_core.event_handler.log_command:Invoked command in '/home/hamilton/souzou/build/ros2_aruco_interfaces' returned '0': CMAKE_PREFIX_PATH=/opt/ros/humble /usr/local/bin/cmake --build /home/hamilton/souzou/build/ros2_aruco_interfaces -- -j12 -l12
[1.978s] DEBUG:colcon.colcon_core.event_handler.log_command:Invoking command in '/home/hamilton/souzou/build/ros2_aruco_interfaces': CMAKE_PREFIX_PATH=/opt/ros/humble /usr/local/bin/cmake --install /home/hamilton/souzou/build/ros2_aruco_interfaces
[2.060s] Level 1:colcon.colcon_core.environment:create_environment_scripts_only(ros2_aruco_interfaces)
[2.060s] Level 1:colcon.colcon_core.environment:checking '/home/hamilton/souzou/install/ros2_aruco_interfaces' for CMake module files
[2.061s] DEBUG:colcon.colcon_core.event_handler.log_command:Invoked command in '/home/hamilton/souzou/build/ros2_aruco_interfaces' returned '0': CMAKE_PREFIX_PATH=/opt/ros/humble /usr/local/bin/cmake --install /home/hamilton/souzou/build/ros2_aruco_interfaces
[2.061s] Level 1:colcon.colcon_core.environment:checking '/home/hamilton/souzou/install/ros2_aruco_interfaces' for CMake config files
[2.062s] Level 1:colcon.colcon_core.shell:create_environment_hook('ros2_aruco_interfaces', 'cmake_prefix_path')
[2.062s] INFO:colcon.colcon_core.shell:Creating environment hook '/home/hamilton/souzou/install/ros2_aruco_interfaces/share/ros2_aruco_interfaces/hook/cmake_prefix_path.ps1'
[2.062s] INFO:colcon.colcon_core.shell:Creating environment descriptor '/home/hamilton/souzou/install/ros2_aruco_interfaces/share/ros2_aruco_interfaces/hook/cmake_prefix_path.dsv'
[2.063s] INFO:colcon.colcon_core.shell:Creating environment hook '/home/hamilton/souzou/install/ros2_aruco_interfaces/share/ros2_aruco_interfaces/hook/cmake_prefix_path.sh'
[2.063s] Level 1:colcon.colcon_core.environment:checking '/home/hamilton/souzou/install/ros2_aruco_interfaces/lib'
[2.063s] Level 1:colcon.colcon_core.shell:create_environment_hook('ros2_aruco_interfaces', 'ld_library_path_lib')
[2.063s] INFO:colcon.colcon_core.shell:Creating environment hook '/home/hamilton/souzou/install/ros2_aruco_interfaces/share/ros2_aruco_interfaces/hook/ld_library_path_lib.ps1'
[2.064s] INFO:colcon.colcon_core.shell:Creating environment descriptor '/home/hamilton/souzou/install/ros2_aruco_interfaces/share/ros2_aruco_interfaces/hook/ld_library_path_lib.dsv'
[2.064s] INFO:colcon.colcon_core.shell:Creating environment hook '/home/hamilton/souzou/install/ros2_aruco_interfaces/share/ros2_aruco_interfaces/hook/ld_library_path_lib.sh'
[2.064s] Level 1:colcon.colcon_core.environment:checking '/home/hamilton/souzou/install/ros2_aruco_interfaces/bin'
[2.064s] Level 1:colcon.colcon_core.environment:checking '/home/hamilton/souzou/install/ros2_aruco_interfaces/lib/pkgconfig/ros2_aruco_interfaces.pc'
[2.064s] Level 1:colcon.colcon_core.environment:checking '/home/hamilton/souzou/install/ros2_aruco_interfaces/lib/python3.10/site-packages'
[2.065s] Level 1:colcon.colcon_core.environment:checking '/home/hamilton/souzou/install/ros2_aruco_interfaces/bin'
[2.065s] INFO:colcon.colcon_core.shell:Creating package script '/home/hamilton/souzou/install/ros2_aruco_interfaces/share/ros2_aruco_interfaces/package.ps1'
[2.065s] INFO:colcon.colcon_core.shell:Creating package descriptor '/home/hamilton/souzou/install/ros2_aruco_interfaces/share/ros2_aruco_interfaces/package.dsv'
[2.066s] INFO:colcon.colcon_core.shell:Creating package script '/home/hamilton/souzou/install/ros2_aruco_interfaces/share/ros2_aruco_interfaces/package.sh'
[2.066s] INFO:colcon.colcon_core.shell:Creating package script '/home/hamilton/souzou/install/ros2_aruco_interfaces/share/ros2_aruco_interfaces/package.bash'
[2.066s] INFO:colcon.colcon_core.shell:Creating package script '/home/hamilton/souzou/install/ros2_aruco_interfaces/share/ros2_aruco_interfaces/package.zsh'
[2.067s] Level 1:colcon.colcon_core.environment:create_file_with_runtime_dependencies(/home/hamilton/souzou/install/ros2_aruco_interfaces/share/colcon-core/packages/ros2_aruco_interfaces)
[2.067s] Level 1:colcon.colcon_core.environment:create_environment_scripts_only(ros2_aruco_interfaces)
[2.067s] Level 1:colcon.colcon_core.environment:checking '/home/hamilton/souzou/install/ros2_aruco_interfaces' for CMake module files
[2.068s] Level 1:colcon.colcon_core.environment:checking '/home/hamilton/souzou/install/ros2_aruco_interfaces' for CMake config files
[2.068s] Level 1:colcon.colcon_core.shell:create_environment_hook('ros2_aruco_interfaces', 'cmake_prefix_path')
[2.068s] INFO:colcon.colcon_core.shell:Creating environment hook '/home/hamilton/souzou/install/ros2_aruco_interfaces/share/ros2_aruco_interfaces/hook/cmake_prefix_path.ps1'
[2.069s] INFO:colcon.colcon_core.shell:Creating environment descriptor '/home/hamilton/souzou/install/ros2_aruco_interfaces/share/ros2_aruco_interfaces/hook/cmake_prefix_path.dsv'
[2.069s] INFO:colcon.colcon_core.shell:Creating environment hook '/home/hamilton/souzou/install/ros2_aruco_interfaces/share/ros2_aruco_interfaces/hook/cmake_prefix_path.sh'
[2.069s] Level 1:colcon.colcon_core.environment:checking '/home/hamilton/souzou/install/ros2_aruco_interfaces/lib'
[2.070s] Level 1:colcon.colcon_core.shell:create_environment_hook('ros2_aruco_interfaces', 'ld_library_path_lib')
[2.070s] INFO:colcon.colcon_core.shell:Creating environment hook '/home/hamilton/souzou/install/ros2_aruco_interfaces/share/ros2_aruco_interfaces/hook/ld_library_path_lib.ps1'
[2.070s] INFO:colcon.colcon_core.shell:Creating environment descriptor '/home/hamilton/souzou/install/ros2_aruco_interfaces/share/ros2_aruco_interfaces/hook/ld_library_path_lib.dsv'
[2.070s] INFO:colcon.colcon_core.shell:Creating environment hook '/home/hamilton/souzou/install/ros2_aruco_interfaces/share/ros2_aruco_interfaces/hook/ld_library_path_lib.sh'
[2.071s] Level 1:colcon.colcon_core.environment:checking '/home/hamilton/souzou/install/ros2_aruco_interfaces/bin'
[2.071s] Level 1:colcon.colcon_core.environment:checking '/home/hamilton/souzou/install/ros2_aruco_interfaces/lib/pkgconfig/ros2_aruco_interfaces.pc'
[2.071s] Level 1:colcon.colcon_core.environment:checking '/home/hamilton/souzou/install/ros2_aruco_interfaces/lib/python3.10/site-packages'
[2.071s] Level 1:colcon.colcon_core.environment:checking '/home/hamilton/souzou/install/ros2_aruco_interfaces/bin'
[2.071s] INFO:colcon.colcon_core.shell:Creating package script '/home/hamilton/souzou/install/ros2_aruco_interfaces/share/ros2_aruco_interfaces/package.ps1'
[2.072s] INFO:colcon.colcon_core.shell:Creating package descriptor '/home/hamilton/souzou/install/ros2_aruco_interfaces/share/ros2_aruco_interfaces/package.dsv'
[2.072s] INFO:colcon.colcon_core.shell:Creating package script '/home/hamilton/souzou/install/ros2_aruco_interfaces/share/ros2_aruco_interfaces/package.sh'
[2.072s] INFO:colcon.colcon_core.shell:Creating package script '/home/hamilton/souzou/install/ros2_aruco_interfaces/share/ros2_aruco_interfaces/package.bash'
[2.073s] INFO:colcon.colcon_core.shell:Creating package script '/home/hamilton/souzou/install/ros2_aruco_interfaces/share/ros2_aruco_interfaces/package.zsh'
[2.073s] Level 1:colcon.colcon_core.environment:create_file_with_runtime_dependencies(/home/hamilton/souzou/install/ros2_aruco_interfaces/share/colcon-core/packages/ros2_aruco_interfaces)
[2.193s] DEBUG:colcon.colcon_core.event_handler.log_command:Invoking command in '/home/hamilton/souzou/build/ros2_aruco': PYTHONPATH=/home/hamilton/souzou/build/ros2_aruco/prefix_override:/usr/lib/python3/dist-packages/colcon_core/task/python/colcon_distutils_commands:/home/hamilton/souzou/install/ros2_aruco/lib/python3.10/site-packages:${PYTHONPATH} /usr/bin/python3 -W ignore:setup.py install is deprecated -W ignore:easy_install command is deprecated setup.py develop --editable --build-directory /home/hamilton/souzou/build/ros2_aruco/build --no-deps symlink_data
[2.491s] DEBUG:colcon.colcon_core.event_handler.log_command:Invoking command in '/home/hamilton/souzou/build/cat': AMENT_PREFIX_PATH=/home/hamilton/souzou/install/cat_messages:${AMENT_PREFIX_PATH} CMAKE_PREFIX_PATH=/home/hamilton/souzou/install/cat_messages LD_LIBRARY_PATH=/home/hamilton/souzou/install/cat_messages/lib:/usr/local/lib:/usr/local/cuda/lib64:/usr/lib/x86_64-linux-gnu/gazebo-11/plugins:/opt/ros/humble/opt/rviz_ogre_vendor/lib:/opt/ros/humble/lib/x86_64-linux-gnu:/opt/ros/humble/lib:/home/hamilton/miniconda3/envs/base/lib:/usr/share/gazebo/../../lib/x86_64-linux-gnu/gazebo-11/plugins:/usr/local/cuda/lib64 PYTHONPATH=/home/hamilton/souzou/build/cat/prefix_override:/usr/lib/python3/dist-packages/colcon_core/task/python/colcon_distutils_commands:/home/hamilton/souzou/install/cat/lib/python3.10/site-packages:/home/hamilton/souzou/install/cat_messages/local/lib/python3.10/dist-packages:${PYTHONPATH} /usr/bin/python3 -W ignore:setup.py install is deprecated -W ignore:easy_install command is deprecated setup.py develop --editable --build-directory /home/hamilton/souzou/build/cat/build --no-deps symlink_data
[2.870s] Level 1:colcon.colcon_core.shell:create_environment_hook('ros2_aruco', 'pythonpath_develop')
[2.870s] INFO:colcon.colcon_core.shell:Creating environment hook '/home/hamilton/souzou/build/ros2_aruco/share/ros2_aruco/hook/pythonpath_develop.ps1'
[2.871s] DEBUG:colcon.colcon_core.event_handler.log_command:Invoked command in '/home/hamilton/souzou/build/ros2_aruco' returned '0': PYTHONPATH=/home/hamilton/souzou/build/ros2_aruco/prefix_override:/usr/lib/python3/dist-packages/colcon_core/task/python/colcon_distutils_commands:/home/hamilton/souzou/install/ros2_aruco/lib/python3.10/site-packages:${PYTHONPATH} /usr/bin/python3 -W ignore:setup.py install is deprecated -W ignore:easy_install command is deprecated setup.py develop --editable --build-directory /home/hamilton/souzou/build/ros2_aruco/build --no-deps symlink_data
[2.871s] INFO:colcon.colcon_core.shell:Creating environment descriptor '/home/hamilton/souzou/build/ros2_aruco/share/ros2_aruco/hook/pythonpath_develop.dsv'
[2.871s] INFO:colcon.colcon_core.shell:Creating environment hook '/home/hamilton/souzou/build/ros2_aruco/share/ros2_aruco/hook/pythonpath_develop.sh'
[2.872s] Level 1:colcon.colcon_core.environment:checking '/home/hamilton/souzou/install/ros2_aruco' for CMake module files
[2.872s] Level 1:colcon.colcon_core.environment:checking '/home/hamilton/souzou/install/ros2_aruco' for CMake config files
[2.873s] Level 1:colcon.colcon_core.environment:checking '/home/hamilton/souzou/install/ros2_aruco/lib'
[2.873s] Level 1:colcon.colcon_core.environment:checking '/home/hamilton/souzou/install/ros2_aruco/bin'
[2.873s] Level 1:colcon.colcon_core.environment:checking '/home/hamilton/souzou/install/ros2_aruco/lib/pkgconfig/ros2_aruco.pc'
[2.873s] Level 1:colcon.colcon_core.environment:checking '/home/hamilton/souzou/install/ros2_aruco/lib/python3.10/site-packages'
[2.873s] Level 1:colcon.colcon_core.shell:create_environment_hook('ros2_aruco', 'pythonpath')
[2.873s] INFO:colcon.colcon_core.shell:Creating environment hook '/home/hamilton/souzou/install/ros2_aruco/share/ros2_aruco/hook/pythonpath.ps1'
[2.873s] INFO:colcon.colcon_core.shell:Creating environment descriptor '/home/hamilton/souzou/install/ros2_aruco/share/ros2_aruco/hook/pythonpath.dsv'
[2.874s] INFO:colcon.colcon_core.shell:Creating environment hook '/home/hamilton/souzou/install/ros2_aruco/share/ros2_aruco/hook/pythonpath.sh'
[2.874s] Level 1:colcon.colcon_core.environment:checking '/home/hamilton/souzou/install/ros2_aruco/bin'
[2.874s] Level 1:colcon.colcon_core.environment:create_environment_scripts_only(ros2_aruco)
[2.875s] INFO:colcon.colcon_core.shell:Creating package script '/home/hamilton/souzou/install/ros2_aruco/share/ros2_aruco/package.ps1'
[2.875s] INFO:colcon.colcon_core.shell:Creating package descriptor '/home/hamilton/souzou/install/ros2_aruco/share/ros2_aruco/package.dsv'
[2.875s] INFO:colcon.colcon_core.shell:Creating package script '/home/hamilton/souzou/install/ros2_aruco/share/ros2_aruco/package.sh'
[2.876s] INFO:colcon.colcon_core.shell:Creating package script '/home/hamilton/souzou/install/ros2_aruco/share/ros2_aruco/package.bash'
[2.876s] INFO:colcon.colcon_core.shell:Creating package script '/home/hamilton/souzou/install/ros2_aruco/share/ros2_aruco/package.zsh'
[2.876s] Level 1:colcon.colcon_core.environment:create_file_with_runtime_dependencies(/home/hamilton/souzou/install/ros2_aruco/share/colcon-core/packages/ros2_aruco)
[3.171s] Level 1:colcon.colcon_core.shell:create_environment_hook('cat', 'pythonpath_develop')
[3.171s] INFO:colcon.colcon_core.shell:Creating environment hook '/home/hamilton/souzou/build/cat/share/cat/hook/pythonpath_develop.ps1'
[3.172s] DEBUG:colcon.colcon_core.event_handler.log_command:Invoked command in '/home/hamilton/souzou/build/cat' returned '0': AMENT_PREFIX_PATH=/home/hamilton/souzou/install/cat_messages:${AMENT_PREFIX_PATH} CMAKE_PREFIX_PATH=/home/hamilton/souzou/install/cat_messages LD_LIBRARY_PATH=/home/hamilton/souzou/install/cat_messages/lib:/usr/local/lib:/usr/local/cuda/lib64:/usr/lib/x86_64-linux-gnu/gazebo-11/plugins:/opt/ros/humble/opt/rviz_ogre_vendor/lib:/opt/ros/humble/lib/x86_64-linux-gnu:/opt/ros/humble/lib:/home/hamilton/miniconda3/envs/base/lib:/usr/share/gazebo/../../lib/x86_64-linux-gnu/gazebo-11/plugins:/usr/local/cuda/lib64 PYTHONPATH=/home/hamilton/souzou/build/cat/prefix_override:/usr/lib/python3/dist-packages/colcon_core/task/python/colcon_distutils_commands:/home/hamilton/souzou/install/cat/lib/python3.10/site-packages:/home/hamilton/souzou/install/cat_messages/local/lib/python3.10/dist-packages:${PYTHONPATH} /usr/bin/python3 -W ignore:setup.py install is deprecated -W ignore:easy_install command is deprecated setup.py develop --editable --build-directory /home/hamilton/souzou/build/cat/build --no-deps symlink_data
[3.172s] INFO:colcon.colcon_core.shell:Creating environment descriptor '/home/hamilton/souzou/build/cat/share/cat/hook/pythonpath_develop.dsv'
[3.173s] INFO:colcon.colcon_core.shell:Creating environment hook '/home/hamilton/souzou/build/cat/share/cat/hook/pythonpath_develop.sh'
[3.173s] Level 1:colcon.colcon_core.environment:checking '/home/hamilton/souzou/install/cat' for CMake module files
[3.173s] Level 1:colcon.colcon_core.environment:checking '/home/hamilton/souzou/install/cat' for CMake config files
[3.174s] Level 1:colcon.colcon_core.environment:checking '/home/hamilton/souzou/install/cat/lib'
[3.174s] Level 1:colcon.colcon_core.environment:checking '/home/hamilton/souzou/install/cat/bin'
[3.174s] Level 1:colcon.colcon_core.environment:checking '/home/hamilton/souzou/install/cat/lib/pkgconfig/cat.pc'
[3.174s] Level 1:colcon.colcon_core.environment:checking '/home/hamilton/souzou/install/cat/lib/python3.10/site-packages'
[3.174s] Level 1:colcon.colcon_core.shell:create_environment_hook('cat', 'pythonpath')
[3.174s] INFO:colcon.colcon_core.shell:Creating environment hook '/home/hamilton/souzou/install/cat/share/cat/hook/pythonpath.ps1'
[3.175s] INFO:colcon.colcon_core.shell:Creating environment descriptor '/home/hamilton/souzou/install/cat/share/cat/hook/pythonpath.dsv'
[3.175s] INFO:colcon.colcon_core.shell:Creating environment hook '/home/hamilton/souzou/install/cat/share/cat/hook/pythonpath.sh'
[3.175s] Level 1:colcon.colcon_core.environment:checking '/home/hamilton/souzou/install/cat/bin'
[3.176s] Level 1:colcon.colcon_core.environment:create_environment_scripts_only(cat)
[3.176s] INFO:colcon.colcon_core.shell:Creating package script '/home/hamilton/souzou/install/cat/share/cat/package.ps1'
[3.176s] INFO:colcon.colcon_core.shell:Creating package descriptor '/home/hamilton/souzou/install/cat/share/cat/package.dsv'
[3.177s] INFO:colcon.colcon_core.shell:Creating package script '/home/hamilton/souzou/install/cat/share/cat/package.sh'
[3.177s] INFO:colcon.colcon_core.shell:Creating package script '/home/hamilton/souzou/install/cat/share/cat/package.bash'
[3.177s] INFO:colcon.colcon_core.shell:Creating package script '/home/hamilton/souzou/install/cat/share/cat/package.zsh'
[3.178s] Level 1:colcon.colcon_core.environment:create_file_with_runtime_dependencies(/home/hamilton/souzou/install/cat/share/colcon-core/packages/cat)
[3.178s] DEBUG:colcon.colcon_parallel_executor.executor.parallel:closing loop
[3.178s] DEBUG:colcon.colcon_parallel_executor.executor.parallel:loop closed
[3.178s] DEBUG:colcon.colcon_parallel_executor.executor.parallel:run_until_complete finished with '0'
[3.178s] DEBUG:colcon.colcon_core.event_reactor:joining thread
[3.184s] INFO:colcon.colcon_core.plugin_system:Skipping extension 'colcon_notification.desktop_notification.terminal_notifier': Not used on non-Darwin systems
[3.184s] INFO:colcon.colcon_core.plugin_system:Skipping extension 'colcon_notification.desktop_notification.win32': Not used on non-Windows systems
[3.184s] INFO:colcon.colcon_notification.desktop_notification:Sending desktop notification using 'notify2'
[3.204s] DEBUG:colcon.colcon_core.event_reactor:joined thread
[3.204s] INFO:colcon.colcon_core.shell:Creating prefix script '/home/hamilton/souzou/install/local_setup.ps1'
[3.206s] INFO:colcon.colcon_core.shell:Creating prefix util module '/home/hamilton/souzou/install/_local_setup_util_ps1.py'
[3.208s] INFO:colcon.colcon_core.shell:Creating prefix chain script '/home/hamilton/souzou/install/setup.ps1'
[3.209s] INFO:colcon.colcon_core.shell:Creating prefix script '/home/hamilton/souzou/install/local_setup.sh'
[3.210s] INFO:colcon.colcon_core.shell:Creating prefix util module '/home/hamilton/souzou/install/_local_setup_util_sh.py'
[3.211s] INFO:colcon.colcon_core.shell:Creating prefix chain script '/home/hamilton/souzou/install/setup.sh'
[3.212s] INFO:colcon.colcon_core.shell:Creating prefix script '/home/hamilton/souzou/install/local_setup.bash'
[3.213s] INFO:colcon.colcon_core.shell:Creating prefix chain script '/home/hamilton/souzou/install/setup.bash'
[3.215s] INFO:colcon.colcon_core.shell:Creating prefix script '/home/hamilton/souzou/install/local_setup.zsh'
[3.216s] INFO:colcon.colcon_core.shell:Creating prefix chain script '/home/hamilton/souzou/install/setup.zsh'
