[0.010s] Invoking command in '/home/hamilton/souzou/src/build/cat_messages': CMAKE_PREFIX_PATH=${CMAKE_PREFIX_PATH}:/home/hamilton/souzou/src/install/cat:/opt/ros/humble CONDA_PROMPT_MODIFIER=(souzou) /usr/bin/cmake --build /home/hamilton/souzou/src/build/cat_messages -- -j8 -l8
[0.052s] [  6%] Built target cat_messages__cpp
[0.052s] [ 12%] Built target cat_messages__rosidl_generator_c
[0.058s] [ 12%] Built target ament_cmake_python_symlink_cat_messages
[0.076s] [ 22%] Built target cat_messages__rosidl_typesupport_fastrtps_cpp
[0.076s] [ 32%] Built target cat_messages__rosidl_typesupport_cpp
[0.076s] [ 41%] Built target cat_messages__rosidl_typesupport_introspection_cpp
[0.083s] [ 51%] Built target cat_messages__rosidl_typesupport_introspection_c
[0.083s] [ 61%] Built target cat_messages__rosidl_typesupport_c
[0.084s] [ 70%] Built target cat_messages__rosidl_typesupport_fastrtps_c
[0.102s] [ 70%] Built target cat_messages
[0.121s] [ 74%] Built target cat_messages__py
[0.140s] [ 80%] Built target cat_messages__rosidl_generator_py
[0.160s] [100%] Built target cat_messages__rosidl_typesupport_introspection_c__pyext
[0.160s] [100%] Built target cat_messages__rosidl_typesupport_c__pyext
[0.160s] [100%] Built target cat_messages__rosidl_typesupport_fastrtps_c__pyext
[0.243s] running egg_info
[0.243s] writing cat_messages.egg-info/PKG-INFO
[0.244s] writing dependency_links to cat_messages.egg-info/dependency_links.txt
[0.244s] writing top-level names to cat_messages.egg-info/top_level.txt
[0.248s] reading manifest file 'cat_messages.egg-info/SOURCES.txt'
[0.248s] writing manifest file 'cat_messages.egg-info/SOURCES.txt'
[0.267s] [100%] Built target ament_cmake_python_build_cat_messages_egg
[0.275s] Invoked command in '/home/hamilton/souzou/src/build/cat_messages' returned '0': CMAKE_PREFIX_PATH=${CMAKE_PREFIX_PATH}:/home/hamilton/souzou/src/install/cat:/opt/ros/humble CONDA_PROMPT_MODIFIER=(souzou) /usr/bin/cmake --build /home/hamilton/souzou/src/build/cat_messages -- -j8 -l8
[0.360s] Invoking command in '/home/hamilton/souzou/src/build/cat_messages': CMAKE_PREFIX_PATH=${CMAKE_PREFIX_PATH}:/home/hamilton/souzou/src/install/cat:/opt/ros/humble CONDA_PROMPT_MODIFIER=(souzou) /usr/bin/cmake --install /home/hamilton/souzou/src/build/cat_messages
[0.365s] -- Install configuration: ""
[0.365s] -- Execute custom install script
[0.365s] -- Up-to-date symlink: /home/hamilton/souzou/src/install/cat_messages/share/ament_index/resource_index/rosidl_interfaces/cat_messages
[0.366s] -- Up-to-date symlink: /home/hamilton/souzou/src/install/cat_messages/include/cat_messages/cat_messages/msg/detail/joy_cat__functions.h
[0.366s] -- Up-to-date symlink: /home/hamilton/souzou/src/install/cat_messages/include/cat_messages/cat_messages/msg/detail/joy_cat__struct.h
[0.366s] -- Up-to-date symlink: /home/hamilton/souzou/src/install/cat_messages/include/cat_messages/cat_messages/msg/detail/joy_cat__type_support.h
[0.366s] -- Up-to-date symlink: /home/hamilton/souzou/src/install/cat_messages/include/cat_messages/cat_messages/msg/joy_cat.h
[0.366s] -- Up-to-date symlink: /home/hamilton/souzou/src/install/cat_messages/include/cat_messages/cat_messages/msg/rosidl_generator_c__visibility_control.h
[0.366s] -- Up-to-date symlink: /home/hamilton/souzou/src/install/cat_messages/share/cat_messages/environment/library_path.sh
[0.366s] -- Up-to-date symlink: /home/hamilton/souzou/src/install/cat_messages/share/cat_messages/environment/library_path.dsv
[0.366s] -- Up-to-date symlink: /home/hamilton/souzou/src/install/cat_messages/include/cat_messages/cat_messages/msg/detail/joy_cat__rosidl_typesupport_fastrtps_c.h
[0.366s] -- Up-to-date symlink: /home/hamilton/souzou/src/install/cat_messages/include/cat_messages/cat_messages/msg/rosidl_typesupport_fastrtps_c__visibility_control.h
[0.367s] -- Up-to-date symlink: /home/hamilton/souzou/src/install/cat_messages/include/cat_messages/cat_messages/msg/detail/joy_cat__rosidl_typesupport_introspection_c.h
[0.367s] -- Up-to-date symlink: /home/hamilton/souzou/src/install/cat_messages/include/cat_messages/cat_messages/msg/rosidl_typesupport_introspection_c__visibility_control.h
[0.367s] -- Up-to-date symlink: /home/hamilton/souzou/src/install/cat_messages/include/cat_messages/cat_messages/msg/detail/joy_cat__builder.hpp
[0.367s] -- Up-to-date symlink: /home/hamilton/souzou/src/install/cat_messages/include/cat_messages/cat_messages/msg/detail/joy_cat__struct.hpp
[0.367s] -- Up-to-date symlink: /home/hamilton/souzou/src/install/cat_messages/include/cat_messages/cat_messages/msg/detail/joy_cat__traits.hpp
[0.367s] -- Up-to-date symlink: /home/hamilton/souzou/src/install/cat_messages/include/cat_messages/cat_messages/msg/joy_cat.hpp
[0.367s] -- Up-to-date symlink: /home/hamilton/souzou/src/install/cat_messages/include/cat_messages/cat_messages/msg/detail/joy_cat__rosidl_typesupport_fastrtps_cpp.hpp
[0.367s] -- Up-to-date symlink: /home/hamilton/souzou/src/install/cat_messages/include/cat_messages/cat_messages/msg/rosidl_typesupport_fastrtps_cpp__visibility_control.h
[0.368s] -- Up-to-date symlink: /home/hamilton/souzou/src/install/cat_messages/include/cat_messages/cat_messages/msg/detail/joy_cat__rosidl_typesupport_introspection_cpp.hpp
[0.368s] -- Up-to-date symlink: /home/hamilton/souzou/src/install/cat_messages/share/cat_messages/environment/pythonpath.sh
[0.368s] -- Up-to-date symlink: /home/hamilton/souzou/src/install/cat_messages/share/cat_messages/environment/pythonpath.dsv
[0.368s] -- Up-to-date symlink: /home/hamilton/souzou/src/install/cat_messages/local/lib/python3.10/dist-packages/cat_messages-0.0.0-py3.10.egg-info/PKG-INFO
[0.368s] -- Up-to-date symlink: /home/hamilton/souzou/src/install/cat_messages/local/lib/python3.10/dist-packages/cat_messages-0.0.0-py3.10.egg-info/SOURCES.txt
[0.368s] -- Up-to-date symlink: /home/hamilton/souzou/src/install/cat_messages/local/lib/python3.10/dist-packages/cat_messages-0.0.0-py3.10.egg-info/dependency_links.txt
[0.368s] -- Up-to-date symlink: /home/hamilton/souzou/src/install/cat_messages/local/lib/python3.10/dist-packages/cat_messages-0.0.0-py3.10.egg-info/top_level.txt
[0.369s] -- Up-to-date symlink: /home/hamilton/souzou/src/install/cat_messages/local/lib/python3.10/dist-packages/cat_messages/__init__.py
[0.369s] -- Up-to-date symlink: /home/hamilton/souzou/src/install/cat_messages/local/lib/python3.10/dist-packages/cat_messages/_cat_messages_s.ep.rosidl_typesupport_c.c
[0.369s] -- Up-to-date symlink: /home/hamilton/souzou/src/install/cat_messages/local/lib/python3.10/dist-packages/cat_messages/_cat_messages_s.ep.rosidl_typesupport_fastrtps_c.c
[0.369s] -- Up-to-date symlink: /home/hamilton/souzou/src/install/cat_messages/local/lib/python3.10/dist-packages/cat_messages/_cat_messages_s.ep.rosidl_typesupport_introspection_c.c
[0.369s] -- Up-to-date symlink: /home/hamilton/souzou/src/install/cat_messages/local/lib/python3.10/dist-packages/cat_messages/cat_messages_s__rosidl_typesupport_c.cpython-310-x86_64-linux-gnu.so
[0.369s] -- Up-to-date symlink: /home/hamilton/souzou/src/install/cat_messages/local/lib/python3.10/dist-packages/cat_messages/cat_messages_s__rosidl_typesupport_fastrtps_c.cpython-310-x86_64-linux-gnu.so
[0.369s] -- Up-to-date symlink: /home/hamilton/souzou/src/install/cat_messages/local/lib/python3.10/dist-packages/cat_messages/cat_messages_s__rosidl_typesupport_introspection_c.cpython-310-x86_64-linux-gnu.so
[0.369s] -- Up-to-date symlink: /home/hamilton/souzou/src/install/cat_messages/local/lib/python3.10/dist-packages/cat_messages/libcat_messages__rosidl_generator_py.so
[0.369s] -- Up-to-date symlink: /home/hamilton/souzou/src/install/cat_messages/local/lib/python3.10/dist-packages/cat_messages/msg/__init__.py
[0.369s] -- Up-to-date symlink: /home/hamilton/souzou/src/install/cat_messages/local/lib/python3.10/dist-packages/cat_messages/msg/_joy_cat.py
[0.369s] -- Up-to-date symlink: /home/hamilton/souzou/src/install/cat_messages/local/lib/python3.10/dist-packages/cat_messages/msg/_joy_cat_s.c
[0.369s] -- Up-to-date symlink: /home/hamilton/souzou/src/install/cat_messages/local/lib/python3.10/dist-packages/cat_messages/cat_messages_s__rosidl_typesupport_fastrtps_c.cpython-310-x86_64-linux-gnu.so
[0.370s] -- Up-to-date symlink: /home/hamilton/souzou/src/install/cat_messages/local/lib/python3.10/dist-packages/cat_messages/cat_messages_s__rosidl_typesupport_introspection_c.cpython-310-x86_64-linux-gnu.so
[0.370s] -- Up-to-date symlink: /home/hamilton/souzou/src/install/cat_messages/local/lib/python3.10/dist-packages/cat_messages/cat_messages_s__rosidl_typesupport_c.cpython-310-x86_64-linux-gnu.so
[0.370s] -- Up-to-date symlink: /home/hamilton/souzou/src/install/cat_messages/share/cat_messages/msg/JoyCat.idl
[0.370s] -- Up-to-date symlink: /home/hamilton/souzou/src/install/cat_messages/share/cat_messages/msg/JoyCat.msg
[0.370s] -- Up-to-date symlink: /home/hamilton/souzou/src/install/cat_messages/share/ament_index/resource_index/package_run_dependencies/cat_messages
[0.370s] -- Up-to-date symlink: /home/hamilton/souzou/src/install/cat_messages/share/ament_index/resource_index/parent_prefix_path/cat_messages
[0.370s] -- Up-to-date symlink: /home/hamilton/souzou/src/install/cat_messages/share/cat_messages/environment/ament_prefix_path.sh
[0.370s] -- Up-to-date symlink: /home/hamilton/souzou/src/install/cat_messages/share/cat_messages/environment/ament_prefix_path.dsv
[0.371s] -- Up-to-date symlink: /home/hamilton/souzou/src/install/cat_messages/share/cat_messages/environment/path.sh
[0.371s] -- Up-to-date symlink: /home/hamilton/souzou/src/install/cat_messages/share/cat_messages/environment/path.dsv
[0.371s] -- Up-to-date symlink: /home/hamilton/souzou/src/install/cat_messages/share/cat_messages/local_setup.bash
[0.371s] -- Up-to-date symlink: /home/hamilton/souzou/src/install/cat_messages/share/cat_messages/local_setup.sh
[0.371s] -- Up-to-date symlink: /home/hamilton/souzou/src/install/cat_messages/share/cat_messages/local_setup.zsh
[0.371s] -- Up-to-date symlink: /home/hamilton/souzou/src/install/cat_messages/share/cat_messages/local_setup.dsv
[0.371s] -- Symlinking: /home/hamilton/souzou/src/install/cat_messages/share/cat_messages/package.dsv
[0.377s] -- Up-to-date symlink: /home/hamilton/souzou/src/install/cat_messages/share/ament_index/resource_index/packages/cat_messages
[0.377s] -- Up-to-date symlink: /home/hamilton/souzou/src/install/cat_messages/share/cat_messages/cmake/rosidl_cmake-extras.cmake
[0.377s] -- Up-to-date symlink: /home/hamilton/souzou/src/install/cat_messages/share/cat_messages/cmake/ament_cmake_export_include_directories-extras.cmake
[0.377s] -- Up-to-date symlink: /home/hamilton/souzou/src/install/cat_messages/share/cat_messages/cmake/ament_cmake_export_libraries-extras.cmake
[0.378s] -- Up-to-date symlink: /home/hamilton/souzou/src/install/cat_messages/share/cat_messages/cmake/ament_cmake_export_targets-extras.cmake
[0.378s] -- Up-to-date symlink: /home/hamilton/souzou/src/install/cat_messages/share/cat_messages/cmake/rosidl_cmake_export_typesupport_targets-extras.cmake
[0.378s] -- Up-to-date symlink: /home/hamilton/souzou/src/install/cat_messages/share/cat_messages/cmake/ament_cmake_export_dependencies-extras.cmake
[0.378s] -- Up-to-date symlink: /home/hamilton/souzou/src/install/cat_messages/share/cat_messages/cmake/rosidl_cmake_export_typesupport_libraries-extras.cmake
[0.378s] -- Up-to-date symlink: /home/hamilton/souzou/src/install/cat_messages/share/cat_messages/cmake/cat_messagesConfig.cmake
[0.378s] -- Up-to-date symlink: /home/hamilton/souzou/src/install/cat_messages/share/cat_messages/cmake/cat_messagesConfig-version.cmake
[0.378s] -- Up-to-date symlink: /home/hamilton/souzou/src/install/cat_messages/share/cat_messages/package.xml
[0.378s] -- Up-to-date: /home/hamilton/souzou/src/install/cat_messages/lib/libcat_messages__rosidl_generator_c.so
[0.378s] -- Up-to-date: /home/hamilton/souzou/src/install/cat_messages/lib/libcat_messages__rosidl_typesupport_fastrtps_c.so
[0.379s] -- Up-to-date: /home/hamilton/souzou/src/install/cat_messages/lib/libcat_messages__rosidl_typesupport_introspection_c.so
[0.379s] -- Up-to-date: /home/hamilton/souzou/src/install/cat_messages/lib/libcat_messages__rosidl_typesupport_c.so
[0.379s] -- Up-to-date: /home/hamilton/souzou/src/install/cat_messages/lib/libcat_messages__rosidl_typesupport_fastrtps_cpp.so
[0.379s] -- Up-to-date: /home/hamilton/souzou/src/install/cat_messages/lib/libcat_messages__rosidl_typesupport_introspection_cpp.so
[0.379s] -- Up-to-date: /home/hamilton/souzou/src/install/cat_messages/lib/libcat_messages__rosidl_typesupport_cpp.so
[0.401s] Listing '/home/hamilton/souzou/src/install/cat_messages/local/lib/python3.10/dist-packages/cat_messages'...
[0.401s] Listing '/home/hamilton/souzou/src/install/cat_messages/local/lib/python3.10/dist-packages/cat_messages/msg'...
[0.404s] -- Up-to-date: /home/hamilton/souzou/src/install/cat_messages/lib/libcat_messages__rosidl_generator_py.so
[0.404s] -- Up-to-date: /home/hamilton/souzou/src/install/cat_messages/share/cat_messages/cmake/export_cat_messages__rosidl_generator_cExport.cmake
[0.404s] -- Up-to-date: /home/hamilton/souzou/src/install/cat_messages/share/cat_messages/cmake/export_cat_messages__rosidl_generator_cExport-noconfig.cmake
[0.404s] -- Up-to-date: /home/hamilton/souzou/src/install/cat_messages/share/cat_messages/cmake/export_cat_messages__rosidl_typesupport_fastrtps_cExport.cmake
[0.404s] -- Up-to-date: /home/hamilton/souzou/src/install/cat_messages/share/cat_messages/cmake/export_cat_messages__rosidl_typesupport_fastrtps_cExport-noconfig.cmake
[0.404s] -- Up-to-date: /home/hamilton/souzou/src/install/cat_messages/share/cat_messages/cmake/cat_messages__rosidl_typesupport_introspection_cExport.cmake
[0.404s] -- Up-to-date: /home/hamilton/souzou/src/install/cat_messages/share/cat_messages/cmake/cat_messages__rosidl_typesupport_introspection_cExport-noconfig.cmake
[0.404s] -- Up-to-date: /home/hamilton/souzou/src/install/cat_messages/share/cat_messages/cmake/cat_messages__rosidl_typesupport_cExport.cmake
[0.405s] -- Up-to-date: /home/hamilton/souzou/src/install/cat_messages/share/cat_messages/cmake/cat_messages__rosidl_typesupport_cExport-noconfig.cmake
[0.405s] -- Up-to-date: /home/hamilton/souzou/src/install/cat_messages/share/cat_messages/cmake/export_cat_messages__rosidl_generator_cppExport.cmake
[0.405s] -- Up-to-date: /home/hamilton/souzou/src/install/cat_messages/share/cat_messages/cmake/export_cat_messages__rosidl_typesupport_fastrtps_cppExport.cmake
[0.405s] -- Up-to-date: /home/hamilton/souzou/src/install/cat_messages/share/cat_messages/cmake/export_cat_messages__rosidl_typesupport_fastrtps_cppExport-noconfig.cmake
[0.405s] -- Up-to-date: /home/hamilton/souzou/src/install/cat_messages/share/cat_messages/cmake/cat_messages__rosidl_typesupport_introspection_cppExport.cmake
[0.405s] -- Up-to-date: /home/hamilton/souzou/src/install/cat_messages/share/cat_messages/cmake/cat_messages__rosidl_typesupport_introspection_cppExport-noconfig.cmake
[0.405s] -- Up-to-date: /home/hamilton/souzou/src/install/cat_messages/share/cat_messages/cmake/cat_messages__rosidl_typesupport_cppExport.cmake
[0.405s] -- Up-to-date: /home/hamilton/souzou/src/install/cat_messages/share/cat_messages/cmake/cat_messages__rosidl_typesupport_cppExport-noconfig.cmake
[0.405s] -- Up-to-date: /home/hamilton/souzou/src/install/cat_messages/share/cat_messages/cmake/export_cat_messages__rosidl_generator_pyExport.cmake
[0.405s] -- Up-to-date: /home/hamilton/souzou/src/install/cat_messages/share/cat_messages/cmake/export_cat_messages__rosidl_generator_pyExport-noconfig.cmake
[0.407s] Invoked command in '/home/hamilton/souzou/src/build/cat_messages' returned '0': CMAKE_PREFIX_PATH=${CMAKE_PREFIX_PATH}:/home/hamilton/souzou/src/install/cat:/opt/ros/humble CONDA_PROMPT_MODIFIER=(souzou) /usr/bin/cmake --install /home/hamilton/souzou/src/build/cat_messages
