[0.336s] Invoking command in '/home/hamilton/souzou/src/cat': PYTHONPATH=/home/hamilton/souzou/src/build/cat/prefix_override:/usr/lib/python3/dist-packages/colcon_core/task/python/colcon_distutils_commands:/home/hamilton/souzou/src/install/cat/lib/python3.10/site-packages:${PYTHONPATH} /usr/bin/python3 -W ignore:setup.py install is deprecated setup.py egg_info --egg-base ../build/cat build --build-base /home/hamilton/souzou/src/build/cat/build install --record /home/hamilton/souzou/src/build/cat/install.log --single-version-externally-managed install_data
[0.469s] running egg_info
[0.469s] writing ../build/cat/cat.egg-info/PKG-INFO
[0.469s] writing dependency_links to ../build/cat/cat.egg-info/dependency_links.txt
[0.469s] writing entry points to ../build/cat/cat.egg-info/entry_points.txt
[0.471s] writing requirements to ../build/cat/cat.egg-info/requires.txt
[0.471s] writing top-level names to ../build/cat/cat.egg-info/top_level.txt
[0.473s] reading manifest file '../build/cat/cat.egg-info/SOURCES.txt'
[0.474s] writing manifest file '../build/cat/cat.egg-info/SOURCES.txt'
[0.474s] running build
[0.474s] running build_py
[0.474s] copying cat/pc_controller.py -> /home/hamilton/souzou/src/build/cat/build/lib/cat
[0.474s] running install
[0.474s] running install_lib
[0.475s] copying /home/hamilton/souzou/src/build/cat/build/lib/cat/pc_controller.py -> /home/hamilton/souzou/src/install/cat/lib/python3.10/site-packages/cat
[0.475s] byte-compiling /home/hamilton/souzou/src/install/cat/lib/python3.10/site-packages/cat/pc_controller.py to pc_controller.cpython-310.pyc
[0.476s] running install_data
[0.476s] running install_egg_info
[0.478s] removing '/home/hamilton/souzou/src/install/cat/lib/python3.10/site-packages/cat-0.0.0-py3.10.egg-info' (and everything under it)
[0.478s] Copying ../build/cat/cat.egg-info to /home/hamilton/souzou/src/install/cat/lib/python3.10/site-packages/cat-0.0.0-py3.10.egg-info
[0.478s] running install_scripts
[0.491s] Installing pc_controller script to /home/hamilton/souzou/src/install/cat/lib/cat
[0.492s] writing list of installed files to '/home/hamilton/souzou/src/build/cat/install.log'
[0.506s] Invoked command in '/home/hamilton/souzou/src/cat' returned '0': PYTHONPATH=/home/hamilton/souzou/src/build/cat/prefix_override:/usr/lib/python3/dist-packages/colcon_core/task/python/colcon_distutils_commands:/home/hamilton/souzou/src/install/cat/lib/python3.10/site-packages:${PYTHONPATH} /usr/bin/python3 -W ignore:setup.py install is deprecated setup.py egg_info --egg-base ../build/cat build --build-base /home/hamilton/souzou/src/build/cat/build install --record /home/hamilton/souzou/src/build/cat/install.log --single-version-externally-managed install_data
