[1.451s] Invoking command in '/home/takumi/souzoukougaku14/src/cat': PYTHONPATH=/home/takumi/souzoukougaku14/src/build/cat/prefix_override:/usr/lib/python3/dist-packages/colcon_core/task/python/colcon_distutils_commands:/home/takumi/souzoukougaku14/src/install/cat/lib/python3.10/site-packages:${PYTHONPATH} /usr/bin/python3 -W ignore:setup.py install is deprecated setup.py egg_info --egg-base ../build/cat build --build-base /home/takumi/souzoukougaku14/src/build/cat/build install --record /home/takumi/souzoukougaku14/src/build/cat/install.log --single-version-externally-managed install_data
[1.941s] running egg_info
[1.942s] writing ../build/cat/cat.egg-info/PKG-INFO
[1.943s] writing dependency_links to ../build/cat/cat.egg-info/dependency_links.txt
[1.943s] writing entry points to ../build/cat/cat.egg-info/entry_points.txt
[1.943s] writing requirements to ../build/cat/cat.egg-info/requires.txt
[1.943s] writing top-level names to ../build/cat/cat.egg-info/top_level.txt
[1.946s] reading manifest file '../build/cat/cat.egg-info/SOURCES.txt'
[1.949s] writing manifest file '../build/cat/cat.egg-info/SOURCES.txt'
[1.949s] running build
[1.950s] running build_py
[1.950s] copying cat/state_machine.py -> /home/takumi/souzoukougaku14/src/build/cat/build/lib/cat
[1.951s] running install
[1.951s] running install_lib
[1.955s] copying /home/takumi/souzoukougaku14/src/build/cat/build/lib/cat/state_machine.py -> /home/takumi/souzoukougaku14/src/install/cat/lib/python3.10/site-packages/cat
[1.956s] byte-compiling /home/takumi/souzoukougaku14/src/install/cat/lib/python3.10/site-packages/cat/state_machine.py to state_machine.cpython-310.pyc
[1.960s] running install_data
[1.961s] running install_egg_info
[1.964s] removing '/home/takumi/souzoukougaku14/src/install/cat/lib/python3.10/site-packages/cat-0.0.0-py3.10.egg-info' (and everything under it)
[1.966s] Copying ../build/cat/cat.egg-info to /home/takumi/souzoukougaku14/src/install/cat/lib/python3.10/site-packages/cat-0.0.0-py3.10.egg-info
[1.970s] running install_scripts
[2.006s] Installing odom_test_node script to /home/takumi/souzoukougaku14/src/install/cat/lib/cat
[2.007s] Installing pc_controller script to /home/takumi/souzoukougaku14/src/install/cat/lib/cat
[2.007s] Installing ps4_controller_node script to /home/takumi/souzoukougaku14/src/install/cat/lib/cat
[2.008s] Installing ps4_joy_node script to /home/takumi/souzoukougaku14/src/install/cat/lib/cat
[2.008s] Installing state_machine script to /home/takumi/souzoukougaku14/src/install/cat/lib/cat
[2.008s] Installing tcp_receive_node script to /home/takumi/souzoukougaku14/src/install/cat/lib/cat
[2.009s] Installing tcp_send_node script to /home/takumi/souzoukougaku14/src/install/cat/lib/cat
[2.009s] Installing udp_receive_node script to /home/takumi/souzoukougaku14/src/install/cat/lib/cat
[2.009s] Installing udp_send_node script to /home/takumi/souzoukougaku14/src/install/cat/lib/cat
[2.010s] writing list of installed files to '/home/takumi/souzoukougaku14/src/build/cat/install.log'
[2.056s] Invoked command in '/home/takumi/souzoukougaku14/src/cat' returned '0': PYTHONPATH=/home/takumi/souzoukougaku14/src/build/cat/prefix_override:/usr/lib/python3/dist-packages/colcon_core/task/python/colcon_distutils_commands:/home/takumi/souzoukougaku14/src/install/cat/lib/python3.10/site-packages:${PYTHONPATH} /usr/bin/python3 -W ignore:setup.py install is deprecated setup.py egg_info --egg-base ../build/cat build --build-base /home/takumi/souzoukougaku14/src/build/cat/build install --record /home/takumi/souzoukougaku14/src/build/cat/install.log --single-version-externally-managed install_data
