[0.011s] Invoking command in '/home/takumi/souzoukougaku14/src/build/cat_messages': CMAKE_PREFIX_PATH=${CMAKE_PREFIX_PATH}:/home/takumi/souzoukougaku14/install/cat:/home/takumi/souzoukougaku14/src/install/cat:/opt/ros/humble /usr/bin/cmake /home/takumi/souzoukougaku14/src/cat_messages -DCMAKE_INSTALL_PREFIX=/home/takumi/souzoukougaku14/src/install/cat_messages
[0.204s] -- The C compiler identification is GNU 11.4.0
[0.488s] -- The CXX compiler identification is GNU 11.4.0
[0.649s] -- Detecting C compiler ABI info
[0.748s] -- Detecting C compiler ABI info - done
[0.753s] -- Check for working C compiler: /usr/bin/cc - skipped
[0.754s] -- Detecting C compile features
[0.755s] -- Detecting C compile features - done
[0.758s] -- Detecting CXX compiler ABI info
[0.863s] -- Detecting CXX compiler ABI info - done
[0.869s] -- Check for working CXX compiler: /usr/bin/c++ - skipped
[0.869s] -- Detecting CXX compile features
[0.869s] -- Detecting CXX compile features - done
[0.887s] -- Found ament_cmake: 1.3.10 (/opt/ros/humble/share/ament_cmake/cmake)
[1.011s] -- Found Python3: /usr/bin/python3 (found version "3.10.12") found components: Interpreter 
[1.123s] -- Found rosidl_default_generators: 1.2.0 (/opt/ros/humble/share/rosidl_default_generators/cmake)
[1.129s] -- Using all available rosidl_typesupport_c: rosidl_typesupport_fastrtps_c;rosidl_typesupport_introspection_c
[1.138s] -- Found rosidl_adapter: 3.1.5 (/opt/ros/humble/share/rosidl_adapter/cmake)
[1.282s] -- Using all available rosidl_typesupport_cpp: rosidl_typesupport_fastrtps_cpp;rosidl_typesupport_introspection_cpp
[1.522s] -- Found ament_cmake_ros: 0.10.0 (/opt/ros/humble/share/ament_cmake_ros/cmake)
[1.669s] -- Using all available rosidl_typesupport_c: rosidl_typesupport_fastrtps_c;rosidl_typesupport_introspection_c
[1.848s] -- Using all available rosidl_typesupport_cpp: rosidl_typesupport_fastrtps_cpp;rosidl_typesupport_introspection_cpp
[1.916s] -- Found PythonInterp: /usr/bin/python3 (found suitable version "3.10.12", minimum required is "3.6") 
[1.918s] -- Found python_cmake_module: 0.10.0 (/opt/ros/humble/share/python_cmake_module/cmake)
[2.143s] -- Found PythonLibs: /usr/lib/x86_64-linux-gnu/libpython3.10.so (found suitable version "3.10.12", minimum required is "3.5") 
[2.143s] -- Using PYTHON_EXECUTABLE: /usr/bin/python3
[2.143s] -- Using PYTHON_INCLUDE_DIRS: /usr/include/python3.10
[2.143s] -- Using PYTHON_LIBRARIES: /usr/lib/x86_64-linux-gnu/libpython3.10.so
[2.160s] -- Found PythonExtra: .so  
[2.208s] -- Found ament_lint_auto: 0.12.11 (/opt/ros/humble/share/ament_lint_auto/cmake)
[2.243s] -- Added test 'lint_cmake' to check CMake code style
[2.245s] -- Added test 'xmllint' to check XML markup files
[2.248s] -- Configuring done
[2.280s] -- Generating done
[2.281s] -- Build files have been written to: /home/takumi/souzoukougaku14/src/build/cat_messages
[2.289s] Invoked command in '/home/takumi/souzoukougaku14/src/build/cat_messages' returned '0': CMAKE_PREFIX_PATH=${CMAKE_PREFIX_PATH}:/home/takumi/souzoukougaku14/install/cat:/home/takumi/souzoukougaku14/src/install/cat:/opt/ros/humble /usr/bin/cmake /home/takumi/souzoukougaku14/src/cat_messages -DCMAKE_INSTALL_PREFIX=/home/takumi/souzoukougaku14/src/install/cat_messages
[2.290s] Invoking command in '/home/takumi/souzoukougaku14/src/build/cat_messages': CMAKE_PREFIX_PATH=${CMAKE_PREFIX_PATH}:/home/takumi/souzoukougaku14/install/cat:/home/takumi/souzoukougaku14/src/install/cat:/opt/ros/humble /usr/bin/cmake --build /home/takumi/souzoukougaku14/src/build/cat_messages -- -j8 -l8
[2.319s] [  2%] [34m[1mGenerating C code for ROS interfaces[0m
[2.329s] [  5%] [34m[1mGenerating C++ code for ROS interfaces[0m
[2.338s] [  5%] Built target ament_cmake_python_copy_cat_messages
[2.578s] running egg_info
[2.579s] creating cat_messages.egg-info
[2.579s] writing cat_messages.egg-info/PKG-INFO
[2.579s] writing dependency_links to cat_messages.egg-info/dependency_links.txt
[2.579s] writing top-level names to cat_messages.egg-info/top_level.txt
[2.580s] writing manifest file 'cat_messages.egg-info/SOURCES.txt'
[2.582s] reading manifest file 'cat_messages.egg-info/SOURCES.txt'
[2.582s] writing manifest file 'cat_messages.egg-info/SOURCES.txt'
[2.614s] [  5%] Built target ament_cmake_python_build_cat_messages_egg
[2.620s] [  5%] Built target cat_messages__cpp
[2.624s] [  7%] [32mBuilding C object CMakeFiles/cat_messages__rosidl_generator_c.dir/rosidl_generator_c/cat_messages/msg/detail/senser__functions.c.o[0m
[2.626s] [ 10%] [32mBuilding C object CMakeFiles/cat_messages__rosidl_generator_c.dir/rosidl_generator_c/cat_messages/msg/detail/joy_cat__functions.c.o[0m
[2.630s] [ 17%] [34m[1mGenerating C++ introspection for ROS interfaces[0m
[2.631s] [ 17%] [34m[1mGenerating C++ type support for eProsima Fast-RTPS[0m
[2.631s] [ 17%] [34m[1mGenerating C++ type support dispatch for ROS interfaces[0m
[2.697s] [ 20%] [32m[1mLinking C shared library libcat_messages__rosidl_generator_c.so[0m
[2.786s] [ 20%] Built target cat_messages__rosidl_generator_c
[2.804s] [ 23%] [34m[1mGenerating C type support dispatch for ROS interfaces[0m
[2.805s] [ 25%] [34m[1mGenerating C introspection for ROS interfaces[0m
[2.806s] [ 28%] [34m[1mGenerating C type support for eProsima Fast-RTPS[0m
[2.928s] [ 33%] [32mBuilding CXX object CMakeFiles/cat_messages__rosidl_typesupport_cpp.dir/rosidl_typesupport_cpp/cat_messages/msg/joy_cat__type_support.cpp.o[0m
[2.929s] [ 33%] [32mBuilding CXX object CMakeFiles/cat_messages__rosidl_typesupport_cpp.dir/rosidl_typesupport_cpp/cat_messages/msg/senser__type_support.cpp.o[0m
[2.971s] [ 35%] [32mBuilding CXX object CMakeFiles/cat_messages__rosidl_typesupport_introspection_cpp.dir/rosidl_typesupport_introspection_cpp/cat_messages/msg/detail/joy_cat__type_support.cpp.o[0m
[2.979s] [ 38%] [32mBuilding CXX object CMakeFiles/cat_messages__rosidl_typesupport_introspection_cpp.dir/rosidl_typesupport_introspection_cpp/cat_messages/msg/detail/senser__type_support.cpp.o[0m
[3.012s] [ 41%] [32mBuilding CXX object CMakeFiles/cat_messages__rosidl_typesupport_fastrtps_cpp.dir/rosidl_typesupport_fastrtps_cpp/cat_messages/msg/detail/dds_fastrtps/joy_cat__type_support.cpp.o[0m
[3.210s] [ 43%] [32mBuilding CXX object CMakeFiles/cat_messages__rosidl_typesupport_c.dir/rosidl_typesupport_c/cat_messages/msg/joy_cat__type_support.cpp.o[0m
[3.266s] [ 46%] [32mBuilding CXX object CMakeFiles/cat_messages__rosidl_typesupport_fastrtps_c.dir/rosidl_typesupport_fastrtps_c/cat_messages/msg/detail/joy_cat__type_support_c.cpp.o[0m
[3.270s] [ 48%] [32mBuilding CXX object CMakeFiles/cat_messages__rosidl_typesupport_c.dir/rosidl_typesupport_c/cat_messages/msg/senser__type_support.cpp.o[0m
[3.291s] [ 51%] [32mBuilding C object CMakeFiles/cat_messages__rosidl_typesupport_introspection_c.dir/rosidl_typesupport_introspection_c/cat_messages/msg/detail/joy_cat__type_support.c.o[0m
[3.359s] [ 53%] [32m[1mLinking CXX shared library libcat_messages__rosidl_typesupport_c.so[0m
[3.383s] [ 56%] [32mBuilding C object CMakeFiles/cat_messages__rosidl_typesupport_introspection_c.dir/rosidl_typesupport_introspection_c/cat_messages/msg/detail/senser__type_support.c.o[0m
[3.442s] [ 58%] [32m[1mLinking C shared library libcat_messages__rosidl_typesupport_introspection_c.so[0m
[3.472s] [ 61%] [32mBuilding CXX object CMakeFiles/cat_messages__rosidl_typesupport_fastrtps_cpp.dir/rosidl_typesupport_fastrtps_cpp/cat_messages/msg/detail/dds_fastrtps/senser__type_support.cpp.o[0m
[3.486s] [ 64%] [32m[1mLinking CXX shared library libcat_messages__rosidl_typesupport_cpp.so[0m
[3.502s] [ 64%] Built target cat_messages__rosidl_typesupport_c
[3.518s] [ 66%] [32mBuilding CXX object CMakeFiles/cat_messages__rosidl_typesupport_fastrtps_c.dir/rosidl_typesupport_fastrtps_c/cat_messages/msg/detail/senser__type_support_c.cpp.o[0m
[3.532s] [ 66%] Built target cat_messages__rosidl_typesupport_introspection_c
[3.648s] [ 66%] Built target cat_messages__rosidl_typesupport_cpp
[3.699s] [ 69%] [32m[1mLinking CXX shared library libcat_messages__rosidl_typesupport_introspection_cpp.so[0m
[3.773s] [ 69%] Built target cat_messages__rosidl_typesupport_introspection_cpp
[3.885s] [ 71%] [32m[1mLinking CXX shared library libcat_messages__rosidl_typesupport_fastrtps_c.so[0m
[3.907s] [ 74%] [32m[1mLinking CXX shared library libcat_messages__rosidl_typesupport_fastrtps_cpp.so[0m
[4.010s] [ 74%] Built target cat_messages__rosidl_typesupport_fastrtps_c
[4.026s] [ 74%] Built target cat_messages__rosidl_typesupport_fastrtps_cpp
[4.045s] [ 74%] Built target cat_messages
[4.069s] [ 76%] [34m[1mGenerating Python code for ROS interfaces[0m
[4.473s] [ 76%] Built target cat_messages__py
[4.492s] [ 79%] [32mBuilding C object CMakeFiles/cat_messages__rosidl_generator_py.dir/rosidl_generator_py/cat_messages/msg/_joy_cat_s.c.o[0m
[4.492s] [ 82%] [32mBuilding C object CMakeFiles/cat_messages__rosidl_generator_py.dir/rosidl_generator_py/cat_messages/msg/_senser_s.c.o[0m
[4.616s] [ 84%] [32m[1mLinking C shared library rosidl_generator_py/cat_messages/libcat_messages__rosidl_generator_py.so[0m
[4.703s] [ 84%] Built target cat_messages__rosidl_generator_py
[4.729s] [ 87%] [32mBuilding C object CMakeFiles/cat_messages__rosidl_typesupport_fastrtps_c__pyext.dir/rosidl_generator_py/cat_messages/_cat_messages_s.ep.rosidl_typesupport_fastrtps_c.c.o[0m
[4.730s] [ 89%] [32mBuilding C object CMakeFiles/cat_messages__rosidl_typesupport_introspection_c__pyext.dir/rosidl_generator_py/cat_messages/_cat_messages_s.ep.rosidl_typesupport_introspection_c.c.o[0m
[4.734s] [ 92%] [32mBuilding C object CMakeFiles/cat_messages__rosidl_typesupport_c__pyext.dir/rosidl_generator_py/cat_messages/_cat_messages_s.ep.rosidl_typesupport_c.c.o[0m
[4.831s] [ 94%] [32m[1mLinking C shared library rosidl_generator_py/cat_messages/cat_messages_s__rosidl_typesupport_introspection_c.cpython-310-x86_64-linux-gnu.so[0m
[4.832s] [ 97%] [32m[1mLinking C shared library rosidl_generator_py/cat_messages/cat_messages_s__rosidl_typesupport_fastrtps_c.cpython-310-x86_64-linux-gnu.so[0m
[4.833s] [100%] [32m[1mLinking C shared library rosidl_generator_py/cat_messages/cat_messages_s__rosidl_typesupport_c.cpython-310-x86_64-linux-gnu.so[0m
[4.883s] [100%] Built target cat_messages__rosidl_typesupport_c__pyext
[4.884s] [100%] Built target cat_messages__rosidl_typesupport_fastrtps_c__pyext
[4.884s] [100%] Built target cat_messages__rosidl_typesupport_introspection_c__pyext
[4.893s] Invoked command in '/home/takumi/souzoukougaku14/src/build/cat_messages' returned '0': CMAKE_PREFIX_PATH=${CMAKE_PREFIX_PATH}:/home/takumi/souzoukougaku14/install/cat:/home/takumi/souzoukougaku14/src/install/cat:/opt/ros/humble /usr/bin/cmake --build /home/takumi/souzoukougaku14/src/build/cat_messages -- -j8 -l8
[4.980s] Invoking command in '/home/takumi/souzoukougaku14/src/build/cat_messages': CMAKE_PREFIX_PATH=${CMAKE_PREFIX_PATH}:/home/takumi/souzoukougaku14/install/cat:/home/takumi/souzoukougaku14/src/install/cat:/opt/ros/humble /usr/bin/cmake --install /home/takumi/souzoukougaku14/src/build/cat_messages
[4.986s] -- Install configuration: ""
[4.987s] -- Installing: /home/takumi/souzoukougaku14/src/install/cat_messages/share/ament_index/resource_index/rosidl_interfaces/cat_messages
[4.987s] -- Up-to-date: /home/takumi/souzoukougaku14/src/install/cat_messages/include/cat_messages/cat_messages
[4.987s] -- Up-to-date: /home/takumi/souzoukougaku14/src/install/cat_messages/include/cat_messages/cat_messages/msg
[4.987s] -- Installing: /home/takumi/souzoukougaku14/src/install/cat_messages/include/cat_messages/cat_messages/msg/senser.h
[4.987s] -- Up-to-date: /home/takumi/souzoukougaku14/src/install/cat_messages/include/cat_messages/cat_messages/msg/detail
[4.987s] -- Installing: /home/takumi/souzoukougaku14/src/install/cat_messages/include/cat_messages/cat_messages/msg/detail/senser__type_support.h
[4.988s] -- Installing: /home/takumi/souzoukougaku14/src/install/cat_messages/include/cat_messages/cat_messages/msg/detail/senser__struct.h
[4.988s] -- Installing: /home/takumi/souzoukougaku14/src/install/cat_messages/include/cat_messages/cat_messages/msg/detail/joy_cat__functions.c
[4.988s] -- Installing: /home/takumi/souzoukougaku14/src/install/cat_messages/include/cat_messages/cat_messages/msg/detail/joy_cat__type_support.h
[4.988s] -- Installing: /home/takumi/souzoukougaku14/src/install/cat_messages/include/cat_messages/cat_messages/msg/detail/joy_cat__struct.h
[4.988s] -- Installing: /home/takumi/souzoukougaku14/src/install/cat_messages/include/cat_messages/cat_messages/msg/detail/senser__functions.h
[4.988s] -- Installing: /home/takumi/souzoukougaku14/src/install/cat_messages/include/cat_messages/cat_messages/msg/detail/joy_cat__functions.h
[4.988s] -- Installing: /home/takumi/souzoukougaku14/src/install/cat_messages/include/cat_messages/cat_messages/msg/detail/senser__functions.c
[4.988s] -- Installing: /home/takumi/souzoukougaku14/src/install/cat_messages/include/cat_messages/cat_messages/msg/joy_cat.h
[4.988s] -- Installing: /home/takumi/souzoukougaku14/src/install/cat_messages/include/cat_messages/cat_messages/msg/rosidl_generator_c__visibility_control.h
[4.988s] -- Up-to-date: /home/takumi/souzoukougaku14/src/install/cat_messages/share/cat_messages/environment/library_path.sh
[4.989s] -- Installing: /home/takumi/souzoukougaku14/src/install/cat_messages/share/cat_messages/environment/library_path.dsv
[4.989s] -- Installing: /home/takumi/souzoukougaku14/src/install/cat_messages/lib/libcat_messages__rosidl_generator_c.so
[4.989s] -- Set runtime path of "/home/takumi/souzoukougaku14/src/install/cat_messages/lib/libcat_messages__rosidl_generator_c.so" to ""
[4.989s] -- Up-to-date: /home/takumi/souzoukougaku14/src/install/cat_messages/include/cat_messages/cat_messages
[4.989s] -- Up-to-date: /home/takumi/souzoukougaku14/src/install/cat_messages/include/cat_messages/cat_messages/msg
[4.989s] -- Installing: /home/takumi/souzoukougaku14/src/install/cat_messages/include/cat_messages/cat_messages/msg/rosidl_typesupport_fastrtps_c__visibility_control.h
[4.989s] -- Up-to-date: /home/takumi/souzoukougaku14/src/install/cat_messages/include/cat_messages/cat_messages/msg/detail
[4.989s] -- Installing: /home/takumi/souzoukougaku14/src/install/cat_messages/include/cat_messages/cat_messages/msg/detail/joy_cat__rosidl_typesupport_fastrtps_c.h
[4.989s] -- Installing: /home/takumi/souzoukougaku14/src/install/cat_messages/include/cat_messages/cat_messages/msg/detail/senser__rosidl_typesupport_fastrtps_c.h
[4.989s] -- Installing: /home/takumi/souzoukougaku14/src/install/cat_messages/lib/libcat_messages__rosidl_typesupport_fastrtps_c.so
[4.990s] -- Set runtime path of "/home/takumi/souzoukougaku14/src/install/cat_messages/lib/libcat_messages__rosidl_typesupport_fastrtps_c.so" to ""
[4.990s] -- Up-to-date: /home/takumi/souzoukougaku14/src/install/cat_messages/include/cat_messages/cat_messages
[4.990s] -- Up-to-date: /home/takumi/souzoukougaku14/src/install/cat_messages/include/cat_messages/cat_messages/msg
[4.990s] -- Up-to-date: /home/takumi/souzoukougaku14/src/install/cat_messages/include/cat_messages/cat_messages/msg/detail
[4.990s] -- Installing: /home/takumi/souzoukougaku14/src/install/cat_messages/include/cat_messages/cat_messages/msg/detail/senser__type_support.c
[4.990s] -- Installing: /home/takumi/souzoukougaku14/src/install/cat_messages/include/cat_messages/cat_messages/msg/detail/joy_cat__rosidl_typesupport_introspection_c.h
[4.990s] -- Installing: /home/takumi/souzoukougaku14/src/install/cat_messages/include/cat_messages/cat_messages/msg/detail/joy_cat__type_support.c
[4.990s] -- Installing: /home/takumi/souzoukougaku14/src/install/cat_messages/include/cat_messages/cat_messages/msg/detail/senser__rosidl_typesupport_introspection_c.h
[4.991s] -- Installing: /home/takumi/souzoukougaku14/src/install/cat_messages/include/cat_messages/cat_messages/msg/rosidl_typesupport_introspection_c__visibility_control.h
[4.991s] -- Installing: /home/takumi/souzoukougaku14/src/install/cat_messages/lib/libcat_messages__rosidl_typesupport_introspection_c.so
[4.991s] -- Set runtime path of "/home/takumi/souzoukougaku14/src/install/cat_messages/lib/libcat_messages__rosidl_typesupport_introspection_c.so" to ""
[4.991s] -- Installing: /home/takumi/souzoukougaku14/src/install/cat_messages/lib/libcat_messages__rosidl_typesupport_c.so
[4.991s] -- Set runtime path of "/home/takumi/souzoukougaku14/src/install/cat_messages/lib/libcat_messages__rosidl_typesupport_c.so" to ""
[4.991s] -- Up-to-date: /home/takumi/souzoukougaku14/src/install/cat_messages/include/cat_messages/cat_messages
[4.992s] -- Up-to-date: /home/takumi/souzoukougaku14/src/install/cat_messages/include/cat_messages/cat_messages/msg
[4.992s] -- Up-to-date: /home/takumi/souzoukougaku14/src/install/cat_messages/include/cat_messages/cat_messages/msg/detail
[4.992s] -- Installing: /home/takumi/souzoukougaku14/src/install/cat_messages/include/cat_messages/cat_messages/msg/detail/joy_cat__struct.hpp
[4.992s] -- Installing: /home/takumi/souzoukougaku14/src/install/cat_messages/include/cat_messages/cat_messages/msg/detail/joy_cat__builder.hpp
[4.992s] -- Installing: /home/takumi/souzoukougaku14/src/install/cat_messages/include/cat_messages/cat_messages/msg/detail/joy_cat__traits.hpp
[4.992s] -- Installing: /home/takumi/souzoukougaku14/src/install/cat_messages/include/cat_messages/cat_messages/msg/detail/senser__builder.hpp
[4.992s] -- Installing: /home/takumi/souzoukougaku14/src/install/cat_messages/include/cat_messages/cat_messages/msg/detail/senser__struct.hpp
[4.993s] -- Installing: /home/takumi/souzoukougaku14/src/install/cat_messages/include/cat_messages/cat_messages/msg/detail/senser__traits.hpp
[4.993s] -- Installing: /home/takumi/souzoukougaku14/src/install/cat_messages/include/cat_messages/cat_messages/msg/senser.hpp
[4.993s] -- Installing: /home/takumi/souzoukougaku14/src/install/cat_messages/include/cat_messages/cat_messages/msg/joy_cat.hpp
[4.993s] -- Up-to-date: /home/takumi/souzoukougaku14/src/install/cat_messages/include/cat_messages/cat_messages
[4.993s] -- Up-to-date: /home/takumi/souzoukougaku14/src/install/cat_messages/include/cat_messages/cat_messages/msg
[4.993s] -- Up-to-date: /home/takumi/souzoukougaku14/src/install/cat_messages/include/cat_messages/cat_messages/msg/detail
[4.994s] -- Installing: /home/takumi/souzoukougaku14/src/install/cat_messages/include/cat_messages/cat_messages/msg/detail/senser__rosidl_typesupport_fastrtps_cpp.hpp
[4.994s] -- Up-to-date: /home/takumi/souzoukougaku14/src/install/cat_messages/include/cat_messages/cat_messages/msg/detail/dds_fastrtps
[4.994s] -- Installing: /home/takumi/souzoukougaku14/src/install/cat_messages/include/cat_messages/cat_messages/msg/detail/joy_cat__rosidl_typesupport_fastrtps_cpp.hpp
[4.994s] -- Installing: /home/takumi/souzoukougaku14/src/install/cat_messages/include/cat_messages/cat_messages/msg/rosidl_typesupport_fastrtps_cpp__visibility_control.h
[4.994s] -- Installing: /home/takumi/souzoukougaku14/src/install/cat_messages/lib/libcat_messages__rosidl_typesupport_fastrtps_cpp.so
[4.994s] -- Set runtime path of "/home/takumi/souzoukougaku14/src/install/cat_messages/lib/libcat_messages__rosidl_typesupport_fastrtps_cpp.so" to ""
[4.994s] -- Up-to-date: /home/takumi/souzoukougaku14/src/install/cat_messages/include/cat_messages/cat_messages
[4.994s] -- Up-to-date: /home/takumi/souzoukougaku14/src/install/cat_messages/include/cat_messages/cat_messages/msg
[4.995s] -- Up-to-date: /home/takumi/souzoukougaku14/src/install/cat_messages/include/cat_messages/cat_messages/msg/detail
[4.995s] -- Installing: /home/takumi/souzoukougaku14/src/install/cat_messages/include/cat_messages/cat_messages/msg/detail/senser__rosidl_typesupport_introspection_cpp.hpp
[4.995s] -- Installing: /home/takumi/souzoukougaku14/src/install/cat_messages/include/cat_messages/cat_messages/msg/detail/joy_cat__type_support.cpp
[4.995s] -- Installing: /home/takumi/souzoukougaku14/src/install/cat_messages/include/cat_messages/cat_messages/msg/detail/joy_cat__rosidl_typesupport_introspection_cpp.hpp
[4.995s] -- Installing: /home/takumi/souzoukougaku14/src/install/cat_messages/include/cat_messages/cat_messages/msg/detail/senser__type_support.cpp
[4.995s] -- Installing: /home/takumi/souzoukougaku14/src/install/cat_messages/lib/libcat_messages__rosidl_typesupport_introspection_cpp.so
[4.996s] -- Set runtime path of "/home/takumi/souzoukougaku14/src/install/cat_messages/lib/libcat_messages__rosidl_typesupport_introspection_cpp.so" to ""
[4.996s] -- Installing: /home/takumi/souzoukougaku14/src/install/cat_messages/lib/libcat_messages__rosidl_typesupport_cpp.so
[4.996s] -- Set runtime path of "/home/takumi/souzoukougaku14/src/install/cat_messages/lib/libcat_messages__rosidl_typesupport_cpp.so" to ""
[4.996s] -- Installing: /home/takumi/souzoukougaku14/src/install/cat_messages/share/cat_messages/environment/pythonpath.sh
[4.997s] -- Installing: /home/takumi/souzoukougaku14/src/install/cat_messages/share/cat_messages/environment/pythonpath.dsv
[4.997s] -- Up-to-date: /home/takumi/souzoukougaku14/src/install/cat_messages/local/lib/python3.10/dist-packages/cat_messages-0.0.0-py3.10.egg-info
[4.997s] -- Installing: /home/takumi/souzoukougaku14/src/install/cat_messages/local/lib/python3.10/dist-packages/cat_messages-0.0.0-py3.10.egg-info/PKG-INFO
[4.997s] -- Installing: /home/takumi/souzoukougaku14/src/install/cat_messages/local/lib/python3.10/dist-packages/cat_messages-0.0.0-py3.10.egg-info/dependency_links.txt
[4.997s] -- Installing: /home/takumi/souzoukougaku14/src/install/cat_messages/local/lib/python3.10/dist-packages/cat_messages-0.0.0-py3.10.egg-info/top_level.txt
[4.997s] -- Installing: /home/takumi/souzoukougaku14/src/install/cat_messages/local/lib/python3.10/dist-packages/cat_messages-0.0.0-py3.10.egg-info/SOURCES.txt
[4.997s] -- Up-to-date: /home/takumi/souzoukougaku14/src/install/cat_messages/local/lib/python3.10/dist-packages/cat_messages
[4.997s] -- Installing: /home/takumi/souzoukougaku14/src/install/cat_messages/local/lib/python3.10/dist-packages/cat_messages/cat_messages_s__rosidl_typesupport_introspection_c.cpython-310-x86_64-linux-gnu.so
[4.997s] -- Up-to-date: /home/takumi/souzoukougaku14/src/install/cat_messages/local/lib/python3.10/dist-packages/cat_messages/msg
[4.997s] -- Installing: /home/takumi/souzoukougaku14/src/install/cat_messages/local/lib/python3.10/dist-packages/cat_messages/msg/_senser_s.c
[4.998s] -- Installing: /home/takumi/souzoukougaku14/src/install/cat_messages/local/lib/python3.10/dist-packages/cat_messages/msg/_joy_cat_s.c
[4.998s] -- Installing: /home/takumi/souzoukougaku14/src/install/cat_messages/local/lib/python3.10/dist-packages/cat_messages/msg/_joy_cat.py
[4.998s] -- Installing: /home/takumi/souzoukougaku14/src/install/cat_messages/local/lib/python3.10/dist-packages/cat_messages/msg/__init__.py
[4.998s] -- Installing: /home/takumi/souzoukougaku14/src/install/cat_messages/local/lib/python3.10/dist-packages/cat_messages/msg/_senser.py
[4.998s] -- Installing: /home/takumi/souzoukougaku14/src/install/cat_messages/local/lib/python3.10/dist-packages/cat_messages/cat_messages_s__rosidl_typesupport_c.cpython-310-x86_64-linux-gnu.so
[4.998s] -- Installing: /home/takumi/souzoukougaku14/src/install/cat_messages/local/lib/python3.10/dist-packages/cat_messages/cat_messages_s__rosidl_typesupport_fastrtps_c.cpython-310-x86_64-linux-gnu.so
[4.998s] -- Installing: /home/takumi/souzoukougaku14/src/install/cat_messages/local/lib/python3.10/dist-packages/cat_messages/_cat_messages_s.ep.rosidl_typesupport_introspection_c.c
[4.998s] -- Installing: /home/takumi/souzoukougaku14/src/install/cat_messages/local/lib/python3.10/dist-packages/cat_messages/_cat_messages_s.ep.rosidl_typesupport_c.c
[4.998s] -- Installing: /home/takumi/souzoukougaku14/src/install/cat_messages/local/lib/python3.10/dist-packages/cat_messages/_cat_messages_s.ep.rosidl_typesupport_fastrtps_c.c
[4.999s] -- Installing: /home/takumi/souzoukougaku14/src/install/cat_messages/local/lib/python3.10/dist-packages/cat_messages/libcat_messages__rosidl_generator_py.so
[4.999s] -- Installing: /home/takumi/souzoukougaku14/src/install/cat_messages/local/lib/python3.10/dist-packages/cat_messages/__init__.py
[5.027s] Listing '/home/takumi/souzoukougaku14/src/install/cat_messages/local/lib/python3.10/dist-packages/cat_messages'...
[5.027s] Compiling '/home/takumi/souzoukougaku14/src/install/cat_messages/local/lib/python3.10/dist-packages/cat_messages/__init__.py'...
[5.027s] Listing '/home/takumi/souzoukougaku14/src/install/cat_messages/local/lib/python3.10/dist-packages/cat_messages/msg'...
[5.027s] Compiling '/home/takumi/souzoukougaku14/src/install/cat_messages/local/lib/python3.10/dist-packages/cat_messages/msg/__init__.py'...
[5.027s] Compiling '/home/takumi/souzoukougaku14/src/install/cat_messages/local/lib/python3.10/dist-packages/cat_messages/msg/_joy_cat.py'...
[5.027s] Compiling '/home/takumi/souzoukougaku14/src/install/cat_messages/local/lib/python3.10/dist-packages/cat_messages/msg/_senser.py'...
[5.031s] -- Installing: /home/takumi/souzoukougaku14/src/install/cat_messages/local/lib/python3.10/dist-packages/cat_messages/cat_messages_s__rosidl_typesupport_fastrtps_c.cpython-310-x86_64-linux-gnu.so
[5.031s] -- Set runtime path of "/home/takumi/souzoukougaku14/src/install/cat_messages/local/lib/python3.10/dist-packages/cat_messages/cat_messages_s__rosidl_typesupport_fastrtps_c.cpython-310-x86_64-linux-gnu.so" to ""
[5.031s] -- Installing: /home/takumi/souzoukougaku14/src/install/cat_messages/local/lib/python3.10/dist-packages/cat_messages/cat_messages_s__rosidl_typesupport_introspection_c.cpython-310-x86_64-linux-gnu.so
[5.031s] -- Set runtime path of "/home/takumi/souzoukougaku14/src/install/cat_messages/local/lib/python3.10/dist-packages/cat_messages/cat_messages_s__rosidl_typesupport_introspection_c.cpython-310-x86_64-linux-gnu.so" to ""
[5.032s] -- Installing: /home/takumi/souzoukougaku14/src/install/cat_messages/local/lib/python3.10/dist-packages/cat_messages/cat_messages_s__rosidl_typesupport_c.cpython-310-x86_64-linux-gnu.so
[5.032s] -- Set runtime path of "/home/takumi/souzoukougaku14/src/install/cat_messages/local/lib/python3.10/dist-packages/cat_messages/cat_messages_s__rosidl_typesupport_c.cpython-310-x86_64-linux-gnu.so" to ""
[5.032s] -- Installing: /home/takumi/souzoukougaku14/src/install/cat_messages/lib/libcat_messages__rosidl_generator_py.so
[5.032s] -- Set runtime path of "/home/takumi/souzoukougaku14/src/install/cat_messages/lib/libcat_messages__rosidl_generator_py.so" to ""
[5.032s] -- Installing: /home/takumi/souzoukougaku14/src/install/cat_messages/share/cat_messages/msg/JoyCat.idl
[5.033s] -- Installing: /home/takumi/souzoukougaku14/src/install/cat_messages/share/cat_messages/msg/Senser.idl
[5.033s] -- Up-to-date: /home/takumi/souzoukougaku14/src/install/cat_messages/share/cat_messages/msg/JoyCat.msg
[5.033s] -- Up-to-date: /home/takumi/souzoukougaku14/src/install/cat_messages/share/cat_messages/msg/Senser.msg
[5.033s] -- Installing: /home/takumi/souzoukougaku14/src/install/cat_messages/share/ament_index/resource_index/package_run_dependencies/cat_messages
[5.033s] -- Installing: /home/takumi/souzoukougaku14/src/install/cat_messages/share/ament_index/resource_index/parent_prefix_path/cat_messages
[5.033s] -- Up-to-date: /home/takumi/souzoukougaku14/src/install/cat_messages/share/cat_messages/environment/ament_prefix_path.sh
[5.033s] -- Installing: /home/takumi/souzoukougaku14/src/install/cat_messages/share/cat_messages/environment/ament_prefix_path.dsv
[5.034s] -- Up-to-date: /home/takumi/souzoukougaku14/src/install/cat_messages/share/cat_messages/environment/path.sh
[5.034s] -- Installing: /home/takumi/souzoukougaku14/src/install/cat_messages/share/cat_messages/environment/path.dsv
[5.034s] -- Installing: /home/takumi/souzoukougaku14/src/install/cat_messages/share/cat_messages/local_setup.bash
[5.034s] -- Installing: /home/takumi/souzoukougaku14/src/install/cat_messages/share/cat_messages/local_setup.sh
[5.034s] -- Installing: /home/takumi/souzoukougaku14/src/install/cat_messages/share/cat_messages/local_setup.zsh
[5.034s] -- Installing: /home/takumi/souzoukougaku14/src/install/cat_messages/share/cat_messages/local_setup.dsv
[5.034s] -- Installing: /home/takumi/souzoukougaku14/src/install/cat_messages/share/cat_messages/package.dsv
[5.034s] -- Installing: /home/takumi/souzoukougaku14/src/install/cat_messages/share/ament_index/resource_index/packages/cat_messages
[5.034s] -- Installing: /home/takumi/souzoukougaku14/src/install/cat_messages/share/cat_messages/cmake/export_cat_messages__rosidl_generator_cExport.cmake
[5.035s] -- Installing: /home/takumi/souzoukougaku14/src/install/cat_messages/share/cat_messages/cmake/export_cat_messages__rosidl_generator_cExport-noconfig.cmake
[5.035s] -- Installing: /home/takumi/souzoukougaku14/src/install/cat_messages/share/cat_messages/cmake/export_cat_messages__rosidl_typesupport_fastrtps_cExport.cmake
[5.036s] -- Installing: /home/takumi/souzoukougaku14/src/install/cat_messages/share/cat_messages/cmake/export_cat_messages__rosidl_typesupport_fastrtps_cExport-noconfig.cmake
[5.036s] -- Installing: /home/takumi/souzoukougaku14/src/install/cat_messages/share/cat_messages/cmake/cat_messages__rosidl_typesupport_introspection_cExport.cmake
[5.036s] -- Installing: /home/takumi/souzoukougaku14/src/install/cat_messages/share/cat_messages/cmake/cat_messages__rosidl_typesupport_introspection_cExport-noconfig.cmake
[5.036s] -- Installing: /home/takumi/souzoukougaku14/src/install/cat_messages/share/cat_messages/cmake/cat_messages__rosidl_typesupport_cExport.cmake
[5.036s] -- Installing: /home/takumi/souzoukougaku14/src/install/cat_messages/share/cat_messages/cmake/cat_messages__rosidl_typesupport_cExport-noconfig.cmake
[5.036s] -- Installing: /home/takumi/souzoukougaku14/src/install/cat_messages/share/cat_messages/cmake/export_cat_messages__rosidl_generator_cppExport.cmake
[5.036s] -- Installing: /home/takumi/souzoukougaku14/src/install/cat_messages/share/cat_messages/cmake/export_cat_messages__rosidl_typesupport_fastrtps_cppExport.cmake
[5.037s] -- Installing: /home/takumi/souzoukougaku14/src/install/cat_messages/share/cat_messages/cmake/export_cat_messages__rosidl_typesupport_fastrtps_cppExport-noconfig.cmake
[5.037s] -- Installing: /home/takumi/souzoukougaku14/src/install/cat_messages/share/cat_messages/cmake/cat_messages__rosidl_typesupport_introspection_cppExport.cmake
[5.037s] -- Installing: /home/takumi/souzoukougaku14/src/install/cat_messages/share/cat_messages/cmake/cat_messages__rosidl_typesupport_introspection_cppExport-noconfig.cmake
[5.037s] -- Installing: /home/takumi/souzoukougaku14/src/install/cat_messages/share/cat_messages/cmake/cat_messages__rosidl_typesupport_cppExport.cmake
[5.037s] -- Installing: /home/takumi/souzoukougaku14/src/install/cat_messages/share/cat_messages/cmake/cat_messages__rosidl_typesupport_cppExport-noconfig.cmake
[5.037s] -- Installing: /home/takumi/souzoukougaku14/src/install/cat_messages/share/cat_messages/cmake/export_cat_messages__rosidl_generator_pyExport.cmake
[5.038s] -- Installing: /home/takumi/souzoukougaku14/src/install/cat_messages/share/cat_messages/cmake/export_cat_messages__rosidl_generator_pyExport-noconfig.cmake
[5.038s] -- Installing: /home/takumi/souzoukougaku14/src/install/cat_messages/share/cat_messages/cmake/rosidl_cmake-extras.cmake
[5.038s] -- Installing: /home/takumi/souzoukougaku14/src/install/cat_messages/share/cat_messages/cmake/ament_cmake_export_include_directories-extras.cmake
[5.039s] -- Installing: /home/takumi/souzoukougaku14/src/install/cat_messages/share/cat_messages/cmake/ament_cmake_export_libraries-extras.cmake
[5.039s] -- Installing: /home/takumi/souzoukougaku14/src/install/cat_messages/share/cat_messages/cmake/ament_cmake_export_targets-extras.cmake
[5.039s] -- Installing: /home/takumi/souzoukougaku14/src/install/cat_messages/share/cat_messages/cmake/rosidl_cmake_export_typesupport_targets-extras.cmake
[5.039s] -- Installing: /home/takumi/souzoukougaku14/src/install/cat_messages/share/cat_messages/cmake/ament_cmake_export_dependencies-extras.cmake
[5.039s] -- Installing: /home/takumi/souzoukougaku14/src/install/cat_messages/share/cat_messages/cmake/rosidl_cmake_export_typesupport_libraries-extras.cmake
[5.039s] -- Installing: /home/takumi/souzoukougaku14/src/install/cat_messages/share/cat_messages/cmake/cat_messagesConfig.cmake
[5.039s] -- Installing: /home/takumi/souzoukougaku14/src/install/cat_messages/share/cat_messages/cmake/cat_messagesConfig-version.cmake
[5.039s] -- Up-to-date: /home/takumi/souzoukougaku14/src/install/cat_messages/share/cat_messages/package.xml
[5.041s] Invoked command in '/home/takumi/souzoukougaku14/src/build/cat_messages' returned '0': CMAKE_PREFIX_PATH=${CMAKE_PREFIX_PATH}:/home/takumi/souzoukougaku14/install/cat:/home/takumi/souzoukougaku14/src/install/cat:/opt/ros/humble /usr/bin/cmake --install /home/takumi/souzoukougaku14/src/build/cat_messages
