/home/takumi/souzoukougaku14/src/install/cat/lib/python3.10/site-packages/cat/tcp_receive_node.py
/home/takumi/souzoukougaku14/src/install/cat/lib/python3.10/site-packages/cat/udp_receive_node.py
/home/takumi/souzoukougaku14/src/install/cat/lib/python3.10/site-packages/cat/tcp_send_node.py
/home/takumi/souzoukougaku14/src/install/cat/lib/python3.10/site-packages/cat/pc_controller.py
/home/takumi/souzoukougaku14/src/install/cat/lib/python3.10/site-packages/cat/serial_sample.py
/home/takumi/souzoukougaku14/src/install/cat/lib/python3.10/site-packages/cat/state_machine.py
/home/takumi/souzoukougaku14/src/install/cat/lib/python3.10/site-packages/cat/udp_send_node.py
/home/takumi/souzoukougaku14/src/install/cat/lib/python3.10/site-packages/cat/__init__.py
/home/takumi/souzoukougaku14/src/install/cat/lib/python3.10/site-packages/cat/__pycache__/tcp_receive_node.cpython-310.pyc
/home/takumi/souzoukougaku14/src/install/cat/lib/python3.10/site-packages/cat/__pycache__/udp_receive_node.cpython-310.pyc
/home/takumi/souzoukougaku14/src/install/cat/lib/python3.10/site-packages/cat/__pycache__/tcp_send_node.cpython-310.pyc
/home/takumi/souzoukougaku14/src/install/cat/lib/python3.10/site-packages/cat/__pycache__/pc_controller.cpython-310.pyc
/home/takumi/souzoukougaku14/src/install/cat/lib/python3.10/site-packages/cat/__pycache__/serial_sample.cpython-310.pyc
/home/takumi/souzoukougaku14/src/install/cat/lib/python3.10/site-packages/cat/__pycache__/state_machine.cpython-310.pyc
/home/takumi/souzoukougaku14/src/install/cat/lib/python3.10/site-packages/cat/__pycache__/udp_send_node.cpython-310.pyc
/home/takumi/souzoukougaku14/src/install/cat/lib/python3.10/site-packages/cat/__pycache__/__init__.cpython-310.pyc
/home/takumi/souzoukougaku14/src/install/cat/share/ament_index/resource_index/packages/cat
/home/takumi/souzoukougaku14/src/install/cat/share/cat/package.xml
/home/takumi/souzoukougaku14/src/install/cat/lib/python3.10/site-packages/cat-0.0.0-py3.10.egg-info/zip-safe
/home/takumi/souzoukougaku14/src/install/cat/lib/python3.10/site-packages/cat-0.0.0-py3.10.egg-info/requires.txt
/home/takumi/souzoukougaku14/src/install/cat/lib/python3.10/site-packages/cat-0.0.0-py3.10.egg-info/PKG-INFO
/home/takumi/souzoukougaku14/src/install/cat/lib/python3.10/site-packages/cat-0.0.0-py3.10.egg-info/dependency_links.txt
/home/takumi/souzoukougaku14/src/install/cat/lib/python3.10/site-packages/cat-0.0.0-py3.10.egg-info/top_level.txt
/home/takumi/souzoukougaku14/src/install/cat/lib/python3.10/site-packages/cat-0.0.0-py3.10.egg-info/entry_points.txt
/home/takumi/souzoukougaku14/src/install/cat/lib/python3.10/site-packages/cat-0.0.0-py3.10.egg-info/SOURCES.txt
/home/takumi/souzoukougaku14/src/install/cat/lib/cat/pc_controller
/home/takumi/souzoukougaku14/src/install/cat/lib/cat/state_machine
/home/takumi/souzoukougaku14/src/install/cat/lib/cat/tcp_receive_node
/home/takumi/souzoukougaku14/src/install/cat/lib/cat/tcp_send_node
/home/takumi/souzoukougaku14/src/install/cat/lib/cat/udp_receive_node
/home/takumi/souzoukougaku14/src/install/cat/lib/cat/udp_send_node
