[0.339s] Invoking command in '/home/hamilton/souzou/src/cat': AMENT_PREFIX_PATH=/home/hamilton/souzou/src/install/cat_messages:${AMENT_PREFIX_PATH} CMAKE_PREFIX_PATH=/home/hamilton/souzou/src/install/cat_messages CONDA_PROMPT_MODIFIER=(souzou) LD_LIBRARY_PATH=/home/hamilton/souzou/src/install/cat_messages/lib:${LD_LIBRARY_PATH} PYTHONPATH=/home/hamilton/souzou/src/build/cat/prefix_override:/usr/lib/python3/dist-packages/colcon_core/task/python/colcon_distutils_commands:/home/hamilton/souzou/src/install/cat/lib/python3.10/site-packages:/home/hamilton/souzou/src/install/cat_messages/local/lib/python3.10/dist-packages:${PYTHONPATH} /usr/bin/python3 -W ignore:setup.py install is deprecated setup.py egg_info --egg-base ../build/cat build --build-base /home/hamilton/souzou/src/build/cat/build install --record /home/hamilton/souzou/src/build/cat/install.log --single-version-externally-managed install_data
[0.451s] running egg_info
[0.452s] writing ../build/cat/cat.egg-info/PKG-INFO
[0.452s] writing dependency_links to ../build/cat/cat.egg-info/dependency_links.txt
[0.452s] writing entry points to ../build/cat/cat.egg-info/entry_points.txt
[0.454s] writing requirements to ../build/cat/cat.egg-info/requires.txt
[0.454s] writing top-level names to ../build/cat/cat.egg-info/top_level.txt
[0.455s] reading manifest file '../build/cat/cat.egg-info/SOURCES.txt'
[0.456s] writing manifest file '../build/cat/cat.egg-info/SOURCES.txt'
[0.456s] running build
[0.456s] running build_py
[0.456s] copying cat/state_machine.py -> /home/hamilton/souzou/src/build/cat/build/lib/cat
[0.456s] copying cat/pc_controller.py -> /home/hamilton/souzou/src/build/cat/build/lib/cat
[0.456s] running install
[0.456s] running install_lib
[0.456s] copying /home/hamilton/souzou/src/build/cat/build/lib/cat/state_machine.py -> /home/hamilton/souzou/src/install/cat/lib/python3.10/site-packages/cat
[0.457s] copying /home/hamilton/souzou/src/build/cat/build/lib/cat/pc_controller.py -> /home/hamilton/souzou/src/install/cat/lib/python3.10/site-packages/cat
[0.457s] byte-compiling /home/hamilton/souzou/src/install/cat/lib/python3.10/site-packages/cat/state_machine.py to state_machine.cpython-310.pyc
[0.457s] byte-compiling /home/hamilton/souzou/src/install/cat/lib/python3.10/site-packages/cat/pc_controller.py to pc_controller.cpython-310.pyc
[0.457s] running install_data
[0.457s] running install_egg_info
[0.459s] removing '/home/hamilton/souzou/src/install/cat/lib/python3.10/site-packages/cat-0.0.0-py3.10.egg-info' (and everything under it)
[0.459s] Copying ../build/cat/cat.egg-info to /home/hamilton/souzou/src/install/cat/lib/python3.10/site-packages/cat-0.0.0-py3.10.egg-info
[0.459s] running install_scripts
[0.471s] Installing pc_controller script to /home/hamilton/souzou/src/install/cat/lib/cat
[0.472s] writing list of installed files to '/home/hamilton/souzou/src/build/cat/install.log'
[0.484s] Invoked command in '/home/hamilton/souzou/src/cat' returned '0': AMENT_PREFIX_PATH=/home/hamilton/souzou/src/install/cat_messages:${AMENT_PREFIX_PATH} CMAKE_PREFIX_PATH=/home/hamilton/souzou/src/install/cat_messages CONDA_PROMPT_MODIFIER=(souzou) LD_LIBRARY_PATH=/home/hamilton/souzou/src/install/cat_messages/lib:${LD_LIBRARY_PATH} PYTHONPATH=/home/hamilton/souzou/src/build/cat/prefix_override:/usr/lib/python3/dist-packages/colcon_core/task/python/colcon_distutils_commands:/home/hamilton/souzou/src/install/cat/lib/python3.10/site-packages:/home/hamilton/souzou/src/install/cat_messages/local/lib/python3.10/dist-packages:${PYTHONPATH} /usr/bin/python3 -W ignore:setup.py install is deprecated setup.py egg_info --egg-base ../build/cat build --build-base /home/hamilton/souzou/src/build/cat/build install --record /home/hamilton/souzou/src/build/cat/install.log --single-version-externally-managed install_data
