[2.111s] Invoking command in '/home/takumi/souzoukougaku14/src/cat': PYTHONPATH=/home/takumi/souzoukougaku14/src/build/cat/prefix_override:/usr/lib/python3/dist-packages/colcon_core/task/python/colcon_distutils_commands:/home/takumi/souzoukougaku14/src/install/cat/lib/python3.10/site-packages:${PYTHONPATH} /usr/bin/python3 -W ignore:setup.py install is deprecated setup.py egg_info --egg-base ../build/cat build --build-base /home/takumi/souzoukougaku14/src/build/cat/build install --record /home/takumi/souzoukougaku14/src/build/cat/install.log --single-version-externally-managed install_data
[2.776s] running egg_info
[2.780s] writing ../build/cat/cat.egg-info/PKG-INFO
[2.781s] writing dependency_links to ../build/cat/cat.egg-info/dependency_links.txt
[2.781s] writing entry points to ../build/cat/cat.egg-info/entry_points.txt
[2.781s] writing requirements to ../build/cat/cat.egg-info/requires.txt
[2.782s] writing top-level names to ../build/cat/cat.egg-info/top_level.txt
[2.788s] reading manifest file '../build/cat/cat.egg-info/SOURCES.txt'
[2.789s] writing manifest file '../build/cat/cat.egg-info/SOURCES.txt'
[2.790s] running build
[2.790s] running build_py
[2.791s] copying cat/state_machine.py -> /home/takumi/souzoukougaku14/src/build/cat/build/lib/cat
[2.792s] running install
[2.792s] running install_lib
[2.799s] copying /home/takumi/souzoukougaku14/src/build/cat/build/lib/cat/state_machine.py -> /home/takumi/souzoukougaku14/src/install/cat/lib/python3.10/site-packages/cat
[2.802s] byte-compiling /home/takumi/souzoukougaku14/src/install/cat/lib/python3.10/site-packages/cat/state_machine.py to state_machine.cpython-310.pyc
[2.808s] running install_data
[2.808s] running install_egg_info
[2.810s] removing '/home/takumi/souzoukougaku14/src/install/cat/lib/python3.10/site-packages/cat-0.0.0-py3.10.egg-info' (and everything under it)
[2.812s] Copying ../build/cat/cat.egg-info to /home/takumi/souzoukougaku14/src/install/cat/lib/python3.10/site-packages/cat-0.0.0-py3.10.egg-info
[2.813s] running install_scripts
[2.864s] Installing odom_test_node script to /home/takumi/souzoukougaku14/src/install/cat/lib/cat
[2.864s] Installing pc_controller script to /home/takumi/souzoukougaku14/src/install/cat/lib/cat
[2.864s] Installing ps4_controller_node script to /home/takumi/souzoukougaku14/src/install/cat/lib/cat
[2.865s] Installing ps4_joy_node script to /home/takumi/souzoukougaku14/src/install/cat/lib/cat
[2.865s] Installing state_machine script to /home/takumi/souzoukougaku14/src/install/cat/lib/cat
[2.865s] Installing tcp_receive_node script to /home/takumi/souzoukougaku14/src/install/cat/lib/cat
[2.865s] Installing tcp_send_node script to /home/takumi/souzoukougaku14/src/install/cat/lib/cat
[2.866s] Installing udp_receive_node script to /home/takumi/souzoukougaku14/src/install/cat/lib/cat
[2.867s] Installing udp_send_node script to /home/takumi/souzoukougaku14/src/install/cat/lib/cat
[2.867s] writing list of installed files to '/home/takumi/souzoukougaku14/src/build/cat/install.log'
[2.935s] Invoked command in '/home/takumi/souzoukougaku14/src/cat' returned '0': PYTHONPATH=/home/takumi/souzoukougaku14/src/build/cat/prefix_override:/usr/lib/python3/dist-packages/colcon_core/task/python/colcon_distutils_commands:/home/takumi/souzoukougaku14/src/install/cat/lib/python3.10/site-packages:${PYTHONPATH} /usr/bin/python3 -W ignore:setup.py install is deprecated setup.py egg_info --egg-base ../build/cat build --build-base /home/takumi/souzoukougaku14/src/build/cat/build install --record /home/takumi/souzoukougaku14/src/build/cat/install.log --single-version-externally-managed install_data
