[0.256s] DEBUG:colcon:Command line arguments: ['/usr/bin/colcon', 'build', '--symlink-install']
[0.256s] DEBUG:colcon:Parsed command line arguments: Namespace(log_base=None, log_level=None, verb_name='build', build_base='build', install_base='install', merge_install=False, symlink_install=True, test_result_base=None, continue_on_error=False, executor='parallel', parallel_workers=8, event_handlers=None, ignore_user_meta=False, metas=['./colcon.meta'], base_paths=['.'], packages_ignore=None, packages_ignore_regex=None, paths=None, packages_up_to=None, packages_up_to_regex=None, packages_above=None, packages_above_and_dependencies=None, packages_above_depth=None, packages_select_by_dep=None, packages_skip_by_dep=None, packages_skip_up_to=None, packages_select_build_failed=False, packages_skip_build_finished=False, packages_select_test_failures=False, packages_skip_test_passed=False, packages_select=None, packages_skip=None, packages_select_regex=None, packages_skip_regex=None, packages_start=None, packages_end=None, allow_overriding=[], cmake_args=None, cmake_target=None, cmake_target_skip_unavailable=False, cmake_clean_cache=False, cmake_clean_first=False, cmake_force_configure=False, ament_cmake_args=None, catkin_cmake_args=None, catkin_skip_building_tests=False, mixin_files=None, mixin=None, verb_parser=<colcon_mixin.mixin.mixin_argument.MixinArgumentDecorator object at 0x7e8361d6edd0>, verb_extension=<colcon_core.verb.build.BuildVerb object at 0x7e8361d28130>, main=<bound method BuildVerb.main of <colcon_core.verb.build.BuildVerb object at 0x7e8361d28130>>, mixin_verb=('build',))
[0.294s] Level 1:colcon.colcon_core.package_discovery:discover_packages(colcon_meta) check parameters
[0.294s] Level 1:colcon.colcon_core.package_discovery:discover_packages(recursive) check parameters
[0.294s] Level 1:colcon.colcon_core.package_discovery:discover_packages(ignore) check parameters
[0.294s] Level 1:colcon.colcon_core.package_discovery:discover_packages(path) check parameters
[0.295s] Level 1:colcon.colcon_core.package_discovery:discover_packages(colcon_meta) discover
[0.295s] Level 1:colcon.colcon_core.package_discovery:discover_packages(recursive) discover
[0.295s] INFO:colcon.colcon_core.package_discovery:Crawling recursively for packages in '/home/hamilton/souzou'
[0.295s] Level 1:colcon.colcon_core.package_identification:_identify(.) by extensions ['ignore', 'ignore_ament_install']
[0.295s] Level 1:colcon.colcon_core.package_identification:_identify(.) by extension 'ignore'
[0.295s] Level 1:colcon.colcon_core.package_identification:_identify(.) by extension 'ignore_ament_install'
[0.295s] Level 1:colcon.colcon_core.package_identification:_identify(.) by extensions ['colcon_pkg']
[0.295s] Level 1:colcon.colcon_core.package_identification:_identify(.) by extension 'colcon_pkg'
[0.295s] Level 1:colcon.colcon_core.package_identification:_identify(.) by extensions ['colcon_meta']
[0.295s] Level 1:colcon.colcon_core.package_identification:_identify(.) by extension 'colcon_meta'
[0.295s] Level 1:colcon.colcon_core.package_identification:_identify(.) by extensions ['ros']
[0.295s] Level 1:colcon.colcon_core.package_identification:_identify(.) by extension 'ros'
[0.310s] Level 1:colcon.colcon_core.package_identification:_identify(.) by extensions ['cmake', 'python']
[0.310s] Level 1:colcon.colcon_core.package_identification:_identify(.) by extension 'cmake'
[0.310s] Level 1:colcon.colcon_core.package_identification:_identify(.) by extension 'python'
[0.310s] Level 1:colcon.colcon_core.package_identification:_identify(.) by extensions ['python_setup_py']
[0.310s] Level 1:colcon.colcon_core.package_identification:_identify(.) by extension 'python_setup_py'
[0.310s] Level 1:colcon.colcon_core.package_identification:_identify(build) by extensions ['ignore', 'ignore_ament_install']
[0.310s] Level 1:colcon.colcon_core.package_identification:_identify(build) by extension 'ignore'
[0.310s] Level 1:colcon.colcon_core.package_identification:_identify(build) ignored
[0.310s] Level 1:colcon.colcon_core.package_identification:_identify(calibrationdata) by extensions ['ignore', 'ignore_ament_install']
[0.310s] Level 1:colcon.colcon_core.package_identification:_identify(calibrationdata) by extension 'ignore'
[0.310s] Level 1:colcon.colcon_core.package_identification:_identify(calibrationdata) by extension 'ignore_ament_install'
[0.310s] Level 1:colcon.colcon_core.package_identification:_identify(calibrationdata) by extensions ['colcon_pkg']
[0.310s] Level 1:colcon.colcon_core.package_identification:_identify(calibrationdata) by extension 'colcon_pkg'
[0.310s] Level 1:colcon.colcon_core.package_identification:_identify(calibrationdata) by extensions ['colcon_meta']
[0.310s] Level 1:colcon.colcon_core.package_identification:_identify(calibrationdata) by extension 'colcon_meta'
[0.310s] Level 1:colcon.colcon_core.package_identification:_identify(calibrationdata) by extensions ['ros']
[0.310s] Level 1:colcon.colcon_core.package_identification:_identify(calibrationdata) by extension 'ros'
[0.310s] Level 1:colcon.colcon_core.package_identification:_identify(calibrationdata) by extensions ['cmake', 'python']
[0.310s] Level 1:colcon.colcon_core.package_identification:_identify(calibrationdata) by extension 'cmake'
[0.310s] Level 1:colcon.colcon_core.package_identification:_identify(calibrationdata) by extension 'python'
[0.310s] Level 1:colcon.colcon_core.package_identification:_identify(calibrationdata) by extensions ['python_setup_py']
[0.310s] Level 1:colcon.colcon_core.package_identification:_identify(calibrationdata) by extension 'python_setup_py'
[0.310s] Level 1:colcon.colcon_core.package_identification:_identify(install) by extensions ['ignore', 'ignore_ament_install']
[0.310s] Level 1:colcon.colcon_core.package_identification:_identify(install) by extension 'ignore'
[0.310s] Level 1:colcon.colcon_core.package_identification:_identify(install) ignored
[0.311s] Level 1:colcon.colcon_core.package_identification:_identify(log) by extensions ['ignore', 'ignore_ament_install']
[0.311s] Level 1:colcon.colcon_core.package_identification:_identify(log) by extension 'ignore'
[0.311s] Level 1:colcon.colcon_core.package_identification:_identify(log) ignored
[0.311s] Level 1:colcon.colcon_core.package_identification:_identify(ros2_aruco) by extensions ['ignore', 'ignore_ament_install']
[0.311s] Level 1:colcon.colcon_core.package_identification:_identify(ros2_aruco) by extension 'ignore'
[0.311s] Level 1:colcon.colcon_core.package_identification:_identify(ros2_aruco) by extension 'ignore_ament_install'
[0.311s] Level 1:colcon.colcon_core.package_identification:_identify(ros2_aruco) by extensions ['colcon_pkg']
[0.311s] Level 1:colcon.colcon_core.package_identification:_identify(ros2_aruco) by extension 'colcon_pkg'
[0.311s] Level 1:colcon.colcon_core.package_identification:_identify(ros2_aruco) by extensions ['colcon_meta']
[0.311s] Level 1:colcon.colcon_core.package_identification:_identify(ros2_aruco) by extension 'colcon_meta'
[0.311s] Level 1:colcon.colcon_core.package_identification:_identify(ros2_aruco) by extensions ['ros']
[0.311s] Level 1:colcon.colcon_core.package_identification:_identify(ros2_aruco) by extension 'ros'
[0.311s] Level 1:colcon.colcon_core.package_identification:_identify(ros2_aruco) by extensions ['cmake', 'python']
[0.311s] Level 1:colcon.colcon_core.package_identification:_identify(ros2_aruco) by extension 'cmake'
[0.311s] Level 1:colcon.colcon_core.package_identification:_identify(ros2_aruco) by extension 'python'
[0.311s] Level 1:colcon.colcon_core.package_identification:_identify(ros2_aruco) by extensions ['python_setup_py']
[0.311s] Level 1:colcon.colcon_core.package_identification:_identify(ros2_aruco) by extension 'python_setup_py'
[0.311s] Level 1:colcon.colcon_core.package_identification:_identify(ros2_aruco/ros2_aruco) by extensions ['ignore', 'ignore_ament_install']
[0.311s] Level 1:colcon.colcon_core.package_identification:_identify(ros2_aruco/ros2_aruco) by extension 'ignore'
[0.311s] Level 1:colcon.colcon_core.package_identification:_identify(ros2_aruco/ros2_aruco) by extension 'ignore_ament_install'
[0.311s] Level 1:colcon.colcon_core.package_identification:_identify(ros2_aruco/ros2_aruco) by extensions ['colcon_pkg']
[0.311s] Level 1:colcon.colcon_core.package_identification:_identify(ros2_aruco/ros2_aruco) by extension 'colcon_pkg'
[0.311s] Level 1:colcon.colcon_core.package_identification:_identify(ros2_aruco/ros2_aruco) by extensions ['colcon_meta']
[0.311s] Level 1:colcon.colcon_core.package_identification:_identify(ros2_aruco/ros2_aruco) by extension 'colcon_meta'
[0.311s] Level 1:colcon.colcon_core.package_identification:_identify(ros2_aruco/ros2_aruco) by extensions ['ros']
[0.311s] Level 1:colcon.colcon_core.package_identification:_identify(ros2_aruco/ros2_aruco) by extension 'ros'
[0.313s] DEBUG:colcon.colcon_core.package_identification:Package 'ros2_aruco/ros2_aruco' with type 'ros.ament_python' and name 'ros2_aruco'
[0.313s] Level 1:colcon.colcon_core.package_identification:_identify(ros2_aruco/ros2_aruco_interfaces) by extensions ['ignore', 'ignore_ament_install']
[0.313s] Level 1:colcon.colcon_core.package_identification:_identify(ros2_aruco/ros2_aruco_interfaces) by extension 'ignore'
[0.313s] Level 1:colcon.colcon_core.package_identification:_identify(ros2_aruco/ros2_aruco_interfaces) by extension 'ignore_ament_install'
[0.313s] Level 1:colcon.colcon_core.package_identification:_identify(ros2_aruco/ros2_aruco_interfaces) by extensions ['colcon_pkg']
[0.313s] Level 1:colcon.colcon_core.package_identification:_identify(ros2_aruco/ros2_aruco_interfaces) by extension 'colcon_pkg'
[0.313s] Level 1:colcon.colcon_core.package_identification:_identify(ros2_aruco/ros2_aruco_interfaces) by extensions ['colcon_meta']
[0.313s] Level 1:colcon.colcon_core.package_identification:_identify(ros2_aruco/ros2_aruco_interfaces) by extension 'colcon_meta'
[0.313s] Level 1:colcon.colcon_core.package_identification:_identify(ros2_aruco/ros2_aruco_interfaces) by extensions ['ros']
[0.313s] Level 1:colcon.colcon_core.package_identification:_identify(ros2_aruco/ros2_aruco_interfaces) by extension 'ros'
[0.315s] DEBUG:colcon.colcon_core.package_identification:Package 'ros2_aruco/ros2_aruco_interfaces' with type 'ros.ament_cmake' and name 'ros2_aruco_interfaces'
[0.315s] Level 1:colcon.colcon_core.package_identification:_identify(souzoukougaku14) by extensions ['ignore', 'ignore_ament_install']
[0.315s] Level 1:colcon.colcon_core.package_identification:_identify(souzoukougaku14) by extension 'ignore'
[0.315s] Level 1:colcon.colcon_core.package_identification:_identify(souzoukougaku14) by extension 'ignore_ament_install'
[0.315s] Level 1:colcon.colcon_core.package_identification:_identify(souzoukougaku14) by extensions ['colcon_pkg']
[0.316s] Level 1:colcon.colcon_core.package_identification:_identify(souzoukougaku14) by extension 'colcon_pkg'
[0.316s] Level 1:colcon.colcon_core.package_identification:_identify(souzoukougaku14) by extensions ['colcon_meta']
[0.316s] Level 1:colcon.colcon_core.package_identification:_identify(souzoukougaku14) by extension 'colcon_meta'
[0.316s] Level 1:colcon.colcon_core.package_identification:_identify(souzoukougaku14) by extensions ['ros']
[0.316s] Level 1:colcon.colcon_core.package_identification:_identify(souzoukougaku14) by extension 'ros'
[0.316s] Level 1:colcon.colcon_core.package_identification:_identify(souzoukougaku14) by extensions ['cmake', 'python']
[0.316s] Level 1:colcon.colcon_core.package_identification:_identify(souzoukougaku14) by extension 'cmake'
[0.316s] Level 1:colcon.colcon_core.package_identification:_identify(souzoukougaku14) by extension 'python'
[0.316s] Level 1:colcon.colcon_core.package_identification:_identify(souzoukougaku14) by extensions ['python_setup_py']
[0.316s] Level 1:colcon.colcon_core.package_identification:_identify(souzoukougaku14) by extension 'python_setup_py'
[0.316s] Level 1:colcon.colcon_core.package_identification:_identify(souzoukougaku14/Arduino) by extensions ['ignore', 'ignore_ament_install']
[0.316s] Level 1:colcon.colcon_core.package_identification:_identify(souzoukougaku14/Arduino) by extension 'ignore'
[0.316s] Level 1:colcon.colcon_core.package_identification:_identify(souzoukougaku14/Arduino) by extension 'ignore_ament_install'
[0.316s] Level 1:colcon.colcon_core.package_identification:_identify(souzoukougaku14/Arduino) by extensions ['colcon_pkg']
[0.316s] Level 1:colcon.colcon_core.package_identification:_identify(souzoukougaku14/Arduino) by extension 'colcon_pkg'
[0.316s] Level 1:colcon.colcon_core.package_identification:_identify(souzoukougaku14/Arduino) by extensions ['colcon_meta']
[0.316s] Level 1:colcon.colcon_core.package_identification:_identify(souzoukougaku14/Arduino) by extension 'colcon_meta'
[0.316s] Level 1:colcon.colcon_core.package_identification:_identify(souzoukougaku14/Arduino) by extensions ['ros']
[0.316s] Level 1:colcon.colcon_core.package_identification:_identify(souzoukougaku14/Arduino) by extension 'ros'
[0.316s] Level 1:colcon.colcon_core.package_identification:_identify(souzoukougaku14/Arduino) by extensions ['cmake', 'python']
[0.316s] Level 1:colcon.colcon_core.package_identification:_identify(souzoukougaku14/Arduino) by extension 'cmake'
[0.316s] Level 1:colcon.colcon_core.package_identification:_identify(souzoukougaku14/Arduino) by extension 'python'
[0.316s] Level 1:colcon.colcon_core.package_identification:_identify(souzoukougaku14/Arduino) by extensions ['python_setup_py']
[0.316s] Level 1:colcon.colcon_core.package_identification:_identify(souzoukougaku14/Arduino) by extension 'python_setup_py'
[0.316s] Level 1:colcon.colcon_core.package_identification:_identify(souzoukougaku14/Arduino/Fsp_sample) by extensions ['ignore', 'ignore_ament_install']
[0.316s] Level 1:colcon.colcon_core.package_identification:_identify(souzoukougaku14/Arduino/Fsp_sample) by extension 'ignore'
[0.316s] Level 1:colcon.colcon_core.package_identification:_identify(souzoukougaku14/Arduino/Fsp_sample) by extension 'ignore_ament_install'
[0.316s] Level 1:colcon.colcon_core.package_identification:_identify(souzoukougaku14/Arduino/Fsp_sample) by extensions ['colcon_pkg']
[0.316s] Level 1:colcon.colcon_core.package_identification:_identify(souzoukougaku14/Arduino/Fsp_sample) by extension 'colcon_pkg'
[0.316s] Level 1:colcon.colcon_core.package_identification:_identify(souzoukougaku14/Arduino/Fsp_sample) by extensions ['colcon_meta']
[0.316s] Level 1:colcon.colcon_core.package_identification:_identify(souzoukougaku14/Arduino/Fsp_sample) by extension 'colcon_meta'
[0.316s] Level 1:colcon.colcon_core.package_identification:_identify(souzoukougaku14/Arduino/Fsp_sample) by extensions ['ros']
[0.316s] Level 1:colcon.colcon_core.package_identification:_identify(souzoukougaku14/Arduino/Fsp_sample) by extension 'ros'
[0.316s] Level 1:colcon.colcon_core.package_identification:_identify(souzoukougaku14/Arduino/Fsp_sample) by extensions ['cmake', 'python']
[0.316s] Level 1:colcon.colcon_core.package_identification:_identify(souzoukougaku14/Arduino/Fsp_sample) by extension 'cmake'
[0.316s] Level 1:colcon.colcon_core.package_identification:_identify(souzoukougaku14/Arduino/Fsp_sample) by extension 'python'
[0.316s] Level 1:colcon.colcon_core.package_identification:_identify(souzoukougaku14/Arduino/Fsp_sample) by extensions ['python_setup_py']
[0.316s] Level 1:colcon.colcon_core.package_identification:_identify(souzoukougaku14/Arduino/Fsp_sample) by extension 'python_setup_py'
[0.317s] Level 1:colcon.colcon_core.package_identification:_identify(souzoukougaku14/Arduino/cat_main) by extensions ['ignore', 'ignore_ament_install']
[0.317s] Level 1:colcon.colcon_core.package_identification:_identify(souzoukougaku14/Arduino/cat_main) by extension 'ignore'
[0.317s] Level 1:colcon.colcon_core.package_identification:_identify(souzoukougaku14/Arduino/cat_main) by extension 'ignore_ament_install'
[0.317s] Level 1:colcon.colcon_core.package_identification:_identify(souzoukougaku14/Arduino/cat_main) by extensions ['colcon_pkg']
[0.317s] Level 1:colcon.colcon_core.package_identification:_identify(souzoukougaku14/Arduino/cat_main) by extension 'colcon_pkg'
[0.317s] Level 1:colcon.colcon_core.package_identification:_identify(souzoukougaku14/Arduino/cat_main) by extensions ['colcon_meta']
[0.317s] Level 1:colcon.colcon_core.package_identification:_identify(souzoukougaku14/Arduino/cat_main) by extension 'colcon_meta'
[0.317s] Level 1:colcon.colcon_core.package_identification:_identify(souzoukougaku14/Arduino/cat_main) by extensions ['ros']
[0.317s] Level 1:colcon.colcon_core.package_identification:_identify(souzoukougaku14/Arduino/cat_main) by extension 'ros'
[0.317s] Level 1:colcon.colcon_core.package_identification:_identify(souzoukougaku14/Arduino/cat_main) by extensions ['cmake', 'python']
[0.317s] Level 1:colcon.colcon_core.package_identification:_identify(souzoukougaku14/Arduino/cat_main) by extension 'cmake'
[0.317s] Level 1:colcon.colcon_core.package_identification:_identify(souzoukougaku14/Arduino/cat_main) by extension 'python'
[0.317s] Level 1:colcon.colcon_core.package_identification:_identify(souzoukougaku14/Arduino/cat_main) by extensions ['python_setup_py']
[0.317s] Level 1:colcon.colcon_core.package_identification:_identify(souzoukougaku14/Arduino/cat_main) by extension 'python_setup_py'
[0.317s] Level 1:colcon.colcon_core.package_identification:_identify(souzoukougaku14/Arduino/cat_main_udp) by extensions ['ignore', 'ignore_ament_install']
[0.317s] Level 1:colcon.colcon_core.package_identification:_identify(souzoukougaku14/Arduino/cat_main_udp) by extension 'ignore'
[0.317s] Level 1:colcon.colcon_core.package_identification:_identify(souzoukougaku14/Arduino/cat_main_udp) by extension 'ignore_ament_install'
[0.317s] Level 1:colcon.colcon_core.package_identification:_identify(souzoukougaku14/Arduino/cat_main_udp) by extensions ['colcon_pkg']
[0.317s] Level 1:colcon.colcon_core.package_identification:_identify(souzoukougaku14/Arduino/cat_main_udp) by extension 'colcon_pkg'
[0.317s] Level 1:colcon.colcon_core.package_identification:_identify(souzoukougaku14/Arduino/cat_main_udp) by extensions ['colcon_meta']
[0.317s] Level 1:colcon.colcon_core.package_identification:_identify(souzoukougaku14/Arduino/cat_main_udp) by extension 'colcon_meta'
[0.317s] Level 1:colcon.colcon_core.package_identification:_identify(souzoukougaku14/Arduino/cat_main_udp) by extensions ['ros']
[0.317s] Level 1:colcon.colcon_core.package_identification:_identify(souzoukougaku14/Arduino/cat_main_udp) by extension 'ros'
[0.317s] Level 1:colcon.colcon_core.package_identification:_identify(souzoukougaku14/Arduino/cat_main_udp) by extensions ['cmake', 'python']
[0.317s] Level 1:colcon.colcon_core.package_identification:_identify(souzoukougaku14/Arduino/cat_main_udp) by extension 'cmake'
[0.317s] Level 1:colcon.colcon_core.package_identification:_identify(souzoukougaku14/Arduino/cat_main_udp) by extension 'python'
[0.317s] Level 1:colcon.colcon_core.package_identification:_identify(souzoukougaku14/Arduino/cat_main_udp) by extensions ['python_setup_py']
[0.317s] Level 1:colcon.colcon_core.package_identification:_identify(souzoukougaku14/Arduino/cat_main_udp) by extension 'python_setup_py'
[0.317s] Level 1:colcon.colcon_core.package_identification:_identify(souzoukougaku14/Arduino/hairetu_jyusinn) by extensions ['ignore', 'ignore_ament_install']
[0.317s] Level 1:colcon.colcon_core.package_identification:_identify(souzoukougaku14/Arduino/hairetu_jyusinn) by extension 'ignore'
[0.317s] Level 1:colcon.colcon_core.package_identification:_identify(souzoukougaku14/Arduino/hairetu_jyusinn) by extension 'ignore_ament_install'
[0.317s] Level 1:colcon.colcon_core.package_identification:_identify(souzoukougaku14/Arduino/hairetu_jyusinn) by extensions ['colcon_pkg']
[0.317s] Level 1:colcon.colcon_core.package_identification:_identify(souzoukougaku14/Arduino/hairetu_jyusinn) by extension 'colcon_pkg'
[0.317s] Level 1:colcon.colcon_core.package_identification:_identify(souzoukougaku14/Arduino/hairetu_jyusinn) by extensions ['colcon_meta']
[0.317s] Level 1:colcon.colcon_core.package_identification:_identify(souzoukougaku14/Arduino/hairetu_jyusinn) by extension 'colcon_meta'
[0.317s] Level 1:colcon.colcon_core.package_identification:_identify(souzoukougaku14/Arduino/hairetu_jyusinn) by extensions ['ros']
[0.317s] Level 1:colcon.colcon_core.package_identification:_identify(souzoukougaku14/Arduino/hairetu_jyusinn) by extension 'ros'
[0.318s] Level 1:colcon.colcon_core.package_identification:_identify(souzoukougaku14/Arduino/hairetu_jyusinn) by extensions ['cmake', 'python']
[0.318s] Level 1:colcon.colcon_core.package_identification:_identify(souzoukougaku14/Arduino/hairetu_jyusinn) by extension 'cmake'
[0.318s] Level 1:colcon.colcon_core.package_identification:_identify(souzoukougaku14/Arduino/hairetu_jyusinn) by extension 'python'
[0.318s] Level 1:colcon.colcon_core.package_identification:_identify(souzoukougaku14/Arduino/hairetu_jyusinn) by extensions ['python_setup_py']
[0.318s] Level 1:colcon.colcon_core.package_identification:_identify(souzoukougaku14/Arduino/hairetu_jyusinn) by extension 'python_setup_py'
[0.318s] Level 1:colcon.colcon_core.package_identification:_identify(souzoukougaku14/Arduino/hairetu_sousinn) by extensions ['ignore', 'ignore_ament_install']
[0.318s] Level 1:colcon.colcon_core.package_identification:_identify(souzoukougaku14/Arduino/hairetu_sousinn) by extension 'ignore'
[0.318s] Level 1:colcon.colcon_core.package_identification:_identify(souzoukougaku14/Arduino/hairetu_sousinn) by extension 'ignore_ament_install'
[0.318s] Level 1:colcon.colcon_core.package_identification:_identify(souzoukougaku14/Arduino/hairetu_sousinn) by extensions ['colcon_pkg']
[0.318s] Level 1:colcon.colcon_core.package_identification:_identify(souzoukougaku14/Arduino/hairetu_sousinn) by extension 'colcon_pkg'
[0.318s] Level 1:colcon.colcon_core.package_identification:_identify(souzoukougaku14/Arduino/hairetu_sousinn) by extensions ['colcon_meta']
[0.318s] Level 1:colcon.colcon_core.package_identification:_identify(souzoukougaku14/Arduino/hairetu_sousinn) by extension 'colcon_meta'
[0.318s] Level 1:colcon.colcon_core.package_identification:_identify(souzoukougaku14/Arduino/hairetu_sousinn) by extensions ['ros']
[0.318s] Level 1:colcon.colcon_core.package_identification:_identify(souzoukougaku14/Arduino/hairetu_sousinn) by extension 'ros'
[0.318s] Level 1:colcon.colcon_core.package_identification:_identify(souzoukougaku14/Arduino/hairetu_sousinn) by extensions ['cmake', 'python']
[0.318s] Level 1:colcon.colcon_core.package_identification:_identify(souzoukougaku14/Arduino/hairetu_sousinn) by extension 'cmake'
[0.318s] Level 1:colcon.colcon_core.package_identification:_identify(souzoukougaku14/Arduino/hairetu_sousinn) by extension 'python'
[0.318s] Level 1:colcon.colcon_core.package_identification:_identify(souzoukougaku14/Arduino/hairetu_sousinn) by extensions ['python_setup_py']
[0.318s] Level 1:colcon.colcon_core.package_identification:_identify(souzoukougaku14/Arduino/hairetu_sousinn) by extension 'python_setup_py'
[0.318s] Level 1:colcon.colcon_core.package_identification:_identify(souzoukougaku14/Arduino/new_cat_main) by extensions ['ignore', 'ignore_ament_install']
[0.318s] Level 1:colcon.colcon_core.package_identification:_identify(souzoukougaku14/Arduino/new_cat_main) by extension 'ignore'
[0.318s] Level 1:colcon.colcon_core.package_identification:_identify(souzoukougaku14/Arduino/new_cat_main) by extension 'ignore_ament_install'
[0.318s] Level 1:colcon.colcon_core.package_identification:_identify(souzoukougaku14/Arduino/new_cat_main) by extensions ['colcon_pkg']
[0.318s] Level 1:colcon.colcon_core.package_identification:_identify(souzoukougaku14/Arduino/new_cat_main) by extension 'colcon_pkg'
[0.318s] Level 1:colcon.colcon_core.package_identification:_identify(souzoukougaku14/Arduino/new_cat_main) by extensions ['colcon_meta']
[0.318s] Level 1:colcon.colcon_core.package_identification:_identify(souzoukougaku14/Arduino/new_cat_main) by extension 'colcon_meta'
[0.318s] Level 1:colcon.colcon_core.package_identification:_identify(souzoukougaku14/Arduino/new_cat_main) by extensions ['ros']
[0.318s] Level 1:colcon.colcon_core.package_identification:_identify(souzoukougaku14/Arduino/new_cat_main) by extension 'ros'
[0.318s] Level 1:colcon.colcon_core.package_identification:_identify(souzoukougaku14/Arduino/new_cat_main) by extensions ['cmake', 'python']
[0.318s] Level 1:colcon.colcon_core.package_identification:_identify(souzoukougaku14/Arduino/new_cat_main) by extension 'cmake'
[0.318s] Level 1:colcon.colcon_core.package_identification:_identify(souzoukougaku14/Arduino/new_cat_main) by extension 'python'
[0.318s] Level 1:colcon.colcon_core.package_identification:_identify(souzoukougaku14/Arduino/new_cat_main) by extensions ['python_setup_py']
[0.318s] Level 1:colcon.colcon_core.package_identification:_identify(souzoukougaku14/Arduino/new_cat_main) by extension 'python_setup_py'
[0.318s] Level 1:colcon.colcon_core.package_identification:_identify(souzoukougaku14/Arduino/r4_model) by extensions ['ignore', 'ignore_ament_install']
[0.319s] Level 1:colcon.colcon_core.package_identification:_identify(souzoukougaku14/Arduino/r4_model) by extension 'ignore'
[0.319s] Level 1:colcon.colcon_core.package_identification:_identify(souzoukougaku14/Arduino/r4_model) by extension 'ignore_ament_install'
[0.319s] Level 1:colcon.colcon_core.package_identification:_identify(souzoukougaku14/Arduino/r4_model) by extensions ['colcon_pkg']
[0.319s] Level 1:colcon.colcon_core.package_identification:_identify(souzoukougaku14/Arduino/r4_model) by extension 'colcon_pkg'
[0.319s] Level 1:colcon.colcon_core.package_identification:_identify(souzoukougaku14/Arduino/r4_model) by extensions ['colcon_meta']
[0.319s] Level 1:colcon.colcon_core.package_identification:_identify(souzoukougaku14/Arduino/r4_model) by extension 'colcon_meta'
[0.319s] Level 1:colcon.colcon_core.package_identification:_identify(souzoukougaku14/Arduino/r4_model) by extensions ['ros']
[0.319s] Level 1:colcon.colcon_core.package_identification:_identify(souzoukougaku14/Arduino/r4_model) by extension 'ros'
[0.319s] Level 1:colcon.colcon_core.package_identification:_identify(souzoukougaku14/Arduino/r4_model) by extensions ['cmake', 'python']
[0.319s] Level 1:colcon.colcon_core.package_identification:_identify(souzoukougaku14/Arduino/r4_model) by extension 'cmake'
[0.319s] Level 1:colcon.colcon_core.package_identification:_identify(souzoukougaku14/Arduino/r4_model) by extension 'python'
[0.319s] Level 1:colcon.colcon_core.package_identification:_identify(souzoukougaku14/Arduino/r4_model) by extensions ['python_setup_py']
[0.319s] Level 1:colcon.colcon_core.package_identification:_identify(souzoukougaku14/Arduino/r4_model) by extension 'python_setup_py'
[0.319s] Level 1:colcon.colcon_core.package_identification:_identify(souzoukougaku14/Arduino/r4_wifi_test_receive) by extensions ['ignore', 'ignore_ament_install']
[0.319s] Level 1:colcon.colcon_core.package_identification:_identify(souzoukougaku14/Arduino/r4_wifi_test_receive) by extension 'ignore'
[0.319s] Level 1:colcon.colcon_core.package_identification:_identify(souzoukougaku14/Arduino/r4_wifi_test_receive) by extension 'ignore_ament_install'
[0.319s] Level 1:colcon.colcon_core.package_identification:_identify(souzoukougaku14/Arduino/r4_wifi_test_receive) by extensions ['colcon_pkg']
[0.319s] Level 1:colcon.colcon_core.package_identification:_identify(souzoukougaku14/Arduino/r4_wifi_test_receive) by extension 'colcon_pkg'
[0.319s] Level 1:colcon.colcon_core.package_identification:_identify(souzoukougaku14/Arduino/r4_wifi_test_receive) by extensions ['colcon_meta']
[0.319s] Level 1:colcon.colcon_core.package_identification:_identify(souzoukougaku14/Arduino/r4_wifi_test_receive) by extension 'colcon_meta'
[0.319s] Level 1:colcon.colcon_core.package_identification:_identify(souzoukougaku14/Arduino/r4_wifi_test_receive) by extensions ['ros']
[0.319s] Level 1:colcon.colcon_core.package_identification:_identify(souzoukougaku14/Arduino/r4_wifi_test_receive) by extension 'ros'
[0.319s] Level 1:colcon.colcon_core.package_identification:_identify(souzoukougaku14/Arduino/r4_wifi_test_receive) by extensions ['cmake', 'python']
[0.319s] Level 1:colcon.colcon_core.package_identification:_identify(souzoukougaku14/Arduino/r4_wifi_test_receive) by extension 'cmake'
[0.319s] Level 1:colcon.colcon_core.package_identification:_identify(souzoukougaku14/Arduino/r4_wifi_test_receive) by extension 'python'
[0.319s] Level 1:colcon.colcon_core.package_identification:_identify(souzoukougaku14/Arduino/r4_wifi_test_receive) by extensions ['python_setup_py']
[0.319s] Level 1:colcon.colcon_core.package_identification:_identify(souzoukougaku14/Arduino/r4_wifi_test_receive) by extension 'python_setup_py'
[0.319s] Level 1:colcon.colcon_core.package_identification:_identify(souzoukougaku14/Arduino/r4_wifi_test_send) by extensions ['ignore', 'ignore_ament_install']
[0.319s] Level 1:colcon.colcon_core.package_identification:_identify(souzoukougaku14/Arduino/r4_wifi_test_send) by extension 'ignore'
[0.319s] Level 1:colcon.colcon_core.package_identification:_identify(souzoukougaku14/Arduino/r4_wifi_test_send) by extension 'ignore_ament_install'
[0.319s] Level 1:colcon.colcon_core.package_identification:_identify(souzoukougaku14/Arduino/r4_wifi_test_send) by extensions ['colcon_pkg']
[0.319s] Level 1:colcon.colcon_core.package_identification:_identify(souzoukougaku14/Arduino/r4_wifi_test_send) by extension 'colcon_pkg'
[0.319s] Level 1:colcon.colcon_core.package_identification:_identify(souzoukougaku14/Arduino/r4_wifi_test_send) by extensions ['colcon_meta']
[0.319s] Level 1:colcon.colcon_core.package_identification:_identify(souzoukougaku14/Arduino/r4_wifi_test_send) by extension 'colcon_meta'
[0.319s] Level 1:colcon.colcon_core.package_identification:_identify(souzoukougaku14/Arduino/r4_wifi_test_send) by extensions ['ros']
[0.320s] Level 1:colcon.colcon_core.package_identification:_identify(souzoukougaku14/Arduino/r4_wifi_test_send) by extension 'ros'
[0.320s] Level 1:colcon.colcon_core.package_identification:_identify(souzoukougaku14/Arduino/r4_wifi_test_send) by extensions ['cmake', 'python']
[0.320s] Level 1:colcon.colcon_core.package_identification:_identify(souzoukougaku14/Arduino/r4_wifi_test_send) by extension 'cmake'
[0.320s] Level 1:colcon.colcon_core.package_identification:_identify(souzoukougaku14/Arduino/r4_wifi_test_send) by extension 'python'
[0.320s] Level 1:colcon.colcon_core.package_identification:_identify(souzoukougaku14/Arduino/r4_wifi_test_send) by extensions ['python_setup_py']
[0.320s] Level 1:colcon.colcon_core.package_identification:_identify(souzoukougaku14/Arduino/r4_wifi_test_send) by extension 'python_setup_py'
[0.320s] Level 1:colcon.colcon_core.package_identification:_identify(souzoukougaku14/Arduino/serial_receive) by extensions ['ignore', 'ignore_ament_install']
[0.320s] Level 1:colcon.colcon_core.package_identification:_identify(souzoukougaku14/Arduino/serial_receive) by extension 'ignore'
[0.320s] Level 1:colcon.colcon_core.package_identification:_identify(souzoukougaku14/Arduino/serial_receive) by extension 'ignore_ament_install'
[0.320s] Level 1:colcon.colcon_core.package_identification:_identify(souzoukougaku14/Arduino/serial_receive) by extensions ['colcon_pkg']
[0.320s] Level 1:colcon.colcon_core.package_identification:_identify(souzoukougaku14/Arduino/serial_receive) by extension 'colcon_pkg'
[0.320s] Level 1:colcon.colcon_core.package_identification:_identify(souzoukougaku14/Arduino/serial_receive) by extensions ['colcon_meta']
[0.320s] Level 1:colcon.colcon_core.package_identification:_identify(souzoukougaku14/Arduino/serial_receive) by extension 'colcon_meta'
[0.320s] Level 1:colcon.colcon_core.package_identification:_identify(souzoukougaku14/Arduino/serial_receive) by extensions ['ros']
[0.320s] Level 1:colcon.colcon_core.package_identification:_identify(souzoukougaku14/Arduino/serial_receive) by extension 'ros'
[0.320s] Level 1:colcon.colcon_core.package_identification:_identify(souzoukougaku14/Arduino/serial_receive) by extensions ['cmake', 'python']
[0.320s] Level 1:colcon.colcon_core.package_identification:_identify(souzoukougaku14/Arduino/serial_receive) by extension 'cmake'
[0.320s] Level 1:colcon.colcon_core.package_identification:_identify(souzoukougaku14/Arduino/serial_receive) by extension 'python'
[0.320s] Level 1:colcon.colcon_core.package_identification:_identify(souzoukougaku14/Arduino/serial_receive) by extensions ['python_setup_py']
[0.320s] Level 1:colcon.colcon_core.package_identification:_identify(souzoukougaku14/Arduino/serial_receive) by extension 'python_setup_py'
[0.320s] Level 1:colcon.colcon_core.package_identification:_identify(souzoukougaku14/Arduino/serial_send) by extensions ['ignore', 'ignore_ament_install']
[0.320s] Level 1:colcon.colcon_core.package_identification:_identify(souzoukougaku14/Arduino/serial_send) by extension 'ignore'
[0.320s] Level 1:colcon.colcon_core.package_identification:_identify(souzoukougaku14/Arduino/serial_send) by extension 'ignore_ament_install'
[0.320s] Level 1:colcon.colcon_core.package_identification:_identify(souzoukougaku14/Arduino/serial_send) by extensions ['colcon_pkg']
[0.320s] Level 1:colcon.colcon_core.package_identification:_identify(souzoukougaku14/Arduino/serial_send) by extension 'colcon_pkg'
[0.320s] Level 1:colcon.colcon_core.package_identification:_identify(souzoukougaku14/Arduino/serial_send) by extensions ['colcon_meta']
[0.320s] Level 1:colcon.colcon_core.package_identification:_identify(souzoukougaku14/Arduino/serial_send) by extension 'colcon_meta'
[0.320s] Level 1:colcon.colcon_core.package_identification:_identify(souzoukougaku14/Arduino/serial_send) by extensions ['ros']
[0.320s] Level 1:colcon.colcon_core.package_identification:_identify(souzoukougaku14/Arduino/serial_send) by extension 'ros'
[0.320s] Level 1:colcon.colcon_core.package_identification:_identify(souzoukougaku14/Arduino/serial_send) by extensions ['cmake', 'python']
[0.320s] Level 1:colcon.colcon_core.package_identification:_identify(souzoukougaku14/Arduino/serial_send) by extension 'cmake'
[0.320s] Level 1:colcon.colcon_core.package_identification:_identify(souzoukougaku14/Arduino/serial_send) by extension 'python'
[0.320s] Level 1:colcon.colcon_core.package_identification:_identify(souzoukougaku14/Arduino/serial_send) by extensions ['python_setup_py']
[0.320s] Level 1:colcon.colcon_core.package_identification:_identify(souzoukougaku14/Arduino/serial_send) by extension 'python_setup_py'
[0.320s] Level 1:colcon.colcon_core.package_identification:_identify(souzoukougaku14/Arduino/udp_sample) by extensions ['ignore', 'ignore_ament_install']
[0.321s] Level 1:colcon.colcon_core.package_identification:_identify(souzoukougaku14/Arduino/udp_sample) by extension 'ignore'
[0.321s] Level 1:colcon.colcon_core.package_identification:_identify(souzoukougaku14/Arduino/udp_sample) by extension 'ignore_ament_install'
[0.321s] Level 1:colcon.colcon_core.package_identification:_identify(souzoukougaku14/Arduino/udp_sample) by extensions ['colcon_pkg']
[0.321s] Level 1:colcon.colcon_core.package_identification:_identify(souzoukougaku14/Arduino/udp_sample) by extension 'colcon_pkg'
[0.321s] Level 1:colcon.colcon_core.package_identification:_identify(souzoukougaku14/Arduino/udp_sample) by extensions ['colcon_meta']
[0.321s] Level 1:colcon.colcon_core.package_identification:_identify(souzoukougaku14/Arduino/udp_sample) by extension 'colcon_meta'
[0.321s] Level 1:colcon.colcon_core.package_identification:_identify(souzoukougaku14/Arduino/udp_sample) by extensions ['ros']
[0.321s] Level 1:colcon.colcon_core.package_identification:_identify(souzoukougaku14/Arduino/udp_sample) by extension 'ros'
[0.321s] Level 1:colcon.colcon_core.package_identification:_identify(souzoukougaku14/Arduino/udp_sample) by extensions ['cmake', 'python']
[0.321s] Level 1:colcon.colcon_core.package_identification:_identify(souzoukougaku14/Arduino/udp_sample) by extension 'cmake'
[0.321s] Level 1:colcon.colcon_core.package_identification:_identify(souzoukougaku14/Arduino/udp_sample) by extension 'python'
[0.321s] Level 1:colcon.colcon_core.package_identification:_identify(souzoukougaku14/Arduino/udp_sample) by extensions ['python_setup_py']
[0.321s] Level 1:colcon.colcon_core.package_identification:_identify(souzoukougaku14/Arduino/udp_sample) by extension 'python_setup_py'
[0.321s] Level 1:colcon.colcon_core.package_identification:_identify(souzoukougaku14/src) by extensions ['ignore', 'ignore_ament_install']
[0.321s] Level 1:colcon.colcon_core.package_identification:_identify(souzoukougaku14/src) by extension 'ignore'
[0.321s] Level 1:colcon.colcon_core.package_identification:_identify(souzoukougaku14/src) by extension 'ignore_ament_install'
[0.321s] Level 1:colcon.colcon_core.package_identification:_identify(souzoukougaku14/src) by extensions ['colcon_pkg']
[0.321s] Level 1:colcon.colcon_core.package_identification:_identify(souzoukougaku14/src) by extension 'colcon_pkg'
[0.321s] Level 1:colcon.colcon_core.package_identification:_identify(souzoukougaku14/src) by extensions ['colcon_meta']
[0.321s] Level 1:colcon.colcon_core.package_identification:_identify(souzoukougaku14/src) by extension 'colcon_meta'
[0.321s] Level 1:colcon.colcon_core.package_identification:_identify(souzoukougaku14/src) by extensions ['ros']
[0.321s] Level 1:colcon.colcon_core.package_identification:_identify(souzoukougaku14/src) by extension 'ros'
[0.321s] Level 1:colcon.colcon_core.package_identification:_identify(souzoukougaku14/src) by extensions ['cmake', 'python']
[0.321s] Level 1:colcon.colcon_core.package_identification:_identify(souzoukougaku14/src) by extension 'cmake'
[0.321s] Level 1:colcon.colcon_core.package_identification:_identify(souzoukougaku14/src) by extension 'python'
[0.321s] Level 1:colcon.colcon_core.package_identification:_identify(souzoukougaku14/src) by extensions ['python_setup_py']
[0.321s] Level 1:colcon.colcon_core.package_identification:_identify(souzoukougaku14/src) by extension 'python_setup_py'
[0.321s] Level 1:colcon.colcon_core.package_identification:_identify(souzoukougaku14/src/build) by extensions ['ignore', 'ignore_ament_install']
[0.321s] Level 1:colcon.colcon_core.package_identification:_identify(souzoukougaku14/src/build) by extension 'ignore'
[0.321s] Level 1:colcon.colcon_core.package_identification:_identify(souzoukougaku14/src/build) ignored
[0.321s] Level 1:colcon.colcon_core.package_identification:_identify(souzoukougaku14/src/cat) by extensions ['ignore', 'ignore_ament_install']
[0.321s] Level 1:colcon.colcon_core.package_identification:_identify(souzoukougaku14/src/cat) by extension 'ignore'
[0.321s] Level 1:colcon.colcon_core.package_identification:_identify(souzoukougaku14/src/cat) by extension 'ignore_ament_install'
[0.321s] Level 1:colcon.colcon_core.package_identification:_identify(souzoukougaku14/src/cat) by extensions ['colcon_pkg']
[0.321s] Level 1:colcon.colcon_core.package_identification:_identify(souzoukougaku14/src/cat) by extension 'colcon_pkg'
[0.322s] Level 1:colcon.colcon_core.package_identification:_identify(souzoukougaku14/src/cat) by extensions ['colcon_meta']
[0.322s] Level 1:colcon.colcon_core.package_identification:_identify(souzoukougaku14/src/cat) by extension 'colcon_meta'
[0.322s] Level 1:colcon.colcon_core.package_identification:_identify(souzoukougaku14/src/cat) by extensions ['ros']
[0.322s] Level 1:colcon.colcon_core.package_identification:_identify(souzoukougaku14/src/cat) by extension 'ros'
[0.324s] DEBUG:colcon.colcon_core.package_identification:Package 'souzoukougaku14/src/cat' with type 'ros.ament_python' and name 'cat'
[0.324s] Level 1:colcon.colcon_core.package_identification:_identify(souzoukougaku14/src/cat_messages) by extensions ['ignore', 'ignore_ament_install']
[0.325s] Level 1:colcon.colcon_core.package_identification:_identify(souzoukougaku14/src/cat_messages) by extension 'ignore'
[0.325s] Level 1:colcon.colcon_core.package_identification:_identify(souzoukougaku14/src/cat_messages) by extension 'ignore_ament_install'
[0.325s] Level 1:colcon.colcon_core.package_identification:_identify(souzoukougaku14/src/cat_messages) by extensions ['colcon_pkg']
[0.325s] Level 1:colcon.colcon_core.package_identification:_identify(souzoukougaku14/src/cat_messages) by extension 'colcon_pkg'
[0.325s] Level 1:colcon.colcon_core.package_identification:_identify(souzoukougaku14/src/cat_messages) by extensions ['colcon_meta']
[0.325s] Level 1:colcon.colcon_core.package_identification:_identify(souzoukougaku14/src/cat_messages) by extension 'colcon_meta'
[0.325s] Level 1:colcon.colcon_core.package_identification:_identify(souzoukougaku14/src/cat_messages) by extensions ['ros']
[0.325s] Level 1:colcon.colcon_core.package_identification:_identify(souzoukougaku14/src/cat_messages) by extension 'ros'
[0.326s] DEBUG:colcon.colcon_core.package_identification:Package 'souzoukougaku14/src/cat_messages' with type 'ros.ament_cmake' and name 'cat_messages'
[0.326s] Level 1:colcon.colcon_core.package_identification:_identify(souzoukougaku14/src/install) by extensions ['ignore', 'ignore_ament_install']
[0.326s] Level 1:colcon.colcon_core.package_identification:_identify(souzoukougaku14/src/install) by extension 'ignore'
[0.326s] Level 1:colcon.colcon_core.package_identification:_identify(souzoukougaku14/src/install) ignored
[0.326s] Level 1:colcon.colcon_core.package_identification:_identify(souzoukougaku14/src/log) by extensions ['ignore', 'ignore_ament_install']
[0.327s] Level 1:colcon.colcon_core.package_identification:_identify(souzoukougaku14/src/log) by extension 'ignore'
[0.327s] Level 1:colcon.colcon_core.package_identification:_identify(souzoukougaku14/src/log) ignored
[0.327s] Level 1:colcon.colcon_core.package_identification:_identify(souzoukougaku14/test) by extensions ['ignore', 'ignore_ament_install']
[0.327s] Level 1:colcon.colcon_core.package_identification:_identify(souzoukougaku14/test) by extension 'ignore'
[0.327s] Level 1:colcon.colcon_core.package_identification:_identify(souzoukougaku14/test) by extension 'ignore_ament_install'
[0.327s] Level 1:colcon.colcon_core.package_identification:_identify(souzoukougaku14/test) by extensions ['colcon_pkg']
[0.327s] Level 1:colcon.colcon_core.package_identification:_identify(souzoukougaku14/test) by extension 'colcon_pkg'
[0.327s] Level 1:colcon.colcon_core.package_identification:_identify(souzoukougaku14/test) by extensions ['colcon_meta']
[0.327s] Level 1:colcon.colcon_core.package_identification:_identify(souzoukougaku14/test) by extension 'colcon_meta'
[0.327s] Level 1:colcon.colcon_core.package_identification:_identify(souzoukougaku14/test) by extensions ['ros']
[0.327s] Level 1:colcon.colcon_core.package_identification:_identify(souzoukougaku14/test) by extension 'ros'
[0.327s] Level 1:colcon.colcon_core.package_identification:_identify(souzoukougaku14/test) by extensions ['cmake', 'python']
[0.327s] Level 1:colcon.colcon_core.package_identification:_identify(souzoukougaku14/test) by extension 'cmake'
[0.327s] Level 1:colcon.colcon_core.package_identification:_identify(souzoukougaku14/test) by extension 'python'
[0.327s] Level 1:colcon.colcon_core.package_identification:_identify(souzoukougaku14/test) by extensions ['python_setup_py']
[0.327s] Level 1:colcon.colcon_core.package_identification:_identify(souzoukougaku14/test) by extension 'python_setup_py'
[0.327s] Level 1:colcon.colcon_core.package_identification:_identify(souzoukougaku14/test/__pycache__) by extensions ['ignore', 'ignore_ament_install']
[0.327s] Level 1:colcon.colcon_core.package_identification:_identify(souzoukougaku14/test/__pycache__) by extension 'ignore'
[0.327s] Level 1:colcon.colcon_core.package_identification:_identify(souzoukougaku14/test/__pycache__) by extension 'ignore_ament_install'
[0.327s] Level 1:colcon.colcon_core.package_identification:_identify(souzoukougaku14/test/__pycache__) by extensions ['colcon_pkg']
[0.327s] Level 1:colcon.colcon_core.package_identification:_identify(souzoukougaku14/test/__pycache__) by extension 'colcon_pkg'
[0.327s] Level 1:colcon.colcon_core.package_identification:_identify(souzoukougaku14/test/__pycache__) by extensions ['colcon_meta']
[0.327s] Level 1:colcon.colcon_core.package_identification:_identify(souzoukougaku14/test/__pycache__) by extension 'colcon_meta'
[0.327s] Level 1:colcon.colcon_core.package_identification:_identify(souzoukougaku14/test/__pycache__) by extensions ['ros']
[0.327s] Level 1:colcon.colcon_core.package_identification:_identify(souzoukougaku14/test/__pycache__) by extension 'ros'
[0.327s] Level 1:colcon.colcon_core.package_identification:_identify(souzoukougaku14/test/__pycache__) by extensions ['cmake', 'python']
[0.327s] Level 1:colcon.colcon_core.package_identification:_identify(souzoukougaku14/test/__pycache__) by extension 'cmake'
[0.327s] Level 1:colcon.colcon_core.package_identification:_identify(souzoukougaku14/test/__pycache__) by extension 'python'
[0.327s] Level 1:colcon.colcon_core.package_identification:_identify(souzoukougaku14/test/__pycache__) by extensions ['python_setup_py']
[0.327s] Level 1:colcon.colcon_core.package_identification:_identify(souzoukougaku14/test/__pycache__) by extension 'python_setup_py'
[0.327s] Level 1:colcon.colcon_core.package_discovery:discover_packages(recursive) using defaults
[0.327s] Level 1:colcon.colcon_core.package_discovery:discover_packages(ignore) discover
[0.327s] Level 1:colcon.colcon_core.package_discovery:discover_packages(ignore) using defaults
[0.327s] Level 1:colcon.colcon_core.package_discovery:discover_packages(path) discover
[0.327s] Level 1:colcon.colcon_core.package_discovery:discover_packages(path) using defaults
[0.360s] Level 1:colcon.colcon_core.package_discovery:discover_packages(prefix_path) check parameters
[0.360s] Level 1:colcon.colcon_core.package_discovery:discover_packages(prefix_path) discover
[0.370s] DEBUG:colcon.colcon_installed_package_information.package_discovery:Found 4 installed packages in /home/hamilton/souzou/install
[0.372s] DEBUG:colcon.colcon_installed_package_information.package_discovery:Found 477 installed packages in /opt/ros/humble
[0.374s] Level 1:colcon.colcon_core.package_discovery:discover_packages(prefix_path) using defaults
[0.423s] Level 5:colcon.colcon_core.verb:set package 'cat_messages' build argument 'cmake_args' from command line to 'None'
[0.423s] Level 5:colcon.colcon_core.verb:set package 'cat_messages' build argument 'cmake_target' from command line to 'None'
[0.424s] Level 5:colcon.colcon_core.verb:set package 'cat_messages' build argument 'cmake_target_skip_unavailable' from command line to 'False'
[0.424s] Level 5:colcon.colcon_core.verb:set package 'cat_messages' build argument 'cmake_clean_cache' from command line to 'False'
[0.424s] Level 5:colcon.colcon_core.verb:set package 'cat_messages' build argument 'cmake_clean_first' from command line to 'False'
[0.424s] Level 5:colcon.colcon_core.verb:set package 'cat_messages' build argument 'cmake_force_configure' from command line to 'False'
[0.424s] Level 5:colcon.colcon_core.verb:set package 'cat_messages' build argument 'ament_cmake_args' from command line to 'None'
[0.424s] Level 5:colcon.colcon_core.verb:set package 'cat_messages' build argument 'catkin_cmake_args' from command line to 'None'
[0.424s] Level 5:colcon.colcon_core.verb:set package 'cat_messages' build argument 'catkin_skip_building_tests' from command line to 'False'
[0.424s] DEBUG:colcon.colcon_core.verb:Building package 'cat_messages' with the following arguments: {'ament_cmake_args': None, 'build_base': '/home/hamilton/souzou/build/cat_messages', 'catkin_cmake_args': None, 'catkin_skip_building_tests': False, 'cmake_args': None, 'cmake_clean_cache': False, 'cmake_clean_first': False, 'cmake_force_configure': False, 'cmake_target': None, 'cmake_target_skip_unavailable': False, 'install_base': '/home/hamilton/souzou/install/cat_messages', 'merge_install': False, 'path': '/home/hamilton/souzou/souzoukougaku14/src/cat_messages', 'symlink_install': True, 'test_result_base': None}
[0.424s] Level 5:colcon.colcon_core.verb:set package 'ros2_aruco' build argument 'cmake_args' from command line to 'None'
[0.424s] Level 5:colcon.colcon_core.verb:set package 'ros2_aruco' build argument 'cmake_target' from command line to 'None'
[0.424s] Level 5:colcon.colcon_core.verb:set package 'ros2_aruco' build argument 'cmake_target_skip_unavailable' from command line to 'False'
[0.424s] Level 5:colcon.colcon_core.verb:set package 'ros2_aruco' build argument 'cmake_clean_cache' from command line to 'False'
[0.424s] Level 5:colcon.colcon_core.verb:set package 'ros2_aruco' build argument 'cmake_clean_first' from command line to 'False'
[0.424s] Level 5:colcon.colcon_core.verb:set package 'ros2_aruco' build argument 'cmake_force_configure' from command line to 'False'
[0.424s] Level 5:colcon.colcon_core.verb:set package 'ros2_aruco' build argument 'ament_cmake_args' from command line to 'None'
[0.424s] Level 5:colcon.colcon_core.verb:set package 'ros2_aruco' build argument 'catkin_cmake_args' from command line to 'None'
[0.424s] Level 5:colcon.colcon_core.verb:set package 'ros2_aruco' build argument 'catkin_skip_building_tests' from command line to 'False'
[0.424s] DEBUG:colcon.colcon_core.verb:Building package 'ros2_aruco' with the following arguments: {'ament_cmake_args': None, 'build_base': '/home/hamilton/souzou/build/ros2_aruco', 'catkin_cmake_args': None, 'catkin_skip_building_tests': False, 'cmake_args': None, 'cmake_clean_cache': False, 'cmake_clean_first': False, 'cmake_force_configure': False, 'cmake_target': None, 'cmake_target_skip_unavailable': False, 'install_base': '/home/hamilton/souzou/install/ros2_aruco', 'merge_install': False, 'path': '/home/hamilton/souzou/ros2_aruco/ros2_aruco', 'symlink_install': True, 'test_result_base': None}
[0.424s] Level 5:colcon.colcon_core.verb:set package 'ros2_aruco_interfaces' build argument 'cmake_args' from command line to 'None'
[0.424s] Level 5:colcon.colcon_core.verb:set package 'ros2_aruco_interfaces' build argument 'cmake_target' from command line to 'None'
[0.424s] Level 5:colcon.colcon_core.verb:set package 'ros2_aruco_interfaces' build argument 'cmake_target_skip_unavailable' from command line to 'False'
[0.424s] Level 5:colcon.colcon_core.verb:set package 'ros2_aruco_interfaces' build argument 'cmake_clean_cache' from command line to 'False'
[0.424s] Level 5:colcon.colcon_core.verb:set package 'ros2_aruco_interfaces' build argument 'cmake_clean_first' from command line to 'False'
[0.424s] Level 5:colcon.colcon_core.verb:set package 'ros2_aruco_interfaces' build argument 'cmake_force_configure' from command line to 'False'
[0.424s] Level 5:colcon.colcon_core.verb:set package 'ros2_aruco_interfaces' build argument 'ament_cmake_args' from command line to 'None'
[0.424s] Level 5:colcon.colcon_core.verb:set package 'ros2_aruco_interfaces' build argument 'catkin_cmake_args' from command line to 'None'
[0.424s] Level 5:colcon.colcon_core.verb:set package 'ros2_aruco_interfaces' build argument 'catkin_skip_building_tests' from command line to 'False'
[0.424s] DEBUG:colcon.colcon_core.verb:Building package 'ros2_aruco_interfaces' with the following arguments: {'ament_cmake_args': None, 'build_base': '/home/hamilton/souzou/build/ros2_aruco_interfaces', 'catkin_cmake_args': None, 'catkin_skip_building_tests': False, 'cmake_args': None, 'cmake_clean_cache': False, 'cmake_clean_first': False, 'cmake_force_configure': False, 'cmake_target': None, 'cmake_target_skip_unavailable': False, 'install_base': '/home/hamilton/souzou/install/ros2_aruco_interfaces', 'merge_install': False, 'path': '/home/hamilton/souzou/ros2_aruco/ros2_aruco_interfaces', 'symlink_install': True, 'test_result_base': None}
[0.424s] Level 5:colcon.colcon_core.verb:set package 'cat' build argument 'cmake_args' from command line to 'None'
[0.424s] Level 5:colcon.colcon_core.verb:set package 'cat' build argument 'cmake_target' from command line to 'None'
[0.424s] Level 5:colcon.colcon_core.verb:set package 'cat' build argument 'cmake_target_skip_unavailable' from command line to 'False'
[0.425s] Level 5:colcon.colcon_core.verb:set package 'cat' build argument 'cmake_clean_cache' from command line to 'False'
[0.425s] Level 5:colcon.colcon_core.verb:set package 'cat' build argument 'cmake_clean_first' from command line to 'False'
[0.425s] Level 5:colcon.colcon_core.verb:set package 'cat' build argument 'cmake_force_configure' from command line to 'False'
[0.425s] Level 5:colcon.colcon_core.verb:set package 'cat' build argument 'ament_cmake_args' from command line to 'None'
[0.425s] Level 5:colcon.colcon_core.verb:set package 'cat' build argument 'catkin_cmake_args' from command line to 'None'
[0.425s] Level 5:colcon.colcon_core.verb:set package 'cat' build argument 'catkin_skip_building_tests' from command line to 'False'
[0.425s] DEBUG:colcon.colcon_core.verb:Building package 'cat' with the following arguments: {'ament_cmake_args': None, 'build_base': '/home/hamilton/souzou/build/cat', 'catkin_cmake_args': None, 'catkin_skip_building_tests': False, 'cmake_args': None, 'cmake_clean_cache': False, 'cmake_clean_first': False, 'cmake_force_configure': False, 'cmake_target': None, 'cmake_target_skip_unavailable': False, 'install_base': '/home/hamilton/souzou/install/cat', 'merge_install': False, 'path': '/home/hamilton/souzou/souzoukougaku14/src/cat', 'symlink_install': True, 'test_result_base': None}
[0.425s] INFO:colcon.colcon_core.executor:Executing jobs using 'parallel' executor
[0.426s] DEBUG:colcon.colcon_parallel_executor.executor.parallel:run_until_complete
[0.426s] INFO:colcon.colcon_ros.task.ament_cmake.build:Building ROS package in '/home/hamilton/souzou/souzoukougaku14/src/cat_messages' with build type 'ament_cmake'
[0.426s] INFO:colcon.colcon_cmake.task.cmake.build:Building CMake package in '/home/hamilton/souzou/souzoukougaku14/src/cat_messages'
[0.433s] INFO:colcon.colcon_core.plugin_system:Skipping extension 'colcon_core.shell.bat': Not used on non-Windows systems
[0.433s] INFO:colcon.colcon_core.shell:Skip shell extension 'powershell' for command environment: Not usable outside of PowerShell
[0.433s] DEBUG:colcon.colcon_core.shell:Skip shell extension 'dsv' for command environment
[0.435s] INFO:colcon.colcon_ros.task.ament_python.build:Building ROS package in '/home/hamilton/souzou/ros2_aruco/ros2_aruco' with build type 'ament_python'
[0.436s] Level 1:colcon.colcon_core.shell:create_environment_hook('ros2_aruco', 'ament_prefix_path')
[0.436s] INFO:colcon.colcon_core.shell:Creating environment hook '/home/hamilton/souzou/install/ros2_aruco/share/ros2_aruco/hook/ament_prefix_path.ps1'
[0.436s] INFO:colcon.colcon_core.shell:Creating environment descriptor '/home/hamilton/souzou/install/ros2_aruco/share/ros2_aruco/hook/ament_prefix_path.dsv'
[0.436s] INFO:colcon.colcon_core.shell:Creating environment hook '/home/hamilton/souzou/install/ros2_aruco/share/ros2_aruco/hook/ament_prefix_path.sh'
[0.437s] INFO:colcon.colcon_core.shell:Skip shell extension 'powershell' for command environment: Not usable outside of PowerShell
[0.437s] DEBUG:colcon.colcon_core.shell:Skip shell extension 'dsv' for command environment
[0.440s] INFO:colcon.colcon_ros.task.ament_cmake.build:Building ROS package in '/home/hamilton/souzou/ros2_aruco/ros2_aruco_interfaces' with build type 'ament_cmake'
[0.441s] INFO:colcon.colcon_cmake.task.cmake.build:Building CMake package in '/home/hamilton/souzou/ros2_aruco/ros2_aruco_interfaces'
[0.441s] INFO:colcon.colcon_core.shell:Skip shell extension 'powershell' for command environment: Not usable outside of PowerShell
[0.441s] DEBUG:colcon.colcon_core.shell:Skip shell extension 'dsv' for command environment
[0.448s] DEBUG:colcon.colcon_core.event_handler.log_command:Invoking command in '/home/hamilton/souzou/build/cat_messages': CMAKE_PREFIX_PATH=${CMAKE_PREFIX_PATH}:/home/hamilton/souzou/install/ros2_aruco:/home/hamilton/souzou/install/cat:/opt/ros/humble /usr/local/bin/cmake --build /home/hamilton/souzou/build/cat_messages -- -j8 -l8
[0.622s] INFO:colcon.colcon_core.task.python.build:Building Python package in '/home/hamilton/souzou/ros2_aruco/ros2_aruco'
[0.623s] INFO:colcon.colcon_core.shell:Skip shell extension 'powershell' for command environment: Not usable outside of PowerShell
[0.623s] DEBUG:colcon.colcon_core.shell:Skip shell extension 'dsv' for command environment
[0.631s] DEBUG:colcon.colcon_core.event_handler.log_command:Invoking command in '/home/hamilton/souzou/build/ros2_aruco_interfaces': CMAKE_PREFIX_PATH=${CMAKE_PREFIX_PATH}:/home/hamilton/souzou/install/ros2_aruco:/home/hamilton/souzou/install/cat:/opt/ros/humble /usr/local/bin/cmake --build /home/hamilton/souzou/build/ros2_aruco_interfaces -- -j8 -l8
[0.761s] DEBUG:colcon.colcon_core.event_handler.log_command:Invoked command in '/home/hamilton/souzou/build/cat_messages' returned '0': CMAKE_PREFIX_PATH=${CMAKE_PREFIX_PATH}:/home/hamilton/souzou/install/ros2_aruco:/home/hamilton/souzou/install/cat:/opt/ros/humble /usr/local/bin/cmake --build /home/hamilton/souzou/build/cat_messages -- -j8 -l8
[0.766s] DEBUG:colcon.colcon_core.event_handler.log_command:Invoking command in '/home/hamilton/souzou/build/cat_messages': CMAKE_PREFIX_PATH=${CMAKE_PREFIX_PATH}:/home/hamilton/souzou/install/ros2_aruco:/home/hamilton/souzou/install/cat:/opt/ros/humble /usr/local/bin/cmake --install /home/hamilton/souzou/build/cat_messages
[0.826s] Level 1:colcon.colcon_core.environment:create_environment_scripts_only(cat_messages)
[0.827s] DEBUG:colcon.colcon_core.event_handler.log_command:Invoked command in '/home/hamilton/souzou/build/cat_messages' returned '0': CMAKE_PREFIX_PATH=${CMAKE_PREFIX_PATH}:/home/hamilton/souzou/install/ros2_aruco:/home/hamilton/souzou/install/cat:/opt/ros/humble /usr/local/bin/cmake --install /home/hamilton/souzou/build/cat_messages
[0.828s] Level 1:colcon.colcon_core.environment:checking '/home/hamilton/souzou/install/cat_messages' for CMake module files
[0.829s] Level 1:colcon.colcon_core.environment:checking '/home/hamilton/souzou/install/cat_messages' for CMake config files
[0.829s] Level 1:colcon.colcon_core.shell:create_environment_hook('cat_messages', 'cmake_prefix_path')
[0.830s] INFO:colcon.colcon_core.shell:Creating environment hook '/home/hamilton/souzou/install/cat_messages/share/cat_messages/hook/cmake_prefix_path.ps1'
[0.830s] INFO:colcon.colcon_core.shell:Creating environment descriptor '/home/hamilton/souzou/install/cat_messages/share/cat_messages/hook/cmake_prefix_path.dsv'
[0.830s] INFO:colcon.colcon_core.shell:Creating environment hook '/home/hamilton/souzou/install/cat_messages/share/cat_messages/hook/cmake_prefix_path.sh'
[0.831s] Level 1:colcon.colcon_core.environment:checking '/home/hamilton/souzou/install/cat_messages/lib'
[0.831s] Level 1:colcon.colcon_core.shell:create_environment_hook('cat_messages', 'ld_library_path_lib')
[0.831s] INFO:colcon.colcon_core.shell:Creating environment hook '/home/hamilton/souzou/install/cat_messages/share/cat_messages/hook/ld_library_path_lib.ps1'
[0.831s] INFO:colcon.colcon_core.shell:Creating environment descriptor '/home/hamilton/souzou/install/cat_messages/share/cat_messages/hook/ld_library_path_lib.dsv'
[0.832s] INFO:colcon.colcon_core.shell:Creating environment hook '/home/hamilton/souzou/install/cat_messages/share/cat_messages/hook/ld_library_path_lib.sh'
[0.832s] Level 1:colcon.colcon_core.environment:checking '/home/hamilton/souzou/install/cat_messages/bin'
[0.832s] Level 1:colcon.colcon_core.environment:checking '/home/hamilton/souzou/install/cat_messages/lib/pkgconfig/cat_messages.pc'
[0.832s] Level 1:colcon.colcon_core.environment:checking '/home/hamilton/souzou/install/cat_messages/lib/python3.10/site-packages'
[0.832s] Level 1:colcon.colcon_core.environment:checking '/home/hamilton/souzou/install/cat_messages/bin'
[0.833s] INFO:colcon.colcon_core.shell:Creating package script '/home/hamilton/souzou/install/cat_messages/share/cat_messages/package.ps1'
[0.833s] INFO:colcon.colcon_core.shell:Creating package descriptor '/home/hamilton/souzou/install/cat_messages/share/cat_messages/package.dsv'
[0.834s] INFO:colcon.colcon_core.shell:Creating package script '/home/hamilton/souzou/install/cat_messages/share/cat_messages/package.sh'
[0.834s] INFO:colcon.colcon_core.shell:Creating package script '/home/hamilton/souzou/install/cat_messages/share/cat_messages/package.bash'
[0.835s] INFO:colcon.colcon_core.shell:Creating package script '/home/hamilton/souzou/install/cat_messages/share/cat_messages/package.zsh'
[0.836s] Level 1:colcon.colcon_core.environment:create_file_with_runtime_dependencies(/home/hamilton/souzou/install/cat_messages/share/colcon-core/packages/cat_messages)
[0.836s] Level 1:colcon.colcon_core.environment:create_environment_scripts_only(cat_messages)
[0.836s] Level 1:colcon.colcon_core.environment:checking '/home/hamilton/souzou/install/cat_messages' for CMake module files
[0.837s] Level 1:colcon.colcon_core.environment:checking '/home/hamilton/souzou/install/cat_messages' for CMake config files
[0.837s] Level 1:colcon.colcon_core.shell:create_environment_hook('cat_messages', 'cmake_prefix_path')
[0.837s] INFO:colcon.colcon_core.shell:Creating environment hook '/home/hamilton/souzou/install/cat_messages/share/cat_messages/hook/cmake_prefix_path.ps1'
[0.838s] INFO:colcon.colcon_core.shell:Creating environment descriptor '/home/hamilton/souzou/install/cat_messages/share/cat_messages/hook/cmake_prefix_path.dsv'
[0.838s] INFO:colcon.colcon_core.shell:Creating environment hook '/home/hamilton/souzou/install/cat_messages/share/cat_messages/hook/cmake_prefix_path.sh'
[0.838s] Level 1:colcon.colcon_core.environment:checking '/home/hamilton/souzou/install/cat_messages/lib'
[0.838s] Level 1:colcon.colcon_core.shell:create_environment_hook('cat_messages', 'ld_library_path_lib')
[0.839s] INFO:colcon.colcon_core.shell:Creating environment hook '/home/hamilton/souzou/install/cat_messages/share/cat_messages/hook/ld_library_path_lib.ps1'
[0.839s] INFO:colcon.colcon_core.shell:Creating environment descriptor '/home/hamilton/souzou/install/cat_messages/share/cat_messages/hook/ld_library_path_lib.dsv'
[0.839s] INFO:colcon.colcon_core.shell:Creating environment hook '/home/hamilton/souzou/install/cat_messages/share/cat_messages/hook/ld_library_path_lib.sh'
[0.840s] Level 1:colcon.colcon_core.environment:checking '/home/hamilton/souzou/install/cat_messages/bin'
[0.840s] Level 1:colcon.colcon_core.environment:checking '/home/hamilton/souzou/install/cat_messages/lib/pkgconfig/cat_messages.pc'
[0.840s] Level 1:colcon.colcon_core.environment:checking '/home/hamilton/souzou/install/cat_messages/lib/python3.10/site-packages'
[0.840s] Level 1:colcon.colcon_core.environment:checking '/home/hamilton/souzou/install/cat_messages/bin'
[0.840s] INFO:colcon.colcon_core.shell:Creating package script '/home/hamilton/souzou/install/cat_messages/share/cat_messages/package.ps1'
[0.841s] INFO:colcon.colcon_core.shell:Creating package descriptor '/home/hamilton/souzou/install/cat_messages/share/cat_messages/package.dsv'
[0.841s] INFO:colcon.colcon_core.shell:Creating package script '/home/hamilton/souzou/install/cat_messages/share/cat_messages/package.sh'
[0.841s] INFO:colcon.colcon_core.shell:Creating package script '/home/hamilton/souzou/install/cat_messages/share/cat_messages/package.bash'
[0.842s] INFO:colcon.colcon_core.shell:Creating package script '/home/hamilton/souzou/install/cat_messages/share/cat_messages/package.zsh'
[0.842s] Level 1:colcon.colcon_core.environment:create_file_with_runtime_dependencies(/home/hamilton/souzou/install/cat_messages/share/colcon-core/packages/cat_messages)
[0.842s] INFO:colcon.colcon_ros.task.ament_python.build:Building ROS package in '/home/hamilton/souzou/souzoukougaku14/src/cat' with build type 'ament_python'
[0.842s] Level 1:colcon.colcon_core.shell:create_environment_hook('cat', 'ament_prefix_path')
[0.843s] INFO:colcon.colcon_core.shell:Creating environment hook '/home/hamilton/souzou/install/cat/share/cat/hook/ament_prefix_path.ps1'
[0.843s] INFO:colcon.colcon_core.shell:Creating environment descriptor '/home/hamilton/souzou/install/cat/share/cat/hook/ament_prefix_path.dsv'
[0.844s] INFO:colcon.colcon_core.shell:Creating environment hook '/home/hamilton/souzou/install/cat/share/cat/hook/ament_prefix_path.sh'
[0.844s] INFO:colcon.colcon_core.shell:Skip shell extension 'powershell' for command environment: Not usable outside of PowerShell
[0.844s] DEBUG:colcon.colcon_core.shell:Skip shell extension 'dsv' for command environment
[1.038s] INFO:colcon.colcon_core.task.python.build:Building Python package in '/home/hamilton/souzou/souzoukougaku14/src/cat'
[1.039s] INFO:colcon.colcon_core.shell:Skip shell extension 'powershell' for command environment: Not usable outside of PowerShell
[1.039s] DEBUG:colcon.colcon_core.shell:Skip shell extension 'dsv' for command environment
[1.042s] DEBUG:colcon.colcon_core.event_handler.log_command:Invoked command in '/home/hamilton/souzou/build/ros2_aruco_interfaces' returned '0': CMAKE_PREFIX_PATH=${CMAKE_PREFIX_PATH}:/home/hamilton/souzou/install/ros2_aruco:/home/hamilton/souzou/install/cat:/opt/ros/humble /usr/local/bin/cmake --build /home/hamilton/souzou/build/ros2_aruco_interfaces -- -j8 -l8
[1.044s] DEBUG:colcon.colcon_core.event_handler.log_command:Invoking command in '/home/hamilton/souzou/build/ros2_aruco_interfaces': CMAKE_PREFIX_PATH=${CMAKE_PREFIX_PATH}:/home/hamilton/souzou/install/ros2_aruco:/home/hamilton/souzou/install/cat:/opt/ros/humble /usr/local/bin/cmake --install /home/hamilton/souzou/build/ros2_aruco_interfaces
[1.092s] Level 1:colcon.colcon_core.environment:create_environment_scripts_only(ros2_aruco_interfaces)
[1.092s] Level 1:colcon.colcon_core.environment:checking '/home/hamilton/souzou/install/ros2_aruco_interfaces' for CMake module files
[1.093s] DEBUG:colcon.colcon_core.event_handler.log_command:Invoked command in '/home/hamilton/souzou/build/ros2_aruco_interfaces' returned '0': CMAKE_PREFIX_PATH=${CMAKE_PREFIX_PATH}:/home/hamilton/souzou/install/ros2_aruco:/home/hamilton/souzou/install/cat:/opt/ros/humble /usr/local/bin/cmake --install /home/hamilton/souzou/build/ros2_aruco_interfaces
[1.093s] Level 1:colcon.colcon_core.environment:checking '/home/hamilton/souzou/install/ros2_aruco_interfaces' for CMake config files
[1.093s] Level 1:colcon.colcon_core.shell:create_environment_hook('ros2_aruco_interfaces', 'cmake_prefix_path')
[1.094s] INFO:colcon.colcon_core.shell:Creating environment hook '/home/hamilton/souzou/install/ros2_aruco_interfaces/share/ros2_aruco_interfaces/hook/cmake_prefix_path.ps1'
[1.094s] INFO:colcon.colcon_core.shell:Creating environment descriptor '/home/hamilton/souzou/install/ros2_aruco_interfaces/share/ros2_aruco_interfaces/hook/cmake_prefix_path.dsv'
[1.094s] INFO:colcon.colcon_core.shell:Creating environment hook '/home/hamilton/souzou/install/ros2_aruco_interfaces/share/ros2_aruco_interfaces/hook/cmake_prefix_path.sh'
[1.095s] Level 1:colcon.colcon_core.environment:checking '/home/hamilton/souzou/install/ros2_aruco_interfaces/lib'
[1.095s] Level 1:colcon.colcon_core.shell:create_environment_hook('ros2_aruco_interfaces', 'ld_library_path_lib')
[1.095s] INFO:colcon.colcon_core.shell:Creating environment hook '/home/hamilton/souzou/install/ros2_aruco_interfaces/share/ros2_aruco_interfaces/hook/ld_library_path_lib.ps1'
[1.095s] INFO:colcon.colcon_core.shell:Creating environment descriptor '/home/hamilton/souzou/install/ros2_aruco_interfaces/share/ros2_aruco_interfaces/hook/ld_library_path_lib.dsv'
[1.095s] INFO:colcon.colcon_core.shell:Creating environment hook '/home/hamilton/souzou/install/ros2_aruco_interfaces/share/ros2_aruco_interfaces/hook/ld_library_path_lib.sh'
[1.096s] Level 1:colcon.colcon_core.environment:checking '/home/hamilton/souzou/install/ros2_aruco_interfaces/bin'
[1.096s] Level 1:colcon.colcon_core.environment:checking '/home/hamilton/souzou/install/ros2_aruco_interfaces/lib/pkgconfig/ros2_aruco_interfaces.pc'
[1.096s] Level 1:colcon.colcon_core.environment:checking '/home/hamilton/souzou/install/ros2_aruco_interfaces/lib/python3.10/site-packages'
[1.096s] Level 1:colcon.colcon_core.environment:checking '/home/hamilton/souzou/install/ros2_aruco_interfaces/bin'
[1.096s] INFO:colcon.colcon_core.shell:Creating package script '/home/hamilton/souzou/install/ros2_aruco_interfaces/share/ros2_aruco_interfaces/package.ps1'
[1.097s] INFO:colcon.colcon_core.shell:Creating package descriptor '/home/hamilton/souzou/install/ros2_aruco_interfaces/share/ros2_aruco_interfaces/package.dsv'
[1.097s] INFO:colcon.colcon_core.shell:Creating package script '/home/hamilton/souzou/install/ros2_aruco_interfaces/share/ros2_aruco_interfaces/package.sh'
[1.097s] INFO:colcon.colcon_core.shell:Creating package script '/home/hamilton/souzou/install/ros2_aruco_interfaces/share/ros2_aruco_interfaces/package.bash'
[1.097s] INFO:colcon.colcon_core.shell:Creating package script '/home/hamilton/souzou/install/ros2_aruco_interfaces/share/ros2_aruco_interfaces/package.zsh'
[1.098s] Level 1:colcon.colcon_core.environment:create_file_with_runtime_dependencies(/home/hamilton/souzou/install/ros2_aruco_interfaces/share/colcon-core/packages/ros2_aruco_interfaces)
[1.098s] Level 1:colcon.colcon_core.environment:create_environment_scripts_only(ros2_aruco_interfaces)
[1.098s] Level 1:colcon.colcon_core.environment:checking '/home/hamilton/souzou/install/ros2_aruco_interfaces' for CMake module files
[1.099s] Level 1:colcon.colcon_core.environment:checking '/home/hamilton/souzou/install/ros2_aruco_interfaces' for CMake config files
[1.099s] Level 1:colcon.colcon_core.shell:create_environment_hook('ros2_aruco_interfaces', 'cmake_prefix_path')
[1.099s] INFO:colcon.colcon_core.shell:Creating environment hook '/home/hamilton/souzou/install/ros2_aruco_interfaces/share/ros2_aruco_interfaces/hook/cmake_prefix_path.ps1'
[1.100s] INFO:colcon.colcon_core.shell:Creating environment descriptor '/home/hamilton/souzou/install/ros2_aruco_interfaces/share/ros2_aruco_interfaces/hook/cmake_prefix_path.dsv'
[1.100s] INFO:colcon.colcon_core.shell:Creating environment hook '/home/hamilton/souzou/install/ros2_aruco_interfaces/share/ros2_aruco_interfaces/hook/cmake_prefix_path.sh'
[1.100s] Level 1:colcon.colcon_core.environment:checking '/home/hamilton/souzou/install/ros2_aruco_interfaces/lib'
[1.100s] Level 1:colcon.colcon_core.shell:create_environment_hook('ros2_aruco_interfaces', 'ld_library_path_lib')
[1.101s] INFO:colcon.colcon_core.shell:Creating environment hook '/home/hamilton/souzou/install/ros2_aruco_interfaces/share/ros2_aruco_interfaces/hook/ld_library_path_lib.ps1'
[1.101s] INFO:colcon.colcon_core.shell:Creating environment descriptor '/home/hamilton/souzou/install/ros2_aruco_interfaces/share/ros2_aruco_interfaces/hook/ld_library_path_lib.dsv'
[1.101s] INFO:colcon.colcon_core.shell:Creating environment hook '/home/hamilton/souzou/install/ros2_aruco_interfaces/share/ros2_aruco_interfaces/hook/ld_library_path_lib.sh'
[1.101s] Level 1:colcon.colcon_core.environment:checking '/home/hamilton/souzou/install/ros2_aruco_interfaces/bin'
[1.101s] Level 1:colcon.colcon_core.environment:checking '/home/hamilton/souzou/install/ros2_aruco_interfaces/lib/pkgconfig/ros2_aruco_interfaces.pc'
[1.102s] Level 1:colcon.colcon_core.environment:checking '/home/hamilton/souzou/install/ros2_aruco_interfaces/lib/python3.10/site-packages'
[1.102s] Level 1:colcon.colcon_core.environment:checking '/home/hamilton/souzou/install/ros2_aruco_interfaces/bin'
[1.102s] INFO:colcon.colcon_core.shell:Creating package script '/home/hamilton/souzou/install/ros2_aruco_interfaces/share/ros2_aruco_interfaces/package.ps1'
[1.103s] INFO:colcon.colcon_core.shell:Creating package descriptor '/home/hamilton/souzou/install/ros2_aruco_interfaces/share/ros2_aruco_interfaces/package.dsv'
[1.103s] INFO:colcon.colcon_core.shell:Creating package script '/home/hamilton/souzou/install/ros2_aruco_interfaces/share/ros2_aruco_interfaces/package.sh'
[1.104s] INFO:colcon.colcon_core.shell:Creating package script '/home/hamilton/souzou/install/ros2_aruco_interfaces/share/ros2_aruco_interfaces/package.bash'
[1.104s] INFO:colcon.colcon_core.shell:Creating package script '/home/hamilton/souzou/install/ros2_aruco_interfaces/share/ros2_aruco_interfaces/package.zsh'
[1.105s] Level 1:colcon.colcon_core.environment:create_file_with_runtime_dependencies(/home/hamilton/souzou/install/ros2_aruco_interfaces/share/colcon-core/packages/ros2_aruco_interfaces)
[1.142s] DEBUG:colcon.colcon_core.event_handler.log_command:Invoking command in '/home/hamilton/souzou/build/ros2_aruco': PYTHONPATH=/home/hamilton/souzou/build/ros2_aruco/prefix_override:/usr/lib/python3/dist-packages/colcon_core/task/python/colcon_distutils_commands:/home/hamilton/souzou/install/ros2_aruco/lib/python3.10/site-packages:${PYTHONPATH} /usr/bin/python3 -W ignore:setup.py install is deprecated -W ignore:easy_install command is deprecated setup.py develop --editable --build-directory /home/hamilton/souzou/build/ros2_aruco/build --no-deps symlink_data
[1.586s] DEBUG:colcon.colcon_core.event_handler.log_command:Invoking command in '/home/hamilton/souzou/build/cat': CMAKE_PREFIX_PATH=/home/hamilton/souzou/install/cat_messages:/home/hamilton/souzou/install/ros2_aruco_interfaces LD_LIBRARY_PATH=/home/hamilton/souzou/install/cat_messages/lib:/home/hamilton/souzou/install/ros2_aruco_interfaces/lib:/usr/local/lib:/usr/local/cuda/lib64:/usr/lib/x86_64-linux-gnu/gazebo-11/plugins:/opt/ros/humble/opt/rviz_ogre_vendor/lib:/opt/ros/humble/lib/x86_64-linux-gnu:/opt/ros/humble/opt/openvdb_vendor/lib:/opt/ros/humble/lib:/home/hamilton/miniconda3/envs/base/lib:/usr/share/gazebo/../../lib/x86_64-linux-gnu/gazebo-11/plugins:/usr/local/cuda/lib64 PYTHONPATH=/home/hamilton/souzou/build/cat/prefix_override:/usr/lib/python3/dist-packages/colcon_core/task/python/colcon_distutils_commands:/home/hamilton/souzou/install/cat/lib/python3.10/site-packages:${PYTHONPATH} /usr/bin/python3 -W ignore:setup.py install is deprecated -W ignore:easy_install command is deprecated setup.py develop --editable --build-directory /home/hamilton/souzou/build/cat/build --no-deps symlink_data
[1.904s] Level 1:colcon.colcon_core.shell:create_environment_hook('ros2_aruco', 'pythonpath_develop')
[1.904s] INFO:colcon.colcon_core.shell:Creating environment hook '/home/hamilton/souzou/build/ros2_aruco/share/ros2_aruco/hook/pythonpath_develop.ps1'
[1.905s] DEBUG:colcon.colcon_core.event_handler.log_command:Invoked command in '/home/hamilton/souzou/build/ros2_aruco' returned '0': PYTHONPATH=/home/hamilton/souzou/build/ros2_aruco/prefix_override:/usr/lib/python3/dist-packages/colcon_core/task/python/colcon_distutils_commands:/home/hamilton/souzou/install/ros2_aruco/lib/python3.10/site-packages:${PYTHONPATH} /usr/bin/python3 -W ignore:setup.py install is deprecated -W ignore:easy_install command is deprecated setup.py develop --editable --build-directory /home/hamilton/souzou/build/ros2_aruco/build --no-deps symlink_data
[1.905s] INFO:colcon.colcon_core.shell:Creating environment descriptor '/home/hamilton/souzou/build/ros2_aruco/share/ros2_aruco/hook/pythonpath_develop.dsv'
[1.905s] INFO:colcon.colcon_core.shell:Creating environment hook '/home/hamilton/souzou/build/ros2_aruco/share/ros2_aruco/hook/pythonpath_develop.sh'
[1.906s] Level 1:colcon.colcon_core.environment:checking '/home/hamilton/souzou/install/ros2_aruco' for CMake module files
[1.906s] Level 1:colcon.colcon_core.environment:checking '/home/hamilton/souzou/install/ros2_aruco' for CMake config files
[1.907s] Level 1:colcon.colcon_core.environment:checking '/home/hamilton/souzou/install/ros2_aruco/lib'
[1.907s] Level 1:colcon.colcon_core.environment:checking '/home/hamilton/souzou/install/ros2_aruco/bin'
[1.907s] Level 1:colcon.colcon_core.environment:checking '/home/hamilton/souzou/install/ros2_aruco/lib/pkgconfig/ros2_aruco.pc'
[1.907s] Level 1:colcon.colcon_core.environment:checking '/home/hamilton/souzou/install/ros2_aruco/lib/python3.10/site-packages'
[1.907s] Level 1:colcon.colcon_core.shell:create_environment_hook('ros2_aruco', 'pythonpath')
[1.907s] INFO:colcon.colcon_core.shell:Creating environment hook '/home/hamilton/souzou/install/ros2_aruco/share/ros2_aruco/hook/pythonpath.ps1'
[1.908s] INFO:colcon.colcon_core.shell:Creating environment descriptor '/home/hamilton/souzou/install/ros2_aruco/share/ros2_aruco/hook/pythonpath.dsv'
[1.908s] INFO:colcon.colcon_core.shell:Creating environment hook '/home/hamilton/souzou/install/ros2_aruco/share/ros2_aruco/hook/pythonpath.sh'
[1.909s] Level 1:colcon.colcon_core.environment:checking '/home/hamilton/souzou/install/ros2_aruco/bin'
[1.909s] Level 1:colcon.colcon_core.environment:create_environment_scripts_only(ros2_aruco)
[1.909s] INFO:colcon.colcon_core.shell:Creating package script '/home/hamilton/souzou/install/ros2_aruco/share/ros2_aruco/package.ps1'
[1.909s] INFO:colcon.colcon_core.shell:Creating package descriptor '/home/hamilton/souzou/install/ros2_aruco/share/ros2_aruco/package.dsv'
[1.910s] INFO:colcon.colcon_core.shell:Creating package script '/home/hamilton/souzou/install/ros2_aruco/share/ros2_aruco/package.sh'
[1.910s] INFO:colcon.colcon_core.shell:Creating package script '/home/hamilton/souzou/install/ros2_aruco/share/ros2_aruco/package.bash'
[1.910s] INFO:colcon.colcon_core.shell:Creating package script '/home/hamilton/souzou/install/ros2_aruco/share/ros2_aruco/package.zsh'
[1.911s] Level 1:colcon.colcon_core.environment:create_file_with_runtime_dependencies(/home/hamilton/souzou/install/ros2_aruco/share/colcon-core/packages/ros2_aruco)
[2.264s] Level 1:colcon.colcon_core.shell:create_environment_hook('cat', 'pythonpath_develop')
[2.265s] INFO:colcon.colcon_core.shell:Creating environment hook '/home/hamilton/souzou/build/cat/share/cat/hook/pythonpath_develop.ps1'
[2.265s] DEBUG:colcon.colcon_core.event_handler.log_command:Invoked command in '/home/hamilton/souzou/build/cat' returned '0': CMAKE_PREFIX_PATH=/home/hamilton/souzou/install/cat_messages:/home/hamilton/souzou/install/ros2_aruco_interfaces LD_LIBRARY_PATH=/home/hamilton/souzou/install/cat_messages/lib:/home/hamilton/souzou/install/ros2_aruco_interfaces/lib:/usr/local/lib:/usr/local/cuda/lib64:/usr/lib/x86_64-linux-gnu/gazebo-11/plugins:/opt/ros/humble/opt/rviz_ogre_vendor/lib:/opt/ros/humble/lib/x86_64-linux-gnu:/opt/ros/humble/opt/openvdb_vendor/lib:/opt/ros/humble/lib:/home/hamilton/miniconda3/envs/base/lib:/usr/share/gazebo/../../lib/x86_64-linux-gnu/gazebo-11/plugins:/usr/local/cuda/lib64 PYTHONPATH=/home/hamilton/souzou/build/cat/prefix_override:/usr/lib/python3/dist-packages/colcon_core/task/python/colcon_distutils_commands:/home/hamilton/souzou/install/cat/lib/python3.10/site-packages:${PYTHONPATH} /usr/bin/python3 -W ignore:setup.py install is deprecated -W ignore:easy_install command is deprecated setup.py develop --editable --build-directory /home/hamilton/souzou/build/cat/build --no-deps symlink_data
[2.266s] INFO:colcon.colcon_core.shell:Creating environment descriptor '/home/hamilton/souzou/build/cat/share/cat/hook/pythonpath_develop.dsv'
[2.266s] INFO:colcon.colcon_core.shell:Creating environment hook '/home/hamilton/souzou/build/cat/share/cat/hook/pythonpath_develop.sh'
[2.266s] Level 1:colcon.colcon_core.environment:checking '/home/hamilton/souzou/install/cat' for CMake module files
[2.267s] Level 1:colcon.colcon_core.environment:checking '/home/hamilton/souzou/install/cat' for CMake config files
[2.267s] Level 1:colcon.colcon_core.environment:checking '/home/hamilton/souzou/install/cat/lib'
[2.267s] Level 1:colcon.colcon_core.environment:checking '/home/hamilton/souzou/install/cat/bin'
[2.267s] Level 1:colcon.colcon_core.environment:checking '/home/hamilton/souzou/install/cat/lib/pkgconfig/cat.pc'
[2.267s] Level 1:colcon.colcon_core.environment:checking '/home/hamilton/souzou/install/cat/lib/python3.10/site-packages'
[2.267s] Level 1:colcon.colcon_core.shell:create_environment_hook('cat', 'pythonpath')
[2.267s] INFO:colcon.colcon_core.shell:Creating environment hook '/home/hamilton/souzou/install/cat/share/cat/hook/pythonpath.ps1'
[2.268s] INFO:colcon.colcon_core.shell:Creating environment descriptor '/home/hamilton/souzou/install/cat/share/cat/hook/pythonpath.dsv'
[2.268s] INFO:colcon.colcon_core.shell:Creating environment hook '/home/hamilton/souzou/install/cat/share/cat/hook/pythonpath.sh'
[2.268s] Level 1:colcon.colcon_core.environment:checking '/home/hamilton/souzou/install/cat/bin'
[2.268s] Level 1:colcon.colcon_core.environment:create_environment_scripts_only(cat)
[2.269s] INFO:colcon.colcon_core.shell:Creating package script '/home/hamilton/souzou/install/cat/share/cat/package.ps1'
[2.269s] INFO:colcon.colcon_core.shell:Creating package descriptor '/home/hamilton/souzou/install/cat/share/cat/package.dsv'
[2.269s] INFO:colcon.colcon_core.shell:Creating package script '/home/hamilton/souzou/install/cat/share/cat/package.sh'
[2.269s] INFO:colcon.colcon_core.shell:Creating package script '/home/hamilton/souzou/install/cat/share/cat/package.bash'
[2.270s] INFO:colcon.colcon_core.shell:Creating package script '/home/hamilton/souzou/install/cat/share/cat/package.zsh'
[2.270s] Level 1:colcon.colcon_core.environment:create_file_with_runtime_dependencies(/home/hamilton/souzou/install/cat/share/colcon-core/packages/cat)
[2.270s] DEBUG:colcon.colcon_parallel_executor.executor.parallel:closing loop
[2.270s] DEBUG:colcon.colcon_parallel_executor.executor.parallel:loop closed
[2.270s] DEBUG:colcon.colcon_parallel_executor.executor.parallel:run_until_complete finished with '0'
[2.270s] DEBUG:colcon.colcon_core.event_reactor:joining thread
[2.279s] INFO:colcon.colcon_core.plugin_system:Skipping extension 'colcon_notification.desktop_notification.terminal_notifier': Not used on non-Darwin systems
[2.279s] INFO:colcon.colcon_core.plugin_system:Skipping extension 'colcon_notification.desktop_notification.win32': Not used on non-Windows systems
[2.279s] INFO:colcon.colcon_notification.desktop_notification:Sending desktop notification using 'notify2'
[2.287s] DEBUG:colcon.colcon_core.event_reactor:joined thread
[2.287s] INFO:colcon.colcon_core.shell:Creating prefix script '/home/hamilton/souzou/install/local_setup.ps1'
[2.288s] INFO:colcon.colcon_core.shell:Creating prefix util module '/home/hamilton/souzou/install/_local_setup_util_ps1.py'
[2.290s] INFO:colcon.colcon_core.shell:Creating prefix chain script '/home/hamilton/souzou/install/setup.ps1'
[2.291s] INFO:colcon.colcon_core.shell:Creating prefix script '/home/hamilton/souzou/install/local_setup.sh'
[2.292s] INFO:colcon.colcon_core.shell:Creating prefix util module '/home/hamilton/souzou/install/_local_setup_util_sh.py'
[2.292s] INFO:colcon.colcon_core.shell:Creating prefix chain script '/home/hamilton/souzou/install/setup.sh'
[2.293s] INFO:colcon.colcon_core.shell:Creating prefix script '/home/hamilton/souzou/install/local_setup.bash'
[2.294s] INFO:colcon.colcon_core.shell:Creating prefix chain script '/home/hamilton/souzou/install/setup.bash'
[2.295s] INFO:colcon.colcon_core.shell:Creating prefix script '/home/hamilton/souzou/install/local_setup.zsh'
[2.295s] INFO:colcon.colcon_core.shell:Creating prefix chain script '/home/hamilton/souzou/install/setup.zsh'
