[0.182s] Invoking command in '/home/hamilton/souzou/build/ros2_aruco_interfaces': CMAKE_PREFIX_PATH=${CMAKE_PREFIX_PATH}:/home/hamilton/souzou/install/ros2_aruco:/home/hamilton/souzou/install/cat:/opt/ros/humble /usr/local/bin/cmake /home/hamilton/souzou/ros2_aruco/ros2_aruco_interfaces -DCMAKE_INSTALL_PREFIX=/home/hamilton/souzou/install/ros2_aruco_interfaces
[0.184s] [0mCMake Deprecation Warning at CMakeLists.txt:1 (cmake_minimum_required):
[0.184s]   Compatibility with CMake < 3.10 will be removed from a future version of
[0.184s]   CMake.
[0.184s] 
[0.184s]   Update the VERSION argument <min> value.  Or, use the <min>...<max> syntax
[0.184s]   to tell CMake that the project requires at least <min> but has been updated
[0.184s]   to work with policies introduced by <max> or earlier.
[0.184s] 
[0.184s] [0m
[0.192s] -- Found ament_cmake: 1.3.11 (/opt/ros/humble/share/ament_cmake/cmake)
[0.343s] -- Override CMake install command with custom implementation using symlinks instead of copying resources
[0.348s] -- Found geometry_msgs: 4.2.4 (/opt/ros/humble/share/geometry_msgs/cmake)
[0.369s] -- Found rosidl_generator_c: 3.1.6 (/opt/ros/humble/share/rosidl_generator_c/cmake)
[0.372s] -- Found rosidl_adapter: 3.1.6 (/opt/ros/humble/share/rosidl_adapter/cmake)
[0.377s] -- Found rosidl_generator_cpp: 3.1.6 (/opt/ros/humble/share/rosidl_generator_cpp/cmake)
[0.384s] -- Using all available rosidl_typesupport_c: rosidl_typesupport_fastrtps_c;rosidl_typesupport_introspection_c
[0.395s] -- Using all available rosidl_typesupport_cpp: rosidl_typesupport_fastrtps_cpp;rosidl_typesupport_introspection_cpp
[0.429s] -- Found rosidl_default_generators: 1.2.0 (/opt/ros/humble/share/rosidl_default_generators/cmake)
[0.796s] -- Found ament_cmake_ros: 0.10.0 (/opt/ros/humble/share/ament_cmake_ros/cmake)
[1.482s] -- Using all available rosidl_typesupport_c: rosidl_typesupport_fastrtps_c;rosidl_typesupport_introspection_c
[1.752s] -- Using all available rosidl_typesupport_cpp: rosidl_typesupport_fastrtps_cpp;rosidl_typesupport_introspection_cpp
[1.754s] [33mCMake Warning (dev) at /opt/ros/humble/share/rosidl_generator_py/cmake/rosidl_generator_py_generate_interfaces.cmake:20 (find_package):
[1.754s]   Policy CMP0148 is not set: The FindPythonInterp and FindPythonLibs modules
[1.754s]   are removed.  Run "cmake --help-policy CMP0148" for policy details.  Use
[1.754s]   the cmake_policy command to set the policy and suppress this warning.
[1.754s] 
[1.754s] Call Stack (most recent call first):
[1.754s]   /opt/ros/humble/share/ament_cmake_core/cmake/core/ament_execute_extensions.cmake:48 (include)
[1.754s]   /opt/ros/humble/share/rosidl_cmake/cmake/rosidl_generate_interfaces.cmake:286 (ament_execute_extensions)
[1.754s]   CMakeLists.txt:28 (rosidl_generate_interfaces)
[1.754s] This warning is for project developers.  Use -Wno-dev to suppress it.
[1.754s] [0m
[1.771s] -- Found python_cmake_module: 0.10.0 (/opt/ros/humble/share/python_cmake_module/cmake)
[1.771s] [33mCMake Warning (dev) at /opt/ros/humble/share/python_cmake_module/cmake/Modules/FindPythonExtra.cmake:52 (find_package):
[1.771s]   Policy CMP0148 is not set: The FindPythonInterp and FindPythonLibs modules
[1.771s]   are removed.  Run "cmake --help-policy CMP0148" for policy details.  Use
[1.771s]   the cmake_policy command to set the policy and suppress this warning.
[1.771s] 
[1.771s] Call Stack (most recent call first):
[1.771s]   /opt/ros/humble/share/rosidl_generator_py/cmake/rosidl_generator_py_generate_interfaces.cmake:23 (find_package)
[1.771s]   /opt/ros/humble/share/ament_cmake_core/cmake/core/ament_execute_extensions.cmake:48 (include)
[1.771s]   /opt/ros/humble/share/rosidl_cmake/cmake/rosidl_generate_interfaces.cmake:286 (ament_execute_extensions)
[1.771s]   CMakeLists.txt:28 (rosidl_generate_interfaces)
[1.771s] This warning is for project developers.  Use -Wno-dev to suppress it.
[1.771s] [0m
[1.788s] [33mCMake Warning (dev) at /opt/ros/humble/share/python_cmake_module/cmake/Modules/FindPythonExtra.cmake:140 (find_package):
[1.789s]   Policy CMP0148 is not set: The FindPythonInterp and FindPythonLibs modules
[1.789s]   are removed.  Run "cmake --help-policy CMP0148" for policy details.  Use
[1.789s]   the cmake_policy command to set the policy and suppress this warning.
[1.789s] 
[1.789s] Call Stack (most recent call first):
[1.789s]   /opt/ros/humble/share/rosidl_generator_py/cmake/rosidl_generator_py_generate_interfaces.cmake:23 (find_package)
[1.789s]   /opt/ros/humble/share/ament_cmake_core/cmake/core/ament_execute_extensions.cmake:48 (include)
[1.789s]   /opt/ros/humble/share/rosidl_cmake/cmake/rosidl_generate_interfaces.cmake:286 (ament_execute_extensions)
[1.789s]   CMakeLists.txt:28 (rosidl_generate_interfaces)
[1.789s] This warning is for project developers.  Use -Wno-dev to suppress it.
[1.789s] [0m
[1.790s] -- Using PYTHON_EXECUTABLE: /usr/bin/python3
[1.790s] -- Using PYTHON_INCLUDE_DIRS: /usr/include/python3.10
[1.790s] -- Using PYTHON_LIBRARIES: /usr/lib/x86_64-linux-gnu/libpython3.10.so
[1.828s] -- Found ament_lint_auto: 0.12.11 (/opt/ros/humble/share/ament_lint_auto/cmake)
[1.835s] -- Added test 'copyright' to check source files copyright and LICENSE
[1.836s] -- Added test 'lint_cmake' to check CMake code style
[1.836s] -- Added test 'xmllint' to check XML markup files
[1.838s] -- Configuring done (1.7s)
[1.869s] -- Generating done (0.0s)
[1.876s] -- Build files have been written to: /home/hamilton/souzou/build/ros2_aruco_interfaces
[1.976s] Invoked command in '/home/hamilton/souzou/build/ros2_aruco_interfaces' returned '0': CMAKE_PREFIX_PATH=${CMAKE_PREFIX_PATH}:/home/hamilton/souzou/install/ros2_aruco:/home/hamilton/souzou/install/cat:/opt/ros/humble /usr/local/bin/cmake /home/hamilton/souzou/ros2_aruco/ros2_aruco_interfaces -DCMAKE_INSTALL_PREFIX=/home/hamilton/souzou/install/ros2_aruco_interfaces
[1.978s] Invoking command in '/home/hamilton/souzou/build/ros2_aruco_interfaces': CMAKE_PREFIX_PATH=${CMAKE_PREFIX_PATH}:/home/hamilton/souzou/install/ros2_aruco:/home/hamilton/souzou/install/cat:/opt/ros/humble /usr/local/bin/cmake --build /home/hamilton/souzou/build/ros2_aruco_interfaces -- -j8 -l8
[2.005s] [  3%] Built target ros2_aruco_interfaces__cpp
[2.006s] [ 12%] Built target ros2_aruco_interfaces__rosidl_generator_c
[2.007s] [ 12%] Built target ament_cmake_python_symlink_ros2_aruco_interfaces
[2.031s] [ 22%] Built target ros2_aruco_interfaces__rosidl_typesupport_fastrtps_cpp
[2.032s] [ 32%] Built target ros2_aruco_interfaces__rosidl_typesupport_c
[2.032s] [ 41%] Built target ros2_aruco_interfaces__rosidl_typesupport_introspection_cpp
[2.032s] [ 51%] Built target ros2_aruco_interfaces__rosidl_typesupport_cpp
[2.035s] [ 61%] Built target ros2_aruco_interfaces__rosidl_typesupport_introspection_c
[2.049s] [ 70%] Built target ros2_aruco_interfaces__rosidl_typesupport_fastrtps_c
[2.061s] [ 70%] Built target ros2_aruco_interfaces
[2.076s] [ 74%] Built target ros2_aruco_interfaces__py
[2.092s] [ 80%] Built target ros2_aruco_interfaces__rosidl_generator_py
[2.115s] [ 87%] Built target ros2_aruco_interfaces__rosidl_typesupport_fastrtps_c__pyext
[2.115s] [ 93%] Built target ros2_aruco_interfaces__rosidl_typesupport_introspection_c__pyext
[2.117s] [100%] Built target ros2_aruco_interfaces__rosidl_typesupport_c__pyext
[2.274s] running egg_info
[2.295s] writing ros2_aruco_interfaces.egg-info/PKG-INFO
[2.295s] writing dependency_links to ros2_aruco_interfaces.egg-info/dependency_links.txt
[2.296s] writing top-level names to ros2_aruco_interfaces.egg-info/top_level.txt
[2.363s] reading manifest file 'ros2_aruco_interfaces.egg-info/SOURCES.txt'
[2.364s] writing manifest file 'ros2_aruco_interfaces.egg-info/SOURCES.txt'
[2.386s] [100%] Built target ament_cmake_python_build_ros2_aruco_interfaces_egg
[2.393s] Invoked command in '/home/hamilton/souzou/build/ros2_aruco_interfaces' returned '0': CMAKE_PREFIX_PATH=${CMAKE_PREFIX_PATH}:/home/hamilton/souzou/install/ros2_aruco:/home/hamilton/souzou/install/cat:/opt/ros/humble /usr/local/bin/cmake --build /home/hamilton/souzou/build/ros2_aruco_interfaces -- -j8 -l8
[2.395s] Invoking command in '/home/hamilton/souzou/build/ros2_aruco_interfaces': CMAKE_PREFIX_PATH=${CMAKE_PREFIX_PATH}:/home/hamilton/souzou/install/ros2_aruco:/home/hamilton/souzou/install/cat:/opt/ros/humble /usr/local/bin/cmake --install /home/hamilton/souzou/build/ros2_aruco_interfaces
[2.400s] -- Install configuration: ""
[2.400s] -- Execute custom install script
[2.401s] -- Up-to-date symlink: /home/hamilton/souzou/install/ros2_aruco_interfaces/share/ament_index/resource_index/rosidl_interfaces/ros2_aruco_interfaces
[2.401s] -- Up-to-date symlink: /home/hamilton/souzou/install/ros2_aruco_interfaces/include/ros2_aruco_interfaces/ros2_aruco_interfaces/msg/aruco_markers.h
[2.401s] -- Up-to-date symlink: /home/hamilton/souzou/install/ros2_aruco_interfaces/include/ros2_aruco_interfaces/ros2_aruco_interfaces/msg/detail/aruco_markers__functions.h
[2.402s] -- Up-to-date symlink: /home/hamilton/souzou/install/ros2_aruco_interfaces/include/ros2_aruco_interfaces/ros2_aruco_interfaces/msg/detail/aruco_markers__struct.h
[2.402s] -- Up-to-date symlink: /home/hamilton/souzou/install/ros2_aruco_interfaces/include/ros2_aruco_interfaces/ros2_aruco_interfaces/msg/detail/aruco_markers__type_support.h
[2.402s] -- Up-to-date symlink: /home/hamilton/souzou/install/ros2_aruco_interfaces/include/ros2_aruco_interfaces/ros2_aruco_interfaces/msg/rosidl_generator_c__visibility_control.h
[2.402s] -- Up-to-date symlink: /home/hamilton/souzou/install/ros2_aruco_interfaces/share/ros2_aruco_interfaces/environment/library_path.sh
[2.402s] -- Up-to-date symlink: /home/hamilton/souzou/install/ros2_aruco_interfaces/share/ros2_aruco_interfaces/environment/library_path.dsv
[2.403s] -- Up-to-date symlink: /home/hamilton/souzou/install/ros2_aruco_interfaces/include/ros2_aruco_interfaces/ros2_aruco_interfaces/msg/detail/aruco_markers__rosidl_typesupport_fastrtps_c.h
[2.403s] -- Up-to-date symlink: /home/hamilton/souzou/install/ros2_aruco_interfaces/include/ros2_aruco_interfaces/ros2_aruco_interfaces/msg/rosidl_typesupport_fastrtps_c__visibility_control.h
[2.403s] -- Up-to-date symlink: /home/hamilton/souzou/install/ros2_aruco_interfaces/include/ros2_aruco_interfaces/ros2_aruco_interfaces/msg/aruco_markers.hpp
[2.403s] -- Up-to-date symlink: /home/hamilton/souzou/install/ros2_aruco_interfaces/include/ros2_aruco_interfaces/ros2_aruco_interfaces/msg/detail/aruco_markers__builder.hpp
[2.403s] -- Up-to-date symlink: /home/hamilton/souzou/install/ros2_aruco_interfaces/include/ros2_aruco_interfaces/ros2_aruco_interfaces/msg/detail/aruco_markers__struct.hpp
[2.404s] -- Up-to-date symlink: /home/hamilton/souzou/install/ros2_aruco_interfaces/include/ros2_aruco_interfaces/ros2_aruco_interfaces/msg/detail/aruco_markers__traits.hpp
[2.404s] -- Up-to-date symlink: /home/hamilton/souzou/install/ros2_aruco_interfaces/include/ros2_aruco_interfaces/ros2_aruco_interfaces/msg/detail/aruco_markers__type_support.hpp
[2.404s] -- Up-to-date symlink: /home/hamilton/souzou/install/ros2_aruco_interfaces/include/ros2_aruco_interfaces/ros2_aruco_interfaces/msg/rosidl_generator_cpp__visibility_control.hpp
[2.404s] -- Up-to-date symlink: /home/hamilton/souzou/install/ros2_aruco_interfaces/include/ros2_aruco_interfaces/ros2_aruco_interfaces/msg/detail/aruco_markers__rosidl_typesupport_fastrtps_cpp.hpp
[2.405s] -- Up-to-date symlink: /home/hamilton/souzou/install/ros2_aruco_interfaces/include/ros2_aruco_interfaces/ros2_aruco_interfaces/msg/rosidl_typesupport_fastrtps_cpp__visibility_control.h
[2.405s] -- Up-to-date symlink: /home/hamilton/souzou/install/ros2_aruco_interfaces/include/ros2_aruco_interfaces/ros2_aruco_interfaces/msg/detail/aruco_markers__rosidl_typesupport_introspection_c.h
[2.405s] -- Up-to-date symlink: /home/hamilton/souzou/install/ros2_aruco_interfaces/include/ros2_aruco_interfaces/ros2_aruco_interfaces/msg/rosidl_typesupport_introspection_c__visibility_control.h
[2.405s] -- Up-to-date symlink: /home/hamilton/souzou/install/ros2_aruco_interfaces/include/ros2_aruco_interfaces/ros2_aruco_interfaces/msg/detail/aruco_markers__rosidl_typesupport_introspection_cpp.hpp
[2.406s] -- Up-to-date symlink: /home/hamilton/souzou/install/ros2_aruco_interfaces/share/ros2_aruco_interfaces/environment/pythonpath.sh
[2.406s] -- Up-to-date symlink: /home/hamilton/souzou/install/ros2_aruco_interfaces/share/ros2_aruco_interfaces/environment/pythonpath.dsv
[2.406s] -- Up-to-date symlink: /home/hamilton/souzou/install/ros2_aruco_interfaces/local/lib/python3.10/dist-packages/ros2_aruco_interfaces-0.1.0-py3.10.egg-info/PKG-INFO
[2.406s] -- Up-to-date symlink: /home/hamilton/souzou/install/ros2_aruco_interfaces/local/lib/python3.10/dist-packages/ros2_aruco_interfaces-0.1.0-py3.10.egg-info/SOURCES.txt
[2.406s] -- Up-to-date symlink: /home/hamilton/souzou/install/ros2_aruco_interfaces/local/lib/python3.10/dist-packages/ros2_aruco_interfaces-0.1.0-py3.10.egg-info/dependency_links.txt
[2.406s] -- Up-to-date symlink: /home/hamilton/souzou/install/ros2_aruco_interfaces/local/lib/python3.10/dist-packages/ros2_aruco_interfaces-0.1.0-py3.10.egg-info/top_level.txt
[2.407s] -- Up-to-date symlink: /home/hamilton/souzou/install/ros2_aruco_interfaces/local/lib/python3.10/dist-packages/ros2_aruco_interfaces/__init__.py
[2.407s] -- Up-to-date symlink: /home/hamilton/souzou/install/ros2_aruco_interfaces/local/lib/python3.10/dist-packages/ros2_aruco_interfaces/_ros2_aruco_interfaces_s.ep.rosidl_typesupport_c.c
[2.407s] -- Up-to-date symlink: /home/hamilton/souzou/install/ros2_aruco_interfaces/local/lib/python3.10/dist-packages/ros2_aruco_interfaces/_ros2_aruco_interfaces_s.ep.rosidl_typesupport_fastrtps_c.c
[2.408s] -- Up-to-date symlink: /home/hamilton/souzou/install/ros2_aruco_interfaces/local/lib/python3.10/dist-packages/ros2_aruco_interfaces/_ros2_aruco_interfaces_s.ep.rosidl_typesupport_introspection_c.c
[2.408s] -- Up-to-date symlink: /home/hamilton/souzou/install/ros2_aruco_interfaces/local/lib/python3.10/dist-packages/ros2_aruco_interfaces/libros2_aruco_interfaces__rosidl_generator_py.so
[2.408s] -- Up-to-date symlink: /home/hamilton/souzou/install/ros2_aruco_interfaces/local/lib/python3.10/dist-packages/ros2_aruco_interfaces/msg/__init__.py
[2.408s] -- Up-to-date symlink: /home/hamilton/souzou/install/ros2_aruco_interfaces/local/lib/python3.10/dist-packages/ros2_aruco_interfaces/msg/_aruco_markers.py
[2.408s] -- Up-to-date symlink: /home/hamilton/souzou/install/ros2_aruco_interfaces/local/lib/python3.10/dist-packages/ros2_aruco_interfaces/msg/_aruco_markers_s.c
[2.408s] -- Up-to-date symlink: /home/hamilton/souzou/install/ros2_aruco_interfaces/local/lib/python3.10/dist-packages/ros2_aruco_interfaces/ros2_aruco_interfaces_s__rosidl_typesupport_c.cpython-310-x86_64-linux-gnu.so
[2.408s] -- Up-to-date symlink: /home/hamilton/souzou/install/ros2_aruco_interfaces/local/lib/python3.10/dist-packages/ros2_aruco_interfaces/ros2_aruco_interfaces_s__rosidl_typesupport_fastrtps_c.cpython-310-x86_64-linux-gnu.so
[2.408s] -- Up-to-date symlink: /home/hamilton/souzou/install/ros2_aruco_interfaces/local/lib/python3.10/dist-packages/ros2_aruco_interfaces/ros2_aruco_interfaces_s__rosidl_typesupport_introspection_c.cpython-310-x86_64-linux-gnu.so
[2.409s] -- Up-to-date symlink: /home/hamilton/souzou/install/ros2_aruco_interfaces/local/lib/python3.10/dist-packages/ros2_aruco_interfaces/ros2_aruco_interfaces_s__rosidl_typesupport_fastrtps_c.cpython-310-x86_64-linux-gnu.so
[2.409s] -- Up-to-date symlink: /home/hamilton/souzou/install/ros2_aruco_interfaces/local/lib/python3.10/dist-packages/ros2_aruco_interfaces/ros2_aruco_interfaces_s__rosidl_typesupport_introspection_c.cpython-310-x86_64-linux-gnu.so
[2.410s] -- Up-to-date symlink: /home/hamilton/souzou/install/ros2_aruco_interfaces/local/lib/python3.10/dist-packages/ros2_aruco_interfaces/ros2_aruco_interfaces_s__rosidl_typesupport_c.cpython-310-x86_64-linux-gnu.so
[2.410s] -- Up-to-date symlink: /home/hamilton/souzou/install/ros2_aruco_interfaces/share/ros2_aruco_interfaces/msg/ArucoMarkers.idl
[2.410s] -- Up-to-date symlink: /home/hamilton/souzou/install/ros2_aruco_interfaces/share/ros2_aruco_interfaces/msg/ArucoMarkers.msg
[2.410s] -- Up-to-date symlink: /home/hamilton/souzou/install/ros2_aruco_interfaces/share/ament_index/resource_index/package_run_dependencies/ros2_aruco_interfaces
[2.410s] -- Up-to-date symlink: /home/hamilton/souzou/install/ros2_aruco_interfaces/share/ament_index/resource_index/parent_prefix_path/ros2_aruco_interfaces
[2.411s] -- Up-to-date symlink: /home/hamilton/souzou/install/ros2_aruco_interfaces/share/ros2_aruco_interfaces/environment/ament_prefix_path.sh
[2.411s] -- Up-to-date symlink: /home/hamilton/souzou/install/ros2_aruco_interfaces/share/ros2_aruco_interfaces/environment/ament_prefix_path.dsv
[2.411s] -- Up-to-date symlink: /home/hamilton/souzou/install/ros2_aruco_interfaces/share/ros2_aruco_interfaces/environment/path.sh
[2.411s] -- Up-to-date symlink: /home/hamilton/souzou/install/ros2_aruco_interfaces/share/ros2_aruco_interfaces/environment/path.dsv
[2.411s] -- Up-to-date symlink: /home/hamilton/souzou/install/ros2_aruco_interfaces/share/ros2_aruco_interfaces/local_setup.bash
[2.411s] -- Up-to-date symlink: /home/hamilton/souzou/install/ros2_aruco_interfaces/share/ros2_aruco_interfaces/local_setup.sh
[2.412s] -- Up-to-date symlink: /home/hamilton/souzou/install/ros2_aruco_interfaces/share/ros2_aruco_interfaces/local_setup.zsh
[2.412s] -- Up-to-date symlink: /home/hamilton/souzou/install/ros2_aruco_interfaces/share/ros2_aruco_interfaces/local_setup.dsv
[2.412s] -- Symlinking: /home/hamilton/souzou/install/ros2_aruco_interfaces/share/ros2_aruco_interfaces/package.dsv
[2.417s] -- Up-to-date symlink: /home/hamilton/souzou/install/ros2_aruco_interfaces/share/ament_index/resource_index/packages/ros2_aruco_interfaces
[2.417s] -- Up-to-date symlink: /home/hamilton/souzou/install/ros2_aruco_interfaces/share/ros2_aruco_interfaces/cmake/rosidl_cmake-extras.cmake
[2.418s] -- Up-to-date symlink: /home/hamilton/souzou/install/ros2_aruco_interfaces/share/ros2_aruco_interfaces/cmake/ament_cmake_export_dependencies-extras.cmake
[2.418s] -- Up-to-date symlink: /home/hamilton/souzou/install/ros2_aruco_interfaces/share/ros2_aruco_interfaces/cmake/ament_cmake_export_include_directories-extras.cmake
[2.420s] -- Up-to-date symlink: /home/hamilton/souzou/install/ros2_aruco_interfaces/share/ros2_aruco_interfaces/cmake/ament_cmake_export_libraries-extras.cmake
[2.420s] -- Up-to-date symlink: /home/hamilton/souzou/install/ros2_aruco_interfaces/share/ros2_aruco_interfaces/cmake/ament_cmake_export_targets-extras.cmake
[2.420s] -- Up-to-date symlink: /home/hamilton/souzou/install/ros2_aruco_interfaces/share/ros2_aruco_interfaces/cmake/rosidl_cmake_export_typesupport_targets-extras.cmake
[2.420s] -- Up-to-date symlink: /home/hamilton/souzou/install/ros2_aruco_interfaces/share/ros2_aruco_interfaces/cmake/rosidl_cmake_export_typesupport_libraries-extras.cmake
[2.420s] -- Up-to-date symlink: /home/hamilton/souzou/install/ros2_aruco_interfaces/share/ros2_aruco_interfaces/cmake/ros2_aruco_interfacesConfig.cmake
[2.420s] -- Up-to-date symlink: /home/hamilton/souzou/install/ros2_aruco_interfaces/share/ros2_aruco_interfaces/cmake/ros2_aruco_interfacesConfig-version.cmake
[2.420s] -- Up-to-date symlink: /home/hamilton/souzou/install/ros2_aruco_interfaces/share/ros2_aruco_interfaces/package.xml
[2.420s] -- Up-to-date: /home/hamilton/souzou/install/ros2_aruco_interfaces/lib/libros2_aruco_interfaces__rosidl_generator_c.so
[2.420s] -- Up-to-date: /home/hamilton/souzou/install/ros2_aruco_interfaces/lib/libros2_aruco_interfaces__rosidl_typesupport_fastrtps_c.so
[2.420s] -- Up-to-date: /home/hamilton/souzou/install/ros2_aruco_interfaces/lib/libros2_aruco_interfaces__rosidl_typesupport_fastrtps_cpp.so
[2.420s] -- Up-to-date: /home/hamilton/souzou/install/ros2_aruco_interfaces/lib/libros2_aruco_interfaces__rosidl_typesupport_introspection_c.so
[2.420s] -- Up-to-date: /home/hamilton/souzou/install/ros2_aruco_interfaces/lib/libros2_aruco_interfaces__rosidl_typesupport_c.so
[2.421s] -- Up-to-date: /home/hamilton/souzou/install/ros2_aruco_interfaces/lib/libros2_aruco_interfaces__rosidl_typesupport_introspection_cpp.so
[2.421s] -- Up-to-date: /home/hamilton/souzou/install/ros2_aruco_interfaces/lib/libros2_aruco_interfaces__rosidl_typesupport_cpp.so
[2.451s] Listing '/home/hamilton/souzou/install/ros2_aruco_interfaces/local/lib/python3.10/dist-packages/ros2_aruco_interfaces'...
[2.451s] Compiling '/home/hamilton/souzou/install/ros2_aruco_interfaces/local/lib/python3.10/dist-packages/ros2_aruco_interfaces/__init__.py'...
[2.451s] Listing '/home/hamilton/souzou/install/ros2_aruco_interfaces/local/lib/python3.10/dist-packages/ros2_aruco_interfaces/msg'...
[2.456s] -- Up-to-date: /home/hamilton/souzou/install/ros2_aruco_interfaces/lib/libros2_aruco_interfaces__rosidl_generator_py.so
[2.456s] -- Up-to-date: /home/hamilton/souzou/install/ros2_aruco_interfaces/share/ros2_aruco_interfaces/cmake/export_ros2_aruco_interfaces__rosidl_generator_cExport.cmake
[2.456s] -- Up-to-date: /home/hamilton/souzou/install/ros2_aruco_interfaces/share/ros2_aruco_interfaces/cmake/export_ros2_aruco_interfaces__rosidl_generator_cExport-noconfig.cmake
[2.456s] -- Up-to-date: /home/hamilton/souzou/install/ros2_aruco_interfaces/share/ros2_aruco_interfaces/cmake/export_ros2_aruco_interfaces__rosidl_typesupport_fastrtps_cExport.cmake
[2.456s] -- Up-to-date: /home/hamilton/souzou/install/ros2_aruco_interfaces/share/ros2_aruco_interfaces/cmake/export_ros2_aruco_interfaces__rosidl_typesupport_fastrtps_cExport-noconfig.cmake
[2.456s] -- Up-to-date: /home/hamilton/souzou/install/ros2_aruco_interfaces/share/ros2_aruco_interfaces/cmake/export_ros2_aruco_interfaces__rosidl_generator_cppExport.cmake
[2.456s] -- Up-to-date: /home/hamilton/souzou/install/ros2_aruco_interfaces/share/ros2_aruco_interfaces/cmake/export_ros2_aruco_interfaces__rosidl_typesupport_fastrtps_cppExport.cmake
[2.456s] -- Up-to-date: /home/hamilton/souzou/install/ros2_aruco_interfaces/share/ros2_aruco_interfaces/cmake/export_ros2_aruco_interfaces__rosidl_typesupport_fastrtps_cppExport-noconfig.cmake
[2.456s] -- Up-to-date: /home/hamilton/souzou/install/ros2_aruco_interfaces/share/ros2_aruco_interfaces/cmake/ros2_aruco_interfaces__rosidl_typesupport_introspection_cExport.cmake
[2.457s] -- Up-to-date: /home/hamilton/souzou/install/ros2_aruco_interfaces/share/ros2_aruco_interfaces/cmake/ros2_aruco_interfaces__rosidl_typesupport_introspection_cExport-noconfig.cmake
[2.457s] -- Up-to-date: /home/hamilton/souzou/install/ros2_aruco_interfaces/share/ros2_aruco_interfaces/cmake/ros2_aruco_interfaces__rosidl_typesupport_cExport.cmake
[2.457s] -- Up-to-date: /home/hamilton/souzou/install/ros2_aruco_interfaces/share/ros2_aruco_interfaces/cmake/ros2_aruco_interfaces__rosidl_typesupport_cExport-noconfig.cmake
[2.457s] -- Up-to-date: /home/hamilton/souzou/install/ros2_aruco_interfaces/share/ros2_aruco_interfaces/cmake/ros2_aruco_interfaces__rosidl_typesupport_introspection_cppExport.cmake
[2.457s] -- Up-to-date: /home/hamilton/souzou/install/ros2_aruco_interfaces/share/ros2_aruco_interfaces/cmake/ros2_aruco_interfaces__rosidl_typesupport_introspection_cppExport-noconfig.cmake
[2.457s] -- Up-to-date: /home/hamilton/souzou/install/ros2_aruco_interfaces/share/ros2_aruco_interfaces/cmake/ros2_aruco_interfaces__rosidl_typesupport_cppExport.cmake
[2.457s] -- Up-to-date: /home/hamilton/souzou/install/ros2_aruco_interfaces/share/ros2_aruco_interfaces/cmake/ros2_aruco_interfaces__rosidl_typesupport_cppExport-noconfig.cmake
[2.457s] -- Up-to-date: /home/hamilton/souzou/install/ros2_aruco_interfaces/share/ros2_aruco_interfaces/cmake/export_ros2_aruco_interfaces__rosidl_generator_pyExport.cmake
[2.457s] -- Up-to-date: /home/hamilton/souzou/install/ros2_aruco_interfaces/share/ros2_aruco_interfaces/cmake/export_ros2_aruco_interfaces__rosidl_generator_pyExport-noconfig.cmake
[2.460s] Invoked command in '/home/hamilton/souzou/build/ros2_aruco_interfaces' returned '0': CMAKE_PREFIX_PATH=${CMAKE_PREFIX_PATH}:/home/hamilton/souzou/install/ros2_aruco:/home/hamilton/souzou/install/cat:/opt/ros/humble /usr/local/bin/cmake --install /home/hamilton/souzou/build/ros2_aruco_interfaces
