[0.686s] Invoking command in '/home/takumi/souzoukougaku14/src/cat': PYTHONPATH=/home/takumi/souzoukougaku14/src/build/cat/prefix_override:/usr/lib/python3/dist-packages/colcon_core/task/python/colcon_distutils_commands:/home/takumi/souzoukougaku14/src/install/cat/lib/python3.10/site-packages:${PYTHONPATH} /usr/bin/python3 -W ignore:setup.py install is deprecated setup.py egg_info --egg-base ../build/cat build --build-base /home/takumi/souzoukougaku14/src/build/cat/build install --record /home/takumi/souzoukougaku14/src/build/cat/install.log --single-version-externally-managed install_data
[0.845s] running egg_info
[0.846s] writing ../build/cat/cat.egg-info/PKG-INFO
[0.846s] writing dependency_links to ../build/cat/cat.egg-info/dependency_links.txt
[0.846s] writing entry points to ../build/cat/cat.egg-info/entry_points.txt
[0.846s] writing requirements to ../build/cat/cat.egg-info/requires.txt
[0.847s] writing top-level names to ../build/cat/cat.egg-info/top_level.txt
[0.848s] reading manifest file '../build/cat/cat.egg-info/SOURCES.txt'
[0.849s] writing manifest file '../build/cat/cat.egg-info/SOURCES.txt'
[0.849s] running build
[0.849s] running build_py
[0.850s] running install
[0.850s] running install_lib
[0.852s] running install_data
[0.852s] running install_egg_info
[0.853s] removing '/home/takumi/souzoukougaku14/src/install/cat/lib/python3.10/site-packages/cat-0.0.0-py3.10.egg-info' (and everything under it)
[0.854s] Copying ../build/cat/cat.egg-info to /home/takumi/souzoukougaku14/src/install/cat/lib/python3.10/site-packages/cat-0.0.0-py3.10.egg-info
[0.856s] running install_scripts
[0.871s] Installing odom_test_node script to /home/takumi/souzoukougaku14/src/install/cat/lib/cat
[0.871s] Installing pc_controller script to /home/takumi/souzoukougaku14/src/install/cat/lib/cat
[0.871s] Installing ps4_joy_node script to /home/takumi/souzoukougaku14/src/install/cat/lib/cat
[0.871s] Installing state_machine script to /home/takumi/souzoukougaku14/src/install/cat/lib/cat
[0.871s] Installing tcp_receive_node script to /home/takumi/souzoukougaku14/src/install/cat/lib/cat
[0.871s] Installing tcp_send_node script to /home/takumi/souzoukougaku14/src/install/cat/lib/cat
[0.871s] Installing udp_receive_node script to /home/takumi/souzoukougaku14/src/install/cat/lib/cat
[0.872s] Installing udp_send_node script to /home/takumi/souzoukougaku14/src/install/cat/lib/cat
[0.872s] writing list of installed files to '/home/takumi/souzoukougaku14/src/build/cat/install.log'
[0.889s] Invoked command in '/home/takumi/souzoukougaku14/src/cat' returned '0': PYTHONPATH=/home/takumi/souzoukougaku14/src/build/cat/prefix_override:/usr/lib/python3/dist-packages/colcon_core/task/python/colcon_distutils_commands:/home/takumi/souzoukougaku14/src/install/cat/lib/python3.10/site-packages:${PYTHONPATH} /usr/bin/python3 -W ignore:setup.py install is deprecated setup.py egg_info --egg-base ../build/cat build --build-base /home/takumi/souzoukougaku14/src/build/cat/build install --record /home/takumi/souzoukougaku14/src/build/cat/install.log --single-version-externally-managed install_data
