[0.073s] DEBUG:colcon:Command line arguments: ['/usr/bin/colcon', 'build', '--symlink-install']
[0.073s] DEBUG:colcon:Parsed command line arguments: Namespace(log_base=None, log_level=None, verb_name='build', build_base='build', install_base='install', merge_install=False, symlink_install=True, test_result_base=None, continue_on_error=False, executor='parallel', parallel_workers=8, event_handlers=None, ignore_user_meta=False, metas=['./colcon.meta'], base_paths=['.'], packages_ignore=None, packages_ignore_regex=None, paths=None, packages_up_to=None, packages_up_to_regex=None, packages_above=None, packages_above_and_dependencies=None, packages_above_depth=None, packages_select_by_dep=None, packages_skip_by_dep=None, packages_skip_up_to=None, packages_select_build_failed=False, packages_skip_build_finished=False, packages_select_test_failures=False, packages_skip_test_passed=False, packages_select=None, packages_skip=None, packages_select_regex=None, packages_skip_regex=None, packages_start=None, packages_end=None, allow_overriding=[], cmake_args=None, cmake_target=None, cmake_target_skip_unavailable=False, cmake_clean_cache=False, cmake_clean_first=False, cmake_force_configure=False, ament_cmake_args=None, catkin_cmake_args=None, catkin_skip_building_tests=False, mixin_files=None, mixin=None, verb_parser=<colcon_mixin.mixin.mixin_argument.MixinArgumentDecorator object at 0x778f4b321a50>, verb_extension=<colcon_core.verb.build.BuildVerb object at 0x778f4b4e9f30>, main=<bound method BuildVerb.main of <colcon_core.verb.build.BuildVerb object at 0x778f4b4e9f30>>, mixin_verb=('build',))
[0.196s] Level 1:colcon.colcon_core.package_discovery:discover_packages(colcon_meta) check parameters
[0.196s] Level 1:colcon.colcon_core.package_discovery:discover_packages(recursive) check parameters
[0.196s] Level 1:colcon.colcon_core.package_discovery:discover_packages(ignore) check parameters
[0.196s] Level 1:colcon.colcon_core.package_discovery:discover_packages(path) check parameters
[0.196s] Level 1:colcon.colcon_core.package_discovery:discover_packages(colcon_meta) discover
[0.196s] Level 1:colcon.colcon_core.package_discovery:discover_packages(recursive) discover
[0.196s] INFO:colcon.colcon_core.package_discovery:Crawling recursively for packages in '/home/hamilton/souzou'
[0.196s] Level 1:colcon.colcon_core.package_identification:_identify(.) by extensions ['ignore', 'ignore_ament_install']
[0.196s] Level 1:colcon.colcon_core.package_identification:_identify(.) by extension 'ignore'
[0.196s] Level 1:colcon.colcon_core.package_identification:_identify(.) by extension 'ignore_ament_install'
[0.196s] Level 1:colcon.colcon_core.package_identification:_identify(.) by extensions ['colcon_pkg']
[0.196s] Level 1:colcon.colcon_core.package_identification:_identify(.) by extension 'colcon_pkg'
[0.196s] Level 1:colcon.colcon_core.package_identification:_identify(.) by extensions ['colcon_meta']
[0.196s] Level 1:colcon.colcon_core.package_identification:_identify(.) by extension 'colcon_meta'
[0.196s] Level 1:colcon.colcon_core.package_identification:_identify(.) by extensions ['ros']
[0.196s] Level 1:colcon.colcon_core.package_identification:_identify(.) by extension 'ros'
[0.209s] Level 1:colcon.colcon_core.package_identification:_identify(.) by extensions ['cmake', 'python']
[0.209s] Level 1:colcon.colcon_core.package_identification:_identify(.) by extension 'cmake'
[0.209s] Level 1:colcon.colcon_core.package_identification:_identify(.) by extension 'python'
[0.209s] Level 1:colcon.colcon_core.package_identification:_identify(.) by extensions ['python_setup_py']
[0.209s] Level 1:colcon.colcon_core.package_identification:_identify(.) by extension 'python_setup_py'
[0.209s] Level 1:colcon.colcon_core.package_identification:_identify(build) by extensions ['ignore', 'ignore_ament_install']
[0.209s] Level 1:colcon.colcon_core.package_identification:_identify(build) by extension 'ignore'
[0.209s] Level 1:colcon.colcon_core.package_identification:_identify(build) ignored
[0.209s] Level 1:colcon.colcon_core.package_identification:_identify(calibrationdata) by extensions ['ignore', 'ignore_ament_install']
[0.209s] Level 1:colcon.colcon_core.package_identification:_identify(calibrationdata) by extension 'ignore'
[0.209s] Level 1:colcon.colcon_core.package_identification:_identify(calibrationdata) by extension 'ignore_ament_install'
[0.209s] Level 1:colcon.colcon_core.package_identification:_identify(calibrationdata) by extensions ['colcon_pkg']
[0.209s] Level 1:colcon.colcon_core.package_identification:_identify(calibrationdata) by extension 'colcon_pkg'
[0.209s] Level 1:colcon.colcon_core.package_identification:_identify(calibrationdata) by extensions ['colcon_meta']
[0.210s] Level 1:colcon.colcon_core.package_identification:_identify(calibrationdata) by extension 'colcon_meta'
[0.210s] Level 1:colcon.colcon_core.package_identification:_identify(calibrationdata) by extensions ['ros']
[0.210s] Level 1:colcon.colcon_core.package_identification:_identify(calibrationdata) by extension 'ros'
[0.210s] Level 1:colcon.colcon_core.package_identification:_identify(calibrationdata) by extensions ['cmake', 'python']
[0.210s] Level 1:colcon.colcon_core.package_identification:_identify(calibrationdata) by extension 'cmake'
[0.210s] Level 1:colcon.colcon_core.package_identification:_identify(calibrationdata) by extension 'python'
[0.210s] Level 1:colcon.colcon_core.package_identification:_identify(calibrationdata) by extensions ['python_setup_py']
[0.210s] Level 1:colcon.colcon_core.package_identification:_identify(calibrationdata) by extension 'python_setup_py'
[0.210s] Level 1:colcon.colcon_core.package_identification:_identify(install) by extensions ['ignore', 'ignore_ament_install']
[0.210s] Level 1:colcon.colcon_core.package_identification:_identify(install) by extension 'ignore'
[0.210s] Level 1:colcon.colcon_core.package_identification:_identify(install) ignored
[0.210s] Level 1:colcon.colcon_core.package_identification:_identify(log) by extensions ['ignore', 'ignore_ament_install']
[0.210s] Level 1:colcon.colcon_core.package_identification:_identify(log) by extension 'ignore'
[0.210s] Level 1:colcon.colcon_core.package_identification:_identify(log) ignored
[0.210s] Level 1:colcon.colcon_core.package_identification:_identify(ros2_aruco) by extensions ['ignore', 'ignore_ament_install']
[0.210s] Level 1:colcon.colcon_core.package_identification:_identify(ros2_aruco) by extension 'ignore'
[0.210s] Level 1:colcon.colcon_core.package_identification:_identify(ros2_aruco) by extension 'ignore_ament_install'
[0.210s] Level 1:colcon.colcon_core.package_identification:_identify(ros2_aruco) by extensions ['colcon_pkg']
[0.210s] Level 1:colcon.colcon_core.package_identification:_identify(ros2_aruco) by extension 'colcon_pkg'
[0.210s] Level 1:colcon.colcon_core.package_identification:_identify(ros2_aruco) by extensions ['colcon_meta']
[0.210s] Level 1:colcon.colcon_core.package_identification:_identify(ros2_aruco) by extension 'colcon_meta'
[0.210s] Level 1:colcon.colcon_core.package_identification:_identify(ros2_aruco) by extensions ['ros']
[0.210s] Level 1:colcon.colcon_core.package_identification:_identify(ros2_aruco) by extension 'ros'
[0.210s] Level 1:colcon.colcon_core.package_identification:_identify(ros2_aruco) by extensions ['cmake', 'python']
[0.210s] Level 1:colcon.colcon_core.package_identification:_identify(ros2_aruco) by extension 'cmake'
[0.210s] Level 1:colcon.colcon_core.package_identification:_identify(ros2_aruco) by extension 'python'
[0.210s] Level 1:colcon.colcon_core.package_identification:_identify(ros2_aruco) by extensions ['python_setup_py']
[0.210s] Level 1:colcon.colcon_core.package_identification:_identify(ros2_aruco) by extension 'python_setup_py'
[0.210s] Level 1:colcon.colcon_core.package_identification:_identify(ros2_aruco/ros2_aruco) by extensions ['ignore', 'ignore_ament_install']
[0.210s] Level 1:colcon.colcon_core.package_identification:_identify(ros2_aruco/ros2_aruco) by extension 'ignore'
[0.210s] Level 1:colcon.colcon_core.package_identification:_identify(ros2_aruco/ros2_aruco) by extension 'ignore_ament_install'
[0.210s] Level 1:colcon.colcon_core.package_identification:_identify(ros2_aruco/ros2_aruco) by extensions ['colcon_pkg']
[0.211s] Level 1:colcon.colcon_core.package_identification:_identify(ros2_aruco/ros2_aruco) by extension 'colcon_pkg'
[0.211s] Level 1:colcon.colcon_core.package_identification:_identify(ros2_aruco/ros2_aruco) by extensions ['colcon_meta']
[0.211s] Level 1:colcon.colcon_core.package_identification:_identify(ros2_aruco/ros2_aruco) by extension 'colcon_meta'
[0.211s] Level 1:colcon.colcon_core.package_identification:_identify(ros2_aruco/ros2_aruco) by extensions ['ros']
[0.211s] Level 1:colcon.colcon_core.package_identification:_identify(ros2_aruco/ros2_aruco) by extension 'ros'
[0.212s] DEBUG:colcon.colcon_core.package_identification:Package 'ros2_aruco/ros2_aruco' with type 'ros.ament_python' and name 'ros2_aruco'
[0.212s] Level 1:colcon.colcon_core.package_identification:_identify(ros2_aruco/ros2_aruco_interfaces) by extensions ['ignore', 'ignore_ament_install']
[0.212s] Level 1:colcon.colcon_core.package_identification:_identify(ros2_aruco/ros2_aruco_interfaces) by extension 'ignore'
[0.212s] Level 1:colcon.colcon_core.package_identification:_identify(ros2_aruco/ros2_aruco_interfaces) by extension 'ignore_ament_install'
[0.212s] Level 1:colcon.colcon_core.package_identification:_identify(ros2_aruco/ros2_aruco_interfaces) by extensions ['colcon_pkg']
[0.212s] Level 1:colcon.colcon_core.package_identification:_identify(ros2_aruco/ros2_aruco_interfaces) by extension 'colcon_pkg'
[0.212s] Level 1:colcon.colcon_core.package_identification:_identify(ros2_aruco/ros2_aruco_interfaces) by extensions ['colcon_meta']
[0.212s] Level 1:colcon.colcon_core.package_identification:_identify(ros2_aruco/ros2_aruco_interfaces) by extension 'colcon_meta'
[0.212s] Level 1:colcon.colcon_core.package_identification:_identify(ros2_aruco/ros2_aruco_interfaces) by extensions ['ros']
[0.212s] Level 1:colcon.colcon_core.package_identification:_identify(ros2_aruco/ros2_aruco_interfaces) by extension 'ros'
[0.213s] DEBUG:colcon.colcon_core.package_identification:Package 'ros2_aruco/ros2_aruco_interfaces' with type 'ros.ament_cmake' and name 'ros2_aruco_interfaces'
[0.213s] Level 1:colcon.colcon_core.package_identification:_identify(souzoukougaku14) by extensions ['ignore', 'ignore_ament_install']
[0.213s] Level 1:colcon.colcon_core.package_identification:_identify(souzoukougaku14) by extension 'ignore'
[0.213s] Level 1:colcon.colcon_core.package_identification:_identify(souzoukougaku14) by extension 'ignore_ament_install'
[0.213s] Level 1:colcon.colcon_core.package_identification:_identify(souzoukougaku14) by extensions ['colcon_pkg']
[0.213s] Level 1:colcon.colcon_core.package_identification:_identify(souzoukougaku14) by extension 'colcon_pkg'
[0.213s] Level 1:colcon.colcon_core.package_identification:_identify(souzoukougaku14) by extensions ['colcon_meta']
[0.213s] Level 1:colcon.colcon_core.package_identification:_identify(souzoukougaku14) by extension 'colcon_meta'
[0.213s] Level 1:colcon.colcon_core.package_identification:_identify(souzoukougaku14) by extensions ['ros']
[0.213s] Level 1:colcon.colcon_core.package_identification:_identify(souzoukougaku14) by extension 'ros'
[0.213s] Level 1:colcon.colcon_core.package_identification:_identify(souzoukougaku14) by extensions ['cmake', 'python']
[0.213s] Level 1:colcon.colcon_core.package_identification:_identify(souzoukougaku14) by extension 'cmake'
[0.213s] Level 1:colcon.colcon_core.package_identification:_identify(souzoukougaku14) by extension 'python'
[0.213s] Level 1:colcon.colcon_core.package_identification:_identify(souzoukougaku14) by extensions ['python_setup_py']
[0.213s] Level 1:colcon.colcon_core.package_identification:_identify(souzoukougaku14) by extension 'python_setup_py'
[0.213s] Level 1:colcon.colcon_core.package_identification:_identify(souzoukougaku14/Arduino) by extensions ['ignore', 'ignore_ament_install']
[0.213s] Level 1:colcon.colcon_core.package_identification:_identify(souzoukougaku14/Arduino) by extension 'ignore'
[0.213s] Level 1:colcon.colcon_core.package_identification:_identify(souzoukougaku14/Arduino) by extension 'ignore_ament_install'
[0.213s] Level 1:colcon.colcon_core.package_identification:_identify(souzoukougaku14/Arduino) by extensions ['colcon_pkg']
[0.213s] Level 1:colcon.colcon_core.package_identification:_identify(souzoukougaku14/Arduino) by extension 'colcon_pkg'
[0.214s] Level 1:colcon.colcon_core.package_identification:_identify(souzoukougaku14/Arduino) by extensions ['colcon_meta']
[0.214s] Level 1:colcon.colcon_core.package_identification:_identify(souzoukougaku14/Arduino) by extension 'colcon_meta'
[0.214s] Level 1:colcon.colcon_core.package_identification:_identify(souzoukougaku14/Arduino) by extensions ['ros']
[0.214s] Level 1:colcon.colcon_core.package_identification:_identify(souzoukougaku14/Arduino) by extension 'ros'
[0.214s] Level 1:colcon.colcon_core.package_identification:_identify(souzoukougaku14/Arduino) by extensions ['cmake', 'python']
[0.214s] Level 1:colcon.colcon_core.package_identification:_identify(souzoukougaku14/Arduino) by extension 'cmake'
[0.214s] Level 1:colcon.colcon_core.package_identification:_identify(souzoukougaku14/Arduino) by extension 'python'
[0.214s] Level 1:colcon.colcon_core.package_identification:_identify(souzoukougaku14/Arduino) by extensions ['python_setup_py']
[0.214s] Level 1:colcon.colcon_core.package_identification:_identify(souzoukougaku14/Arduino) by extension 'python_setup_py'
[0.214s] Level 1:colcon.colcon_core.package_identification:_identify(souzoukougaku14/Arduino/Fsp_sample) by extensions ['ignore', 'ignore_ament_install']
[0.214s] Level 1:colcon.colcon_core.package_identification:_identify(souzoukougaku14/Arduino/Fsp_sample) by extension 'ignore'
[0.214s] Level 1:colcon.colcon_core.package_identification:_identify(souzoukougaku14/Arduino/Fsp_sample) by extension 'ignore_ament_install'
[0.214s] Level 1:colcon.colcon_core.package_identification:_identify(souzoukougaku14/Arduino/Fsp_sample) by extensions ['colcon_pkg']
[0.214s] Level 1:colcon.colcon_core.package_identification:_identify(souzoukougaku14/Arduino/Fsp_sample) by extension 'colcon_pkg'
[0.214s] Level 1:colcon.colcon_core.package_identification:_identify(souzoukougaku14/Arduino/Fsp_sample) by extensions ['colcon_meta']
[0.214s] Level 1:colcon.colcon_core.package_identification:_identify(souzoukougaku14/Arduino/Fsp_sample) by extension 'colcon_meta'
[0.214s] Level 1:colcon.colcon_core.package_identification:_identify(souzoukougaku14/Arduino/Fsp_sample) by extensions ['ros']
[0.214s] Level 1:colcon.colcon_core.package_identification:_identify(souzoukougaku14/Arduino/Fsp_sample) by extension 'ros'
[0.214s] Level 1:colcon.colcon_core.package_identification:_identify(souzoukougaku14/Arduino/Fsp_sample) by extensions ['cmake', 'python']
[0.214s] Level 1:colcon.colcon_core.package_identification:_identify(souzoukougaku14/Arduino/Fsp_sample) by extension 'cmake'
[0.214s] Level 1:colcon.colcon_core.package_identification:_identify(souzoukougaku14/Arduino/Fsp_sample) by extension 'python'
[0.214s] Level 1:colcon.colcon_core.package_identification:_identify(souzoukougaku14/Arduino/Fsp_sample) by extensions ['python_setup_py']
[0.214s] Level 1:colcon.colcon_core.package_identification:_identify(souzoukougaku14/Arduino/Fsp_sample) by extension 'python_setup_py'
[0.214s] Level 1:colcon.colcon_core.package_identification:_identify(souzoukougaku14/Arduino/cat_main) by extensions ['ignore', 'ignore_ament_install']
[0.214s] Level 1:colcon.colcon_core.package_identification:_identify(souzoukougaku14/Arduino/cat_main) by extension 'ignore'
[0.214s] Level 1:colcon.colcon_core.package_identification:_identify(souzoukougaku14/Arduino/cat_main) by extension 'ignore_ament_install'
[0.214s] Level 1:colcon.colcon_core.package_identification:_identify(souzoukougaku14/Arduino/cat_main) by extensions ['colcon_pkg']
[0.214s] Level 1:colcon.colcon_core.package_identification:_identify(souzoukougaku14/Arduino/cat_main) by extension 'colcon_pkg'
[0.214s] Level 1:colcon.colcon_core.package_identification:_identify(souzoukougaku14/Arduino/cat_main) by extensions ['colcon_meta']
[0.214s] Level 1:colcon.colcon_core.package_identification:_identify(souzoukougaku14/Arduino/cat_main) by extension 'colcon_meta'
[0.214s] Level 1:colcon.colcon_core.package_identification:_identify(souzoukougaku14/Arduino/cat_main) by extensions ['ros']
[0.214s] Level 1:colcon.colcon_core.package_identification:_identify(souzoukougaku14/Arduino/cat_main) by extension 'ros'
[0.214s] Level 1:colcon.colcon_core.package_identification:_identify(souzoukougaku14/Arduino/cat_main) by extensions ['cmake', 'python']
[0.214s] Level 1:colcon.colcon_core.package_identification:_identify(souzoukougaku14/Arduino/cat_main) by extension 'cmake'
[0.214s] Level 1:colcon.colcon_core.package_identification:_identify(souzoukougaku14/Arduino/cat_main) by extension 'python'
[0.214s] Level 1:colcon.colcon_core.package_identification:_identify(souzoukougaku14/Arduino/cat_main) by extensions ['python_setup_py']
[0.215s] Level 1:colcon.colcon_core.package_identification:_identify(souzoukougaku14/Arduino/cat_main) by extension 'python_setup_py'
[0.215s] Level 1:colcon.colcon_core.package_identification:_identify(souzoukougaku14/Arduino/cat_main_udp) by extensions ['ignore', 'ignore_ament_install']
[0.215s] Level 1:colcon.colcon_core.package_identification:_identify(souzoukougaku14/Arduino/cat_main_udp) by extension 'ignore'
[0.215s] Level 1:colcon.colcon_core.package_identification:_identify(souzoukougaku14/Arduino/cat_main_udp) by extension 'ignore_ament_install'
[0.215s] Level 1:colcon.colcon_core.package_identification:_identify(souzoukougaku14/Arduino/cat_main_udp) by extensions ['colcon_pkg']
[0.215s] Level 1:colcon.colcon_core.package_identification:_identify(souzoukougaku14/Arduino/cat_main_udp) by extension 'colcon_pkg'
[0.215s] Level 1:colcon.colcon_core.package_identification:_identify(souzoukougaku14/Arduino/cat_main_udp) by extensions ['colcon_meta']
[0.215s] Level 1:colcon.colcon_core.package_identification:_identify(souzoukougaku14/Arduino/cat_main_udp) by extension 'colcon_meta'
[0.215s] Level 1:colcon.colcon_core.package_identification:_identify(souzoukougaku14/Arduino/cat_main_udp) by extensions ['ros']
[0.215s] Level 1:colcon.colcon_core.package_identification:_identify(souzoukougaku14/Arduino/cat_main_udp) by extension 'ros'
[0.215s] Level 1:colcon.colcon_core.package_identification:_identify(souzoukougaku14/Arduino/cat_main_udp) by extensions ['cmake', 'python']
[0.215s] Level 1:colcon.colcon_core.package_identification:_identify(souzoukougaku14/Arduino/cat_main_udp) by extension 'cmake'
[0.215s] Level 1:colcon.colcon_core.package_identification:_identify(souzoukougaku14/Arduino/cat_main_udp) by extension 'python'
[0.215s] Level 1:colcon.colcon_core.package_identification:_identify(souzoukougaku14/Arduino/cat_main_udp) by extensions ['python_setup_py']
[0.215s] Level 1:colcon.colcon_core.package_identification:_identify(souzoukougaku14/Arduino/cat_main_udp) by extension 'python_setup_py'
[0.215s] Level 1:colcon.colcon_core.package_identification:_identify(souzoukougaku14/Arduino/hairetu_jyusinn) by extensions ['ignore', 'ignore_ament_install']
[0.215s] Level 1:colcon.colcon_core.package_identification:_identify(souzoukougaku14/Arduino/hairetu_jyusinn) by extension 'ignore'
[0.215s] Level 1:colcon.colcon_core.package_identification:_identify(souzoukougaku14/Arduino/hairetu_jyusinn) by extension 'ignore_ament_install'
[0.215s] Level 1:colcon.colcon_core.package_identification:_identify(souzoukougaku14/Arduino/hairetu_jyusinn) by extensions ['colcon_pkg']
[0.215s] Level 1:colcon.colcon_core.package_identification:_identify(souzoukougaku14/Arduino/hairetu_jyusinn) by extension 'colcon_pkg'
[0.215s] Level 1:colcon.colcon_core.package_identification:_identify(souzoukougaku14/Arduino/hairetu_jyusinn) by extensions ['colcon_meta']
[0.215s] Level 1:colcon.colcon_core.package_identification:_identify(souzoukougaku14/Arduino/hairetu_jyusinn) by extension 'colcon_meta'
[0.215s] Level 1:colcon.colcon_core.package_identification:_identify(souzoukougaku14/Arduino/hairetu_jyusinn) by extensions ['ros']
[0.215s] Level 1:colcon.colcon_core.package_identification:_identify(souzoukougaku14/Arduino/hairetu_jyusinn) by extension 'ros'
[0.215s] Level 1:colcon.colcon_core.package_identification:_identify(souzoukougaku14/Arduino/hairetu_jyusinn) by extensions ['cmake', 'python']
[0.215s] Level 1:colcon.colcon_core.package_identification:_identify(souzoukougaku14/Arduino/hairetu_jyusinn) by extension 'cmake'
[0.215s] Level 1:colcon.colcon_core.package_identification:_identify(souzoukougaku14/Arduino/hairetu_jyusinn) by extension 'python'
[0.215s] Level 1:colcon.colcon_core.package_identification:_identify(souzoukougaku14/Arduino/hairetu_jyusinn) by extensions ['python_setup_py']
[0.215s] Level 1:colcon.colcon_core.package_identification:_identify(souzoukougaku14/Arduino/hairetu_jyusinn) by extension 'python_setup_py'
[0.215s] Level 1:colcon.colcon_core.package_identification:_identify(souzoukougaku14/Arduino/hairetu_sousinn) by extensions ['ignore', 'ignore_ament_install']
[0.215s] Level 1:colcon.colcon_core.package_identification:_identify(souzoukougaku14/Arduino/hairetu_sousinn) by extension 'ignore'
[0.215s] Level 1:colcon.colcon_core.package_identification:_identify(souzoukougaku14/Arduino/hairetu_sousinn) by extension 'ignore_ament_install'
[0.215s] Level 1:colcon.colcon_core.package_identification:_identify(souzoukougaku14/Arduino/hairetu_sousinn) by extensions ['colcon_pkg']
[0.215s] Level 1:colcon.colcon_core.package_identification:_identify(souzoukougaku14/Arduino/hairetu_sousinn) by extension 'colcon_pkg'
[0.216s] Level 1:colcon.colcon_core.package_identification:_identify(souzoukougaku14/Arduino/hairetu_sousinn) by extensions ['colcon_meta']
[0.216s] Level 1:colcon.colcon_core.package_identification:_identify(souzoukougaku14/Arduino/hairetu_sousinn) by extension 'colcon_meta'
[0.216s] Level 1:colcon.colcon_core.package_identification:_identify(souzoukougaku14/Arduino/hairetu_sousinn) by extensions ['ros']
[0.216s] Level 1:colcon.colcon_core.package_identification:_identify(souzoukougaku14/Arduino/hairetu_sousinn) by extension 'ros'
[0.216s] Level 1:colcon.colcon_core.package_identification:_identify(souzoukougaku14/Arduino/hairetu_sousinn) by extensions ['cmake', 'python']
[0.216s] Level 1:colcon.colcon_core.package_identification:_identify(souzoukougaku14/Arduino/hairetu_sousinn) by extension 'cmake'
[0.216s] Level 1:colcon.colcon_core.package_identification:_identify(souzoukougaku14/Arduino/hairetu_sousinn) by extension 'python'
[0.216s] Level 1:colcon.colcon_core.package_identification:_identify(souzoukougaku14/Arduino/hairetu_sousinn) by extensions ['python_setup_py']
[0.216s] Level 1:colcon.colcon_core.package_identification:_identify(souzoukougaku14/Arduino/hairetu_sousinn) by extension 'python_setup_py'
[0.216s] Level 1:colcon.colcon_core.package_identification:_identify(souzoukougaku14/Arduino/r4_model) by extensions ['ignore', 'ignore_ament_install']
[0.216s] Level 1:colcon.colcon_core.package_identification:_identify(souzoukougaku14/Arduino/r4_model) by extension 'ignore'
[0.216s] Level 1:colcon.colcon_core.package_identification:_identify(souzoukougaku14/Arduino/r4_model) by extension 'ignore_ament_install'
[0.216s] Level 1:colcon.colcon_core.package_identification:_identify(souzoukougaku14/Arduino/r4_model) by extensions ['colcon_pkg']
[0.216s] Level 1:colcon.colcon_core.package_identification:_identify(souzoukougaku14/Arduino/r4_model) by extension 'colcon_pkg'
[0.216s] Level 1:colcon.colcon_core.package_identification:_identify(souzoukougaku14/Arduino/r4_model) by extensions ['colcon_meta']
[0.216s] Level 1:colcon.colcon_core.package_identification:_identify(souzoukougaku14/Arduino/r4_model) by extension 'colcon_meta'
[0.216s] Level 1:colcon.colcon_core.package_identification:_identify(souzoukougaku14/Arduino/r4_model) by extensions ['ros']
[0.216s] Level 1:colcon.colcon_core.package_identification:_identify(souzoukougaku14/Arduino/r4_model) by extension 'ros'
[0.216s] Level 1:colcon.colcon_core.package_identification:_identify(souzoukougaku14/Arduino/r4_model) by extensions ['cmake', 'python']
[0.216s] Level 1:colcon.colcon_core.package_identification:_identify(souzoukougaku14/Arduino/r4_model) by extension 'cmake'
[0.216s] Level 1:colcon.colcon_core.package_identification:_identify(souzoukougaku14/Arduino/r4_model) by extension 'python'
[0.216s] Level 1:colcon.colcon_core.package_identification:_identify(souzoukougaku14/Arduino/r4_model) by extensions ['python_setup_py']
[0.216s] Level 1:colcon.colcon_core.package_identification:_identify(souzoukougaku14/Arduino/r4_model) by extension 'python_setup_py'
[0.216s] Level 1:colcon.colcon_core.package_identification:_identify(souzoukougaku14/Arduino/r4_wifi_test_receive) by extensions ['ignore', 'ignore_ament_install']
[0.216s] Level 1:colcon.colcon_core.package_identification:_identify(souzoukougaku14/Arduino/r4_wifi_test_receive) by extension 'ignore'
[0.216s] Level 1:colcon.colcon_core.package_identification:_identify(souzoukougaku14/Arduino/r4_wifi_test_receive) by extension 'ignore_ament_install'
[0.216s] Level 1:colcon.colcon_core.package_identification:_identify(souzoukougaku14/Arduino/r4_wifi_test_receive) by extensions ['colcon_pkg']
[0.216s] Level 1:colcon.colcon_core.package_identification:_identify(souzoukougaku14/Arduino/r4_wifi_test_receive) by extension 'colcon_pkg'
[0.216s] Level 1:colcon.colcon_core.package_identification:_identify(souzoukougaku14/Arduino/r4_wifi_test_receive) by extensions ['colcon_meta']
[0.216s] Level 1:colcon.colcon_core.package_identification:_identify(souzoukougaku14/Arduino/r4_wifi_test_receive) by extension 'colcon_meta'
[0.216s] Level 1:colcon.colcon_core.package_identification:_identify(souzoukougaku14/Arduino/r4_wifi_test_receive) by extensions ['ros']
[0.216s] Level 1:colcon.colcon_core.package_identification:_identify(souzoukougaku14/Arduino/r4_wifi_test_receive) by extension 'ros'
[0.216s] Level 1:colcon.colcon_core.package_identification:_identify(souzoukougaku14/Arduino/r4_wifi_test_receive) by extensions ['cmake', 'python']
[0.216s] Level 1:colcon.colcon_core.package_identification:_identify(souzoukougaku14/Arduino/r4_wifi_test_receive) by extension 'cmake'
[0.216s] Level 1:colcon.colcon_core.package_identification:_identify(souzoukougaku14/Arduino/r4_wifi_test_receive) by extension 'python'
[0.217s] Level 1:colcon.colcon_core.package_identification:_identify(souzoukougaku14/Arduino/r4_wifi_test_receive) by extensions ['python_setup_py']
[0.217s] Level 1:colcon.colcon_core.package_identification:_identify(souzoukougaku14/Arduino/r4_wifi_test_receive) by extension 'python_setup_py'
[0.217s] Level 1:colcon.colcon_core.package_identification:_identify(souzoukougaku14/Arduino/r4_wifi_test_send) by extensions ['ignore', 'ignore_ament_install']
[0.217s] Level 1:colcon.colcon_core.package_identification:_identify(souzoukougaku14/Arduino/r4_wifi_test_send) by extension 'ignore'
[0.217s] Level 1:colcon.colcon_core.package_identification:_identify(souzoukougaku14/Arduino/r4_wifi_test_send) by extension 'ignore_ament_install'
[0.217s] Level 1:colcon.colcon_core.package_identification:_identify(souzoukougaku14/Arduino/r4_wifi_test_send) by extensions ['colcon_pkg']
[0.217s] Level 1:colcon.colcon_core.package_identification:_identify(souzoukougaku14/Arduino/r4_wifi_test_send) by extension 'colcon_pkg'
[0.217s] Level 1:colcon.colcon_core.package_identification:_identify(souzoukougaku14/Arduino/r4_wifi_test_send) by extensions ['colcon_meta']
[0.217s] Level 1:colcon.colcon_core.package_identification:_identify(souzoukougaku14/Arduino/r4_wifi_test_send) by extension 'colcon_meta'
[0.217s] Level 1:colcon.colcon_core.package_identification:_identify(souzoukougaku14/Arduino/r4_wifi_test_send) by extensions ['ros']
[0.217s] Level 1:colcon.colcon_core.package_identification:_identify(souzoukougaku14/Arduino/r4_wifi_test_send) by extension 'ros'
[0.217s] Level 1:colcon.colcon_core.package_identification:_identify(souzoukougaku14/Arduino/r4_wifi_test_send) by extensions ['cmake', 'python']
[0.217s] Level 1:colcon.colcon_core.package_identification:_identify(souzoukougaku14/Arduino/r4_wifi_test_send) by extension 'cmake'
[0.217s] Level 1:colcon.colcon_core.package_identification:_identify(souzoukougaku14/Arduino/r4_wifi_test_send) by extension 'python'
[0.217s] Level 1:colcon.colcon_core.package_identification:_identify(souzoukougaku14/Arduino/r4_wifi_test_send) by extensions ['python_setup_py']
[0.217s] Level 1:colcon.colcon_core.package_identification:_identify(souzoukougaku14/Arduino/r4_wifi_test_send) by extension 'python_setup_py'
[0.217s] Level 1:colcon.colcon_core.package_identification:_identify(souzoukougaku14/Arduino/serial_receive) by extensions ['ignore', 'ignore_ament_install']
[0.217s] Level 1:colcon.colcon_core.package_identification:_identify(souzoukougaku14/Arduino/serial_receive) by extension 'ignore'
[0.217s] Level 1:colcon.colcon_core.package_identification:_identify(souzoukougaku14/Arduino/serial_receive) by extension 'ignore_ament_install'
[0.217s] Level 1:colcon.colcon_core.package_identification:_identify(souzoukougaku14/Arduino/serial_receive) by extensions ['colcon_pkg']
[0.217s] Level 1:colcon.colcon_core.package_identification:_identify(souzoukougaku14/Arduino/serial_receive) by extension 'colcon_pkg'
[0.217s] Level 1:colcon.colcon_core.package_identification:_identify(souzoukougaku14/Arduino/serial_receive) by extensions ['colcon_meta']
[0.217s] Level 1:colcon.colcon_core.package_identification:_identify(souzoukougaku14/Arduino/serial_receive) by extension 'colcon_meta'
[0.217s] Level 1:colcon.colcon_core.package_identification:_identify(souzoukougaku14/Arduino/serial_receive) by extensions ['ros']
[0.217s] Level 1:colcon.colcon_core.package_identification:_identify(souzoukougaku14/Arduino/serial_receive) by extension 'ros'
[0.217s] Level 1:colcon.colcon_core.package_identification:_identify(souzoukougaku14/Arduino/serial_receive) by extensions ['cmake', 'python']
[0.217s] Level 1:colcon.colcon_core.package_identification:_identify(souzoukougaku14/Arduino/serial_receive) by extension 'cmake'
[0.217s] Level 1:colcon.colcon_core.package_identification:_identify(souzoukougaku14/Arduino/serial_receive) by extension 'python'
[0.217s] Level 1:colcon.colcon_core.package_identification:_identify(souzoukougaku14/Arduino/serial_receive) by extensions ['python_setup_py']
[0.217s] Level 1:colcon.colcon_core.package_identification:_identify(souzoukougaku14/Arduino/serial_receive) by extension 'python_setup_py'
[0.217s] Level 1:colcon.colcon_core.package_identification:_identify(souzoukougaku14/Arduino/serial_send) by extensions ['ignore', 'ignore_ament_install']
[0.217s] Level 1:colcon.colcon_core.package_identification:_identify(souzoukougaku14/Arduino/serial_send) by extension 'ignore'
[0.217s] Level 1:colcon.colcon_core.package_identification:_identify(souzoukougaku14/Arduino/serial_send) by extension 'ignore_ament_install'
[0.218s] Level 1:colcon.colcon_core.package_identification:_identify(souzoukougaku14/Arduino/serial_send) by extensions ['colcon_pkg']
[0.218s] Level 1:colcon.colcon_core.package_identification:_identify(souzoukougaku14/Arduino/serial_send) by extension 'colcon_pkg'
[0.218s] Level 1:colcon.colcon_core.package_identification:_identify(souzoukougaku14/Arduino/serial_send) by extensions ['colcon_meta']
[0.218s] Level 1:colcon.colcon_core.package_identification:_identify(souzoukougaku14/Arduino/serial_send) by extension 'colcon_meta'
[0.218s] Level 1:colcon.colcon_core.package_identification:_identify(souzoukougaku14/Arduino/serial_send) by extensions ['ros']
[0.218s] Level 1:colcon.colcon_core.package_identification:_identify(souzoukougaku14/Arduino/serial_send) by extension 'ros'
[0.218s] Level 1:colcon.colcon_core.package_identification:_identify(souzoukougaku14/Arduino/serial_send) by extensions ['cmake', 'python']
[0.218s] Level 1:colcon.colcon_core.package_identification:_identify(souzoukougaku14/Arduino/serial_send) by extension 'cmake'
[0.218s] Level 1:colcon.colcon_core.package_identification:_identify(souzoukougaku14/Arduino/serial_send) by extension 'python'
[0.218s] Level 1:colcon.colcon_core.package_identification:_identify(souzoukougaku14/Arduino/serial_send) by extensions ['python_setup_py']
[0.218s] Level 1:colcon.colcon_core.package_identification:_identify(souzoukougaku14/Arduino/serial_send) by extension 'python_setup_py'
[0.218s] Level 1:colcon.colcon_core.package_identification:_identify(souzoukougaku14/Arduino/udp_sample) by extensions ['ignore', 'ignore_ament_install']
[0.218s] Level 1:colcon.colcon_core.package_identification:_identify(souzoukougaku14/Arduino/udp_sample) by extension 'ignore'
[0.218s] Level 1:colcon.colcon_core.package_identification:_identify(souzoukougaku14/Arduino/udp_sample) by extension 'ignore_ament_install'
[0.218s] Level 1:colcon.colcon_core.package_identification:_identify(souzoukougaku14/Arduino/udp_sample) by extensions ['colcon_pkg']
[0.218s] Level 1:colcon.colcon_core.package_identification:_identify(souzoukougaku14/Arduino/udp_sample) by extension 'colcon_pkg'
[0.218s] Level 1:colcon.colcon_core.package_identification:_identify(souzoukougaku14/Arduino/udp_sample) by extensions ['colcon_meta']
[0.218s] Level 1:colcon.colcon_core.package_identification:_identify(souzoukougaku14/Arduino/udp_sample) by extension 'colcon_meta'
[0.218s] Level 1:colcon.colcon_core.package_identification:_identify(souzoukougaku14/Arduino/udp_sample) by extensions ['ros']
[0.218s] Level 1:colcon.colcon_core.package_identification:_identify(souzoukougaku14/Arduino/udp_sample) by extension 'ros'
[0.218s] Level 1:colcon.colcon_core.package_identification:_identify(souzoukougaku14/Arduino/udp_sample) by extensions ['cmake', 'python']
[0.218s] Level 1:colcon.colcon_core.package_identification:_identify(souzoukougaku14/Arduino/udp_sample) by extension 'cmake'
[0.218s] Level 1:colcon.colcon_core.package_identification:_identify(souzoukougaku14/Arduino/udp_sample) by extension 'python'
[0.218s] Level 1:colcon.colcon_core.package_identification:_identify(souzoukougaku14/Arduino/udp_sample) by extensions ['python_setup_py']
[0.218s] Level 1:colcon.colcon_core.package_identification:_identify(souzoukougaku14/Arduino/udp_sample) by extension 'python_setup_py'
[0.218s] Level 1:colcon.colcon_core.package_identification:_identify(souzoukougaku14/src) by extensions ['ignore', 'ignore_ament_install']
[0.218s] Level 1:colcon.colcon_core.package_identification:_identify(souzoukougaku14/src) by extension 'ignore'
[0.218s] Level 1:colcon.colcon_core.package_identification:_identify(souzoukougaku14/src) by extension 'ignore_ament_install'
[0.218s] Level 1:colcon.colcon_core.package_identification:_identify(souzoukougaku14/src) by extensions ['colcon_pkg']
[0.218s] Level 1:colcon.colcon_core.package_identification:_identify(souzoukougaku14/src) by extension 'colcon_pkg'
[0.218s] Level 1:colcon.colcon_core.package_identification:_identify(souzoukougaku14/src) by extensions ['colcon_meta']
[0.218s] Level 1:colcon.colcon_core.package_identification:_identify(souzoukougaku14/src) by extension 'colcon_meta'
[0.218s] Level 1:colcon.colcon_core.package_identification:_identify(souzoukougaku14/src) by extensions ['ros']
[0.218s] Level 1:colcon.colcon_core.package_identification:_identify(souzoukougaku14/src) by extension 'ros'
[0.218s] Level 1:colcon.colcon_core.package_identification:_identify(souzoukougaku14/src) by extensions ['cmake', 'python']
[0.218s] Level 1:colcon.colcon_core.package_identification:_identify(souzoukougaku14/src) by extension 'cmake'
[0.219s] Level 1:colcon.colcon_core.package_identification:_identify(souzoukougaku14/src) by extension 'python'
[0.219s] Level 1:colcon.colcon_core.package_identification:_identify(souzoukougaku14/src) by extensions ['python_setup_py']
[0.219s] Level 1:colcon.colcon_core.package_identification:_identify(souzoukougaku14/src) by extension 'python_setup_py'
[0.219s] Level 1:colcon.colcon_core.package_identification:_identify(souzoukougaku14/src/build) by extensions ['ignore', 'ignore_ament_install']
[0.219s] Level 1:colcon.colcon_core.package_identification:_identify(souzoukougaku14/src/build) by extension 'ignore'
[0.219s] Level 1:colcon.colcon_core.package_identification:_identify(souzoukougaku14/src/build) ignored
[0.219s] Level 1:colcon.colcon_core.package_identification:_identify(souzoukougaku14/src/cat) by extensions ['ignore', 'ignore_ament_install']
[0.219s] Level 1:colcon.colcon_core.package_identification:_identify(souzoukougaku14/src/cat) by extension 'ignore'
[0.219s] Level 1:colcon.colcon_core.package_identification:_identify(souzoukougaku14/src/cat) by extension 'ignore_ament_install'
[0.219s] Level 1:colcon.colcon_core.package_identification:_identify(souzoukougaku14/src/cat) by extensions ['colcon_pkg']
[0.219s] Level 1:colcon.colcon_core.package_identification:_identify(souzoukougaku14/src/cat) by extension 'colcon_pkg'
[0.219s] Level 1:colcon.colcon_core.package_identification:_identify(souzoukougaku14/src/cat) by extensions ['colcon_meta']
[0.219s] Level 1:colcon.colcon_core.package_identification:_identify(souzoukougaku14/src/cat) by extension 'colcon_meta'
[0.219s] Level 1:colcon.colcon_core.package_identification:_identify(souzoukougaku14/src/cat) by extensions ['ros']
[0.219s] Level 1:colcon.colcon_core.package_identification:_identify(souzoukougaku14/src/cat) by extension 'ros'
[0.219s] DEBUG:colcon.colcon_core.package_identification:Package 'souzoukougaku14/src/cat' with type 'ros.ament_python' and name 'cat'
[0.220s] Level 1:colcon.colcon_core.package_identification:_identify(souzoukougaku14/src/cat_messages) by extensions ['ignore', 'ignore_ament_install']
[0.220s] Level 1:colcon.colcon_core.package_identification:_identify(souzoukougaku14/src/cat_messages) by extension 'ignore'
[0.220s] Level 1:colcon.colcon_core.package_identification:_identify(souzoukougaku14/src/cat_messages) by extension 'ignore_ament_install'
[0.220s] Level 1:colcon.colcon_core.package_identification:_identify(souzoukougaku14/src/cat_messages) by extensions ['colcon_pkg']
[0.220s] Level 1:colcon.colcon_core.package_identification:_identify(souzoukougaku14/src/cat_messages) by extension 'colcon_pkg'
[0.220s] Level 1:colcon.colcon_core.package_identification:_identify(souzoukougaku14/src/cat_messages) by extensions ['colcon_meta']
[0.220s] Level 1:colcon.colcon_core.package_identification:_identify(souzoukougaku14/src/cat_messages) by extension 'colcon_meta'
[0.220s] Level 1:colcon.colcon_core.package_identification:_identify(souzoukougaku14/src/cat_messages) by extensions ['ros']
[0.220s] Level 1:colcon.colcon_core.package_identification:_identify(souzoukougaku14/src/cat_messages) by extension 'ros'
[0.220s] DEBUG:colcon.colcon_core.package_identification:Package 'souzoukougaku14/src/cat_messages' with type 'ros.ament_cmake' and name 'cat_messages'
[0.220s] Level 1:colcon.colcon_core.package_identification:_identify(souzoukougaku14/src/install) by extensions ['ignore', 'ignore_ament_install']
[0.220s] Level 1:colcon.colcon_core.package_identification:_identify(souzoukougaku14/src/install) by extension 'ignore'
[0.220s] Level 1:colcon.colcon_core.package_identification:_identify(souzoukougaku14/src/install) ignored
[0.220s] Level 1:colcon.colcon_core.package_identification:_identify(souzoukougaku14/src/log) by extensions ['ignore', 'ignore_ament_install']
[0.220s] Level 1:colcon.colcon_core.package_identification:_identify(souzoukougaku14/src/log) by extension 'ignore'
[0.220s] Level 1:colcon.colcon_core.package_identification:_identify(souzoukougaku14/src/log) ignored
[0.220s] Level 1:colcon.colcon_core.package_identification:_identify(souzoukougaku14/test) by extensions ['ignore', 'ignore_ament_install']
[0.221s] Level 1:colcon.colcon_core.package_identification:_identify(souzoukougaku14/test) by extension 'ignore'
[0.221s] Level 1:colcon.colcon_core.package_identification:_identify(souzoukougaku14/test) by extension 'ignore_ament_install'
[0.221s] Level 1:colcon.colcon_core.package_identification:_identify(souzoukougaku14/test) by extensions ['colcon_pkg']
[0.221s] Level 1:colcon.colcon_core.package_identification:_identify(souzoukougaku14/test) by extension 'colcon_pkg'
[0.221s] Level 1:colcon.colcon_core.package_identification:_identify(souzoukougaku14/test) by extensions ['colcon_meta']
[0.221s] Level 1:colcon.colcon_core.package_identification:_identify(souzoukougaku14/test) by extension 'colcon_meta'
[0.221s] Level 1:colcon.colcon_core.package_identification:_identify(souzoukougaku14/test) by extensions ['ros']
[0.221s] Level 1:colcon.colcon_core.package_identification:_identify(souzoukougaku14/test) by extension 'ros'
[0.221s] Level 1:colcon.colcon_core.package_identification:_identify(souzoukougaku14/test) by extensions ['cmake', 'python']
[0.221s] Level 1:colcon.colcon_core.package_identification:_identify(souzoukougaku14/test) by extension 'cmake'
[0.221s] Level 1:colcon.colcon_core.package_identification:_identify(souzoukougaku14/test) by extension 'python'
[0.221s] Level 1:colcon.colcon_core.package_identification:_identify(souzoukougaku14/test) by extensions ['python_setup_py']
[0.221s] Level 1:colcon.colcon_core.package_identification:_identify(souzoukougaku14/test) by extension 'python_setup_py'
[0.221s] Level 1:colcon.colcon_core.package_identification:_identify(souzoukougaku14/test/__pycache__) by extensions ['ignore', 'ignore_ament_install']
[0.221s] Level 1:colcon.colcon_core.package_identification:_identify(souzoukougaku14/test/__pycache__) by extension 'ignore'
[0.221s] Level 1:colcon.colcon_core.package_identification:_identify(souzoukougaku14/test/__pycache__) by extension 'ignore_ament_install'
[0.221s] Level 1:colcon.colcon_core.package_identification:_identify(souzoukougaku14/test/__pycache__) by extensions ['colcon_pkg']
[0.221s] Level 1:colcon.colcon_core.package_identification:_identify(souzoukougaku14/test/__pycache__) by extension 'colcon_pkg'
[0.221s] Level 1:colcon.colcon_core.package_identification:_identify(souzoukougaku14/test/__pycache__) by extensions ['colcon_meta']
[0.221s] Level 1:colcon.colcon_core.package_identification:_identify(souzoukougaku14/test/__pycache__) by extension 'colcon_meta'
[0.221s] Level 1:colcon.colcon_core.package_identification:_identify(souzoukougaku14/test/__pycache__) by extensions ['ros']
[0.221s] Level 1:colcon.colcon_core.package_identification:_identify(souzoukougaku14/test/__pycache__) by extension 'ros'
[0.221s] Level 1:colcon.colcon_core.package_identification:_identify(souzoukougaku14/test/__pycache__) by extensions ['cmake', 'python']
[0.221s] Level 1:colcon.colcon_core.package_identification:_identify(souzoukougaku14/test/__pycache__) by extension 'cmake'
[0.221s] Level 1:colcon.colcon_core.package_identification:_identify(souzoukougaku14/test/__pycache__) by extension 'python'
[0.221s] Level 1:colcon.colcon_core.package_identification:_identify(souzoukougaku14/test/__pycache__) by extensions ['python_setup_py']
[0.221s] Level 1:colcon.colcon_core.package_identification:_identify(souzoukougaku14/test/__pycache__) by extension 'python_setup_py'
[0.221s] Level 1:colcon.colcon_core.package_discovery:discover_packages(recursive) using defaults
[0.221s] Level 1:colcon.colcon_core.package_discovery:discover_packages(ignore) discover
[0.221s] Level 1:colcon.colcon_core.package_discovery:discover_packages(ignore) using defaults
[0.221s] Level 1:colcon.colcon_core.package_discovery:discover_packages(path) discover
[0.221s] Level 1:colcon.colcon_core.package_discovery:discover_packages(path) using defaults
[0.235s] Level 1:colcon.colcon_core.package_discovery:discover_packages(prefix_path) check parameters
[0.235s] Level 1:colcon.colcon_core.package_discovery:discover_packages(prefix_path) discover
[0.236s] DEBUG:colcon.colcon_installed_package_information.package_discovery:Found 4 installed packages in /home/hamilton/souzou/install
[0.237s] DEBUG:colcon.colcon_installed_package_information.package_discovery:Found 480 installed packages in /opt/ros/humble
[0.239s] Level 1:colcon.colcon_core.package_discovery:discover_packages(prefix_path) using defaults
[0.270s] Level 5:colcon.colcon_core.verb:set package 'cat_messages' build argument 'cmake_args' from command line to 'None'
[0.270s] Level 5:colcon.colcon_core.verb:set package 'cat_messages' build argument 'cmake_target' from command line to 'None'
[0.270s] Level 5:colcon.colcon_core.verb:set package 'cat_messages' build argument 'cmake_target_skip_unavailable' from command line to 'False'
[0.270s] Level 5:colcon.colcon_core.verb:set package 'cat_messages' build argument 'cmake_clean_cache' from command line to 'False'
[0.270s] Level 5:colcon.colcon_core.verb:set package 'cat_messages' build argument 'cmake_clean_first' from command line to 'False'
[0.270s] Level 5:colcon.colcon_core.verb:set package 'cat_messages' build argument 'cmake_force_configure' from command line to 'False'
[0.270s] Level 5:colcon.colcon_core.verb:set package 'cat_messages' build argument 'ament_cmake_args' from command line to 'None'
[0.270s] Level 5:colcon.colcon_core.verb:set package 'cat_messages' build argument 'catkin_cmake_args' from command line to 'None'
[0.270s] Level 5:colcon.colcon_core.verb:set package 'cat_messages' build argument 'catkin_skip_building_tests' from command line to 'False'
[0.270s] DEBUG:colcon.colcon_core.verb:Building package 'cat_messages' with the following arguments: {'ament_cmake_args': None, 'build_base': '/home/hamilton/souzou/build/cat_messages', 'catkin_cmake_args': None, 'catkin_skip_building_tests': False, 'cmake_args': None, 'cmake_clean_cache': False, 'cmake_clean_first': False, 'cmake_force_configure': False, 'cmake_target': None, 'cmake_target_skip_unavailable': False, 'install_base': '/home/hamilton/souzou/install/cat_messages', 'merge_install': False, 'path': '/home/hamilton/souzou/souzoukougaku14/src/cat_messages', 'symlink_install': True, 'test_result_base': None}
[0.271s] Level 5:colcon.colcon_core.verb:set package 'ros2_aruco' build argument 'cmake_args' from command line to 'None'
[0.271s] Level 5:colcon.colcon_core.verb:set package 'ros2_aruco' build argument 'cmake_target' from command line to 'None'
[0.271s] Level 5:colcon.colcon_core.verb:set package 'ros2_aruco' build argument 'cmake_target_skip_unavailable' from command line to 'False'
[0.271s] Level 5:colcon.colcon_core.verb:set package 'ros2_aruco' build argument 'cmake_clean_cache' from command line to 'False'
[0.271s] Level 5:colcon.colcon_core.verb:set package 'ros2_aruco' build argument 'cmake_clean_first' from command line to 'False'
[0.271s] Level 5:colcon.colcon_core.verb:set package 'ros2_aruco' build argument 'cmake_force_configure' from command line to 'False'
[0.271s] Level 5:colcon.colcon_core.verb:set package 'ros2_aruco' build argument 'ament_cmake_args' from command line to 'None'
[0.271s] Level 5:colcon.colcon_core.verb:set package 'ros2_aruco' build argument 'catkin_cmake_args' from command line to 'None'
[0.271s] Level 5:colcon.colcon_core.verb:set package 'ros2_aruco' build argument 'catkin_skip_building_tests' from command line to 'False'
[0.271s] DEBUG:colcon.colcon_core.verb:Building package 'ros2_aruco' with the following arguments: {'ament_cmake_args': None, 'build_base': '/home/hamilton/souzou/build/ros2_aruco', 'catkin_cmake_args': None, 'catkin_skip_building_tests': False, 'cmake_args': None, 'cmake_clean_cache': False, 'cmake_clean_first': False, 'cmake_force_configure': False, 'cmake_target': None, 'cmake_target_skip_unavailable': False, 'install_base': '/home/hamilton/souzou/install/ros2_aruco', 'merge_install': False, 'path': '/home/hamilton/souzou/ros2_aruco/ros2_aruco', 'symlink_install': True, 'test_result_base': None}
[0.271s] Level 5:colcon.colcon_core.verb:set package 'ros2_aruco_interfaces' build argument 'cmake_args' from command line to 'None'
[0.271s] Level 5:colcon.colcon_core.verb:set package 'ros2_aruco_interfaces' build argument 'cmake_target' from command line to 'None'
[0.271s] Level 5:colcon.colcon_core.verb:set package 'ros2_aruco_interfaces' build argument 'cmake_target_skip_unavailable' from command line to 'False'
[0.271s] Level 5:colcon.colcon_core.verb:set package 'ros2_aruco_interfaces' build argument 'cmake_clean_cache' from command line to 'False'
[0.271s] Level 5:colcon.colcon_core.verb:set package 'ros2_aruco_interfaces' build argument 'cmake_clean_first' from command line to 'False'
[0.271s] Level 5:colcon.colcon_core.verb:set package 'ros2_aruco_interfaces' build argument 'cmake_force_configure' from command line to 'False'
[0.271s] Level 5:colcon.colcon_core.verb:set package 'ros2_aruco_interfaces' build argument 'ament_cmake_args' from command line to 'None'
[0.271s] Level 5:colcon.colcon_core.verb:set package 'ros2_aruco_interfaces' build argument 'catkin_cmake_args' from command line to 'None'
[0.271s] Level 5:colcon.colcon_core.verb:set package 'ros2_aruco_interfaces' build argument 'catkin_skip_building_tests' from command line to 'False'
[0.271s] DEBUG:colcon.colcon_core.verb:Building package 'ros2_aruco_interfaces' with the following arguments: {'ament_cmake_args': None, 'build_base': '/home/hamilton/souzou/build/ros2_aruco_interfaces', 'catkin_cmake_args': None, 'catkin_skip_building_tests': False, 'cmake_args': None, 'cmake_clean_cache': False, 'cmake_clean_first': False, 'cmake_force_configure': False, 'cmake_target': None, 'cmake_target_skip_unavailable': False, 'install_base': '/home/hamilton/souzou/install/ros2_aruco_interfaces', 'merge_install': False, 'path': '/home/hamilton/souzou/ros2_aruco/ros2_aruco_interfaces', 'symlink_install': True, 'test_result_base': None}
[0.271s] Level 5:colcon.colcon_core.verb:set package 'cat' build argument 'cmake_args' from command line to 'None'
[0.271s] Level 5:colcon.colcon_core.verb:set package 'cat' build argument 'cmake_target' from command line to 'None'
[0.271s] Level 5:colcon.colcon_core.verb:set package 'cat' build argument 'cmake_target_skip_unavailable' from command line to 'False'
[0.271s] Level 5:colcon.colcon_core.verb:set package 'cat' build argument 'cmake_clean_cache' from command line to 'False'
[0.271s] Level 5:colcon.colcon_core.verb:set package 'cat' build argument 'cmake_clean_first' from command line to 'False'
[0.271s] Level 5:colcon.colcon_core.verb:set package 'cat' build argument 'cmake_force_configure' from command line to 'False'
[0.271s] Level 5:colcon.colcon_core.verb:set package 'cat' build argument 'ament_cmake_args' from command line to 'None'
[0.271s] Level 5:colcon.colcon_core.verb:set package 'cat' build argument 'catkin_cmake_args' from command line to 'None'
[0.271s] Level 5:colcon.colcon_core.verb:set package 'cat' build argument 'catkin_skip_building_tests' from command line to 'False'
[0.271s] DEBUG:colcon.colcon_core.verb:Building package 'cat' with the following arguments: {'ament_cmake_args': None, 'build_base': '/home/hamilton/souzou/build/cat', 'catkin_cmake_args': None, 'catkin_skip_building_tests': False, 'cmake_args': None, 'cmake_clean_cache': False, 'cmake_clean_first': False, 'cmake_force_configure': False, 'cmake_target': None, 'cmake_target_skip_unavailable': False, 'install_base': '/home/hamilton/souzou/install/cat', 'merge_install': False, 'path': '/home/hamilton/souzou/souzoukougaku14/src/cat', 'symlink_install': True, 'test_result_base': None}
[0.272s] INFO:colcon.colcon_core.executor:Executing jobs using 'parallel' executor
[0.272s] DEBUG:colcon.colcon_parallel_executor.executor.parallel:run_until_complete
[0.272s] INFO:colcon.colcon_ros.task.ament_cmake.build:Building ROS package in '/home/hamilton/souzou/souzoukougaku14/src/cat_messages' with build type 'ament_cmake'
[0.273s] INFO:colcon.colcon_cmake.task.cmake.build:Building CMake package in '/home/hamilton/souzou/souzoukougaku14/src/cat_messages'
[0.274s] INFO:colcon.colcon_core.plugin_system:Skipping extension 'colcon_core.shell.bat': Not used on non-Windows systems
[0.274s] INFO:colcon.colcon_core.shell:Skip shell extension 'powershell' for command environment: Not usable outside of PowerShell
[0.274s] DEBUG:colcon.colcon_core.shell:Skip shell extension 'dsv' for command environment
[0.277s] INFO:colcon.colcon_ros.task.ament_python.build:Building ROS package in '/home/hamilton/souzou/ros2_aruco/ros2_aruco' with build type 'ament_python'
[0.277s] Level 1:colcon.colcon_core.shell:create_environment_hook('ros2_aruco', 'ament_prefix_path')
[0.277s] INFO:colcon.colcon_core.shell:Creating environment hook '/home/hamilton/souzou/install/ros2_aruco/share/ros2_aruco/hook/ament_prefix_path.ps1'
[0.277s] INFO:colcon.colcon_core.shell:Creating environment descriptor '/home/hamilton/souzou/install/ros2_aruco/share/ros2_aruco/hook/ament_prefix_path.dsv'
[0.278s] INFO:colcon.colcon_core.shell:Creating environment hook '/home/hamilton/souzou/install/ros2_aruco/share/ros2_aruco/hook/ament_prefix_path.sh'
[0.278s] INFO:colcon.colcon_core.shell:Skip shell extension 'powershell' for command environment: Not usable outside of PowerShell
[0.278s] DEBUG:colcon.colcon_core.shell:Skip shell extension 'dsv' for command environment
[0.282s] INFO:colcon.colcon_ros.task.ament_cmake.build:Building ROS package in '/home/hamilton/souzou/ros2_aruco/ros2_aruco_interfaces' with build type 'ament_cmake'
[0.282s] INFO:colcon.colcon_cmake.task.cmake.build:Building CMake package in '/home/hamilton/souzou/ros2_aruco/ros2_aruco_interfaces'
[0.282s] INFO:colcon.colcon_core.shell:Skip shell extension 'powershell' for command environment: Not usable outside of PowerShell
[0.283s] DEBUG:colcon.colcon_core.shell:Skip shell extension 'dsv' for command environment
[0.291s] DEBUG:colcon.colcon_core.event_handler.log_command:Invoking command in '/home/hamilton/souzou/build/cat_messages': CMAKE_PREFIX_PATH=${CMAKE_PREFIX_PATH}:/home/hamilton/souzou/install/ros2_aruco:/home/hamilton/souzou/install/cat:/opt/ros/humble /usr/bin/cmake --build /home/hamilton/souzou/build/cat_messages -- -j8 -l8
[0.541s] INFO:colcon.colcon_core.task.python.build:Building Python package in '/home/hamilton/souzou/ros2_aruco/ros2_aruco'
[0.541s] INFO:colcon.colcon_core.shell:Skip shell extension 'powershell' for command environment: Not usable outside of PowerShell
[0.541s] DEBUG:colcon.colcon_core.shell:Skip shell extension 'dsv' for command environment
[0.548s] DEBUG:colcon.colcon_core.event_handler.log_command:Invoking command in '/home/hamilton/souzou/build/ros2_aruco_interfaces': CMAKE_PREFIX_PATH=${CMAKE_PREFIX_PATH}:/home/hamilton/souzou/install/ros2_aruco:/home/hamilton/souzou/install/cat:/opt/ros/humble /usr/bin/cmake --build /home/hamilton/souzou/build/ros2_aruco_interfaces -- -j8 -l8
[0.618s] DEBUG:colcon.colcon_core.event_handler.log_command:Invoked command in '/home/hamilton/souzou/build/cat_messages' returned '0': CMAKE_PREFIX_PATH=${CMAKE_PREFIX_PATH}:/home/hamilton/souzou/install/ros2_aruco:/home/hamilton/souzou/install/cat:/opt/ros/humble /usr/bin/cmake --build /home/hamilton/souzou/build/cat_messages -- -j8 -l8
[0.628s] DEBUG:colcon.colcon_core.event_handler.log_command:Invoking command in '/home/hamilton/souzou/build/cat_messages': CMAKE_PREFIX_PATH=${CMAKE_PREFIX_PATH}:/home/hamilton/souzou/install/ros2_aruco:/home/hamilton/souzou/install/cat:/opt/ros/humble /usr/bin/cmake --install /home/hamilton/souzou/build/cat_messages
[0.697s] Level 1:colcon.colcon_core.environment:create_environment_scripts_only(cat_messages)
[0.699s] DEBUG:colcon.colcon_core.event_handler.log_command:Invoked command in '/home/hamilton/souzou/build/cat_messages' returned '0': CMAKE_PREFIX_PATH=${CMAKE_PREFIX_PATH}:/home/hamilton/souzou/install/ros2_aruco:/home/hamilton/souzou/install/cat:/opt/ros/humble /usr/bin/cmake --install /home/hamilton/souzou/build/cat_messages
[0.701s] Level 1:colcon.colcon_core.environment:checking '/home/hamilton/souzou/install/cat_messages' for CMake module files
[0.701s] Level 1:colcon.colcon_core.environment:checking '/home/hamilton/souzou/install/cat_messages' for CMake config files
[0.702s] Level 1:colcon.colcon_core.shell:create_environment_hook('cat_messages', 'cmake_prefix_path')
[0.703s] INFO:colcon.colcon_core.shell:Creating environment hook '/home/hamilton/souzou/install/cat_messages/share/cat_messages/hook/cmake_prefix_path.ps1'
[0.703s] INFO:colcon.colcon_core.shell:Creating environment descriptor '/home/hamilton/souzou/install/cat_messages/share/cat_messages/hook/cmake_prefix_path.dsv'
[0.704s] INFO:colcon.colcon_core.shell:Creating environment hook '/home/hamilton/souzou/install/cat_messages/share/cat_messages/hook/cmake_prefix_path.sh'
[0.704s] Level 1:colcon.colcon_core.environment:checking '/home/hamilton/souzou/install/cat_messages/lib'
[0.704s] Level 1:colcon.colcon_core.shell:create_environment_hook('cat_messages', 'ld_library_path_lib')
[0.705s] INFO:colcon.colcon_core.shell:Creating environment hook '/home/hamilton/souzou/install/cat_messages/share/cat_messages/hook/ld_library_path_lib.ps1'
[0.705s] INFO:colcon.colcon_core.shell:Creating environment descriptor '/home/hamilton/souzou/install/cat_messages/share/cat_messages/hook/ld_library_path_lib.dsv'
[0.706s] INFO:colcon.colcon_core.shell:Creating environment hook '/home/hamilton/souzou/install/cat_messages/share/cat_messages/hook/ld_library_path_lib.sh'
[0.706s] Level 1:colcon.colcon_core.environment:checking '/home/hamilton/souzou/install/cat_messages/bin'
[0.706s] Level 1:colcon.colcon_core.environment:checking '/home/hamilton/souzou/install/cat_messages/lib/pkgconfig/cat_messages.pc'
[0.706s] Level 1:colcon.colcon_core.environment:checking '/home/hamilton/souzou/install/cat_messages/lib/python3.10/site-packages'
[0.707s] Level 1:colcon.colcon_core.environment:checking '/home/hamilton/souzou/install/cat_messages/bin'
[0.707s] INFO:colcon.colcon_core.shell:Creating package script '/home/hamilton/souzou/install/cat_messages/share/cat_messages/package.ps1'
[0.708s] INFO:colcon.colcon_core.shell:Creating package descriptor '/home/hamilton/souzou/install/cat_messages/share/cat_messages/package.dsv'
[0.708s] INFO:colcon.colcon_core.shell:Creating package script '/home/hamilton/souzou/install/cat_messages/share/cat_messages/package.sh'
[0.709s] INFO:colcon.colcon_core.shell:Creating package script '/home/hamilton/souzou/install/cat_messages/share/cat_messages/package.bash'
[0.709s] INFO:colcon.colcon_core.shell:Creating package script '/home/hamilton/souzou/install/cat_messages/share/cat_messages/package.zsh'
[0.710s] Level 1:colcon.colcon_core.environment:create_file_with_runtime_dependencies(/home/hamilton/souzou/install/cat_messages/share/colcon-core/packages/cat_messages)
[0.711s] Level 1:colcon.colcon_core.environment:create_environment_scripts_only(cat_messages)
[0.711s] Level 1:colcon.colcon_core.environment:checking '/home/hamilton/souzou/install/cat_messages' for CMake module files
[0.711s] Level 1:colcon.colcon_core.environment:checking '/home/hamilton/souzou/install/cat_messages' for CMake config files
[0.712s] Level 1:colcon.colcon_core.shell:create_environment_hook('cat_messages', 'cmake_prefix_path')
[0.712s] INFO:colcon.colcon_core.shell:Creating environment hook '/home/hamilton/souzou/install/cat_messages/share/cat_messages/hook/cmake_prefix_path.ps1'
[0.713s] INFO:colcon.colcon_core.shell:Creating environment descriptor '/home/hamilton/souzou/install/cat_messages/share/cat_messages/hook/cmake_prefix_path.dsv'
[0.713s] INFO:colcon.colcon_core.shell:Creating environment hook '/home/hamilton/souzou/install/cat_messages/share/cat_messages/hook/cmake_prefix_path.sh'
[0.714s] Level 1:colcon.colcon_core.environment:checking '/home/hamilton/souzou/install/cat_messages/lib'
[0.714s] Level 1:colcon.colcon_core.shell:create_environment_hook('cat_messages', 'ld_library_path_lib')
[0.714s] INFO:colcon.colcon_core.shell:Creating environment hook '/home/hamilton/souzou/install/cat_messages/share/cat_messages/hook/ld_library_path_lib.ps1'
[0.714s] INFO:colcon.colcon_core.shell:Creating environment descriptor '/home/hamilton/souzou/install/cat_messages/share/cat_messages/hook/ld_library_path_lib.dsv'
[0.715s] INFO:colcon.colcon_core.shell:Creating environment hook '/home/hamilton/souzou/install/cat_messages/share/cat_messages/hook/ld_library_path_lib.sh'
[0.715s] Level 1:colcon.colcon_core.environment:checking '/home/hamilton/souzou/install/cat_messages/bin'
[0.715s] Level 1:colcon.colcon_core.environment:checking '/home/hamilton/souzou/install/cat_messages/lib/pkgconfig/cat_messages.pc'
[0.715s] Level 1:colcon.colcon_core.environment:checking '/home/hamilton/souzou/install/cat_messages/lib/python3.10/site-packages'
[0.716s] Level 1:colcon.colcon_core.environment:checking '/home/hamilton/souzou/install/cat_messages/bin'
[0.716s] INFO:colcon.colcon_core.shell:Creating package script '/home/hamilton/souzou/install/cat_messages/share/cat_messages/package.ps1'
[0.716s] INFO:colcon.colcon_core.shell:Creating package descriptor '/home/hamilton/souzou/install/cat_messages/share/cat_messages/package.dsv'
[0.717s] INFO:colcon.colcon_core.shell:Creating package script '/home/hamilton/souzou/install/cat_messages/share/cat_messages/package.sh'
[0.717s] INFO:colcon.colcon_core.shell:Creating package script '/home/hamilton/souzou/install/cat_messages/share/cat_messages/package.bash'
[0.717s] INFO:colcon.colcon_core.shell:Creating package script '/home/hamilton/souzou/install/cat_messages/share/cat_messages/package.zsh'
[0.717s] Level 1:colcon.colcon_core.environment:create_file_with_runtime_dependencies(/home/hamilton/souzou/install/cat_messages/share/colcon-core/packages/cat_messages)
[0.718s] INFO:colcon.colcon_ros.task.ament_python.build:Building ROS package in '/home/hamilton/souzou/souzoukougaku14/src/cat' with build type 'ament_python'
[0.718s] Level 1:colcon.colcon_core.shell:create_environment_hook('cat', 'ament_prefix_path')
[0.718s] INFO:colcon.colcon_core.shell:Creating environment hook '/home/hamilton/souzou/install/cat/share/cat/hook/ament_prefix_path.ps1'
[0.719s] INFO:colcon.colcon_core.shell:Creating environment descriptor '/home/hamilton/souzou/install/cat/share/cat/hook/ament_prefix_path.dsv'
[0.719s] INFO:colcon.colcon_core.shell:Creating environment hook '/home/hamilton/souzou/install/cat/share/cat/hook/ament_prefix_path.sh'
[0.720s] INFO:colcon.colcon_core.shell:Skip shell extension 'powershell' for command environment: Not usable outside of PowerShell
[0.720s] DEBUG:colcon.colcon_core.shell:Skip shell extension 'dsv' for command environment
[0.997s] INFO:colcon.colcon_core.task.python.build:Building Python package in '/home/hamilton/souzou/souzoukougaku14/src/cat'
[0.997s] INFO:colcon.colcon_core.shell:Skip shell extension 'powershell' for command environment: Not usable outside of PowerShell
[0.997s] DEBUG:colcon.colcon_core.shell:Skip shell extension 'dsv' for command environment
[1.004s] DEBUG:colcon.colcon_core.event_handler.log_command:Invoking command in '/home/hamilton/souzou/build/ros2_aruco': PYTHONPATH=/home/hamilton/souzou/build/ros2_aruco/prefix_override:/usr/lib/python3/dist-packages/colcon_core/task/python/colcon_distutils_commands:/home/hamilton/souzou/install/ros2_aruco/lib/python3.10/site-packages:${PYTHONPATH} /usr/bin/python3 -W ignore:setup.py install is deprecated -W ignore:easy_install command is deprecated setup.py develop --editable --build-directory /home/hamilton/souzou/build/ros2_aruco/build --no-deps symlink_data
[1.005s] DEBUG:colcon.colcon_core.event_handler.log_command:Invoked command in '/home/hamilton/souzou/build/ros2_aruco_interfaces' returned '0': CMAKE_PREFIX_PATH=${CMAKE_PREFIX_PATH}:/home/hamilton/souzou/install/ros2_aruco:/home/hamilton/souzou/install/cat:/opt/ros/humble /usr/bin/cmake --build /home/hamilton/souzou/build/ros2_aruco_interfaces -- -j8 -l8
[1.007s] DEBUG:colcon.colcon_core.event_handler.log_command:Invoking command in '/home/hamilton/souzou/build/ros2_aruco_interfaces': CMAKE_PREFIX_PATH=${CMAKE_PREFIX_PATH}:/home/hamilton/souzou/install/ros2_aruco:/home/hamilton/souzou/install/cat:/opt/ros/humble /usr/bin/cmake --install /home/hamilton/souzou/build/ros2_aruco_interfaces
[1.072s] Level 1:colcon.colcon_core.environment:create_environment_scripts_only(ros2_aruco_interfaces)
[1.072s] Level 1:colcon.colcon_core.environment:checking '/home/hamilton/souzou/install/ros2_aruco_interfaces' for CMake module files
[1.073s] DEBUG:colcon.colcon_core.event_handler.log_command:Invoked command in '/home/hamilton/souzou/build/ros2_aruco_interfaces' returned '0': CMAKE_PREFIX_PATH=${CMAKE_PREFIX_PATH}:/home/hamilton/souzou/install/ros2_aruco:/home/hamilton/souzou/install/cat:/opt/ros/humble /usr/bin/cmake --install /home/hamilton/souzou/build/ros2_aruco_interfaces
[1.073s] Level 1:colcon.colcon_core.environment:checking '/home/hamilton/souzou/install/ros2_aruco_interfaces' for CMake config files
[1.074s] Level 1:colcon.colcon_core.shell:create_environment_hook('ros2_aruco_interfaces', 'cmake_prefix_path')
[1.075s] INFO:colcon.colcon_core.shell:Creating environment hook '/home/hamilton/souzou/install/ros2_aruco_interfaces/share/ros2_aruco_interfaces/hook/cmake_prefix_path.ps1'
[1.075s] INFO:colcon.colcon_core.shell:Creating environment descriptor '/home/hamilton/souzou/install/ros2_aruco_interfaces/share/ros2_aruco_interfaces/hook/cmake_prefix_path.dsv'
[1.076s] INFO:colcon.colcon_core.shell:Creating environment hook '/home/hamilton/souzou/install/ros2_aruco_interfaces/share/ros2_aruco_interfaces/hook/cmake_prefix_path.sh'
[1.076s] Level 1:colcon.colcon_core.environment:checking '/home/hamilton/souzou/install/ros2_aruco_interfaces/lib'
[1.076s] Level 1:colcon.colcon_core.shell:create_environment_hook('ros2_aruco_interfaces', 'ld_library_path_lib')
[1.077s] INFO:colcon.colcon_core.shell:Creating environment hook '/home/hamilton/souzou/install/ros2_aruco_interfaces/share/ros2_aruco_interfaces/hook/ld_library_path_lib.ps1'
[1.077s] INFO:colcon.colcon_core.shell:Creating environment descriptor '/home/hamilton/souzou/install/ros2_aruco_interfaces/share/ros2_aruco_interfaces/hook/ld_library_path_lib.dsv'
[1.077s] INFO:colcon.colcon_core.shell:Creating environment hook '/home/hamilton/souzou/install/ros2_aruco_interfaces/share/ros2_aruco_interfaces/hook/ld_library_path_lib.sh'
[1.078s] Level 1:colcon.colcon_core.environment:checking '/home/hamilton/souzou/install/ros2_aruco_interfaces/bin'
[1.078s] Level 1:colcon.colcon_core.environment:checking '/home/hamilton/souzou/install/ros2_aruco_interfaces/lib/pkgconfig/ros2_aruco_interfaces.pc'
[1.078s] Level 1:colcon.colcon_core.environment:checking '/home/hamilton/souzou/install/ros2_aruco_interfaces/lib/python3.10/site-packages'
[1.078s] Level 1:colcon.colcon_core.environment:checking '/home/hamilton/souzou/install/ros2_aruco_interfaces/bin'
[1.079s] INFO:colcon.colcon_core.shell:Creating package script '/home/hamilton/souzou/install/ros2_aruco_interfaces/share/ros2_aruco_interfaces/package.ps1'
[1.079s] INFO:colcon.colcon_core.shell:Creating package descriptor '/home/hamilton/souzou/install/ros2_aruco_interfaces/share/ros2_aruco_interfaces/package.dsv'
[1.080s] INFO:colcon.colcon_core.shell:Creating package script '/home/hamilton/souzou/install/ros2_aruco_interfaces/share/ros2_aruco_interfaces/package.sh'
[1.080s] INFO:colcon.colcon_core.shell:Creating package script '/home/hamilton/souzou/install/ros2_aruco_interfaces/share/ros2_aruco_interfaces/package.bash'
[1.081s] INFO:colcon.colcon_core.shell:Creating package script '/home/hamilton/souzou/install/ros2_aruco_interfaces/share/ros2_aruco_interfaces/package.zsh'
[1.081s] Level 1:colcon.colcon_core.environment:create_file_with_runtime_dependencies(/home/hamilton/souzou/install/ros2_aruco_interfaces/share/colcon-core/packages/ros2_aruco_interfaces)
[1.082s] Level 1:colcon.colcon_core.environment:create_environment_scripts_only(ros2_aruco_interfaces)
[1.082s] Level 1:colcon.colcon_core.environment:checking '/home/hamilton/souzou/install/ros2_aruco_interfaces' for CMake module files
[1.083s] Level 1:colcon.colcon_core.environment:checking '/home/hamilton/souzou/install/ros2_aruco_interfaces' for CMake config files
[1.084s] Level 1:colcon.colcon_core.shell:create_environment_hook('ros2_aruco_interfaces', 'cmake_prefix_path')
[1.084s] INFO:colcon.colcon_core.shell:Creating environment hook '/home/hamilton/souzou/install/ros2_aruco_interfaces/share/ros2_aruco_interfaces/hook/cmake_prefix_path.ps1'
[1.085s] INFO:colcon.colcon_core.shell:Creating environment descriptor '/home/hamilton/souzou/install/ros2_aruco_interfaces/share/ros2_aruco_interfaces/hook/cmake_prefix_path.dsv'
[1.086s] INFO:colcon.colcon_core.shell:Creating environment hook '/home/hamilton/souzou/install/ros2_aruco_interfaces/share/ros2_aruco_interfaces/hook/cmake_prefix_path.sh'
[1.086s] Level 1:colcon.colcon_core.environment:checking '/home/hamilton/souzou/install/ros2_aruco_interfaces/lib'
[1.086s] Level 1:colcon.colcon_core.shell:create_environment_hook('ros2_aruco_interfaces', 'ld_library_path_lib')
[1.087s] INFO:colcon.colcon_core.shell:Creating environment hook '/home/hamilton/souzou/install/ros2_aruco_interfaces/share/ros2_aruco_interfaces/hook/ld_library_path_lib.ps1'
[1.087s] INFO:colcon.colcon_core.shell:Creating environment descriptor '/home/hamilton/souzou/install/ros2_aruco_interfaces/share/ros2_aruco_interfaces/hook/ld_library_path_lib.dsv'
[1.087s] INFO:colcon.colcon_core.shell:Creating environment hook '/home/hamilton/souzou/install/ros2_aruco_interfaces/share/ros2_aruco_interfaces/hook/ld_library_path_lib.sh'
[1.088s] Level 1:colcon.colcon_core.environment:checking '/home/hamilton/souzou/install/ros2_aruco_interfaces/bin'
[1.088s] Level 1:colcon.colcon_core.environment:checking '/home/hamilton/souzou/install/ros2_aruco_interfaces/lib/pkgconfig/ros2_aruco_interfaces.pc'
[1.088s] Level 1:colcon.colcon_core.environment:checking '/home/hamilton/souzou/install/ros2_aruco_interfaces/lib/python3.10/site-packages'
[1.088s] Level 1:colcon.colcon_core.environment:checking '/home/hamilton/souzou/install/ros2_aruco_interfaces/bin'
[1.089s] INFO:colcon.colcon_core.shell:Creating package script '/home/hamilton/souzou/install/ros2_aruco_interfaces/share/ros2_aruco_interfaces/package.ps1'
[1.090s] INFO:colcon.colcon_core.shell:Creating package descriptor '/home/hamilton/souzou/install/ros2_aruco_interfaces/share/ros2_aruco_interfaces/package.dsv'
[1.090s] INFO:colcon.colcon_core.shell:Creating package script '/home/hamilton/souzou/install/ros2_aruco_interfaces/share/ros2_aruco_interfaces/package.sh'
[1.091s] INFO:colcon.colcon_core.shell:Creating package script '/home/hamilton/souzou/install/ros2_aruco_interfaces/share/ros2_aruco_interfaces/package.bash'
[1.091s] INFO:colcon.colcon_core.shell:Creating package script '/home/hamilton/souzou/install/ros2_aruco_interfaces/share/ros2_aruco_interfaces/package.zsh'
[1.092s] Level 1:colcon.colcon_core.environment:create_file_with_runtime_dependencies(/home/hamilton/souzou/install/ros2_aruco_interfaces/share/colcon-core/packages/ros2_aruco_interfaces)
[1.378s] DEBUG:colcon.colcon_core.event_handler.log_command:Invoking command in '/home/hamilton/souzou/build/cat': CMAKE_PREFIX_PATH=/home/hamilton/souzou/install/cat_messages:/home/hamilton/souzou/install/ros2_aruco_interfaces LD_LIBRARY_PATH=/home/hamilton/souzou/install/cat_messages/lib:/home/hamilton/souzou/install/ros2_aruco_interfaces/lib:/usr/lib/x86_64-linux-gnu/gazebo-11/plugins:/opt/ros/humble/opt/rviz_ogre_vendor/lib:/opt/ros/humble/lib/x86_64-linux-gnu:/opt/ros/humble/opt/openvdb_vendor/lib:/opt/ros/humble/lib:/home/hamilton/miniconda3/envs/base/lib:/usr/share/gazebo/../../lib/x86_64-linux-gnu/gazebo-11/plugins:/usr/share/gazebo/../../lib/x86_64-linux-gnu/gazebo-11/plugins PYTHONPATH=/home/hamilton/souzou/build/cat/prefix_override:/usr/lib/python3/dist-packages/colcon_core/task/python/colcon_distutils_commands:/home/hamilton/souzou/install/cat/lib/python3.10/site-packages:${PYTHONPATH} /usr/bin/python3 -W ignore:setup.py install is deprecated -W ignore:easy_install command is deprecated setup.py develop --editable --build-directory /home/hamilton/souzou/build/cat/build --no-deps symlink_data
[1.514s] Level 1:colcon.colcon_core.shell:create_environment_hook('ros2_aruco', 'pythonpath_develop')
[1.514s] INFO:colcon.colcon_core.shell:Creating environment hook '/home/hamilton/souzou/build/ros2_aruco/share/ros2_aruco/hook/pythonpath_develop.ps1'
[1.515s] DEBUG:colcon.colcon_core.event_handler.log_command:Invoked command in '/home/hamilton/souzou/build/ros2_aruco' returned '0': PYTHONPATH=/home/hamilton/souzou/build/ros2_aruco/prefix_override:/usr/lib/python3/dist-packages/colcon_core/task/python/colcon_distutils_commands:/home/hamilton/souzou/install/ros2_aruco/lib/python3.10/site-packages:${PYTHONPATH} /usr/bin/python3 -W ignore:setup.py install is deprecated -W ignore:easy_install command is deprecated setup.py develop --editable --build-directory /home/hamilton/souzou/build/ros2_aruco/build --no-deps symlink_data
[1.516s] INFO:colcon.colcon_core.shell:Creating environment descriptor '/home/hamilton/souzou/build/ros2_aruco/share/ros2_aruco/hook/pythonpath_develop.dsv'
[1.516s] INFO:colcon.colcon_core.shell:Creating environment hook '/home/hamilton/souzou/build/ros2_aruco/share/ros2_aruco/hook/pythonpath_develop.sh'
[1.516s] Level 1:colcon.colcon_core.environment:checking '/home/hamilton/souzou/install/ros2_aruco' for CMake module files
[1.517s] Level 1:colcon.colcon_core.environment:checking '/home/hamilton/souzou/install/ros2_aruco' for CMake config files
[1.517s] Level 1:colcon.colcon_core.environment:checking '/home/hamilton/souzou/install/ros2_aruco/lib'
[1.517s] Level 1:colcon.colcon_core.environment:checking '/home/hamilton/souzou/install/ros2_aruco/bin'
[1.517s] Level 1:colcon.colcon_core.environment:checking '/home/hamilton/souzou/install/ros2_aruco/lib/pkgconfig/ros2_aruco.pc'
[1.517s] Level 1:colcon.colcon_core.environment:checking '/home/hamilton/souzou/install/ros2_aruco/lib/python3.10/site-packages'
[1.517s] Level 1:colcon.colcon_core.shell:create_environment_hook('ros2_aruco', 'pythonpath')
[1.518s] INFO:colcon.colcon_core.shell:Creating environment hook '/home/hamilton/souzou/install/ros2_aruco/share/ros2_aruco/hook/pythonpath.ps1'
[1.518s] INFO:colcon.colcon_core.shell:Creating environment descriptor '/home/hamilton/souzou/install/ros2_aruco/share/ros2_aruco/hook/pythonpath.dsv'
[1.519s] INFO:colcon.colcon_core.shell:Creating environment hook '/home/hamilton/souzou/install/ros2_aruco/share/ros2_aruco/hook/pythonpath.sh'
[1.519s] Level 1:colcon.colcon_core.environment:checking '/home/hamilton/souzou/install/ros2_aruco/bin'
[1.519s] Level 1:colcon.colcon_core.environment:create_environment_scripts_only(ros2_aruco)
[1.520s] INFO:colcon.colcon_core.shell:Creating package script '/home/hamilton/souzou/install/ros2_aruco/share/ros2_aruco/package.ps1'
[1.520s] INFO:colcon.colcon_core.shell:Creating package descriptor '/home/hamilton/souzou/install/ros2_aruco/share/ros2_aruco/package.dsv'
[1.521s] INFO:colcon.colcon_core.shell:Creating package script '/home/hamilton/souzou/install/ros2_aruco/share/ros2_aruco/package.sh'
[1.521s] INFO:colcon.colcon_core.shell:Creating package script '/home/hamilton/souzou/install/ros2_aruco/share/ros2_aruco/package.bash'
[1.521s] INFO:colcon.colcon_core.shell:Creating package script '/home/hamilton/souzou/install/ros2_aruco/share/ros2_aruco/package.zsh'
[1.521s] Level 1:colcon.colcon_core.environment:create_file_with_runtime_dependencies(/home/hamilton/souzou/install/ros2_aruco/share/colcon-core/packages/ros2_aruco)
[1.825s] Level 1:colcon.colcon_core.shell:create_environment_hook('cat', 'pythonpath_develop')
[1.825s] INFO:colcon.colcon_core.shell:Creating environment hook '/home/hamilton/souzou/build/cat/share/cat/hook/pythonpath_develop.ps1'
[1.825s] DEBUG:colcon.colcon_core.event_handler.log_command:Invoked command in '/home/hamilton/souzou/build/cat' returned '0': CMAKE_PREFIX_PATH=/home/hamilton/souzou/install/cat_messages:/home/hamilton/souzou/install/ros2_aruco_interfaces LD_LIBRARY_PATH=/home/hamilton/souzou/install/cat_messages/lib:/home/hamilton/souzou/install/ros2_aruco_interfaces/lib:/usr/lib/x86_64-linux-gnu/gazebo-11/plugins:/opt/ros/humble/opt/rviz_ogre_vendor/lib:/opt/ros/humble/lib/x86_64-linux-gnu:/opt/ros/humble/opt/openvdb_vendor/lib:/opt/ros/humble/lib:/home/hamilton/miniconda3/envs/base/lib:/usr/share/gazebo/../../lib/x86_64-linux-gnu/gazebo-11/plugins:/usr/share/gazebo/../../lib/x86_64-linux-gnu/gazebo-11/plugins PYTHONPATH=/home/hamilton/souzou/build/cat/prefix_override:/usr/lib/python3/dist-packages/colcon_core/task/python/colcon_distutils_commands:/home/hamilton/souzou/install/cat/lib/python3.10/site-packages:${PYTHONPATH} /usr/bin/python3 -W ignore:setup.py install is deprecated -W ignore:easy_install command is deprecated setup.py develop --editable --build-directory /home/hamilton/souzou/build/cat/build --no-deps symlink_data
[1.826s] INFO:colcon.colcon_core.shell:Creating environment descriptor '/home/hamilton/souzou/build/cat/share/cat/hook/pythonpath_develop.dsv'
[1.826s] INFO:colcon.colcon_core.shell:Creating environment hook '/home/hamilton/souzou/build/cat/share/cat/hook/pythonpath_develop.sh'
[1.826s] Level 1:colcon.colcon_core.environment:checking '/home/hamilton/souzou/install/cat' for CMake module files
[1.827s] Level 1:colcon.colcon_core.environment:checking '/home/hamilton/souzou/install/cat' for CMake config files
[1.827s] Level 1:colcon.colcon_core.environment:checking '/home/hamilton/souzou/install/cat/lib'
[1.827s] Level 1:colcon.colcon_core.environment:checking '/home/hamilton/souzou/install/cat/bin'
[1.827s] Level 1:colcon.colcon_core.environment:checking '/home/hamilton/souzou/install/cat/lib/pkgconfig/cat.pc'
[1.827s] Level 1:colcon.colcon_core.environment:checking '/home/hamilton/souzou/install/cat/lib/python3.10/site-packages'
[1.827s] Level 1:colcon.colcon_core.shell:create_environment_hook('cat', 'pythonpath')
[1.827s] INFO:colcon.colcon_core.shell:Creating environment hook '/home/hamilton/souzou/install/cat/share/cat/hook/pythonpath.ps1'
[1.828s] INFO:colcon.colcon_core.shell:Creating environment descriptor '/home/hamilton/souzou/install/cat/share/cat/hook/pythonpath.dsv'
[1.828s] INFO:colcon.colcon_core.shell:Creating environment hook '/home/hamilton/souzou/install/cat/share/cat/hook/pythonpath.sh'
[1.828s] Level 1:colcon.colcon_core.environment:checking '/home/hamilton/souzou/install/cat/bin'
[1.828s] Level 1:colcon.colcon_core.environment:create_environment_scripts_only(cat)
[1.829s] INFO:colcon.colcon_core.shell:Creating package script '/home/hamilton/souzou/install/cat/share/cat/package.ps1'
[1.829s] INFO:colcon.colcon_core.shell:Creating package descriptor '/home/hamilton/souzou/install/cat/share/cat/package.dsv'
[1.829s] INFO:colcon.colcon_core.shell:Creating package script '/home/hamilton/souzou/install/cat/share/cat/package.sh'
[1.830s] INFO:colcon.colcon_core.shell:Creating package script '/home/hamilton/souzou/install/cat/share/cat/package.bash'
[1.830s] INFO:colcon.colcon_core.shell:Creating package script '/home/hamilton/souzou/install/cat/share/cat/package.zsh'
[1.830s] Level 1:colcon.colcon_core.environment:create_file_with_runtime_dependencies(/home/hamilton/souzou/install/cat/share/colcon-core/packages/cat)
[1.830s] DEBUG:colcon.colcon_parallel_executor.executor.parallel:closing loop
[1.830s] DEBUG:colcon.colcon_parallel_executor.executor.parallel:loop closed
[1.830s] DEBUG:colcon.colcon_parallel_executor.executor.parallel:run_until_complete finished with '0'
[1.830s] DEBUG:colcon.colcon_core.event_reactor:joining thread
[1.834s] INFO:colcon.colcon_core.plugin_system:Skipping extension 'colcon_notification.desktop_notification.terminal_notifier': Not used on non-Darwin systems
[1.834s] INFO:colcon.colcon_core.plugin_system:Skipping extension 'colcon_notification.desktop_notification.win32': Not used on non-Windows systems
[1.834s] INFO:colcon.colcon_notification.desktop_notification:Sending desktop notification using 'notify2'
[1.843s] DEBUG:colcon.colcon_core.event_reactor:joined thread
[1.843s] INFO:colcon.colcon_core.shell:Creating prefix script '/home/hamilton/souzou/install/local_setup.ps1'
[1.844s] INFO:colcon.colcon_core.shell:Creating prefix util module '/home/hamilton/souzou/install/_local_setup_util_ps1.py'
[1.846s] INFO:colcon.colcon_core.shell:Creating prefix chain script '/home/hamilton/souzou/install/setup.ps1'
[1.847s] INFO:colcon.colcon_core.shell:Creating prefix script '/home/hamilton/souzou/install/local_setup.sh'
[1.848s] INFO:colcon.colcon_core.shell:Creating prefix util module '/home/hamilton/souzou/install/_local_setup_util_sh.py'
[1.848s] INFO:colcon.colcon_core.shell:Creating prefix chain script '/home/hamilton/souzou/install/setup.sh'
[1.849s] INFO:colcon.colcon_core.shell:Creating prefix script '/home/hamilton/souzou/install/local_setup.bash'
[1.850s] INFO:colcon.colcon_core.shell:Creating prefix chain script '/home/hamilton/souzou/install/setup.bash'
[1.851s] INFO:colcon.colcon_core.shell:Creating prefix script '/home/hamilton/souzou/install/local_setup.zsh'
[1.851s] INFO:colcon.colcon_core.shell:Creating prefix chain script '/home/hamilton/souzou/install/setup.zsh'
