[0.010s] Invoking command in '/home/hamilton/souzou/src/build/cat_messages': CMAKE_PREFIX_PATH=/opt/ros/humble CONDA_PROMPT_MODIFIER=(base) /usr/bin/cmake --build /home/hamilton/souzou/src/build/cat_messages -- -j16 -l16
[0.160s] [  3%] Built target cat_messages__cpp
[0.167s] [  6%] Built target ament_cmake_python_symlink_cat_messages
[0.167s] [ 12%] Built target cat_messages__rosidl_generator_c
[0.226s] [ 22%] Built target cat_messages__rosidl_typesupport_cpp
[0.227s] [ 41%] Built target cat_messages__rosidl_typesupport_introspection_c
[0.227s] [ 41%] Built target cat_messages__rosidl_typesupport_introspection_cpp
[0.227s] [ 51%] Built target cat_messages__rosidl_typesupport_fastrtps_c
[0.227s] [ 61%] Built target cat_messages__rosidl_typesupport_c
[0.231s] [ 70%] Built target cat_messages__rosidl_typesupport_fastrtps_cpp
[0.247s] [ 70%] Built target cat_messages
[0.264s] [ 74%] Built target cat_messages__py
[0.286s] [ 80%] Built target cat_messages__rosidl_generator_py
[0.302s] [ 87%] Built target cat_messages__rosidl_typesupport_introspection_c__pyext
[0.304s] [ 93%] Built target cat_messages__rosidl_typesupport_c__pyext
[0.304s] [100%] Built target cat_messages__rosidl_typesupport_fastrtps_c__pyext
[0.352s] running egg_info
[0.352s] writing cat_messages.egg-info/PKG-INFO
[0.352s] writing dependency_links to cat_messages.egg-info/dependency_links.txt
[0.353s] writing top-level names to cat_messages.egg-info/top_level.txt
[0.354s] reading manifest file 'cat_messages.egg-info/SOURCES.txt'
[0.355s] writing manifest file 'cat_messages.egg-info/SOURCES.txt'
[0.373s] [100%] Built target ament_cmake_python_build_cat_messages_egg
[0.380s] Invoked command in '/home/hamilton/souzou/src/build/cat_messages' returned '0': CMAKE_PREFIX_PATH=/opt/ros/humble CONDA_PROMPT_MODIFIER=(base) /usr/bin/cmake --build /home/hamilton/souzou/src/build/cat_messages -- -j16 -l16
[0.479s] Invoking command in '/home/hamilton/souzou/src/build/cat_messages': CMAKE_PREFIX_PATH=/opt/ros/humble CONDA_PROMPT_MODIFIER=(base) /usr/bin/cmake --install /home/hamilton/souzou/src/build/cat_messages
[0.488s] -- Install configuration: ""
[0.489s] -- Execute custom install script
[0.489s] -- Up-to-date symlink: /home/hamilton/souzou/src/install/cat_messages/share/ament_index/resource_index/rosidl_interfaces/cat_messages
[0.491s] -- Up-to-date symlink: /home/hamilton/souzou/src/install/cat_messages/include/cat_messages/cat_messages/msg/detail/joy_cat__functions.h
[0.491s] -- Up-to-date symlink: /home/hamilton/souzou/src/install/cat_messages/include/cat_messages/cat_messages/msg/detail/joy_cat__struct.h
[0.491s] -- Up-to-date symlink: /home/hamilton/souzou/src/install/cat_messages/include/cat_messages/cat_messages/msg/detail/joy_cat__type_support.h
[0.491s] -- Up-to-date symlink: /home/hamilton/souzou/src/install/cat_messages/include/cat_messages/cat_messages/msg/joy_cat.h
[0.491s] -- Up-to-date symlink: /home/hamilton/souzou/src/install/cat_messages/include/cat_messages/cat_messages/msg/rosidl_generator_c__visibility_control.h
[0.491s] -- Up-to-date symlink: /home/hamilton/souzou/src/install/cat_messages/share/cat_messages/environment/library_path.sh
[0.491s] -- Up-to-date symlink: /home/hamilton/souzou/src/install/cat_messages/share/cat_messages/environment/library_path.dsv
[0.492s] -- Up-to-date symlink: /home/hamilton/souzou/src/install/cat_messages/include/cat_messages/cat_messages/msg/detail/joy_cat__rosidl_typesupport_fastrtps_c.h
[0.492s] -- Up-to-date symlink: /home/hamilton/souzou/src/install/cat_messages/include/cat_messages/cat_messages/msg/rosidl_typesupport_fastrtps_c__visibility_control.h
[0.492s] -- Up-to-date symlink: /home/hamilton/souzou/src/install/cat_messages/include/cat_messages/cat_messages/msg/detail/joy_cat__rosidl_typesupport_introspection_c.h
[0.492s] -- Up-to-date symlink: /home/hamilton/souzou/src/install/cat_messages/include/cat_messages/cat_messages/msg/rosidl_typesupport_introspection_c__visibility_control.h
[0.493s] -- Up-to-date symlink: /home/hamilton/souzou/src/install/cat_messages/include/cat_messages/cat_messages/msg/detail/joy_cat__builder.hpp
[0.493s] -- Up-to-date symlink: /home/hamilton/souzou/src/install/cat_messages/include/cat_messages/cat_messages/msg/detail/joy_cat__struct.hpp
[0.493s] -- Up-to-date symlink: /home/hamilton/souzou/src/install/cat_messages/include/cat_messages/cat_messages/msg/detail/joy_cat__traits.hpp
[0.493s] -- Up-to-date symlink: /home/hamilton/souzou/src/install/cat_messages/include/cat_messages/cat_messages/msg/joy_cat.hpp
[0.493s] -- Up-to-date symlink: /home/hamilton/souzou/src/install/cat_messages/include/cat_messages/cat_messages/msg/detail/joy_cat__rosidl_typesupport_fastrtps_cpp.hpp
[0.493s] -- Up-to-date symlink: /home/hamilton/souzou/src/install/cat_messages/include/cat_messages/cat_messages/msg/rosidl_typesupport_fastrtps_cpp__visibility_control.h
[0.494s] -- Up-to-date symlink: /home/hamilton/souzou/src/install/cat_messages/include/cat_messages/cat_messages/msg/detail/joy_cat__rosidl_typesupport_introspection_cpp.hpp
[0.494s] -- Up-to-date symlink: /home/hamilton/souzou/src/install/cat_messages/share/cat_messages/environment/pythonpath.sh
[0.494s] -- Up-to-date symlink: /home/hamilton/souzou/src/install/cat_messages/share/cat_messages/environment/pythonpath.dsv
[0.494s] -- Up-to-date symlink: /home/hamilton/souzou/src/install/cat_messages/local/lib/python3.10/dist-packages/cat_messages-0.0.0-py3.10.egg-info/PKG-INFO
[0.494s] -- Up-to-date symlink: /home/hamilton/souzou/src/install/cat_messages/local/lib/python3.10/dist-packages/cat_messages-0.0.0-py3.10.egg-info/SOURCES.txt
[0.494s] -- Up-to-date symlink: /home/hamilton/souzou/src/install/cat_messages/local/lib/python3.10/dist-packages/cat_messages-0.0.0-py3.10.egg-info/dependency_links.txt
[0.495s] -- Up-to-date symlink: /home/hamilton/souzou/src/install/cat_messages/local/lib/python3.10/dist-packages/cat_messages-0.0.0-py3.10.egg-info/top_level.txt
[0.495s] -- Up-to-date symlink: /home/hamilton/souzou/src/install/cat_messages/local/lib/python3.10/dist-packages/cat_messages/__init__.py
[0.495s] -- Up-to-date symlink: /home/hamilton/souzou/src/install/cat_messages/local/lib/python3.10/dist-packages/cat_messages/_cat_messages_s.ep.rosidl_typesupport_c.c
[0.495s] -- Up-to-date symlink: /home/hamilton/souzou/src/install/cat_messages/local/lib/python3.10/dist-packages/cat_messages/_cat_messages_s.ep.rosidl_typesupport_fastrtps_c.c
[0.495s] -- Up-to-date symlink: /home/hamilton/souzou/src/install/cat_messages/local/lib/python3.10/dist-packages/cat_messages/_cat_messages_s.ep.rosidl_typesupport_introspection_c.c
[0.496s] -- Up-to-date symlink: /home/hamilton/souzou/src/install/cat_messages/local/lib/python3.10/dist-packages/cat_messages/cat_messages_s__rosidl_typesupport_c.cpython-310-x86_64-linux-gnu.so
[0.496s] -- Up-to-date symlink: /home/hamilton/souzou/src/install/cat_messages/local/lib/python3.10/dist-packages/cat_messages/cat_messages_s__rosidl_typesupport_fastrtps_c.cpython-310-x86_64-linux-gnu.so
[0.496s] -- Up-to-date symlink: /home/hamilton/souzou/src/install/cat_messages/local/lib/python3.10/dist-packages/cat_messages/cat_messages_s__rosidl_typesupport_introspection_c.cpython-310-x86_64-linux-gnu.so
[0.496s] -- Up-to-date symlink: /home/hamilton/souzou/src/install/cat_messages/local/lib/python3.10/dist-packages/cat_messages/libcat_messages__rosidl_generator_py.so
[0.496s] -- Up-to-date symlink: /home/hamilton/souzou/src/install/cat_messages/local/lib/python3.10/dist-packages/cat_messages/msg/__init__.py
[0.496s] -- Up-to-date symlink: /home/hamilton/souzou/src/install/cat_messages/local/lib/python3.10/dist-packages/cat_messages/msg/_joy_cat.py
[0.496s] -- Up-to-date symlink: /home/hamilton/souzou/src/install/cat_messages/local/lib/python3.10/dist-packages/cat_messages/msg/_joy_cat_s.c
[0.497s] -- Up-to-date symlink: /home/hamilton/souzou/src/install/cat_messages/local/lib/python3.10/dist-packages/cat_messages/cat_messages_s__rosidl_typesupport_fastrtps_c.cpython-310-x86_64-linux-gnu.so
[0.497s] -- Up-to-date symlink: /home/hamilton/souzou/src/install/cat_messages/local/lib/python3.10/dist-packages/cat_messages/cat_messages_s__rosidl_typesupport_introspection_c.cpython-310-x86_64-linux-gnu.so
[0.497s] -- Up-to-date symlink: /home/hamilton/souzou/src/install/cat_messages/local/lib/python3.10/dist-packages/cat_messages/cat_messages_s__rosidl_typesupport_c.cpython-310-x86_64-linux-gnu.so
[0.497s] -- Up-to-date symlink: /home/hamilton/souzou/src/install/cat_messages/share/cat_messages/msg/JoyCat.idl
[0.497s] -- Up-to-date symlink: /home/hamilton/souzou/src/install/cat_messages/share/cat_messages/msg/JoyCat.msg
[0.497s] -- Up-to-date symlink: /home/hamilton/souzou/src/install/cat_messages/share/ament_index/resource_index/package_run_dependencies/cat_messages
[0.498s] -- Up-to-date symlink: /home/hamilton/souzou/src/install/cat_messages/share/ament_index/resource_index/parent_prefix_path/cat_messages
[0.498s] -- Up-to-date symlink: /home/hamilton/souzou/src/install/cat_messages/share/cat_messages/environment/ament_prefix_path.sh
[0.498s] -- Up-to-date symlink: /home/hamilton/souzou/src/install/cat_messages/share/cat_messages/environment/ament_prefix_path.dsv
[0.498s] -- Up-to-date symlink: /home/hamilton/souzou/src/install/cat_messages/share/cat_messages/environment/path.sh
[0.498s] -- Up-to-date symlink: /home/hamilton/souzou/src/install/cat_messages/share/cat_messages/environment/path.dsv
[0.498s] -- Up-to-date symlink: /home/hamilton/souzou/src/install/cat_messages/share/cat_messages/local_setup.bash
[0.498s] -- Up-to-date symlink: /home/hamilton/souzou/src/install/cat_messages/share/cat_messages/local_setup.sh
[0.498s] -- Up-to-date symlink: /home/hamilton/souzou/src/install/cat_messages/share/cat_messages/local_setup.zsh
[0.498s] -- Up-to-date symlink: /home/hamilton/souzou/src/install/cat_messages/share/cat_messages/local_setup.dsv
[0.498s] -- Symlinking: /home/hamilton/souzou/src/install/cat_messages/share/cat_messages/package.dsv
[0.504s] -- Up-to-date symlink: /home/hamilton/souzou/src/install/cat_messages/share/ament_index/resource_index/packages/cat_messages
[0.504s] -- Up-to-date symlink: /home/hamilton/souzou/src/install/cat_messages/share/cat_messages/cmake/rosidl_cmake-extras.cmake
[0.505s] -- Up-to-date symlink: /home/hamilton/souzou/src/install/cat_messages/share/cat_messages/cmake/ament_cmake_export_include_directories-extras.cmake
[0.505s] -- Up-to-date symlink: /home/hamilton/souzou/src/install/cat_messages/share/cat_messages/cmake/ament_cmake_export_libraries-extras.cmake
[0.505s] -- Up-to-date symlink: /home/hamilton/souzou/src/install/cat_messages/share/cat_messages/cmake/ament_cmake_export_targets-extras.cmake
[0.505s] -- Up-to-date symlink: /home/hamilton/souzou/src/install/cat_messages/share/cat_messages/cmake/rosidl_cmake_export_typesupport_targets-extras.cmake
[0.505s] -- Up-to-date symlink: /home/hamilton/souzou/src/install/cat_messages/share/cat_messages/cmake/ament_cmake_export_dependencies-extras.cmake
[0.505s] -- Up-to-date symlink: /home/hamilton/souzou/src/install/cat_messages/share/cat_messages/cmake/rosidl_cmake_export_typesupport_libraries-extras.cmake
[0.505s] -- Up-to-date symlink: /home/hamilton/souzou/src/install/cat_messages/share/cat_messages/cmake/cat_messagesConfig.cmake
[0.505s] -- Up-to-date symlink: /home/hamilton/souzou/src/install/cat_messages/share/cat_messages/cmake/cat_messagesConfig-version.cmake
[0.505s] -- Up-to-date symlink: /home/hamilton/souzou/src/install/cat_messages/share/cat_messages/package.xml
[0.506s] -- Up-to-date: /home/hamilton/souzou/src/install/cat_messages/lib/libcat_messages__rosidl_generator_c.so
[0.507s] -- Up-to-date: /home/hamilton/souzou/src/install/cat_messages/lib/libcat_messages__rosidl_typesupport_fastrtps_c.so
[0.508s] -- Up-to-date: /home/hamilton/souzou/src/install/cat_messages/lib/libcat_messages__rosidl_typesupport_introspection_c.so
[0.508s] -- Up-to-date: /home/hamilton/souzou/src/install/cat_messages/lib/libcat_messages__rosidl_typesupport_c.so
[0.509s] -- Up-to-date: /home/hamilton/souzou/src/install/cat_messages/lib/libcat_messages__rosidl_typesupport_fastrtps_cpp.so
[0.509s] -- Up-to-date: /home/hamilton/souzou/src/install/cat_messages/lib/libcat_messages__rosidl_typesupport_introspection_cpp.so
[0.510s] -- Up-to-date: /home/hamilton/souzou/src/install/cat_messages/lib/libcat_messages__rosidl_typesupport_cpp.so
[0.536s] Listing '/home/hamilton/souzou/src/install/cat_messages/local/lib/python3.10/dist-packages/cat_messages'...
[0.536s] Listing '/home/hamilton/souzou/src/install/cat_messages/local/lib/python3.10/dist-packages/cat_messages/msg'...
[0.539s] -- Up-to-date: /home/hamilton/souzou/src/install/cat_messages/lib/libcat_messages__rosidl_generator_py.so
[0.540s] -- Up-to-date: /home/hamilton/souzou/src/install/cat_messages/share/cat_messages/cmake/export_cat_messages__rosidl_generator_cExport.cmake
[0.540s] -- Up-to-date: /home/hamilton/souzou/src/install/cat_messages/share/cat_messages/cmake/export_cat_messages__rosidl_generator_cExport-noconfig.cmake
[0.540s] -- Up-to-date: /home/hamilton/souzou/src/install/cat_messages/share/cat_messages/cmake/export_cat_messages__rosidl_typesupport_fastrtps_cExport.cmake
[0.541s] -- Up-to-date: /home/hamilton/souzou/src/install/cat_messages/share/cat_messages/cmake/export_cat_messages__rosidl_typesupport_fastrtps_cExport-noconfig.cmake
[0.541s] -- Up-to-date: /home/hamilton/souzou/src/install/cat_messages/share/cat_messages/cmake/cat_messages__rosidl_typesupport_introspection_cExport.cmake
[0.541s] -- Up-to-date: /home/hamilton/souzou/src/install/cat_messages/share/cat_messages/cmake/cat_messages__rosidl_typesupport_introspection_cExport-noconfig.cmake
[0.542s] -- Up-to-date: /home/hamilton/souzou/src/install/cat_messages/share/cat_messages/cmake/cat_messages__rosidl_typesupport_cExport.cmake
[0.542s] -- Up-to-date: /home/hamilton/souzou/src/install/cat_messages/share/cat_messages/cmake/cat_messages__rosidl_typesupport_cExport-noconfig.cmake
[0.542s] -- Up-to-date: /home/hamilton/souzou/src/install/cat_messages/share/cat_messages/cmake/export_cat_messages__rosidl_generator_cppExport.cmake
[0.543s] -- Up-to-date: /home/hamilton/souzou/src/install/cat_messages/share/cat_messages/cmake/export_cat_messages__rosidl_typesupport_fastrtps_cppExport.cmake
[0.543s] -- Up-to-date: /home/hamilton/souzou/src/install/cat_messages/share/cat_messages/cmake/export_cat_messages__rosidl_typesupport_fastrtps_cppExport-noconfig.cmake
[0.543s] -- Up-to-date: /home/hamilton/souzou/src/install/cat_messages/share/cat_messages/cmake/cat_messages__rosidl_typesupport_introspection_cppExport.cmake
[0.543s] -- Up-to-date: /home/hamilton/souzou/src/install/cat_messages/share/cat_messages/cmake/cat_messages__rosidl_typesupport_introspection_cppExport-noconfig.cmake
[0.544s] -- Up-to-date: /home/hamilton/souzou/src/install/cat_messages/share/cat_messages/cmake/cat_messages__rosidl_typesupport_cppExport.cmake
[0.544s] -- Up-to-date: /home/hamilton/souzou/src/install/cat_messages/share/cat_messages/cmake/cat_messages__rosidl_typesupport_cppExport-noconfig.cmake
[0.544s] -- Up-to-date: /home/hamilton/souzou/src/install/cat_messages/share/cat_messages/cmake/export_cat_messages__rosidl_generator_pyExport.cmake
[0.544s] -- Up-to-date: /home/hamilton/souzou/src/install/cat_messages/share/cat_messages/cmake/export_cat_messages__rosidl_generator_pyExport-noconfig.cmake
[0.546s] Invoked command in '/home/hamilton/souzou/src/build/cat_messages' returned '0': CMAKE_PREFIX_PATH=/opt/ros/humble CONDA_PROMPT_MODIFIER=(base) /usr/bin/cmake --install /home/hamilton/souzou/src/build/cat_messages
