[0.554s] Invoking command in '/home/takumi/souzoukougaku14/src/cat': CMAKE_PREFIX_PATH=/home/takumi/souzoukougaku14/src/install/cat_messages:/home/takumi/souzoukougaku14/install/cat_messages LD_LIBRARY_PATH=/home/takumi/souzoukougaku14/src/install/cat_messages/lib:/home/takumi/souzoukougaku14/install/cat_messages/lib:/usr/lib/x86_64-linux-gnu/gazebo-11/plugins:/opt/ros/humble/opt/rviz_ogre_vendor/lib:/opt/ros/humble/lib/x86_64-linux-gnu:/opt/ros/humble/lib PYTHONPATH=/home/takumi/souzoukougaku14/src/build/cat/prefix_override:/usr/lib/python3/dist-packages/colcon_core/task/python/colcon_distutils_commands:/home/takumi/souzoukougaku14/src/install/cat/lib/python3.10/site-packages:${PYTHONPATH} /usr/bin/python3 -W ignore:setup.py install is deprecated setup.py egg_info --egg-base ../build/cat build --build-base /home/takumi/souzoukougaku14/src/build/cat/build install --record /home/takumi/souzoukougaku14/src/build/cat/install.log --single-version-externally-managed install_data
[0.725s] running egg_info
[0.725s] writing ../build/cat/cat.egg-info/PKG-INFO
[0.725s] writing dependency_links to ../build/cat/cat.egg-info/dependency_links.txt
[0.725s] writing entry points to ../build/cat/cat.egg-info/entry_points.txt
[0.726s] writing requirements to ../build/cat/cat.egg-info/requires.txt
[0.726s] writing top-level names to ../build/cat/cat.egg-info/top_level.txt
[0.727s] reading manifest file '../build/cat/cat.egg-info/SOURCES.txt'
[0.728s] writing manifest file '../build/cat/cat.egg-info/SOURCES.txt'
[0.728s] running build
[0.728s] running build_py
[0.728s] copying cat/odom_test_node.py -> /home/takumi/souzoukougaku14/src/build/cat/build/lib/cat
[0.728s] running install
[0.729s] running install_lib
[0.730s] copying /home/takumi/souzoukougaku14/src/build/cat/build/lib/cat/odom_test_node.py -> /home/takumi/souzoukougaku14/src/install/cat/lib/python3.10/site-packages/cat
[0.731s] byte-compiling /home/takumi/souzoukougaku14/src/install/cat/lib/python3.10/site-packages/cat/odom_test_node.py to odom_test_node.cpython-310.pyc
[0.731s] running install_data
[0.731s] running install_egg_info
[0.733s] removing '/home/takumi/souzoukougaku14/src/install/cat/lib/python3.10/site-packages/cat-0.0.0-py3.10.egg-info' (and everything under it)
[0.733s] Copying ../build/cat/cat.egg-info to /home/takumi/souzoukougaku14/src/install/cat/lib/python3.10/site-packages/cat-0.0.0-py3.10.egg-info
[0.734s] running install_scripts
[0.748s] Installing odom_test_node script to /home/takumi/souzoukougaku14/src/install/cat/lib/cat
[0.748s] Installing pc_controller script to /home/takumi/souzoukougaku14/src/install/cat/lib/cat
[0.748s] Installing state_machine script to /home/takumi/souzoukougaku14/src/install/cat/lib/cat
[0.749s] Installing tcp_receive_node script to /home/takumi/souzoukougaku14/src/install/cat/lib/cat
[0.749s] Installing tcp_send_node script to /home/takumi/souzoukougaku14/src/install/cat/lib/cat
[0.749s] Installing udp_receive_node script to /home/takumi/souzoukougaku14/src/install/cat/lib/cat
[0.749s] Installing udp_send_node script to /home/takumi/souzoukougaku14/src/install/cat/lib/cat
[0.749s] writing list of installed files to '/home/takumi/souzoukougaku14/src/build/cat/install.log'
[0.767s] Invoked command in '/home/takumi/souzoukougaku14/src/cat' returned '0': CMAKE_PREFIX_PATH=/home/takumi/souzoukougaku14/src/install/cat_messages:/home/takumi/souzoukougaku14/install/cat_messages LD_LIBRARY_PATH=/home/takumi/souzoukougaku14/src/install/cat_messages/lib:/home/takumi/souzoukougaku14/install/cat_messages/lib:/usr/lib/x86_64-linux-gnu/gazebo-11/plugins:/opt/ros/humble/opt/rviz_ogre_vendor/lib:/opt/ros/humble/lib/x86_64-linux-gnu:/opt/ros/humble/lib PYTHONPATH=/home/takumi/souzoukougaku14/src/build/cat/prefix_override:/usr/lib/python3/dist-packages/colcon_core/task/python/colcon_distutils_commands:/home/takumi/souzoukougaku14/src/install/cat/lib/python3.10/site-packages:${PYTHONPATH} /usr/bin/python3 -W ignore:setup.py install is deprecated setup.py egg_info --egg-base ../build/cat build --build-base /home/takumi/souzoukougaku14/src/build/cat/build install --record /home/takumi/souzoukougaku14/src/build/cat/install.log --single-version-externally-managed install_data
