[0.016s] Invoking command in '/home/hamilton/souzou/build/cat_messages': CMAKE_PREFIX_PATH=${CMAKE_PREFIX_PATH}:/home/hamilton/souzou/install/ros2_aruco:/home/hamilton/souzou/install/cat:/opt/ros/humble /usr/bin/cmake --build /home/hamilton/souzou/build/cat_messages -- -j8 -l8
[0.239s] [  4%] Built target cat_messages__cpp
[0.240s] [ 12%] Built target cat_messages__rosidl_generator_c
[0.240s] [ 12%] Built target ament_cmake_python_symlink_cat_messages
[0.240s] [ 27%] Built target cat_messages__rosidl_typesupport_introspection_c
[0.240s] [ 34%] Built target cat_messages__rosidl_typesupport_c
[0.240s] [ 44%] Built target cat_messages__rosidl_typesupport_fastrtps_c
[0.240s] [ 55%] Built target cat_messages__rosidl_typesupport_introspection_cpp
[0.240s] [ 65%] Built target cat_messages__rosidl_typesupport_cpp
[0.240s] [ 76%] Built target cat_messages__rosidl_typesupport_fastrtps_cpp
[0.240s] [ 76%] Built target cat_messages
[0.240s] [ 78%] Built target cat_messages__py
[0.240s] [ 87%] Built target cat_messages__rosidl_generator_py
[0.240s] [ 91%] Built target cat_messages__rosidl_typesupport_introspection_c__pyext
[0.240s] [ 95%] Built target cat_messages__rosidl_typesupport_c__pyext
[0.240s] [100%] Built target cat_messages__rosidl_typesupport_fastrtps_c__pyext
[0.282s] running egg_info
[0.282s] writing cat_messages.egg-info/PKG-INFO
[0.282s] writing dependency_links to cat_messages.egg-info/dependency_links.txt
[0.282s] writing top-level names to cat_messages.egg-info/top_level.txt
[0.283s] reading manifest file 'cat_messages.egg-info/SOURCES.txt'
[0.288s] writing manifest file 'cat_messages.egg-info/SOURCES.txt'
[0.318s] [100%] Built target ament_cmake_python_build_cat_messages_egg
[0.342s] Invoked command in '/home/hamilton/souzou/build/cat_messages' returned '0': CMAKE_PREFIX_PATH=${CMAKE_PREFIX_PATH}:/home/hamilton/souzou/install/ros2_aruco:/home/hamilton/souzou/install/cat:/opt/ros/humble /usr/bin/cmake --build /home/hamilton/souzou/build/cat_messages -- -j8 -l8
[0.350s] Invoking command in '/home/hamilton/souzou/build/cat_messages': CMAKE_PREFIX_PATH=${CMAKE_PREFIX_PATH}:/home/hamilton/souzou/install/ros2_aruco:/home/hamilton/souzou/install/cat:/opt/ros/humble /usr/bin/cmake --install /home/hamilton/souzou/build/cat_messages
[0.361s] -- Install configuration: ""
[0.362s] -- Execute custom install script
[0.362s] -- Up-to-date symlink: /home/hamilton/souzou/install/cat_messages/share/ament_index/resource_index/rosidl_interfaces/cat_messages
[0.363s] -- Up-to-date symlink: /home/hamilton/souzou/install/cat_messages/include/cat_messages/cat_messages/msg/detail/joy_cat__functions.h
[0.363s] -- Up-to-date symlink: /home/hamilton/souzou/install/cat_messages/include/cat_messages/cat_messages/msg/detail/joy_cat__struct.h
[0.364s] -- Up-to-date symlink: /home/hamilton/souzou/install/cat_messages/include/cat_messages/cat_messages/msg/detail/joy_cat__type_support.h
[0.365s] -- Up-to-date symlink: /home/hamilton/souzou/install/cat_messages/include/cat_messages/cat_messages/msg/detail/senser__functions.h
[0.365s] -- Up-to-date symlink: /home/hamilton/souzou/install/cat_messages/include/cat_messages/cat_messages/msg/detail/senser__struct.h
[0.365s] -- Up-to-date symlink: /home/hamilton/souzou/install/cat_messages/include/cat_messages/cat_messages/msg/detail/senser__type_support.h
[0.366s] -- Up-to-date symlink: /home/hamilton/souzou/install/cat_messages/include/cat_messages/cat_messages/msg/detail/vel__functions.h
[0.366s] -- Up-to-date symlink: /home/hamilton/souzou/install/cat_messages/include/cat_messages/cat_messages/msg/detail/vel__struct.h
[0.367s] -- Up-to-date symlink: /home/hamilton/souzou/install/cat_messages/include/cat_messages/cat_messages/msg/detail/vel__type_support.h
[0.367s] -- Up-to-date symlink: /home/hamilton/souzou/install/cat_messages/include/cat_messages/cat_messages/msg/joy_cat.h
[0.368s] -- Up-to-date symlink: /home/hamilton/souzou/install/cat_messages/include/cat_messages/cat_messages/msg/rosidl_generator_c__visibility_control.h
[0.368s] -- Up-to-date symlink: /home/hamilton/souzou/install/cat_messages/include/cat_messages/cat_messages/msg/senser.h
[0.368s] -- Up-to-date symlink: /home/hamilton/souzou/install/cat_messages/include/cat_messages/cat_messages/msg/vel.h
[0.369s] -- Up-to-date symlink: /home/hamilton/souzou/install/cat_messages/share/cat_messages/environment/library_path.sh
[0.369s] -- Up-to-date symlink: /home/hamilton/souzou/install/cat_messages/share/cat_messages/environment/library_path.dsv
[0.370s] -- Up-to-date symlink: /home/hamilton/souzou/install/cat_messages/include/cat_messages/cat_messages/msg/detail/joy_cat__rosidl_typesupport_fastrtps_c.h
[0.370s] -- Up-to-date symlink: /home/hamilton/souzou/install/cat_messages/include/cat_messages/cat_messages/msg/detail/senser__rosidl_typesupport_fastrtps_c.h
[0.371s] -- Up-to-date symlink: /home/hamilton/souzou/install/cat_messages/include/cat_messages/cat_messages/msg/detail/vel__rosidl_typesupport_fastrtps_c.h
[0.371s] -- Up-to-date symlink: /home/hamilton/souzou/install/cat_messages/include/cat_messages/cat_messages/msg/rosidl_typesupport_fastrtps_c__visibility_control.h
[0.371s] -- Up-to-date symlink: /home/hamilton/souzou/install/cat_messages/include/cat_messages/cat_messages/msg/detail/joy_cat__rosidl_typesupport_introspection_c.h
[0.372s] -- Up-to-date symlink: /home/hamilton/souzou/install/cat_messages/include/cat_messages/cat_messages/msg/detail/senser__rosidl_typesupport_introspection_c.h
[0.372s] -- Up-to-date symlink: /home/hamilton/souzou/install/cat_messages/include/cat_messages/cat_messages/msg/detail/vel__rosidl_typesupport_introspection_c.h
[0.372s] -- Up-to-date symlink: /home/hamilton/souzou/install/cat_messages/include/cat_messages/cat_messages/msg/rosidl_typesupport_introspection_c__visibility_control.h
[0.373s] -- Up-to-date symlink: /home/hamilton/souzou/install/cat_messages/include/cat_messages/cat_messages/msg/detail/joy_cat__builder.hpp
[0.373s] -- Up-to-date symlink: /home/hamilton/souzou/install/cat_messages/include/cat_messages/cat_messages/msg/detail/joy_cat__struct.hpp
[0.374s] -- Up-to-date symlink: /home/hamilton/souzou/install/cat_messages/include/cat_messages/cat_messages/msg/detail/joy_cat__traits.hpp
[0.374s] -- Up-to-date symlink: /home/hamilton/souzou/install/cat_messages/include/cat_messages/cat_messages/msg/detail/joy_cat__type_support.hpp
[0.374s] -- Up-to-date symlink: /home/hamilton/souzou/install/cat_messages/include/cat_messages/cat_messages/msg/detail/senser__builder.hpp
[0.374s] -- Up-to-date symlink: /home/hamilton/souzou/install/cat_messages/include/cat_messages/cat_messages/msg/detail/senser__struct.hpp
[0.374s] -- Up-to-date symlink: /home/hamilton/souzou/install/cat_messages/include/cat_messages/cat_messages/msg/detail/senser__traits.hpp
[0.374s] -- Up-to-date symlink: /home/hamilton/souzou/install/cat_messages/include/cat_messages/cat_messages/msg/detail/senser__type_support.hpp
[0.374s] -- Up-to-date symlink: /home/hamilton/souzou/install/cat_messages/include/cat_messages/cat_messages/msg/detail/vel__builder.hpp
[0.374s] -- Up-to-date symlink: /home/hamilton/souzou/install/cat_messages/include/cat_messages/cat_messages/msg/detail/vel__struct.hpp
[0.375s] -- Up-to-date symlink: /home/hamilton/souzou/install/cat_messages/include/cat_messages/cat_messages/msg/detail/vel__traits.hpp
[0.375s] -- Up-to-date symlink: /home/hamilton/souzou/install/cat_messages/include/cat_messages/cat_messages/msg/detail/vel__type_support.hpp
[0.375s] -- Up-to-date symlink: /home/hamilton/souzou/install/cat_messages/include/cat_messages/cat_messages/msg/joy_cat.hpp
[0.376s] -- Up-to-date symlink: /home/hamilton/souzou/install/cat_messages/include/cat_messages/cat_messages/msg/rosidl_generator_cpp__visibility_control.hpp
[0.376s] -- Up-to-date symlink: /home/hamilton/souzou/install/cat_messages/include/cat_messages/cat_messages/msg/senser.hpp
[0.376s] -- Up-to-date symlink: /home/hamilton/souzou/install/cat_messages/include/cat_messages/cat_messages/msg/vel.hpp
[0.377s] -- Up-to-date symlink: /home/hamilton/souzou/install/cat_messages/include/cat_messages/cat_messages/msg/detail/joy_cat__rosidl_typesupport_fastrtps_cpp.hpp
[0.377s] -- Up-to-date symlink: /home/hamilton/souzou/install/cat_messages/include/cat_messages/cat_messages/msg/detail/senser__rosidl_typesupport_fastrtps_cpp.hpp
[0.378s] -- Up-to-date symlink: /home/hamilton/souzou/install/cat_messages/include/cat_messages/cat_messages/msg/detail/vel__rosidl_typesupport_fastrtps_cpp.hpp
[0.378s] -- Up-to-date symlink: /home/hamilton/souzou/install/cat_messages/include/cat_messages/cat_messages/msg/rosidl_typesupport_fastrtps_cpp__visibility_control.h
[0.378s] -- Up-to-date symlink: /home/hamilton/souzou/install/cat_messages/include/cat_messages/cat_messages/msg/detail/joy_cat__rosidl_typesupport_introspection_cpp.hpp
[0.378s] -- Up-to-date symlink: /home/hamilton/souzou/install/cat_messages/include/cat_messages/cat_messages/msg/detail/senser__rosidl_typesupport_introspection_cpp.hpp
[0.379s] -- Up-to-date symlink: /home/hamilton/souzou/install/cat_messages/include/cat_messages/cat_messages/msg/detail/vel__rosidl_typesupport_introspection_cpp.hpp
[0.379s] -- Up-to-date symlink: /home/hamilton/souzou/install/cat_messages/share/cat_messages/environment/pythonpath.sh
[0.379s] -- Up-to-date symlink: /home/hamilton/souzou/install/cat_messages/share/cat_messages/environment/pythonpath.dsv
[0.380s] -- Up-to-date symlink: /home/hamilton/souzou/install/cat_messages/local/lib/python3.10/dist-packages/cat_messages-0.0.0-py3.10.egg-info/PKG-INFO
[0.380s] -- Up-to-date symlink: /home/hamilton/souzou/install/cat_messages/local/lib/python3.10/dist-packages/cat_messages-0.0.0-py3.10.egg-info/SOURCES.txt
[0.380s] -- Up-to-date symlink: /home/hamilton/souzou/install/cat_messages/local/lib/python3.10/dist-packages/cat_messages-0.0.0-py3.10.egg-info/dependency_links.txt
[0.380s] -- Up-to-date symlink: /home/hamilton/souzou/install/cat_messages/local/lib/python3.10/dist-packages/cat_messages-0.0.0-py3.10.egg-info/top_level.txt
[0.381s] -- Up-to-date symlink: /home/hamilton/souzou/install/cat_messages/local/lib/python3.10/dist-packages/cat_messages/__init__.py
[0.382s] -- Up-to-date symlink: /home/hamilton/souzou/install/cat_messages/local/lib/python3.10/dist-packages/cat_messages/_cat_messages_s.ep.rosidl_typesupport_c.c
[0.382s] -- Up-to-date symlink: /home/hamilton/souzou/install/cat_messages/local/lib/python3.10/dist-packages/cat_messages/_cat_messages_s.ep.rosidl_typesupport_fastrtps_c.c
[0.382s] -- Up-to-date symlink: /home/hamilton/souzou/install/cat_messages/local/lib/python3.10/dist-packages/cat_messages/_cat_messages_s.ep.rosidl_typesupport_introspection_c.c
[0.382s] -- Up-to-date symlink: /home/hamilton/souzou/install/cat_messages/local/lib/python3.10/dist-packages/cat_messages/cat_messages_s__rosidl_typesupport_c.cpython-310-x86_64-linux-gnu.so
[0.383s] -- Up-to-date symlink: /home/hamilton/souzou/install/cat_messages/local/lib/python3.10/dist-packages/cat_messages/cat_messages_s__rosidl_typesupport_fastrtps_c.cpython-310-x86_64-linux-gnu.so
[0.383s] -- Up-to-date symlink: /home/hamilton/souzou/install/cat_messages/local/lib/python3.10/dist-packages/cat_messages/cat_messages_s__rosidl_typesupport_introspection_c.cpython-310-x86_64-linux-gnu.so
[0.383s] -- Up-to-date symlink: /home/hamilton/souzou/install/cat_messages/local/lib/python3.10/dist-packages/cat_messages/libcat_messages__rosidl_generator_py.so
[0.383s] -- Up-to-date symlink: /home/hamilton/souzou/install/cat_messages/local/lib/python3.10/dist-packages/cat_messages/msg/__init__.py
[0.384s] -- Up-to-date symlink: /home/hamilton/souzou/install/cat_messages/local/lib/python3.10/dist-packages/cat_messages/msg/_joy_cat.py
[0.384s] -- Up-to-date symlink: /home/hamilton/souzou/install/cat_messages/local/lib/python3.10/dist-packages/cat_messages/msg/_joy_cat_s.c
[0.384s] -- Up-to-date symlink: /home/hamilton/souzou/install/cat_messages/local/lib/python3.10/dist-packages/cat_messages/msg/_senser.py
[0.385s] -- Up-to-date symlink: /home/hamilton/souzou/install/cat_messages/local/lib/python3.10/dist-packages/cat_messages/msg/_senser_s.c
[0.385s] -- Up-to-date symlink: /home/hamilton/souzou/install/cat_messages/local/lib/python3.10/dist-packages/cat_messages/msg/_vel.py
[0.385s] -- Up-to-date symlink: /home/hamilton/souzou/install/cat_messages/local/lib/python3.10/dist-packages/cat_messages/msg/_vel_s.c
[0.386s] -- Up-to-date symlink: /home/hamilton/souzou/install/cat_messages/local/lib/python3.10/dist-packages/cat_messages/cat_messages_s__rosidl_typesupport_fastrtps_c.cpython-310-x86_64-linux-gnu.so
[0.386s] -- Up-to-date symlink: /home/hamilton/souzou/install/cat_messages/local/lib/python3.10/dist-packages/cat_messages/cat_messages_s__rosidl_typesupport_introspection_c.cpython-310-x86_64-linux-gnu.so
[0.386s] -- Up-to-date symlink: /home/hamilton/souzou/install/cat_messages/local/lib/python3.10/dist-packages/cat_messages/cat_messages_s__rosidl_typesupport_c.cpython-310-x86_64-linux-gnu.so
[0.387s] -- Up-to-date symlink: /home/hamilton/souzou/install/cat_messages/share/cat_messages/msg/JoyCat.idl
[0.387s] -- Up-to-date symlink: /home/hamilton/souzou/install/cat_messages/share/cat_messages/msg/Senser.idl
[0.387s] -- Up-to-date symlink: /home/hamilton/souzou/install/cat_messages/share/cat_messages/msg/Vel.idl
[0.387s] -- Up-to-date symlink: /home/hamilton/souzou/install/cat_messages/share/cat_messages/msg/JoyCat.msg
[0.388s] -- Up-to-date symlink: /home/hamilton/souzou/install/cat_messages/share/cat_messages/msg/Senser.msg
[0.388s] -- Up-to-date symlink: /home/hamilton/souzou/install/cat_messages/share/cat_messages/msg/Vel.msg
[0.388s] -- Up-to-date symlink: /home/hamilton/souzou/install/cat_messages/share/ament_index/resource_index/package_run_dependencies/cat_messages
[0.389s] -- Up-to-date symlink: /home/hamilton/souzou/install/cat_messages/share/ament_index/resource_index/parent_prefix_path/cat_messages
[0.390s] -- Up-to-date symlink: /home/hamilton/souzou/install/cat_messages/share/cat_messages/environment/ament_prefix_path.sh
[0.390s] -- Up-to-date symlink: /home/hamilton/souzou/install/cat_messages/share/cat_messages/environment/ament_prefix_path.dsv
[0.390s] -- Up-to-date symlink: /home/hamilton/souzou/install/cat_messages/share/cat_messages/environment/path.sh
[0.390s] -- Up-to-date symlink: /home/hamilton/souzou/install/cat_messages/share/cat_messages/environment/path.dsv
[0.390s] -- Up-to-date symlink: /home/hamilton/souzou/install/cat_messages/share/cat_messages/local_setup.bash
[0.390s] -- Up-to-date symlink: /home/hamilton/souzou/install/cat_messages/share/cat_messages/local_setup.sh
[0.390s] -- Up-to-date symlink: /home/hamilton/souzou/install/cat_messages/share/cat_messages/local_setup.zsh
[0.390s] -- Up-to-date symlink: /home/hamilton/souzou/install/cat_messages/share/cat_messages/local_setup.dsv
[0.390s] -- Symlinking: /home/hamilton/souzou/install/cat_messages/share/cat_messages/package.dsv
[0.403s] -- Up-to-date symlink: /home/hamilton/souzou/install/cat_messages/share/ament_index/resource_index/packages/cat_messages
[0.403s] -- Up-to-date symlink: /home/hamilton/souzou/install/cat_messages/share/cat_messages/cmake/rosidl_cmake-extras.cmake
[0.403s] -- Up-to-date symlink: /home/hamilton/souzou/install/cat_messages/share/cat_messages/cmake/ament_cmake_export_include_directories-extras.cmake
[0.404s] -- Up-to-date symlink: /home/hamilton/souzou/install/cat_messages/share/cat_messages/cmake/ament_cmake_export_libraries-extras.cmake
[0.404s] -- Up-to-date symlink: /home/hamilton/souzou/install/cat_messages/share/cat_messages/cmake/ament_cmake_export_targets-extras.cmake
[0.405s] -- Up-to-date symlink: /home/hamilton/souzou/install/cat_messages/share/cat_messages/cmake/rosidl_cmake_export_typesupport_targets-extras.cmake
[0.405s] -- Up-to-date symlink: /home/hamilton/souzou/install/cat_messages/share/cat_messages/cmake/ament_cmake_export_dependencies-extras.cmake
[0.405s] -- Up-to-date symlink: /home/hamilton/souzou/install/cat_messages/share/cat_messages/cmake/rosidl_cmake_export_typesupport_libraries-extras.cmake
[0.405s] -- Up-to-date symlink: /home/hamilton/souzou/install/cat_messages/share/cat_messages/cmake/cat_messagesConfig.cmake
[0.406s] -- Up-to-date symlink: /home/hamilton/souzou/install/cat_messages/share/cat_messages/cmake/cat_messagesConfig-version.cmake
[0.406s] -- Up-to-date symlink: /home/hamilton/souzou/install/cat_messages/share/cat_messages/package.xml
[0.406s] -- Up-to-date: /home/hamilton/souzou/install/cat_messages/lib/libcat_messages__rosidl_generator_c.so
[0.407s] -- Up-to-date: /home/hamilton/souzou/install/cat_messages/lib/libcat_messages__rosidl_typesupport_fastrtps_c.so
[0.407s] -- Up-to-date: /home/hamilton/souzou/install/cat_messages/lib/libcat_messages__rosidl_typesupport_introspection_c.so
[0.407s] -- Up-to-date: /home/hamilton/souzou/install/cat_messages/lib/libcat_messages__rosidl_typesupport_c.so
[0.408s] -- Up-to-date: /home/hamilton/souzou/install/cat_messages/lib/libcat_messages__rosidl_typesupport_fastrtps_cpp.so
[0.408s] -- Up-to-date: /home/hamilton/souzou/install/cat_messages/lib/libcat_messages__rosidl_typesupport_introspection_cpp.so
[0.409s] -- Up-to-date: /home/hamilton/souzou/install/cat_messages/lib/libcat_messages__rosidl_typesupport_cpp.so
[0.441s] Listing '/home/hamilton/souzou/install/cat_messages/local/lib/python3.10/dist-packages/cat_messages'...
[0.441s] Listing '/home/hamilton/souzou/install/cat_messages/local/lib/python3.10/dist-packages/cat_messages/msg'...
[0.445s] -- Up-to-date: /home/hamilton/souzou/install/cat_messages/lib/libcat_messages__rosidl_generator_py.so
[0.445s] -- Up-to-date: /home/hamilton/souzou/install/cat_messages/share/cat_messages/cmake/export_cat_messages__rosidl_generator_cExport.cmake
[0.445s] -- Up-to-date: /home/hamilton/souzou/install/cat_messages/share/cat_messages/cmake/export_cat_messages__rosidl_generator_cExport-noconfig.cmake
[0.445s] -- Up-to-date: /home/hamilton/souzou/install/cat_messages/share/cat_messages/cmake/export_cat_messages__rosidl_typesupport_fastrtps_cExport.cmake
[0.445s] -- Up-to-date: /home/hamilton/souzou/install/cat_messages/share/cat_messages/cmake/export_cat_messages__rosidl_typesupport_fastrtps_cExport-noconfig.cmake
[0.445s] -- Up-to-date: /home/hamilton/souzou/install/cat_messages/share/cat_messages/cmake/cat_messages__rosidl_typesupport_introspection_cExport.cmake
[0.446s] -- Up-to-date: /home/hamilton/souzou/install/cat_messages/share/cat_messages/cmake/cat_messages__rosidl_typesupport_introspection_cExport-noconfig.cmake
[0.446s] -- Up-to-date: /home/hamilton/souzou/install/cat_messages/share/cat_messages/cmake/cat_messages__rosidl_typesupport_cExport.cmake
[0.446s] -- Up-to-date: /home/hamilton/souzou/install/cat_messages/share/cat_messages/cmake/cat_messages__rosidl_typesupport_cExport-noconfig.cmake
[0.446s] -- Up-to-date: /home/hamilton/souzou/install/cat_messages/share/cat_messages/cmake/export_cat_messages__rosidl_generator_cppExport.cmake
[0.446s] -- Up-to-date: /home/hamilton/souzou/install/cat_messages/share/cat_messages/cmake/export_cat_messages__rosidl_typesupport_fastrtps_cppExport.cmake
[0.446s] -- Up-to-date: /home/hamilton/souzou/install/cat_messages/share/cat_messages/cmake/export_cat_messages__rosidl_typesupport_fastrtps_cppExport-noconfig.cmake
[0.446s] -- Up-to-date: /home/hamilton/souzou/install/cat_messages/share/cat_messages/cmake/cat_messages__rosidl_typesupport_introspection_cppExport.cmake
[0.446s] -- Up-to-date: /home/hamilton/souzou/install/cat_messages/share/cat_messages/cmake/cat_messages__rosidl_typesupport_introspection_cppExport-noconfig.cmake
[0.446s] -- Up-to-date: /home/hamilton/souzou/install/cat_messages/share/cat_messages/cmake/cat_messages__rosidl_typesupport_cppExport.cmake
[0.446s] -- Up-to-date: /home/hamilton/souzou/install/cat_messages/share/cat_messages/cmake/cat_messages__rosidl_typesupport_cppExport-noconfig.cmake
[0.446s] -- Up-to-date: /home/hamilton/souzou/install/cat_messages/share/cat_messages/cmake/export_cat_messages__rosidl_generator_pyExport.cmake
[0.446s] -- Up-to-date: /home/hamilton/souzou/install/cat_messages/share/cat_messages/cmake/export_cat_messages__rosidl_generator_pyExport-noconfig.cmake
[0.449s] Invoked command in '/home/hamilton/souzou/build/cat_messages' returned '0': CMAKE_PREFIX_PATH=${CMAKE_PREFIX_PATH}:/home/hamilton/souzou/install/ros2_aruco:/home/hamilton/souzou/install/cat:/opt/ros/humble /usr/bin/cmake --install /home/hamilton/souzou/build/cat_messages
