[0.731s] Invoking command in '/home/hamilton/souzou/build/cat': AMENT_PREFIX_PATH=/home/hamilton/souzou/install/cat_messages:${AMENT_PREFIX_PATH} CMAKE_PREFIX_PATH=/home/hamilton/souzou/install/cat_messages LD_LIBRARY_PATH=/home/hamilton/souzou/install/cat_messages/lib:/usr/local/lib:/usr/local/cuda/lib64:/usr/lib/x86_64-linux-gnu/gazebo-11/plugins:/opt/ros/humble/opt/rviz_ogre_vendor/lib:/opt/ros/humble/lib/x86_64-linux-gnu:/opt/ros/humble/lib:/home/hamilton/miniconda3/envs/base/lib:/usr/share/gazebo/../../lib/x86_64-linux-gnu/gazebo-11/plugins:/usr/local/cuda/lib64 PYTHONPATH=/home/hamilton/souzou/build/cat/prefix_override:/usr/lib/python3/dist-packages/colcon_core/task/python/colcon_distutils_commands:/home/hamilton/souzou/install/cat/lib/python3.10/site-packages:/home/hamilton/souzou/install/cat_messages/local/lib/python3.10/dist-packages:${PYTHONPATH} /usr/bin/python3 -W ignore:setup.py install is deprecated -W ignore:easy_install command is deprecated setup.py develop --editable --build-directory /home/hamilton/souzou/build/cat/build --no-deps symlink_data
[0.869s] /home/hamilton/.local/lib/python3.10/site-packages/setuptools/_distutils/dist.py:261: UserWarning: Unknown distribution option: 'tests_require'
[0.869s]   warnings.warn(msg)
[1.055s] running develop
[1.309s] running egg_info
[1.327s] writing cat.egg-info/PKG-INFO
[1.327s] writing dependency_links to cat.egg-info/dependency_links.txt
[1.327s] writing entry points to cat.egg-info/entry_points.txt
[1.329s] writing requirements to cat.egg-info/requires.txt
[1.329s] writing top-level names to cat.egg-info/top_level.txt
[1.367s] reading manifest file 'cat.egg-info/SOURCES.txt'
[1.368s] writing manifest file 'cat.egg-info/SOURCES.txt'
[1.387s] running build_ext
[1.388s] Creating /home/hamilton/souzou/install/cat/lib/python3.10/site-packages/cat.egg-link (link to .)
[1.388s] Installing aruco_node_tf script to /home/hamilton/souzou/install/cat/lib/cat
[1.388s] Installing cam_node script to /home/hamilton/souzou/install/cat/lib/cat
[1.389s] Installing odom_test_node script to /home/hamilton/souzou/install/cat/lib/cat
[1.389s] Installing pc_controller script to /home/hamilton/souzou/install/cat/lib/cat
[1.389s] Installing ps4_controller_node script to /home/hamilton/souzou/install/cat/lib/cat
[1.389s] Installing ps4_joy_node script to /home/hamilton/souzou/install/cat/lib/cat
[1.389s] Installing state_machine script to /home/hamilton/souzou/install/cat/lib/cat
[1.389s] Installing tcp_receive_node script to /home/hamilton/souzou/install/cat/lib/cat
[1.389s] Installing tcp_send_node script to /home/hamilton/souzou/install/cat/lib/cat
[1.389s] Installing udp_receive_node script to /home/hamilton/souzou/install/cat/lib/cat
[1.389s] Installing udp_send_node script to /home/hamilton/souzou/install/cat/lib/cat
[1.390s] 
[1.390s] Installed /home/hamilton/souzou/build/cat
[1.390s] running symlink_data
[1.413s] Invoked command in '/home/hamilton/souzou/build/cat' returned '0': AMENT_PREFIX_PATH=/home/hamilton/souzou/install/cat_messages:${AMENT_PREFIX_PATH} CMAKE_PREFIX_PATH=/home/hamilton/souzou/install/cat_messages LD_LIBRARY_PATH=/home/hamilton/souzou/install/cat_messages/lib:/usr/local/lib:/usr/local/cuda/lib64:/usr/lib/x86_64-linux-gnu/gazebo-11/plugins:/opt/ros/humble/opt/rviz_ogre_vendor/lib:/opt/ros/humble/lib/x86_64-linux-gnu:/opt/ros/humble/lib:/home/hamilton/miniconda3/envs/base/lib:/usr/share/gazebo/../../lib/x86_64-linux-gnu/gazebo-11/plugins:/usr/local/cuda/lib64 PYTHONPATH=/home/hamilton/souzou/build/cat/prefix_override:/usr/lib/python3/dist-packages/colcon_core/task/python/colcon_distutils_commands:/home/hamilton/souzou/install/cat/lib/python3.10/site-packages:/home/hamilton/souzou/install/cat_messages/local/lib/python3.10/dist-packages:${PYTHONPATH} /usr/bin/python3 -W ignore:setup.py install is deprecated -W ignore:easy_install command is deprecated setup.py develop --editable --build-directory /home/hamilton/souzou/build/cat/build --no-deps symlink_data
