[0.616s] Invoking command in '/home/hamilton/souzou/build/cat': CMAKE_PREFIX_PATH=/home/hamilton/souzou/install/cat_messages:/home/hamilton/souzou/install/ros2_aruco_interfaces LD_LIBRARY_PATH=/home/hamilton/souzou/install/cat_messages/lib:/home/hamilton/souzou/install/ros2_aruco_interfaces/lib:/usr/lib/x86_64-linux-gnu/gazebo-11/plugins:/opt/ros/humble/opt/rviz_ogre_vendor/lib:/opt/ros/humble/lib/x86_64-linux-gnu:/opt/ros/humble/opt/openvdb_vendor/lib:/opt/ros/humble/lib:/home/hamilton/miniconda3/envs/base/lib:/usr/share/gazebo/../../lib/x86_64-linux-gnu/gazebo-11/plugins:/usr/share/gazebo/../../lib/x86_64-linux-gnu/gazebo-11/plugins PYTHONPATH=/home/hamilton/souzou/build/cat/prefix_override:/usr/lib/python3/dist-packages/colcon_core/task/python/colcon_distutils_commands:/home/hamilton/souzou/install/cat/lib/python3.10/site-packages:${PYTHONPATH} /usr/bin/python3 -W ignore:setup.py install is deprecated -W ignore:easy_install command is deprecated setup.py develop --editable --build-directory /home/hamilton/souzou/build/cat/build --no-deps symlink_data
[0.878s] running develop
[1.049s] running egg_info
[1.049s] writing cat.egg-info/PKG-INFO
[1.049s] writing dependency_links to cat.egg-info/dependency_links.txt
[1.049s] writing entry points to cat.egg-info/entry_points.txt
[1.051s] writing requirements to cat.egg-info/requires.txt
[1.052s] writing top-level names to cat.egg-info/top_level.txt
[1.054s] reading manifest file 'cat.egg-info/SOURCES.txt'
[1.055s] writing manifest file 'cat.egg-info/SOURCES.txt'
[1.057s] running build_ext
[1.057s] Creating /home/hamilton/souzou/install/cat/lib/python3.10/site-packages/cat.egg-link (link to .)
[1.058s] Installing aruco_node_tf script to /home/hamilton/souzou/install/cat/lib/cat
[1.058s] Installing cam_node script to /home/hamilton/souzou/install/cat/lib/cat
[1.058s] Installing odom_test_node script to /home/hamilton/souzou/install/cat/lib/cat
[1.058s] Installing pc_controller script to /home/hamilton/souzou/install/cat/lib/cat
[1.058s] Installing ps4_controller_node script to /home/hamilton/souzou/install/cat/lib/cat
[1.058s] Installing ps4_joy_node script to /home/hamilton/souzou/install/cat/lib/cat
[1.058s] Installing state_machine script to /home/hamilton/souzou/install/cat/lib/cat
[1.058s] Installing tcp_receive_node script to /home/hamilton/souzou/install/cat/lib/cat
[1.058s] Installing tcp_send_node script to /home/hamilton/souzou/install/cat/lib/cat
[1.058s] Installing udp_receive_node script to /home/hamilton/souzou/install/cat/lib/cat
[1.059s] Installing udp_send_node script to /home/hamilton/souzou/install/cat/lib/cat
[1.059s] 
[1.059s] Installed /home/hamilton/souzou/build/cat
[1.059s] running symlink_data
[1.093s] Invoked command in '/home/hamilton/souzou/build/cat' returned '0': CMAKE_PREFIX_PATH=/home/hamilton/souzou/install/cat_messages:/home/hamilton/souzou/install/ros2_aruco_interfaces LD_LIBRARY_PATH=/home/hamilton/souzou/install/cat_messages/lib:/home/hamilton/souzou/install/ros2_aruco_interfaces/lib:/usr/lib/x86_64-linux-gnu/gazebo-11/plugins:/opt/ros/humble/opt/rviz_ogre_vendor/lib:/opt/ros/humble/lib/x86_64-linux-gnu:/opt/ros/humble/opt/openvdb_vendor/lib:/opt/ros/humble/lib:/home/hamilton/miniconda3/envs/base/lib:/usr/share/gazebo/../../lib/x86_64-linux-gnu/gazebo-11/plugins:/usr/share/gazebo/../../lib/x86_64-linux-gnu/gazebo-11/plugins PYTHONPATH=/home/hamilton/souzou/build/cat/prefix_override:/usr/lib/python3/dist-packages/colcon_core/task/python/colcon_distutils_commands:/home/hamilton/souzou/install/cat/lib/python3.10/site-packages:${PYTHONPATH} /usr/bin/python3 -W ignore:setup.py install is deprecated -W ignore:easy_install command is deprecated setup.py develop --editable --build-directory /home/hamilton/souzou/build/cat/build --no-deps symlink_data
