[0.797s] Invoking command in '/home/takumi/souzoukougaku14/src/cat': PYTHONPATH=/home/takumi/souzoukougaku14/src/build/cat/prefix_override:/usr/lib/python3/dist-packages/colcon_core/task/python/colcon_distutils_commands:/home/takumi/souzoukougaku14/src/install/cat/lib/python3.10/site-packages:${PYTHONPATH} /usr/bin/python3 -W ignore:setup.py install is deprecated setup.py egg_info --egg-base ../build/cat build --build-base /home/takumi/souzoukougaku14/src/build/cat/build install --record /home/takumi/souzoukougaku14/src/build/cat/install.log --single-version-externally-managed install_data
[0.967s] running egg_info
[0.968s] writing ../build/cat/cat.egg-info/PKG-INFO
[0.968s] writing dependency_links to ../build/cat/cat.egg-info/dependency_links.txt
[0.968s] writing entry points to ../build/cat/cat.egg-info/entry_points.txt
[0.969s] writing requirements to ../build/cat/cat.egg-info/requires.txt
[0.969s] writing top-level names to ../build/cat/cat.egg-info/top_level.txt
[0.970s] reading manifest file '../build/cat/cat.egg-info/SOURCES.txt'
[0.971s] writing manifest file '../build/cat/cat.egg-info/SOURCES.txt'
[0.971s] running build
[0.972s] running build_py
[0.972s] copying cat/state_machine.py -> /home/takumi/souzoukougaku14/src/build/cat/build/lib/cat
[0.972s] copying cat/udp_send_node.py -> /home/takumi/souzoukougaku14/src/build/cat/build/lib/cat
[0.972s] running install
[0.973s] running install_lib
[0.974s] copying /home/takumi/souzoukougaku14/src/build/cat/build/lib/cat/state_machine.py -> /home/takumi/souzoukougaku14/src/install/cat/lib/python3.10/site-packages/cat
[0.975s] copying /home/takumi/souzoukougaku14/src/build/cat/build/lib/cat/udp_send_node.py -> /home/takumi/souzoukougaku14/src/install/cat/lib/python3.10/site-packages/cat
[0.975s] byte-compiling /home/takumi/souzoukougaku14/src/install/cat/lib/python3.10/site-packages/cat/state_machine.py to state_machine.cpython-310.pyc
[0.978s] byte-compiling /home/takumi/souzoukougaku14/src/install/cat/lib/python3.10/site-packages/cat/udp_send_node.py to udp_send_node.cpython-310.pyc
[0.979s] running install_data
[0.979s] running install_egg_info
[0.980s] removing '/home/takumi/souzoukougaku14/src/install/cat/lib/python3.10/site-packages/cat-0.0.0-py3.10.egg-info' (and everything under it)
[0.981s] Copying ../build/cat/cat.egg-info to /home/takumi/souzoukougaku14/src/install/cat/lib/python3.10/site-packages/cat-0.0.0-py3.10.egg-info
[0.983s] running install_scripts
[0.998s] Installing odom_test_node script to /home/takumi/souzoukougaku14/src/install/cat/lib/cat
[0.998s] Installing pc_controller script to /home/takumi/souzoukougaku14/src/install/cat/lib/cat
[0.998s] Installing ps4_joy_node script to /home/takumi/souzoukougaku14/src/install/cat/lib/cat
[0.998s] Installing state_machine script to /home/takumi/souzoukougaku14/src/install/cat/lib/cat
[0.998s] Installing tcp_receive_node script to /home/takumi/souzoukougaku14/src/install/cat/lib/cat
[0.999s] Installing tcp_send_node script to /home/takumi/souzoukougaku14/src/install/cat/lib/cat
[0.999s] Installing udp_receive_node script to /home/takumi/souzoukougaku14/src/install/cat/lib/cat
[1.000s] Installing udp_send_node script to /home/takumi/souzoukougaku14/src/install/cat/lib/cat
[1.000s] writing list of installed files to '/home/takumi/souzoukougaku14/src/build/cat/install.log'
[1.020s] Invoked command in '/home/takumi/souzoukougaku14/src/cat' returned '0': PYTHONPATH=/home/takumi/souzoukougaku14/src/build/cat/prefix_override:/usr/lib/python3/dist-packages/colcon_core/task/python/colcon_distutils_commands:/home/takumi/souzoukougaku14/src/install/cat/lib/python3.10/site-packages:${PYTHONPATH} /usr/bin/python3 -W ignore:setup.py install is deprecated setup.py egg_info --egg-base ../build/cat build --build-base /home/takumi/souzoukougaku14/src/build/cat/build install --record /home/takumi/souzoukougaku14/src/build/cat/install.log --single-version-externally-managed install_data
