[0.678s] DEBUG:colcon:Command line arguments: ['/usr/bin/colcon', 'build']
[0.678s] DEBUG:colcon:Parsed command line arguments: Namespace(log_base=None, log_level=None, verb_name='build', build_base='build', install_base='install', merge_install=False, symlink_install=False, test_result_base=None, continue_on_error=False, executor='parallel', parallel_workers=8, event_handlers=None, ignore_user_meta=False, metas=['./colcon.meta'], base_paths=['.'], packages_ignore=None, packages_ignore_regex=None, paths=None, packages_up_to=None, packages_up_to_regex=None, packages_above=None, packages_above_and_dependencies=None, packages_above_depth=None, packages_select_by_dep=None, packages_skip_by_dep=None, packages_skip_up_to=None, packages_select_build_failed=False, packages_skip_build_finished=False, packages_select_test_failures=False, packages_skip_test_passed=False, packages_select=None, packages_skip=None, packages_select_regex=None, packages_skip_regex=None, packages_start=None, packages_end=None, allow_overriding=[], cmake_args=None, cmake_target=None, cmake_target_skip_unavailable=False, cmake_clean_cache=False, cmake_clean_first=False, cmake_force_configure=False, ament_cmake_args=None, catkin_cmake_args=None, catkin_skip_building_tests=False, mixin_files=None, mixin=None, verb_parser=<colcon_mixin.mixin.mixin_argument.MixinArgumentDecorator object at 0x716b8803baf0>, verb_extension=<colcon_core.verb.build.BuildVerb object at 0x716b8803b670>, main=<bound method BuildVerb.main of <colcon_core.verb.build.BuildVerb object at 0x716b8803b670>>, mixin_verb=('build',))
[1.381s] Level 1:colcon.colcon_core.package_discovery:discover_packages(colcon_meta) check parameters
[1.381s] Level 1:colcon.colcon_core.package_discovery:discover_packages(recursive) check parameters
[1.381s] Level 1:colcon.colcon_core.package_discovery:discover_packages(ignore) check parameters
[1.381s] Level 1:colcon.colcon_core.package_discovery:discover_packages(path) check parameters
[1.381s] Level 1:colcon.colcon_core.package_discovery:discover_packages(colcon_meta) discover
[1.381s] Level 1:colcon.colcon_core.package_discovery:discover_packages(recursive) discover
[1.381s] INFO:colcon.colcon_core.package_discovery:Crawling recursively for packages in '/home/takumi/souzoukougaku14/src'
[1.382s] Level 1:colcon.colcon_core.package_identification:_identify(.) by extensions ['ignore', 'ignore_ament_install']
[1.382s] Level 1:colcon.colcon_core.package_identification:_identify(.) by extension 'ignore'
[1.382s] Level 1:colcon.colcon_core.package_identification:_identify(.) by extension 'ignore_ament_install'
[1.382s] Level 1:colcon.colcon_core.package_identification:_identify(.) by extensions ['colcon_pkg']
[1.382s] Level 1:colcon.colcon_core.package_identification:_identify(.) by extension 'colcon_pkg'
[1.383s] Level 1:colcon.colcon_core.package_identification:_identify(.) by extensions ['colcon_meta']
[1.383s] Level 1:colcon.colcon_core.package_identification:_identify(.) by extension 'colcon_meta'
[1.383s] Level 1:colcon.colcon_core.package_identification:_identify(.) by extensions ['ros']
[1.383s] Level 1:colcon.colcon_core.package_identification:_identify(.) by extension 'ros'
[1.419s] Level 1:colcon.colcon_core.package_identification:_identify(.) by extensions ['cmake', 'python']
[1.420s] Level 1:colcon.colcon_core.package_identification:_identify(.) by extension 'cmake'
[1.420s] Level 1:colcon.colcon_core.package_identification:_identify(.) by extension 'python'
[1.420s] Level 1:colcon.colcon_core.package_identification:_identify(.) by extensions ['python_setup_py']
[1.421s] Level 1:colcon.colcon_core.package_identification:_identify(.) by extension 'python_setup_py'
[1.422s] Level 1:colcon.colcon_core.package_identification:_identify(build) by extensions ['ignore', 'ignore_ament_install']
[1.422s] Level 1:colcon.colcon_core.package_identification:_identify(build) by extension 'ignore'
[1.423s] Level 1:colcon.colcon_core.package_identification:_identify(build) ignored
[1.423s] Level 1:colcon.colcon_core.package_identification:_identify(cat) by extensions ['ignore', 'ignore_ament_install']
[1.423s] Level 1:colcon.colcon_core.package_identification:_identify(cat) by extension 'ignore'
[1.423s] Level 1:colcon.colcon_core.package_identification:_identify(cat) by extension 'ignore_ament_install'
[1.424s] Level 1:colcon.colcon_core.package_identification:_identify(cat) by extensions ['colcon_pkg']
[1.424s] Level 1:colcon.colcon_core.package_identification:_identify(cat) by extension 'colcon_pkg'
[1.424s] Level 1:colcon.colcon_core.package_identification:_identify(cat) by extensions ['colcon_meta']
[1.424s] Level 1:colcon.colcon_core.package_identification:_identify(cat) by extension 'colcon_meta'
[1.424s] Level 1:colcon.colcon_core.package_identification:_identify(cat) by extensions ['ros']
[1.424s] Level 1:colcon.colcon_core.package_identification:_identify(cat) by extension 'ros'
[1.432s] DEBUG:colcon.colcon_core.package_identification:Package 'cat' with type 'ros.ament_python' and name 'cat'
[1.433s] Level 1:colcon.colcon_core.package_identification:_identify(cat_messages) by extensions ['ignore', 'ignore_ament_install']
[1.433s] Level 1:colcon.colcon_core.package_identification:_identify(cat_messages) by extension 'ignore'
[1.433s] Level 1:colcon.colcon_core.package_identification:_identify(cat_messages) by extension 'ignore_ament_install'
[1.433s] Level 1:colcon.colcon_core.package_identification:_identify(cat_messages) by extensions ['colcon_pkg']
[1.433s] Level 1:colcon.colcon_core.package_identification:_identify(cat_messages) by extension 'colcon_pkg'
[1.433s] Level 1:colcon.colcon_core.package_identification:_identify(cat_messages) by extensions ['colcon_meta']
[1.433s] Level 1:colcon.colcon_core.package_identification:_identify(cat_messages) by extension 'colcon_meta'
[1.433s] Level 1:colcon.colcon_core.package_identification:_identify(cat_messages) by extensions ['ros']
[1.433s] Level 1:colcon.colcon_core.package_identification:_identify(cat_messages) by extension 'ros'
[1.436s] DEBUG:colcon.colcon_core.package_identification:Package 'cat_messages' with type 'ros.ament_cmake' and name 'cat_messages'
[1.436s] Level 1:colcon.colcon_core.package_identification:_identify(install) by extensions ['ignore', 'ignore_ament_install']
[1.436s] Level 1:colcon.colcon_core.package_identification:_identify(install) by extension 'ignore'
[1.436s] Level 1:colcon.colcon_core.package_identification:_identify(install) ignored
[1.437s] Level 1:colcon.colcon_core.package_identification:_identify(launch) by extensions ['ignore', 'ignore_ament_install']
[1.437s] Level 1:colcon.colcon_core.package_identification:_identify(launch) by extension 'ignore'
[1.437s] Level 1:colcon.colcon_core.package_identification:_identify(launch) by extension 'ignore_ament_install'
[1.437s] Level 1:colcon.colcon_core.package_identification:_identify(launch) by extensions ['colcon_pkg']
[1.437s] Level 1:colcon.colcon_core.package_identification:_identify(launch) by extension 'colcon_pkg'
[1.437s] Level 1:colcon.colcon_core.package_identification:_identify(launch) by extensions ['colcon_meta']
[1.437s] Level 1:colcon.colcon_core.package_identification:_identify(launch) by extension 'colcon_meta'
[1.437s] Level 1:colcon.colcon_core.package_identification:_identify(launch) by extensions ['ros']
[1.437s] Level 1:colcon.colcon_core.package_identification:_identify(launch) by extension 'ros'
[1.437s] Level 1:colcon.colcon_core.package_identification:_identify(launch) by extensions ['cmake', 'python']
[1.437s] Level 1:colcon.colcon_core.package_identification:_identify(launch) by extension 'cmake'
[1.437s] Level 1:colcon.colcon_core.package_identification:_identify(launch) by extension 'python'
[1.438s] Level 1:colcon.colcon_core.package_identification:_identify(launch) by extensions ['python_setup_py']
[1.438s] Level 1:colcon.colcon_core.package_identification:_identify(launch) by extension 'python_setup_py'
[1.438s] Level 1:colcon.colcon_core.package_identification:_identify(launch/__pycache__) by extensions ['ignore', 'ignore_ament_install']
[1.438s] Level 1:colcon.colcon_core.package_identification:_identify(launch/__pycache__) by extension 'ignore'
[1.438s] Level 1:colcon.colcon_core.package_identification:_identify(launch/__pycache__) by extension 'ignore_ament_install'
[1.439s] Level 1:colcon.colcon_core.package_identification:_identify(launch/__pycache__) by extensions ['colcon_pkg']
[1.439s] Level 1:colcon.colcon_core.package_identification:_identify(launch/__pycache__) by extension 'colcon_pkg'
[1.439s] Level 1:colcon.colcon_core.package_identification:_identify(launch/__pycache__) by extensions ['colcon_meta']
[1.439s] Level 1:colcon.colcon_core.package_identification:_identify(launch/__pycache__) by extension 'colcon_meta'
[1.439s] Level 1:colcon.colcon_core.package_identification:_identify(launch/__pycache__) by extensions ['ros']
[1.439s] Level 1:colcon.colcon_core.package_identification:_identify(launch/__pycache__) by extension 'ros'
[1.439s] Level 1:colcon.colcon_core.package_identification:_identify(launch/__pycache__) by extensions ['cmake', 'python']
[1.439s] Level 1:colcon.colcon_core.package_identification:_identify(launch/__pycache__) by extension 'cmake'
[1.439s] Level 1:colcon.colcon_core.package_identification:_identify(launch/__pycache__) by extension 'python'
[1.439s] Level 1:colcon.colcon_core.package_identification:_identify(launch/__pycache__) by extensions ['python_setup_py']
[1.439s] Level 1:colcon.colcon_core.package_identification:_identify(launch/__pycache__) by extension 'python_setup_py'
[1.440s] Level 1:colcon.colcon_core.package_identification:_identify(log) by extensions ['ignore', 'ignore_ament_install']
[1.440s] Level 1:colcon.colcon_core.package_identification:_identify(log) by extension 'ignore'
[1.440s] Level 1:colcon.colcon_core.package_identification:_identify(log) ignored
[1.440s] Level 1:colcon.colcon_core.package_discovery:discover_packages(recursive) using defaults
[1.440s] Level 1:colcon.colcon_core.package_discovery:discover_packages(ignore) discover
[1.440s] Level 1:colcon.colcon_core.package_discovery:discover_packages(ignore) using defaults
[1.440s] Level 1:colcon.colcon_core.package_discovery:discover_packages(path) discover
[1.440s] Level 1:colcon.colcon_core.package_discovery:discover_packages(path) using defaults
[1.548s] Level 1:colcon.colcon_core.package_discovery:discover_packages(prefix_path) check parameters
[1.548s] Level 1:colcon.colcon_core.package_discovery:discover_packages(prefix_path) discover
[1.556s] DEBUG:colcon.colcon_installed_package_information.package_discovery:Found 2 installed packages in /home/takumi/souzoukougaku14/src/install
[1.562s] DEBUG:colcon.colcon_installed_package_information.package_discovery:Found 418 installed packages in /opt/ros/humble
[1.568s] Level 1:colcon.colcon_core.package_discovery:discover_packages(prefix_path) using defaults
[1.752s] Level 5:colcon.colcon_core.verb:set package 'cat_messages' build argument 'cmake_args' from command line to 'None'
[1.752s] Level 5:colcon.colcon_core.verb:set package 'cat_messages' build argument 'cmake_target' from command line to 'None'
[1.752s] Level 5:colcon.colcon_core.verb:set package 'cat_messages' build argument 'cmake_target_skip_unavailable' from command line to 'False'
[1.752s] Level 5:colcon.colcon_core.verb:set package 'cat_messages' build argument 'cmake_clean_cache' from command line to 'False'
[1.752s] Level 5:colcon.colcon_core.verb:set package 'cat_messages' build argument 'cmake_clean_first' from command line to 'False'
[1.752s] Level 5:colcon.colcon_core.verb:set package 'cat_messages' build argument 'cmake_force_configure' from command line to 'False'
[1.752s] Level 5:colcon.colcon_core.verb:set package 'cat_messages' build argument 'ament_cmake_args' from command line to 'None'
[1.752s] Level 5:colcon.colcon_core.verb:set package 'cat_messages' build argument 'catkin_cmake_args' from command line to 'None'
[1.752s] Level 5:colcon.colcon_core.verb:set package 'cat_messages' build argument 'catkin_skip_building_tests' from command line to 'False'
[1.752s] DEBUG:colcon.colcon_core.verb:Building package 'cat_messages' with the following arguments: {'ament_cmake_args': None, 'build_base': '/home/takumi/souzoukougaku14/src/build/cat_messages', 'catkin_cmake_args': None, 'catkin_skip_building_tests': False, 'cmake_args': None, 'cmake_clean_cache': False, 'cmake_clean_first': False, 'cmake_force_configure': False, 'cmake_target': None, 'cmake_target_skip_unavailable': False, 'install_base': '/home/takumi/souzoukougaku14/src/install/cat_messages', 'merge_install': False, 'path': '/home/takumi/souzoukougaku14/src/cat_messages', 'symlink_install': False, 'test_result_base': None}
[1.753s] Level 5:colcon.colcon_core.verb:set package 'cat' build argument 'cmake_args' from command line to 'None'
[1.753s] Level 5:colcon.colcon_core.verb:set package 'cat' build argument 'cmake_target' from command line to 'None'
[1.753s] Level 5:colcon.colcon_core.verb:set package 'cat' build argument 'cmake_target_skip_unavailable' from command line to 'False'
[1.753s] Level 5:colcon.colcon_core.verb:set package 'cat' build argument 'cmake_clean_cache' from command line to 'False'
[1.753s] Level 5:colcon.colcon_core.verb:set package 'cat' build argument 'cmake_clean_first' from command line to 'False'
[1.753s] Level 5:colcon.colcon_core.verb:set package 'cat' build argument 'cmake_force_configure' from command line to 'False'
[1.753s] Level 5:colcon.colcon_core.verb:set package 'cat' build argument 'ament_cmake_args' from command line to 'None'
[1.753s] Level 5:colcon.colcon_core.verb:set package 'cat' build argument 'catkin_cmake_args' from command line to 'None'
[1.753s] Level 5:colcon.colcon_core.verb:set package 'cat' build argument 'catkin_skip_building_tests' from command line to 'False'
[1.753s] DEBUG:colcon.colcon_core.verb:Building package 'cat' with the following arguments: {'ament_cmake_args': None, 'build_base': '/home/takumi/souzoukougaku14/src/build/cat', 'catkin_cmake_args': None, 'catkin_skip_building_tests': False, 'cmake_args': None, 'cmake_clean_cache': False, 'cmake_clean_first': False, 'cmake_force_configure': False, 'cmake_target': None, 'cmake_target_skip_unavailable': False, 'install_base': '/home/takumi/souzoukougaku14/src/install/cat', 'merge_install': False, 'path': '/home/takumi/souzoukougaku14/src/cat', 'symlink_install': False, 'test_result_base': None}
[1.754s] INFO:colcon.colcon_core.executor:Executing jobs using 'parallel' executor
[1.756s] DEBUG:colcon.colcon_parallel_executor.executor.parallel:run_until_complete
[1.759s] INFO:colcon.colcon_ros.task.ament_cmake.build:Building ROS package in '/home/takumi/souzoukougaku14/src/cat_messages' with build type 'ament_cmake'
[1.760s] INFO:colcon.colcon_cmake.task.cmake.build:Building CMake package in '/home/takumi/souzoukougaku14/src/cat_messages'
[1.771s] INFO:colcon.colcon_core.plugin_system:Skipping extension 'colcon_core.shell.bat': Not used on non-Windows systems
[1.772s] INFO:colcon.colcon_core.shell:Skip shell extension 'powershell' for command environment: Not usable outside of PowerShell
[1.772s] DEBUG:colcon.colcon_core.shell:Skip shell extension 'dsv' for command environment
[1.812s] DEBUG:colcon.colcon_core.event_handler.log_command:Invoking command in '/home/takumi/souzoukougaku14/src/build/cat_messages': CMAKE_PREFIX_PATH=${CMAKE_PREFIX_PATH}:/home/takumi/souzoukougaku14/src/install/cat:/opt/ros/humble /usr/bin/cmake --build /home/takumi/souzoukougaku14/src/build/cat_messages -- -j8 -l8
[2.924s] DEBUG:colcon.colcon_core.event_handler.log_command:Invoked command in '/home/takumi/souzoukougaku14/src/build/cat_messages' returned '0': CMAKE_PREFIX_PATH=${CMAKE_PREFIX_PATH}:/home/takumi/souzoukougaku14/src/install/cat:/opt/ros/humble /usr/bin/cmake --build /home/takumi/souzoukougaku14/src/build/cat_messages -- -j8 -l8
[3.314s] DEBUG:colcon.colcon_core.event_handler.log_command:Invoking command in '/home/takumi/souzoukougaku14/src/build/cat_messages': CMAKE_PREFIX_PATH=${CMAKE_PREFIX_PATH}:/home/takumi/souzoukougaku14/src/install/cat:/opt/ros/humble /usr/bin/cmake --install /home/takumi/souzoukougaku14/src/build/cat_messages
[3.494s] Level 1:colcon.colcon_core.environment:create_environment_scripts_only(cat_messages)
[3.494s] DEBUG:colcon.colcon_core.event_handler.log_command:Invoked command in '/home/takumi/souzoukougaku14/src/build/cat_messages' returned '0': CMAKE_PREFIX_PATH=${CMAKE_PREFIX_PATH}:/home/takumi/souzoukougaku14/src/install/cat:/opt/ros/humble /usr/bin/cmake --install /home/takumi/souzoukougaku14/src/build/cat_messages
[3.505s] Level 1:colcon.colcon_core.environment:checking '/home/takumi/souzoukougaku14/src/install/cat_messages' for CMake module files
[3.506s] Level 1:colcon.colcon_core.environment:checking '/home/takumi/souzoukougaku14/src/install/cat_messages' for CMake config files
[3.510s] Level 1:colcon.colcon_core.shell:create_environment_hook('cat_messages', 'cmake_prefix_path')
[3.511s] INFO:colcon.colcon_core.shell:Creating environment hook '/home/takumi/souzoukougaku14/src/install/cat_messages/share/cat_messages/hook/cmake_prefix_path.ps1'
[3.513s] INFO:colcon.colcon_core.shell:Creating environment descriptor '/home/takumi/souzoukougaku14/src/install/cat_messages/share/cat_messages/hook/cmake_prefix_path.dsv'
[3.514s] INFO:colcon.colcon_core.shell:Creating environment hook '/home/takumi/souzoukougaku14/src/install/cat_messages/share/cat_messages/hook/cmake_prefix_path.sh'
[3.516s] Level 1:colcon.colcon_core.environment:checking '/home/takumi/souzoukougaku14/src/install/cat_messages/lib'
[3.517s] Level 1:colcon.colcon_core.shell:create_environment_hook('cat_messages', 'ld_library_path_lib')
[3.518s] INFO:colcon.colcon_core.shell:Creating environment hook '/home/takumi/souzoukougaku14/src/install/cat_messages/share/cat_messages/hook/ld_library_path_lib.ps1'
[3.519s] INFO:colcon.colcon_core.shell:Creating environment descriptor '/home/takumi/souzoukougaku14/src/install/cat_messages/share/cat_messages/hook/ld_library_path_lib.dsv'
[3.520s] INFO:colcon.colcon_core.shell:Creating environment hook '/home/takumi/souzoukougaku14/src/install/cat_messages/share/cat_messages/hook/ld_library_path_lib.sh'
[3.521s] Level 1:colcon.colcon_core.environment:checking '/home/takumi/souzoukougaku14/src/install/cat_messages/bin'
[3.521s] Level 1:colcon.colcon_core.environment:checking '/home/takumi/souzoukougaku14/src/install/cat_messages/lib/pkgconfig/cat_messages.pc'
[3.521s] Level 1:colcon.colcon_core.environment:checking '/home/takumi/souzoukougaku14/src/install/cat_messages/lib/python3.10/site-packages'
[3.522s] Level 1:colcon.colcon_core.environment:checking '/home/takumi/souzoukougaku14/src/install/cat_messages/bin'
[3.523s] INFO:colcon.colcon_core.shell:Creating package script '/home/takumi/souzoukougaku14/src/install/cat_messages/share/cat_messages/package.ps1'
[3.525s] INFO:colcon.colcon_core.shell:Creating package descriptor '/home/takumi/souzoukougaku14/src/install/cat_messages/share/cat_messages/package.dsv'
[3.526s] INFO:colcon.colcon_core.shell:Creating package script '/home/takumi/souzoukougaku14/src/install/cat_messages/share/cat_messages/package.sh'
[3.528s] INFO:colcon.colcon_core.shell:Creating package script '/home/takumi/souzoukougaku14/src/install/cat_messages/share/cat_messages/package.bash'
[3.530s] INFO:colcon.colcon_core.shell:Creating package script '/home/takumi/souzoukougaku14/src/install/cat_messages/share/cat_messages/package.zsh'
[3.531s] Level 1:colcon.colcon_core.environment:create_file_with_runtime_dependencies(/home/takumi/souzoukougaku14/src/install/cat_messages/share/colcon-core/packages/cat_messages)
[3.820s] Level 1:colcon.colcon_core.environment:create_environment_scripts_only(cat_messages)
[3.820s] Level 1:colcon.colcon_core.environment:checking '/home/takumi/souzoukougaku14/src/install/cat_messages' for CMake module files
[3.822s] Level 1:colcon.colcon_core.environment:checking '/home/takumi/souzoukougaku14/src/install/cat_messages' for CMake config files
[3.826s] Level 1:colcon.colcon_core.shell:create_environment_hook('cat_messages', 'cmake_prefix_path')
[3.828s] INFO:colcon.colcon_core.shell:Creating environment hook '/home/takumi/souzoukougaku14/src/install/cat_messages/share/cat_messages/hook/cmake_prefix_path.ps1'
[3.830s] INFO:colcon.colcon_core.shell:Creating environment descriptor '/home/takumi/souzoukougaku14/src/install/cat_messages/share/cat_messages/hook/cmake_prefix_path.dsv'
[3.831s] INFO:colcon.colcon_core.shell:Creating environment hook '/home/takumi/souzoukougaku14/src/install/cat_messages/share/cat_messages/hook/cmake_prefix_path.sh'
[3.832s] Level 1:colcon.colcon_core.environment:checking '/home/takumi/souzoukougaku14/src/install/cat_messages/lib'
[3.832s] Level 1:colcon.colcon_core.shell:create_environment_hook('cat_messages', 'ld_library_path_lib')
[3.833s] INFO:colcon.colcon_core.shell:Creating environment hook '/home/takumi/souzoukougaku14/src/install/cat_messages/share/cat_messages/hook/ld_library_path_lib.ps1'
[3.834s] INFO:colcon.colcon_core.shell:Creating environment descriptor '/home/takumi/souzoukougaku14/src/install/cat_messages/share/cat_messages/hook/ld_library_path_lib.dsv'
[3.836s] INFO:colcon.colcon_core.shell:Creating environment hook '/home/takumi/souzoukougaku14/src/install/cat_messages/share/cat_messages/hook/ld_library_path_lib.sh'
[3.841s] Level 1:colcon.colcon_core.environment:checking '/home/takumi/souzoukougaku14/src/install/cat_messages/bin'
[3.842s] Level 1:colcon.colcon_core.environment:checking '/home/takumi/souzoukougaku14/src/install/cat_messages/lib/pkgconfig/cat_messages.pc'
[3.843s] Level 1:colcon.colcon_core.environment:checking '/home/takumi/souzoukougaku14/src/install/cat_messages/lib/python3.10/site-packages'
[3.845s] Level 1:colcon.colcon_core.environment:checking '/home/takumi/souzoukougaku14/src/install/cat_messages/bin'
[3.846s] INFO:colcon.colcon_core.shell:Creating package script '/home/takumi/souzoukougaku14/src/install/cat_messages/share/cat_messages/package.ps1'
[3.847s] INFO:colcon.colcon_core.shell:Creating package descriptor '/home/takumi/souzoukougaku14/src/install/cat_messages/share/cat_messages/package.dsv'
[3.848s] INFO:colcon.colcon_core.shell:Creating package script '/home/takumi/souzoukougaku14/src/install/cat_messages/share/cat_messages/package.sh'
[3.850s] INFO:colcon.colcon_core.shell:Creating package script '/home/takumi/souzoukougaku14/src/install/cat_messages/share/cat_messages/package.bash'
[3.851s] INFO:colcon.colcon_core.shell:Creating package script '/home/takumi/souzoukougaku14/src/install/cat_messages/share/cat_messages/package.zsh'
[3.852s] Level 1:colcon.colcon_core.environment:create_file_with_runtime_dependencies(/home/takumi/souzoukougaku14/src/install/cat_messages/share/colcon-core/packages/cat_messages)
[3.856s] INFO:colcon.colcon_ros.task.ament_python.build:Building ROS package in '/home/takumi/souzoukougaku14/src/cat' with build type 'ament_python'
[3.858s] Level 1:colcon.colcon_core.shell:create_environment_hook('cat', 'ament_prefix_path')
[3.859s] INFO:colcon.colcon_core.shell:Creating environment hook '/home/takumi/souzoukougaku14/src/install/cat/share/cat/hook/ament_prefix_path.ps1'
[3.865s] INFO:colcon.colcon_core.shell:Creating environment descriptor '/home/takumi/souzoukougaku14/src/install/cat/share/cat/hook/ament_prefix_path.dsv'
[3.866s] INFO:colcon.colcon_core.shell:Creating environment hook '/home/takumi/souzoukougaku14/src/install/cat/share/cat/hook/ament_prefix_path.sh'
[3.867s] INFO:colcon.colcon_core.shell:Skip shell extension 'powershell' for command environment: Not usable outside of PowerShell
[3.868s] DEBUG:colcon.colcon_core.shell:Skip shell extension 'dsv' for command environment
[4.793s] INFO:colcon.colcon_core.task.python.build:Building Python package in '/home/takumi/souzoukougaku14/src/cat'
[4.794s] INFO:colcon.colcon_core.shell:Skip shell extension 'powershell' for command environment: Not usable outside of PowerShell
[4.794s] DEBUG:colcon.colcon_core.shell:Skip shell extension 'dsv' for command environment
[6.520s] DEBUG:colcon.colcon_core.event_handler.log_command:Invoking command in '/home/takumi/souzoukougaku14/src/cat': PYTHONPATH=/home/takumi/souzoukougaku14/src/build/cat/prefix_override:/usr/lib/python3/dist-packages/colcon_core/task/python/colcon_distutils_commands:/home/takumi/souzoukougaku14/src/install/cat/lib/python3.10/site-packages:${PYTHONPATH} /usr/bin/python3 -W ignore:setup.py install is deprecated setup.py egg_info --egg-base ../build/cat build --build-base /home/takumi/souzoukougaku14/src/build/cat/build install --record /home/takumi/souzoukougaku14/src/build/cat/install.log --single-version-externally-managed install_data
[7.454s] Level 1:colcon.colcon_core.environment:checking '/home/takumi/souzoukougaku14/src/install/cat' for CMake module files
[7.455s] Level 1:colcon.colcon_core.environment:checking '/home/takumi/souzoukougaku14/src/install/cat' for CMake config files
[7.457s] DEBUG:colcon.colcon_core.event_handler.log_command:Invoked command in '/home/takumi/souzoukougaku14/src/cat' returned '0': PYTHONPATH=/home/takumi/souzoukougaku14/src/build/cat/prefix_override:/usr/lib/python3/dist-packages/colcon_core/task/python/colcon_distutils_commands:/home/takumi/souzoukougaku14/src/install/cat/lib/python3.10/site-packages:${PYTHONPATH} /usr/bin/python3 -W ignore:setup.py install is deprecated setup.py egg_info --egg-base ../build/cat build --build-base /home/takumi/souzoukougaku14/src/build/cat/build install --record /home/takumi/souzoukougaku14/src/build/cat/install.log --single-version-externally-managed install_data
[7.460s] Level 1:colcon.colcon_core.environment:checking '/home/takumi/souzoukougaku14/src/install/cat/lib'
[7.460s] Level 1:colcon.colcon_core.environment:checking '/home/takumi/souzoukougaku14/src/install/cat/bin'
[7.460s] Level 1:colcon.colcon_core.environment:checking '/home/takumi/souzoukougaku14/src/install/cat/lib/pkgconfig/cat.pc'
[7.462s] Level 1:colcon.colcon_core.environment:checking '/home/takumi/souzoukougaku14/src/install/cat/lib/python3.10/site-packages'
[7.463s] Level 1:colcon.colcon_core.shell:create_environment_hook('cat', 'pythonpath')
[7.464s] INFO:colcon.colcon_core.shell:Creating environment hook '/home/takumi/souzoukougaku14/src/install/cat/share/cat/hook/pythonpath.ps1'
[7.465s] INFO:colcon.colcon_core.shell:Creating environment descriptor '/home/takumi/souzoukougaku14/src/install/cat/share/cat/hook/pythonpath.dsv'
[7.466s] INFO:colcon.colcon_core.shell:Creating environment hook '/home/takumi/souzoukougaku14/src/install/cat/share/cat/hook/pythonpath.sh'
[7.467s] Level 1:colcon.colcon_core.environment:checking '/home/takumi/souzoukougaku14/src/install/cat/bin'
[7.468s] Level 1:colcon.colcon_core.environment:create_environment_scripts_only(cat)
[7.468s] INFO:colcon.colcon_core.shell:Creating package script '/home/takumi/souzoukougaku14/src/install/cat/share/cat/package.ps1'
[7.470s] INFO:colcon.colcon_core.shell:Creating package descriptor '/home/takumi/souzoukougaku14/src/install/cat/share/cat/package.dsv'
[7.471s] INFO:colcon.colcon_core.shell:Creating package script '/home/takumi/souzoukougaku14/src/install/cat/share/cat/package.sh'
[7.472s] INFO:colcon.colcon_core.shell:Creating package script '/home/takumi/souzoukougaku14/src/install/cat/share/cat/package.bash'
[7.473s] INFO:colcon.colcon_core.shell:Creating package script '/home/takumi/souzoukougaku14/src/install/cat/share/cat/package.zsh'
[7.474s] Level 1:colcon.colcon_core.environment:create_file_with_runtime_dependencies(/home/takumi/souzoukougaku14/src/install/cat/share/colcon-core/packages/cat)
[7.474s] DEBUG:colcon.colcon_parallel_executor.executor.parallel:closing loop
[7.476s] DEBUG:colcon.colcon_parallel_executor.executor.parallel:loop closed
[7.476s] DEBUG:colcon.colcon_parallel_executor.executor.parallel:run_until_complete finished with '0'
[7.477s] DEBUG:colcon.colcon_core.event_reactor:joining thread
[7.611s] INFO:colcon.colcon_core.plugin_system:Skipping extension 'colcon_notification.desktop_notification.notify_send': Could not find 'notify-send'
[7.612s] INFO:colcon.colcon_core.plugin_system:Skipping extension 'colcon_notification.desktop_notification.terminal_notifier': Not used on non-Darwin systems
[7.612s] INFO:colcon.colcon_core.plugin_system:Skipping extension 'colcon_notification.desktop_notification.win32': Not used on non-Windows systems
[7.612s] INFO:colcon.colcon_notification.desktop_notification:Sending desktop notification using 'notify2'
[7.661s] DEBUG:colcon.colcon_notification.desktop_notification.notify2:Failed to initialize notify2: org.freedesktop.DBus.Error.ServiceUnknown: The name org.freedesktop.Notifications was not provided by any .service files
[7.661s] DEBUG:colcon.colcon_core.event_reactor:joined thread
[7.662s] INFO:colcon.colcon_core.shell:Creating prefix script '/home/takumi/souzoukougaku14/src/install/local_setup.ps1'
[7.666s] INFO:colcon.colcon_core.shell:Creating prefix util module '/home/takumi/souzoukougaku14/src/install/_local_setup_util_ps1.py'
[7.670s] INFO:colcon.colcon_core.shell:Creating prefix chain script '/home/takumi/souzoukougaku14/src/install/setup.ps1'
[7.676s] INFO:colcon.colcon_core.shell:Creating prefix script '/home/takumi/souzoukougaku14/src/install/local_setup.sh'
[7.679s] INFO:colcon.colcon_core.shell:Creating prefix util module '/home/takumi/souzoukougaku14/src/install/_local_setup_util_sh.py'
[7.680s] INFO:colcon.colcon_core.shell:Creating prefix chain script '/home/takumi/souzoukougaku14/src/install/setup.sh'
[7.687s] INFO:colcon.colcon_core.shell:Creating prefix script '/home/takumi/souzoukougaku14/src/install/local_setup.bash'
[7.688s] INFO:colcon.colcon_core.shell:Creating prefix chain script '/home/takumi/souzoukougaku14/src/install/setup.bash'
[7.693s] INFO:colcon.colcon_core.shell:Creating prefix script '/home/takumi/souzoukougaku14/src/install/local_setup.zsh'
[7.702s] INFO:colcon.colcon_core.shell:Creating prefix chain script '/home/takumi/souzoukougaku14/src/install/setup.zsh'
