-- Found ament_cmake: 1.3.11 (/opt/ros/humble/share/ament_cmake/cmake)
-- Override CMake install command with custom implementation using symlinks instead of copying resources
-- Found rosidl_default_generators: 1.2.0 (/opt/ros/humble/share/rosidl_default_generators/cmake)
-- Using all available rosidl_typesupport_c: rosidl_typesupport_fastrtps_c;rosidl_typesupport_introspection_c
-- Found rosidl_adapter: 3.1.6 (/opt/ros/humble/share/rosidl_adapter/cmake)
[0mCMake Deprecation Warning at CMakeLists.txt:1 (cmake_minimum_required):
  Compatibility with CMake < 3.10 will be removed from a future version of
  CMake.

  Update the VERSION argument <min> value.  Or, use the <min>...<max> syntax
  to tell CMake that the project requires at least <min> but has been updated
  to work with policies introduced by <max> or earlier.

[0m
-- Using all available rosidl_typesupport_cpp: rosidl_typesupport_fastrtps_cpp;rosidl_typesupport_introspection_cpp
-- Found ament_cmake_ros: 0.10.0 (/opt/ros/humble/share/ament_cmake_ros/cmake)
-- Using all available rosidl_typesupport_c: rosidl_typesupport_fastrtps_c;rosidl_typesupport_introspection_c
-- Using all available rosidl_typesupport_cpp: rosidl_typesupport_fastrtps_cpp;rosidl_typesupport_introspection_cpp
[33mCMake Warning (dev) at /opt/ros/humble/share/rosidl_generator_py/cmake/rosidl_generator_py_generate_interfaces.cmake:20 (find_package):
  Policy CMP0148 is not set: The FindPythonInterp and FindPythonLibs modules
  are removed.  Run "cmake --help-policy CMP0148" for policy details.  Use
  the cmake_policy command to set the policy and suppress this warning.

Call Stack (most recent call first):
  /opt/ros/humble/share/ament_cmake_core/cmake/core/ament_execute_extensions.cmake:48 (include)
  /opt/ros/humble/share/rosidl_cmake/cmake/rosidl_generate_interfaces.cmake:286 (ament_execute_extensions)
  CMakeLists.txt:14 (rosidl_generate_interfaces)
This warning is for project developers.  Use -Wno-dev to suppress it.
[0m
-- Found python_cmake_module: 0.10.0 (/opt/ros/humble/share/python_cmake_module/cmake)
[33mCMake Warning (dev) at /opt/ros/humble/share/python_cmake_module/cmake/Modules/FindPythonExtra.cmake:52 (find_package):
  Policy CMP0148 is not set: The FindPythonInterp and FindPythonLibs modules
  are removed.  Run "cmake --help-policy CMP0148" for policy details.  Use
  the cmake_policy command to set the policy and suppress this warning.

Call Stack (most recent call first):
  /opt/ros/humble/share/rosidl_generator_py/cmake/rosidl_generator_py_generate_interfaces.cmake:23 (find_package)
  /opt/ros/humble/share/ament_cmake_core/cmake/core/ament_execute_extensions.cmake:48 (include)
  /opt/ros/humble/share/rosidl_cmake/cmake/rosidl_generate_interfaces.cmake:286 (ament_execute_extensions)
  CMakeLists.txt:14 (rosidl_generate_interfaces)
This warning is for project developers.  Use -Wno-dev to suppress it.
[0m
[33mCMake Warning (dev) at /opt/ros/humble/share/python_cmake_module/cmake/Modules/FindPythonExtra.cmake:140 (find_package):
  Policy CMP0148 is not set: The FindPythonInterp and FindPythonLibs modules
  are removed.  Run "cmake --help-policy CMP0148" for policy details.  Use
  the cmake_policy command to set the policy and suppress this warning.

Call Stack (most recent call first):
  /opt/ros/humble/share/rosidl_generator_py/cmake/rosidl_generator_py_generate_interfaces.cmake:23 (find_package)
  /opt/ros/humble/share/ament_cmake_core/cmake/core/ament_execute_extensions.cmake:48 (include)
  /opt/ros/humble/share/rosidl_cmake/cmake/rosidl_generate_interfaces.cmake:286 (ament_execute_extensions)
  CMakeLists.txt:14 (rosidl_generate_interfaces)
This warning is for project developers.  Use -Wno-dev to suppress it.
[0m
-- Using PYTHON_EXECUTABLE: /usr/bin/python3
-- Using PYTHON_INCLUDE_DIRS: /usr/include/python3.10
-- Using PYTHON_LIBRARIES: /usr/lib/x86_64-linux-gnu/libpython3.10.so
-- Found ament_lint_auto: 0.12.11 (/opt/ros/humble/share/ament_lint_auto/cmake)
-- Added test 'lint_cmake' to check CMake code style
-- Added test 'xmllint' to check XML markup files
-- Configuring done (1.3s)
-- Generating done (0.0s)
-- Build files have been written to: /home/hamilton/souzou/build/cat_messages
[  2%] Built target cat_messages__cpp
[  2%] Built target ament_cmake_python_symlink_cat_messages
[ 12%] Built target cat_messages__rosidl_generator_c
[ 23%] Built target cat_messages__rosidl_typesupport_cpp
[ 34%] Built target cat_messages__rosidl_typesupport_introspection_c
[ 44%] Built target cat_messages__rosidl_typesupport_fastrtps_c
[ 55%] Built target cat_messages__rosidl_typesupport_fastrtps_cpp
[ 65%] Built target cat_messages__rosidl_typesupport_c
[ 76%] Built target cat_messages__rosidl_typesupport_introspection_cpp
[ 76%] Built target cat_messages
[ 78%] Built target cat_messages__py
[ 87%] Built target cat_messages__rosidl_generator_py
[ 91%] Built target cat_messages__rosidl_typesupport_fastrtps_c__pyext
[ 95%] Built target cat_messages__rosidl_typesupport_c__pyext
[100%] Built target cat_messages__rosidl_typesupport_introspection_c__pyext
running egg_info
writing cat_messages.egg-info/PKG-INFO
writing dependency_links to cat_messages.egg-info/dependency_links.txt
writing top-level names to cat_messages.egg-info/top_level.txt
reading manifest file 'cat_messages.egg-info/SOURCES.txt'
writing manifest file 'cat_messages.egg-info/SOURCES.txt'
[100%] Built target ament_cmake_python_build_cat_messages_egg
-- Install configuration: ""
-- Execute custom install script
-- Up-to-date symlink: /home/hamilton/souzou/install/cat_messages/share/ament_index/resource_index/rosidl_interfaces/cat_messages
-- Up-to-date symlink: /home/hamilton/souzou/install/cat_messages/include/cat_messages/cat_messages/msg/detail/joy_cat__functions.h
-- Up-to-date symlink: /home/hamilton/souzou/install/cat_messages/include/cat_messages/cat_messages/msg/detail/joy_cat__struct.h
-- Up-to-date symlink: /home/hamilton/souzou/install/cat_messages/include/cat_messages/cat_messages/msg/detail/joy_cat__type_support.h
-- Up-to-date symlink: /home/hamilton/souzou/install/cat_messages/include/cat_messages/cat_messages/msg/detail/senser__functions.h
-- Up-to-date symlink: /home/hamilton/souzou/install/cat_messages/include/cat_messages/cat_messages/msg/detail/senser__struct.h
-- Up-to-date symlink: /home/hamilton/souzou/install/cat_messages/include/cat_messages/cat_messages/msg/detail/senser__type_support.h
-- Up-to-date symlink: /home/hamilton/souzou/install/cat_messages/include/cat_messages/cat_messages/msg/detail/vel__functions.h
-- Up-to-date symlink: /home/hamilton/souzou/install/cat_messages/include/cat_messages/cat_messages/msg/detail/vel__struct.h
-- Up-to-date symlink: /home/hamilton/souzou/install/cat_messages/include/cat_messages/cat_messages/msg/detail/vel__type_support.h
-- Up-to-date symlink: /home/hamilton/souzou/install/cat_messages/include/cat_messages/cat_messages/msg/joy_cat.h
-- Up-to-date symlink: /home/hamilton/souzou/install/cat_messages/include/cat_messages/cat_messages/msg/rosidl_generator_c__visibility_control.h
-- Up-to-date symlink: /home/hamilton/souzou/install/cat_messages/include/cat_messages/cat_messages/msg/senser.h
-- Up-to-date symlink: /home/hamilton/souzou/install/cat_messages/include/cat_messages/cat_messages/msg/vel.h
-- Up-to-date symlink: /home/hamilton/souzou/install/cat_messages/share/cat_messages/environment/library_path.sh
-- Up-to-date symlink: /home/hamilton/souzou/install/cat_messages/share/cat_messages/environment/library_path.dsv
-- Up-to-date symlink: /home/hamilton/souzou/install/cat_messages/include/cat_messages/cat_messages/msg/detail/joy_cat__rosidl_typesupport_fastrtps_c.h
-- Up-to-date symlink: /home/hamilton/souzou/install/cat_messages/include/cat_messages/cat_messages/msg/detail/senser__rosidl_typesupport_fastrtps_c.h
-- Up-to-date symlink: /home/hamilton/souzou/install/cat_messages/include/cat_messages/cat_messages/msg/detail/vel__rosidl_typesupport_fastrtps_c.h
-- Up-to-date symlink: /home/hamilton/souzou/install/cat_messages/include/cat_messages/cat_messages/msg/rosidl_typesupport_fastrtps_c__visibility_control.h
-- Up-to-date symlink: /home/hamilton/souzou/install/cat_messages/include/cat_messages/cat_messages/msg/detail/joy_cat__rosidl_typesupport_introspection_c.h
-- Up-to-date symlink: /home/hamilton/souzou/install/cat_messages/include/cat_messages/cat_messages/msg/detail/senser__rosidl_typesupport_introspection_c.h
-- Up-to-date symlink: /home/hamilton/souzou/install/cat_messages/include/cat_messages/cat_messages/msg/detail/vel__rosidl_typesupport_introspection_c.h
-- Up-to-date symlink: /home/hamilton/souzou/install/cat_messages/include/cat_messages/cat_messages/msg/rosidl_typesupport_introspection_c__visibility_control.h
-- Up-to-date symlink: /home/hamilton/souzou/install/cat_messages/include/cat_messages/cat_messages/msg/detail/joy_cat__builder.hpp
-- Up-to-date symlink: /home/hamilton/souzou/install/cat_messages/include/cat_messages/cat_messages/msg/detail/joy_cat__struct.hpp
-- Up-to-date symlink: /home/hamilton/souzou/install/cat_messages/include/cat_messages/cat_messages/msg/detail/joy_cat__traits.hpp
-- Up-to-date symlink: /home/hamilton/souzou/install/cat_messages/include/cat_messages/cat_messages/msg/detail/joy_cat__type_support.hpp
-- Up-to-date symlink: /home/hamilton/souzou/install/cat_messages/include/cat_messages/cat_messages/msg/detail/senser__builder.hpp
-- Up-to-date symlink: /home/hamilton/souzou/install/cat_messages/include/cat_messages/cat_messages/msg/detail/senser__struct.hpp
-- Up-to-date symlink: /home/hamilton/souzou/install/cat_messages/include/cat_messages/cat_messages/msg/detail/senser__traits.hpp
-- Up-to-date symlink: /home/hamilton/souzou/install/cat_messages/include/cat_messages/cat_messages/msg/detail/senser__type_support.hpp
-- Up-to-date symlink: /home/hamilton/souzou/install/cat_messages/include/cat_messages/cat_messages/msg/detail/vel__builder.hpp
-- Up-to-date symlink: /home/hamilton/souzou/install/cat_messages/include/cat_messages/cat_messages/msg/detail/vel__struct.hpp
-- Up-to-date symlink: /home/hamilton/souzou/install/cat_messages/include/cat_messages/cat_messages/msg/detail/vel__traits.hpp
-- Up-to-date symlink: /home/hamilton/souzou/install/cat_messages/include/cat_messages/cat_messages/msg/detail/vel__type_support.hpp
-- Up-to-date symlink: /home/hamilton/souzou/install/cat_messages/include/cat_messages/cat_messages/msg/joy_cat.hpp
-- Up-to-date symlink: /home/hamilton/souzou/install/cat_messages/include/cat_messages/cat_messages/msg/rosidl_generator_cpp__visibility_control.hpp
-- Up-to-date symlink: /home/hamilton/souzou/install/cat_messages/include/cat_messages/cat_messages/msg/senser.hpp
-- Up-to-date symlink: /home/hamilton/souzou/install/cat_messages/include/cat_messages/cat_messages/msg/vel.hpp
-- Up-to-date symlink: /home/hamilton/souzou/install/cat_messages/include/cat_messages/cat_messages/msg/detail/joy_cat__rosidl_typesupport_fastrtps_cpp.hpp
-- Up-to-date symlink: /home/hamilton/souzou/install/cat_messages/include/cat_messages/cat_messages/msg/detail/senser__rosidl_typesupport_fastrtps_cpp.hpp
-- Up-to-date symlink: /home/hamilton/souzou/install/cat_messages/include/cat_messages/cat_messages/msg/detail/vel__rosidl_typesupport_fastrtps_cpp.hpp
-- Up-to-date symlink: /home/hamilton/souzou/install/cat_messages/include/cat_messages/cat_messages/msg/rosidl_typesupport_fastrtps_cpp__visibility_control.h
-- Up-to-date symlink: /home/hamilton/souzou/install/cat_messages/include/cat_messages/cat_messages/msg/detail/joy_cat__rosidl_typesupport_introspection_cpp.hpp
-- Up-to-date symlink: /home/hamilton/souzou/install/cat_messages/include/cat_messages/cat_messages/msg/detail/senser__rosidl_typesupport_introspection_cpp.hpp
-- Up-to-date symlink: /home/hamilton/souzou/install/cat_messages/include/cat_messages/cat_messages/msg/detail/vel__rosidl_typesupport_introspection_cpp.hpp
-- Up-to-date symlink: /home/hamilton/souzou/install/cat_messages/share/cat_messages/environment/pythonpath.sh
-- Up-to-date symlink: /home/hamilton/souzou/install/cat_messages/share/cat_messages/environment/pythonpath.dsv
-- Up-to-date symlink: /home/hamilton/souzou/install/cat_messages/local/lib/python3.10/dist-packages/cat_messages-0.0.0-py3.10.egg-info/PKG-INFO
-- Up-to-date symlink: /home/hamilton/souzou/install/cat_messages/local/lib/python3.10/dist-packages/cat_messages-0.0.0-py3.10.egg-info/SOURCES.txt
-- Up-to-date symlink: /home/hamilton/souzou/install/cat_messages/local/lib/python3.10/dist-packages/cat_messages-0.0.0-py3.10.egg-info/dependency_links.txt
-- Up-to-date symlink: /home/hamilton/souzou/install/cat_messages/local/lib/python3.10/dist-packages/cat_messages-0.0.0-py3.10.egg-info/top_level.txt
-- Up-to-date symlink: /home/hamilton/souzou/install/cat_messages/local/lib/python3.10/dist-packages/cat_messages/__init__.py
-- Up-to-date symlink: /home/hamilton/souzou/install/cat_messages/local/lib/python3.10/dist-packages/cat_messages/_cat_messages_s.ep.rosidl_typesupport_c.c
-- Up-to-date symlink: /home/hamilton/souzou/install/cat_messages/local/lib/python3.10/dist-packages/cat_messages/_cat_messages_s.ep.rosidl_typesupport_fastrtps_c.c
-- Up-to-date symlink: /home/hamilton/souzou/install/cat_messages/local/lib/python3.10/dist-packages/cat_messages/_cat_messages_s.ep.rosidl_typesupport_introspection_c.c
-- Up-to-date symlink: /home/hamilton/souzou/install/cat_messages/local/lib/python3.10/dist-packages/cat_messages/cat_messages_s__rosidl_typesupport_c.cpython-310-x86_64-linux-gnu.so
-- Up-to-date symlink: /home/hamilton/souzou/install/cat_messages/local/lib/python3.10/dist-packages/cat_messages/cat_messages_s__rosidl_typesupport_fastrtps_c.cpython-310-x86_64-linux-gnu.so
-- Up-to-date symlink: /home/hamilton/souzou/install/cat_messages/local/lib/python3.10/dist-packages/cat_messages/cat_messages_s__rosidl_typesupport_introspection_c.cpython-310-x86_64-linux-gnu.so
-- Up-to-date symlink: /home/hamilton/souzou/install/cat_messages/local/lib/python3.10/dist-packages/cat_messages/libcat_messages__rosidl_generator_py.so
-- Up-to-date symlink: /home/hamilton/souzou/install/cat_messages/local/lib/python3.10/dist-packages/cat_messages/msg/__init__.py
-- Up-to-date symlink: /home/hamilton/souzou/install/cat_messages/local/lib/python3.10/dist-packages/cat_messages/msg/_joy_cat.py
-- Up-to-date symlink: /home/hamilton/souzou/install/cat_messages/local/lib/python3.10/dist-packages/cat_messages/msg/_joy_cat_s.c
-- Up-to-date symlink: /home/hamilton/souzou/install/cat_messages/local/lib/python3.10/dist-packages/cat_messages/msg/_senser.py
-- Up-to-date symlink: /home/hamilton/souzou/install/cat_messages/local/lib/python3.10/dist-packages/cat_messages/msg/_senser_s.c
-- Up-to-date symlink: /home/hamilton/souzou/install/cat_messages/local/lib/python3.10/dist-packages/cat_messages/msg/_vel.py
-- Up-to-date symlink: /home/hamilton/souzou/install/cat_messages/local/lib/python3.10/dist-packages/cat_messages/msg/_vel_s.c
-- Up-to-date symlink: /home/hamilton/souzou/install/cat_messages/local/lib/python3.10/dist-packages/cat_messages/cat_messages_s__rosidl_typesupport_fastrtps_c.cpython-310-x86_64-linux-gnu.so
-- Up-to-date symlink: /home/hamilton/souzou/install/cat_messages/local/lib/python3.10/dist-packages/cat_messages/cat_messages_s__rosidl_typesupport_introspection_c.cpython-310-x86_64-linux-gnu.so
-- Up-to-date symlink: /home/hamilton/souzou/install/cat_messages/local/lib/python3.10/dist-packages/cat_messages/cat_messages_s__rosidl_typesupport_c.cpython-310-x86_64-linux-gnu.so
-- Up-to-date symlink: /home/hamilton/souzou/install/cat_messages/share/cat_messages/msg/JoyCat.idl
-- Up-to-date symlink: /home/hamilton/souzou/install/cat_messages/share/cat_messages/msg/Senser.idl
-- Up-to-date symlink: /home/hamilton/souzou/install/cat_messages/share/cat_messages/msg/Vel.idl
-- Up-to-date symlink: /home/hamilton/souzou/install/cat_messages/share/cat_messages/msg/JoyCat.msg
-- Up-to-date symlink: /home/hamilton/souzou/install/cat_messages/share/cat_messages/msg/Senser.msg
-- Up-to-date symlink: /home/hamilton/souzou/install/cat_messages/share/cat_messages/msg/Vel.msg
-- Up-to-date symlink: /home/hamilton/souzou/install/cat_messages/share/ament_index/resource_index/package_run_dependencies/cat_messages
-- Up-to-date symlink: /home/hamilton/souzou/install/cat_messages/share/ament_index/resource_index/parent_prefix_path/cat_messages
-- Up-to-date symlink: /home/hamilton/souzou/install/cat_messages/share/cat_messages/environment/ament_prefix_path.sh
-- Up-to-date symlink: /home/hamilton/souzou/install/cat_messages/share/cat_messages/environment/ament_prefix_path.dsv
-- Up-to-date symlink: /home/hamilton/souzou/install/cat_messages/share/cat_messages/environment/path.sh
-- Up-to-date symlink: /home/hamilton/souzou/install/cat_messages/share/cat_messages/environment/path.dsv
-- Up-to-date symlink: /home/hamilton/souzou/install/cat_messages/share/cat_messages/local_setup.bash
-- Up-to-date symlink: /home/hamilton/souzou/install/cat_messages/share/cat_messages/local_setup.sh
-- Up-to-date symlink: /home/hamilton/souzou/install/cat_messages/share/cat_messages/local_setup.zsh
-- Up-to-date symlink: /home/hamilton/souzou/install/cat_messages/share/cat_messages/local_setup.dsv
-- Symlinking: /home/hamilton/souzou/install/cat_messages/share/cat_messages/package.dsv
-- Up-to-date symlink: /home/hamilton/souzou/install/cat_messages/share/ament_index/resource_index/packages/cat_messages
-- Up-to-date symlink: /home/hamilton/souzou/install/cat_messages/share/cat_messages/cmake/rosidl_cmake-extras.cmake
-- Up-to-date symlink: /home/hamilton/souzou/install/cat_messages/share/cat_messages/cmake/ament_cmake_export_include_directories-extras.cmake
-- Up-to-date symlink: /home/hamilton/souzou/install/cat_messages/share/cat_messages/cmake/ament_cmake_export_libraries-extras.cmake
-- Up-to-date symlink: /home/hamilton/souzou/install/cat_messages/share/cat_messages/cmake/ament_cmake_export_targets-extras.cmake
-- Up-to-date symlink: /home/hamilton/souzou/install/cat_messages/share/cat_messages/cmake/rosidl_cmake_export_typesupport_targets-extras.cmake
-- Up-to-date symlink: /home/hamilton/souzou/install/cat_messages/share/cat_messages/cmake/ament_cmake_export_dependencies-extras.cmake
-- Up-to-date symlink: /home/hamilton/souzou/install/cat_messages/share/cat_messages/cmake/rosidl_cmake_export_typesupport_libraries-extras.cmake
-- Up-to-date symlink: /home/hamilton/souzou/install/cat_messages/share/cat_messages/cmake/cat_messagesConfig.cmake
-- Up-to-date symlink: /home/hamilton/souzou/install/cat_messages/share/cat_messages/cmake/cat_messagesConfig-version.cmake
-- Up-to-date symlink: /home/hamilton/souzou/install/cat_messages/share/cat_messages/package.xml
-- Up-to-date: /home/hamilton/souzou/install/cat_messages/lib/libcat_messages__rosidl_generator_c.so
-- Up-to-date: /home/hamilton/souzou/install/cat_messages/lib/libcat_messages__rosidl_typesupport_fastrtps_c.so
-- Up-to-date: /home/hamilton/souzou/install/cat_messages/lib/libcat_messages__rosidl_typesupport_introspection_c.so
-- Up-to-date: /home/hamilton/souzou/install/cat_messages/lib/libcat_messages__rosidl_typesupport_c.so
-- Up-to-date: /home/hamilton/souzou/install/cat_messages/lib/libcat_messages__rosidl_typesupport_fastrtps_cpp.so
-- Up-to-date: /home/hamilton/souzou/install/cat_messages/lib/libcat_messages__rosidl_typesupport_introspection_cpp.so
-- Up-to-date: /home/hamilton/souzou/install/cat_messages/lib/libcat_messages__rosidl_typesupport_cpp.so
Listing '/home/hamilton/souzou/install/cat_messages/local/lib/python3.10/dist-packages/cat_messages'...
Compiling '/home/hamilton/souzou/install/cat_messages/local/lib/python3.10/dist-packages/cat_messages/__init__.py'...
Listing '/home/hamilton/souzou/install/cat_messages/local/lib/python3.10/dist-packages/cat_messages/msg'...
-- Up-to-date: /home/hamilton/souzou/install/cat_messages/lib/libcat_messages__rosidl_generator_py.so
-- Up-to-date: /home/hamilton/souzou/install/cat_messages/share/cat_messages/cmake/export_cat_messages__rosidl_generator_cExport.cmake
-- Up-to-date: /home/hamilton/souzou/install/cat_messages/share/cat_messages/cmake/export_cat_messages__rosidl_generator_cExport-noconfig.cmake
-- Up-to-date: /home/hamilton/souzou/install/cat_messages/share/cat_messages/cmake/export_cat_messages__rosidl_typesupport_fastrtps_cExport.cmake
-- Up-to-date: /home/hamilton/souzou/install/cat_messages/share/cat_messages/cmake/export_cat_messages__rosidl_typesupport_fastrtps_cExport-noconfig.cmake
-- Up-to-date: /home/hamilton/souzou/install/cat_messages/share/cat_messages/cmake/cat_messages__rosidl_typesupport_introspection_cExport.cmake
-- Up-to-date: /home/hamilton/souzou/install/cat_messages/share/cat_messages/cmake/cat_messages__rosidl_typesupport_introspection_cExport-noconfig.cmake
-- Up-to-date: /home/hamilton/souzou/install/cat_messages/share/cat_messages/cmake/cat_messages__rosidl_typesupport_cExport.cmake
-- Up-to-date: /home/hamilton/souzou/install/cat_messages/share/cat_messages/cmake/cat_messages__rosidl_typesupport_cExport-noconfig.cmake
-- Up-to-date: /home/hamilton/souzou/install/cat_messages/share/cat_messages/cmake/export_cat_messages__rosidl_generator_cppExport.cmake
-- Up-to-date: /home/hamilton/souzou/install/cat_messages/share/cat_messages/cmake/export_cat_messages__rosidl_typesupport_fastrtps_cppExport.cmake
-- Up-to-date: /home/hamilton/souzou/install/cat_messages/share/cat_messages/cmake/export_cat_messages__rosidl_typesupport_fastrtps_cppExport-noconfig.cmake
-- Up-to-date: /home/hamilton/souzou/install/cat_messages/share/cat_messages/cmake/cat_messages__rosidl_typesupport_introspection_cppExport.cmake
-- Up-to-date: /home/hamilton/souzou/install/cat_messages/share/cat_messages/cmake/cat_messages__rosidl_typesupport_introspection_cppExport-noconfig.cmake
-- Up-to-date: /home/hamilton/souzou/install/cat_messages/share/cat_messages/cmake/cat_messages__rosidl_typesupport_cppExport.cmake
-- Up-to-date: /home/hamilton/souzou/install/cat_messages/share/cat_messages/cmake/cat_messages__rosidl_typesupport_cppExport-noconfig.cmake
-- Up-to-date: /home/hamilton/souzou/install/cat_messages/share/cat_messages/cmake/export_cat_messages__rosidl_generator_pyExport.cmake
-- Up-to-date: /home/hamilton/souzou/install/cat_messages/share/cat_messages/cmake/export_cat_messages__rosidl_generator_pyExport-noconfig.cmake
