[0.014s] Invoking command in '/home/hamilton/souzou/build/cat_messages': CMAKE_PREFIX_PATH=/opt/ros/humble /usr/local/bin/cmake /home/hamilton/souzou/souzoukougaku14/src/cat_messages -DAMENT_CMAKE_SYMLINK_INSTALL=1 -DCMAKE_INSTALL_PREFIX=/home/hamilton/souzou/install/cat_messages
[0.179s] -- Found ament_cmake: 1.3.11 (/opt/ros/humble/share/ament_cmake/cmake)
[0.179s] -- Override CMake install command with custom implementation using symlinks instead of copying resources
[0.179s] -- Found rosidl_default_generators: 1.2.0 (/opt/ros/humble/share/rosidl_default_generators/cmake)
[0.179s] -- Using all available rosidl_typesupport_c: rosidl_typesupport_fastrtps_c;rosidl_typesupport_introspection_c
[0.179s] -- Found rosidl_adapter: 3.1.6 (/opt/ros/humble/share/rosidl_adapter/cmake)
[0.180s] [0mCMake Deprecation Warning at CMakeLists.txt:1 (cmake_minimum_required):
[0.180s]   Compatibility with CMake < 3.10 will be removed from a future version of
[0.180s]   CMake.
[0.180s] 
[0.180s]   Update the VERSION argument <min> value.  Or, use the <min>...<max> syntax
[0.180s]   to tell CMake that the project requires at least <min> but has been updated
[0.180s]   to work with policies introduced by <max> or earlier.
[0.180s] 
[0.180s] [0m
[0.201s] -- Using all available rosidl_typesupport_cpp: rosidl_typesupport_fastrtps_cpp;rosidl_typesupport_introspection_cpp
[0.554s] -- Found ament_cmake_ros: 0.10.0 (/opt/ros/humble/share/ament_cmake_ros/cmake)
[0.867s] -- Using all available rosidl_typesupport_c: rosidl_typesupport_fastrtps_c;rosidl_typesupport_introspection_c
[1.284s] -- Using all available rosidl_typesupport_cpp: rosidl_typesupport_fastrtps_cpp;rosidl_typesupport_introspection_cpp
[1.286s] [33mCMake Warning (dev) at /opt/ros/humble/share/rosidl_generator_py/cmake/rosidl_generator_py_generate_interfaces.cmake:20 (find_package):
[1.286s]   Policy CMP0148 is not set: The FindPythonInterp and FindPythonLibs modules
[1.286s]   are removed.  Run "cmake --help-policy CMP0148" for policy details.  Use
[1.286s]   the cmake_policy command to set the policy and suppress this warning.
[1.286s] 
[1.286s] Call Stack (most recent call first):
[1.286s]   /opt/ros/humble/share/ament_cmake_core/cmake/core/ament_execute_extensions.cmake:48 (include)
[1.287s]   /opt/ros/humble/share/rosidl_cmake/cmake/rosidl_generate_interfaces.cmake:286 (ament_execute_extensions)
[1.287s]   CMakeLists.txt:14 (rosidl_generate_interfaces)
[1.287s] This warning is for project developers.  Use -Wno-dev to suppress it.
[1.287s] [0m
[1.307s] -- Found python_cmake_module: 0.10.0 (/opt/ros/humble/share/python_cmake_module/cmake)
[1.307s] [33mCMake Warning (dev) at /opt/ros/humble/share/python_cmake_module/cmake/Modules/FindPythonExtra.cmake:52 (find_package):
[1.307s]   Policy CMP0148 is not set: The FindPythonInterp and FindPythonLibs modules
[1.307s]   are removed.  Run "cmake --help-policy CMP0148" for policy details.  Use
[1.307s]   the cmake_policy command to set the policy and suppress this warning.
[1.307s] 
[1.307s] Call Stack (most recent call first):
[1.307s]   /opt/ros/humble/share/rosidl_generator_py/cmake/rosidl_generator_py_generate_interfaces.cmake:23 (find_package)
[1.307s]   /opt/ros/humble/share/ament_cmake_core/cmake/core/ament_execute_extensions.cmake:48 (include)
[1.307s]   /opt/ros/humble/share/rosidl_cmake/cmake/rosidl_generate_interfaces.cmake:286 (ament_execute_extensions)
[1.307s]   CMakeLists.txt:14 (rosidl_generate_interfaces)
[1.308s] This warning is for project developers.  Use -Wno-dev to suppress it.
[1.308s] [0m
[1.324s] [33mCMake Warning (dev) at /opt/ros/humble/share/python_cmake_module/cmake/Modules/FindPythonExtra.cmake:140 (find_package):
[1.324s]   Policy CMP0148 is not set: The FindPythonInterp and FindPythonLibs modules
[1.324s]   are removed.  Run "cmake --help-policy CMP0148" for policy details.  Use
[1.324s]   the cmake_policy command to set the policy and suppress this warning.
[1.325s] 
[1.325s] Call Stack (most recent call first):
[1.325s]   /opt/ros/humble/share/rosidl_generator_py/cmake/rosidl_generator_py_generate_interfaces.cmake:23 (find_package)
[1.325s]   /opt/ros/humble/share/ament_cmake_core/cmake/core/ament_execute_extensions.cmake:48 (include)
[1.325s]   /opt/ros/humble/share/rosidl_cmake/cmake/rosidl_generate_interfaces.cmake:286 (ament_execute_extensions)
[1.326s]   CMakeLists.txt:14 (rosidl_generate_interfaces)
[1.326s] This warning is for project developers.  Use -Wno-dev to suppress it.
[1.326s] [0m
[1.326s] -- Using PYTHON_EXECUTABLE: /usr/bin/python3
[1.326s] -- Using PYTHON_INCLUDE_DIRS: /usr/include/python3.10
[1.326s] -- Using PYTHON_LIBRARIES: /usr/lib/x86_64-linux-gnu/libpython3.10.so
[1.338s] -- Found ament_lint_auto: 0.12.11 (/opt/ros/humble/share/ament_lint_auto/cmake)
[1.346s] -- Added test 'lint_cmake' to check CMake code style
[1.347s] -- Added test 'xmllint' to check XML markup files
[1.350s] -- Configuring done (1.3s)
[1.377s] -- Generating done (0.0s)
[1.385s] -- Build files have been written to: /home/hamilton/souzou/build/cat_messages
[1.395s] Invoked command in '/home/hamilton/souzou/build/cat_messages' returned '0': CMAKE_PREFIX_PATH=/opt/ros/humble /usr/local/bin/cmake /home/hamilton/souzou/souzoukougaku14/src/cat_messages -DAMENT_CMAKE_SYMLINK_INSTALL=1 -DCMAKE_INSTALL_PREFIX=/home/hamilton/souzou/install/cat_messages
[1.395s] Invoking command in '/home/hamilton/souzou/build/cat_messages': CMAKE_PREFIX_PATH=/opt/ros/humble /usr/local/bin/cmake --build /home/hamilton/souzou/build/cat_messages -- -j8 -l8
[1.434s] [  2%] Built target cat_messages__cpp
[1.448s] [  2%] Built target ament_cmake_python_symlink_cat_messages
[1.449s] [ 12%] Built target cat_messages__rosidl_generator_c
[1.460s] [ 23%] Built target cat_messages__rosidl_typesupport_cpp
[1.468s] [ 34%] Built target cat_messages__rosidl_typesupport_introspection_c
[1.474s] [ 44%] Built target cat_messages__rosidl_typesupport_fastrtps_c
[1.475s] [ 55%] Built target cat_messages__rosidl_typesupport_fastrtps_cpp
[1.479s] [ 65%] Built target cat_messages__rosidl_typesupport_c
[1.483s] [ 76%] Built target cat_messages__rosidl_typesupport_introspection_cpp
[1.504s] [ 76%] Built target cat_messages
[1.520s] [ 78%] Built target cat_messages__py
[1.534s] [ 87%] Built target cat_messages__rosidl_generator_py
[1.551s] [ 91%] Built target cat_messages__rosidl_typesupport_fastrtps_c__pyext
[1.554s] [ 95%] Built target cat_messages__rosidl_typesupport_c__pyext
[1.554s] [100%] Built target cat_messages__rosidl_typesupport_introspection_c__pyext
[1.692s] running egg_info
[1.724s] writing cat_messages.egg-info/PKG-INFO
[1.724s] writing dependency_links to cat_messages.egg-info/dependency_links.txt
[1.724s] writing top-level names to cat_messages.egg-info/top_level.txt
[1.782s] reading manifest file 'cat_messages.egg-info/SOURCES.txt'
[1.783s] writing manifest file 'cat_messages.egg-info/SOURCES.txt'
[1.804s] [100%] Built target ament_cmake_python_build_cat_messages_egg
[1.810s] Invoked command in '/home/hamilton/souzou/build/cat_messages' returned '0': CMAKE_PREFIX_PATH=/opt/ros/humble /usr/local/bin/cmake --build /home/hamilton/souzou/build/cat_messages -- -j8 -l8
[1.816s] Invoking command in '/home/hamilton/souzou/build/cat_messages': CMAKE_PREFIX_PATH=/opt/ros/humble /usr/local/bin/cmake --install /home/hamilton/souzou/build/cat_messages
[1.819s] -- Install configuration: ""
[1.820s] -- Execute custom install script
[1.820s] -- Up-to-date symlink: /home/hamilton/souzou/install/cat_messages/share/ament_index/resource_index/rosidl_interfaces/cat_messages
[1.820s] -- Up-to-date symlink: /home/hamilton/souzou/install/cat_messages/include/cat_messages/cat_messages/msg/detail/joy_cat__functions.h
[1.820s] -- Up-to-date symlink: /home/hamilton/souzou/install/cat_messages/include/cat_messages/cat_messages/msg/detail/joy_cat__struct.h
[1.820s] -- Up-to-date symlink: /home/hamilton/souzou/install/cat_messages/include/cat_messages/cat_messages/msg/detail/joy_cat__type_support.h
[1.821s] -- Up-to-date symlink: /home/hamilton/souzou/install/cat_messages/include/cat_messages/cat_messages/msg/detail/senser__functions.h
[1.821s] -- Up-to-date symlink: /home/hamilton/souzou/install/cat_messages/include/cat_messages/cat_messages/msg/detail/senser__struct.h
[1.821s] -- Up-to-date symlink: /home/hamilton/souzou/install/cat_messages/include/cat_messages/cat_messages/msg/detail/senser__type_support.h
[1.821s] -- Up-to-date symlink: /home/hamilton/souzou/install/cat_messages/include/cat_messages/cat_messages/msg/detail/vel__functions.h
[1.821s] -- Up-to-date symlink: /home/hamilton/souzou/install/cat_messages/include/cat_messages/cat_messages/msg/detail/vel__struct.h
[1.821s] -- Up-to-date symlink: /home/hamilton/souzou/install/cat_messages/include/cat_messages/cat_messages/msg/detail/vel__type_support.h
[1.821s] -- Up-to-date symlink: /home/hamilton/souzou/install/cat_messages/include/cat_messages/cat_messages/msg/joy_cat.h
[1.821s] -- Up-to-date symlink: /home/hamilton/souzou/install/cat_messages/include/cat_messages/cat_messages/msg/rosidl_generator_c__visibility_control.h
[1.821s] -- Up-to-date symlink: /home/hamilton/souzou/install/cat_messages/include/cat_messages/cat_messages/msg/senser.h
[1.821s] -- Up-to-date symlink: /home/hamilton/souzou/install/cat_messages/include/cat_messages/cat_messages/msg/vel.h
[1.822s] -- Up-to-date symlink: /home/hamilton/souzou/install/cat_messages/share/cat_messages/environment/library_path.sh
[1.822s] -- Up-to-date symlink: /home/hamilton/souzou/install/cat_messages/share/cat_messages/environment/library_path.dsv
[1.822s] -- Up-to-date symlink: /home/hamilton/souzou/install/cat_messages/include/cat_messages/cat_messages/msg/detail/joy_cat__rosidl_typesupport_fastrtps_c.h
[1.822s] -- Up-to-date symlink: /home/hamilton/souzou/install/cat_messages/include/cat_messages/cat_messages/msg/detail/senser__rosidl_typesupport_fastrtps_c.h
[1.822s] -- Up-to-date symlink: /home/hamilton/souzou/install/cat_messages/include/cat_messages/cat_messages/msg/detail/vel__rosidl_typesupport_fastrtps_c.h
[1.822s] -- Up-to-date symlink: /home/hamilton/souzou/install/cat_messages/include/cat_messages/cat_messages/msg/rosidl_typesupport_fastrtps_c__visibility_control.h
[1.822s] -- Up-to-date symlink: /home/hamilton/souzou/install/cat_messages/include/cat_messages/cat_messages/msg/detail/joy_cat__rosidl_typesupport_introspection_c.h
[1.822s] -- Up-to-date symlink: /home/hamilton/souzou/install/cat_messages/include/cat_messages/cat_messages/msg/detail/senser__rosidl_typesupport_introspection_c.h
[1.822s] -- Up-to-date symlink: /home/hamilton/souzou/install/cat_messages/include/cat_messages/cat_messages/msg/detail/vel__rosidl_typesupport_introspection_c.h
[1.823s] -- Up-to-date symlink: /home/hamilton/souzou/install/cat_messages/include/cat_messages/cat_messages/msg/rosidl_typesupport_introspection_c__visibility_control.h
[1.823s] -- Up-to-date symlink: /home/hamilton/souzou/install/cat_messages/include/cat_messages/cat_messages/msg/detail/joy_cat__builder.hpp
[1.823s] -- Up-to-date symlink: /home/hamilton/souzou/install/cat_messages/include/cat_messages/cat_messages/msg/detail/joy_cat__struct.hpp
[1.823s] -- Up-to-date symlink: /home/hamilton/souzou/install/cat_messages/include/cat_messages/cat_messages/msg/detail/joy_cat__traits.hpp
[1.823s] -- Up-to-date symlink: /home/hamilton/souzou/install/cat_messages/include/cat_messages/cat_messages/msg/detail/joy_cat__type_support.hpp
[1.823s] -- Up-to-date symlink: /home/hamilton/souzou/install/cat_messages/include/cat_messages/cat_messages/msg/detail/senser__builder.hpp
[1.823s] -- Up-to-date symlink: /home/hamilton/souzou/install/cat_messages/include/cat_messages/cat_messages/msg/detail/senser__struct.hpp
[1.823s] -- Up-to-date symlink: /home/hamilton/souzou/install/cat_messages/include/cat_messages/cat_messages/msg/detail/senser__traits.hpp
[1.823s] -- Up-to-date symlink: /home/hamilton/souzou/install/cat_messages/include/cat_messages/cat_messages/msg/detail/senser__type_support.hpp
[1.823s] -- Up-to-date symlink: /home/hamilton/souzou/install/cat_messages/include/cat_messages/cat_messages/msg/detail/vel__builder.hpp
[1.823s] -- Up-to-date symlink: /home/hamilton/souzou/install/cat_messages/include/cat_messages/cat_messages/msg/detail/vel__struct.hpp
[1.824s] -- Up-to-date symlink: /home/hamilton/souzou/install/cat_messages/include/cat_messages/cat_messages/msg/detail/vel__traits.hpp
[1.824s] -- Up-to-date symlink: /home/hamilton/souzou/install/cat_messages/include/cat_messages/cat_messages/msg/detail/vel__type_support.hpp
[1.824s] -- Up-to-date symlink: /home/hamilton/souzou/install/cat_messages/include/cat_messages/cat_messages/msg/joy_cat.hpp
[1.824s] -- Up-to-date symlink: /home/hamilton/souzou/install/cat_messages/include/cat_messages/cat_messages/msg/rosidl_generator_cpp__visibility_control.hpp
[1.824s] -- Up-to-date symlink: /home/hamilton/souzou/install/cat_messages/include/cat_messages/cat_messages/msg/senser.hpp
[1.824s] -- Up-to-date symlink: /home/hamilton/souzou/install/cat_messages/include/cat_messages/cat_messages/msg/vel.hpp
[1.824s] -- Up-to-date symlink: /home/hamilton/souzou/install/cat_messages/include/cat_messages/cat_messages/msg/detail/joy_cat__rosidl_typesupport_fastrtps_cpp.hpp
[1.824s] -- Up-to-date symlink: /home/hamilton/souzou/install/cat_messages/include/cat_messages/cat_messages/msg/detail/senser__rosidl_typesupport_fastrtps_cpp.hpp
[1.824s] -- Up-to-date symlink: /home/hamilton/souzou/install/cat_messages/include/cat_messages/cat_messages/msg/detail/vel__rosidl_typesupport_fastrtps_cpp.hpp
[1.824s] -- Up-to-date symlink: /home/hamilton/souzou/install/cat_messages/include/cat_messages/cat_messages/msg/rosidl_typesupport_fastrtps_cpp__visibility_control.h
[1.824s] -- Up-to-date symlink: /home/hamilton/souzou/install/cat_messages/include/cat_messages/cat_messages/msg/detail/joy_cat__rosidl_typesupport_introspection_cpp.hpp
[1.825s] -- Up-to-date symlink: /home/hamilton/souzou/install/cat_messages/include/cat_messages/cat_messages/msg/detail/senser__rosidl_typesupport_introspection_cpp.hpp
[1.825s] -- Up-to-date symlink: /home/hamilton/souzou/install/cat_messages/include/cat_messages/cat_messages/msg/detail/vel__rosidl_typesupport_introspection_cpp.hpp
[1.825s] -- Up-to-date symlink: /home/hamilton/souzou/install/cat_messages/share/cat_messages/environment/pythonpath.sh
[1.825s] -- Up-to-date symlink: /home/hamilton/souzou/install/cat_messages/share/cat_messages/environment/pythonpath.dsv
[1.825s] -- Up-to-date symlink: /home/hamilton/souzou/install/cat_messages/local/lib/python3.10/dist-packages/cat_messages-0.0.0-py3.10.egg-info/PKG-INFO
[1.825s] -- Up-to-date symlink: /home/hamilton/souzou/install/cat_messages/local/lib/python3.10/dist-packages/cat_messages-0.0.0-py3.10.egg-info/SOURCES.txt
[1.825s] -- Up-to-date symlink: /home/hamilton/souzou/install/cat_messages/local/lib/python3.10/dist-packages/cat_messages-0.0.0-py3.10.egg-info/dependency_links.txt
[1.825s] -- Up-to-date symlink: /home/hamilton/souzou/install/cat_messages/local/lib/python3.10/dist-packages/cat_messages-0.0.0-py3.10.egg-info/top_level.txt
[1.826s] -- Up-to-date symlink: /home/hamilton/souzou/install/cat_messages/local/lib/python3.10/dist-packages/cat_messages/__init__.py
[1.826s] -- Up-to-date symlink: /home/hamilton/souzou/install/cat_messages/local/lib/python3.10/dist-packages/cat_messages/_cat_messages_s.ep.rosidl_typesupport_c.c
[1.826s] -- Up-to-date symlink: /home/hamilton/souzou/install/cat_messages/local/lib/python3.10/dist-packages/cat_messages/_cat_messages_s.ep.rosidl_typesupport_fastrtps_c.c
[1.826s] -- Up-to-date symlink: /home/hamilton/souzou/install/cat_messages/local/lib/python3.10/dist-packages/cat_messages/_cat_messages_s.ep.rosidl_typesupport_introspection_c.c
[1.826s] -- Up-to-date symlink: /home/hamilton/souzou/install/cat_messages/local/lib/python3.10/dist-packages/cat_messages/cat_messages_s__rosidl_typesupport_c.cpython-310-x86_64-linux-gnu.so
[1.826s] -- Up-to-date symlink: /home/hamilton/souzou/install/cat_messages/local/lib/python3.10/dist-packages/cat_messages/cat_messages_s__rosidl_typesupport_fastrtps_c.cpython-310-x86_64-linux-gnu.so
[1.826s] -- Up-to-date symlink: /home/hamilton/souzou/install/cat_messages/local/lib/python3.10/dist-packages/cat_messages/cat_messages_s__rosidl_typesupport_introspection_c.cpython-310-x86_64-linux-gnu.so
[1.826s] -- Up-to-date symlink: /home/hamilton/souzou/install/cat_messages/local/lib/python3.10/dist-packages/cat_messages/libcat_messages__rosidl_generator_py.so
[1.826s] -- Up-to-date symlink: /home/hamilton/souzou/install/cat_messages/local/lib/python3.10/dist-packages/cat_messages/msg/__init__.py
[1.826s] -- Up-to-date symlink: /home/hamilton/souzou/install/cat_messages/local/lib/python3.10/dist-packages/cat_messages/msg/_joy_cat.py
[1.827s] -- Up-to-date symlink: /home/hamilton/souzou/install/cat_messages/local/lib/python3.10/dist-packages/cat_messages/msg/_joy_cat_s.c
[1.827s] -- Up-to-date symlink: /home/hamilton/souzou/install/cat_messages/local/lib/python3.10/dist-packages/cat_messages/msg/_senser.py
[1.827s] -- Up-to-date symlink: /home/hamilton/souzou/install/cat_messages/local/lib/python3.10/dist-packages/cat_messages/msg/_senser_s.c
[1.827s] -- Up-to-date symlink: /home/hamilton/souzou/install/cat_messages/local/lib/python3.10/dist-packages/cat_messages/msg/_vel.py
[1.827s] -- Up-to-date symlink: /home/hamilton/souzou/install/cat_messages/local/lib/python3.10/dist-packages/cat_messages/msg/_vel_s.c
[1.827s] -- Up-to-date symlink: /home/hamilton/souzou/install/cat_messages/local/lib/python3.10/dist-packages/cat_messages/cat_messages_s__rosidl_typesupport_fastrtps_c.cpython-310-x86_64-linux-gnu.so
[1.827s] -- Up-to-date symlink: /home/hamilton/souzou/install/cat_messages/local/lib/python3.10/dist-packages/cat_messages/cat_messages_s__rosidl_typesupport_introspection_c.cpython-310-x86_64-linux-gnu.so
[1.827s] -- Up-to-date symlink: /home/hamilton/souzou/install/cat_messages/local/lib/python3.10/dist-packages/cat_messages/cat_messages_s__rosidl_typesupport_c.cpython-310-x86_64-linux-gnu.so
[1.827s] -- Up-to-date symlink: /home/hamilton/souzou/install/cat_messages/share/cat_messages/msg/JoyCat.idl
[1.827s] -- Up-to-date symlink: /home/hamilton/souzou/install/cat_messages/share/cat_messages/msg/Senser.idl
[1.827s] -- Up-to-date symlink: /home/hamilton/souzou/install/cat_messages/share/cat_messages/msg/Vel.idl
[1.828s] -- Up-to-date symlink: /home/hamilton/souzou/install/cat_messages/share/cat_messages/msg/JoyCat.msg
[1.828s] -- Up-to-date symlink: /home/hamilton/souzou/install/cat_messages/share/cat_messages/msg/Senser.msg
[1.828s] -- Up-to-date symlink: /home/hamilton/souzou/install/cat_messages/share/cat_messages/msg/Vel.msg
[1.828s] -- Up-to-date symlink: /home/hamilton/souzou/install/cat_messages/share/ament_index/resource_index/package_run_dependencies/cat_messages
[1.828s] -- Up-to-date symlink: /home/hamilton/souzou/install/cat_messages/share/ament_index/resource_index/parent_prefix_path/cat_messages
[1.828s] -- Up-to-date symlink: /home/hamilton/souzou/install/cat_messages/share/cat_messages/environment/ament_prefix_path.sh
[1.828s] -- Up-to-date symlink: /home/hamilton/souzou/install/cat_messages/share/cat_messages/environment/ament_prefix_path.dsv
[1.828s] -- Up-to-date symlink: /home/hamilton/souzou/install/cat_messages/share/cat_messages/environment/path.sh
[1.828s] -- Up-to-date symlink: /home/hamilton/souzou/install/cat_messages/share/cat_messages/environment/path.dsv
[1.829s] -- Up-to-date symlink: /home/hamilton/souzou/install/cat_messages/share/cat_messages/local_setup.bash
[1.829s] -- Up-to-date symlink: /home/hamilton/souzou/install/cat_messages/share/cat_messages/local_setup.sh
[1.829s] -- Up-to-date symlink: /home/hamilton/souzou/install/cat_messages/share/cat_messages/local_setup.zsh
[1.829s] -- Up-to-date symlink: /home/hamilton/souzou/install/cat_messages/share/cat_messages/local_setup.dsv
[1.829s] -- Symlinking: /home/hamilton/souzou/install/cat_messages/share/cat_messages/package.dsv
[1.836s] -- Up-to-date symlink: /home/hamilton/souzou/install/cat_messages/share/ament_index/resource_index/packages/cat_messages
[1.836s] -- Up-to-date symlink: /home/hamilton/souzou/install/cat_messages/share/cat_messages/cmake/rosidl_cmake-extras.cmake
[1.836s] -- Up-to-date symlink: /home/hamilton/souzou/install/cat_messages/share/cat_messages/cmake/ament_cmake_export_include_directories-extras.cmake
[1.836s] -- Up-to-date symlink: /home/hamilton/souzou/install/cat_messages/share/cat_messages/cmake/ament_cmake_export_libraries-extras.cmake
[1.836s] -- Up-to-date symlink: /home/hamilton/souzou/install/cat_messages/share/cat_messages/cmake/ament_cmake_export_targets-extras.cmake
[1.837s] -- Up-to-date symlink: /home/hamilton/souzou/install/cat_messages/share/cat_messages/cmake/rosidl_cmake_export_typesupport_targets-extras.cmake
[1.837s] -- Up-to-date symlink: /home/hamilton/souzou/install/cat_messages/share/cat_messages/cmake/ament_cmake_export_dependencies-extras.cmake
[1.837s] -- Up-to-date symlink: /home/hamilton/souzou/install/cat_messages/share/cat_messages/cmake/rosidl_cmake_export_typesupport_libraries-extras.cmake
[1.837s] -- Up-to-date symlink: /home/hamilton/souzou/install/cat_messages/share/cat_messages/cmake/cat_messagesConfig.cmake
[1.837s] -- Up-to-date symlink: /home/hamilton/souzou/install/cat_messages/share/cat_messages/cmake/cat_messagesConfig-version.cmake
[1.837s] -- Up-to-date symlink: /home/hamilton/souzou/install/cat_messages/share/cat_messages/package.xml
[1.837s] -- Up-to-date: /home/hamilton/souzou/install/cat_messages/lib/libcat_messages__rosidl_generator_c.so
[1.838s] -- Up-to-date: /home/hamilton/souzou/install/cat_messages/lib/libcat_messages__rosidl_typesupport_fastrtps_c.so
[1.838s] -- Up-to-date: /home/hamilton/souzou/install/cat_messages/lib/libcat_messages__rosidl_typesupport_introspection_c.so
[1.838s] -- Up-to-date: /home/hamilton/souzou/install/cat_messages/lib/libcat_messages__rosidl_typesupport_c.so
[1.839s] -- Up-to-date: /home/hamilton/souzou/install/cat_messages/lib/libcat_messages__rosidl_typesupport_fastrtps_cpp.so
[1.839s] -- Up-to-date: /home/hamilton/souzou/install/cat_messages/lib/libcat_messages__rosidl_typesupport_introspection_cpp.so
[1.839s] -- Up-to-date: /home/hamilton/souzou/install/cat_messages/lib/libcat_messages__rosidl_typesupport_cpp.so
[1.866s] Listing '/home/hamilton/souzou/install/cat_messages/local/lib/python3.10/dist-packages/cat_messages'...
[1.866s] Compiling '/home/hamilton/souzou/install/cat_messages/local/lib/python3.10/dist-packages/cat_messages/__init__.py'...
[1.866s] Listing '/home/hamilton/souzou/install/cat_messages/local/lib/python3.10/dist-packages/cat_messages/msg'...
[1.870s] -- Up-to-date: /home/hamilton/souzou/install/cat_messages/lib/libcat_messages__rosidl_generator_py.so
[1.870s] -- Up-to-date: /home/hamilton/souzou/install/cat_messages/share/cat_messages/cmake/export_cat_messages__rosidl_generator_cExport.cmake
[1.870s] -- Up-to-date: /home/hamilton/souzou/install/cat_messages/share/cat_messages/cmake/export_cat_messages__rosidl_generator_cExport-noconfig.cmake
[1.871s] -- Up-to-date: /home/hamilton/souzou/install/cat_messages/share/cat_messages/cmake/export_cat_messages__rosidl_typesupport_fastrtps_cExport.cmake
[1.871s] -- Up-to-date: /home/hamilton/souzou/install/cat_messages/share/cat_messages/cmake/export_cat_messages__rosidl_typesupport_fastrtps_cExport-noconfig.cmake
[1.871s] -- Up-to-date: /home/hamilton/souzou/install/cat_messages/share/cat_messages/cmake/cat_messages__rosidl_typesupport_introspection_cExport.cmake
[1.871s] -- Up-to-date: /home/hamilton/souzou/install/cat_messages/share/cat_messages/cmake/cat_messages__rosidl_typesupport_introspection_cExport-noconfig.cmake
[1.871s] -- Up-to-date: /home/hamilton/souzou/install/cat_messages/share/cat_messages/cmake/cat_messages__rosidl_typesupport_cExport.cmake
[1.871s] -- Up-to-date: /home/hamilton/souzou/install/cat_messages/share/cat_messages/cmake/cat_messages__rosidl_typesupport_cExport-noconfig.cmake
[1.871s] -- Up-to-date: /home/hamilton/souzou/install/cat_messages/share/cat_messages/cmake/export_cat_messages__rosidl_generator_cppExport.cmake
[1.871s] -- Up-to-date: /home/hamilton/souzou/install/cat_messages/share/cat_messages/cmake/export_cat_messages__rosidl_typesupport_fastrtps_cppExport.cmake
[1.871s] -- Up-to-date: /home/hamilton/souzou/install/cat_messages/share/cat_messages/cmake/export_cat_messages__rosidl_typesupport_fastrtps_cppExport-noconfig.cmake
[1.871s] -- Up-to-date: /home/hamilton/souzou/install/cat_messages/share/cat_messages/cmake/cat_messages__rosidl_typesupport_introspection_cppExport.cmake
[1.871s] -- Up-to-date: /home/hamilton/souzou/install/cat_messages/share/cat_messages/cmake/cat_messages__rosidl_typesupport_introspection_cppExport-noconfig.cmake
[1.872s] -- Up-to-date: /home/hamilton/souzou/install/cat_messages/share/cat_messages/cmake/cat_messages__rosidl_typesupport_cppExport.cmake
[1.872s] -- Up-to-date: /home/hamilton/souzou/install/cat_messages/share/cat_messages/cmake/cat_messages__rosidl_typesupport_cppExport-noconfig.cmake
[1.872s] -- Up-to-date: /home/hamilton/souzou/install/cat_messages/share/cat_messages/cmake/export_cat_messages__rosidl_generator_pyExport.cmake
[1.872s] -- Up-to-date: /home/hamilton/souzou/install/cat_messages/share/cat_messages/cmake/export_cat_messages__rosidl_generator_pyExport-noconfig.cmake
[1.874s] Invoked command in '/home/hamilton/souzou/build/cat_messages' returned '0': CMAKE_PREFIX_PATH=/opt/ros/humble /usr/local/bin/cmake --install /home/hamilton/souzou/build/cat_messages
