[0.019s] Invoking command in '/home/hamilton/souzou/build/cat_messages': CMAKE_PREFIX_PATH=/opt/ros/humble /usr/local/bin/cmake /home/hamilton/souzou/souzoukougaku14/src/cat_messages -DCMAKE_INSTALL_PREFIX=/home/hamilton/souzou/install/cat_messages
[0.194s] [0mCMake Deprecation Warning at CMakeLists.txt:1 (cmake_minimum_required):
[0.195s]   Compatibility with CMake < 3.10 will be removed from a future version of
[0.195s]   CMake.
[0.195s] 
[0.195s]   Update the VERSION argument <min> value.  Or, use the <min>...<max> syntax
[0.195s]   to tell CMake that the project requires at least <min> but has been updated
[0.195s]   to work with policies introduced by <max> or earlier.
[0.195s] 
[0.195s] [0m
[0.308s] -- The C compiler identification is GNU 11.4.0
[0.513s] -- The CXX compiler identification is GNU 11.4.0
[0.538s] -- Detecting C compiler ABI info
[0.632s] -- Detecting C compiler ABI info - done
[0.646s] -- Check for working C compiler: /usr/lib/ccache/gcc - skipped
[0.647s] -- Detecting C compile features
[0.648s] -- Detecting C compile features - done
[0.660s] -- Detecting CXX compiler ABI info
[0.739s] -- Detecting CXX compiler ABI info - done
[0.754s] -- Check for working CXX compiler: /usr/lib/ccache/g++ - skipped
[0.754s] -- Detecting CXX compile features
[0.754s] -- Detecting CXX compile features - done
[0.762s] -- Found ament_cmake: 1.3.11 (/opt/ros/humble/share/ament_cmake/cmake)
[0.926s] -- Override CMake install command with custom implementation using symlinks instead of copying resources
[0.962s] -- Found rosidl_default_generators: 1.2.0 (/opt/ros/humble/share/rosidl_default_generators/cmake)
[0.967s] -- Using all available rosidl_typesupport_c: rosidl_typesupport_fastrtps_c;rosidl_typesupport_introspection_c
[0.975s] -- Found rosidl_adapter: 3.1.6 (/opt/ros/humble/share/rosidl_adapter/cmake)
[1.023s] -- Using all available rosidl_typesupport_cpp: rosidl_typesupport_fastrtps_cpp;rosidl_typesupport_introspection_cpp
[1.404s] -- Found ament_cmake_ros: 0.10.0 (/opt/ros/humble/share/ament_cmake_ros/cmake)
[1.749s] -- Using all available rosidl_typesupport_c: rosidl_typesupport_fastrtps_c;rosidl_typesupport_introspection_c
[2.159s] -- Using all available rosidl_typesupport_cpp: rosidl_typesupport_fastrtps_cpp;rosidl_typesupport_introspection_cpp
[2.162s] [33mCMake Warning (dev) at /opt/ros/humble/share/rosidl_generator_py/cmake/rosidl_generator_py_generate_interfaces.cmake:20 (find_package):
[2.162s]   Policy CMP0148 is not set: The FindPythonInterp and FindPythonLibs modules
[2.162s]   are removed.  Run "cmake --help-policy CMP0148" for policy details.  Use
[2.162s]   the cmake_policy command to set the policy and suppress this warning.
[2.162s] 
[2.162s] Call Stack (most recent call first):
[2.162s]   /opt/ros/humble/share/ament_cmake_core/cmake/core/ament_execute_extensions.cmake:48 (include)
[2.162s]   /opt/ros/humble/share/rosidl_cmake/cmake/rosidl_generate_interfaces.cmake:286 (ament_execute_extensions)
[2.162s]   CMakeLists.txt:14 (rosidl_generate_interfaces)
[2.162s] This warning is for project developers.  Use -Wno-dev to suppress it.
[2.162s] [0m
[2.179s] -- Found python_cmake_module: 0.10.0 (/opt/ros/humble/share/python_cmake_module/cmake)
[2.180s] [33mCMake Warning (dev) at /opt/ros/humble/share/python_cmake_module/cmake/Modules/FindPythonExtra.cmake:52 (find_package):
[2.180s]   Policy CMP0148 is not set: The FindPythonInterp and FindPythonLibs modules
[2.180s]   are removed.  Run "cmake --help-policy CMP0148" for policy details.  Use
[2.180s]   the cmake_policy command to set the policy and suppress this warning.
[2.180s] 
[2.180s] Call Stack (most recent call first):
[2.180s]   /opt/ros/humble/share/rosidl_generator_py/cmake/rosidl_generator_py_generate_interfaces.cmake:23 (find_package)
[2.180s]   /opt/ros/humble/share/ament_cmake_core/cmake/core/ament_execute_extensions.cmake:48 (include)
[2.180s]   /opt/ros/humble/share/rosidl_cmake/cmake/rosidl_generate_interfaces.cmake:286 (ament_execute_extensions)
[2.180s]   CMakeLists.txt:14 (rosidl_generate_interfaces)
[2.180s] This warning is for project developers.  Use -Wno-dev to suppress it.
[2.180s] [0m
[2.195s] [33mCMake Warning (dev) at /opt/ros/humble/share/python_cmake_module/cmake/Modules/FindPythonExtra.cmake:140 (find_package):
[2.195s]   Policy CMP0148 is not set: The FindPythonInterp and FindPythonLibs modules
[2.195s]   are removed.  Run "cmake --help-policy CMP0148" for policy details.  Use
[2.196s]   the cmake_policy command to set the policy and suppress this warning.
[2.196s] 
[2.196s] Call Stack (most recent call first):
[2.196s]   /opt/ros/humble/share/rosidl_generator_py/cmake/rosidl_generator_py_generate_interfaces.cmake:23 (find_package)
[2.196s]   /opt/ros/humble/share/ament_cmake_core/cmake/core/ament_execute_extensions.cmake:48 (include)
[2.196s]   /opt/ros/humble/share/rosidl_cmake/cmake/rosidl_generate_interfaces.cmake:286 (ament_execute_extensions)
[2.196s]   CMakeLists.txt:14 (rosidl_generate_interfaces)
[2.196s] This warning is for project developers.  Use -Wno-dev to suppress it.
[2.196s] [0m
[2.200s] -- Using PYTHON_EXECUTABLE: /usr/bin/python3
[2.200s] -- Using PYTHON_INCLUDE_DIRS: /usr/include/python3.10
[2.200s] -- Using PYTHON_LIBRARIES: /usr/lib/x86_64-linux-gnu/libpython3.10.so
[2.213s] -- Found ament_lint_auto: 0.12.11 (/opt/ros/humble/share/ament_lint_auto/cmake)
[2.250s] -- Added test 'lint_cmake' to check CMake code style
[2.252s] -- Added test 'xmllint' to check XML markup files
[2.257s] -- Configuring done (2.2s)
[2.311s] -- Generating done (0.1s)
[2.318s] -- Build files have been written to: /home/hamilton/souzou/build/cat_messages
[2.324s] Invoked command in '/home/hamilton/souzou/build/cat_messages' returned '0': CMAKE_PREFIX_PATH=/opt/ros/humble /usr/local/bin/cmake /home/hamilton/souzou/souzoukougaku14/src/cat_messages -DCMAKE_INSTALL_PREFIX=/home/hamilton/souzou/install/cat_messages
[2.326s] Invoking command in '/home/hamilton/souzou/build/cat_messages': CMAKE_PREFIX_PATH=/opt/ros/humble /usr/local/bin/cmake --build /home/hamilton/souzou/build/cat_messages -- -j8 -l8
[2.349s] [  2%] Built target cat_messages__cpp
[2.352s] [  2%] Built target ament_cmake_python_symlink_cat_messages
[2.355s] [  4%] [32mBuilding C object CMakeFiles/cat_messages__rosidl_generator_c.dir/rosidl_generator_c/cat_messages/msg/detail/joy_cat__functions.c.o[0m
[2.355s] [  6%] [32mBuilding C object CMakeFiles/cat_messages__rosidl_generator_c.dir/rosidl_generator_c/cat_messages/msg/detail/senser__functions.c.o[0m
[2.358s] [  8%] [32mBuilding C object CMakeFiles/cat_messages__rosidl_generator_c.dir/rosidl_generator_c/cat_messages/msg/detail/vel__functions.c.o[0m
[2.385s] [ 12%] [32mBuilding CXX object CMakeFiles/cat_messages__rosidl_typesupport_introspection_cpp.dir/rosidl_typesupport_introspection_cpp/cat_messages/msg/detail/joy_cat__type_support.cpp.o[0m
[2.385s] [ 12%] [32mBuilding CXX object CMakeFiles/cat_messages__rosidl_typesupport_fastrtps_cpp.dir/rosidl_typesupport_fastrtps_cpp/cat_messages/msg/detail/dds_fastrtps/joy_cat__type_support.cpp.o[0m
[2.385s] [ 14%] [32mBuilding CXX object CMakeFiles/cat_messages__rosidl_typesupport_introspection_cpp.dir/rosidl_typesupport_introspection_cpp/cat_messages/msg/detail/senser__type_support.cpp.o[0m
[2.385s] [ 17%] [32mBuilding CXX object CMakeFiles/cat_messages__rosidl_typesupport_cpp.dir/rosidl_typesupport_cpp/cat_messages/msg/joy_cat__type_support.cpp.o[0m
[2.475s] [ 19%] [32mBuilding CXX object CMakeFiles/cat_messages__rosidl_typesupport_fastrtps_cpp.dir/rosidl_typesupport_fastrtps_cpp/cat_messages/msg/detail/dds_fastrtps/senser__type_support.cpp.o[0m
[2.477s] [ 21%] [32mBuilding CXX object CMakeFiles/cat_messages__rosidl_typesupport_fastrtps_cpp.dir/rosidl_typesupport_fastrtps_cpp/cat_messages/msg/detail/dds_fastrtps/vel__type_support.cpp.o[0m
[2.478s] [ 23%] [32m[1mLinking C shared library libcat_messages__rosidl_generator_c.so[0m
[2.536s] [ 25%] Built target cat_messages__rosidl_generator_c
[2.544s] [ 27%] [32mBuilding CXX object CMakeFiles/cat_messages__rosidl_typesupport_cpp.dir/rosidl_typesupport_cpp/cat_messages/msg/senser__type_support.cpp.o[0m
[2.645s] running egg_info
[2.674s] writing cat_messages.egg-info/PKG-INFO
[2.675s] writing dependency_links to cat_messages.egg-info/dependency_links.txt
[2.676s] writing top-level names to cat_messages.egg-info/top_level.txt
[2.756s] reading manifest file 'cat_messages.egg-info/SOURCES.txt'
[2.761s] writing manifest file 'cat_messages.egg-info/SOURCES.txt'
[2.803s] [ 27%] Built target ament_cmake_python_build_cat_messages_egg
[2.833s] [ 29%] [32mBuilding CXX object CMakeFiles/cat_messages__rosidl_typesupport_fastrtps_c.dir/rosidl_typesupport_fastrtps_c/cat_messages/msg/detail/joy_cat__type_support_c.cpp.o[0m
[2.969s] [ 31%] [32mBuilding CXX object CMakeFiles/cat_messages__rosidl_typesupport_cpp.dir/rosidl_typesupport_cpp/cat_messages/msg/vel__type_support.cpp.o[0m
[3.161s] [ 34%] [32mBuilding CXX object CMakeFiles/cat_messages__rosidl_typesupport_introspection_cpp.dir/rosidl_typesupport_introspection_cpp/cat_messages/msg/detail/vel__type_support.cpp.o[0m
[3.212s] [ 36%] [32mBuilding CXX object CMakeFiles/cat_messages__rosidl_typesupport_fastrtps_c.dir/rosidl_typesupport_fastrtps_c/cat_messages/msg/detail/senser__type_support_c.cpp.o[0m
[3.346s] [ 38%] [32mBuilding CXX object CMakeFiles/cat_messages__rosidl_typesupport_fastrtps_c.dir/rosidl_typesupport_fastrtps_c/cat_messages/msg/detail/vel__type_support_c.cpp.o[0m
[3.371s] [ 40%] [32mBuilding C object CMakeFiles/cat_messages__rosidl_typesupport_introspection_c.dir/rosidl_typesupport_introspection_c/cat_messages/msg/detail/joy_cat__type_support.c.o[0m
[3.378s] [ 42%] [32mBuilding CXX object CMakeFiles/cat_messages__rosidl_typesupport_c.dir/rosidl_typesupport_c/cat_messages/msg/joy_cat__type_support.cpp.o[0m
[3.503s] [ 44%] [32mBuilding CXX object CMakeFiles/cat_messages__rosidl_typesupport_c.dir/rosidl_typesupport_c/cat_messages/msg/senser__type_support.cpp.o[0m
[3.529s] [ 46%] [32mBuilding C object CMakeFiles/cat_messages__rosidl_typesupport_introspection_c.dir/rosidl_typesupport_introspection_c/cat_messages/msg/detail/senser__type_support.c.o[0m
[3.556s] [ 48%] [32m[1mLinking CXX shared library libcat_messages__rosidl_typesupport_fastrtps_cpp.so[0m
[3.567s] [ 51%] [32mBuilding C object CMakeFiles/cat_messages__rosidl_typesupport_introspection_c.dir/rosidl_typesupport_introspection_c/cat_messages/msg/detail/vel__type_support.c.o[0m
[3.664s] [ 53%] [32mBuilding CXX object CMakeFiles/cat_messages__rosidl_typesupport_c.dir/rosidl_typesupport_c/cat_messages/msg/vel__type_support.cpp.o[0m
[3.695s] [ 55%] [32m[1mLinking C shared library libcat_messages__rosidl_typesupport_introspection_c.so[0m
[3.751s] [ 57%] Built target cat_messages__rosidl_typesupport_introspection_c
[3.791s] [ 59%] [32m[1mLinking CXX shared library libcat_messages__rosidl_typesupport_c.so[0m
[3.809s] [ 61%] Built target cat_messages__rosidl_typesupport_fastrtps_cpp
[3.852s] [ 63%] Built target cat_messages__rosidl_typesupport_c
[3.911s] [ 65%] [32m[1mLinking CXX shared library libcat_messages__rosidl_typesupport_cpp.so[0m
[3.998s] [ 68%] Built target cat_messages__rosidl_typesupport_cpp
[4.141s] [ 70%] [32m[1mLinking CXX shared library libcat_messages__rosidl_typesupport_introspection_cpp.so[0m
[4.148s] [ 72%] [32m[1mLinking CXX shared library libcat_messages__rosidl_typesupport_fastrtps_c.so[0m
[4.186s] [ 74%] Built target cat_messages__rosidl_typesupport_introspection_cpp
[4.229s] [ 76%] Built target cat_messages__rosidl_typesupport_fastrtps_c
[4.240s] [ 76%] Built target cat_messages
[4.250s] [ 78%] Built target cat_messages__py
[4.277s] [ 82%] [32mBuilding C object CMakeFiles/cat_messages__rosidl_generator_py.dir/rosidl_generator_py/cat_messages/msg/_joy_cat_s.c.o[0m
[4.277s] [ 82%] [32mBuilding C object CMakeFiles/cat_messages__rosidl_generator_py.dir/rosidl_generator_py/cat_messages/msg/_vel_s.c.o[0m
[4.277s] [ 85%] [32mBuilding C object CMakeFiles/cat_messages__rosidl_generator_py.dir/rosidl_generator_py/cat_messages/msg/_senser_s.c.o[0m
[4.337s] [ 87%] [32m[1mLinking C shared library rosidl_generator_py/cat_messages/libcat_messages__rosidl_generator_py.so[0m
[4.368s] [ 87%] Built target cat_messages__rosidl_generator_py
[4.382s] [ 89%] [32mBuilding C object CMakeFiles/cat_messages__rosidl_typesupport_fastrtps_c__pyext.dir/rosidl_generator_py/cat_messages/_cat_messages_s.ep.rosidl_typesupport_fastrtps_c.c.o[0m
[4.384s] [ 91%] [32mBuilding C object CMakeFiles/cat_messages__rosidl_typesupport_c__pyext.dir/rosidl_generator_py/cat_messages/_cat_messages_s.ep.rosidl_typesupport_c.c.o[0m
[4.385s] [ 93%] [32mBuilding C object CMakeFiles/cat_messages__rosidl_typesupport_introspection_c__pyext.dir/rosidl_generator_py/cat_messages/_cat_messages_s.ep.rosidl_typesupport_introspection_c.c.o[0m
[4.395s] [ 95%] [32m[1mLinking C shared library rosidl_generator_py/cat_messages/cat_messages_s__rosidl_typesupport_fastrtps_c.cpython-310-x86_64-linux-gnu.so[0m
[4.396s] [100%] [32m[1mLinking C shared library rosidl_generator_py/cat_messages/cat_messages_s__rosidl_typesupport_c.cpython-310-x86_64-linux-gnu.so[0m
[4.396s] [100%] [32m[1mLinking C shared library rosidl_generator_py/cat_messages/cat_messages_s__rosidl_typesupport_introspection_c.cpython-310-x86_64-linux-gnu.so[0m
[4.426s] [100%] Built target cat_messages__rosidl_typesupport_introspection_c__pyext
[4.426s] [100%] Built target cat_messages__rosidl_typesupport_fastrtps_c__pyext
[4.426s] [100%] Built target cat_messages__rosidl_typesupport_c__pyext
[4.431s] Invoked command in '/home/hamilton/souzou/build/cat_messages' returned '0': CMAKE_PREFIX_PATH=/opt/ros/humble /usr/local/bin/cmake --build /home/hamilton/souzou/build/cat_messages -- -j8 -l8
[4.437s] Invoking command in '/home/hamilton/souzou/build/cat_messages': CMAKE_PREFIX_PATH=/opt/ros/humble /usr/local/bin/cmake --install /home/hamilton/souzou/build/cat_messages
[4.441s] -- Install configuration: ""
[4.441s] -- Execute custom install script
[4.441s] -- Up-to-date symlink: /home/hamilton/souzou/install/cat_messages/share/ament_index/resource_index/rosidl_interfaces/cat_messages
[4.441s] -- Up-to-date symlink: /home/hamilton/souzou/install/cat_messages/include/cat_messages/cat_messages/msg/detail/joy_cat__functions.h
[4.442s] -- Up-to-date symlink: /home/hamilton/souzou/install/cat_messages/include/cat_messages/cat_messages/msg/detail/joy_cat__struct.h
[4.442s] -- Up-to-date symlink: /home/hamilton/souzou/install/cat_messages/include/cat_messages/cat_messages/msg/detail/joy_cat__type_support.h
[4.442s] -- Up-to-date symlink: /home/hamilton/souzou/install/cat_messages/include/cat_messages/cat_messages/msg/detail/senser__functions.h
[4.442s] -- Up-to-date symlink: /home/hamilton/souzou/install/cat_messages/include/cat_messages/cat_messages/msg/detail/senser__struct.h
[4.442s] -- Up-to-date symlink: /home/hamilton/souzou/install/cat_messages/include/cat_messages/cat_messages/msg/detail/senser__type_support.h
[4.442s] -- Up-to-date symlink: /home/hamilton/souzou/install/cat_messages/include/cat_messages/cat_messages/msg/detail/vel__functions.h
[4.442s] -- Up-to-date symlink: /home/hamilton/souzou/install/cat_messages/include/cat_messages/cat_messages/msg/detail/vel__struct.h
[4.443s] -- Up-to-date symlink: /home/hamilton/souzou/install/cat_messages/include/cat_messages/cat_messages/msg/detail/vel__type_support.h
[4.443s] -- Up-to-date symlink: /home/hamilton/souzou/install/cat_messages/include/cat_messages/cat_messages/msg/joy_cat.h
[4.443s] -- Up-to-date symlink: /home/hamilton/souzou/install/cat_messages/include/cat_messages/cat_messages/msg/rosidl_generator_c__visibility_control.h
[4.443s] -- Up-to-date symlink: /home/hamilton/souzou/install/cat_messages/include/cat_messages/cat_messages/msg/senser.h
[4.443s] -- Up-to-date symlink: /home/hamilton/souzou/install/cat_messages/include/cat_messages/cat_messages/msg/vel.h
[4.443s] -- Up-to-date symlink: /home/hamilton/souzou/install/cat_messages/share/cat_messages/environment/library_path.sh
[4.443s] -- Up-to-date symlink: /home/hamilton/souzou/install/cat_messages/share/cat_messages/environment/library_path.dsv
[4.444s] -- Up-to-date symlink: /home/hamilton/souzou/install/cat_messages/include/cat_messages/cat_messages/msg/detail/joy_cat__rosidl_typesupport_fastrtps_c.h
[4.444s] -- Up-to-date symlink: /home/hamilton/souzou/install/cat_messages/include/cat_messages/cat_messages/msg/detail/senser__rosidl_typesupport_fastrtps_c.h
[4.444s] -- Up-to-date symlink: /home/hamilton/souzou/install/cat_messages/include/cat_messages/cat_messages/msg/detail/vel__rosidl_typesupport_fastrtps_c.h
[4.444s] -- Up-to-date symlink: /home/hamilton/souzou/install/cat_messages/include/cat_messages/cat_messages/msg/rosidl_typesupport_fastrtps_c__visibility_control.h
[4.444s] -- Up-to-date symlink: /home/hamilton/souzou/install/cat_messages/include/cat_messages/cat_messages/msg/detail/joy_cat__rosidl_typesupport_introspection_c.h
[4.444s] -- Up-to-date symlink: /home/hamilton/souzou/install/cat_messages/include/cat_messages/cat_messages/msg/detail/senser__rosidl_typesupport_introspection_c.h
[4.444s] -- Up-to-date symlink: /home/hamilton/souzou/install/cat_messages/include/cat_messages/cat_messages/msg/detail/vel__rosidl_typesupport_introspection_c.h
[4.445s] -- Up-to-date symlink: /home/hamilton/souzou/install/cat_messages/include/cat_messages/cat_messages/msg/rosidl_typesupport_introspection_c__visibility_control.h
[4.445s] -- Up-to-date symlink: /home/hamilton/souzou/install/cat_messages/include/cat_messages/cat_messages/msg/detail/joy_cat__builder.hpp
[4.445s] -- Up-to-date symlink: /home/hamilton/souzou/install/cat_messages/include/cat_messages/cat_messages/msg/detail/joy_cat__struct.hpp
[4.445s] -- Up-to-date symlink: /home/hamilton/souzou/install/cat_messages/include/cat_messages/cat_messages/msg/detail/joy_cat__traits.hpp
[4.445s] -- Up-to-date symlink: /home/hamilton/souzou/install/cat_messages/include/cat_messages/cat_messages/msg/detail/joy_cat__type_support.hpp
[4.445s] -- Up-to-date symlink: /home/hamilton/souzou/install/cat_messages/include/cat_messages/cat_messages/msg/detail/senser__builder.hpp
[4.445s] -- Up-to-date symlink: /home/hamilton/souzou/install/cat_messages/include/cat_messages/cat_messages/msg/detail/senser__struct.hpp
[4.445s] -- Up-to-date symlink: /home/hamilton/souzou/install/cat_messages/include/cat_messages/cat_messages/msg/detail/senser__traits.hpp
[4.446s] -- Up-to-date symlink: /home/hamilton/souzou/install/cat_messages/include/cat_messages/cat_messages/msg/detail/senser__type_support.hpp
[4.446s] -- Up-to-date symlink: /home/hamilton/souzou/install/cat_messages/include/cat_messages/cat_messages/msg/detail/vel__builder.hpp
[4.446s] -- Up-to-date symlink: /home/hamilton/souzou/install/cat_messages/include/cat_messages/cat_messages/msg/detail/vel__struct.hpp
[4.446s] -- Up-to-date symlink: /home/hamilton/souzou/install/cat_messages/include/cat_messages/cat_messages/msg/detail/vel__traits.hpp
[4.446s] -- Up-to-date symlink: /home/hamilton/souzou/install/cat_messages/include/cat_messages/cat_messages/msg/detail/vel__type_support.hpp
[4.446s] -- Up-to-date symlink: /home/hamilton/souzou/install/cat_messages/include/cat_messages/cat_messages/msg/joy_cat.hpp
[4.446s] -- Up-to-date symlink: /home/hamilton/souzou/install/cat_messages/include/cat_messages/cat_messages/msg/rosidl_generator_cpp__visibility_control.hpp
[4.446s] -- Up-to-date symlink: /home/hamilton/souzou/install/cat_messages/include/cat_messages/cat_messages/msg/senser.hpp
[4.446s] -- Up-to-date symlink: /home/hamilton/souzou/install/cat_messages/include/cat_messages/cat_messages/msg/vel.hpp
[4.446s] -- Up-to-date symlink: /home/hamilton/souzou/install/cat_messages/include/cat_messages/cat_messages/msg/detail/joy_cat__rosidl_typesupport_fastrtps_cpp.hpp
[4.447s] -- Up-to-date symlink: /home/hamilton/souzou/install/cat_messages/include/cat_messages/cat_messages/msg/detail/senser__rosidl_typesupport_fastrtps_cpp.hpp
[4.447s] -- Up-to-date symlink: /home/hamilton/souzou/install/cat_messages/include/cat_messages/cat_messages/msg/detail/vel__rosidl_typesupport_fastrtps_cpp.hpp
[4.447s] -- Up-to-date symlink: /home/hamilton/souzou/install/cat_messages/include/cat_messages/cat_messages/msg/rosidl_typesupport_fastrtps_cpp__visibility_control.h
[4.447s] -- Up-to-date symlink: /home/hamilton/souzou/install/cat_messages/include/cat_messages/cat_messages/msg/detail/joy_cat__rosidl_typesupport_introspection_cpp.hpp
[4.447s] -- Up-to-date symlink: /home/hamilton/souzou/install/cat_messages/include/cat_messages/cat_messages/msg/detail/senser__rosidl_typesupport_introspection_cpp.hpp
[4.447s] -- Up-to-date symlink: /home/hamilton/souzou/install/cat_messages/include/cat_messages/cat_messages/msg/detail/vel__rosidl_typesupport_introspection_cpp.hpp
[4.447s] -- Up-to-date symlink: /home/hamilton/souzou/install/cat_messages/share/cat_messages/environment/pythonpath.sh
[4.447s] -- Up-to-date symlink: /home/hamilton/souzou/install/cat_messages/share/cat_messages/environment/pythonpath.dsv
[4.448s] -- Up-to-date symlink: /home/hamilton/souzou/install/cat_messages/local/lib/python3.10/dist-packages/cat_messages-0.0.0-py3.10.egg-info/PKG-INFO
[4.448s] -- Up-to-date symlink: /home/hamilton/souzou/install/cat_messages/local/lib/python3.10/dist-packages/cat_messages-0.0.0-py3.10.egg-info/SOURCES.txt
[4.448s] -- Up-to-date symlink: /home/hamilton/souzou/install/cat_messages/local/lib/python3.10/dist-packages/cat_messages-0.0.0-py3.10.egg-info/dependency_links.txt
[4.448s] -- Up-to-date symlink: /home/hamilton/souzou/install/cat_messages/local/lib/python3.10/dist-packages/cat_messages-0.0.0-py3.10.egg-info/top_level.txt
[4.448s] -- Up-to-date symlink: /home/hamilton/souzou/install/cat_messages/local/lib/python3.10/dist-packages/cat_messages/__init__.py
[4.448s] -- Up-to-date symlink: /home/hamilton/souzou/install/cat_messages/local/lib/python3.10/dist-packages/cat_messages/_cat_messages_s.ep.rosidl_typesupport_c.c
[4.449s] -- Up-to-date symlink: /home/hamilton/souzou/install/cat_messages/local/lib/python3.10/dist-packages/cat_messages/_cat_messages_s.ep.rosidl_typesupport_fastrtps_c.c
[4.449s] -- Up-to-date symlink: /home/hamilton/souzou/install/cat_messages/local/lib/python3.10/dist-packages/cat_messages/_cat_messages_s.ep.rosidl_typesupport_introspection_c.c
[4.449s] -- Up-to-date symlink: /home/hamilton/souzou/install/cat_messages/local/lib/python3.10/dist-packages/cat_messages/cat_messages_s__rosidl_typesupport_c.cpython-310-x86_64-linux-gnu.so
[4.449s] -- Up-to-date symlink: /home/hamilton/souzou/install/cat_messages/local/lib/python3.10/dist-packages/cat_messages/cat_messages_s__rosidl_typesupport_fastrtps_c.cpython-310-x86_64-linux-gnu.so
[4.449s] -- Up-to-date symlink: /home/hamilton/souzou/install/cat_messages/local/lib/python3.10/dist-packages/cat_messages/cat_messages_s__rosidl_typesupport_introspection_c.cpython-310-x86_64-linux-gnu.so
[4.450s] -- Up-to-date symlink: /home/hamilton/souzou/install/cat_messages/local/lib/python3.10/dist-packages/cat_messages/libcat_messages__rosidl_generator_py.so
[4.450s] -- Up-to-date symlink: /home/hamilton/souzou/install/cat_messages/local/lib/python3.10/dist-packages/cat_messages/msg/__init__.py
[4.450s] -- Up-to-date symlink: /home/hamilton/souzou/install/cat_messages/local/lib/python3.10/dist-packages/cat_messages/msg/_joy_cat.py
[4.450s] -- Up-to-date symlink: /home/hamilton/souzou/install/cat_messages/local/lib/python3.10/dist-packages/cat_messages/msg/_joy_cat_s.c
[4.450s] -- Up-to-date symlink: /home/hamilton/souzou/install/cat_messages/local/lib/python3.10/dist-packages/cat_messages/msg/_senser.py
[4.450s] -- Up-to-date symlink: /home/hamilton/souzou/install/cat_messages/local/lib/python3.10/dist-packages/cat_messages/msg/_senser_s.c
[4.450s] -- Up-to-date symlink: /home/hamilton/souzou/install/cat_messages/local/lib/python3.10/dist-packages/cat_messages/msg/_vel.py
[4.450s] -- Up-to-date symlink: /home/hamilton/souzou/install/cat_messages/local/lib/python3.10/dist-packages/cat_messages/msg/_vel_s.c
[4.450s] -- Up-to-date symlink: /home/hamilton/souzou/install/cat_messages/local/lib/python3.10/dist-packages/cat_messages/cat_messages_s__rosidl_typesupport_fastrtps_c.cpython-310-x86_64-linux-gnu.so
[4.450s] -- Up-to-date symlink: /home/hamilton/souzou/install/cat_messages/local/lib/python3.10/dist-packages/cat_messages/cat_messages_s__rosidl_typesupport_introspection_c.cpython-310-x86_64-linux-gnu.so
[4.450s] -- Up-to-date symlink: /home/hamilton/souzou/install/cat_messages/local/lib/python3.10/dist-packages/cat_messages/cat_messages_s__rosidl_typesupport_c.cpython-310-x86_64-linux-gnu.so
[4.451s] -- Up-to-date symlink: /home/hamilton/souzou/install/cat_messages/share/cat_messages/msg/JoyCat.idl
[4.451s] -- Up-to-date symlink: /home/hamilton/souzou/install/cat_messages/share/cat_messages/msg/Senser.idl
[4.451s] -- Up-to-date symlink: /home/hamilton/souzou/install/cat_messages/share/cat_messages/msg/Vel.idl
[4.451s] -- Up-to-date symlink: /home/hamilton/souzou/install/cat_messages/share/cat_messages/msg/JoyCat.msg
[4.451s] -- Up-to-date symlink: /home/hamilton/souzou/install/cat_messages/share/cat_messages/msg/Senser.msg
[4.452s] -- Up-to-date symlink: /home/hamilton/souzou/install/cat_messages/share/cat_messages/msg/Vel.msg
[4.452s] -- Up-to-date symlink: /home/hamilton/souzou/install/cat_messages/share/ament_index/resource_index/package_run_dependencies/cat_messages
[4.452s] -- Up-to-date symlink: /home/hamilton/souzou/install/cat_messages/share/ament_index/resource_index/parent_prefix_path/cat_messages
[4.452s] -- Up-to-date symlink: /home/hamilton/souzou/install/cat_messages/share/cat_messages/environment/ament_prefix_path.sh
[4.452s] -- Up-to-date symlink: /home/hamilton/souzou/install/cat_messages/share/cat_messages/environment/ament_prefix_path.dsv
[4.452s] -- Up-to-date symlink: /home/hamilton/souzou/install/cat_messages/share/cat_messages/environment/path.sh
[4.452s] -- Up-to-date symlink: /home/hamilton/souzou/install/cat_messages/share/cat_messages/environment/path.dsv
[4.452s] -- Up-to-date symlink: /home/hamilton/souzou/install/cat_messages/share/cat_messages/local_setup.bash
[4.453s] -- Up-to-date symlink: /home/hamilton/souzou/install/cat_messages/share/cat_messages/local_setup.sh
[4.453s] -- Up-to-date symlink: /home/hamilton/souzou/install/cat_messages/share/cat_messages/local_setup.zsh
[4.453s] -- Up-to-date symlink: /home/hamilton/souzou/install/cat_messages/share/cat_messages/local_setup.dsv
[4.453s] -- Symlinking: /home/hamilton/souzou/install/cat_messages/share/cat_messages/package.dsv
[4.457s] -- Up-to-date symlink: /home/hamilton/souzou/install/cat_messages/share/ament_index/resource_index/packages/cat_messages
[4.457s] -- Up-to-date symlink: /home/hamilton/souzou/install/cat_messages/share/cat_messages/cmake/rosidl_cmake-extras.cmake
[4.457s] -- Up-to-date symlink: /home/hamilton/souzou/install/cat_messages/share/cat_messages/cmake/ament_cmake_export_include_directories-extras.cmake
[4.457s] -- Up-to-date symlink: /home/hamilton/souzou/install/cat_messages/share/cat_messages/cmake/ament_cmake_export_libraries-extras.cmake
[4.457s] -- Up-to-date symlink: /home/hamilton/souzou/install/cat_messages/share/cat_messages/cmake/ament_cmake_export_targets-extras.cmake
[4.457s] -- Up-to-date symlink: /home/hamilton/souzou/install/cat_messages/share/cat_messages/cmake/rosidl_cmake_export_typesupport_targets-extras.cmake
[4.458s] -- Up-to-date symlink: /home/hamilton/souzou/install/cat_messages/share/cat_messages/cmake/ament_cmake_export_dependencies-extras.cmake
[4.458s] -- Up-to-date symlink: /home/hamilton/souzou/install/cat_messages/share/cat_messages/cmake/rosidl_cmake_export_typesupport_libraries-extras.cmake
[4.458s] -- Up-to-date symlink: /home/hamilton/souzou/install/cat_messages/share/cat_messages/cmake/cat_messagesConfig.cmake
[4.458s] -- Up-to-date symlink: /home/hamilton/souzou/install/cat_messages/share/cat_messages/cmake/cat_messagesConfig-version.cmake
[4.458s] -- Up-to-date symlink: /home/hamilton/souzou/install/cat_messages/share/cat_messages/package.xml
[4.459s] -- Installing: /home/hamilton/souzou/install/cat_messages/lib/libcat_messages__rosidl_generator_c.so
[4.459s] -- Set non-toolchain portion of runtime path of "/home/hamilton/souzou/install/cat_messages/lib/libcat_messages__rosidl_generator_c.so" to ""
[4.460s] -- Installing: /home/hamilton/souzou/install/cat_messages/lib/libcat_messages__rosidl_typesupport_fastrtps_c.so
[4.461s] -- Set non-toolchain portion of runtime path of "/home/hamilton/souzou/install/cat_messages/lib/libcat_messages__rosidl_typesupport_fastrtps_c.so" to ""
[4.461s] -- Installing: /home/hamilton/souzou/install/cat_messages/lib/libcat_messages__rosidl_typesupport_introspection_c.so
[4.461s] -- Set non-toolchain portion of runtime path of "/home/hamilton/souzou/install/cat_messages/lib/libcat_messages__rosidl_typesupport_introspection_c.so" to ""
[4.462s] -- Installing: /home/hamilton/souzou/install/cat_messages/lib/libcat_messages__rosidl_typesupport_c.so
[4.462s] -- Set non-toolchain portion of runtime path of "/home/hamilton/souzou/install/cat_messages/lib/libcat_messages__rosidl_typesupport_c.so" to ""
[4.463s] -- Installing: /home/hamilton/souzou/install/cat_messages/lib/libcat_messages__rosidl_typesupport_fastrtps_cpp.so
[4.464s] -- Set non-toolchain portion of runtime path of "/home/hamilton/souzou/install/cat_messages/lib/libcat_messages__rosidl_typesupport_fastrtps_cpp.so" to ""
[4.465s] -- Installing: /home/hamilton/souzou/install/cat_messages/lib/libcat_messages__rosidl_typesupport_introspection_cpp.so
[4.465s] -- Set non-toolchain portion of runtime path of "/home/hamilton/souzou/install/cat_messages/lib/libcat_messages__rosidl_typesupport_introspection_cpp.so" to ""
[4.466s] -- Installing: /home/hamilton/souzou/install/cat_messages/lib/libcat_messages__rosidl_typesupport_cpp.so
[4.466s] -- Set non-toolchain portion of runtime path of "/home/hamilton/souzou/install/cat_messages/lib/libcat_messages__rosidl_typesupport_cpp.so" to ""
[4.507s] Listing '/home/hamilton/souzou/install/cat_messages/local/lib/python3.10/dist-packages/cat_messages'...
[4.507s] Compiling '/home/hamilton/souzou/install/cat_messages/local/lib/python3.10/dist-packages/cat_messages/__init__.py'...
[4.507s] Listing '/home/hamilton/souzou/install/cat_messages/local/lib/python3.10/dist-packages/cat_messages/msg'...
[4.513s] -- Installing: /home/hamilton/souzou/install/cat_messages/lib/libcat_messages__rosidl_generator_py.so
[4.513s] -- Set non-toolchain portion of runtime path of "/home/hamilton/souzou/install/cat_messages/lib/libcat_messages__rosidl_generator_py.so" to ""
[4.513s] -- Old export file "/home/hamilton/souzou/install/cat_messages/share/cat_messages/cmake/export_cat_messages__rosidl_generator_cExport.cmake" will be replaced.  Removing files [/home/hamilton/souzou/install/cat_messages/share/cat_messages/cmake/export_cat_messages__rosidl_generator_cExport-noconfig.cmake].
[4.513s] -- Installing: /home/hamilton/souzou/install/cat_messages/share/cat_messages/cmake/export_cat_messages__rosidl_generator_cExport.cmake
[4.514s] -- Installing: /home/hamilton/souzou/install/cat_messages/share/cat_messages/cmake/export_cat_messages__rosidl_generator_cExport-noconfig.cmake
[4.514s] -- Old export file "/home/hamilton/souzou/install/cat_messages/share/cat_messages/cmake/export_cat_messages__rosidl_typesupport_fastrtps_cExport.cmake" will be replaced.  Removing files [/home/hamilton/souzou/install/cat_messages/share/cat_messages/cmake/export_cat_messages__rosidl_typesupport_fastrtps_cExport-noconfig.cmake].
[4.514s] -- Installing: /home/hamilton/souzou/install/cat_messages/share/cat_messages/cmake/export_cat_messages__rosidl_typesupport_fastrtps_cExport.cmake
[4.514s] -- Installing: /home/hamilton/souzou/install/cat_messages/share/cat_messages/cmake/export_cat_messages__rosidl_typesupport_fastrtps_cExport-noconfig.cmake
[4.514s] -- Old export file "/home/hamilton/souzou/install/cat_messages/share/cat_messages/cmake/cat_messages__rosidl_typesupport_introspection_cExport.cmake" will be replaced.  Removing files [/home/hamilton/souzou/install/cat_messages/share/cat_messages/cmake/cat_messages__rosidl_typesupport_introspection_cExport-noconfig.cmake].
[4.514s] -- Installing: /home/hamilton/souzou/install/cat_messages/share/cat_messages/cmake/cat_messages__rosidl_typesupport_introspection_cExport.cmake
[4.514s] -- Installing: /home/hamilton/souzou/install/cat_messages/share/cat_messages/cmake/cat_messages__rosidl_typesupport_introspection_cExport-noconfig.cmake
[4.515s] -- Old export file "/home/hamilton/souzou/install/cat_messages/share/cat_messages/cmake/cat_messages__rosidl_typesupport_cExport.cmake" will be replaced.  Removing files [/home/hamilton/souzou/install/cat_messages/share/cat_messages/cmake/cat_messages__rosidl_typesupport_cExport-noconfig.cmake].
[4.515s] -- Installing: /home/hamilton/souzou/install/cat_messages/share/cat_messages/cmake/cat_messages__rosidl_typesupport_cExport.cmake
[4.515s] -- Installing: /home/hamilton/souzou/install/cat_messages/share/cat_messages/cmake/cat_messages__rosidl_typesupport_cExport-noconfig.cmake
[4.515s] -- Installing: /home/hamilton/souzou/install/cat_messages/share/cat_messages/cmake/export_cat_messages__rosidl_generator_cppExport.cmake
[4.516s] -- Old export file "/home/hamilton/souzou/install/cat_messages/share/cat_messages/cmake/export_cat_messages__rosidl_typesupport_fastrtps_cppExport.cmake" will be replaced.  Removing files [/home/hamilton/souzou/install/cat_messages/share/cat_messages/cmake/export_cat_messages__rosidl_typesupport_fastrtps_cppExport-noconfig.cmake].
[4.516s] -- Installing: /home/hamilton/souzou/install/cat_messages/share/cat_messages/cmake/export_cat_messages__rosidl_typesupport_fastrtps_cppExport.cmake
[4.516s] -- Installing: /home/hamilton/souzou/install/cat_messages/share/cat_messages/cmake/export_cat_messages__rosidl_typesupport_fastrtps_cppExport-noconfig.cmake
[4.516s] -- Old export file "/home/hamilton/souzou/install/cat_messages/share/cat_messages/cmake/cat_messages__rosidl_typesupport_introspection_cppExport.cmake" will be replaced.  Removing files [/home/hamilton/souzou/install/cat_messages/share/cat_messages/cmake/cat_messages__rosidl_typesupport_introspection_cppExport-noconfig.cmake].
[4.516s] -- Installing: /home/hamilton/souzou/install/cat_messages/share/cat_messages/cmake/cat_messages__rosidl_typesupport_introspection_cppExport.cmake
[4.516s] -- Installing: /home/hamilton/souzou/install/cat_messages/share/cat_messages/cmake/cat_messages__rosidl_typesupport_introspection_cppExport-noconfig.cmake
[4.518s] -- Old export file "/home/hamilton/souzou/install/cat_messages/share/cat_messages/cmake/cat_messages__rosidl_typesupport_cppExport.cmake" will be replaced.  Removing files [/home/hamilton/souzou/install/cat_messages/share/cat_messages/cmake/cat_messages__rosidl_typesupport_cppExport-noconfig.cmake].
[4.518s] -- Installing: /home/hamilton/souzou/install/cat_messages/share/cat_messages/cmake/cat_messages__rosidl_typesupport_cppExport.cmake
[4.518s] -- Installing: /home/hamilton/souzou/install/cat_messages/share/cat_messages/cmake/cat_messages__rosidl_typesupport_cppExport-noconfig.cmake
[4.518s] -- Old export file "/home/hamilton/souzou/install/cat_messages/share/cat_messages/cmake/export_cat_messages__rosidl_generator_pyExport.cmake" will be replaced.  Removing files [/home/hamilton/souzou/install/cat_messages/share/cat_messages/cmake/export_cat_messages__rosidl_generator_pyExport-noconfig.cmake].
[4.519s] -- Installing: /home/hamilton/souzou/install/cat_messages/share/cat_messages/cmake/export_cat_messages__rosidl_generator_pyExport.cmake
[4.519s] -- Installing: /home/hamilton/souzou/install/cat_messages/share/cat_messages/cmake/export_cat_messages__rosidl_generator_pyExport-noconfig.cmake
[4.521s] Invoked command in '/home/hamilton/souzou/build/cat_messages' returned '0': CMAKE_PREFIX_PATH=/opt/ros/humble /usr/local/bin/cmake --install /home/hamilton/souzou/build/cat_messages
