[2.363s] Invoking command in '/home/takumi/souzoukougaku14/src/cat': PYTHONPATH=/home/takumi/souzoukougaku14/src/build/cat/prefix_override:/usr/lib/python3/dist-packages/colcon_core/task/python/colcon_distutils_commands:/home/takumi/souzoukougaku14/src/install/cat/lib/python3.10/site-packages:${PYTHONPATH} /usr/bin/python3 -W ignore:setup.py install is deprecated setup.py egg_info --egg-base ../build/cat build --build-base /home/takumi/souzoukougaku14/src/build/cat/build install --record /home/takumi/souzoukougaku14/src/build/cat/install.log --single-version-externally-managed install_data
[3.018s] running egg_info
[3.019s] writing ../build/cat/cat.egg-info/PKG-INFO
[3.022s] writing dependency_links to ../build/cat/cat.egg-info/dependency_links.txt
[3.023s] writing entry points to ../build/cat/cat.egg-info/entry_points.txt
[3.024s] writing requirements to ../build/cat/cat.egg-info/requires.txt
[3.025s] writing top-level names to ../build/cat/cat.egg-info/top_level.txt
[3.034s] reading manifest file '../build/cat/cat.egg-info/SOURCES.txt'
[3.034s] writing manifest file '../build/cat/cat.egg-info/SOURCES.txt'
[3.034s] running build
[3.035s] running build_py
[3.036s] copying cat/udp_send_node.py -> /home/takumi/souzoukougaku14/src/build/cat/build/lib/cat
[3.041s] running install
[3.042s] running install_lib
[3.050s] copying /home/takumi/souzoukougaku14/src/build/cat/build/lib/cat/udp_send_node.py -> /home/takumi/souzoukougaku14/src/install/cat/lib/python3.10/site-packages/cat
[3.052s] byte-compiling /home/takumi/souzoukougaku14/src/install/cat/lib/python3.10/site-packages/cat/udp_send_node.py to udp_send_node.cpython-310.pyc
[3.056s] running install_data
[3.056s] running install_egg_info
[3.061s] removing '/home/takumi/souzoukougaku14/src/install/cat/lib/python3.10/site-packages/cat-0.0.0-py3.10.egg-info' (and everything under it)
[3.067s] Copying ../build/cat/cat.egg-info to /home/takumi/souzoukougaku14/src/install/cat/lib/python3.10/site-packages/cat-0.0.0-py3.10.egg-info
[3.072s] running install_scripts
[3.123s] Installing odom_test_node script to /home/takumi/souzoukougaku14/src/install/cat/lib/cat
[3.125s] Installing pc_controller script to /home/takumi/souzoukougaku14/src/install/cat/lib/cat
[3.126s] Installing ps4_controller_node script to /home/takumi/souzoukougaku14/src/install/cat/lib/cat
[3.126s] Installing ps4_joy_node script to /home/takumi/souzoukougaku14/src/install/cat/lib/cat
[3.126s] Installing state_machine script to /home/takumi/souzoukougaku14/src/install/cat/lib/cat
[3.130s] Installing tcp_receive_node script to /home/takumi/souzoukougaku14/src/install/cat/lib/cat
[3.130s] Installing tcp_send_node script to /home/takumi/souzoukougaku14/src/install/cat/lib/cat
[3.130s] Installing udp_receive_node script to /home/takumi/souzoukougaku14/src/install/cat/lib/cat
[3.130s] Installing udp_send_node script to /home/takumi/souzoukougaku14/src/install/cat/lib/cat
[3.130s] writing list of installed files to '/home/takumi/souzoukougaku14/src/build/cat/install.log'
[3.201s] Invoked command in '/home/takumi/souzoukougaku14/src/cat' returned '0': PYTHONPATH=/home/takumi/souzoukougaku14/src/build/cat/prefix_override:/usr/lib/python3/dist-packages/colcon_core/task/python/colcon_distutils_commands:/home/takumi/souzoukougaku14/src/install/cat/lib/python3.10/site-packages:${PYTHONPATH} /usr/bin/python3 -W ignore:setup.py install is deprecated setup.py egg_info --egg-base ../build/cat build --build-base /home/takumi/souzoukougaku14/src/build/cat/build install --record /home/takumi/souzoukougaku14/src/build/cat/install.log --single-version-externally-managed install_data
