[0.781s] Invoking command in '/home/takumi/souzoukougaku14/src/cat': PYTHONPATH=/home/takumi/souzoukougaku14/src/build/cat/prefix_override:/usr/lib/python3/dist-packages/colcon_core/task/python/colcon_distutils_commands:/home/takumi/souzoukougaku14/src/install/cat/lib/python3.10/site-packages:${PYTHONPATH} /usr/bin/python3 -W ignore:setup.py install is deprecated setup.py egg_info --egg-base ../build/cat build --build-base /home/takumi/souzoukougaku14/src/build/cat/build install --record /home/takumi/souzoukougaku14/src/build/cat/install.log --single-version-externally-managed install_data
[0.951s] running egg_info
[0.952s] writing ../build/cat/cat.egg-info/PKG-INFO
[0.952s] writing dependency_links to ../build/cat/cat.egg-info/dependency_links.txt
[0.952s] writing entry points to ../build/cat/cat.egg-info/entry_points.txt
[0.952s] writing requirements to ../build/cat/cat.egg-info/requires.txt
[0.952s] writing top-level names to ../build/cat/cat.egg-info/top_level.txt
[0.954s] reading manifest file '../build/cat/cat.egg-info/SOURCES.txt'
[0.955s] writing manifest file '../build/cat/cat.egg-info/SOURCES.txt'
[0.955s] running build
[0.955s] running build_py
[0.955s] copying cat/ps4_controller_node.py -> /home/takumi/souzoukougaku14/src/build/cat/build/lib/cat
[0.956s] copying cat/udp_send_node.py -> /home/takumi/souzoukougaku14/src/build/cat/build/lib/cat
[0.957s] running install
[0.957s] running install_lib
[0.958s] copying /home/takumi/souzoukougaku14/src/build/cat/build/lib/cat/ps4_controller_node.py -> /home/takumi/souzoukougaku14/src/install/cat/lib/python3.10/site-packages/cat
[0.959s] copying /home/takumi/souzoukougaku14/src/build/cat/build/lib/cat/udp_send_node.py -> /home/takumi/souzoukougaku14/src/install/cat/lib/python3.10/site-packages/cat
[0.960s] byte-compiling /home/takumi/souzoukougaku14/src/install/cat/lib/python3.10/site-packages/cat/ps4_controller_node.py to ps4_controller_node.cpython-310.pyc
[0.961s] byte-compiling /home/takumi/souzoukougaku14/src/install/cat/lib/python3.10/site-packages/cat/udp_send_node.py to udp_send_node.cpython-310.pyc
[0.962s] running install_data
[0.962s] running install_egg_info
[0.964s] removing '/home/takumi/souzoukougaku14/src/install/cat/lib/python3.10/site-packages/cat-0.0.0-py3.10.egg-info' (and everything under it)
[0.965s] Copying ../build/cat/cat.egg-info to /home/takumi/souzoukougaku14/src/install/cat/lib/python3.10/site-packages/cat-0.0.0-py3.10.egg-info
[0.967s] running install_scripts
[0.981s] Installing odom_test_node script to /home/takumi/souzoukougaku14/src/install/cat/lib/cat
[0.981s] Installing pc_controller script to /home/takumi/souzoukougaku14/src/install/cat/lib/cat
[0.981s] Installing ps4_controller_node script to /home/takumi/souzoukougaku14/src/install/cat/lib/cat
[0.981s] Installing ps4_joy_node script to /home/takumi/souzoukougaku14/src/install/cat/lib/cat
[0.982s] Installing state_machine script to /home/takumi/souzoukougaku14/src/install/cat/lib/cat
[0.982s] Installing tcp_receive_node script to /home/takumi/souzoukougaku14/src/install/cat/lib/cat
[0.982s] Installing tcp_send_node script to /home/takumi/souzoukougaku14/src/install/cat/lib/cat
[0.982s] Installing udp_receive_node script to /home/takumi/souzoukougaku14/src/install/cat/lib/cat
[0.982s] Installing udp_send_node script to /home/takumi/souzoukougaku14/src/install/cat/lib/cat
[0.982s] writing list of installed files to '/home/takumi/souzoukougaku14/src/build/cat/install.log'
[1.001s] Invoked command in '/home/takumi/souzoukougaku14/src/cat' returned '0': PYTHONPATH=/home/takumi/souzoukougaku14/src/build/cat/prefix_override:/usr/lib/python3/dist-packages/colcon_core/task/python/colcon_distutils_commands:/home/takumi/souzoukougaku14/src/install/cat/lib/python3.10/site-packages:${PYTHONPATH} /usr/bin/python3 -W ignore:setup.py install is deprecated setup.py egg_info --egg-base ../build/cat build --build-base /home/takumi/souzoukougaku14/src/build/cat/build install --record /home/takumi/souzoukougaku14/src/build/cat/install.log --single-version-externally-managed install_data
