[0.609s] Invoking command in '/home/takumi/souzoukougaku14/src/cat': PYTHONPATH=/home/takumi/souzoukougaku14/src/build/cat/prefix_override:/usr/lib/python3/dist-packages/colcon_core/task/python/colcon_distutils_commands:/home/takumi/souzoukougaku14/src/install/cat/lib/python3.10/site-packages:${PYTHONPATH} /usr/bin/python3 -W ignore:setup.py install is deprecated setup.py egg_info --egg-base ../build/cat build --build-base /home/takumi/souzoukougaku14/src/build/cat/build install --record /home/takumi/souzoukougaku14/src/build/cat/install.log --single-version-externally-managed install_data
[0.791s] running egg_info
[0.791s] writing ../build/cat/cat.egg-info/PKG-INFO
[0.792s] writing dependency_links to ../build/cat/cat.egg-info/dependency_links.txt
[0.792s] writing entry points to ../build/cat/cat.egg-info/entry_points.txt
[0.792s] writing requirements to ../build/cat/cat.egg-info/requires.txt
[0.792s] writing top-level names to ../build/cat/cat.egg-info/top_level.txt
[0.793s] reading manifest file '../build/cat/cat.egg-info/SOURCES.txt'
[0.794s] writing manifest file '../build/cat/cat.egg-info/SOURCES.txt'
[0.794s] running build
[0.794s] running build_py
[0.794s] copying cat/udp_receive_node.py -> /home/takumi/souzoukougaku14/src/build/cat/build/lib/cat
[0.795s] running install
[0.795s] running install_lib
[0.796s] copying /home/takumi/souzoukougaku14/src/build/cat/build/lib/cat/udp_receive_node.py -> /home/takumi/souzoukougaku14/src/install/cat/lib/python3.10/site-packages/cat
[0.797s] byte-compiling /home/takumi/souzoukougaku14/src/install/cat/lib/python3.10/site-packages/cat/udp_receive_node.py to udp_receive_node.cpython-310.pyc
[0.798s] running install_data
[0.798s] running install_egg_info
[0.800s] removing '/home/takumi/souzoukougaku14/src/install/cat/lib/python3.10/site-packages/cat-0.0.0-py3.10.egg-info' (and everything under it)
[0.801s] Copying ../build/cat/cat.egg-info to /home/takumi/souzoukougaku14/src/install/cat/lib/python3.10/site-packages/cat-0.0.0-py3.10.egg-info
[0.803s] running install_scripts
[0.818s] Installing pc_controller script to /home/takumi/souzoukougaku14/src/install/cat/lib/cat
[0.818s] Installing state_machine script to /home/takumi/souzoukougaku14/src/install/cat/lib/cat
[0.818s] Installing tcp_receive_node script to /home/takumi/souzoukougaku14/src/install/cat/lib/cat
[0.818s] Installing tcp_send_node script to /home/takumi/souzoukougaku14/src/install/cat/lib/cat
[0.818s] Installing udp_receive_node script to /home/takumi/souzoukougaku14/src/install/cat/lib/cat
[0.819s] Installing udp_send_node script to /home/takumi/souzoukougaku14/src/install/cat/lib/cat
[0.819s] writing list of installed files to '/home/takumi/souzoukougaku14/src/build/cat/install.log'
[0.839s] Invoked command in '/home/takumi/souzoukougaku14/src/cat' returned '0': PYTHONPATH=/home/takumi/souzoukougaku14/src/build/cat/prefix_override:/usr/lib/python3/dist-packages/colcon_core/task/python/colcon_distutils_commands:/home/takumi/souzoukougaku14/src/install/cat/lib/python3.10/site-packages:${PYTHONPATH} /usr/bin/python3 -W ignore:setup.py install is deprecated setup.py egg_info --egg-base ../build/cat build --build-base /home/takumi/souzoukougaku14/src/build/cat/build install --record /home/takumi/souzoukougaku14/src/build/cat/install.log --single-version-externally-managed install_data
