running egg_info
creating ../build/cat/cat.egg-info
writing ../build/cat/cat.egg-info/PKG-INFO
writing dependency_links to ../build/cat/cat.egg-info/dependency_links.txt
writing entry points to ../build/cat/cat.egg-info/entry_points.txt
writing requirements to ../build/cat/cat.egg-info/requires.txt
writing top-level names to ../build/cat/cat.egg-info/top_level.txt
writing manifest file '../build/cat/cat.egg-info/SOURCES.txt'
reading manifest file '../build/cat/cat.egg-info/SOURCES.txt'
writing manifest file '../build/cat/cat.egg-info/SOURCES.txt'
running build
running build_py
creating /home/takumi/souzoukougaku14/src/build/cat/build
creating /home/takumi/souzoukougaku14/src/build/cat/build/lib
creating /home/takumi/souzoukougaku14/src/build/cat/build/lib/cat
copying cat/tcp_receive_node.py -> /home/takumi/souzoukougaku14/src/build/cat/build/lib/cat
copying cat/udp_receive_node.py -> /home/takumi/souzoukougaku14/src/build/cat/build/lib/cat
copying cat/tcp_send_node.py -> /home/takumi/souzoukougaku14/src/build/cat/build/lib/cat
copying cat/pc_controller.py -> /home/takumi/souzoukougaku14/src/build/cat/build/lib/cat
copying cat/serial_sample.py -> /home/takumi/souzoukougaku14/src/build/cat/build/lib/cat
copying cat/state_machine.py -> /home/takumi/souzoukougaku14/src/build/cat/build/lib/cat
copying cat/odom_test_node.py -> /home/takumi/souzoukougaku14/src/build/cat/build/lib/cat
copying cat/udp_send_node.py -> /home/takumi/souzoukougaku14/src/build/cat/build/lib/cat
copying cat/__init__.py -> /home/takumi/souzoukougaku14/src/build/cat/build/lib/cat
running install
running install_lib
running install_data
running install_egg_info
removing '/home/takumi/souzoukougaku14/src/install/cat/lib/python3.10/site-packages/cat-0.0.0-py3.10.egg-info' (and everything under it)
Copying ../build/cat/cat.egg-info to /home/takumi/souzoukougaku14/src/install/cat/lib/python3.10/site-packages/cat-0.0.0-py3.10.egg-info
running install_scripts
Installing odom_test_node script to /home/takumi/souzoukougaku14/src/install/cat/lib/cat
Installing pc_controller script to /home/takumi/souzoukougaku14/src/install/cat/lib/cat
Installing state_machine script to /home/takumi/souzoukougaku14/src/install/cat/lib/cat
Installing tcp_receive_node script to /home/takumi/souzoukougaku14/src/install/cat/lib/cat
Installing tcp_send_node script to /home/takumi/souzoukougaku14/src/install/cat/lib/cat
Installing udp_receive_node script to /home/takumi/souzoukougaku14/src/install/cat/lib/cat
Installing udp_send_node script to /home/takumi/souzoukougaku14/src/install/cat/lib/cat
writing list of installed files to '/home/takumi/souzoukougaku14/src/build/cat/install.log'
