[0.643s] Invoking command in '/home/takumi/souzoukougaku14/src/cat': CMAKE_PREFIX_PATH=/home/takumi/souzoukougaku14/src/install/cat_messages:/home/takumi/souzoukougaku14/install/cat_messages LD_LIBRARY_PATH=/home/takumi/souzoukougaku14/src/install/cat_messages/lib:/home/takumi/souzoukougaku14/install/cat_messages/lib:/usr/lib/x86_64-linux-gnu/gazebo-11/plugins:/opt/ros/humble/opt/rviz_ogre_vendor/lib:/opt/ros/humble/lib/x86_64-linux-gnu:/opt/ros/humble/lib PYTHONPATH=/home/takumi/souzoukougaku14/src/build/cat/prefix_override:/usr/lib/python3/dist-packages/colcon_core/task/python/colcon_distutils_commands:/home/takumi/souzoukougaku14/src/install/cat/lib/python3.10/site-packages:${PYTHONPATH} /usr/bin/python3 -W ignore:setup.py install is deprecated setup.py egg_info --egg-base ../build/cat build --build-base /home/takumi/souzoukougaku14/src/build/cat/build install --record /home/takumi/souzoukougaku14/src/build/cat/install.log --single-version-externally-managed install_data
[0.865s] running egg_info
[0.865s] creating ../build/cat/cat.egg-info
[0.866s] writing ../build/cat/cat.egg-info/PKG-INFO
[0.867s] writing dependency_links to ../build/cat/cat.egg-info/dependency_links.txt
[0.867s] writing entry points to ../build/cat/cat.egg-info/entry_points.txt
[0.868s] writing requirements to ../build/cat/cat.egg-info/requires.txt
[0.868s] writing top-level names to ../build/cat/cat.egg-info/top_level.txt
[0.868s] writing manifest file '../build/cat/cat.egg-info/SOURCES.txt'
[0.870s] reading manifest file '../build/cat/cat.egg-info/SOURCES.txt'
[0.870s] writing manifest file '../build/cat/cat.egg-info/SOURCES.txt'
[0.870s] running build
[0.871s] running build_py
[0.871s] creating /home/takumi/souzoukougaku14/src/build/cat/build
[0.871s] creating /home/takumi/souzoukougaku14/src/build/cat/build/lib
[0.871s] creating /home/takumi/souzoukougaku14/src/build/cat/build/lib/cat
[0.871s] copying cat/tcp_receive_node.py -> /home/takumi/souzoukougaku14/src/build/cat/build/lib/cat
[0.872s] copying cat/udp_receive_node.py -> /home/takumi/souzoukougaku14/src/build/cat/build/lib/cat
[0.872s] copying cat/tcp_send_node.py -> /home/takumi/souzoukougaku14/src/build/cat/build/lib/cat
[0.872s] copying cat/pc_controller.py -> /home/takumi/souzoukougaku14/src/build/cat/build/lib/cat
[0.873s] copying cat/serial_sample.py -> /home/takumi/souzoukougaku14/src/build/cat/build/lib/cat
[0.873s] copying cat/state_machine.py -> /home/takumi/souzoukougaku14/src/build/cat/build/lib/cat
[0.873s] copying cat/odom_test_node.py -> /home/takumi/souzoukougaku14/src/build/cat/build/lib/cat
[0.873s] copying cat/udp_send_node.py -> /home/takumi/souzoukougaku14/src/build/cat/build/lib/cat
[0.873s] copying cat/__init__.py -> /home/takumi/souzoukougaku14/src/build/cat/build/lib/cat
[0.874s] running install
[0.874s] running install_lib
[0.876s] running install_data
[0.876s] running install_egg_info
[0.878s] removing '/home/takumi/souzoukougaku14/src/install/cat/lib/python3.10/site-packages/cat-0.0.0-py3.10.egg-info' (and everything under it)
[0.878s] Copying ../build/cat/cat.egg-info to /home/takumi/souzoukougaku14/src/install/cat/lib/python3.10/site-packages/cat-0.0.0-py3.10.egg-info
[0.879s] running install_scripts
[0.895s] Installing odom_test_node script to /home/takumi/souzoukougaku14/src/install/cat/lib/cat
[0.896s] Installing pc_controller script to /home/takumi/souzoukougaku14/src/install/cat/lib/cat
[0.896s] Installing state_machine script to /home/takumi/souzoukougaku14/src/install/cat/lib/cat
[0.896s] Installing tcp_receive_node script to /home/takumi/souzoukougaku14/src/install/cat/lib/cat
[0.896s] Installing tcp_send_node script to /home/takumi/souzoukougaku14/src/install/cat/lib/cat
[0.896s] Installing udp_receive_node script to /home/takumi/souzoukougaku14/src/install/cat/lib/cat
[0.896s] Installing udp_send_node script to /home/takumi/souzoukougaku14/src/install/cat/lib/cat
[0.896s] writing list of installed files to '/home/takumi/souzoukougaku14/src/build/cat/install.log'
[0.922s] Invoked command in '/home/takumi/souzoukougaku14/src/cat' returned '0': CMAKE_PREFIX_PATH=/home/takumi/souzoukougaku14/src/install/cat_messages:/home/takumi/souzoukougaku14/install/cat_messages LD_LIBRARY_PATH=/home/takumi/souzoukougaku14/src/install/cat_messages/lib:/home/takumi/souzoukougaku14/install/cat_messages/lib:/usr/lib/x86_64-linux-gnu/gazebo-11/plugins:/opt/ros/humble/opt/rviz_ogre_vendor/lib:/opt/ros/humble/lib/x86_64-linux-gnu:/opt/ros/humble/lib PYTHONPATH=/home/takumi/souzoukougaku14/src/build/cat/prefix_override:/usr/lib/python3/dist-packages/colcon_core/task/python/colcon_distutils_commands:/home/takumi/souzoukougaku14/src/install/cat/lib/python3.10/site-packages:${PYTHONPATH} /usr/bin/python3 -W ignore:setup.py install is deprecated setup.py egg_info --egg-base ../build/cat build --build-base /home/takumi/souzoukougaku14/src/build/cat/build install --record /home/takumi/souzoukougaku14/src/build/cat/install.log --single-version-externally-managed install_data
