[0.769s] Invoking command in '/home/takumi/souzoukougaku14/src/cat': PYTHONPATH=/home/takumi/souzoukougaku14/src/build/cat/prefix_override:/usr/lib/python3/dist-packages/colcon_core/task/python/colcon_distutils_commands:/home/takumi/souzoukougaku14/src/install/cat/lib/python3.10/site-packages:${PYTHONPATH} /usr/bin/python3 -W ignore:setup.py install is deprecated setup.py egg_info --egg-base ../build/cat build --build-base /home/takumi/souzoukougaku14/src/build/cat/build install --record /home/takumi/souzoukougaku14/src/build/cat/install.log --single-version-externally-managed install_data
[1.011s] running egg_info
[1.011s] writing ../build/cat/cat.egg-info/PKG-INFO
[1.012s] writing dependency_links to ../build/cat/cat.egg-info/dependency_links.txt
[1.012s] writing entry points to ../build/cat/cat.egg-info/entry_points.txt
[1.012s] writing requirements to ../build/cat/cat.egg-info/requires.txt
[1.012s] writing top-level names to ../build/cat/cat.egg-info/top_level.txt
[1.015s] reading manifest file '../build/cat/cat.egg-info/SOURCES.txt'
[1.016s] writing manifest file '../build/cat/cat.egg-info/SOURCES.txt'
[1.016s] running build
[1.016s] running build_py
[1.016s] copying cat/ps4_joy_node.py -> /home/takumi/souzoukougaku14/src/build/cat/build/lib/cat
[1.017s] running install
[1.017s] running install_lib
[1.019s] copying /home/takumi/souzoukougaku14/src/build/cat/build/lib/cat/ps4_joy_node.py -> /home/takumi/souzoukougaku14/src/install/cat/lib/python3.10/site-packages/cat
[1.020s] byte-compiling /home/takumi/souzoukougaku14/src/install/cat/lib/python3.10/site-packages/cat/ps4_joy_node.py to ps4_joy_node.cpython-310.pyc
[1.021s] running install_data
[1.021s] running install_egg_info
[1.023s] removing '/home/takumi/souzoukougaku14/src/install/cat/lib/python3.10/site-packages/cat-0.0.0-py3.10.egg-info' (and everything under it)
[1.023s] Copying ../build/cat/cat.egg-info to /home/takumi/souzoukougaku14/src/install/cat/lib/python3.10/site-packages/cat-0.0.0-py3.10.egg-info
[1.025s] running install_scripts
[1.049s] Installing odom_test_node script to /home/takumi/souzoukougaku14/src/install/cat/lib/cat
[1.050s] Installing pc_controller script to /home/takumi/souzoukougaku14/src/install/cat/lib/cat
[1.050s] Installing ps4_joy_node script to /home/takumi/souzoukougaku14/src/install/cat/lib/cat
[1.051s] Installing state_machine script to /home/takumi/souzoukougaku14/src/install/cat/lib/cat
[1.051s] Installing tcp_receive_node script to /home/takumi/souzoukougaku14/src/install/cat/lib/cat
[1.051s] Installing tcp_send_node script to /home/takumi/souzoukougaku14/src/install/cat/lib/cat
[1.051s] Installing udp_receive_node script to /home/takumi/souzoukougaku14/src/install/cat/lib/cat
[1.052s] Installing udp_send_node script to /home/takumi/souzoukougaku14/src/install/cat/lib/cat
[1.052s] writing list of installed files to '/home/takumi/souzoukougaku14/src/build/cat/install.log'
[1.079s] Invoked command in '/home/takumi/souzoukougaku14/src/cat' returned '0': PYTHONPATH=/home/takumi/souzoukougaku14/src/build/cat/prefix_override:/usr/lib/python3/dist-packages/colcon_core/task/python/colcon_distutils_commands:/home/takumi/souzoukougaku14/src/install/cat/lib/python3.10/site-packages:${PYTHONPATH} /usr/bin/python3 -W ignore:setup.py install is deprecated setup.py egg_info --egg-base ../build/cat build --build-base /home/takumi/souzoukougaku14/src/build/cat/build install --record /home/takumi/souzoukougaku14/src/build/cat/install.log --single-version-externally-managed install_data
