[2.498s] Invoking command in '/home/takumi/souzoukougaku14/src/cat': PYTHONPATH=/home/takumi/souzoukougaku14/src/build/cat/prefix_override:/usr/lib/python3/dist-packages/colcon_core/task/python/colcon_distutils_commands:/home/takumi/souzoukougaku14/src/install/cat/lib/python3.10/site-packages:${PYTHONPATH} /usr/bin/python3 -W ignore:setup.py install is deprecated setup.py egg_info --egg-base ../build/cat build --build-base /home/takumi/souzoukougaku14/src/build/cat/build install --record /home/takumi/souzoukougaku14/src/build/cat/install.log --single-version-externally-managed install_data
[3.200s] running egg_info
[3.201s] writing ../build/cat/cat.egg-info/PKG-INFO
[3.202s] writing dependency_links to ../build/cat/cat.egg-info/dependency_links.txt
[3.202s] writing entry points to ../build/cat/cat.egg-info/entry_points.txt
[3.203s] writing requirements to ../build/cat/cat.egg-info/requires.txt
[3.203s] writing top-level names to ../build/cat/cat.egg-info/top_level.txt
[3.207s] reading manifest file '../build/cat/cat.egg-info/SOURCES.txt'
[3.209s] writing manifest file '../build/cat/cat.egg-info/SOURCES.txt'
[3.209s] running build
[3.209s] running build_py
[3.210s] copying cat/udp_send_node.py -> /home/takumi/souzoukougaku14/src/build/cat/build/lib/cat
[3.238s] running install
[3.238s] running install_lib
[3.243s] copying /home/takumi/souzoukougaku14/src/build/cat/build/lib/cat/udp_send_node.py -> /home/takumi/souzoukougaku14/src/install/cat/lib/python3.10/site-packages/cat
[3.250s] byte-compiling /home/takumi/souzoukougaku14/src/install/cat/lib/python3.10/site-packages/cat/udp_send_node.py to udp_send_node.cpython-310.pyc
[3.251s] running install_data
[3.252s] running install_egg_info
[3.255s] removing '/home/takumi/souzoukougaku14/src/install/cat/lib/python3.10/site-packages/cat-0.0.0-py3.10.egg-info' (and everything under it)
[3.258s] Copying ../build/cat/cat.egg-info to /home/takumi/souzoukougaku14/src/install/cat/lib/python3.10/site-packages/cat-0.0.0-py3.10.egg-info
[3.268s] running install_scripts
[3.314s] Installing odom_test_node script to /home/takumi/souzoukougaku14/src/install/cat/lib/cat
[3.316s] Installing pc_controller script to /home/takumi/souzoukougaku14/src/install/cat/lib/cat
[3.316s] Installing ps4_controller_node script to /home/takumi/souzoukougaku14/src/install/cat/lib/cat
[3.317s] Installing ps4_joy_node script to /home/takumi/souzoukougaku14/src/install/cat/lib/cat
[3.320s] Installing state_machine script to /home/takumi/souzoukougaku14/src/install/cat/lib/cat
[3.320s] Installing tcp_receive_node script to /home/takumi/souzoukougaku14/src/install/cat/lib/cat
[3.321s] Installing tcp_send_node script to /home/takumi/souzoukougaku14/src/install/cat/lib/cat
[3.321s] Installing udp_receive_node script to /home/takumi/souzoukougaku14/src/install/cat/lib/cat
[3.321s] Installing udp_send_node script to /home/takumi/souzoukougaku14/src/install/cat/lib/cat
[3.322s] writing list of installed files to '/home/takumi/souzoukougaku14/src/build/cat/install.log'
[3.438s] Invoked command in '/home/takumi/souzoukougaku14/src/cat' returned '0': PYTHONPATH=/home/takumi/souzoukougaku14/src/build/cat/prefix_override:/usr/lib/python3/dist-packages/colcon_core/task/python/colcon_distutils_commands:/home/takumi/souzoukougaku14/src/install/cat/lib/python3.10/site-packages:${PYTHONPATH} /usr/bin/python3 -W ignore:setup.py install is deprecated setup.py egg_info --egg-base ../build/cat build --build-base /home/takumi/souzoukougaku14/src/build/cat/build install --record /home/takumi/souzoukougaku14/src/build/cat/install.log --single-version-externally-managed install_data
