[0.335s] DEBUG:colcon:Command line arguments: ['/usr/bin/colcon', 'build']
[0.335s] DEBUG:colcon:Parsed command line arguments: Namespace(log_base=None, log_level=None, verb_name='build', build_base='build', install_base='install', merge_install=False, symlink_install=False, test_result_base=None, continue_on_error=False, executor='parallel', parallel_workers=8, event_handlers=None, ignore_user_meta=False, metas=['./colcon.meta'], base_paths=['.'], packages_ignore=None, packages_ignore_regex=None, paths=None, packages_up_to=None, packages_up_to_regex=None, packages_above=None, packages_above_and_dependencies=None, packages_above_depth=None, packages_select_by_dep=None, packages_skip_by_dep=None, packages_skip_up_to=None, packages_select_build_failed=False, packages_skip_build_finished=False, packages_select_test_failures=False, packages_skip_test_passed=False, packages_select=None, packages_skip=None, packages_select_regex=None, packages_skip_regex=None, packages_start=None, packages_end=None, allow_overriding=[], cmake_args=None, cmake_target=None, cmake_target_skip_unavailable=False, cmake_clean_cache=False, cmake_clean_first=False, cmake_force_configure=False, ament_cmake_args=None, catkin_cmake_args=None, catkin_skip_building_tests=False, mixin_files=None, mixin=None, verb_parser=<colcon_mixin.mixin.mixin_argument.MixinArgumentDecorator object at 0x78147c607af0>, verb_extension=<colcon_core.verb.build.BuildVerb object at 0x78147c607670>, main=<bound method BuildVerb.main of <colcon_core.verb.build.BuildVerb object at 0x78147c607670>>, mixin_verb=('build',))
[0.937s] Level 1:colcon.colcon_core.package_discovery:discover_packages(colcon_meta) check parameters
[0.937s] Level 1:colcon.colcon_core.package_discovery:discover_packages(recursive) check parameters
[0.937s] Level 1:colcon.colcon_core.package_discovery:discover_packages(ignore) check parameters
[0.937s] Level 1:colcon.colcon_core.package_discovery:discover_packages(path) check parameters
[0.937s] Level 1:colcon.colcon_core.package_discovery:discover_packages(colcon_meta) discover
[0.937s] Level 1:colcon.colcon_core.package_discovery:discover_packages(recursive) discover
[0.937s] INFO:colcon.colcon_core.package_discovery:Crawling recursively for packages in '/home/takumi/souzoukougaku14/src'
[0.938s] Level 1:colcon.colcon_core.package_identification:_identify(.) by extensions ['ignore', 'ignore_ament_install']
[0.938s] Level 1:colcon.colcon_core.package_identification:_identify(.) by extension 'ignore'
[0.938s] Level 1:colcon.colcon_core.package_identification:_identify(.) by extension 'ignore_ament_install'
[0.938s] Level 1:colcon.colcon_core.package_identification:_identify(.) by extensions ['colcon_pkg']
[0.938s] Level 1:colcon.colcon_core.package_identification:_identify(.) by extension 'colcon_pkg'
[0.938s] Level 1:colcon.colcon_core.package_identification:_identify(.) by extensions ['colcon_meta']
[0.938s] Level 1:colcon.colcon_core.package_identification:_identify(.) by extension 'colcon_meta'
[0.938s] Level 1:colcon.colcon_core.package_identification:_identify(.) by extensions ['ros']
[0.938s] Level 1:colcon.colcon_core.package_identification:_identify(.) by extension 'ros'
[0.955s] Level 1:colcon.colcon_core.package_identification:_identify(.) by extensions ['cmake', 'python']
[0.955s] Level 1:colcon.colcon_core.package_identification:_identify(.) by extension 'cmake'
[0.955s] Level 1:colcon.colcon_core.package_identification:_identify(.) by extension 'python'
[0.955s] Level 1:colcon.colcon_core.package_identification:_identify(.) by extensions ['python_setup_py']
[0.955s] Level 1:colcon.colcon_core.package_identification:_identify(.) by extension 'python_setup_py'
[0.955s] Level 1:colcon.colcon_core.package_identification:_identify(build) by extensions ['ignore', 'ignore_ament_install']
[0.955s] Level 1:colcon.colcon_core.package_identification:_identify(build) by extension 'ignore'
[0.955s] Level 1:colcon.colcon_core.package_identification:_identify(build) ignored
[0.956s] Level 1:colcon.colcon_core.package_identification:_identify(cat) by extensions ['ignore', 'ignore_ament_install']
[0.956s] Level 1:colcon.colcon_core.package_identification:_identify(cat) by extension 'ignore'
[0.956s] Level 1:colcon.colcon_core.package_identification:_identify(cat) by extension 'ignore_ament_install'
[0.956s] Level 1:colcon.colcon_core.package_identification:_identify(cat) by extensions ['colcon_pkg']
[0.956s] Level 1:colcon.colcon_core.package_identification:_identify(cat) by extension 'colcon_pkg'
[0.956s] Level 1:colcon.colcon_core.package_identification:_identify(cat) by extensions ['colcon_meta']
[0.956s] Level 1:colcon.colcon_core.package_identification:_identify(cat) by extension 'colcon_meta'
[0.956s] Level 1:colcon.colcon_core.package_identification:_identify(cat) by extensions ['ros']
[0.956s] Level 1:colcon.colcon_core.package_identification:_identify(cat) by extension 'ros'
[0.962s] DEBUG:colcon.colcon_core.package_identification:Package 'cat' with type 'ros.ament_python' and name 'cat'
[0.963s] Level 1:colcon.colcon_core.package_identification:_identify(cat_messages) by extensions ['ignore', 'ignore_ament_install']
[0.963s] Level 1:colcon.colcon_core.package_identification:_identify(cat_messages) by extension 'ignore'
[0.963s] Level 1:colcon.colcon_core.package_identification:_identify(cat_messages) by extension 'ignore_ament_install'
[0.963s] Level 1:colcon.colcon_core.package_identification:_identify(cat_messages) by extensions ['colcon_pkg']
[0.963s] Level 1:colcon.colcon_core.package_identification:_identify(cat_messages) by extension 'colcon_pkg'
[0.963s] Level 1:colcon.colcon_core.package_identification:_identify(cat_messages) by extensions ['colcon_meta']
[0.963s] Level 1:colcon.colcon_core.package_identification:_identify(cat_messages) by extension 'colcon_meta'
[0.963s] Level 1:colcon.colcon_core.package_identification:_identify(cat_messages) by extensions ['ros']
[0.963s] Level 1:colcon.colcon_core.package_identification:_identify(cat_messages) by extension 'ros'
[0.964s] DEBUG:colcon.colcon_core.package_identification:Package 'cat_messages' with type 'ros.ament_cmake' and name 'cat_messages'
[0.965s] Level 1:colcon.colcon_core.package_identification:_identify(install) by extensions ['ignore', 'ignore_ament_install']
[0.965s] Level 1:colcon.colcon_core.package_identification:_identify(install) by extension 'ignore'
[0.965s] Level 1:colcon.colcon_core.package_identification:_identify(install) ignored
[0.965s] Level 1:colcon.colcon_core.package_identification:_identify(launch) by extensions ['ignore', 'ignore_ament_install']
[0.965s] Level 1:colcon.colcon_core.package_identification:_identify(launch) by extension 'ignore'
[0.965s] Level 1:colcon.colcon_core.package_identification:_identify(launch) by extension 'ignore_ament_install'
[0.965s] Level 1:colcon.colcon_core.package_identification:_identify(launch) by extensions ['colcon_pkg']
[0.965s] Level 1:colcon.colcon_core.package_identification:_identify(launch) by extension 'colcon_pkg'
[0.965s] Level 1:colcon.colcon_core.package_identification:_identify(launch) by extensions ['colcon_meta']
[0.965s] Level 1:colcon.colcon_core.package_identification:_identify(launch) by extension 'colcon_meta'
[0.965s] Level 1:colcon.colcon_core.package_identification:_identify(launch) by extensions ['ros']
[0.965s] Level 1:colcon.colcon_core.package_identification:_identify(launch) by extension 'ros'
[0.965s] Level 1:colcon.colcon_core.package_identification:_identify(launch) by extensions ['cmake', 'python']
[0.965s] Level 1:colcon.colcon_core.package_identification:_identify(launch) by extension 'cmake'
[0.965s] Level 1:colcon.colcon_core.package_identification:_identify(launch) by extension 'python'
[0.965s] Level 1:colcon.colcon_core.package_identification:_identify(launch) by extensions ['python_setup_py']
[0.965s] Level 1:colcon.colcon_core.package_identification:_identify(launch) by extension 'python_setup_py'
[0.966s] Level 1:colcon.colcon_core.package_identification:_identify(launch/__pycache__) by extensions ['ignore', 'ignore_ament_install']
[0.966s] Level 1:colcon.colcon_core.package_identification:_identify(launch/__pycache__) by extension 'ignore'
[0.966s] Level 1:colcon.colcon_core.package_identification:_identify(launch/__pycache__) by extension 'ignore_ament_install'
[0.966s] Level 1:colcon.colcon_core.package_identification:_identify(launch/__pycache__) by extensions ['colcon_pkg']
[0.966s] Level 1:colcon.colcon_core.package_identification:_identify(launch/__pycache__) by extension 'colcon_pkg'
[0.966s] Level 1:colcon.colcon_core.package_identification:_identify(launch/__pycache__) by extensions ['colcon_meta']
[0.966s] Level 1:colcon.colcon_core.package_identification:_identify(launch/__pycache__) by extension 'colcon_meta'
[0.966s] Level 1:colcon.colcon_core.package_identification:_identify(launch/__pycache__) by extensions ['ros']
[0.966s] Level 1:colcon.colcon_core.package_identification:_identify(launch/__pycache__) by extension 'ros'
[0.966s] Level 1:colcon.colcon_core.package_identification:_identify(launch/__pycache__) by extensions ['cmake', 'python']
[0.966s] Level 1:colcon.colcon_core.package_identification:_identify(launch/__pycache__) by extension 'cmake'
[0.966s] Level 1:colcon.colcon_core.package_identification:_identify(launch/__pycache__) by extension 'python'
[0.966s] Level 1:colcon.colcon_core.package_identification:_identify(launch/__pycache__) by extensions ['python_setup_py']
[0.966s] Level 1:colcon.colcon_core.package_identification:_identify(launch/__pycache__) by extension 'python_setup_py'
[0.966s] Level 1:colcon.colcon_core.package_identification:_identify(log) by extensions ['ignore', 'ignore_ament_install']
[0.966s] Level 1:colcon.colcon_core.package_identification:_identify(log) by extension 'ignore'
[0.966s] Level 1:colcon.colcon_core.package_identification:_identify(log) ignored
[0.966s] Level 1:colcon.colcon_core.package_discovery:discover_packages(recursive) using defaults
[0.966s] Level 1:colcon.colcon_core.package_discovery:discover_packages(ignore) discover
[0.966s] Level 1:colcon.colcon_core.package_discovery:discover_packages(ignore) using defaults
[0.966s] Level 1:colcon.colcon_core.package_discovery:discover_packages(path) discover
[0.966s] Level 1:colcon.colcon_core.package_discovery:discover_packages(path) using defaults
[1.017s] Level 1:colcon.colcon_core.package_discovery:discover_packages(prefix_path) check parameters
[1.017s] Level 1:colcon.colcon_core.package_discovery:discover_packages(prefix_path) discover
[1.023s] DEBUG:colcon.colcon_installed_package_information.package_discovery:Found 2 installed packages in /home/takumi/souzoukougaku14/src/install
[1.024s] DEBUG:colcon.colcon_installed_package_information.package_discovery:Found 418 installed packages in /opt/ros/humble
[1.026s] Level 1:colcon.colcon_core.package_discovery:discover_packages(prefix_path) using defaults
[1.086s] Level 5:colcon.colcon_core.verb:set package 'cat_messages' build argument 'cmake_args' from command line to 'None'
[1.086s] Level 5:colcon.colcon_core.verb:set package 'cat_messages' build argument 'cmake_target' from command line to 'None'
[1.086s] Level 5:colcon.colcon_core.verb:set package 'cat_messages' build argument 'cmake_target_skip_unavailable' from command line to 'False'
[1.086s] Level 5:colcon.colcon_core.verb:set package 'cat_messages' build argument 'cmake_clean_cache' from command line to 'False'
[1.086s] Level 5:colcon.colcon_core.verb:set package 'cat_messages' build argument 'cmake_clean_first' from command line to 'False'
[1.086s] Level 5:colcon.colcon_core.verb:set package 'cat_messages' build argument 'cmake_force_configure' from command line to 'False'
[1.086s] Level 5:colcon.colcon_core.verb:set package 'cat_messages' build argument 'ament_cmake_args' from command line to 'None'
[1.086s] Level 5:colcon.colcon_core.verb:set package 'cat_messages' build argument 'catkin_cmake_args' from command line to 'None'
[1.086s] Level 5:colcon.colcon_core.verb:set package 'cat_messages' build argument 'catkin_skip_building_tests' from command line to 'False'
[1.086s] DEBUG:colcon.colcon_core.verb:Building package 'cat_messages' with the following arguments: {'ament_cmake_args': None, 'build_base': '/home/takumi/souzoukougaku14/src/build/cat_messages', 'catkin_cmake_args': None, 'catkin_skip_building_tests': False, 'cmake_args': None, 'cmake_clean_cache': False, 'cmake_clean_first': False, 'cmake_force_configure': False, 'cmake_target': None, 'cmake_target_skip_unavailable': False, 'install_base': '/home/takumi/souzoukougaku14/src/install/cat_messages', 'merge_install': False, 'path': '/home/takumi/souzoukougaku14/src/cat_messages', 'symlink_install': False, 'test_result_base': None}
[1.087s] Level 5:colcon.colcon_core.verb:set package 'cat' build argument 'cmake_args' from command line to 'None'
[1.087s] Level 5:colcon.colcon_core.verb:set package 'cat' build argument 'cmake_target' from command line to 'None'
[1.087s] Level 5:colcon.colcon_core.verb:set package 'cat' build argument 'cmake_target_skip_unavailable' from command line to 'False'
[1.087s] Level 5:colcon.colcon_core.verb:set package 'cat' build argument 'cmake_clean_cache' from command line to 'False'
[1.087s] Level 5:colcon.colcon_core.verb:set package 'cat' build argument 'cmake_clean_first' from command line to 'False'
[1.087s] Level 5:colcon.colcon_core.verb:set package 'cat' build argument 'cmake_force_configure' from command line to 'False'
[1.087s] Level 5:colcon.colcon_core.verb:set package 'cat' build argument 'ament_cmake_args' from command line to 'None'
[1.087s] Level 5:colcon.colcon_core.verb:set package 'cat' build argument 'catkin_cmake_args' from command line to 'None'
[1.087s] Level 5:colcon.colcon_core.verb:set package 'cat' build argument 'catkin_skip_building_tests' from command line to 'False'
[1.087s] DEBUG:colcon.colcon_core.verb:Building package 'cat' with the following arguments: {'ament_cmake_args': None, 'build_base': '/home/takumi/souzoukougaku14/src/build/cat', 'catkin_cmake_args': None, 'catkin_skip_building_tests': False, 'cmake_args': None, 'cmake_clean_cache': False, 'cmake_clean_first': False, 'cmake_force_configure': False, 'cmake_target': None, 'cmake_target_skip_unavailable': False, 'install_base': '/home/takumi/souzoukougaku14/src/install/cat', 'merge_install': False, 'path': '/home/takumi/souzoukougaku14/src/cat', 'symlink_install': False, 'test_result_base': None}
[1.087s] INFO:colcon.colcon_core.executor:Executing jobs using 'parallel' executor
[1.088s] DEBUG:colcon.colcon_parallel_executor.executor.parallel:run_until_complete
[1.089s] INFO:colcon.colcon_ros.task.ament_cmake.build:Building ROS package in '/home/takumi/souzoukougaku14/src/cat_messages' with build type 'ament_cmake'
[1.089s] INFO:colcon.colcon_cmake.task.cmake.build:Building CMake package in '/home/takumi/souzoukougaku14/src/cat_messages'
[1.097s] INFO:colcon.colcon_core.plugin_system:Skipping extension 'colcon_core.shell.bat': Not used on non-Windows systems
[1.098s] INFO:colcon.colcon_core.shell:Skip shell extension 'powershell' for command environment: Not usable outside of PowerShell
[1.098s] DEBUG:colcon.colcon_core.shell:Skip shell extension 'dsv' for command environment
[1.113s] DEBUG:colcon.colcon_core.event_handler.log_command:Invoking command in '/home/takumi/souzoukougaku14/src/build/cat_messages': CMAKE_PREFIX_PATH=${CMAKE_PREFIX_PATH}:/home/takumi/souzoukougaku14/src/install/cat:/opt/ros/humble /usr/bin/cmake --build /home/takumi/souzoukougaku14/src/build/cat_messages -- -j8 -l8
[1.608s] DEBUG:colcon.colcon_core.event_handler.log_command:Invoked command in '/home/takumi/souzoukougaku14/src/build/cat_messages' returned '0': CMAKE_PREFIX_PATH=${CMAKE_PREFIX_PATH}:/home/takumi/souzoukougaku14/src/install/cat:/opt/ros/humble /usr/bin/cmake --build /home/takumi/souzoukougaku14/src/build/cat_messages -- -j8 -l8
[1.724s] DEBUG:colcon.colcon_core.event_handler.log_command:Invoking command in '/home/takumi/souzoukougaku14/src/build/cat_messages': CMAKE_PREFIX_PATH=${CMAKE_PREFIX_PATH}:/home/takumi/souzoukougaku14/src/install/cat:/opt/ros/humble /usr/bin/cmake --install /home/takumi/souzoukougaku14/src/build/cat_messages
[1.782s] Level 1:colcon.colcon_core.environment:create_environment_scripts_only(cat_messages)
[1.783s] DEBUG:colcon.colcon_core.event_handler.log_command:Invoked command in '/home/takumi/souzoukougaku14/src/build/cat_messages' returned '0': CMAKE_PREFIX_PATH=${CMAKE_PREFIX_PATH}:/home/takumi/souzoukougaku14/src/install/cat:/opt/ros/humble /usr/bin/cmake --install /home/takumi/souzoukougaku14/src/build/cat_messages
[1.790s] Level 1:colcon.colcon_core.environment:checking '/home/takumi/souzoukougaku14/src/install/cat_messages' for CMake module files
[1.791s] Level 1:colcon.colcon_core.environment:checking '/home/takumi/souzoukougaku14/src/install/cat_messages' for CMake config files
[1.791s] Level 1:colcon.colcon_core.shell:create_environment_hook('cat_messages', 'cmake_prefix_path')
[1.792s] INFO:colcon.colcon_core.shell:Creating environment hook '/home/takumi/souzoukougaku14/src/install/cat_messages/share/cat_messages/hook/cmake_prefix_path.ps1'
[1.793s] INFO:colcon.colcon_core.shell:Creating environment descriptor '/home/takumi/souzoukougaku14/src/install/cat_messages/share/cat_messages/hook/cmake_prefix_path.dsv'
[1.794s] INFO:colcon.colcon_core.shell:Creating environment hook '/home/takumi/souzoukougaku14/src/install/cat_messages/share/cat_messages/hook/cmake_prefix_path.sh'
[1.795s] Level 1:colcon.colcon_core.environment:checking '/home/takumi/souzoukougaku14/src/install/cat_messages/lib'
[1.795s] Level 1:colcon.colcon_core.shell:create_environment_hook('cat_messages', 'ld_library_path_lib')
[1.795s] INFO:colcon.colcon_core.shell:Creating environment hook '/home/takumi/souzoukougaku14/src/install/cat_messages/share/cat_messages/hook/ld_library_path_lib.ps1'
[1.796s] INFO:colcon.colcon_core.shell:Creating environment descriptor '/home/takumi/souzoukougaku14/src/install/cat_messages/share/cat_messages/hook/ld_library_path_lib.dsv'
[1.796s] INFO:colcon.colcon_core.shell:Creating environment hook '/home/takumi/souzoukougaku14/src/install/cat_messages/share/cat_messages/hook/ld_library_path_lib.sh'
[1.796s] Level 1:colcon.colcon_core.environment:checking '/home/takumi/souzoukougaku14/src/install/cat_messages/bin'
[1.796s] Level 1:colcon.colcon_core.environment:checking '/home/takumi/souzoukougaku14/src/install/cat_messages/lib/pkgconfig/cat_messages.pc'
[1.797s] Level 1:colcon.colcon_core.environment:checking '/home/takumi/souzoukougaku14/src/install/cat_messages/lib/python3.10/site-packages'
[1.797s] Level 1:colcon.colcon_core.environment:checking '/home/takumi/souzoukougaku14/src/install/cat_messages/bin'
[1.797s] INFO:colcon.colcon_core.shell:Creating package script '/home/takumi/souzoukougaku14/src/install/cat_messages/share/cat_messages/package.ps1'
[1.798s] INFO:colcon.colcon_core.shell:Creating package descriptor '/home/takumi/souzoukougaku14/src/install/cat_messages/share/cat_messages/package.dsv'
[1.799s] INFO:colcon.colcon_core.shell:Creating package script '/home/takumi/souzoukougaku14/src/install/cat_messages/share/cat_messages/package.sh'
[1.800s] INFO:colcon.colcon_core.shell:Creating package script '/home/takumi/souzoukougaku14/src/install/cat_messages/share/cat_messages/package.bash'
[1.801s] INFO:colcon.colcon_core.shell:Creating package script '/home/takumi/souzoukougaku14/src/install/cat_messages/share/cat_messages/package.zsh'
[1.802s] Level 1:colcon.colcon_core.environment:create_file_with_runtime_dependencies(/home/takumi/souzoukougaku14/src/install/cat_messages/share/colcon-core/packages/cat_messages)
[1.919s] Level 1:colcon.colcon_core.environment:create_environment_scripts_only(cat_messages)
[1.920s] Level 1:colcon.colcon_core.environment:checking '/home/takumi/souzoukougaku14/src/install/cat_messages' for CMake module files
[1.920s] Level 1:colcon.colcon_core.environment:checking '/home/takumi/souzoukougaku14/src/install/cat_messages' for CMake config files
[1.921s] Level 1:colcon.colcon_core.shell:create_environment_hook('cat_messages', 'cmake_prefix_path')
[1.921s] INFO:colcon.colcon_core.shell:Creating environment hook '/home/takumi/souzoukougaku14/src/install/cat_messages/share/cat_messages/hook/cmake_prefix_path.ps1'
[1.921s] INFO:colcon.colcon_core.shell:Creating environment descriptor '/home/takumi/souzoukougaku14/src/install/cat_messages/share/cat_messages/hook/cmake_prefix_path.dsv'
[1.922s] INFO:colcon.colcon_core.shell:Creating environment hook '/home/takumi/souzoukougaku14/src/install/cat_messages/share/cat_messages/hook/cmake_prefix_path.sh'
[1.922s] Level 1:colcon.colcon_core.environment:checking '/home/takumi/souzoukougaku14/src/install/cat_messages/lib'
[1.922s] Level 1:colcon.colcon_core.shell:create_environment_hook('cat_messages', 'ld_library_path_lib')
[1.922s] INFO:colcon.colcon_core.shell:Creating environment hook '/home/takumi/souzoukougaku14/src/install/cat_messages/share/cat_messages/hook/ld_library_path_lib.ps1'
[1.923s] INFO:colcon.colcon_core.shell:Creating environment descriptor '/home/takumi/souzoukougaku14/src/install/cat_messages/share/cat_messages/hook/ld_library_path_lib.dsv'
[1.923s] INFO:colcon.colcon_core.shell:Creating environment hook '/home/takumi/souzoukougaku14/src/install/cat_messages/share/cat_messages/hook/ld_library_path_lib.sh'
[1.924s] Level 1:colcon.colcon_core.environment:checking '/home/takumi/souzoukougaku14/src/install/cat_messages/bin'
[1.924s] Level 1:colcon.colcon_core.environment:checking '/home/takumi/souzoukougaku14/src/install/cat_messages/lib/pkgconfig/cat_messages.pc'
[1.924s] Level 1:colcon.colcon_core.environment:checking '/home/takumi/souzoukougaku14/src/install/cat_messages/lib/python3.10/site-packages'
[1.924s] Level 1:colcon.colcon_core.environment:checking '/home/takumi/souzoukougaku14/src/install/cat_messages/bin'
[1.925s] INFO:colcon.colcon_core.shell:Creating package script '/home/takumi/souzoukougaku14/src/install/cat_messages/share/cat_messages/package.ps1'
[1.925s] INFO:colcon.colcon_core.shell:Creating package descriptor '/home/takumi/souzoukougaku14/src/install/cat_messages/share/cat_messages/package.dsv'
[1.926s] INFO:colcon.colcon_core.shell:Creating package script '/home/takumi/souzoukougaku14/src/install/cat_messages/share/cat_messages/package.sh'
[1.926s] INFO:colcon.colcon_core.shell:Creating package script '/home/takumi/souzoukougaku14/src/install/cat_messages/share/cat_messages/package.bash'
[1.927s] INFO:colcon.colcon_core.shell:Creating package script '/home/takumi/souzoukougaku14/src/install/cat_messages/share/cat_messages/package.zsh'
[1.927s] Level 1:colcon.colcon_core.environment:create_file_with_runtime_dependencies(/home/takumi/souzoukougaku14/src/install/cat_messages/share/colcon-core/packages/cat_messages)
[1.927s] INFO:colcon.colcon_ros.task.ament_python.build:Building ROS package in '/home/takumi/souzoukougaku14/src/cat' with build type 'ament_python'
[1.928s] Level 1:colcon.colcon_core.shell:create_environment_hook('cat', 'ament_prefix_path')
[1.928s] INFO:colcon.colcon_core.shell:Creating environment hook '/home/takumi/souzoukougaku14/src/install/cat/share/cat/hook/ament_prefix_path.ps1'
[1.929s] INFO:colcon.colcon_core.shell:Creating environment descriptor '/home/takumi/souzoukougaku14/src/install/cat/share/cat/hook/ament_prefix_path.dsv'
[1.930s] INFO:colcon.colcon_core.shell:Creating environment hook '/home/takumi/souzoukougaku14/src/install/cat/share/cat/hook/ament_prefix_path.sh'
[1.931s] INFO:colcon.colcon_core.shell:Skip shell extension 'powershell' for command environment: Not usable outside of PowerShell
[1.931s] DEBUG:colcon.colcon_core.shell:Skip shell extension 'dsv' for command environment
[2.210s] INFO:colcon.colcon_core.task.python.build:Building Python package in '/home/takumi/souzoukougaku14/src/cat'
[2.210s] INFO:colcon.colcon_core.shell:Skip shell extension 'powershell' for command environment: Not usable outside of PowerShell
[2.210s] DEBUG:colcon.colcon_core.shell:Skip shell extension 'dsv' for command environment
[2.907s] DEBUG:colcon.colcon_core.event_handler.log_command:Invoking command in '/home/takumi/souzoukougaku14/src/cat': PYTHONPATH=/home/takumi/souzoukougaku14/src/build/cat/prefix_override:/usr/lib/python3/dist-packages/colcon_core/task/python/colcon_distutils_commands:/home/takumi/souzoukougaku14/src/install/cat/lib/python3.10/site-packages:${PYTHONPATH} /usr/bin/python3 -W ignore:setup.py install is deprecated setup.py egg_info --egg-base ../build/cat build --build-base /home/takumi/souzoukougaku14/src/build/cat/build install --record /home/takumi/souzoukougaku14/src/build/cat/install.log --single-version-externally-managed install_data
[3.159s] Level 1:colcon.colcon_core.environment:checking '/home/takumi/souzoukougaku14/src/install/cat' for CMake module files
[3.160s] DEBUG:colcon.colcon_core.event_handler.log_command:Invoked command in '/home/takumi/souzoukougaku14/src/cat' returned '0': PYTHONPATH=/home/takumi/souzoukougaku14/src/build/cat/prefix_override:/usr/lib/python3/dist-packages/colcon_core/task/python/colcon_distutils_commands:/home/takumi/souzoukougaku14/src/install/cat/lib/python3.10/site-packages:${PYTHONPATH} /usr/bin/python3 -W ignore:setup.py install is deprecated setup.py egg_info --egg-base ../build/cat build --build-base /home/takumi/souzoukougaku14/src/build/cat/build install --record /home/takumi/souzoukougaku14/src/build/cat/install.log --single-version-externally-managed install_data
[3.160s] Level 1:colcon.colcon_core.environment:checking '/home/takumi/souzoukougaku14/src/install/cat' for CMake config files
[3.161s] Level 1:colcon.colcon_core.environment:checking '/home/takumi/souzoukougaku14/src/install/cat/lib'
[3.161s] Level 1:colcon.colcon_core.environment:checking '/home/takumi/souzoukougaku14/src/install/cat/bin'
[3.161s] Level 1:colcon.colcon_core.environment:checking '/home/takumi/souzoukougaku14/src/install/cat/lib/pkgconfig/cat.pc'
[3.161s] Level 1:colcon.colcon_core.environment:checking '/home/takumi/souzoukougaku14/src/install/cat/lib/python3.10/site-packages'
[3.161s] Level 1:colcon.colcon_core.shell:create_environment_hook('cat', 'pythonpath')
[3.161s] INFO:colcon.colcon_core.shell:Creating environment hook '/home/takumi/souzoukougaku14/src/install/cat/share/cat/hook/pythonpath.ps1'
[3.162s] INFO:colcon.colcon_core.shell:Creating environment descriptor '/home/takumi/souzoukougaku14/src/install/cat/share/cat/hook/pythonpath.dsv'
[3.162s] INFO:colcon.colcon_core.shell:Creating environment hook '/home/takumi/souzoukougaku14/src/install/cat/share/cat/hook/pythonpath.sh'
[3.163s] Level 1:colcon.colcon_core.environment:checking '/home/takumi/souzoukougaku14/src/install/cat/bin'
[3.163s] Level 1:colcon.colcon_core.environment:create_environment_scripts_only(cat)
[3.164s] INFO:colcon.colcon_core.shell:Creating package script '/home/takumi/souzoukougaku14/src/install/cat/share/cat/package.ps1'
[3.164s] INFO:colcon.colcon_core.shell:Creating package descriptor '/home/takumi/souzoukougaku14/src/install/cat/share/cat/package.dsv'
[3.165s] INFO:colcon.colcon_core.shell:Creating package script '/home/takumi/souzoukougaku14/src/install/cat/share/cat/package.sh'
[3.165s] INFO:colcon.colcon_core.shell:Creating package script '/home/takumi/souzoukougaku14/src/install/cat/share/cat/package.bash'
[3.165s] INFO:colcon.colcon_core.shell:Creating package script '/home/takumi/souzoukougaku14/src/install/cat/share/cat/package.zsh'
[3.166s] Level 1:colcon.colcon_core.environment:create_file_with_runtime_dependencies(/home/takumi/souzoukougaku14/src/install/cat/share/colcon-core/packages/cat)
[3.166s] DEBUG:colcon.colcon_parallel_executor.executor.parallel:closing loop
[3.167s] DEBUG:colcon.colcon_parallel_executor.executor.parallel:loop closed
[3.167s] DEBUG:colcon.colcon_parallel_executor.executor.parallel:run_until_complete finished with '0'
[3.167s] DEBUG:colcon.colcon_core.event_reactor:joining thread
[3.227s] INFO:colcon.colcon_core.plugin_system:Skipping extension 'colcon_notification.desktop_notification.notify_send': Could not find 'notify-send'
[3.227s] INFO:colcon.colcon_core.plugin_system:Skipping extension 'colcon_notification.desktop_notification.terminal_notifier': Not used on non-Darwin systems
[3.227s] INFO:colcon.colcon_core.plugin_system:Skipping extension 'colcon_notification.desktop_notification.win32': Not used on non-Windows systems
[3.227s] INFO:colcon.colcon_notification.desktop_notification:Sending desktop notification using 'notify2'
[3.232s] DEBUG:colcon.colcon_notification.desktop_notification.notify2:Failed to initialize notify2: org.freedesktop.DBus.Error.ServiceUnknown: The name org.freedesktop.Notifications was not provided by any .service files
[3.232s] DEBUG:colcon.colcon_core.event_reactor:joined thread
[3.232s] INFO:colcon.colcon_core.shell:Creating prefix script '/home/takumi/souzoukougaku14/src/install/local_setup.ps1'
[3.233s] INFO:colcon.colcon_core.shell:Creating prefix util module '/home/takumi/souzoukougaku14/src/install/_local_setup_util_ps1.py'
[3.235s] INFO:colcon.colcon_core.shell:Creating prefix chain script '/home/takumi/souzoukougaku14/src/install/setup.ps1'
[3.236s] INFO:colcon.colcon_core.shell:Creating prefix script '/home/takumi/souzoukougaku14/src/install/local_setup.sh'
[3.237s] INFO:colcon.colcon_core.shell:Creating prefix util module '/home/takumi/souzoukougaku14/src/install/_local_setup_util_sh.py'
[3.237s] INFO:colcon.colcon_core.shell:Creating prefix chain script '/home/takumi/souzoukougaku14/src/install/setup.sh'
[3.238s] INFO:colcon.colcon_core.shell:Creating prefix script '/home/takumi/souzoukougaku14/src/install/local_setup.bash'
[3.239s] INFO:colcon.colcon_core.shell:Creating prefix chain script '/home/takumi/souzoukougaku14/src/install/setup.bash'
[3.241s] INFO:colcon.colcon_core.shell:Creating prefix script '/home/takumi/souzoukougaku14/src/install/local_setup.zsh'
[3.241s] INFO:colcon.colcon_core.shell:Creating prefix chain script '/home/takumi/souzoukougaku14/src/install/setup.zsh'
