[0.406s] Invoking command in '/home/hamilton/souzou/src/cat': CONDA_PROMPT_MODIFIER=(base) PYTHONPATH=/home/hamilton/souzou/src/build/cat/prefix_override:/usr/lib/python3/dist-packages/colcon_core/task/python/colcon_distutils_commands:/home/hamilton/souzou/src/install/cat/lib/python3.10/site-packages:${PYTHONPATH} /usr/bin/python3 -W ignore:setup.py install is deprecated setup.py egg_info --egg-base ../build/cat build --build-base /home/hamilton/souzou/src/build/cat/build install --record /home/hamilton/souzou/src/build/cat/install.log --single-version-externally-managed install_data
[0.593s] running egg_info
[0.594s] writing ../build/cat/cat.egg-info/PKG-INFO
[0.595s] writing dependency_links to ../build/cat/cat.egg-info/dependency_links.txt
[0.595s] writing entry points to ../build/cat/cat.egg-info/entry_points.txt
[0.597s] writing requirements to ../build/cat/cat.egg-info/requires.txt
[0.597s] writing top-level names to ../build/cat/cat.egg-info/top_level.txt
[0.599s] reading manifest file '../build/cat/cat.egg-info/SOURCES.txt'
[0.599s] writing manifest file '../build/cat/cat.egg-info/SOURCES.txt'
[0.599s] running build
[0.600s] running build_py
[0.600s] running install
[0.600s] running install_lib
[0.601s] running install_data
[0.602s] running install_egg_info
[0.603s] removing '/home/hamilton/souzou/src/install/cat/lib/python3.10/site-packages/cat-0.0.0-py3.10.egg-info' (and everything under it)
[0.603s] Copying ../build/cat/cat.egg-info to /home/hamilton/souzou/src/install/cat/lib/python3.10/site-packages/cat-0.0.0-py3.10.egg-info
[0.604s] running install_scripts
[0.622s] Installing pc_controller script to /home/hamilton/souzou/src/install/cat/lib/cat
[0.622s] Installing state_machine script to /home/hamilton/souzou/src/install/cat/lib/cat
[0.622s] Installing udp_node script to /home/hamilton/souzou/src/install/cat/lib/cat
[0.622s] writing list of installed files to '/home/hamilton/souzou/src/build/cat/install.log'
[0.641s] Invoked command in '/home/hamilton/souzou/src/cat' returned '0': CONDA_PROMPT_MODIFIER=(base) PYTHONPATH=/home/hamilton/souzou/src/build/cat/prefix_override:/usr/lib/python3/dist-packages/colcon_core/task/python/colcon_distutils_commands:/home/hamilton/souzou/src/install/cat/lib/python3.10/site-packages:${PYTHONPATH} /usr/bin/python3 -W ignore:setup.py install is deprecated setup.py egg_info --egg-base ../build/cat build --build-base /home/hamilton/souzou/src/build/cat/build install --record /home/hamilton/souzou/src/build/cat/install.log --single-version-externally-managed install_data
