[0.901s] Invoking command in '/home/takumi/souzoukougaku14/src/cat': AMENT_PREFIX_PATH=/home/takumi/souzoukougaku14/src/install/cat_messages:${AMENT_PREFIX_PATH} CMAKE_PREFIX_PATH=/home/takumi/souzoukougaku14/src/install/cat_messages LD_LIBRARY_PATH=/home/takumi/souzoukougaku14/src/install/cat_messages/lib:${LD_LIBRARY_PATH} PYTHONPATH=/home/takumi/souzoukougaku14/src/build/cat/prefix_override:/usr/lib/python3/dist-packages/colcon_core/task/python/colcon_distutils_commands:/home/takumi/souzoukougaku14/src/install/cat/lib/python3.10/site-packages:/home/takumi/souzoukougaku14/src/install/cat_messages/local/lib/python3.10/dist-packages:${PYTHONPATH} /usr/bin/python3 -W ignore:setup.py install is deprecated setup.py egg_info --egg-base ../build/cat build --build-base /home/takumi/souzoukougaku14/src/build/cat/build install --record /home/takumi/souzoukougaku14/src/build/cat/install.log --single-version-externally-managed install_data
[1.081s] running egg_info
[1.082s] creating ../build/cat/cat.egg-info
[1.082s] writing ../build/cat/cat.egg-info/PKG-INFO
[1.082s] writing dependency_links to ../build/cat/cat.egg-info/dependency_links.txt
[1.082s] writing entry points to ../build/cat/cat.egg-info/entry_points.txt
[1.082s] writing requirements to ../build/cat/cat.egg-info/requires.txt
[1.082s] writing top-level names to ../build/cat/cat.egg-info/top_level.txt
[1.082s] writing manifest file '../build/cat/cat.egg-info/SOURCES.txt'
[1.084s] reading manifest file '../build/cat/cat.egg-info/SOURCES.txt'
[1.084s] writing manifest file '../build/cat/cat.egg-info/SOURCES.txt'
[1.084s] running build
[1.084s] running build_py
[1.085s] creating /home/takumi/souzoukougaku14/src/build/cat/build
[1.085s] creating /home/takumi/souzoukougaku14/src/build/cat/build/lib
[1.104s] creating /home/takumi/souzoukougaku14/src/build/cat/build/lib/cat
[1.104s] copying cat/tcp_receive_node.py -> /home/takumi/souzoukougaku14/src/build/cat/build/lib/cat
[1.104s] copying cat/udp_receive_node.py -> /home/takumi/souzoukougaku14/src/build/cat/build/lib/cat
[1.112s] copying cat/tcp_send_node.py -> /home/takumi/souzoukougaku14/src/build/cat/build/lib/cat
[1.122s] copying cat/pc_controller.py -> /home/takumi/souzoukougaku14/src/build/cat/build/lib/cat
[1.122s] copying cat/serial_sample.py -> /home/takumi/souzoukougaku14/src/build/cat/build/lib/cat
[1.123s] copying cat/state_machine.py -> /home/takumi/souzoukougaku14/src/build/cat/build/lib/cat
[1.123s] copying cat/udp_send_node.py -> /home/takumi/souzoukougaku14/src/build/cat/build/lib/cat
[1.131s] copying cat/__init__.py -> /home/takumi/souzoukougaku14/src/build/cat/build/lib/cat
[1.131s] running install
[1.131s] running install_lib
[1.132s] creating /home/takumi/souzoukougaku14/src/install/cat/lib/python3.10/site-packages/cat
[1.132s] copying /home/takumi/souzoukougaku14/src/build/cat/build/lib/cat/tcp_receive_node.py -> /home/takumi/souzoukougaku14/src/install/cat/lib/python3.10/site-packages/cat
[1.145s] copying /home/takumi/souzoukougaku14/src/build/cat/build/lib/cat/udp_receive_node.py -> /home/takumi/souzoukougaku14/src/install/cat/lib/python3.10/site-packages/cat
[1.145s] copying /home/takumi/souzoukougaku14/src/build/cat/build/lib/cat/tcp_send_node.py -> /home/takumi/souzoukougaku14/src/install/cat/lib/python3.10/site-packages/cat
[1.145s] copying /home/takumi/souzoukougaku14/src/build/cat/build/lib/cat/pc_controller.py -> /home/takumi/souzoukougaku14/src/install/cat/lib/python3.10/site-packages/cat
[1.145s] copying /home/takumi/souzoukougaku14/src/build/cat/build/lib/cat/serial_sample.py -> /home/takumi/souzoukougaku14/src/install/cat/lib/python3.10/site-packages/cat
[1.145s] copying /home/takumi/souzoukougaku14/src/build/cat/build/lib/cat/state_machine.py -> /home/takumi/souzoukougaku14/src/install/cat/lib/python3.10/site-packages/cat
[1.145s] copying /home/takumi/souzoukougaku14/src/build/cat/build/lib/cat/udp_send_node.py -> /home/takumi/souzoukougaku14/src/install/cat/lib/python3.10/site-packages/cat
[1.145s] copying /home/takumi/souzoukougaku14/src/build/cat/build/lib/cat/__init__.py -> /home/takumi/souzoukougaku14/src/install/cat/lib/python3.10/site-packages/cat
[1.154s] byte-compiling /home/takumi/souzoukougaku14/src/install/cat/lib/python3.10/site-packages/cat/tcp_receive_node.py to tcp_receive_node.cpython-310.pyc
[1.155s] byte-compiling /home/takumi/souzoukougaku14/src/install/cat/lib/python3.10/site-packages/cat/udp_receive_node.py to udp_receive_node.cpython-310.pyc
[1.164s] byte-compiling /home/takumi/souzoukougaku14/src/install/cat/lib/python3.10/site-packages/cat/tcp_send_node.py to tcp_send_node.cpython-310.pyc
[1.172s] byte-compiling /home/takumi/souzoukougaku14/src/install/cat/lib/python3.10/site-packages/cat/pc_controller.py to pc_controller.cpython-310.pyc
[1.173s] byte-compiling /home/takumi/souzoukougaku14/src/install/cat/lib/python3.10/site-packages/cat/serial_sample.py to serial_sample.cpython-310.pyc
[1.182s] byte-compiling /home/takumi/souzoukougaku14/src/install/cat/lib/python3.10/site-packages/cat/state_machine.py to state_machine.cpython-310.pyc
[1.183s] byte-compiling /home/takumi/souzoukougaku14/src/install/cat/lib/python3.10/site-packages/cat/udp_send_node.py to udp_send_node.cpython-310.pyc
[1.183s] byte-compiling /home/takumi/souzoukougaku14/src/install/cat/lib/python3.10/site-packages/cat/__init__.py to __init__.cpython-310.pyc
[1.184s] running install_data
[1.184s] creating /home/takumi/souzoukougaku14/src/install/cat/share/ament_index
[1.184s] creating /home/takumi/souzoukougaku14/src/install/cat/share/ament_index/resource_index
[1.184s] creating /home/takumi/souzoukougaku14/src/install/cat/share/ament_index/resource_index/packages
[1.185s] copying resource/cat -> /home/takumi/souzoukougaku14/src/install/cat/share/ament_index/resource_index/packages
[1.185s] copying package.xml -> /home/takumi/souzoukougaku14/src/install/cat/share/cat
[1.185s] running install_egg_info
[1.187s] Copying ../build/cat/cat.egg-info to /home/takumi/souzoukougaku14/src/install/cat/lib/python3.10/site-packages/cat-0.0.0-py3.10.egg-info
[1.215s] running install_scripts
[1.231s] Installing pc_controller script to /home/takumi/souzoukougaku14/src/install/cat/lib/cat
[1.231s] Installing state_machine script to /home/takumi/souzoukougaku14/src/install/cat/lib/cat
[1.244s] Installing tcp_receive_node script to /home/takumi/souzoukougaku14/src/install/cat/lib/cat
[1.244s] Installing tcp_send_node script to /home/takumi/souzoukougaku14/src/install/cat/lib/cat
[1.244s] writing list of installed files to '/home/takumi/souzoukougaku14/src/build/cat/install.log'
[1.260s] Invoked command in '/home/takumi/souzoukougaku14/src/cat' returned '0': AMENT_PREFIX_PATH=/home/takumi/souzoukougaku14/src/install/cat_messages:${AMENT_PREFIX_PATH} CMAKE_PREFIX_PATH=/home/takumi/souzoukougaku14/src/install/cat_messages LD_LIBRARY_PATH=/home/takumi/souzoukougaku14/src/install/cat_messages/lib:${LD_LIBRARY_PATH} PYTHONPATH=/home/takumi/souzoukougaku14/src/build/cat/prefix_override:/usr/lib/python3/dist-packages/colcon_core/task/python/colcon_distutils_commands:/home/takumi/souzoukougaku14/src/install/cat/lib/python3.10/site-packages:/home/takumi/souzoukougaku14/src/install/cat_messages/local/lib/python3.10/dist-packages:${PYTHONPATH} /usr/bin/python3 -W ignore:setup.py install is deprecated setup.py egg_info --egg-base ../build/cat build --build-base /home/takumi/souzoukougaku14/src/build/cat/build install --record /home/takumi/souzoukougaku14/src/build/cat/install.log --single-version-externally-managed install_data
